{Mon 01:03:49 Step:2} Server_Comm.py: The agent lost 1 packet! Is syncmode enabled?
{Mon 01:03:49 Step:2} Server_Comm.py: Received a new packet while on world.update()!
{Mon 01:03:49 Step:13} Server_Comm.py: The agent lost 10 consecutive packets! Is syncmode disabled?
{Mon 01:03:49 Step:13} Server_Comm.py: Received a new packet while on world.update()!
{Mon 01:03:49 Step:18} Server_Comm.py: The agent lost 4 consecutive packets! Is syncmode disabled?
{Mon 01:03:49 Step:30} Server_Comm.py: The agent lost 7 consecutive packets! Is syncmode disabled?
{Mon 01:03:49 Step:32} Server_Comm.py: The agent lost 1 packet! Is syncmode enabled?
{Mon 01:03:49 Step:34} Server_Comm.py: The agent lost 1 packet! Is syncmode enabled?
{Mon 01:03:49 Step:37} Server_Comm.py: The agent lost 1 packet! Is syncmode enabled?
{Mon 01:03:49 Step:39} Server_Comm.py: The agent lost 1 packet! Is syncmode enabled?
{Mon 01:03:49 Step:39} Server_Comm.py: Received a new packet while thinking!
{Mon 01:03:49 Step:86} Server_Comm.py: The agent lost 46 consecutive packets! Is syncmode disabled?
{Mon 01:03:49 Step:99} Server_Comm.py: The agent lost 12 consecutive packets! Is syncmode disabled?
{Mon 01:03:49 Step:104} Server_Comm.py: The agent lost 4 consecutive packets! Is syncmode disabled?
{Mon 01:03:49 Step:107} Server_Comm.py: The agent lost 2 consecutive packets! Is syncmode disabled?
{Mon 01:03:49 Step:109} Server_Comm.py: The agent lost 1 packet! Is syncmode enabled?
{Mon 01:03:49 Step:113} Server_Comm.py: The agent lost 1 packet! Is syncmode enabled?
{Mon 01:03:49 Step:116} Server_Comm.py: The agent lost 2 consecutive packets! Is syncmode disabled?
{Mon 01:03:49 Step:124} Server_Comm.py: The agent lost 6 consecutive packets! Is syncmode disabled?
{Mon 01:03:49 Step:126} Server_Comm.py: The agent lost 1 packet! Is syncmode enabled?
{Mon 01:03:49 Step:128} Server_Comm.py: The agent lost 1 packet! Is syncmode enabled?
{Mon 01:03:49 Step:131} Server_Comm.py: The agent lost 1 packet! Is syncmode enabled?
{Mon 01:03:49 Step:133} Server_Comm.py: The agent lost 1 packet! Is syncmode enabled?
{Mon 01:03:49 Step:139} Server_Comm.py: The agent lost 3 consecutive packets! Is syncmode disabled?
{Mon 01:03:49 Step:142} Server_Comm.py: The agent lost 2 consecutive packets! Is syncmode disabled?
{Mon 01:03:49 Step:144} Server_Comm.py: The agent lost 1 packet! Is syncmode enabled?
{Mon 01:03:49 Step:146} Server_Comm.py: The agent lost 1 packet! Is syncmode enabled?
{Mon 01:03:49 Step:149} Server_Comm.py: The agent lost 1 packet! Is syncmode enabled?
{Mon 01:03:49 Step:152} Server_Comm.py: The agent lost 2 consecutive packets! Is syncmode disabled?
{Mon 01:03:49 Step:155} Server_Comm.py: The agent lost 1 packet! Is syncmode enabled?
{Mon 01:03:49 Step:158} Server_Comm.py: The agent lost 2 consecutive packets! Is syncmode disabled?
{Mon 01:03:49 Step:160} Server_Comm.py: The agent lost 1 packet! Is syncmode enabled?
{Mon 01:03:49 Step:162} Server_Comm.py: The agent lost 1 packet! Is syncmode enabled?
{Mon 01:03:49 Step:167} Server_Comm.py: The agent lost 3 consecutive packets! Is syncmode disabled?
{Mon 01:03:49 Step:171} Server_Comm.py: The agent lost 3 consecutive packets! Is syncmode disabled?
{Mon 01:03:49 Step:174} Server_Comm.py: The agent lost 2 consecutive packets! Is syncmode disabled?
{Mon 01:03:49 Step:176} Server_Comm.py: The agent lost 1 packet! Is syncmode enabled?
{Mon 01:03:49 Step:186} Server_Comm.py: The agent lost 1 packet! Is syncmode enabled?
{Mon 01:03:49 Step:188} Server_Comm.py: The agent lost 1 packet! Is syncmode enabled?
{Mon 01:03:49 Step:246} Server_Comm.py: The agent lost 2 consecutive packets! Is syncmode disabled?
{Mon 01:03:49 Step:248} Server_Comm.py: The agent lost 1 packet! Is syncmode enabled?
{Mon 01:03:49 Step:256} Server_Comm.py: The agent lost 6 consecutive packets! Is syncmode disabled?
{Mon 01:03:49 Step:259} Server_Comm.py: The agent lost 2 consecutive packets! Is syncmode disabled?
{Mon 01:03:49 Step:261} Server_Comm.py: The agent lost 1 packet! Is syncmode enabled?
{Mon 01:03:49 Step:264} Server_Comm.py: The agent lost 2 consecutive packets! Is syncmode disabled?
{Mon 01:03:49 Step:266} Server_Comm.py: The agent lost 1 packet! Is syncmode enabled?
{Mon 01:03:49 Step:268} Server_Comm.py: The agent lost 1 packet! Is syncmode enabled?
{Mon 01:03:49 Step:272} Server_Comm.py: The agent lost 2 consecutive packets! Is syncmode disabled?
{Mon 01:03:49 Step:275} Server_Comm.py: The agent lost 1 packet! Is syncmode enabled?
{Mon 01:03:49 Step:277} Server_Comm.py: The agent lost 1 packet! Is syncmode enabled?
{Mon 01:03:49 Step:280} Server_Comm.py: The agent lost 2 consecutive packets! Is syncmode disabled?
{Mon 01:03:49 Step:283} Server_Comm.py: The agent lost 1 packet! Is syncmode enabled?
{Mon 01:03:49 Step:286} Server_Comm.py: The agent lost 2 consecutive packets! Is syncmode disabled?
{Mon 01:03:49 Step:288} Server_Comm.py: The agent lost 1 packet! Is syncmode enabled?
{Mon 01:03:49 Step:291} Server_Comm.py: The agent lost 1 packet! Is syncmode enabled?
{Mon 01:03:49 Step:293} Server_Comm.py: The agent lost 1 packet! Is syncmode enabled?
{Mon 01:03:49 Step:295} Server_Comm.py: The agent lost 1 packet! Is syncmode enabled?
{Mon 01:03:49 Step:298} Server_Comm.py: The agent lost 2 consecutive packets! Is syncmode disabled?
{Mon 01:03:49 Step:301} Server_Comm.py: The agent lost 1 packet! Is syncmode enabled?
{Mon 01:03:49 Step:315} Server_Comm.py: The agent lost 1 packet! Is syncmode enabled?
{Mon 01:03:49 Step:338} Server_Comm.py: The agent lost 1 packet! Is syncmode enabled?
{Mon 01:03:49 Step:372} Server_Comm.py: The agent lost 2 consecutive packets! Is syncmode disabled?
{Mon 01:03:49 Step:379} Server_Comm.py: The agent lost 5 consecutive packets! Is syncmode disabled?
{Mon 01:03:49 Step:382} Server_Comm.py: The agent lost 2 consecutive packets! Is syncmode disabled?
{Mon 01:03:49 Step:384} Server_Comm.py: The agent lost 1 packet! Is syncmode enabled?
{Mon 01:03:49 Step:388} Server_Comm.py: The agent lost 2 consecutive packets! Is syncmode disabled?
{Mon 01:03:49 Step:390} Server_Comm.py: The agent lost 1 packet! Is syncmode enabled?
{Mon 01:03:49 Step:393} Server_Comm.py: The agent lost 1 packet! Is syncmode enabled?
{Mon 01:03:49 Step:396} Server_Comm.py: The agent lost 2 consecutive packets! Is syncmode disabled?
{Mon 01:03:49 Step:400} Server_Comm.py: The agent lost 2 consecutive packets! Is syncmode disabled?
{Mon 01:03:49 Step:404} Server_Comm.py: The agent lost 2 consecutive packets! Is syncmode disabled?
{Mon 01:03:49 Step:407} Server_Comm.py: The agent lost 1 packet! Is syncmode enabled?
{Mon 01:03:49 Step:410} Server_Comm.py: The agent lost 2 consecutive packets! Is syncmode disabled?
{Mon 01:03:49 Step:413} Server_Comm.py: The agent lost 1 packet! Is syncmode enabled?
{Mon 01:03:49 Step:415} Server_Comm.py: The agent lost 1 packet! Is syncmode enabled?
{Mon 01:03:49 Step:417} Server_Comm.py: The agent lost 1 packet! Is syncmode enabled?
{Mon 01:03:49 Step:420} Server_Comm.py: The agent lost 2 consecutive packets! Is syncmode disabled?
{Mon 01:03:49 Step:422} Server_Comm.py: The agent lost 1 packet! Is syncmode enabled?
{Mon 01:03:49 Step:426} Server_Comm.py: The agent lost 2 consecutive packets! Is syncmode disabled?
{Mon 01:03:49 Step:429} Server_Comm.py: The agent lost 1 packet! Is syncmode enabled?
{Mon 01:03:49 Step:433} Server_Comm.py: The agent lost 3 consecutive packets! Is syncmode disabled?
{Mon 01:03:49 Step:437} Server_Comm.py: The agent lost 3 consecutive packets! Is syncmode disabled?
{Mon 01:03:49 Step:458} Server_Comm.py: The agent lost 1 packet! Is syncmode enabled?
{Mon 01:03:49 Step:474} Server_Comm.py: The agent lost 1 packet! Is syncmode enabled?
{Mon 01:03:49 Step:478} Server_Comm.py: The agent lost 3 consecutive packets! Is syncmode disabled?
{Mon 01:03:49 Step:481} Server_Comm.py: The agent lost 2 consecutive packets! Is syncmode disabled?
{Mon 01:03:49 Step:483} Server_Comm.py: The agent lost 1 packet! Is syncmode enabled?
{Mon 01:03:49 Step:486} Server_Comm.py: The agent lost 1 packet! Is syncmode enabled?
{Mon 01:03:49 Step:488} Server_Comm.py: The agent lost 1 packet! Is syncmode enabled?
{Mon 01:03:49 Step:490} Server_Comm.py: The agent lost 1 packet! Is syncmode enabled?
{Mon 01:03:49 Step:493} Server_Comm.py: The agent lost 2 consecutive packets! Is syncmode disabled?
{Mon 01:03:49 Step:496} Server_Comm.py: The agent lost 2 consecutive packets! Is syncmode disabled?
{Mon 01:03:49 Step:499} Server_Comm.py: The agent lost 2 consecutive packets! Is syncmode disabled?
{Mon 01:03:49 Step:502} Server_Comm.py: The agent lost 2 consecutive packets! Is syncmode disabled?
{Mon 01:03:49 Step:504} Server_Comm.py: The agent lost 1 packet! Is syncmode enabled?
{Mon 01:03:49 Step:506} Server_Comm.py: The agent lost 1 packet! Is syncmode enabled?
{Mon 01:03:49 Step:508} Server_Comm.py: The agent lost 1 packet! Is syncmode enabled?
{Mon 01:03:49 Step:510} Server_Comm.py: The agent lost 1 packet! Is syncmode enabled?
{Mon 01:03:49 Step:512} Server_Comm.py: The agent lost 1 packet! Is syncmode enabled?
{Mon 01:03:49 Step:514} Server_Comm.py: The agent lost 1 packet! Is syncmode enabled?
{Mon 01:03:49 Step:517} Server_Comm.py: The agent lost 2 consecutive packets! Is syncmode disabled?
{Mon 01:03:49 Step:519} Server_Comm.py: The agent lost 1 packet! Is syncmode enabled?
{Mon 01:03:49 Step:522} Server_Comm.py: The agent lost 2 consecutive packets! Is syncmode disabled?
{Mon 01:03:49 Step:525} Server_Comm.py: The agent lost 2 consecutive packets! Is syncmode disabled?
{Mon 01:03:49 Step:527} Server_Comm.py: The agent lost 1 packet! Is syncmode enabled?
{Mon 01:03:49 Step:530} Server_Comm.py: The agent lost 2 consecutive packets! Is syncmode disabled?
{Mon 01:03:49 Step:533} Server_Comm.py: The agent lost 1 packet! Is syncmode enabled?
{Mon 01:03:49 Step:537} Server_Comm.py: The agent lost 3 consecutive packets! Is syncmode disabled?
{Mon 01:03:49 Step:544} Server_Comm.py: The agent lost 6 consecutive packets! Is syncmode disabled?
{Mon 01:03:49 Step:549} Server_Comm.py: The agent lost 4 consecutive packets! Is syncmode disabled?
{Mon 01:03:49 Step:555} Server_Comm.py: The agent lost 5 consecutive packets! Is syncmode disabled?
{Mon 01:03:49 Step:570} Server_Comm.py: The agent lost 14 consecutive packets! Is syncmode disabled?
{Mon 01:03:49 Step:573} Server_Comm.py: The agent lost 2 consecutive packets! Is syncmode disabled?
{Mon 01:03:49 Step:576} Server_Comm.py: The agent lost 2 consecutive packets! Is syncmode disabled?
{Mon 01:03:49 Step:579} Server_Comm.py: The agent lost 1 packet! Is syncmode enabled?
{Mon 01:03:49 Step:582} Server_Comm.py: The agent lost 2 consecutive packets! Is syncmode disabled?
{Mon 01:03:49 Step:586} Server_Comm.py: The agent lost 2 consecutive packets! Is syncmode disabled?
{Mon 01:03:49 Step:588} Server_Comm.py: The agent lost 1 packet! Is syncmode enabled?
{Mon 01:03:49 Step:591} Server_Comm.py: The agent lost 1 packet! Is syncmode enabled?
{Mon 01:03:49 Step:594} Server_Comm.py: The agent lost 2 consecutive packets! Is syncmode disabled?
{Mon 01:03:49 Step:598} Server_Comm.py: The agent lost 2 consecutive packets! Is syncmode disabled?
{Mon 01:03:49 Step:602} Server_Comm.py: The agent lost 2 consecutive packets! Is syncmode disabled?
{Mon 01:03:49 Step:604} Server_Comm.py: The agent lost 1 packet! Is syncmode enabled?
{Mon 01:03:49 Step:608} Server_Comm.py: The agent lost 2 consecutive packets! Is syncmode disabled?
{Mon 01:03:49 Step:612} Server_Comm.py: The agent lost 3 consecutive packets! Is syncmode disabled?
{Mon 01:03:49 Step:616} Server_Comm.py: The agent lost 3 consecutive packets! Is syncmode disabled?
{Mon 01:03:49 Step:618} Server_Comm.py: The agent lost 1 packet! Is syncmode enabled?
{Mon 01:03:49 Step:621} Server_Comm.py: The agent lost 1 packet! Is syncmode enabled?
{Mon 01:03:49 Step:624} Server_Comm.py: The agent lost 2 consecutive packets! Is syncmode disabled?
{Mon 01:03:49 Step:627} Server_Comm.py: The agent lost 1 packet! Is syncmode enabled?
{Mon 01:03:49 Step:629} Server_Comm.py: The agent lost 1 packet! Is syncmode enabled?
{Mon 01:03:49 Step:631} Server_Comm.py: The agent lost 1 packet! Is syncmode enabled?
{Mon 01:03:49 Step:635} Server_Comm.py: The agent lost 1 packet! Is syncmode enabled?
{Mon 01:03:49 Step:638} Server_Comm.py: The agent lost 2 consecutive packets! Is syncmode disabled?
{Mon 01:03:49 Step:640} Server_Comm.py: The agent lost 1 packet! Is syncmode enabled?
{Mon 01:03:49 Step:643} Server_Comm.py: The agent lost 1 packet! Is syncmode enabled?
{Mon 01:03:49 Step:645} Server_Comm.py: The agent lost 1 packet! Is syncmode enabled?
{Mon 01:03:49 Step:649} Server_Comm.py: The agent lost 3 consecutive packets! Is syncmode disabled?
{Mon 01:03:49 Step:651} Server_Comm.py: The agent lost 1 packet! Is syncmode enabled?
{Mon 01:03:49 Step:653} Server_Comm.py: The agent lost 1 packet! Is syncmode enabled?
{Mon 01:03:49 Step:656} Server_Comm.py: The agent lost 2 consecutive packets! Is syncmode disabled?
{Mon 01:03:49 Step:660} Server_Comm.py: The agent lost 2 consecutive packets! Is syncmode disabled?
{Mon 01:03:49 Step:664} Server_Comm.py: The agent lost 2 consecutive packets! Is syncmode disabled?
{Mon 01:03:49 Step:668} Server_Comm.py: The agent lost 2 consecutive packets! Is syncmode disabled?
{Mon 01:03:49 Step:672} Server_Comm.py: The agent lost 2 consecutive packets! Is syncmode disabled?
{Mon 01:03:49 Step:675} Server_Comm.py: The agent lost 1 packet! Is syncmode enabled?
{Mon 01:03:49 Step:678} Server_Comm.py: The agent lost 2 consecutive packets! Is syncmode disabled?
{Mon 01:03:49 Step:681} Server_Comm.py: The agent lost 1 packet! Is syncmode enabled?
{Mon 01:03:49 Step:700} Server_Comm.py: The agent lost 1 packet! Is syncmode enabled?
{Mon 01:03:49 Step:712} Server_Comm.py: The agent lost 1 packet! Is syncmode enabled?
{Mon 01:03:49 Step:714} Server_Comm.py: The agent lost 1 packet! Is syncmode enabled?
{Mon 01:03:49 Step:716} Server_Comm.py: The agent lost 1 packet! Is syncmode enabled?
{Mon 01:03:49 Step:720} Server_Comm.py: The agent lost 2 consecutive packets! Is syncmode disabled?
{Mon 01:03:49 Step:724} Server_Comm.py: The agent lost 2 consecutive packets! Is syncmode disabled?
{Mon 01:03:49 Step:731} Server_Comm.py: The agent lost 5 consecutive packets! Is syncmode disabled?
{Mon 01:03:49 Step:734} Server_Comm.py: The agent lost 2 consecutive packets! Is syncmode disabled?
{Mon 01:03:49 Step:737} Server_Comm.py: The agent lost 1 packet! Is syncmode enabled?
{Mon 01:03:49 Step:739} Server_Comm.py: The agent lost 1 packet! Is syncmode enabled?
{Mon 01:03:49 Step:741} Server_Comm.py: The agent lost 1 packet! Is syncmode enabled?
{Mon 01:03:49 Step:743} Server_Comm.py: The agent lost 1 packet! Is syncmode enabled?
{Mon 01:03:49 Step:745} Server_Comm.py: The agent lost 1 packet! Is syncmode enabled?
{Mon 01:03:49 Step:747} Server_Comm.py: The agent lost 1 packet! Is syncmode enabled?
{Mon 01:03:49 Step:749} Server_Comm.py: The agent lost 1 packet! Is syncmode enabled?
{Mon 01:03:49 Step:752} Server_Comm.py: The agent lost 2 consecutive packets! Is syncmode disabled?
{Mon 01:03:49 Step:756} Server_Comm.py: The agent lost 2 consecutive packets! Is syncmode disabled?
{Mon 01:03:49 Step:761} Server_Comm.py: The agent lost 1 packet! Is syncmode enabled?
{Mon 01:03:49 Step:764} Server_Comm.py: The agent lost 2 consecutive packets! Is syncmode disabled?
{Mon 01:03:49 Step:766} Server_Comm.py: The agent lost 1 packet! Is syncmode enabled?
{Mon 01:03:49 Step:770} Server_Comm.py: The agent lost 2 consecutive packets! Is syncmode disabled?
{Mon 01:03:49 Step:772} Server_Comm.py: The agent lost 1 packet! Is syncmode enabled?
{Mon 01:03:49 Step:777} Server_Comm.py: The agent lost 3 consecutive packets! Is syncmode disabled?
{Mon 01:03:49 Step:782} Server_Comm.py: The agent lost 4 consecutive packets! Is syncmode disabled?
{Mon 01:03:49 Step:784} Server_Comm.py: The agent lost 1 packet! Is syncmode enabled?
{Mon 01:03:49 Step:786} Server_Comm.py: The agent lost 1 packet! Is syncmode enabled?
{Mon 01:03:49 Step:790} Server_Comm.py: The agent lost 2 consecutive packets! Is syncmode disabled?
{Mon 01:03:49 Step:792} Server_Comm.py: The agent lost 1 packet! Is syncmode enabled?
{Mon 01:03:49 Step:796} Server_Comm.py: The agent lost 2 consecutive packets! Is syncmode disabled?
{Mon 01:03:49 Step:800} Server_Comm.py: The agent lost 2 consecutive packets! Is syncmode disabled?
{Mon 01:03:49 Step:802} Server_Comm.py: The agent lost 1 packet! Is syncmode enabled?
{Mon 01:03:49 Step:804} Server_Comm.py: The agent lost 1 packet! Is syncmode enabled?
{Mon 01:03:49 Step:808} Server_Comm.py: The agent lost 2 consecutive packets! Is syncmode disabled?
{Mon 01:03:49 Step:810} Server_Comm.py: The agent lost 1 packet! Is syncmode enabled?
{Mon 01:03:49 Step:812} Server_Comm.py: The agent lost 1 packet! Is syncmode enabled?
{Mon 01:03:49 Step:846} Server_Comm.py: The agent lost 1 packet! Is syncmode enabled?
{Mon 01:03:49 Step:848} Server_Comm.py: The agent lost 1 packet! Is syncmode enabled?
{Mon 01:03:49 Step:852} Server_Comm.py: The agent lost 2 consecutive packets! Is syncmode disabled?
{Mon 01:03:49 Step:855} Server_Comm.py: The agent lost 2 consecutive packets! Is syncmode disabled?
{Mon 01:03:49 Step:858} Server_Comm.py: The agent lost 2 consecutive packets! Is syncmode disabled?
{Mon 01:03:49 Step:860} Server_Comm.py: The agent lost 1 packet! Is syncmode enabled?
{Mon 01:03:49 Step:862} Server_Comm.py: The agent lost 1 packet! Is syncmode enabled?
{Mon 01:03:49 Step:867} Server_Comm.py: The agent lost 1 packet! Is syncmode enabled?
{Mon 01:03:49 Step:870} Server_Comm.py: The agent lost 2 consecutive packets! Is syncmode disabled?
{Mon 01:03:49 Step:873} Server_Comm.py: The agent lost 2 consecutive packets! Is syncmode disabled?
{Mon 01:03:49 Step:876} Server_Comm.py: The agent lost 2 consecutive packets! Is syncmode disabled?
{Mon 01:03:49 Step:879} Server_Comm.py: The agent lost 2 consecutive packets! Is syncmode disabled?
{Mon 01:03:49 Step:882} Server_Comm.py: The agent lost 2 consecutive packets! Is syncmode disabled?
{Mon 01:03:49 Step:885} Server_Comm.py: The agent lost 2 consecutive packets! Is syncmode disabled?
{Mon 01:03:50 Step:892} Server_Comm.py: The agent lost 6 consecutive packets! Is syncmode disabled?
{Mon 01:03:50 Step:897} Server_Comm.py: The agent lost 4 consecutive packets! Is syncmode disabled?
{Mon 01:03:50 Step:912} Server_Comm.py: The agent lost 14 consecutive packets! Is syncmode disabled?
{Mon 01:03:50 Step:916} Server_Comm.py: The agent lost 3 consecutive packets! Is syncmode disabled?
{Mon 01:03:50 Step:919} Server_Comm.py: The agent lost 1 packet! Is syncmode enabled?
{Mon 01:03:50 Step:921} Server_Comm.py: The agent lost 1 packet! Is syncmode enabled?
{Mon 01:03:50 Step:924} Server_Comm.py: The agent lost 2 consecutive packets! Is syncmode disabled?
{Mon 01:03:50 Step:927} Server_Comm.py: The agent lost 2 consecutive packets! Is syncmode disabled?
{Mon 01:03:50 Step:933} Server_Comm.py: The agent lost 5 consecutive packets! Is syncmode disabled?
{Mon 01:03:50 Step:938} Server_Comm.py: The agent lost 4 consecutive packets! Is syncmode disabled?
{Mon 01:03:50 Step:940} Server_Comm.py: The agent lost 1 packet! Is syncmode enabled?
{Mon 01:03:50 Step:944} Server_Comm.py: The agent lost 1 packet! Is syncmode enabled?
{Mon 01:03:50 Step:946} Server_Comm.py: The agent lost 1 packet! Is syncmode enabled?
{Mon 01:03:50 Step:950} Server_Comm.py: The agent lost 2 consecutive packets! Is syncmode disabled?
{Mon 01:03:50 Step:952} Server_Comm.py: The agent lost 1 packet! Is syncmode enabled?
{Mon 01:03:50 Step:956} Server_Comm.py: The agent lost 2 consecutive packets! Is syncmode disabled?
{Mon 01:03:50 Step:959} Server_Comm.py: The agent lost 2 consecutive packets! Is syncmode disabled?
{Mon 01:03:50 Step:962} Server_Comm.py: The agent lost 2 consecutive packets! Is syncmode disabled?
{Mon 01:03:50 Step:964} Server_Comm.py: The agent lost 1 packet! Is syncmode enabled?
{Mon 01:03:50 Step:966} Server_Comm.py: The agent lost 1 packet! Is syncmode enabled?
{Mon 01:03:50 Step:993} Server_Comm.py: The agent lost 1 packet! Is syncmode enabled?
{Mon 01:03:50 Step:1009} Server_Comm.py: The agent lost 1 packet! Is syncmode enabled?
{Mon 01:03:50 Step:1022} Server_Comm.py: The agent lost 2 consecutive packets! Is syncmode disabled?
{Mon 01:03:50 Step:1024} Server_Comm.py: The agent lost 1 packet! Is syncmode enabled?
{Mon 01:03:50 Step:1027} Server_Comm.py: The agent lost 2 consecutive packets! Is syncmode disabled?
{Mon 01:03:50 Step:1029} Server_Comm.py: The agent lost 1 packet! Is syncmode enabled?
{Mon 01:03:50 Step:1031} Server_Comm.py: The agent lost 1 packet! Is syncmode enabled?
{Mon 01:03:50 Step:1034} Server_Comm.py: The agent lost 2 consecutive packets! Is syncmode disabled?
{Mon 01:03:50 Step:1036} Server_Comm.py: The agent lost 1 packet! Is syncmode enabled?
{Mon 01:03:50 Step:1038} Server_Comm.py: The agent lost 1 packet! Is syncmode enabled?
{Mon 01:03:50 Step:1041} Server_Comm.py: The agent lost 2 consecutive packets! Is syncmode disabled?
{Mon 01:03:50 Step:1043} Server_Comm.py: The agent lost 1 packet! Is syncmode enabled?
{Mon 01:03:50 Step:1045} Server_Comm.py: The agent lost 1 packet! Is syncmode enabled?
{Mon 01:03:50 Step:1049} Server_Comm.py: The agent lost 3 consecutive packets! Is syncmode disabled?
{Mon 01:03:50 Step:1054} Server_Comm.py: The agent lost 4 consecutive packets! Is syncmode disabled?
{Mon 01:03:50 Step:1058} Server_Comm.py: The agent lost 3 consecutive packets! Is syncmode disabled?
{Mon 01:03:50 Step:1061} Server_Comm.py: The agent lost 2 consecutive packets! Is syncmode disabled?
{Mon 01:03:50 Step:1061} Server_Comm.py: Received a new packet while thinking!
{Mon 01:03:50 Step:1106} Server_Comm.py: The agent lost 44 consecutive packets! Is syncmode disabled?
{Mon 01:03:50 Step:1135} Server_Comm.py: The agent lost 28 consecutive packets! Is syncmode disabled?
{Mon 01:03:50 Step:1144} Server_Comm.py: The agent lost 8 consecutive packets! Is syncmode disabled?
{Mon 01:03:50 Step:1147} Server_Comm.py: The agent lost 2 consecutive packets! Is syncmode disabled?
{Mon 01:03:50 Step:1150} Server_Comm.py: The agent lost 2 consecutive packets! Is syncmode disabled?
{Mon 01:03:50 Step:1152} Server_Comm.py: The agent lost 1 packet! Is syncmode enabled?
{Mon 01:03:50 Step:1154} Server_Comm.py: The agent lost 1 packet! Is syncmode enabled?
{Mon 01:03:50 Step:1157} Server_Comm.py: The agent lost 1 packet! Is syncmode enabled?
{Mon 01:03:50 Step:1159} Server_Comm.py: The agent lost 1 packet! Is syncmode enabled?
{Mon 01:03:50 Step:1162} Server_Comm.py: The agent lost 2 consecutive packets! Is syncmode disabled?
{Mon 01:03:50 Step:1164} Server_Comm.py: The agent lost 1 packet! Is syncmode enabled?
{Mon 01:03:50 Step:1167} Server_Comm.py: The agent lost 1 packet! Is syncmode enabled?
{Mon 01:03:50 Step:1169} Server_Comm.py: The agent lost 1 packet! Is syncmode enabled?
{Mon 01:03:50 Step:1172} Server_Comm.py: The agent lost 2 consecutive packets! Is syncmode disabled?
{Mon 01:03:50 Step:1175} Server_Comm.py: The agent lost 1 packet! Is syncmode enabled?
{Mon 01:03:50 Step:1177} Server_Comm.py: The agent lost 1 packet! Is syncmode enabled?
{Mon 01:03:50 Step:1180} Server_Comm.py: The agent lost 2 consecutive packets! Is syncmode disabled?
{Mon 01:03:50 Step:1185} Server_Comm.py: The agent lost 1 packet! Is syncmode enabled?
{Mon 01:03:50 Step:1187} Server_Comm.py: The agent lost 1 packet! Is syncmode enabled?
{Mon 01:03:50 Step:1191} Server_Comm.py: The agent lost 1 packet! Is syncmode enabled?
{Mon 01:03:50 Step:1194} Server_Comm.py: The agent lost 1 packet! Is syncmode enabled?
{Mon 01:03:50 Step:1196} Server_Comm.py: The agent lost 1 packet! Is syncmode enabled?
{Mon 01:03:50 Step:1198} Server_Comm.py: The agent lost 1 packet! Is syncmode enabled?
{Mon 01:03:50 Step:1203} Server_Comm.py: The agent lost 3 consecutive packets! Is syncmode disabled?
{Mon 01:03:50 Step:1206} Server_Comm.py: The agent lost 1 packet! Is syncmode enabled?
{Mon 01:03:50 Step:1222} Server_Comm.py: The agent lost 1 packet! Is syncmode enabled?
{Mon 01:03:50 Step:1225} Server_Comm.py: The agent lost 2 consecutive packets! Is syncmode disabled?
{Mon 01:03:50 Step:1228} Server_Comm.py: The agent lost 1 packet! Is syncmode enabled?
{Mon 01:03:50 Step:1242} Server_Comm.py: The agent lost 1 packet! Is syncmode enabled?
{Mon 01:03:50 Step:1256} Server_Comm.py: The agent lost 1 packet! Is syncmode enabled?
{Mon 01:03:50 Step:1265} Server_Comm.py: The agent lost 1 packet! Is syncmode enabled?
{Mon 01:03:50 Step:1269} Server_Comm.py: The agent lost 3 consecutive packets! Is syncmode disabled?
{Mon 01:03:50 Step:1284} Server_Comm.py: The agent lost 14 consecutive packets! Is syncmode disabled?
{Mon 01:03:50 Step:1295} Server_Comm.py: The agent lost 10 consecutive packets! Is syncmode disabled?
{Mon 01:03:50 Step:1305} Server_Comm.py: The agent lost 9 consecutive packets! Is syncmode disabled?
{Mon 01:03:50 Step:1310} Server_Comm.py: The agent lost 4 consecutive packets! Is syncmode disabled?
{Mon 01:03:50 Step:1312} Server_Comm.py: The agent lost 1 packet! Is syncmode enabled?
{Mon 01:03:50 Step:1314} Server_Comm.py: The agent lost 1 packet! Is syncmode enabled?
{Mon 01:03:50 Step:1316} Server_Comm.py: The agent lost 1 packet! Is syncmode enabled?
{Mon 01:03:50 Step:1319} Server_Comm.py: The agent lost 1 packet! Is syncmode enabled?
{Mon 01:03:50 Step:1322} Server_Comm.py: The agent lost 2 consecutive packets! Is syncmode disabled?
{Mon 01:03:50 Step:1322} Server_Comm.py: Received a new packet while thinking!
{Mon 01:03:50 Step:1443} Server_Comm.py: The agent lost 120 consecutive packets! Is syncmode disabled?
{Mon 01:03:50 Step:1443} Server_Comm.py: Received a new packet while on world.update()!
{Mon 01:03:50 Step:1444} Server_Comm.py: Received a new packet while on world.update()!
{Mon 01:03:50 Step:1445} Server_Comm.py: Received a new packet while on world.update()!
{Mon 01:03:50 Step:1479} Server_Comm.py: The agent lost 31 consecutive packets! Is syncmode disabled?
{Mon 01:03:50 Step:1487} Server_Comm.py: The agent lost 7 consecutive packets! Is syncmode disabled?
{Mon 01:03:50 Step:1491} Server_Comm.py: The agent lost 3 consecutive packets! Is syncmode disabled?
{Mon 01:03:50 Step:1494} Server_Comm.py: The agent lost 2 consecutive packets! Is syncmode disabled?
{Mon 01:03:50 Step:1496} Server_Comm.py: The agent lost 1 packet! Is syncmode enabled?
{Mon 01:03:50 Step:1498} Server_Comm.py: The agent lost 1 packet! Is syncmode enabled?
{Mon 01:03:50 Step:1502} Server_Comm.py: The agent lost 2 consecutive packets! Is syncmode disabled?
{Mon 01:03:50 Step:1506} Server_Comm.py: The agent lost 2 consecutive packets! Is syncmode disabled?
{Mon 01:03:50 Step:1510} Server_Comm.py: The agent lost 2 consecutive packets! Is syncmode disabled?
{Mon 01:03:50 Step:1513} Server_Comm.py: The agent lost 1 packet! Is syncmode enabled?
{Mon 01:03:50 Step:1515} Server_Comm.py: The agent lost 1 packet! Is syncmode enabled?
{Mon 01:03:50 Step:1557} Server_Comm.py: The agent lost 1 packet! Is syncmode enabled?
{Mon 01:03:50 Step:1560} Server_Comm.py: The agent lost 2 consecutive packets! Is syncmode disabled?
{Mon 01:03:50 Step:1565} Server_Comm.py: The agent lost 1 packet! Is syncmode enabled?
{Mon 01:03:50 Step:1568} Server_Comm.py: The agent lost 2 consecutive packets! Is syncmode disabled?
{Mon 01:03:50 Step:1570} Server_Comm.py: The agent lost 1 packet! Is syncmode enabled?
{Mon 01:03:50 Step:1574} Server_Comm.py: The agent lost 3 consecutive packets! Is syncmode disabled?
{Mon 01:03:50 Step:1576} Server_Comm.py: The agent lost 1 packet! Is syncmode enabled?
{Mon 01:03:50 Step:1579} Server_Comm.py: The agent lost 2 consecutive packets! Is syncmode disabled?
{Mon 01:03:50 Step:1582} Server_Comm.py: The agent lost 2 consecutive packets! Is syncmode disabled?
{Mon 01:03:50 Step:1584} Server_Comm.py: The agent lost 1 packet! Is syncmode enabled?
{Mon 01:03:50 Step:1586} Server_Comm.py: The agent lost 1 packet! Is syncmode enabled?
{Mon 01:03:50 Step:1588} Server_Comm.py: The agent lost 1 packet! Is syncmode enabled?
{Mon 01:03:50 Step:1590} Server_Comm.py: The agent lost 1 packet! Is syncmode enabled?
{Mon 01:03:50 Step:1593} Server_Comm.py: The agent lost 1 packet! Is syncmode enabled?
{Mon 01:03:50 Step:1595} Server_Comm.py: The agent lost 1 packet! Is syncmode enabled?
{Mon 01:03:50 Step:1597} Server_Comm.py: The agent lost 1 packet! Is syncmode enabled?
{Mon 01:03:50 Step:1600} Server_Comm.py: The agent lost 2 consecutive packets! Is syncmode disabled?
{Mon 01:03:50 Step:1602} Server_Comm.py: The agent lost 1 packet! Is syncmode enabled?
{Mon 01:03:50 Step:1604} Server_Comm.py: The agent lost 1 packet! Is syncmode enabled?
{Mon 01:03:50 Step:1606} Server_Comm.py: The agent lost 1 packet! Is syncmode enabled?
{Mon 01:03:50 Step:1609} Server_Comm.py: The agent lost 2 consecutive packets! Is syncmode disabled?
{Mon 01:03:50 Step:1612} Server_Comm.py: The agent lost 2 consecutive packets! Is syncmode disabled?
{Mon 01:03:50 Step:1615} Server_Comm.py: The agent lost 2 consecutive packets! Is syncmode disabled?
{Mon 01:03:50 Step:1618} Server_Comm.py: The agent lost 2 consecutive packets! Is syncmode disabled?
{Mon 01:03:50 Step:1621} Server_Comm.py: The agent lost 2 consecutive packets! Is syncmode disabled?
{Mon 01:03:50 Step:1624} Server_Comm.py: The agent lost 2 consecutive packets! Is syncmode disabled?
{Mon 01:03:50 Step:1627} Server_Comm.py: The agent lost 2 consecutive packets! Is syncmode disabled?
{Mon 01:03:50 Step:1633} Server_Comm.py: The agent lost 5 consecutive packets! Is syncmode disabled?
{Mon 01:03:50 Step:1639} Server_Comm.py: The agent lost 5 consecutive packets! Is syncmode disabled?
{Mon 01:03:50 Step:1652} Server_Comm.py: The agent lost 12 consecutive packets! Is syncmode disabled?
{Mon 01:03:50 Step:1656} Server_Comm.py: The agent lost 3 consecutive packets! Is syncmode disabled?
{Mon 01:03:50 Step:1658} Server_Comm.py: The agent lost 1 packet! Is syncmode enabled?
{Mon 01:03:50 Step:1661} Server_Comm.py: The agent lost 1 packet! Is syncmode enabled?
{Mon 01:03:50 Step:1663} Server_Comm.py: The agent lost 1 packet! Is syncmode enabled?
{Mon 01:03:50 Step:1665} Server_Comm.py: The agent lost 1 packet! Is syncmode enabled?
{Mon 01:03:50 Step:1667} Server_Comm.py: The agent lost 1 packet! Is syncmode enabled?
{Mon 01:03:50 Step:1670} Server_Comm.py: The agent lost 2 consecutive packets! Is syncmode disabled?
{Mon 01:03:50 Step:1671} Server_Comm.py: Received a new packet while thinking!
{Mon 01:03:50 Step:1855} Server_Comm.py: The agent lost 183 consecutive packets! Is syncmode disabled?
{Mon 01:03:50 Step:1865} Server_Comm.py: The agent lost 9 consecutive packets! Is syncmode disabled?
{Mon 01:03:50 Step:1867} Server_Comm.py: The agent lost 1 packet! Is syncmode enabled?
{Mon 01:03:50 Step:1870} Server_Comm.py: The agent lost 2 consecutive packets! Is syncmode disabled?
{Mon 01:03:50 Step:1879} Server_Comm.py: The agent lost 1 packet! Is syncmode enabled?
{Mon 01:03:50 Step:1881} Server_Comm.py: The agent lost 1 packet! Is syncmode enabled?
{Mon 01:03:50 Step:1883} Server_Comm.py: The agent lost 1 packet! Is syncmode enabled?
{Mon 01:03:50 Step:1906} Server_Comm.py: The agent lost 1 packet! Is syncmode enabled?
{Mon 01:03:50 Step:1913} Server_Comm.py: The agent lost 1 packet! Is syncmode enabled?
{Mon 01:03:50 Step:1915} Server_Comm.py: The agent lost 1 packet! Is syncmode enabled?
{Mon 01:03:50 Step:1918} Server_Comm.py: The agent lost 2 consecutive packets! Is syncmode disabled?
{Mon 01:03:50 Step:1921} Server_Comm.py: The agent lost 1 packet! Is syncmode enabled?
{Mon 01:03:50 Step:1924} Server_Comm.py: The agent lost 2 consecutive packets! Is syncmode disabled?
{Mon 01:03:50 Step:1942} Server_Comm.py: The agent lost 16 consecutive packets! Is syncmode disabled?
{Mon 01:03:50 Step:1948} Server_Comm.py: The agent lost 5 consecutive packets! Is syncmode disabled?
{Mon 01:03:50 Step:1952} Server_Comm.py: The agent lost 2 consecutive packets! Is syncmode disabled?
{Mon 01:03:50 Step:1954} Server_Comm.py: The agent lost 1 packet! Is syncmode enabled?
{Mon 01:03:50 Step:1957} Server_Comm.py: The agent lost 1 packet! Is syncmode enabled?
{Mon 01:03:50 Step:1961} Server_Comm.py: The agent lost 3 consecutive packets! Is syncmode disabled?
{Mon 01:03:50 Step:1965} Server_Comm.py: The agent lost 3 consecutive packets! Is syncmode disabled?
{Mon 01:03:50 Step:1968} Server_Comm.py: The agent lost 2 consecutive packets! Is syncmode disabled?
{Mon 01:03:50 Step:1968} Server_Comm.py: Received a new packet while thinking!
{Mon 01:03:50 Step:2090} Server_Comm.py: The agent lost 121 consecutive packets! Is syncmode disabled?
{Mon 01:03:50 Step:2098} Server_Comm.py: The agent lost 2 consecutive packets! Is syncmode disabled?
{Mon 01:03:50 Step:2101} Server_Comm.py: The agent lost 1 packet! Is syncmode enabled?
{Mon 01:03:50 Step:2104} Server_Comm.py: The agent lost 2 consecutive packets! Is syncmode disabled?
{Mon 01:03:50 Step:2106} Server_Comm.py: The agent lost 1 packet! Is syncmode enabled?
{Mon 01:03:50 Step:2110} Server_Comm.py: The agent lost 2 consecutive packets! Is syncmode disabled?
{Mon 01:03:50 Step:2110} Server_Comm.py: Received a new packet while thinking!
{Mon 01:03:50 Step:2171} Server_Comm.py: The agent lost 60 consecutive packets! Is syncmode disabled?
{Mon 01:03:50 Step:2218} Server_Comm.py: The agent lost 46 consecutive packets! Is syncmode disabled?
{Mon 01:03:50 Step:2227} Server_Comm.py: The agent lost 8 consecutive packets! Is syncmode disabled?
{Mon 01:03:50 Step:2229} Server_Comm.py: The agent lost 1 packet! Is syncmode enabled?
{Mon 01:03:50 Step:2232} Server_Comm.py: The agent lost 1 packet! Is syncmode enabled?
{Mon 01:03:51 Step:2287} Server_Comm.py: The agent lost 1 packet! Is syncmode enabled?
{Mon 01:03:51 Step:2290} Server_Comm.py: The agent lost 2 consecutive packets! Is syncmode disabled?
{Mon 01:03:51 Step:2299} Server_Comm.py: The agent lost 1 packet! Is syncmode enabled?
{Mon 01:03:51 Step:2303} Server_Comm.py: The agent lost 1 packet! Is syncmode enabled?
{Mon 01:03:51 Step:2321} Server_Comm.py: The agent lost 1 packet! Is syncmode enabled?
{Mon 01:03:51 Step:2329} Server_Comm.py: The agent lost 7 consecutive packets! Is syncmode disabled?
{Mon 01:03:51 Step:2332} Server_Comm.py: The agent lost 2 consecutive packets! Is syncmode disabled?
{Mon 01:03:51 Step:2334} Server_Comm.py: The agent lost 1 packet! Is syncmode enabled?
{Mon 01:03:51 Step:2338} Server_Comm.py: The agent lost 2 consecutive packets! Is syncmode disabled?
{Mon 01:03:51 Step:2341} Server_Comm.py: The agent lost 1 packet! Is syncmode enabled?
{Mon 01:03:51 Step:2344} Server_Comm.py: The agent lost 2 consecutive packets! Is syncmode disabled?
{Mon 01:03:51 Step:2346} Server_Comm.py: The agent lost 1 packet! Is syncmode enabled?
{Mon 01:03:51 Step:2348} Server_Comm.py: The agent lost 1 packet! Is syncmode enabled?
{Mon 01:03:51 Step:2351} Server_Comm.py: The agent lost 1 packet! Is syncmode enabled?
{Mon 01:03:51 Step:2354} Server_Comm.py: The agent lost 2 consecutive packets! Is syncmode disabled?
{Mon 01:03:51 Step:2356} Server_Comm.py: The agent lost 1 packet! Is syncmode enabled?
{Mon 01:03:51 Step:2358} Server_Comm.py: The agent lost 1 packet! Is syncmode enabled?
{Mon 01:03:51 Step:2361} Server_Comm.py: The agent lost 1 packet! Is syncmode enabled?
{Mon 01:03:51 Step:2364} Server_Comm.py: The agent lost 2 consecutive packets! Is syncmode disabled?
{Mon 01:03:51 Step:2368} Server_Comm.py: The agent lost 2 consecutive packets! Is syncmode disabled?
{Mon 01:03:51 Step:2372} Server_Comm.py: The agent lost 2 consecutive packets! Is syncmode disabled?
{Mon 01:03:51 Step:2374} Server_Comm.py: The agent lost 1 packet! Is syncmode enabled?
{Mon 01:03:51 Step:2378} Server_Comm.py: The agent lost 2 consecutive packets! Is syncmode disabled?
{Mon 01:03:51 Step:2381} Server_Comm.py: The agent lost 1 packet! Is syncmode enabled?
{Mon 01:03:51 Step:2384} Server_Comm.py: The agent lost 2 consecutive packets! Is syncmode disabled?
{Mon 01:03:51 Step:2386} Server_Comm.py: The agent lost 1 packet! Is syncmode enabled?
{Mon 01:03:51 Step:2389} Server_Comm.py: The agent lost 1 packet! Is syncmode enabled?
{Mon 01:03:51 Step:2392} Server_Comm.py: The agent lost 2 consecutive packets! Is syncmode disabled?
{Mon 01:03:51 Step:2394} Server_Comm.py: The agent lost 1 packet! Is syncmode enabled?
{Mon 01:03:51 Step:2397} Server_Comm.py: The agent lost 1 packet! Is syncmode enabled?
{Mon 01:03:51 Step:2400} Server_Comm.py: The agent lost 2 consecutive packets! Is syncmode disabled?
{Mon 01:03:51 Step:2404} Server_Comm.py: The agent lost 2 consecutive packets! Is syncmode disabled?
{Mon 01:03:51 Step:2408} Server_Comm.py: The agent lost 2 consecutive packets! Is syncmode disabled?
{Mon 01:03:51 Step:2411} Server_Comm.py: The agent lost 2 consecutive packets! Is syncmode disabled?
{Mon 01:03:51 Step:2416} Server_Comm.py: The agent lost 4 consecutive packets! Is syncmode disabled?
{Mon 01:03:51 Step:2418} Server_Comm.py: The agent lost 1 packet! Is syncmode enabled?
{Mon 01:03:51 Step:2441} Server_Comm.py: The agent lost 1 packet! Is syncmode enabled?
{Mon 01:03:51 Step:2461} Server_Comm.py: The agent lost 1 packet! Is syncmode enabled?
{Mon 01:03:51 Step:2469} Server_Comm.py: The agent lost 1 packet! Is syncmode enabled?
{Mon 01:03:51 Step:2472} Server_Comm.py: The agent lost 2 consecutive packets! Is syncmode disabled?
{Mon 01:03:51 Step:2482} Server_Comm.py: The agent lost 9 consecutive packets! Is syncmode disabled?
{Mon 01:03:51 Step:2485} Server_Comm.py: The agent lost 2 consecutive packets! Is syncmode disabled?
{Mon 01:03:51 Step:2488} Server_Comm.py: The agent lost 2 consecutive packets! Is syncmode disabled?
{Mon 01:03:51 Step:2490} Server_Comm.py: The agent lost 1 packet! Is syncmode enabled?
{Mon 01:03:51 Step:2494} Server_Comm.py: The agent lost 2 consecutive packets! Is syncmode disabled?
{Mon 01:03:51 Step:2498} Server_Comm.py: The agent lost 2 consecutive packets! Is syncmode disabled?
{Mon 01:03:51 Step:2504} Server_Comm.py: The agent lost 2 consecutive packets! Is syncmode disabled?
{Mon 01:03:51 Step:2510} Server_Comm.py: The agent lost 1 packet! Is syncmode enabled?
{Mon 01:03:51 Step:2513} Server_Comm.py: The agent lost 1 packet! Is syncmode enabled?
{Mon 01:03:51 Step:2515} Server_Comm.py: The agent lost 1 packet! Is syncmode enabled?
{Mon 01:03:51 Step:2517} Server_Comm.py: The agent lost 1 packet! Is syncmode enabled?
{Mon 01:03:51 Step:2519} Server_Comm.py: The agent lost 1 packet! Is syncmode enabled?
{Mon 01:03:51 Step:2522} Server_Comm.py: The agent lost 2 consecutive packets! Is syncmode disabled?
{Mon 01:03:51 Step:2526} Server_Comm.py: The agent lost 2 consecutive packets! Is syncmode disabled?
{Mon 01:03:51 Step:2529} Server_Comm.py: The agent lost 1 packet! Is syncmode enabled?
{Mon 01:03:51 Step:2532} Server_Comm.py: The agent lost 2 consecutive packets! Is syncmode disabled?
{Mon 01:03:51 Step:2534} Server_Comm.py: The agent lost 1 packet! Is syncmode enabled?
{Mon 01:03:51 Step:2537} Server_Comm.py: The agent lost 1 packet! Is syncmode enabled?
{Mon 01:03:51 Step:2539} Server_Comm.py: The agent lost 1 packet! Is syncmode enabled?
{Mon 01:03:51 Step:2544} Server_Comm.py: The agent lost 2 consecutive packets! Is syncmode disabled?
{Mon 01:03:51 Step:2547} Server_Comm.py: The agent lost 1 packet! Is syncmode enabled?
{Mon 01:03:51 Step:2550} Server_Comm.py: The agent lost 2 consecutive packets! Is syncmode disabled?
{Mon 01:03:51 Step:2553} Server_Comm.py: The agent lost 1 packet! Is syncmode enabled?
{Mon 01:03:51 Step:2556} Server_Comm.py: The agent lost 2 consecutive packets! Is syncmode disabled?
{Mon 01:03:51 Step:2559} Server_Comm.py: The agent lost 1 packet! Is syncmode enabled?
{Mon 01:03:51 Step:2562} Server_Comm.py: The agent lost 2 consecutive packets! Is syncmode disabled?
{Mon 01:03:51 Step:2564} Server_Comm.py: The agent lost 1 packet! Is syncmode enabled?
{Mon 01:03:51 Step:2566} Server_Comm.py: The agent lost 1 packet! Is syncmode enabled?
{Mon 01:03:51 Step:2570} Server_Comm.py: The agent lost 2 consecutive packets! Is syncmode disabled?
{Mon 01:03:51 Step:2572} Server_Comm.py: The agent lost 1 packet! Is syncmode enabled?
{Mon 01:03:51 Step:2575} Server_Comm.py: The agent lost 1 packet! Is syncmode enabled?
{Mon 01:03:51 Step:2577} Server_Comm.py: The agent lost 1 packet! Is syncmode enabled?
{Mon 01:03:51 Step:2579} Server_Comm.py: The agent lost 1 packet! Is syncmode enabled?
{Mon 01:03:51 Step:2581} Server_Comm.py: The agent lost 1 packet! Is syncmode enabled?
{Mon 01:03:51 Step:2584} Server_Comm.py: The agent lost 2 consecutive packets! Is syncmode disabled?
{Mon 01:03:51 Step:2587} Server_Comm.py: The agent lost 1 packet! Is syncmode enabled?
{Mon 01:03:51 Step:2621} Server_Comm.py: The agent lost 1 packet! Is syncmode enabled?
{Mon 01:03:51 Step:2628} Server_Comm.py: The agent lost 6 consecutive packets! Is syncmode disabled?
{Mon 01:03:51 Step:2631} Server_Comm.py: The agent lost 2 consecutive packets! Is syncmode disabled?
{Mon 01:03:51 Step:2635} Server_Comm.py: The agent lost 3 consecutive packets! Is syncmode disabled?
{Mon 01:03:51 Step:2639} Server_Comm.py: The agent lost 3 consecutive packets! Is syncmode disabled?
{Mon 01:03:51 Step:2642} Server_Comm.py: The agent lost 2 consecutive packets! Is syncmode disabled?
{Mon 01:03:51 Step:2646} Server_Comm.py: The agent lost 2 consecutive packets! Is syncmode disabled?
{Mon 01:03:51 Step:2650} Server_Comm.py: The agent lost 2 consecutive packets! Is syncmode disabled?
{Mon 01:03:51 Step:2652} Server_Comm.py: The agent lost 1 packet! Is syncmode enabled?
{Mon 01:03:51 Step:2654} Server_Comm.py: The agent lost 1 packet! Is syncmode enabled?
{Mon 01:03:51 Step:2658} Server_Comm.py: The agent lost 2 consecutive packets! Is syncmode disabled?
{Mon 01:03:51 Step:2662} Server_Comm.py: The agent lost 2 consecutive packets! Is syncmode disabled?
{Mon 01:03:51 Step:2664} Server_Comm.py: The agent lost 1 packet! Is syncmode enabled?
{Mon 01:03:51 Step:2666} Server_Comm.py: The agent lost 1 packet! Is syncmode enabled?
{Mon 01:03:51 Step:2669} Server_Comm.py: The agent lost 1 packet! Is syncmode enabled?
{Mon 01:03:51 Step:2694} Server_Comm.py: The agent lost 1 packet! Is syncmode enabled?
{Mon 01:03:51 Step:2714} Server_Comm.py: The agent lost 1 packet! Is syncmode enabled?
{Mon 01:03:51 Step:2717} Server_Comm.py: The agent lost 1 packet! Is syncmode enabled?
{Mon 01:03:51 Step:2743} Server_Comm.py: The agent lost 1 packet! Is syncmode enabled?
{Mon 01:03:51 Step:2745} Server_Comm.py: The agent lost 1 packet! Is syncmode enabled?
{Mon 01:03:51 Step:2745} Server_Comm.py: Received a new packet while thinking!
{Mon 01:03:51 Step:2793} Server_Comm.py: The agent lost 47 consecutive packets! Is syncmode disabled?
{Mon 01:03:51 Step:2816} Server_Comm.py: The agent lost 22 consecutive packets! Is syncmode disabled?
{Mon 01:03:51 Step:2822} Server_Comm.py: The agent lost 5 consecutive packets! Is syncmode disabled?
{Mon 01:03:51 Step:2825} Server_Comm.py: The agent lost 2 consecutive packets! Is syncmode disabled?
{Mon 01:03:51 Step:2828} Server_Comm.py: The agent lost 2 consecutive packets! Is syncmode disabled?
{Mon 01:03:51 Step:2832} Server_Comm.py: The agent lost 2 consecutive packets! Is syncmode disabled?
{Mon 01:03:51 Step:2834} Server_Comm.py: The agent lost 1 packet! Is syncmode enabled?
{Mon 01:03:51 Step:2837} Server_Comm.py: The agent lost 1 packet! Is syncmode enabled?
{Mon 01:03:51 Step:2841} Server_Comm.py: The agent lost 1 packet! Is syncmode enabled?
{Mon 01:03:51 Step:2844} Server_Comm.py: The agent lost 2 consecutive packets! Is syncmode disabled?
{Mon 01:03:51 Step:2850} Server_Comm.py: The agent lost 2 consecutive packets! Is syncmode disabled?
{Mon 01:03:51 Step:2853} Server_Comm.py: The agent lost 1 packet! Is syncmode enabled?
{Mon 01:03:51 Step:2856} Server_Comm.py: The agent lost 2 consecutive packets! Is syncmode disabled?
{Mon 01:03:51 Step:2859} Server_Comm.py: The agent lost 1 packet! Is syncmode enabled?
{Mon 01:03:51 Step:2861} Server_Comm.py: The agent lost 1 packet! Is syncmode enabled?
{Mon 01:03:51 Step:2864} Server_Comm.py: The agent lost 2 consecutive packets! Is syncmode disabled?
{Mon 01:03:51 Step:2868} Server_Comm.py: The agent lost 2 consecutive packets! Is syncmode disabled?
{Mon 01:03:51 Step:2871} Server_Comm.py: The agent lost 1 packet! Is syncmode enabled?
{Mon 01:03:51 Step:2873} Server_Comm.py: The agent lost 1 packet! Is syncmode enabled?
{Mon 01:03:51 Step:2875} Server_Comm.py: The agent lost 1 packet! Is syncmode enabled?
{Mon 01:03:51 Step:2878} Server_Comm.py: The agent lost 2 consecutive packets! Is syncmode disabled?
{Mon 01:03:51 Step:2882} Server_Comm.py: The agent lost 2 consecutive packets! Is syncmode disabled?
{Mon 01:03:51 Step:2885} Server_Comm.py: The agent lost 1 packet! Is syncmode enabled?
{Mon 01:03:51 Step:2887} Server_Comm.py: The agent lost 1 packet! Is syncmode enabled?
{Mon 01:03:51 Step:2890} Server_Comm.py: The agent lost 2 consecutive packets! Is syncmode disabled?
{Mon 01:03:51 Step:2892} Server_Comm.py: The agent lost 1 packet! Is syncmode enabled?
{Mon 01:03:51 Step:2895} Server_Comm.py: The agent lost 1 packet! Is syncmode enabled?
{Mon 01:03:51 Step:2899} Server_Comm.py: The agent lost 3 consecutive packets! Is syncmode disabled?
{Mon 01:03:51 Step:2902} Server_Comm.py: The agent lost 2 consecutive packets! Is syncmode disabled?
{Mon 01:03:51 Step:2906} Server_Comm.py: The agent lost 2 consecutive packets! Is syncmode disabled?
{Mon 01:03:51 Step:2908} Server_Comm.py: The agent lost 1 packet! Is syncmode enabled?
{Mon 01:03:51 Step:2911} Server_Comm.py: The agent lost 1 packet! Is syncmode enabled?
{Mon 01:03:51 Step:2914} Server_Comm.py: The agent lost 2 consecutive packets! Is syncmode disabled?
{Mon 01:03:51 Step:2917} Server_Comm.py: The agent lost 1 packet! Is syncmode enabled?
{Mon 01:03:51 Step:2919} Server_Comm.py: The agent lost 1 packet! Is syncmode enabled?
{Mon 01:03:51 Step:2922} Server_Comm.py: The agent lost 2 consecutive packets! Is syncmode disabled?
{Mon 01:03:51 Step:2924} Server_Comm.py: The agent lost 1 packet! Is syncmode enabled?
{Mon 01:03:51 Step:2926} Server_Comm.py: The agent lost 1 packet! Is syncmode enabled?
{Mon 01:03:51 Step:2928} Server_Comm.py: The agent lost 1 packet! Is syncmode enabled?
{Mon 01:03:51 Step:2930} Server_Comm.py: The agent lost 1 packet! Is syncmode enabled?
{Mon 01:03:51 Step:2932} Server_Comm.py: The agent lost 1 packet! Is syncmode enabled?
{Mon 01:03:51 Step:2934} Server_Comm.py: The agent lost 1 packet! Is syncmode enabled?
{Mon 01:03:51 Step:2938} Server_Comm.py: The agent lost 2 consecutive packets! Is syncmode disabled?
{Mon 01:03:51 Step:2940} Server_Comm.py: The agent lost 1 packet! Is syncmode enabled?
{Mon 01:03:51 Step:2942} Server_Comm.py: The agent lost 1 packet! Is syncmode enabled?
{Mon 01:03:51 Step:2944} Server_Comm.py: The agent lost 1 packet! Is syncmode enabled?
{Mon 01:03:51 Step:2948} Server_Comm.py: The agent lost 1 packet! Is syncmode enabled?
{Mon 01:03:51 Step:2950} Server_Comm.py: The agent lost 1 packet! Is syncmode enabled?
{Mon 01:03:51 Step:2953} Server_Comm.py: The agent lost 1 packet! Is syncmode enabled?
{Mon 01:03:51 Step:2956} Server_Comm.py: The agent lost 2 consecutive packets! Is syncmode disabled?
{Mon 01:03:51 Step:2958} Server_Comm.py: The agent lost 1 packet! Is syncmode enabled?
{Mon 01:03:51 Step:2960} Server_Comm.py: The agent lost 1 packet! Is syncmode enabled?
{Mon 01:03:51 Step:2964} Server_Comm.py: The agent lost 2 consecutive packets! Is syncmode disabled?
{Mon 01:03:51 Step:2966} Server_Comm.py: The agent lost 1 packet! Is syncmode enabled?
{Mon 01:03:51 Step:2968} Server_Comm.py: The agent lost 1 packet! Is syncmode enabled?
{Mon 01:03:51 Step:2972} Server_Comm.py: The agent lost 2 consecutive packets! Is syncmode disabled?
{Mon 01:03:51 Step:2974} Server_Comm.py: The agent lost 1 packet! Is syncmode enabled?
{Mon 01:03:51 Step:2976} Server_Comm.py: The agent lost 1 packet! Is syncmode enabled?
{Mon 01:03:51 Step:2980} Server_Comm.py: The agent lost 2 consecutive packets! Is syncmode disabled?
{Mon 01:03:51 Step:2988} Server_Comm.py: The agent lost 6 consecutive packets! Is syncmode disabled?
{Mon 01:03:51 Step:2992} Server_Comm.py: The agent lost 3 consecutive packets! Is syncmode disabled?
{Mon 01:03:51 Step:2995} Server_Comm.py: The agent lost 2 consecutive packets! Is syncmode disabled?
{Mon 01:03:51 Step:2998} Server_Comm.py: The agent lost 2 consecutive packets! Is syncmode disabled?
{Mon 01:03:51 Step:3000} Server_Comm.py: The agent lost 1 packet! Is syncmode enabled?
{Mon 01:03:51 Step:3004} Server_Comm.py: The agent lost 2 consecutive packets! Is syncmode disabled?
{Mon 01:03:51 Step:3008} Server_Comm.py: The agent lost 2 consecutive packets! Is syncmode disabled?
{Mon 01:03:51 Step:3012} Server_Comm.py: The agent lost 2 consecutive packets! Is syncmode disabled?
{Mon 01:03:51 Step:3015} Server_Comm.py: The agent lost 2 consecutive packets! Is syncmode disabled?
{Mon 01:03:51 Step:3019} Server_Comm.py: The agent lost 3 consecutive packets! Is syncmode disabled?
{Mon 01:03:51 Step:3022} Server_Comm.py: The agent lost 2 consecutive packets! Is syncmode disabled?
{Mon 01:03:51 Step:3024} Server_Comm.py: The agent lost 1 packet! Is syncmode enabled?
{Mon 01:03:51 Step:3027} Server_Comm.py: The agent lost 1 packet! Is syncmode enabled?
{Mon 01:03:51 Step:3030} Server_Comm.py: The agent lost 2 consecutive packets! Is syncmode disabled?
{Mon 01:03:51 Step:3032} Server_Comm.py: The agent lost 1 packet! Is syncmode enabled?
{Mon 01:03:51 Step:3037} Server_Comm.py: The agent lost 1 packet! Is syncmode enabled?
{Mon 01:03:51 Step:3039} Server_Comm.py: The agent lost 1 packet! Is syncmode enabled?
{Mon 01:03:51 Step:3044} Server_Comm.py: The agent lost 1 packet! Is syncmode enabled?
{Mon 01:03:51 Step:3047} Server_Comm.py: The agent lost 1 packet! Is syncmode enabled?
{Mon 01:03:51 Step:3050} Server_Comm.py: The agent lost 1 packet! Is syncmode enabled?
{Mon 01:03:51 Step:3052} Server_Comm.py: The agent lost 1 packet! Is syncmode enabled?
{Mon 01:03:51 Step:3056} Server_Comm.py: The agent lost 2 consecutive packets! Is syncmode disabled?
{Mon 01:03:51 Step:3058} Server_Comm.py: The agent lost 1 packet! Is syncmode enabled?
{Mon 01:03:51 Step:3072} Server_Comm.py: The agent lost 2 consecutive packets! Is syncmode disabled?
{Mon 01:03:51 Step:3083} Server_Comm.py: The agent lost 1 packet! Is syncmode enabled?
{Mon 01:03:51 Step:3095} Server_Comm.py: The agent lost 1 packet! Is syncmode enabled?
{Mon 01:03:51 Step:3118} Server_Comm.py: The agent lost 2 consecutive packets! Is syncmode disabled?
{Mon 01:03:51 Step:3120} Server_Comm.py: The agent lost 1 packet! Is syncmode enabled?
{Mon 01:03:51 Step:3131} Server_Comm.py: The agent lost 10 consecutive packets! Is syncmode disabled?
{Mon 01:03:51 Step:3141} Server_Comm.py: The agent lost 9 consecutive packets! Is syncmode disabled?
{Mon 01:03:51 Step:3145} Server_Comm.py: The agent lost 3 consecutive packets! Is syncmode disabled?
{Mon 01:03:51 Step:3149} Server_Comm.py: The agent lost 3 consecutive packets! Is syncmode disabled?
{Mon 01:03:51 Step:3153} Server_Comm.py: The agent lost 3 consecutive packets! Is syncmode disabled?
{Mon 01:03:51 Step:3156} Server_Comm.py: The agent lost 2 consecutive packets! Is syncmode disabled?
{Mon 01:03:51 Step:3224} Server_Comm.py: The agent lost 1 packet! Is syncmode enabled?
{Mon 01:03:51 Step:3239} Server_Comm.py: The agent lost 1 packet! Is syncmode enabled?
{Mon 01:03:51 Step:3241} Server_Comm.py: The agent lost 1 packet! Is syncmode enabled?
{Mon 01:03:51 Step:3243} Server_Comm.py: The agent lost 1 packet! Is syncmode enabled?
{Mon 01:03:51 Step:3248} Server_Comm.py: The agent lost 4 consecutive packets! Is syncmode disabled?
{Mon 01:03:51 Step:3250} Server_Comm.py: The agent lost 1 packet! Is syncmode enabled?
{Mon 01:03:51 Step:3252} Server_Comm.py: The agent lost 1 packet! Is syncmode enabled?
{Mon 01:03:51 Step:3255} Server_Comm.py: The agent lost 1 packet! Is syncmode enabled?
{Mon 01:03:51 Step:3257} Server_Comm.py: The agent lost 1 packet! Is syncmode enabled?
{Mon 01:03:51 Step:3260} Server_Comm.py: The agent lost 2 consecutive packets! Is syncmode disabled?
{Mon 01:03:51 Step:3262} Server_Comm.py: The agent lost 1 packet! Is syncmode enabled?
{Mon 01:03:51 Step:3264} Server_Comm.py: The agent lost 1 packet! Is syncmode enabled?
{Mon 01:03:51 Step:3267} Server_Comm.py: The agent lost 1 packet! Is syncmode enabled?
{Mon 01:03:51 Step:3269} Server_Comm.py: The agent lost 1 packet! Is syncmode enabled?
{Mon 01:03:51 Step:3272} Server_Comm.py: The agent lost 2 consecutive packets! Is syncmode disabled?
{Mon 01:03:51 Step:3277} Server_Comm.py: The agent lost 3 consecutive packets! Is syncmode disabled?
{Mon 01:03:51 Step:3282} Server_Comm.py: The agent lost 4 consecutive packets! Is syncmode disabled?
{Mon 01:03:51 Step:3284} Server_Comm.py: The agent lost 1 packet! Is syncmode enabled?
{Mon 01:03:51 Step:3287} Server_Comm.py: The agent lost 1 packet! Is syncmode enabled?
{Mon 01:03:51 Step:3290} Server_Comm.py: The agent lost 2 consecutive packets! Is syncmode disabled?
{Mon 01:03:51 Step:3292} Server_Comm.py: The agent lost 1 packet! Is syncmode enabled?
{Mon 01:03:51 Step:3294} Server_Comm.py: The agent lost 1 packet! Is syncmode enabled?
{Mon 01:03:51 Step:3296} Server_Comm.py: The agent lost 1 packet! Is syncmode enabled?
{Mon 01:03:51 Step:3300} Server_Comm.py: The agent lost 2 consecutive packets! Is syncmode disabled?
{Mon 01:03:51 Step:3302} Server_Comm.py: The agent lost 1 packet! Is syncmode enabled?
{Mon 01:03:51 Step:3305} Server_Comm.py: The agent lost 1 packet! Is syncmode enabled?
{Mon 01:03:51 Step:3308} Server_Comm.py: The agent lost 2 consecutive packets! Is syncmode disabled?
{Mon 01:03:51 Step:3312} Server_Comm.py: The agent lost 2 consecutive packets! Is syncmode disabled?
{Mon 01:03:51 Step:3316} Server_Comm.py: The agent lost 2 consecutive packets! Is syncmode disabled?
{Mon 01:03:51 Step:3318} Server_Comm.py: The agent lost 1 packet! Is syncmode enabled?
{Mon 01:03:51 Step:3320} Server_Comm.py: The agent lost 1 packet! Is syncmode enabled?
{Mon 01:03:51 Step:3322} Server_Comm.py: The agent lost 1 packet! Is syncmode enabled?
{Mon 01:03:51 Step:3326} Server_Comm.py: The agent lost 2 consecutive packets! Is syncmode disabled?
{Mon 01:03:51 Step:3328} Server_Comm.py: The agent lost 1 packet! Is syncmode enabled?
{Mon 01:03:51 Step:3331} Server_Comm.py: The agent lost 1 packet! Is syncmode enabled?
{Mon 01:03:51 Step:3340} Server_Comm.py: The agent lost 1 packet! Is syncmode enabled?
{Mon 01:03:51 Step:3343} Server_Comm.py: The agent lost 1 packet! Is syncmode enabled?
{Mon 01:03:51 Step:3345} Server_Comm.py: The agent lost 1 packet! Is syncmode enabled?
{Mon 01:03:51 Step:3350} Server_Comm.py: The agent lost 1 packet! Is syncmode enabled?
{Mon 01:03:51 Step:3387} Server_Comm.py: The agent lost 1 packet! Is syncmode enabled?
{Mon 01:03:51 Step:3390} Server_Comm.py: The agent lost 2 consecutive packets! Is syncmode disabled?
