{Mon 01:09:51 Step:2} Server_Comm.py: The agent lost 1 packet! Is syncmode enabled?
{Mon 01:09:51 Step:2} Server_Comm.py: Received a new packet while on world.update()!
{Mon 01:09:51 Step:6} Server_Comm.py: The agent lost 3 consecutive packets! Is syncmode disabled?
{Mon 01:09:51 Step:6} Server_Comm.py: Received a new packet while on world.update()!
{Mon 01:09:51 Step:10} Server_Comm.py: The agent lost 3 consecutive packets! Is syncmode disabled?
{Mon 01:09:51 Step:10} Server_Comm.py: Received a new packet while on world.update()!
{Mon 01:09:51 Step:12} Server_Comm.py: The agent lost 1 packet! Is syncmode enabled?
{Mon 01:09:51 Step:12} Server_Comm.py: Received a new packet while on world.update()!
{Mon 01:09:51 Step:13} Server_Comm.py: Received a new packet while on world.update()!
{Mon 01:09:51 Step:17} Server_Comm.py: The agent lost 3 consecutive packets! Is syncmode disabled?
{Mon 01:09:51 Step:17} Server_Comm.py: Received a new packet while on world.update()!
{Mon 01:09:51 Step:20} Server_Comm.py: The agent lost 2 consecutive packets! Is syncmode disabled?
{Mon 01:09:51 Step:20} Server_Comm.py: Received a new packet while on world.update()!
{Mon 01:09:51 Step:21} Server_Comm.py: Received a new packet while on world.update()!
{Mon 01:09:51 Step:26} Server_Comm.py: The agent lost 4 consecutive packets! Is syncmode disabled?
{Mon 01:09:51 Step:26} Server_Comm.py: Received a new packet while on world.update()!
{Mon 01:09:51 Step:28} Server_Comm.py: The agent lost 1 packet! Is syncmode enabled?
{Mon 01:09:51 Step:31} Server_Comm.py: The agent lost 1 packet! Is syncmode enabled?
{Mon 01:09:51 Step:34} Server_Comm.py: The agent lost 2 consecutive packets! Is syncmode disabled?
{Mon 01:09:51 Step:36} Server_Comm.py: The agent lost 1 packet! Is syncmode enabled?
{Mon 01:09:51 Step:49} Server_Comm.py: The agent lost 12 consecutive packets! Is syncmode disabled?
{Mon 01:09:51 Step:55} Server_Comm.py: The agent lost 5 consecutive packets! Is syncmode disabled?
{Mon 01:09:51 Step:59} Server_Comm.py: The agent lost 3 consecutive packets! Is syncmode disabled?
{Mon 01:09:51 Step:62} Server_Comm.py: The agent lost 2 consecutive packets! Is syncmode disabled?
{Mon 01:09:51 Step:64} Server_Comm.py: The agent lost 1 packet! Is syncmode enabled?
{Mon 01:09:51 Step:65} Server_Comm.py: Received a new packet while thinking!
{Mon 01:09:51 Step:108} Server_Comm.py: The agent lost 42 consecutive packets! Is syncmode disabled?
{Mon 01:09:51 Step:121} Server_Comm.py: The agent lost 12 consecutive packets! Is syncmode disabled?
{Mon 01:09:51 Step:125} Server_Comm.py: The agent lost 3 consecutive packets! Is syncmode disabled?
{Mon 01:09:51 Step:128} Server_Comm.py: The agent lost 2 consecutive packets! Is syncmode disabled?
{Mon 01:09:51 Step:147} Server_Comm.py: The agent lost 1 packet! Is syncmode enabled?
{Mon 01:09:51 Step:152} Server_Comm.py: The agent lost 1 packet! Is syncmode enabled?
{Mon 01:09:51 Step:154} Server_Comm.py: The agent lost 1 packet! Is syncmode enabled?
{Mon 01:09:51 Step:157} Server_Comm.py: The agent lost 2 consecutive packets! Is syncmode disabled?
{Mon 01:09:51 Step:160} Server_Comm.py: The agent lost 2 consecutive packets! Is syncmode disabled?
{Mon 01:09:51 Step:163} Server_Comm.py: The agent lost 2 consecutive packets! Is syncmode disabled?
{Mon 01:09:51 Step:165} Server_Comm.py: The agent lost 1 packet! Is syncmode enabled?
{Mon 01:09:51 Step:185} Server_Comm.py: The agent lost 1 packet! Is syncmode enabled?
{Mon 01:09:51 Step:187} Server_Comm.py: The agent lost 1 packet! Is syncmode enabled?
{Mon 01:09:51 Step:189} Server_Comm.py: The agent lost 1 packet! Is syncmode enabled?
{Mon 01:09:51 Step:221} Server_Comm.py: The agent lost 1 packet! Is syncmode enabled?
{Mon 01:09:51 Step:224} Server_Comm.py: The agent lost 1 packet! Is syncmode enabled?
{Mon 01:09:51 Step:228} Server_Comm.py: The agent lost 2 consecutive packets! Is syncmode disabled?
{Mon 01:09:51 Step:231} Server_Comm.py: The agent lost 2 consecutive packets! Is syncmode disabled?
{Mon 01:09:51 Step:233} Server_Comm.py: The agent lost 1 packet! Is syncmode enabled?
{Mon 01:09:51 Step:233} Server_Comm.py: Received a new packet while thinking!
{Mon 01:09:51 Step:265} Server_Comm.py: The agent lost 31 consecutive packets! Is syncmode disabled?
{Mon 01:09:51 Step:277} Server_Comm.py: The agent lost 11 consecutive packets! Is syncmode disabled?
{Mon 01:09:51 Step:284} Server_Comm.py: The agent lost 6 consecutive packets! Is syncmode disabled?
{Mon 01:09:51 Step:287} Server_Comm.py: The agent lost 2 consecutive packets! Is syncmode disabled?
{Mon 01:09:51 Step:292} Server_Comm.py: The agent lost 4 consecutive packets! Is syncmode disabled?
{Mon 01:09:51 Step:295} Server_Comm.py: The agent lost 2 consecutive packets! Is syncmode disabled?
{Mon 01:09:51 Step:298} Server_Comm.py: The agent lost 2 consecutive packets! Is syncmode disabled?
{Mon 01:09:51 Step:300} Server_Comm.py: The agent lost 1 packet! Is syncmode enabled?
{Mon 01:09:51 Step:302} Server_Comm.py: The agent lost 1 packet! Is syncmode enabled?
{Mon 01:09:51 Step:304} Server_Comm.py: The agent lost 1 packet! Is syncmode enabled?
{Mon 01:09:51 Step:309} Server_Comm.py: The agent lost 3 consecutive packets! Is syncmode disabled?
{Mon 01:09:51 Step:312} Server_Comm.py: The agent lost 2 consecutive packets! Is syncmode disabled?
{Mon 01:09:51 Step:315} Server_Comm.py: The agent lost 2 consecutive packets! Is syncmode disabled?
{Mon 01:09:51 Step:318} Server_Comm.py: The agent lost 2 consecutive packets! Is syncmode disabled?
{Mon 01:09:51 Step:320} Server_Comm.py: The agent lost 1 packet! Is syncmode enabled?
{Mon 01:09:51 Step:321} Server_Comm.py: Received a new packet while thinking!
{Mon 01:09:51 Step:458} Server_Comm.py: The agent lost 136 consecutive packets! Is syncmode disabled?
{Mon 01:09:51 Step:458} Server_Comm.py: Received a new packet while on world.update()!
{Mon 01:09:51 Step:460} Server_Comm.py: The agent lost 1 packet! Is syncmode enabled?
{Mon 01:09:51 Step:464} Server_Comm.py: The agent lost 2 consecutive packets! Is syncmode disabled?
{Mon 01:09:51 Step:466} Server_Comm.py: The agent lost 1 packet! Is syncmode enabled?
{Mon 01:09:51 Step:468} Server_Comm.py: The agent lost 1 packet! Is syncmode enabled?
{Mon 01:09:51 Step:471} Server_Comm.py: The agent lost 1 packet! Is syncmode enabled?
{Mon 01:09:51 Step:474} Server_Comm.py: The agent lost 2 consecutive packets! Is syncmode disabled?
{Mon 01:09:51 Step:477} Server_Comm.py: The agent lost 2 consecutive packets! Is syncmode disabled?
{Mon 01:09:51 Step:480} Server_Comm.py: The agent lost 2 consecutive packets! Is syncmode disabled?
{Mon 01:09:51 Step:483} Server_Comm.py: The agent lost 2 consecutive packets! Is syncmode disabled?
{Mon 01:09:51 Step:483} Server_Comm.py: Received a new packet while thinking!
{Mon 01:09:51 Step:538} Server_Comm.py: The agent lost 54 consecutive packets! Is syncmode disabled?
{Mon 01:09:51 Step:562} Server_Comm.py: The agent lost 23 consecutive packets! Is syncmode disabled?
{Mon 01:09:51 Step:568} Server_Comm.py: The agent lost 5 consecutive packets! Is syncmode disabled?
{Mon 01:09:51 Step:571} Server_Comm.py: The agent lost 1 packet! Is syncmode enabled?
{Mon 01:09:51 Step:575} Server_Comm.py: The agent lost 1 packet! Is syncmode enabled?
{Mon 01:09:51 Step:577} Server_Comm.py: The agent lost 1 packet! Is syncmode enabled?
{Mon 01:09:51 Step:579} Server_Comm.py: The agent lost 1 packet! Is syncmode enabled?
{Mon 01:09:51 Step:583} Server_Comm.py: The agent lost 1 packet! Is syncmode enabled?
{Mon 01:09:51 Step:589} Server_Comm.py: The agent lost 1 packet! Is syncmode enabled?
{Mon 01:09:51 Step:595} Server_Comm.py: The agent lost 1 packet! Is syncmode enabled?
{Mon 01:09:51 Step:606} Server_Comm.py: The agent lost 1 packet! Is syncmode enabled?
{Mon 01:09:51 Step:631} Server_Comm.py: The agent lost 1 packet! Is syncmode enabled?
{Mon 01:09:51 Step:659} Server_Comm.py: The agent lost 2 consecutive packets! Is syncmode disabled?
{Mon 01:09:51 Step:661} Server_Comm.py: The agent lost 1 packet! Is syncmode enabled?
{Mon 01:09:51 Step:666} Server_Comm.py: The agent lost 2 consecutive packets! Is syncmode disabled?
{Mon 01:09:51 Step:670} Server_Comm.py: The agent lost 2 consecutive packets! Is syncmode disabled?
{Mon 01:09:51 Step:670} Server_Comm.py: Received a new packet while thinking!
{Mon 01:09:51 Step:705} Server_Comm.py: The agent lost 34 consecutive packets! Is syncmode disabled?
{Mon 01:09:51 Step:717} Server_Comm.py: The agent lost 11 consecutive packets! Is syncmode disabled?
{Mon 01:09:51 Step:724} Server_Comm.py: The agent lost 6 consecutive packets! Is syncmode disabled?
{Mon 01:09:51 Step:727} Server_Comm.py: The agent lost 2 consecutive packets! Is syncmode disabled?
{Mon 01:09:51 Step:729} Server_Comm.py: The agent lost 1 packet! Is syncmode enabled?
{Mon 01:09:51 Step:731} Server_Comm.py: The agent lost 1 packet! Is syncmode enabled?
{Mon 01:09:51 Step:733} Server_Comm.py: The agent lost 1 packet! Is syncmode enabled?
{Mon 01:09:51 Step:739} Server_Comm.py: The agent lost 1 packet! Is syncmode enabled?
{Mon 01:09:51 Step:743} Server_Comm.py: The agent lost 1 packet! Is syncmode enabled?
{Mon 01:09:51 Step:751} Server_Comm.py: The agent lost 1 packet! Is syncmode enabled?
{Mon 01:09:51 Step:753} Server_Comm.py: The agent lost 1 packet! Is syncmode enabled?
{Mon 01:09:51 Step:769} Server_Comm.py: The agent lost 1 packet! Is syncmode enabled?
{Mon 01:09:51 Step:787} Server_Comm.py: The agent lost 1 packet! Is syncmode enabled?
{Mon 01:09:51 Step:793} Server_Comm.py: The agent lost 1 packet! Is syncmode enabled?
{Mon 01:09:51 Step:803} Server_Comm.py: The agent lost 1 packet! Is syncmode enabled?
{Mon 01:09:51 Step:824} Server_Comm.py: The agent lost 2 consecutive packets! Is syncmode disabled?
{Mon 01:09:51 Step:826} Server_Comm.py: The agent lost 1 packet! Is syncmode enabled?
{Mon 01:09:51 Step:831} Server_Comm.py: The agent lost 4 consecutive packets! Is syncmode disabled?
{Mon 01:09:51 Step:836} Server_Comm.py: The agent lost 4 consecutive packets! Is syncmode disabled?
{Mon 01:09:51 Step:839} Server_Comm.py: The agent lost 2 consecutive packets! Is syncmode disabled?
{Mon 01:09:51 Step:843} Server_Comm.py: The agent lost 3 consecutive packets! Is syncmode disabled?
{Mon 01:09:51 Step:846} Server_Comm.py: The agent lost 2 consecutive packets! Is syncmode disabled?
{Mon 01:09:51 Step:848} Server_Comm.py: The agent lost 1 packet! Is syncmode enabled?
{Mon 01:09:51 Step:853} Server_Comm.py: The agent lost 3 consecutive packets! Is syncmode disabled?
{Mon 01:09:51 Step:856} Server_Comm.py: The agent lost 2 consecutive packets! Is syncmode disabled?
{Mon 01:09:51 Step:860} Server_Comm.py: The agent lost 2 consecutive packets! Is syncmode disabled?
{Mon 01:09:51 Step:862} Server_Comm.py: The agent lost 1 packet! Is syncmode enabled?
{Mon 01:09:51 Step:864} Server_Comm.py: The agent lost 1 packet! Is syncmode enabled?
{Mon 01:09:51 Step:866} Server_Comm.py: The agent lost 1 packet! Is syncmode enabled?
{Mon 01:09:51 Step:871} Server_Comm.py: The agent lost 3 consecutive packets! Is syncmode disabled?
{Mon 01:09:51 Step:875} Server_Comm.py: The agent lost 3 consecutive packets! Is syncmode disabled?
{Mon 01:09:51 Step:878} Server_Comm.py: The agent lost 2 consecutive packets! Is syncmode disabled?
{Mon 01:09:51 Step:880} Server_Comm.py: The agent lost 1 packet! Is syncmode enabled?
{Mon 01:09:51 Step:886} Server_Comm.py: The agent lost 2 consecutive packets! Is syncmode disabled?
{Mon 01:09:51 Step:888} Server_Comm.py: The agent lost 1 packet! Is syncmode enabled?
{Mon 01:09:51 Step:892} Server_Comm.py: The agent lost 2 consecutive packets! Is syncmode disabled?
{Mon 01:09:51 Step:894} Server_Comm.py: The agent lost 1 packet! Is syncmode enabled?
{Mon 01:09:51 Step:898} Server_Comm.py: The agent lost 2 consecutive packets! Is syncmode disabled?
{Mon 01:09:51 Step:900} Server_Comm.py: The agent lost 1 packet! Is syncmode enabled?
{Mon 01:09:51 Step:902} Server_Comm.py: The agent lost 1 packet! Is syncmode enabled?
{Mon 01:09:51 Step:906} Server_Comm.py: The agent lost 2 consecutive packets! Is syncmode disabled?
{Mon 01:09:51 Step:908} Server_Comm.py: The agent lost 1 packet! Is syncmode enabled?
{Mon 01:09:51 Step:910} Server_Comm.py: The agent lost 1 packet! Is syncmode enabled?
{Mon 01:09:51 Step:912} Server_Comm.py: The agent lost 1 packet! Is syncmode enabled?
{Mon 01:09:51 Step:914} Server_Comm.py: The agent lost 1 packet! Is syncmode enabled?
{Mon 01:09:51 Step:916} Server_Comm.py: The agent lost 1 packet! Is syncmode enabled?
{Mon 01:09:51 Step:920} Server_Comm.py: The agent lost 2 consecutive packets! Is syncmode disabled?
{Mon 01:09:51 Step:922} Server_Comm.py: The agent lost 1 packet! Is syncmode enabled?
{Mon 01:09:51 Step:926} Server_Comm.py: The agent lost 2 consecutive packets! Is syncmode disabled?
{Mon 01:09:51 Step:929} Server_Comm.py: The agent lost 1 packet! Is syncmode enabled?
{Mon 01:09:51 Step:929} Server_Comm.py: Received a new packet while thinking!
{Mon 01:09:51 Step:1082} Server_Comm.py: The agent lost 152 consecutive packets! Is syncmode disabled?
{Mon 01:09:51 Step:1082} Server_Comm.py: Received a new packet while on world.update()!
{Mon 01:09:51 Step:1084} Server_Comm.py: The agent lost 1 packet! Is syncmode enabled?
{Mon 01:09:51 Step:1084} Server_Comm.py: Received a new packet while on world.update()!
{Mon 01:09:51 Step:1085} Server_Comm.py: Received a new packet while on world.update()!
{Mon 01:09:51 Step:1086} Server_Comm.py: Received a new packet while on world.update()!
{Mon 01:09:51 Step:1087} Server_Comm.py: Received a new packet while on world.update()!
{Mon 01:09:51 Step:1088} Server_Comm.py: Received a new packet while thinking!
{Mon 01:09:51 Step:1089} Server_Comm.py: Received a new packet while on world.update()!
{Mon 01:09:51 Step:1090} Server_Comm.py: Received a new packet while on world.update()!
{Mon 01:09:51 Step:1091} Server_Comm.py: Received a new packet while on world.update()!
{Mon 01:09:51 Step:1092} Server_Comm.py: Received a new packet while on world.update()!
{Mon 01:09:51 Step:1093} Server_Comm.py: Received a new packet while on world.update()!
{Mon 01:09:51 Step:1094} Server_Comm.py: Received a new packet while on world.update()!
{Mon 01:09:51 Step:1095} Server_Comm.py: Received a new packet while on world.update()!
{Mon 01:09:51 Step:1096} Server_Comm.py: Received a new packet while on world.update()!
{Mon 01:09:51 Step:1097} Server_Comm.py: Received a new packet while on world.update()!
{Mon 01:09:51 Step:1098} Server_Comm.py: Received a new packet while on world.update()!
{Mon 01:09:51 Step:1111} Server_Comm.py: The agent lost 1 packet! Is syncmode enabled?
{Mon 01:09:51 Step:1113} Server_Comm.py: The agent lost 1 packet! Is syncmode enabled?
{Mon 01:09:51 Step:1167} Server_Comm.py: The agent lost 1 packet! Is syncmode enabled?
{Mon 01:09:51 Step:1173} Server_Comm.py: The agent lost 1 packet! Is syncmode enabled?
{Mon 01:09:51 Step:1183} Server_Comm.py: The agent lost 1 packet! Is syncmode enabled?
{Mon 01:09:51 Step:1188} Server_Comm.py: The agent lost 1 packet! Is syncmode enabled?
{Mon 01:09:51 Step:1192} Server_Comm.py: The agent lost 2 consecutive packets! Is syncmode disabled?
{Mon 01:09:51 Step:1194} Server_Comm.py: The agent lost 1 packet! Is syncmode enabled?
{Mon 01:09:51 Step:1203} Server_Comm.py: The agent lost 7 consecutive packets! Is syncmode disabled?
{Mon 01:09:51 Step:1208} Server_Comm.py: The agent lost 4 consecutive packets! Is syncmode disabled?
{Mon 01:09:51 Step:1210} Server_Comm.py: The agent lost 1 packet! Is syncmode enabled?
{Mon 01:09:51 Step:1212} Server_Comm.py: The agent lost 1 packet! Is syncmode enabled?
{Mon 01:09:51 Step:1215} Server_Comm.py: The agent lost 1 packet! Is syncmode enabled?
{Mon 01:09:51 Step:1217} Server_Comm.py: The agent lost 1 packet! Is syncmode enabled?
{Mon 01:09:51 Step:1220} Server_Comm.py: The agent lost 2 consecutive packets! Is syncmode disabled?
{Mon 01:09:51 Step:1224} Server_Comm.py: The agent lost 2 consecutive packets! Is syncmode disabled?
{Mon 01:09:51 Step:1227} Server_Comm.py: The agent lost 1 packet! Is syncmode enabled?
{Mon 01:09:51 Step:1229} Server_Comm.py: The agent lost 1 packet! Is syncmode enabled?
{Mon 01:09:51 Step:1232} Server_Comm.py: The agent lost 2 consecutive packets! Is syncmode disabled?
{Mon 01:09:51 Step:1235} Server_Comm.py: The agent lost 1 packet! Is syncmode enabled?
{Mon 01:09:51 Step:1238} Server_Comm.py: The agent lost 2 consecutive packets! Is syncmode disabled?
{Mon 01:09:51 Step:1242} Server_Comm.py: The agent lost 2 consecutive packets! Is syncmode disabled?
{Mon 01:09:51 Step:1247} Server_Comm.py: The agent lost 3 consecutive packets! Is syncmode disabled?
{Mon 01:09:51 Step:1250} Server_Comm.py: The agent lost 2 consecutive packets! Is syncmode disabled?
{Mon 01:09:51 Step:1252} Server_Comm.py: The agent lost 1 packet! Is syncmode enabled?
{Mon 01:09:51 Step:1254} Server_Comm.py: The agent lost 1 packet! Is syncmode enabled?
{Mon 01:09:51 Step:1256} Server_Comm.py: The agent lost 1 packet! Is syncmode enabled?
{Mon 01:09:51 Step:1259} Server_Comm.py: The agent lost 1 packet! Is syncmode enabled?
{Mon 01:09:51 Step:1263} Server_Comm.py: The agent lost 3 consecutive packets! Is syncmode disabled?
{Mon 01:09:51 Step:1267} Server_Comm.py: The agent lost 3 consecutive packets! Is syncmode disabled?
{Mon 01:09:51 Step:1271} Server_Comm.py: The agent lost 3 consecutive packets! Is syncmode disabled?
{Mon 01:09:51 Step:1274} Server_Comm.py: The agent lost 2 consecutive packets! Is syncmode disabled?
{Mon 01:09:51 Step:1277} Server_Comm.py: The agent lost 1 packet! Is syncmode enabled?
{Mon 01:09:51 Step:1280} Server_Comm.py: The agent lost 2 consecutive packets! Is syncmode disabled?
{Mon 01:09:51 Step:1282} Server_Comm.py: The agent lost 1 packet! Is syncmode enabled?
{Mon 01:09:51 Step:1286} Server_Comm.py: The agent lost 2 consecutive packets! Is syncmode disabled?
{Mon 01:09:51 Step:1290} Server_Comm.py: The agent lost 2 consecutive packets! Is syncmode disabled?
{Mon 01:09:51 Step:1293} Server_Comm.py: The agent lost 1 packet! Is syncmode enabled?
{Mon 01:09:51 Step:1296} Server_Comm.py: The agent lost 2 consecutive packets! Is syncmode disabled?
{Mon 01:09:51 Step:1298} Server_Comm.py: The agent lost 1 packet! Is syncmode enabled?
{Mon 01:09:51 Step:1302} Server_Comm.py: The agent lost 2 consecutive packets! Is syncmode disabled?
{Mon 01:09:51 Step:1305} Server_Comm.py: The agent lost 1 packet! Is syncmode enabled?
{Mon 01:09:51 Step:1310} Server_Comm.py: The agent lost 4 consecutive packets! Is syncmode disabled?
{Mon 01:09:51 Step:1315} Server_Comm.py: The agent lost 4 consecutive packets! Is syncmode disabled?
{Mon 01:09:51 Step:1320} Server_Comm.py: The agent lost 4 consecutive packets! Is syncmode disabled?
{Mon 01:09:51 Step:1323} Server_Comm.py: The agent lost 2 consecutive packets! Is syncmode disabled?
{Mon 01:09:51 Step:1327} Server_Comm.py: The agent lost 3 consecutive packets! Is syncmode disabled?
{Mon 01:09:52 Step:1330} Server_Comm.py: The agent lost 2 consecutive packets! Is syncmode disabled?
{Mon 01:09:52 Step:1334} Server_Comm.py: The agent lost 2 consecutive packets! Is syncmode disabled?
{Mon 01:09:52 Step:1337} Server_Comm.py: The agent lost 1 packet! Is syncmode enabled?
{Mon 01:09:52 Step:1340} Server_Comm.py: The agent lost 2 consecutive packets! Is syncmode disabled?
{Mon 01:09:52 Step:1343} Server_Comm.py: The agent lost 2 consecutive packets! Is syncmode disabled?
{Mon 01:09:52 Step:1346} Server_Comm.py: The agent lost 2 consecutive packets! Is syncmode disabled?
{Mon 01:09:52 Step:1348} Server_Comm.py: The agent lost 1 packet! Is syncmode enabled?
{Mon 01:09:52 Step:1350} Server_Comm.py: The agent lost 1 packet! Is syncmode enabled?
{Mon 01:09:52 Step:1360} Server_Comm.py: The agent lost 6 consecutive packets! Is syncmode disabled?
{Mon 01:09:52 Step:1364} Server_Comm.py: The agent lost 3 consecutive packets! Is syncmode disabled?
{Mon 01:09:52 Step:1366} Server_Comm.py: The agent lost 1 packet! Is syncmode enabled?
{Mon 01:09:52 Step:1369} Server_Comm.py: The agent lost 2 consecutive packets! Is syncmode disabled?
{Mon 01:09:52 Step:1371} Server_Comm.py: The agent lost 1 packet! Is syncmode enabled?
{Mon 01:09:52 Step:1374} Server_Comm.py: The agent lost 2 consecutive packets! Is syncmode disabled?
{Mon 01:09:52 Step:1376} Server_Comm.py: The agent lost 1 packet! Is syncmode enabled?
{Mon 01:09:52 Step:1379} Server_Comm.py: The agent lost 1 packet! Is syncmode enabled?
{Mon 01:09:52 Step:1382} Server_Comm.py: The agent lost 2 consecutive packets! Is syncmode disabled?
{Mon 01:09:52 Step:1384} Server_Comm.py: The agent lost 1 packet! Is syncmode enabled?
{Mon 01:09:52 Step:1388} Server_Comm.py: The agent lost 2 consecutive packets! Is syncmode disabled?
{Mon 01:09:52 Step:1390} Server_Comm.py: The agent lost 1 packet! Is syncmode enabled?
{Mon 01:09:52 Step:1394} Server_Comm.py: The agent lost 2 consecutive packets! Is syncmode disabled?
{Mon 01:09:52 Step:1397} Server_Comm.py: The agent lost 1 packet! Is syncmode enabled?
{Mon 01:09:52 Step:1399} Server_Comm.py: The agent lost 1 packet! Is syncmode enabled?
{Mon 01:09:52 Step:1402} Server_Comm.py: The agent lost 2 consecutive packets! Is syncmode disabled?
{Mon 01:09:52 Step:1405} Server_Comm.py: The agent lost 1 packet! Is syncmode enabled?
{Mon 01:09:52 Step:1408} Server_Comm.py: The agent lost 2 consecutive packets! Is syncmode disabled?
{Mon 01:09:52 Step:1410} Server_Comm.py: The agent lost 1 packet! Is syncmode enabled?
{Mon 01:09:52 Step:1413} Server_Comm.py: The agent lost 1 packet! Is syncmode enabled?
{Mon 01:09:52 Step:1425} Server_Comm.py: The agent lost 1 packet! Is syncmode enabled?
{Mon 01:09:52 Step:1456} Server_Comm.py: The agent lost 1 packet! Is syncmode enabled?
{Mon 01:09:52 Step:1459} Server_Comm.py: The agent lost 1 packet! Is syncmode enabled?
{Mon 01:09:52 Step:1465} Server_Comm.py: The agent lost 1 packet! Is syncmode enabled?
{Mon 01:09:52 Step:1481} Server_Comm.py: The agent lost 1 packet! Is syncmode enabled?
{Mon 01:09:52 Step:1484} Server_Comm.py: The agent lost 2 consecutive packets! Is syncmode disabled?
{Mon 01:09:52 Step:1486} Server_Comm.py: The agent lost 1 packet! Is syncmode enabled?
{Mon 01:09:52 Step:1494} Server_Comm.py: The agent lost 7 consecutive packets! Is syncmode disabled?
{Mon 01:09:52 Step:1497} Server_Comm.py: The agent lost 2 consecutive packets! Is syncmode disabled?
{Mon 01:09:52 Step:1500} Server_Comm.py: The agent lost 2 consecutive packets! Is syncmode disabled?
{Mon 01:09:52 Step:1502} Server_Comm.py: The agent lost 1 packet! Is syncmode enabled?
{Mon 01:09:52 Step:1505} Server_Comm.py: The agent lost 1 packet! Is syncmode enabled?
{Mon 01:09:52 Step:1508} Server_Comm.py: The agent lost 2 consecutive packets! Is syncmode disabled?
{Mon 01:09:52 Step:1510} Server_Comm.py: The agent lost 1 packet! Is syncmode enabled?
{Mon 01:09:52 Step:1514} Server_Comm.py: The agent lost 2 consecutive packets! Is syncmode disabled?
{Mon 01:09:52 Step:1517} Server_Comm.py: The agent lost 2 consecutive packets! Is syncmode disabled?
{Mon 01:09:52 Step:1523} Server_Comm.py: The agent lost 5 consecutive packets! Is syncmode disabled?
{Mon 01:09:52 Step:1531} Server_Comm.py: The agent lost 7 consecutive packets! Is syncmode disabled?
{Mon 01:09:52 Step:1535} Server_Comm.py: The agent lost 3 consecutive packets! Is syncmode disabled?
{Mon 01:09:52 Step:1538} Server_Comm.py: The agent lost 2 consecutive packets! Is syncmode disabled?
{Mon 01:09:52 Step:1541} Server_Comm.py: The agent lost 2 consecutive packets! Is syncmode disabled?
{Mon 01:09:52 Step:1543} Server_Comm.py: The agent lost 1 packet! Is syncmode enabled?
{Mon 01:09:52 Step:1545} Server_Comm.py: The agent lost 1 packet! Is syncmode enabled?
{Mon 01:09:52 Step:1559} Server_Comm.py: The agent lost 1 packet! Is syncmode enabled?
{Mon 01:09:52 Step:1573} Server_Comm.py: The agent lost 1 packet! Is syncmode enabled?
{Mon 01:09:52 Step:1591} Server_Comm.py: The agent lost 1 packet! Is syncmode enabled?
{Mon 01:09:52 Step:1595} Server_Comm.py: The agent lost 1 packet! Is syncmode enabled?
{Mon 01:09:52 Step:1598} Server_Comm.py: The agent lost 2 consecutive packets! Is syncmode disabled?
{Mon 01:09:52 Step:1600} Server_Comm.py: The agent lost 1 packet! Is syncmode enabled?
{Mon 01:09:52 Step:1604} Server_Comm.py: The agent lost 1 packet! Is syncmode enabled?
{Mon 01:09:52 Step:1625} Server_Comm.py: The agent lost 1 packet! Is syncmode enabled?
{Mon 01:09:52 Step:1628} Server_Comm.py: The agent lost 2 consecutive packets! Is syncmode disabled?
{Mon 01:09:52 Step:1630} Server_Comm.py: The agent lost 1 packet! Is syncmode enabled?
{Mon 01:09:52 Step:1652} Server_Comm.py: The agent lost 21 consecutive packets! Is syncmode disabled?
{Mon 01:09:52 Step:1659} Server_Comm.py: The agent lost 6 consecutive packets! Is syncmode disabled?
{Mon 01:09:52 Step:1662} Server_Comm.py: The agent lost 2 consecutive packets! Is syncmode disabled?
{Mon 01:09:52 Step:1664} Server_Comm.py: The agent lost 1 packet! Is syncmode enabled?
{Mon 01:09:52 Step:1667} Server_Comm.py: The agent lost 1 packet! Is syncmode enabled?
{Mon 01:09:52 Step:1669} Server_Comm.py: The agent lost 1 packet! Is syncmode enabled?
{Mon 01:09:52 Step:1673} Server_Comm.py: The agent lost 3 consecutive packets! Is syncmode disabled?
{Mon 01:09:52 Step:1676} Server_Comm.py: The agent lost 2 consecutive packets! Is syncmode disabled?
{Mon 01:09:52 Step:1681} Server_Comm.py: The agent lost 3 consecutive packets! Is syncmode disabled?
{Mon 01:09:52 Step:1690} Server_Comm.py: The agent lost 8 consecutive packets! Is syncmode disabled?
{Mon 01:09:52 Step:1693} Server_Comm.py: The agent lost 2 consecutive packets! Is syncmode disabled?
{Mon 01:09:52 Step:1697} Server_Comm.py: The agent lost 3 consecutive packets! Is syncmode disabled?
{Mon 01:09:52 Step:1700} Server_Comm.py: The agent lost 2 consecutive packets! Is syncmode disabled?
{Mon 01:09:52 Step:1705} Server_Comm.py: The agent lost 4 consecutive packets! Is syncmode disabled?
{Mon 01:09:52 Step:1714} Server_Comm.py: The agent lost 8 consecutive packets! Is syncmode disabled?
{Mon 01:09:52 Step:1717} Server_Comm.py: The agent lost 2 consecutive packets! Is syncmode disabled?
{Mon 01:09:52 Step:1719} Server_Comm.py: The agent lost 1 packet! Is syncmode enabled?
{Mon 01:09:52 Step:1724} Server_Comm.py: The agent lost 4 consecutive packets! Is syncmode disabled?
{Mon 01:09:52 Step:1727} Server_Comm.py: The agent lost 2 consecutive packets! Is syncmode disabled?
{Mon 01:09:52 Step:1731} Server_Comm.py: The agent lost 3 consecutive packets! Is syncmode disabled?
{Mon 01:09:52 Step:1735} Server_Comm.py: The agent lost 3 consecutive packets! Is syncmode disabled?
{Mon 01:09:52 Step:1737} Server_Comm.py: The agent lost 1 packet! Is syncmode enabled?
{Mon 01:09:52 Step:1739} Server_Comm.py: The agent lost 1 packet! Is syncmode enabled?
{Mon 01:09:52 Step:1741} Server_Comm.py: The agent lost 1 packet! Is syncmode enabled?
{Mon 01:09:52 Step:1748} Server_Comm.py: The agent lost 1 packet! Is syncmode enabled?
{Mon 01:09:52 Step:1750} Server_Comm.py: The agent lost 1 packet! Is syncmode enabled?
{Mon 01:09:52 Step:1753} Server_Comm.py: The agent lost 2 consecutive packets! Is syncmode disabled?
{Mon 01:09:52 Step:1755} Server_Comm.py: The agent lost 1 packet! Is syncmode enabled?
{Mon 01:09:52 Step:1759} Server_Comm.py: The agent lost 3 consecutive packets! Is syncmode disabled?
{Mon 01:09:52 Step:1761} Server_Comm.py: The agent lost 1 packet! Is syncmode enabled?
{Mon 01:09:52 Step:1765} Server_Comm.py: The agent lost 1 packet! Is syncmode enabled?
{Mon 01:09:52 Step:1770} Server_Comm.py: The agent lost 2 consecutive packets! Is syncmode disabled?
{Mon 01:09:52 Step:1773} Server_Comm.py: The agent lost 2 consecutive packets! Is syncmode disabled?
{Mon 01:09:52 Step:1775} Server_Comm.py: The agent lost 1 packet! Is syncmode enabled?
{Mon 01:09:52 Step:1793} Server_Comm.py: The agent lost 1 packet! Is syncmode enabled?
{Mon 01:09:52 Step:1797} Server_Comm.py: The agent lost 1 packet! Is syncmode enabled?
{Mon 01:09:52 Step:1799} Server_Comm.py: The agent lost 1 packet! Is syncmode enabled?
{Mon 01:09:52 Step:1801} Server_Comm.py: The agent lost 1 packet! Is syncmode enabled?
{Mon 01:09:52 Step:1807} Server_Comm.py: The agent lost 1 packet! Is syncmode enabled?
{Mon 01:09:52 Step:1811} Server_Comm.py: The agent lost 3 consecutive packets! Is syncmode disabled?
{Mon 01:09:52 Step:1813} Server_Comm.py: The agent lost 1 packet! Is syncmode enabled?
{Mon 01:09:52 Step:1815} Server_Comm.py: The agent lost 1 packet! Is syncmode enabled?
{Mon 01:09:52 Step:1820} Server_Comm.py: The agent lost 1 packet! Is syncmode enabled?
{Mon 01:09:52 Step:1833} Server_Comm.py: The agent lost 1 packet! Is syncmode enabled?
{Mon 01:09:52 Step:1836} Server_Comm.py: The agent lost 1 packet! Is syncmode enabled?
{Mon 01:09:52 Step:1843} Server_Comm.py: The agent lost 1 packet! Is syncmode enabled?
{Mon 01:09:52 Step:1846} Server_Comm.py: The agent lost 2 consecutive packets! Is syncmode disabled?
{Mon 01:09:52 Step:1848} Server_Comm.py: The agent lost 1 packet! Is syncmode enabled?
{Mon 01:09:52 Step:1854} Server_Comm.py: The agent lost 5 consecutive packets! Is syncmode disabled?
{Mon 01:09:52 Step:1857} Server_Comm.py: The agent lost 2 consecutive packets! Is syncmode disabled?
{Mon 01:09:52 Step:1860} Server_Comm.py: The agent lost 2 consecutive packets! Is syncmode disabled?
{Mon 01:09:52 Step:1862} Server_Comm.py: The agent lost 1 packet! Is syncmode enabled?
{Mon 01:09:52 Step:1864} Server_Comm.py: The agent lost 1 packet! Is syncmode enabled?
{Mon 01:09:52 Step:1868} Server_Comm.py: The agent lost 2 consecutive packets! Is syncmode disabled?
{Mon 01:09:52 Step:1870} Server_Comm.py: The agent lost 1 packet! Is syncmode enabled?
{Mon 01:09:52 Step:1873} Server_Comm.py: The agent lost 2 consecutive packets! Is syncmode disabled?
{Mon 01:09:52 Step:1876} Server_Comm.py: The agent lost 2 consecutive packets! Is syncmode disabled?
{Mon 01:09:52 Step:1880} Server_Comm.py: The agent lost 2 consecutive packets! Is syncmode disabled?
{Mon 01:09:52 Step:1885} Server_Comm.py: The agent lost 3 consecutive packets! Is syncmode disabled?
{Mon 01:09:52 Step:1889} Server_Comm.py: The agent lost 3 consecutive packets! Is syncmode disabled?
{Mon 01:09:52 Step:1894} Server_Comm.py: The agent lost 4 consecutive packets! Is syncmode disabled?
{Mon 01:09:52 Step:1896} Server_Comm.py: The agent lost 1 packet! Is syncmode enabled?
{Mon 01:09:52 Step:1901} Server_Comm.py: The agent lost 1 packet! Is syncmode enabled?
{Mon 01:09:52 Step:1933} Server_Comm.py: The agent lost 1 packet! Is syncmode enabled?
{Mon 01:09:52 Step:1973} Server_Comm.py: The agent lost 1 packet! Is syncmode enabled?
{Mon 01:09:52 Step:1975} Server_Comm.py: The agent lost 1 packet! Is syncmode enabled?
{Mon 01:09:52 Step:1982} Server_Comm.py: The agent lost 6 consecutive packets! Is syncmode disabled?
{Mon 01:09:52 Step:1985} Server_Comm.py: The agent lost 2 consecutive packets! Is syncmode disabled?
{Mon 01:09:52 Step:1988} Server_Comm.py: The agent lost 2 consecutive packets! Is syncmode disabled?
{Mon 01:09:52 Step:1991} Server_Comm.py: The agent lost 2 consecutive packets! Is syncmode disabled?
{Mon 01:09:52 Step:1994} Server_Comm.py: The agent lost 2 consecutive packets! Is syncmode disabled?
{Mon 01:09:52 Step:1996} Server_Comm.py: The agent lost 1 packet! Is syncmode enabled?
{Mon 01:09:52 Step:2000} Server_Comm.py: The agent lost 2 consecutive packets! Is syncmode disabled?
{Mon 01:09:52 Step:2002} Server_Comm.py: The agent lost 1 packet! Is syncmode enabled?
{Mon 01:09:52 Step:2004} Server_Comm.py: The agent lost 1 packet! Is syncmode enabled?
{Mon 01:09:52 Step:2007} Server_Comm.py: The agent lost 1 packet! Is syncmode enabled?
{Mon 01:09:52 Step:2011} Server_Comm.py: The agent lost 3 consecutive packets! Is syncmode disabled?
{Mon 01:09:52 Step:2015} Server_Comm.py: The agent lost 3 consecutive packets! Is syncmode disabled?
{Mon 01:09:52 Step:2021} Server_Comm.py: The agent lost 5 consecutive packets! Is syncmode disabled?
{Mon 01:09:52 Step:2025} Server_Comm.py: The agent lost 3 consecutive packets! Is syncmode disabled?
{Mon 01:09:52 Step:2029} Server_Comm.py: The agent lost 3 consecutive packets! Is syncmode disabled?
{Mon 01:09:52 Step:2034} Server_Comm.py: The agent lost 4 consecutive packets! Is syncmode disabled?
{Mon 01:09:52 Step:2036} Server_Comm.py: The agent lost 1 packet! Is syncmode enabled?
{Mon 01:09:52 Step:2038} Server_Comm.py: The agent lost 1 packet! Is syncmode enabled?
{Mon 01:09:52 Step:2042} Server_Comm.py: The agent lost 2 consecutive packets! Is syncmode disabled?
{Mon 01:09:52 Step:2046} Server_Comm.py: The agent lost 2 consecutive packets! Is syncmode disabled?
{Mon 01:09:52 Step:2048} Server_Comm.py: The agent lost 1 packet! Is syncmode enabled?
{Mon 01:09:52 Step:2050} Server_Comm.py: The agent lost 1 packet! Is syncmode enabled?
{Mon 01:09:52 Step:2052} Server_Comm.py: The agent lost 1 packet! Is syncmode enabled?
{Mon 01:09:52 Step:2054} Server_Comm.py: The agent lost 1 packet! Is syncmode enabled?
{Mon 01:09:52 Step:2058} Server_Comm.py: The agent lost 2 consecutive packets! Is syncmode disabled?
{Mon 01:09:52 Step:2060} Server_Comm.py: The agent lost 1 packet! Is syncmode enabled?
{Mon 01:09:52 Step:2062} Server_Comm.py: The agent lost 1 packet! Is syncmode enabled?
{Mon 01:09:52 Step:2066} Server_Comm.py: The agent lost 2 consecutive packets! Is syncmode disabled?
{Mon 01:09:52 Step:2068} Server_Comm.py: The agent lost 1 packet! Is syncmode enabled?
{Mon 01:09:52 Step:2068} Server_Comm.py: Received a new packet while thinking!
{Mon 01:09:52 Step:2116} Server_Comm.py: The agent lost 47 consecutive packets! Is syncmode disabled?
{Mon 01:09:52 Step:2174} Server_Comm.py: The agent lost 57 consecutive packets! Is syncmode disabled?
{Mon 01:09:52 Step:2177} Server_Comm.py: The agent lost 2 consecutive packets! Is syncmode disabled?
{Mon 01:09:52 Step:2181} Server_Comm.py: The agent lost 3 consecutive packets! Is syncmode disabled?
{Mon 01:09:52 Step:2184} Server_Comm.py: The agent lost 2 consecutive packets! Is syncmode disabled?
{Mon 01:09:52 Step:2186} Server_Comm.py: The agent lost 1 packet! Is syncmode enabled?
{Mon 01:09:52 Step:2190} Server_Comm.py: The agent lost 2 consecutive packets! Is syncmode disabled?
{Mon 01:09:52 Step:2192} Server_Comm.py: The agent lost 1 packet! Is syncmode enabled?
{Mon 01:09:52 Step:2234} Server_Comm.py: The agent lost 40 consecutive packets! Is syncmode disabled?
{Mon 01:09:52 Step:2248} Server_Comm.py: The agent lost 13 consecutive packets! Is syncmode disabled?
{Mon 01:09:52 Step:2253} Server_Comm.py: The agent lost 4 consecutive packets! Is syncmode disabled?
{Mon 01:09:52 Step:2258} Server_Comm.py: The agent lost 4 consecutive packets! Is syncmode disabled?
{Mon 01:09:52 Step:2261} Server_Comm.py: The agent lost 2 consecutive packets! Is syncmode disabled?
{Mon 01:09:52 Step:2265} Server_Comm.py: The agent lost 3 consecutive packets! Is syncmode disabled?
{Mon 01:09:52 Step:2267} Server_Comm.py: The agent lost 1 packet! Is syncmode enabled?
{Mon 01:09:52 Step:2269} Server_Comm.py: The agent lost 1 packet! Is syncmode enabled?
{Mon 01:09:52 Step:2293} Server_Comm.py: The agent lost 1 packet! Is syncmode enabled?
{Mon 01:09:52 Step:2295} Server_Comm.py: The agent lost 1 packet! Is syncmode enabled?
{Mon 01:09:52 Step:2298} Server_Comm.py: The agent lost 1 packet! Is syncmode enabled?
{Mon 01:09:52 Step:2305} Server_Comm.py: The agent lost 2 consecutive packets! Is syncmode disabled?
{Mon 01:09:52 Step:2308} Server_Comm.py: The agent lost 2 consecutive packets! Is syncmode disabled?
{Mon 01:09:52 Step:2310} Server_Comm.py: The agent lost 1 packet! Is syncmode enabled?
{Mon 01:09:52 Step:2312} Server_Comm.py: The agent lost 1 packet! Is syncmode enabled?
{Mon 01:09:52 Step:2318} Server_Comm.py: The agent lost 1 packet! Is syncmode enabled?
{Mon 01:09:52 Step:2327} Server_Comm.py: The agent lost 1 packet! Is syncmode enabled?
{Mon 01:09:52 Step:2329} Server_Comm.py: The agent lost 1 packet! Is syncmode enabled?
{Mon 01:09:52 Step:2332} Server_Comm.py: The agent lost 2 consecutive packets! Is syncmode disabled?
{Mon 01:09:52 Step:2337} Server_Comm.py: The agent lost 1 packet! Is syncmode enabled?
{Mon 01:09:52 Step:2339} Server_Comm.py: The agent lost 1 packet! Is syncmode enabled?
{Mon 01:09:52 Step:2342} Server_Comm.py: The agent lost 2 consecutive packets! Is syncmode disabled?
{Mon 01:09:52 Step:2344} Server_Comm.py: The agent lost 1 packet! Is syncmode enabled?
{Mon 01:09:52 Step:2347} Server_Comm.py: The agent lost 1 packet! Is syncmode enabled?
{Mon 01:09:52 Step:2349} Server_Comm.py: The agent lost 1 packet! Is syncmode enabled?
{Mon 01:09:52 Step:2352} Server_Comm.py: The agent lost 2 consecutive packets! Is syncmode disabled?
{Mon 01:09:52 Step:2354} Server_Comm.py: The agent lost 1 packet! Is syncmode enabled?
{Mon 01:09:52 Step:2363} Server_Comm.py: The agent lost 1 packet! Is syncmode enabled?
{Mon 01:09:52 Step:2367} Server_Comm.py: The agent lost 1 packet! Is syncmode enabled?
{Mon 01:09:52 Step:2369} Server_Comm.py: The agent lost 1 packet! Is syncmode enabled?
{Mon 01:09:52 Step:2373} Server_Comm.py: The agent lost 1 packet! Is syncmode enabled?
{Mon 01:09:52 Step:2375} Server_Comm.py: The agent lost 1 packet! Is syncmode enabled?
{Mon 01:09:52 Step:2380} Server_Comm.py: The agent lost 4 consecutive packets! Is syncmode disabled?
{Mon 01:09:52 Step:2385} Server_Comm.py: The agent lost 4 consecutive packets! Is syncmode disabled?
{Mon 01:09:52 Step:2389} Server_Comm.py: The agent lost 3 consecutive packets! Is syncmode disabled?
{Mon 01:09:52 Step:2394} Server_Comm.py: The agent lost 4 consecutive packets! Is syncmode disabled?
{Mon 01:09:52 Step:2432} Server_Comm.py: The agent lost 37 consecutive packets! Is syncmode disabled?
{Mon 01:09:52 Step:2449} Server_Comm.py: The agent lost 16 consecutive packets! Is syncmode disabled?
{Mon 01:09:52 Step:2458} Server_Comm.py: The agent lost 8 consecutive packets! Is syncmode disabled?
{Mon 01:09:52 Step:2461} Server_Comm.py: The agent lost 2 consecutive packets! Is syncmode disabled?
{Mon 01:09:52 Step:2465} Server_Comm.py: The agent lost 3 consecutive packets! Is syncmode disabled?
{Mon 01:09:52 Step:2468} Server_Comm.py: The agent lost 2 consecutive packets! Is syncmode disabled?
{Mon 01:09:52 Step:2472} Server_Comm.py: The agent lost 3 consecutive packets! Is syncmode disabled?
{Mon 01:09:52 Step:2475} Server_Comm.py: The agent lost 2 consecutive packets! Is syncmode disabled?
{Mon 01:09:52 Step:2479} Server_Comm.py: The agent lost 3 consecutive packets! Is syncmode disabled?
{Mon 01:09:52 Step:2485} Server_Comm.py: The agent lost 5 consecutive packets! Is syncmode disabled?
{Mon 01:09:53 Step:2485} Server_Comm.py: Received a new packet while thinking!
{Mon 01:09:53 Step:2625} Server_Comm.py: The agent lost 139 consecutive packets! Is syncmode disabled?
{Mon 01:09:53 Step:2625} Server_Comm.py: Received a new packet while on world.update()!
{Mon 01:09:53 Step:2628} Server_Comm.py: The agent lost 2 consecutive packets! Is syncmode disabled?
{Mon 01:09:53 Step:2628} Server_Comm.py: Received a new packet while on world.update()!
{Mon 01:09:53 Step:2630} Server_Comm.py: The agent lost 1 packet! Is syncmode enabled?
{Mon 01:09:53 Step:2630} Server_Comm.py: Received a new packet while on world.update()!
{Mon 01:09:53 Step:2632} Server_Comm.py: The agent lost 1 packet! Is syncmode enabled?
{Mon 01:09:53 Step:2632} Server_Comm.py: Received a new packet while on world.update()!
{Mon 01:09:53 Step:2633} Server_Comm.py: Received a new packet while on world.update()!
{Mon 01:09:53 Step:2636} Server_Comm.py: The agent lost 2 consecutive packets! Is syncmode disabled?
{Mon 01:09:53 Step:2636} Server_Comm.py: Received a new packet while on world.update()!
{Mon 01:09:53 Step:2637} Server_Comm.py: Received a new packet while on world.update()!
{Mon 01:09:53 Step:2641} Server_Comm.py: The agent lost 3 consecutive packets! Is syncmode disabled?
{Mon 01:09:53 Step:2641} Server_Comm.py: Received a new packet while on world.update()!
{Mon 01:09:53 Step:2644} Server_Comm.py: The agent lost 2 consecutive packets! Is syncmode disabled?
{Mon 01:09:53 Step:2644} Server_Comm.py: Received a new packet while on world.update()!
{Mon 01:09:53 Step:2646} Server_Comm.py: The agent lost 1 packet! Is syncmode enabled?
{Mon 01:09:53 Step:2646} Server_Comm.py: Received a new packet while on world.update()!
{Mon 01:09:53 Step:2648} Server_Comm.py: The agent lost 1 packet! Is syncmode enabled?
{Mon 01:09:53 Step:2648} Server_Comm.py: Received a new packet while on world.update()!
{Mon 01:09:53 Step:2650} Server_Comm.py: The agent lost 1 packet! Is syncmode enabled?
{Mon 01:09:53 Step:2650} Server_Comm.py: Received a new packet while on world.update()!
{Mon 01:09:53 Step:2652} Server_Comm.py: The agent lost 1 packet! Is syncmode enabled?
{Mon 01:09:53 Step:2652} Server_Comm.py: Received a new packet while on world.update()!
{Mon 01:09:53 Step:2654} Server_Comm.py: The agent lost 1 packet! Is syncmode enabled?
{Mon 01:09:53 Step:2654} Server_Comm.py: Received a new packet while on world.update()!
{Mon 01:09:53 Step:2655} Server_Comm.py: Received a new packet while on world.update()!
{Mon 01:09:53 Step:2659} Server_Comm.py: The agent lost 3 consecutive packets! Is syncmode disabled?
{Mon 01:09:53 Step:2659} Server_Comm.py: Received a new packet while on world.update()!
{Mon 01:09:53 Step:2663} Server_Comm.py: The agent lost 3 consecutive packets! Is syncmode disabled?
{Mon 01:09:53 Step:2663} Server_Comm.py: Received a new packet while on world.update()!
{Mon 01:09:53 Step:2667} Server_Comm.py: The agent lost 3 consecutive packets! Is syncmode disabled?
{Mon 01:09:53 Step:2667} Server_Comm.py: Received a new packet while on world.update()!
{Mon 01:09:53 Step:2669} Server_Comm.py: The agent lost 1 packet! Is syncmode enabled?
{Mon 01:09:53 Step:2669} Server_Comm.py: Received a new packet while on world.update()!
{Mon 01:09:53 Step:2674} Server_Comm.py: The agent lost 4 consecutive packets! Is syncmode disabled?
{Mon 01:09:53 Step:2674} Server_Comm.py: Received a new packet while on world.update()!
{Mon 01:09:53 Step:2675} Server_Comm.py: Received a new packet while on world.update()!
{Mon 01:09:53 Step:2678} Server_Comm.py: The agent lost 2 consecutive packets! Is syncmode disabled?
{Mon 01:09:53 Step:2678} Server_Comm.py: Received a new packet while on world.update()!
{Mon 01:09:53 Step:2679} Server_Comm.py: Received a new packet while on world.update()!
{Mon 01:09:53 Step:2682} Server_Comm.py: The agent lost 2 consecutive packets! Is syncmode disabled?
{Mon 01:09:53 Step:2682} Server_Comm.py: Received a new packet while on world.update()!
{Mon 01:09:53 Step:2683} Server_Comm.py: Received a new packet while on world.update()!
{Mon 01:09:53 Step:2686} Server_Comm.py: The agent lost 2 consecutive packets! Is syncmode disabled?
{Mon 01:09:53 Step:2686} Server_Comm.py: Received a new packet while on world.update()!
{Mon 01:09:53 Step:2687} Server_Comm.py: Received a new packet while on world.update()!
{Mon 01:09:53 Step:2691} Server_Comm.py: The agent lost 3 consecutive packets! Is syncmode disabled?
{Mon 01:09:53 Step:2691} Server_Comm.py: Received a new packet while on world.update()!
{Mon 01:09:53 Step:2694} Server_Comm.py: The agent lost 2 consecutive packets! Is syncmode disabled?
{Mon 01:09:53 Step:2694} Server_Comm.py: Received a new packet while on world.update()!
{Mon 01:09:53 Step:2695} Server_Comm.py: Received a new packet while on world.update()!
{Mon 01:09:53 Step:2699} Server_Comm.py: The agent lost 3 consecutive packets! Is syncmode disabled?
{Mon 01:09:53 Step:2699} Server_Comm.py: Received a new packet while on world.update()!
{Mon 01:09:53 Step:2701} Server_Comm.py: The agent lost 1 packet! Is syncmode enabled?
{Mon 01:09:53 Step:2701} Server_Comm.py: Received a new packet while on world.update()!
{Mon 01:09:53 Step:2704} Server_Comm.py: The agent lost 2 consecutive packets! Is syncmode disabled?
{Mon 01:09:53 Step:2704} Server_Comm.py: Received a new packet while on world.update()!
{Mon 01:09:53 Step:2705} Server_Comm.py: Received a new packet while on world.update()!
{Mon 01:09:53 Step:2707} Server_Comm.py: The agent lost 1 packet! Is syncmode enabled?
{Mon 01:09:53 Step:2707} Server_Comm.py: Received a new packet while on world.update()!
{Mon 01:09:53 Step:2711} Server_Comm.py: The agent lost 3 consecutive packets! Is syncmode disabled?
{Mon 01:09:53 Step:2711} Server_Comm.py: Received a new packet while on world.update()!
{Mon 01:09:53 Step:2713} Server_Comm.py: The agent lost 1 packet! Is syncmode enabled?
{Mon 01:09:53 Step:2713} Server_Comm.py: Received a new packet while on world.update()!
{Mon 01:09:53 Step:2716} Server_Comm.py: The agent lost 2 consecutive packets! Is syncmode disabled?
{Mon 01:09:53 Step:2716} Server_Comm.py: Received a new packet while on world.update()!
{Mon 01:09:53 Step:2717} Server_Comm.py: Received a new packet while on world.update()!
{Mon 01:09:53 Step:2720} Server_Comm.py: The agent lost 2 consecutive packets! Is syncmode disabled?
{Mon 01:09:53 Step:2720} Server_Comm.py: Received a new packet while on world.update()!
{Mon 01:09:53 Step:2721} Server_Comm.py: Received a new packet while on world.update()!
{Mon 01:09:53 Step:2722} Server_Comm.py: Received a new packet while on world.update()!
{Mon 01:09:53 Step:2724} Server_Comm.py: The agent lost 1 packet! Is syncmode enabled?
{Mon 01:09:53 Step:2724} Server_Comm.py: Received a new packet while thinking!
{Mon 01:09:53 Step:2725} Server_Comm.py: Received a new packet while on world.update()!
{Mon 01:09:53 Step:2728} Server_Comm.py: The agent lost 2 consecutive packets! Is syncmode disabled?
{Mon 01:09:53 Step:2728} Server_Comm.py: Received a new packet while thinking!
{Mon 01:09:53 Step:2729} Server_Comm.py: Received a new packet while on world.update()!
{Mon 01:09:53 Step:2731} Server_Comm.py: The agent lost 1 packet! Is syncmode enabled?
{Mon 01:09:53 Step:2731} Server_Comm.py: Received a new packet while on world.update()!
{Mon 01:09:53 Step:2734} Server_Comm.py: The agent lost 2 consecutive packets! Is syncmode disabled?
{Mon 01:09:53 Step:2734} Server_Comm.py: Received a new packet while thinking!
{Mon 01:09:53 Step:2735} Server_Comm.py: Received a new packet while on world.update()!
{Mon 01:09:53 Step:2738} Server_Comm.py: The agent lost 2 consecutive packets! Is syncmode disabled?
{Mon 01:09:53 Step:2738} Server_Comm.py: Received a new packet while on world.update()!
{Mon 01:09:53 Step:2739} Server_Comm.py: Received a new packet while on world.update()!
{Mon 01:09:53 Step:2741} Server_Comm.py: The agent lost 1 packet! Is syncmode enabled?
{Mon 01:09:53 Step:2741} Server_Comm.py: Received a new packet while on world.update()!
{Mon 01:09:53 Step:2744} Server_Comm.py: The agent lost 2 consecutive packets! Is syncmode disabled?
{Mon 01:09:53 Step:2744} Server_Comm.py: Received a new packet while on world.update()!
{Mon 01:09:53 Step:2746} Server_Comm.py: The agent lost 1 packet! Is syncmode enabled?
{Mon 01:09:53 Step:2746} Server_Comm.py: Received a new packet while thinking!
{Mon 01:09:53 Step:2747} Server_Comm.py: Received a new packet while on world.update()!
{Mon 01:09:53 Step:2750} Server_Comm.py: The agent lost 2 consecutive packets! Is syncmode disabled?
{Mon 01:09:53 Step:2750} Server_Comm.py: Received a new packet while on world.update()!
{Mon 01:09:53 Step:2751} Server_Comm.py: Received a new packet while on world.update()!
{Mon 01:09:53 Step:2755} Server_Comm.py: The agent lost 3 consecutive packets! Is syncmode disabled?
{Mon 01:09:53 Step:2755} Server_Comm.py: Received a new packet while on world.update()!
{Mon 01:09:53 Step:2758} Server_Comm.py: The agent lost 2 consecutive packets! Is syncmode disabled?
{Mon 01:09:53 Step:2758} Server_Comm.py: Received a new packet while on world.update()!
{Mon 01:09:53 Step:2760} Server_Comm.py: The agent lost 1 packet! Is syncmode enabled?
{Mon 01:09:53 Step:2760} Server_Comm.py: Received a new packet while on world.update()!
{Mon 01:09:53 Step:2761} Server_Comm.py: Received a new packet while on world.update()!
{Mon 01:09:53 Step:2769} Server_Comm.py: The agent lost 7 consecutive packets! Is syncmode disabled?
{Mon 01:09:53 Step:2769} Server_Comm.py: Received a new packet while on world.update()!
{Mon 01:09:53 Step:2773} Server_Comm.py: The agent lost 3 consecutive packets! Is syncmode disabled?
{Mon 01:09:53 Step:2773} Server_Comm.py: Received a new packet while on world.update()!
{Mon 01:09:53 Step:2775} Server_Comm.py: The agent lost 1 packet! Is syncmode enabled?
{Mon 01:09:53 Step:2775} Server_Comm.py: Received a new packet while on world.update()!
{Mon 01:09:53 Step:2778} Server_Comm.py: The agent lost 2 consecutive packets! Is syncmode disabled?
{Mon 01:09:53 Step:2778} Server_Comm.py: Received a new packet while on world.update()!
{Mon 01:09:53 Step:2780} Server_Comm.py: The agent lost 1 packet! Is syncmode enabled?
{Mon 01:09:53 Step:2780} Server_Comm.py: Received a new packet while on world.update()!
{Mon 01:09:53 Step:2781} Server_Comm.py: Received a new packet while on world.update()!
{Mon 01:09:53 Step:2786} Server_Comm.py: The agent lost 4 consecutive packets! Is syncmode disabled?
{Mon 01:09:53 Step:2786} Server_Comm.py: Received a new packet while on world.update()!
{Mon 01:09:53 Step:2787} Server_Comm.py: Received a new packet while on world.update()!
{Mon 01:09:53 Step:2790} Server_Comm.py: The agent lost 2 consecutive packets! Is syncmode disabled?
{Mon 01:09:53 Step:2790} Server_Comm.py: Received a new packet while on world.update()!
{Mon 01:09:53 Step:2791} Server_Comm.py: Received a new packet while on world.update()!
{Mon 01:09:53 Step:2797} Server_Comm.py: The agent lost 5 consecutive packets! Is syncmode disabled?
{Mon 01:09:53 Step:2797} Server_Comm.py: Received a new packet while on world.update()!
{Mon 01:09:53 Step:2803} Server_Comm.py: The agent lost 5 consecutive packets! Is syncmode disabled?
{Mon 01:09:53 Step:2803} Server_Comm.py: Received a new packet while on world.update()!
{Mon 01:09:53 Step:2809} Server_Comm.py: The agent lost 5 consecutive packets! Is syncmode disabled?
{Mon 01:09:53 Step:2809} Server_Comm.py: Received a new packet while on world.update()!
{Mon 01:09:53 Step:2813} Server_Comm.py: The agent lost 3 consecutive packets! Is syncmode disabled?
{Mon 01:09:53 Step:2813} Server_Comm.py: Received a new packet while on world.update()!
{Mon 01:09:53 Step:2816} Server_Comm.py: The agent lost 2 consecutive packets! Is syncmode disabled?
{Mon 01:09:53 Step:2816} Server_Comm.py: Received a new packet while on world.update()!
{Mon 01:09:53 Step:2817} Server_Comm.py: Received a new packet while on world.update()!
{Mon 01:09:53 Step:2820} Server_Comm.py: The agent lost 2 consecutive packets! Is syncmode disabled?
{Mon 01:09:53 Step:2820} Server_Comm.py: Received a new packet while on world.update()!
{Mon 01:09:53 Step:2822} Server_Comm.py: The agent lost 1 packet! Is syncmode enabled?
{Mon 01:09:53 Step:2822} Server_Comm.py: Received a new packet while thinking!
{Mon 01:09:53 Step:2823} Server_Comm.py: Received a new packet while on world.update()!
{Mon 01:09:53 Step:2826} Server_Comm.py: The agent lost 2 consecutive packets! Is syncmode disabled?
{Mon 01:09:53 Step:2826} Server_Comm.py: Received a new packet while on world.update()!
{Mon 01:09:53 Step:2827} Server_Comm.py: Received a new packet while on world.update()!
{Mon 01:09:53 Step:2830} Server_Comm.py: The agent lost 2 consecutive packets! Is syncmode disabled?
{Mon 01:09:53 Step:2830} Server_Comm.py: Received a new packet while on world.update()!
{Mon 01:09:53 Step:2833} Server_Comm.py: The agent lost 2 consecutive packets! Is syncmode disabled?
{Mon 01:09:53 Step:2833} Server_Comm.py: Received a new packet while on world.update()!
{Mon 01:09:53 Step:2836} Server_Comm.py: The agent lost 2 consecutive packets! Is syncmode disabled?
{Mon 01:09:53 Step:2836} Server_Comm.py: Received a new packet while on world.update()!
{Mon 01:09:53 Step:2838} Server_Comm.py: The agent lost 1 packet! Is syncmode enabled?
{Mon 01:09:53 Step:2838} Server_Comm.py: Received a new packet while thinking!
{Mon 01:09:53 Step:2839} Server_Comm.py: Received a new packet while on world.update()!
{Mon 01:09:53 Step:2842} Server_Comm.py: The agent lost 2 consecutive packets! Is syncmode disabled?
{Mon 01:09:53 Step:2842} Server_Comm.py: Received a new packet while on world.update()!
{Mon 01:09:53 Step:2843} Server_Comm.py: Received a new packet while on world.update()!
{Mon 01:09:53 Step:2846} Server_Comm.py: The agent lost 2 consecutive packets! Is syncmode disabled?
{Mon 01:09:53 Step:2846} Server_Comm.py: Received a new packet while on world.update()!
{Mon 01:09:53 Step:2848} Server_Comm.py: The agent lost 1 packet! Is syncmode enabled?
{Mon 01:09:53 Step:2848} Server_Comm.py: Received a new packet while on world.update()!
{Mon 01:09:53 Step:2849} Server_Comm.py: Received a new packet while on world.update()!
{Mon 01:09:53 Step:2852} Server_Comm.py: The agent lost 2 consecutive packets! Is syncmode disabled?
{Mon 01:09:53 Step:2852} Server_Comm.py: Received a new packet while on world.update()!
{Mon 01:09:53 Step:2853} Server_Comm.py: Received a new packet while on world.update()!
{Mon 01:09:53 Step:2855} Server_Comm.py: The agent lost 1 packet! Is syncmode enabled?
{Mon 01:09:53 Step:2855} Server_Comm.py: Received a new packet while on world.update()!
{Mon 01:09:53 Step:2858} Server_Comm.py: The agent lost 2 consecutive packets! Is syncmode disabled?
{Mon 01:09:53 Step:2858} Server_Comm.py: Received a new packet while on world.update()!
{Mon 01:09:53 Step:2859} Server_Comm.py: Received a new packet while on world.update()!
{Mon 01:09:53 Step:2864} Server_Comm.py: The agent lost 4 consecutive packets! Is syncmode disabled?
{Mon 01:09:53 Step:2864} Server_Comm.py: Received a new packet while on world.update()!
{Mon 01:09:53 Step:2867} Server_Comm.py: The agent lost 2 consecutive packets! Is syncmode disabled?
{Mon 01:09:53 Step:2867} Server_Comm.py: Received a new packet while on world.update()!
{Mon 01:09:53 Step:2870} Server_Comm.py: The agent lost 2 consecutive packets! Is syncmode disabled?
{Mon 01:09:53 Step:2870} Server_Comm.py: Received a new packet while on world.update()!
{Mon 01:09:53 Step:2871} Server_Comm.py: Received a new packet while on world.update()!
{Mon 01:09:53 Step:2876} Server_Comm.py: The agent lost 4 consecutive packets! Is syncmode disabled?
{Mon 01:09:53 Step:2876} Server_Comm.py: Received a new packet while on world.update()!
{Mon 01:09:53 Step:2882} Server_Comm.py: The agent lost 5 consecutive packets! Is syncmode disabled?
{Mon 01:09:53 Step:2882} Server_Comm.py: Received a new packet while on world.update()!
{Mon 01:09:53 Step:2884} Server_Comm.py: The agent lost 1 packet! Is syncmode enabled?
{Mon 01:09:53 Step:2884} Server_Comm.py: Received a new packet while on world.update()!
{Mon 01:09:53 Step:2886} Server_Comm.py: The agent lost 1 packet! Is syncmode enabled?
{Mon 01:09:53 Step:2886} Server_Comm.py: Received a new packet while on world.update()!
{Mon 01:09:53 Step:2888} Server_Comm.py: The agent lost 1 packet! Is syncmode enabled?
{Mon 01:09:53 Step:2888} Server_Comm.py: Received a new packet while on world.update()!
{Mon 01:09:53 Step:2892} Server_Comm.py: The agent lost 3 consecutive packets! Is syncmode disabled?
{Mon 01:09:53 Step:2892} Server_Comm.py: Received a new packet while on world.update()!
{Mon 01:09:53 Step:2894} Server_Comm.py: The agent lost 1 packet! Is syncmode enabled?
{Mon 01:09:53 Step:2894} Server_Comm.py: Received a new packet while on world.update()!
{Mon 01:09:53 Step:2895} Server_Comm.py: Received a new packet while on world.update()!
{Mon 01:09:53 Step:2898} Server_Comm.py: The agent lost 2 consecutive packets! Is syncmode disabled?
{Mon 01:09:53 Step:2899} Server_Comm.py: Received a new packet while on world.update()!
{Mon 01:09:53 Step:2903} Server_Comm.py: The agent lost 2 consecutive packets! Is syncmode disabled?
{Mon 01:09:53 Step:2905} Server_Comm.py: The agent lost 1 packet! Is syncmode enabled?
{Mon 01:09:53 Step:2908} Server_Comm.py: The agent lost 2 consecutive packets! Is syncmode disabled?
{Mon 01:09:53 Step:2912} Server_Comm.py: The agent lost 3 consecutive packets! Is syncmode disabled?
{Mon 01:09:53 Step:2915} Server_Comm.py: The agent lost 2 consecutive packets! Is syncmode disabled?
{Mon 01:09:53 Step:2927} Server_Comm.py: The agent lost 11 consecutive packets! Is syncmode disabled?
{Mon 01:09:53 Step:2931} Server_Comm.py: The agent lost 3 consecutive packets! Is syncmode disabled?
{Mon 01:09:53 Step:2936} Server_Comm.py: The agent lost 4 consecutive packets! Is syncmode disabled?
{Mon 01:09:53 Step:2939} Server_Comm.py: The agent lost 2 consecutive packets! Is syncmode disabled?
{Mon 01:09:53 Step:2943} Server_Comm.py: The agent lost 3 consecutive packets! Is syncmode disabled?
{Mon 01:09:53 Step:2945} Server_Comm.py: The agent lost 1 packet! Is syncmode enabled?
{Mon 01:09:53 Step:2948} Server_Comm.py: The agent lost 2 consecutive packets! Is syncmode disabled?
{Mon 01:09:53 Step:2951} Server_Comm.py: The agent lost 2 consecutive packets! Is syncmode disabled?
{Mon 01:09:53 Step:2954} Server_Comm.py: The agent lost 2 consecutive packets! Is syncmode disabled?
{Mon 01:09:53 Step:2956} Server_Comm.py: The agent lost 1 packet! Is syncmode enabled?
{Mon 01:09:53 Step:2959} Server_Comm.py: The agent lost 2 consecutive packets! Is syncmode disabled?
{Mon 01:09:53 Step:2963} Server_Comm.py: The agent lost 3 consecutive packets! Is syncmode disabled?
{Mon 01:09:53 Step:2966} Server_Comm.py: The agent lost 2 consecutive packets! Is syncmode disabled?
{Mon 01:09:53 Step:2969} Server_Comm.py: The agent lost 2 consecutive packets! Is syncmode disabled?
{Mon 01:09:53 Step:2971} Server_Comm.py: The agent lost 1 packet! Is syncmode enabled?
{Mon 01:09:53 Step:2974} Server_Comm.py: The agent lost 2 consecutive packets! Is syncmode disabled?
{Mon 01:09:53 Step:2976} Server_Comm.py: The agent lost 1 packet! Is syncmode enabled?
{Mon 01:09:53 Step:2979} Server_Comm.py: The agent lost 2 consecutive packets! Is syncmode disabled?
{Mon 01:09:53 Step:2983} Server_Comm.py: The agent lost 3 consecutive packets! Is syncmode disabled?
{Mon 01:09:53 Step:2987} Server_Comm.py: The agent lost 3 consecutive packets! Is syncmode disabled?
{Mon 01:09:53 Step:2991} Server_Comm.py: The agent lost 3 consecutive packets! Is syncmode disabled?
{Mon 01:09:53 Step:2994} Server_Comm.py: The agent lost 2 consecutive packets! Is syncmode disabled?
{Mon 01:09:53 Step:2996} Server_Comm.py: The agent lost 1 packet! Is syncmode enabled?
{Mon 01:09:53 Step:2998} Server_Comm.py: The agent lost 1 packet! Is syncmode enabled?
{Mon 01:09:53 Step:3001} Server_Comm.py: The agent lost 2 consecutive packets! Is syncmode disabled?
{Mon 01:09:53 Step:3005} Server_Comm.py: The agent lost 1 packet! Is syncmode enabled?
{Mon 01:09:53 Step:3008} Server_Comm.py: The agent lost 1 packet! Is syncmode enabled?
{Mon 01:09:53 Step:3021} Server_Comm.py: The agent lost 1 packet! Is syncmode enabled?
{Mon 01:09:53 Step:3033} Server_Comm.py: The agent lost 1 packet! Is syncmode enabled?
{Mon 01:09:53 Step:3037} Server_Comm.py: The agent lost 1 packet! Is syncmode enabled?
{Mon 01:09:53 Step:3045} Server_Comm.py: The agent lost 1 packet! Is syncmode enabled?
{Mon 01:09:53 Step:3049} Server_Comm.py: The agent lost 1 packet! Is syncmode enabled?
{Mon 01:09:53 Step:3051} Server_Comm.py: The agent lost 1 packet! Is syncmode enabled?
{Mon 01:09:53 Step:3055} Server_Comm.py: The agent lost 1 packet! Is syncmode enabled?
{Mon 01:09:53 Step:3057} Server_Comm.py: The agent lost 1 packet! Is syncmode enabled?
{Mon 01:09:53 Step:3060} Server_Comm.py: The agent lost 1 packet! Is syncmode enabled?
{Mon 01:09:53 Step:3065} Server_Comm.py: The agent lost 1 packet! Is syncmode enabled?
{Mon 01:09:53 Step:3075} Server_Comm.py: The agent lost 1 packet! Is syncmode enabled?
{Mon 01:09:53 Step:3078} Server_Comm.py: The agent lost 2 consecutive packets! Is syncmode disabled?
{Mon 01:09:53 Step:3080} Server_Comm.py: The agent lost 1 packet! Is syncmode enabled?
{Mon 01:09:53 Step:3082} Server_Comm.py: The agent lost 1 packet! Is syncmode enabled?
{Mon 01:09:53 Step:3089} Server_Comm.py: The agent lost 6 consecutive packets! Is syncmode disabled?
{Mon 01:09:53 Step:3094} Server_Comm.py: The agent lost 4 consecutive packets! Is syncmode disabled?
{Mon 01:09:53 Step:3097} Server_Comm.py: The agent lost 2 consecutive packets! Is syncmode disabled?
{Mon 01:09:53 Step:3101} Server_Comm.py: The agent lost 3 consecutive packets! Is syncmode disabled?
{Mon 01:09:53 Step:3104} Server_Comm.py: The agent lost 2 consecutive packets! Is syncmode disabled?
{Mon 01:09:53 Step:3106} Server_Comm.py: The agent lost 1 packet! Is syncmode enabled?
{Mon 01:09:53 Step:3108} Server_Comm.py: The agent lost 1 packet! Is syncmode enabled?
{Mon 01:09:53 Step:3112} Server_Comm.py: The agent lost 2 consecutive packets! Is syncmode disabled?
{Mon 01:09:53 Step:3114} Server_Comm.py: The agent lost 1 packet! Is syncmode enabled?
{Mon 01:09:53 Step:3116} Server_Comm.py: The agent lost 1 packet! Is syncmode enabled?
{Mon 01:09:53 Step:3119} Server_Comm.py: The agent lost 2 consecutive packets! Is syncmode disabled?
{Mon 01:09:53 Step:3123} Server_Comm.py: The agent lost 3 consecutive packets! Is syncmode disabled?
{Mon 01:09:53 Step:3126} Server_Comm.py: The agent lost 2 consecutive packets! Is syncmode disabled?
{Mon 01:09:53 Step:3128} Server_Comm.py: The agent lost 1 packet! Is syncmode enabled?
{Mon 01:09:53 Step:3131} Server_Comm.py: The agent lost 1 packet! Is syncmode enabled?
{Mon 01:09:53 Step:3133} Server_Comm.py: The agent lost 1 packet! Is syncmode enabled?
{Mon 01:09:53 Step:3136} Server_Comm.py: The agent lost 2 consecutive packets! Is syncmode disabled?
{Mon 01:09:53 Step:3138} Server_Comm.py: The agent lost 1 packet! Is syncmode enabled?
{Mon 01:09:53 Step:3141} Server_Comm.py: The agent lost 1 packet! Is syncmode enabled?
{Mon 01:09:53 Step:3143} Server_Comm.py: The agent lost 1 packet! Is syncmode enabled?
{Mon 01:09:53 Step:3149} Server_Comm.py: The agent lost 1 packet! Is syncmode enabled?
{Mon 01:09:53 Step:3153} Server_Comm.py: The agent lost 1 packet! Is syncmode enabled?
{Mon 01:09:53 Step:3161} Server_Comm.py: The agent lost 1 packet! Is syncmode enabled?
{Mon 01:09:53 Step:3171} Server_Comm.py: The agent lost 1 packet! Is syncmode enabled?
{Mon 01:09:53 Step:3181} Server_Comm.py: The agent lost 1 packet! Is syncmode enabled?
{Mon 01:09:53 Step:3205} Server_Comm.py: The agent lost 1 packet! Is syncmode enabled?
{Mon 01:09:53 Step:3207} Server_Comm.py: The agent lost 1 packet! Is syncmode enabled?
{Mon 01:09:53 Step:3213} Server_Comm.py: The agent lost 1 packet! Is syncmode enabled?
{Mon 01:09:53 Step:3219} Server_Comm.py: The agent lost 1 packet! Is syncmode enabled?
{Mon 01:09:53 Step:3223} Server_Comm.py: The agent lost 3 consecutive packets! Is syncmode disabled?
{Mon 01:09:53 Step:3248} Server_Comm.py: The agent lost 24 consecutive packets! Is syncmode disabled?
{Mon 01:09:53 Step:3257} Server_Comm.py: The agent lost 8 consecutive packets! Is syncmode disabled?
{Mon 01:09:53 Step:3260} Server_Comm.py: The agent lost 2 consecutive packets! Is syncmode disabled?
{Mon 01:09:53 Step:3262} Server_Comm.py: The agent lost 1 packet! Is syncmode enabled?
{Mon 01:09:53 Step:3264} Server_Comm.py: The agent lost 1 packet! Is syncmode enabled?
{Mon 01:09:53 Step:3269} Server_Comm.py: The agent lost 3 consecutive packets! Is syncmode disabled?
{Mon 01:09:53 Step:3272} Server_Comm.py: The agent lost 2 consecutive packets! Is syncmode disabled?
{Mon 01:09:53 Step:3274} Server_Comm.py: The agent lost 1 packet! Is syncmode enabled?
{Mon 01:09:53 Step:3277} Server_Comm.py: The agent lost 1 packet! Is syncmode enabled?
{Mon 01:09:53 Step:3283} Server_Comm.py: The agent lost 1 packet! Is syncmode enabled?
{Mon 01:09:53 Step:3285} Server_Comm.py: The agent lost 1 packet! Is syncmode enabled?
{Mon 01:09:53 Step:3287} Server_Comm.py: The agent lost 1 packet! Is syncmode enabled?
{Mon 01:09:53 Step:3333} Server_Comm.py: The agent lost 1 packet! Is syncmode enabled?
{Mon 01:09:53 Step:3360} Server_Comm.py: The agent lost 2 consecutive packets! Is syncmode disabled?
{Mon 01:09:53 Step:3362} Server_Comm.py: The agent lost 1 packet! Is syncmode enabled?
{Mon 01:09:53 Step:3381} Server_Comm.py: The agent lost 18 consecutive packets! Is syncmode disabled?
{Mon 01:09:53 Step:3390} Server_Comm.py: The agent lost 8 consecutive packets! Is syncmode disabled?
{Mon 01:09:53 Step:3393} Server_Comm.py: The agent lost 2 consecutive packets! Is syncmode disabled?
{Mon 01:09:53 Step:3398} Server_Comm.py: The agent lost 4 consecutive packets! Is syncmode disabled?
{Mon 01:09:53 Step:3401} Server_Comm.py: The agent lost 2 consecutive packets! Is syncmode disabled?
{Mon 01:09:53 Step:3404} Server_Comm.py: The agent lost 2 consecutive packets! Is syncmode disabled?
{Mon 01:09:53 Step:3406} Server_Comm.py: The agent lost 1 packet! Is syncmode enabled?
{Mon 01:09:53 Step:3408} Server_Comm.py: The agent lost 1 packet! Is syncmode enabled?
{Mon 01:09:53 Step:3410} Server_Comm.py: The agent lost 1 packet! Is syncmode enabled?
{Mon 01:09:53 Step:3411} Server_Comm.py: Received a new packet while thinking!
