{Mon 23:38:37 Step:61} Server_Comm.py: Received a new packet while thinking!
{Mon 23:39:11 Step:1749} Server_Comm.py: Received a new packet while thinking!
{Mon 23:39:11 Step:1752} Server_Comm.py: Received a new packet while on world.update()!
{Mon 23:39:12 Step:1755} Server_Comm.py: Received a new packet while thinking!
{Mon 23:39:12 Step:1759} Server_Comm.py: Received a new packet while thinking!
{Mon 23:39:12 Step:1767} Server_Comm.py: Received a new packet while on world.update()!
{Mon 23:39:12 Step:1785} Server_Comm.py: Received a new packet while thinking!
{Mon 23:39:12 Step:1788} Server_Comm.py: Received a new packet while thinking!
{Mon 23:39:17 Step:2035} World_Parser.py: Received field line with NaNs [  nan   nan   nan  9.27 -6.18 59.63]
{Mon 23:39:23 Step:2307} Server_Comm.py: Received a new packet while thinking!
{Mon 23:39:55 Step:3915} Server_Comm.py: Received a new packet while thinking!
{Mon 23:39:55 Step:3924} Server_Comm.py: Received a new packet while thinking!
{Mon 23:39:55 Step:3933} Server_Comm.py: Received a new packet while thinking!
{Mon 23:39:55 Step:3936} Server_Comm.py: Received a new packet while thinking!
{Mon 23:39:56 Step:3939} Server_Comm.py: Received a new packet while thinking!
{Mon 23:39:56 Step:3942} Server_Comm.py: Received a new packet while thinking!
{Mon 23:39:56 Step:3948} Server_Comm.py: Received a new packet while thinking!
{Mon 23:39:56 Step:3951} Server_Comm.py: Received a new packet while thinking!
{Mon 23:39:56 Step:3957} Server_Comm.py: Received a new packet while thinking!
{Mon 23:39:56 Step:3960} Server_Comm.py: Received a new packet while thinking!
{Mon 23:39:56 Step:3963} Server_Comm.py: Received a new packet while thinking!
{Mon 23:39:56 Step:3972} Server_Comm.py: Received a new packet while thinking!
{Mon 23:39:56 Step:3975} Server_Comm.py: Received a new packet while thinking!
{Mon 23:39:56 Step:3978} Server_Comm.py: Received a new packet while thinking!
{Mon 23:39:56 Step:3984} Server_Comm.py: Received a new packet while thinking!
{Mon 23:39:57 Step:3990} Server_Comm.py: Received a new packet while thinking!
{Mon 23:39:57 Step:3993} Server_Comm.py: Received a new packet while thinking!
{Mon 23:39:57 Step:3996} Server_Comm.py: Received a new packet while thinking!
{Mon 23:39:57 Step:3999} Server_Comm.py: Received a new packet while thinking!
{Mon 23:39:57 Step:4002} Server_Comm.py: Received a new packet while thinking!
{Mon 23:39:57 Step:4005} Server_Comm.py: Received a new packet while thinking!
{Mon 23:39:57 Step:4008} Server_Comm.py: Received a new packet while thinking!
{Mon 23:39:57 Step:4011} Server_Comm.py: Received a new packet while thinking!
{Mon 23:39:57 Step:4014} Server_Comm.py: Received a new packet while thinking!
{Mon 23:39:57 Step:4017} Server_Comm.py: Received a new packet while thinking!
{Mon 23:39:57 Step:4020} Server_Comm.py: Received a new packet while thinking!
{Mon 23:39:57 Step:4023} Server_Comm.py: Received a new packet while thinking!
{Mon 23:39:57 Step:4026} Server_Comm.py: Received a new packet while thinking!
{Mon 23:39:57 Step:4029} Server_Comm.py: Received a new packet while thinking!
{Mon 23:39:57 Step:4032} Server_Comm.py: Received a new packet while thinking!
{Mon 23:39:57 Step:4035} Server_Comm.py: Received a new packet while thinking!
{Mon 23:39:58 Step:4038} Server_Comm.py: Received a new packet while thinking!
{Mon 23:39:58 Step:4041} Server_Comm.py: Received a new packet while thinking!
{Mon 23:39:58 Step:4044} Server_Comm.py: Received a new packet while thinking!
{Mon 23:39:58 Step:4047} Server_Comm.py: Received a new packet while thinking!
{Mon 23:39:58 Step:4050} Server_Comm.py: Received a new packet while thinking!
{Mon 23:39:58 Step:4053} Server_Comm.py: Received a new packet while thinking!
{Mon 23:39:58 Step:4056} Server_Comm.py: Received a new packet while thinking!
{Mon 23:39:58 Step:4059} Server_Comm.py: Received a new packet while thinking!
{Mon 23:39:58 Step:4062} Server_Comm.py: Received a new packet while thinking!
{Mon 23:39:58 Step:4065} Server_Comm.py: Received a new packet while thinking!
{Mon 23:39:58 Step:4068} Server_Comm.py: Received a new packet while thinking!
{Mon 23:39:58 Step:4071} Server_Comm.py: Received a new packet while thinking!
{Mon 23:39:58 Step:4074} Server_Comm.py: Received a new packet while thinking!
{Mon 23:39:58 Step:4077} Server_Comm.py: Received a new packet while thinking!
{Mon 23:39:58 Step:4080} Server_Comm.py: Received a new packet while thinking!
{Mon 23:39:58 Step:4083} Server_Comm.py: Received a new packet while thinking!
{Mon 23:39:59 Step:4086} Server_Comm.py: Received a new packet while thinking!
{Mon 23:39:59 Step:4089} Server_Comm.py: Received a new packet while thinking!
{Mon 23:39:59 Step:4092} Server_Comm.py: Received a new packet while thinking!
{Mon 23:39:59 Step:4095} Server_Comm.py: Received a new packet while thinking!
{Mon 23:39:59 Step:4098} Server_Comm.py: Received a new packet while thinking!
{Mon 23:39:59 Step:4101} Server_Comm.py: Received a new packet while thinking!
{Mon 23:39:59 Step:4104} Server_Comm.py: Received a new packet while thinking!
{Mon 23:39:59 Step:4107} Server_Comm.py: Received a new packet while thinking!
{Mon 23:39:59 Step:4110} Server_Comm.py: Received a new packet while thinking!
{Mon 23:39:59 Step:4113} Server_Comm.py: Received a new packet while thinking!
{Mon 23:39:59 Step:4116} Server_Comm.py: Received a new packet while thinking!
{Mon 23:39:59 Step:4119} Server_Comm.py: Received a new packet while thinking!
{Mon 23:39:59 Step:4122} Server_Comm.py: Received a new packet while thinking!
{Mon 23:39:59 Step:4125} Server_Comm.py: Received a new packet while thinking!
{Mon 23:39:59 Step:4128} Server_Comm.py: Received a new packet while thinking!
{Mon 23:39:59 Step:4131} Server_Comm.py: Received a new packet while thinking!
{Mon 23:39:59 Step:4134} Server_Comm.py: Received a new packet while thinking!
{Mon 23:40:00 Step:4137} Server_Comm.py: Received a new packet while thinking!
{Mon 23:40:00 Step:4140} Server_Comm.py: Received a new packet while thinking!
{Mon 23:40:00 Step:4143} Server_Comm.py: Received a new packet while thinking!
{Mon 23:40:00 Step:4146} Server_Comm.py: Received a new packet while thinking!
{Mon 23:40:00 Step:4149} Server_Comm.py: Received a new packet while thinking!
{Mon 23:40:00 Step:4152} Server_Comm.py: Received a new packet while thinking!
{Mon 23:40:00 Step:4155} Server_Comm.py: Received a new packet while thinking!
{Mon 23:40:00 Step:4158} Server_Comm.py: Received a new packet while thinking!
{Mon 23:40:00 Step:4161} Server_Comm.py: Received a new packet while thinking!
{Mon 23:40:00 Step:4164} Server_Comm.py: Received a new packet while thinking!
{Mon 23:40:00 Step:4167} Server_Comm.py: Received a new packet while thinking!
{Mon 23:40:00 Step:4170} Server_Comm.py: Received a new packet while thinking!
{Mon 23:40:00 Step:4173} Server_Comm.py: Received a new packet while thinking!
{Mon 23:40:00 Step:4176} Server_Comm.py: Received a new packet while thinking!
{Mon 23:40:00 Step:4179} Server_Comm.py: Received a new packet while thinking!
{Mon 23:40:00 Step:4182} Server_Comm.py: Received a new packet while thinking!
{Mon 23:40:01 Step:4185} Server_Comm.py: Received a new packet while thinking!
{Mon 23:40:01 Step:4188} Server_Comm.py: Received a new packet while thinking!
{Mon 23:40:01 Step:4191} Server_Comm.py: Received a new packet while thinking!
{Mon 23:40:01 Step:4194} Server_Comm.py: Received a new packet while thinking!
{Mon 23:40:01 Step:4197} Server_Comm.py: Received a new packet while thinking!
{Mon 23:40:01 Step:4200} Server_Comm.py: Received a new packet while thinking!
{Mon 23:40:01 Step:4203} Server_Comm.py: Received a new packet while thinking!
{Mon 23:40:01 Step:4206} Server_Comm.py: Received a new packet while thinking!
{Mon 23:40:01 Step:4209} Server_Comm.py: Received a new packet while thinking!
{Mon 23:40:01 Step:4212} Server_Comm.py: Received a new packet while thinking!
{Mon 23:40:01 Step:4215} Server_Comm.py: Received a new packet while thinking!
{Mon 23:40:01 Step:4218} Server_Comm.py: Received a new packet while thinking!
{Mon 23:40:01 Step:4221} Server_Comm.py: Received a new packet while thinking!
{Mon 23:40:01 Step:4224} Server_Comm.py: Received a new packet while thinking!
{Mon 23:40:01 Step:4227} Server_Comm.py: Received a new packet while thinking!
{Mon 23:40:01 Step:4230} Server_Comm.py: Received a new packet while thinking!
{Mon 23:40:02 Step:4233} Server_Comm.py: Received a new packet while thinking!
{Mon 23:40:02 Step:4236} Server_Comm.py: Received a new packet while thinking!
{Mon 23:40:02 Step:4239} Server_Comm.py: Received a new packet while thinking!
{Mon 23:40:02 Step:4242} Server_Comm.py: Received a new packet while thinking!
{Mon 23:40:02 Step:4245} Server_Comm.py: Received a new packet while thinking!
{Mon 23:40:02 Step:4248} Server_Comm.py: Received a new packet while thinking!
{Mon 23:40:02 Step:4251} Server_Comm.py: Received a new packet while thinking!
{Mon 23:40:02 Step:4254} Server_Comm.py: Received a new packet while thinking!
{Mon 23:40:02 Step:4257} Server_Comm.py: Received a new packet while thinking!
{Mon 23:40:02 Step:4260} Server_Comm.py: Received a new packet while thinking!
{Mon 23:40:02 Step:4263} Server_Comm.py: Received a new packet while thinking!
{Mon 23:40:02 Step:4266} Server_Comm.py: Received a new packet while thinking!
{Mon 23:40:02 Step:4269} Server_Comm.py: Received a new packet while thinking!
{Mon 23:40:02 Step:4272} Server_Comm.py: Received a new packet while thinking!
{Mon 23:40:02 Step:4275} Server_Comm.py: Received a new packet while thinking!
{Mon 23:40:02 Step:4278} Server_Comm.py: Received a new packet while thinking!
{Mon 23:40:02 Step:4281} Server_Comm.py: Received a new packet while thinking!
{Mon 23:40:03 Step:4284} Server_Comm.py: Received a new packet while thinking!
{Mon 23:40:03 Step:4287} Server_Comm.py: Received a new packet while thinking!
{Mon 23:40:03 Step:4290} Server_Comm.py: Received a new packet while thinking!
{Mon 23:40:03 Step:4293} Server_Comm.py: Received a new packet while thinking!
{Mon 23:40:03 Step:4296} Server_Comm.py: Received a new packet while thinking!
{Mon 23:40:03 Step:4299} Server_Comm.py: Received a new packet while thinking!
{Mon 23:40:03 Step:4303} Server_Comm.py: The agent lost 1 packet! Is syncmode enabled?
{Mon 23:42:45 Step:12327} Server_Comm.py: Received a new packet while thinking!
{Mon 23:42:45 Step:12329} Server_Comm.py: The agent lost 1 packet! Is syncmode enabled?
{Mon 23:42:45 Step:12336} Server_Comm.py: Received a new packet while thinking!
{Mon 23:42:45 Step:12338} Server_Comm.py: The agent lost 1 packet! Is syncmode enabled?
{Mon 23:42:59 Step:13029} Server_Comm.py: Received a new packet while thinking!
{Mon 23:42:59 Step:13053} Server_Comm.py: Received a new packet while thinking!
{Mon 23:42:59 Step:13056} Server_Comm.py: Received a new packet while thinking!
{Mon 23:42:59 Step:13059} Server_Comm.py: Received a new packet while thinking!
{Mon 23:43:00 Step:13062} Server_Comm.py: Received a new packet while thinking!
{Mon 23:43:00 Step:13063} Server_Comm.py: Received a new packet while thinking!
{Mon 23:43:00 Step:13071} Server_Comm.py: Received a new packet while thinking!
{Mon 23:43:00 Step:13074} Server_Comm.py: Received a new packet while thinking!
{Mon 23:43:00 Step:13083} Server_Comm.py: Received a new packet while thinking!
{Mon 23:43:00 Step:13086} Server_Comm.py: Received a new packet while thinking!
{Mon 23:43:00 Step:13107} Server_Comm.py: Received a new packet while thinking!
{Mon 23:43:00 Step:13110} Server_Comm.py: Received a new packet while thinking!
{Mon 23:43:01 Step:13113} Server_Comm.py: Received a new packet while thinking!
{Mon 23:43:01 Step:13116} Server_Comm.py: Received a new packet while thinking!
{Mon 23:43:01 Step:13119} Server_Comm.py: Received a new packet while thinking!
{Mon 23:43:01 Step:13122} Server_Comm.py: Received a new packet while thinking!
{Mon 23:43:01 Step:13125} Server_Comm.py: Received a new packet while thinking!
{Mon 23:43:01 Step:13128} Server_Comm.py: Received a new packet while thinking!
{Mon 23:43:01 Step:13131} Server_Comm.py: Received a new packet while thinking!
{Mon 23:43:01 Step:13134} Server_Comm.py: Received a new packet while thinking!
{Mon 23:43:01 Step:13137} Server_Comm.py: Received a new packet while thinking!
{Mon 23:43:01 Step:13140} Server_Comm.py: Received a new packet while thinking!
{Mon 23:43:01 Step:13143} Server_Comm.py: Received a new packet while thinking!
{Mon 23:43:01 Step:13146} Server_Comm.py: Received a new packet while thinking!
{Mon 23:43:01 Step:13149} Server_Comm.py: Received a new packet while thinking!
{Mon 23:43:01 Step:13152} Server_Comm.py: Received a new packet while thinking!
{Mon 23:43:01 Step:13155} Server_Comm.py: Received a new packet while thinking!
{Mon 23:43:01 Step:13158} Server_Comm.py: Received a new packet while thinking!
{Mon 23:43:01 Step:13161} Server_Comm.py: Received a new packet while thinking!
{Mon 23:43:02 Step:13164} Server_Comm.py: Received a new packet while thinking!
{Mon 23:43:02 Step:13167} Server_Comm.py: Received a new packet while thinking!
{Mon 23:43:02 Step:13170} Server_Comm.py: Received a new packet while thinking!
{Mon 23:43:02 Step:13173} Server_Comm.py: Received a new packet while thinking!
{Mon 23:43:02 Step:13176} Server_Comm.py: Received a new packet while thinking!
{Mon 23:43:02 Step:13179} Server_Comm.py: Received a new packet while thinking!
{Mon 23:43:02 Step:13182} Server_Comm.py: Received a new packet while thinking!
{Mon 23:43:02 Step:13185} Server_Comm.py: Received a new packet while thinking!
{Mon 23:43:02 Step:13188} Server_Comm.py: Received a new packet while thinking!
{Mon 23:43:02 Step:13191} Server_Comm.py: Received a new packet while thinking!
{Mon 23:43:02 Step:13194} Server_Comm.py: Received a new packet while thinking!
{Mon 23:43:02 Step:13197} Server_Comm.py: Received a new packet while thinking!
{Mon 23:43:02 Step:13200} Server_Comm.py: Received a new packet while thinking!
{Mon 23:43:02 Step:13203} Server_Comm.py: Received a new packet while thinking!
{Mon 23:43:02 Step:13206} Server_Comm.py: Received a new packet while thinking!
{Mon 23:43:02 Step:13209} Server_Comm.py: Received a new packet while thinking!
{Mon 23:43:03 Step:13212} Server_Comm.py: Received a new packet while thinking!
{Mon 23:43:03 Step:13215} Server_Comm.py: Received a new packet while thinking!
{Mon 23:43:03 Step:13218} Server_Comm.py: Received a new packet while thinking!
{Mon 23:43:03 Step:13221} Server_Comm.py: Received a new packet while thinking!
{Mon 23:43:03 Step:13224} Server_Comm.py: Received a new packet while thinking!
{Mon 23:43:03 Step:13227} Server_Comm.py: Received a new packet while thinking!
{Mon 23:43:03 Step:13230} Server_Comm.py: Received a new packet while thinking!
{Mon 23:43:03 Step:13233} Server_Comm.py: Received a new packet while thinking!
{Mon 23:43:03 Step:13236} Server_Comm.py: Received a new packet while thinking!
{Mon 23:43:03 Step:13239} Server_Comm.py: Received a new packet while thinking!
{Mon 23:43:03 Step:13242} Server_Comm.py: Received a new packet while thinking!
{Mon 23:43:03 Step:13245} Server_Comm.py: Received a new packet while thinking!
{Mon 23:43:03 Step:13248} Server_Comm.py: Received a new packet while thinking!
{Mon 23:43:03 Step:13251} Server_Comm.py: Received a new packet while thinking!
{Mon 23:43:03 Step:13254} Server_Comm.py: Received a new packet while thinking!
{Mon 23:43:03 Step:13257} Server_Comm.py: Received a new packet while thinking!
{Mon 23:43:03 Step:13260} Server_Comm.py: Received a new packet while thinking!
{Mon 23:43:04 Step:13263} Server_Comm.py: Received a new packet while thinking!
{Mon 23:43:04 Step:13266} Server_Comm.py: Received a new packet while thinking!
{Mon 23:43:04 Step:13269} Server_Comm.py: Received a new packet while thinking!
{Mon 23:43:04 Step:13272} Server_Comm.py: Received a new packet while thinking!
{Mon 23:43:04 Step:13275} Server_Comm.py: Received a new packet while thinking!
{Mon 23:43:04 Step:13278} Server_Comm.py: Received a new packet while thinking!
{Mon 23:43:04 Step:13281} Server_Comm.py: Received a new packet while thinking!
{Mon 23:43:04 Step:13284} Server_Comm.py: Received a new packet while thinking!
{Mon 23:43:04 Step:13287} Server_Comm.py: Received a new packet while thinking!
{Mon 23:43:04 Step:13290} Server_Comm.py: Received a new packet while thinking!
{Mon 23:43:04 Step:13293} Server_Comm.py: Received a new packet while thinking!
{Mon 23:43:04 Step:13296} Server_Comm.py: Received a new packet while thinking!
{Mon 23:43:04 Step:13299} Server_Comm.py: Received a new packet while thinking!
{Mon 23:43:04 Step:13302} Server_Comm.py: Received a new packet while thinking!
{Mon 23:43:04 Step:13305} Server_Comm.py: Received a new packet while thinking!
{Mon 23:43:04 Step:13308} Server_Comm.py: Received a new packet while thinking!
{Mon 23:43:05 Step:13311} Server_Comm.py: Received a new packet while thinking!
{Mon 23:43:05 Step:13314} Server_Comm.py: Received a new packet while thinking!
{Mon 23:43:05 Step:13317} Server_Comm.py: Received a new packet while thinking!
{Mon 23:43:05 Step:13320} Server_Comm.py: Received a new packet while thinking!
{Mon 23:43:05 Step:13323} Server_Comm.py: Received a new packet while thinking!
{Mon 23:43:05 Step:13326} Server_Comm.py: Received a new packet while thinking!
{Mon 23:43:05 Step:13329} Server_Comm.py: Received a new packet while thinking!
{Mon 23:43:05 Step:13332} Server_Comm.py: Received a new packet while thinking!
{Mon 23:43:05 Step:13335} Server_Comm.py: Received a new packet while thinking!
{Mon 23:43:05 Step:13338} Server_Comm.py: Received a new packet while thinking!
{Mon 23:43:05 Step:13341} Server_Comm.py: Received a new packet while thinking!
{Mon 23:43:05 Step:13344} Server_Comm.py: Received a new packet while thinking!
{Mon 23:43:05 Step:13347} Server_Comm.py: Received a new packet while thinking!
{Mon 23:43:05 Step:13350} Server_Comm.py: Received a new packet while thinking!
{Mon 23:43:05 Step:13353} Server_Comm.py: Received a new packet while thinking!
{Mon 23:43:05 Step:13356} Server_Comm.py: Received a new packet while thinking!
{Mon 23:43:05 Step:13359} Server_Comm.py: Received a new packet while thinking!
{Mon 23:43:06 Step:13362} Server_Comm.py: Received a new packet while thinking!
{Mon 23:43:06 Step:13365} Server_Comm.py: Received a new packet while thinking!
{Mon 23:43:06 Step:13368} Server_Comm.py: Received a new packet while thinking!
{Mon 23:43:06 Step:13371} Server_Comm.py: Received a new packet while thinking!
{Mon 23:43:06 Step:13374} Server_Comm.py: Received a new packet while thinking!
{Mon 23:43:06 Step:13377} Server_Comm.py: Received a new packet while thinking!
{Mon 23:43:06 Step:13380} Server_Comm.py: Received a new packet while thinking!
{Mon 23:43:06 Step:13383} Server_Comm.py: Received a new packet while thinking!
{Mon 23:43:06 Step:13386} Server_Comm.py: Received a new packet while thinking!
{Mon 23:43:06 Step:13389} Server_Comm.py: Received a new packet while thinking!
{Mon 23:43:06 Step:13392} Server_Comm.py: Received a new packet while thinking!
{Mon 23:43:06 Step:13395} Server_Comm.py: Received a new packet while thinking!
{Mon 23:43:06 Step:13398} Server_Comm.py: Received a new packet while thinking!
{Mon 23:43:06 Step:13401} Server_Comm.py: Received a new packet while thinking!
{Mon 23:43:06 Step:13404} Server_Comm.py: Received a new packet while thinking!
{Mon 23:43:06 Step:13407} Server_Comm.py: Received a new packet while thinking!
{Mon 23:43:07 Step:13410} Server_Comm.py: Received a new packet while thinking!
{Mon 23:43:07 Step:13413} Server_Comm.py: Received a new packet while thinking!
{Mon 23:43:07 Step:13416} Server_Comm.py: Received a new packet while thinking!
{Mon 23:43:07 Step:13419} Server_Comm.py: Received a new packet while thinking!
{Mon 23:43:07 Step:13422} Server_Comm.py: Received a new packet while thinking!
{Mon 23:43:07 Step:13425} Server_Comm.py: Received a new packet while thinking!
{Mon 23:43:07 Step:13428} Server_Comm.py: Received a new packet while thinking!
{Mon 23:43:07 Step:13431} Server_Comm.py: Received a new packet while thinking!
{Mon 23:43:07 Step:13434} Server_Comm.py: Received a new packet while thinking!
{Mon 23:43:07 Step:13437} Server_Comm.py: Received a new packet while thinking!
{Mon 23:43:07 Step:13440} Server_Comm.py: Received a new packet while thinking!
{Mon 23:43:07 Step:13443} Server_Comm.py: Received a new packet while thinking!
{Mon 23:43:07 Step:13446} Server_Comm.py: Received a new packet while thinking!
{Mon 23:43:07 Step:13449} Server_Comm.py: Received a new packet while thinking!
{Mon 23:43:07 Step:13452} Server_Comm.py: Received a new packet while thinking!
{Mon 23:43:07 Step:13455} Server_Comm.py: Received a new packet while thinking!
{Mon 23:43:07 Step:13458} Server_Comm.py: Received a new packet while thinking!
{Mon 23:43:08 Step:13461} Server_Comm.py: Received a new packet while thinking!
{Mon 23:43:08 Step:13464} Server_Comm.py: Received a new packet while thinking!
{Mon 23:43:08 Step:13467} Server_Comm.py: Received a new packet while thinking!
{Mon 23:43:08 Step:13470} Server_Comm.py: Received a new packet while thinking!
{Mon 23:43:08 Step:13473} Server_Comm.py: Received a new packet while thinking!
{Mon 23:43:08 Step:13476} Server_Comm.py: Received a new packet while thinking!
{Mon 23:43:08 Step:13479} Server_Comm.py: Received a new packet while thinking!
{Mon 23:43:08 Step:13482} Server_Comm.py: Received a new packet while thinking!
{Mon 23:43:08 Step:13485} Server_Comm.py: Received a new packet while thinking!
{Mon 23:43:08 Step:13488} Server_Comm.py: Received a new packet while thinking!
{Mon 23:43:08 Step:13491} Server_Comm.py: Received a new packet while thinking!
{Mon 23:43:08 Step:13494} Server_Comm.py: Received a new packet while thinking!
{Mon 23:43:08 Step:13497} Server_Comm.py: Received a new packet while thinking!
{Mon 23:43:08 Step:13500} Server_Comm.py: Received a new packet while thinking!
{Mon 23:43:08 Step:13503} Server_Comm.py: Received a new packet while thinking!
{Mon 23:43:08 Step:13506} Server_Comm.py: Received a new packet while thinking!
{Mon 23:43:08 Step:13509} Server_Comm.py: Received a new packet while thinking!
{Mon 23:43:09 Step:13512} Server_Comm.py: Received a new packet while thinking!
{Mon 23:43:09 Step:13515} Server_Comm.py: Received a new packet while thinking!
{Mon 23:43:09 Step:13518} Server_Comm.py: Received a new packet while thinking!
{Mon 23:43:09 Step:13527} Server_Comm.py: Received a new packet while thinking!
{Mon 23:43:09 Step:13533} Server_Comm.py: Received a new packet while thinking!
{Mon 23:43:09 Step:13536} Server_Comm.py: Received a new packet while thinking!
{Mon 23:43:09 Step:13539} Server_Comm.py: Received a new packet while thinking!
{Mon 23:43:11 Step:13638} Server_Comm.py: Received a new packet while thinking!
{Mon 23:43:11 Step:13656} Server_Comm.py: Received a new packet while thinking!
{Mon 23:43:18 Step:13953} Server_Comm.py: Received a new packet while thinking!
{Mon 23:43:18 Step:13956} Server_Comm.py: Received a new packet while thinking!
{Mon 23:43:18 Step:13962} Server_Comm.py: Received a new packet while thinking!
{Mon 23:43:18 Step:13965} Server_Comm.py: Received a new packet while thinking!
{Mon 23:43:18 Step:13968} Server_Comm.py: Received a new packet while thinking!
{Mon 23:43:18 Step:13971} Server_Comm.py: Received a new packet while thinking!
{Mon 23:43:18 Step:13977} Server_Comm.py: Received a new packet while thinking!
{Mon 23:43:18 Step:13980} Server_Comm.py: Received a new packet while thinking!
{Mon 23:43:18 Step:13983} Server_Comm.py: Received a new packet while thinking!
{Mon 23:43:18 Step:13986} Server_Comm.py: Received a new packet while thinking!
{Mon 23:43:18 Step:13989} Server_Comm.py: Received a new packet while thinking!
{Mon 23:43:18 Step:13992} Server_Comm.py: Received a new packet while thinking!
{Mon 23:43:18 Step:13995} Server_Comm.py: Received a new packet while thinking!
{Mon 23:43:18 Step:13998} Server_Comm.py: Received a new packet while thinking!
{Mon 23:43:18 Step:14001} Server_Comm.py: Received a new packet while thinking!
{Mon 23:43:19 Step:14004} Server_Comm.py: Received a new packet while thinking!
{Mon 23:43:19 Step:14007} Server_Comm.py: Received a new packet while thinking!
{Mon 23:43:19 Step:14019} Server_Comm.py: Received a new packet while thinking!
{Mon 23:43:19 Step:14022} Server_Comm.py: Received a new packet while thinking!
{Mon 23:43:19 Step:14025} Server_Comm.py: Received a new packet while thinking!
{Mon 23:43:19 Step:14028} Server_Comm.py: Received a new packet while thinking!
{Mon 23:43:19 Step:14031} Server_Comm.py: Received a new packet while thinking!
{Mon 23:43:19 Step:14034} Server_Comm.py: Received a new packet while thinking!
{Mon 23:43:19 Step:14037} Server_Comm.py: Received a new packet while thinking!
{Mon 23:43:19 Step:14040} Server_Comm.py: Received a new packet while thinking!
{Mon 23:43:19 Step:14043} Server_Comm.py: Received a new packet while thinking!
{Mon 23:43:19 Step:14046} Server_Comm.py: Received a new packet while thinking!
{Mon 23:43:19 Step:14049} Server_Comm.py: Received a new packet while thinking!
{Mon 23:43:20 Step:14052} Server_Comm.py: Received a new packet while thinking!
{Mon 23:43:20 Step:14055} Server_Comm.py: Received a new packet while thinking!
{Mon 23:43:20 Step:14058} Server_Comm.py: Received a new packet while thinking!
{Mon 23:43:20 Step:14061} Server_Comm.py: Received a new packet while thinking!
{Mon 23:43:20 Step:14064} Server_Comm.py: Received a new packet while thinking!
{Mon 23:43:20 Step:14067} Server_Comm.py: Received a new packet while thinking!
{Mon 23:43:20 Step:14070} Server_Comm.py: Received a new packet while thinking!
{Mon 23:43:20 Step:14073} Server_Comm.py: Received a new packet while thinking!
{Mon 23:43:20 Step:14076} Server_Comm.py: Received a new packet while thinking!
{Mon 23:43:20 Step:14079} Server_Comm.py: Received a new packet while thinking!
{Mon 23:43:20 Step:14082} Server_Comm.py: Received a new packet while thinking!
{Mon 23:43:20 Step:14085} Server_Comm.py: Received a new packet while thinking!
{Mon 23:43:20 Step:14088} Server_Comm.py: Received a new packet while thinking!
{Mon 23:43:20 Step:14091} Server_Comm.py: Received a new packet while thinking!
{Mon 23:43:20 Step:14094} Server_Comm.py: Received a new packet while thinking!
{Mon 23:43:20 Step:14097} Server_Comm.py: Received a new packet while thinking!
{Mon 23:43:20 Step:14100} Server_Comm.py: Received a new packet while thinking!
{Mon 23:43:21 Step:14103} Server_Comm.py: Received a new packet while thinking!
{Mon 23:43:21 Step:14106} Server_Comm.py: Received a new packet while thinking!
{Mon 23:43:21 Step:14109} Server_Comm.py: Received a new packet while thinking!
{Mon 23:43:21 Step:14112} Server_Comm.py: Received a new packet while thinking!
{Mon 23:43:21 Step:14115} Server_Comm.py: Received a new packet while thinking!
{Mon 23:43:21 Step:14118} Server_Comm.py: Received a new packet while thinking!
{Mon 23:43:21 Step:14121} Server_Comm.py: Received a new packet while thinking!
{Mon 23:43:21 Step:14124} Server_Comm.py: Received a new packet while thinking!
{Mon 23:43:21 Step:14127} Server_Comm.py: Received a new packet while thinking!
{Mon 23:43:21 Step:14130} Server_Comm.py: Received a new packet while thinking!
{Mon 23:43:21 Step:14133} Server_Comm.py: Received a new packet while thinking!
{Mon 23:43:21 Step:14136} Server_Comm.py: Received a new packet while thinking!
{Mon 23:43:21 Step:14139} Server_Comm.py: Received a new packet while thinking!
{Mon 23:43:21 Step:14142} Server_Comm.py: Received a new packet while thinking!
{Mon 23:43:21 Step:14145} Server_Comm.py: Received a new packet while thinking!
{Mon 23:43:21 Step:14148} Server_Comm.py: Received a new packet while thinking!
{Mon 23:43:22 Step:14151} Server_Comm.py: Received a new packet while thinking!
{Mon 23:43:22 Step:14154} Server_Comm.py: Received a new packet while thinking!
{Mon 23:43:22 Step:14157} Server_Comm.py: Received a new packet while thinking!
{Mon 23:43:22 Step:14160} Server_Comm.py: Received a new packet while thinking!
{Mon 23:43:22 Step:14163} Server_Comm.py: Received a new packet while thinking!
{Mon 23:43:22 Step:14166} Server_Comm.py: Received a new packet while thinking!
{Mon 23:43:22 Step:14169} Server_Comm.py: Received a new packet while thinking!
{Mon 23:43:22 Step:14172} Server_Comm.py: Received a new packet while thinking!
{Mon 23:43:22 Step:14175} Server_Comm.py: Received a new packet while thinking!
{Mon 23:43:22 Step:14178} Server_Comm.py: Received a new packet while thinking!
{Mon 23:43:22 Step:14181} Server_Comm.py: Received a new packet while thinking!
{Mon 23:43:22 Step:14184} Server_Comm.py: Received a new packet while thinking!
{Mon 23:43:22 Step:14187} Server_Comm.py: Received a new packet while thinking!
{Mon 23:43:22 Step:14190} Server_Comm.py: Received a new packet while thinking!
{Mon 23:43:22 Step:14193} Server_Comm.py: Received a new packet while thinking!
{Mon 23:43:22 Step:14196} Server_Comm.py: Received a new packet while thinking!
{Mon 23:43:22 Step:14199} Server_Comm.py: Received a new packet while thinking!
{Mon 23:43:23 Step:14202} Server_Comm.py: Received a new packet while thinking!
{Mon 23:43:23 Step:14205} Server_Comm.py: Received a new packet while thinking!
{Mon 23:43:23 Step:14208} Server_Comm.py: Received a new packet while thinking!
{Mon 23:43:23 Step:14211} Server_Comm.py: Received a new packet while thinking!
{Mon 23:43:23 Step:14214} Server_Comm.py: Received a new packet while thinking!
{Mon 23:43:23 Step:14217} Server_Comm.py: Received a new packet while thinking!
{Mon 23:43:23 Step:14220} Server_Comm.py: Received a new packet while thinking!
{Mon 23:43:23 Step:14223} Server_Comm.py: Received a new packet while thinking!
{Mon 23:43:23 Step:14226} Server_Comm.py: Received a new packet while thinking!
{Mon 23:43:23 Step:14229} Server_Comm.py: Received a new packet while thinking!
{Mon 23:43:23 Step:14232} Server_Comm.py: Received a new packet while thinking!
{Mon 23:43:23 Step:14235} Server_Comm.py: Received a new packet while thinking!
{Mon 23:43:23 Step:14238} Server_Comm.py: Received a new packet while thinking!
{Mon 23:43:23 Step:14241} Server_Comm.py: Received a new packet while thinking!
{Mon 23:43:23 Step:14244} Server_Comm.py: Received a new packet while thinking!
{Mon 23:43:23 Step:14247} Server_Comm.py: Received a new packet while thinking!
{Mon 23:43:24 Step:14250} Server_Comm.py: Received a new packet while thinking!
{Mon 23:43:24 Step:14253} Server_Comm.py: Received a new packet while thinking!
{Mon 23:43:24 Step:14256} Server_Comm.py: Received a new packet while thinking!
{Mon 23:43:24 Step:14259} Server_Comm.py: Received a new packet while thinking!
{Mon 23:43:24 Step:14262} Server_Comm.py: Received a new packet while thinking!
{Mon 23:43:24 Step:14265} Server_Comm.py: Received a new packet while thinking!
{Mon 23:43:24 Step:14268} Server_Comm.py: Received a new packet while thinking!
{Mon 23:43:24 Step:14271} Server_Comm.py: Received a new packet while thinking!
{Mon 23:43:24 Step:14274} Server_Comm.py: Received a new packet while thinking!
{Mon 23:43:24 Step:14277} Server_Comm.py: Received a new packet while thinking!
{Mon 23:43:24 Step:14280} Server_Comm.py: Received a new packet while thinking!
{Mon 23:43:24 Step:14283} Server_Comm.py: Received a new packet while thinking!
{Mon 23:43:24 Step:14286} Server_Comm.py: Received a new packet while thinking!
{Mon 23:43:24 Step:14289} Server_Comm.py: Received a new packet while thinking!
{Mon 23:43:24 Step:14292} Server_Comm.py: Received a new packet while thinking!
{Mon 23:43:24 Step:14295} Server_Comm.py: Received a new packet while thinking!
{Mon 23:43:24 Step:14298} Server_Comm.py: Received a new packet while thinking!
{Mon 23:43:25 Step:14301} Server_Comm.py: Received a new packet while thinking!
{Mon 23:43:25 Step:14304} Server_Comm.py: Received a new packet while thinking!
{Mon 23:43:25 Step:14307} Server_Comm.py: Received a new packet while thinking!
{Mon 23:43:25 Step:14310} Server_Comm.py: Received a new packet while thinking!
{Mon 23:43:25 Step:14313} Server_Comm.py: Received a new packet while thinking!
{Mon 23:43:25 Step:14316} Server_Comm.py: Received a new packet while thinking!
{Mon 23:43:25 Step:14319} Server_Comm.py: Received a new packet while thinking!
{Mon 23:43:25 Step:14322} Server_Comm.py: Received a new packet while thinking!
{Mon 23:43:25 Step:14325} Server_Comm.py: Received a new packet while thinking!
{Mon 23:43:25 Step:14328} Server_Comm.py: Received a new packet while thinking!
{Mon 23:43:25 Step:14331} Server_Comm.py: Received a new packet while thinking!
{Mon 23:43:25 Step:14334} Server_Comm.py: Received a new packet while thinking!
{Mon 23:43:25 Step:14337} Server_Comm.py: Received a new packet while thinking!
{Mon 23:43:25 Step:14340} Server_Comm.py: Received a new packet while thinking!
{Mon 23:43:25 Step:14343} Server_Comm.py: Received a new packet while thinking!
{Mon 23:43:25 Step:14346} Server_Comm.py: Received a new packet while thinking!
{Mon 23:43:26 Step:14349} Server_Comm.py: Received a new packet while thinking!
{Mon 23:43:26 Step:14352} Server_Comm.py: Received a new packet while thinking!
{Mon 23:43:26 Step:14355} Server_Comm.py: Received a new packet while thinking!
{Mon 23:43:26 Step:14358} Server_Comm.py: Received a new packet while thinking!
{Mon 23:43:26 Step:14361} Server_Comm.py: Received a new packet while thinking!
{Mon 23:43:26 Step:14364} Server_Comm.py: Received a new packet while thinking!
{Mon 23:43:26 Step:14367} Server_Comm.py: Received a new packet while thinking!
{Mon 23:43:26 Step:14370} Server_Comm.py: Received a new packet while thinking!
{Mon 23:43:26 Step:14373} Server_Comm.py: Received a new packet while thinking!
{Mon 23:43:26 Step:14376} Server_Comm.py: Received a new packet while thinking!
{Mon 23:43:26 Step:14379} Server_Comm.py: Received a new packet while thinking!
{Mon 23:43:26 Step:14382} Server_Comm.py: Received a new packet while thinking!
{Mon 23:43:26 Step:14385} Server_Comm.py: Received a new packet while thinking!
{Mon 23:43:26 Step:14388} Server_Comm.py: Received a new packet while thinking!
{Mon 23:43:26 Step:14391} Server_Comm.py: Received a new packet while thinking!
{Mon 23:43:26 Step:14394} Server_Comm.py: Received a new packet while thinking!
{Mon 23:43:26 Step:14397} Server_Comm.py: Received a new packet while thinking!
{Mon 23:43:27 Step:14400} Server_Comm.py: Received a new packet while thinking!
{Mon 23:43:27 Step:14403} Server_Comm.py: Received a new packet while thinking!
{Mon 23:43:27 Step:14406} Server_Comm.py: Received a new packet while thinking!
{Mon 23:43:27 Step:14409} Server_Comm.py: Received a new packet while thinking!
{Mon 23:43:27 Step:14412} Server_Comm.py: Received a new packet while thinking!
{Mon 23:43:27 Step:14415} Server_Comm.py: Received a new packet while thinking!
{Mon 23:43:27 Step:14418} Server_Comm.py: Received a new packet while thinking!
{Mon 23:43:27 Step:14421} Server_Comm.py: Received a new packet while thinking!
{Mon 23:43:27 Step:14424} Server_Comm.py: Received a new packet while thinking!
{Mon 23:43:27 Step:14427} Server_Comm.py: Received a new packet while thinking!
{Mon 23:43:27 Step:14430} Server_Comm.py: Received a new packet while thinking!
{Mon 23:43:27 Step:14433} Server_Comm.py: Received a new packet while thinking!
{Mon 23:43:27 Step:14436} Server_Comm.py: Received a new packet while thinking!
{Mon 23:43:27 Step:14439} Server_Comm.py: Received a new packet while thinking!
{Mon 23:43:27 Step:14442} Server_Comm.py: Received a new packet while thinking!
{Mon 23:43:27 Step:14445} Server_Comm.py: Received a new packet while thinking!
{Mon 23:43:27 Step:14448} Server_Comm.py: Received a new packet while thinking!
{Mon 23:43:28 Step:14451} Server_Comm.py: Received a new packet while thinking!
{Mon 23:43:28 Step:14454} Server_Comm.py: Received a new packet while thinking!
{Mon 23:43:28 Step:14457} Server_Comm.py: Received a new packet while thinking!
{Mon 23:43:28 Step:14460} Server_Comm.py: Received a new packet while thinking!
{Mon 23:43:28 Step:14463} Server_Comm.py: Received a new packet while thinking!
{Mon 23:43:28 Step:14466} Server_Comm.py: Received a new packet while thinking!
{Mon 23:43:28 Step:14469} Server_Comm.py: Received a new packet while thinking!
{Mon 23:43:28 Step:14472} Server_Comm.py: Received a new packet while thinking!
{Mon 23:43:28 Step:14475} Server_Comm.py: Received a new packet while thinking!
{Mon 23:43:28 Step:14478} Server_Comm.py: Received a new packet while thinking!
{Mon 23:43:28 Step:14481} Server_Comm.py: Received a new packet while thinking!
{Mon 23:43:28 Step:14487} Server_Comm.py: Received a new packet while thinking!
{Mon 23:43:28 Step:14490} Server_Comm.py: Received a new packet while thinking!
{Mon 23:43:28 Step:14493} Server_Comm.py: Received a new packet while thinking!
{Mon 23:43:29 Step:14499} Server_Comm.py: Received a new packet while thinking!
{Mon 23:43:29 Step:14502} Server_Comm.py: Received a new packet while thinking!
{Mon 23:43:29 Step:14505} Server_Comm.py: Received a new packet while thinking!
{Mon 23:43:29 Step:14508} Server_Comm.py: Received a new packet while thinking!
{Mon 23:43:29 Step:14511} Server_Comm.py: Received a new packet while thinking!
{Mon 23:43:29 Step:14520} Server_Comm.py: Received a new packet while thinking!
{Mon 23:43:29 Step:14526} Server_Comm.py: Received a new packet while thinking!
{Mon 23:43:29 Step:14529} Server_Comm.py: Received a new packet while thinking!
{Mon 23:43:29 Step:14532} Server_Comm.py: Received a new packet while thinking!
{Mon 23:43:29 Step:14541} Server_Comm.py: Received a new packet while thinking!
{Mon 23:43:29 Step:14544} Server_Comm.py: Received a new packet while thinking!
{Mon 23:43:29 Step:14547} Server_Comm.py: Received a new packet while thinking!
{Mon 23:43:30 Step:14550} Server_Comm.py: Received a new packet while thinking!
{Mon 23:43:30 Step:14553} Server_Comm.py: Received a new packet while thinking!
{Mon 23:43:30 Step:14556} Server_Comm.py: Received a new packet while thinking!
{Mon 23:43:30 Step:14559} Server_Comm.py: Received a new packet while thinking!
{Mon 23:43:30 Step:14562} Server_Comm.py: Received a new packet while thinking!
{Mon 23:43:30 Step:14565} Server_Comm.py: Received a new packet while thinking!
{Mon 23:43:30 Step:14568} Server_Comm.py: Received a new packet while thinking!
{Mon 23:43:30 Step:14571} Server_Comm.py: Received a new packet while thinking!
{Mon 23:43:30 Step:14574} Server_Comm.py: Received a new packet while thinking!
{Mon 23:43:30 Step:14577} Server_Comm.py: Received a new packet while thinking!
{Mon 23:43:30 Step:14580} Server_Comm.py: Received a new packet while thinking!
{Mon 23:43:30 Step:14583} Server_Comm.py: Received a new packet while thinking!
{Mon 23:43:30 Step:14586} Server_Comm.py: Received a new packet while thinking!
{Mon 23:43:30 Step:14589} Server_Comm.py: Received a new packet while thinking!
{Mon 23:43:30 Step:14592} Server_Comm.py: Received a new packet while thinking!
{Mon 23:43:30 Step:14595} Server_Comm.py: Received a new packet while thinking!
{Mon 23:43:31 Step:14598} Server_Comm.py: Received a new packet while thinking!
{Mon 23:43:31 Step:14601} Server_Comm.py: Received a new packet while thinking!
{Mon 23:43:31 Step:14604} Server_Comm.py: Received a new packet while thinking!
{Mon 23:43:31 Step:14607} Server_Comm.py: Received a new packet while thinking!
{Mon 23:43:31 Step:14610} Server_Comm.py: Received a new packet while thinking!
{Mon 23:43:31 Step:14613} Server_Comm.py: Received a new packet while thinking!
{Mon 23:43:31 Step:14616} Server_Comm.py: Received a new packet while thinking!
{Mon 23:43:31 Step:14619} Server_Comm.py: Received a new packet while thinking!
{Mon 23:43:31 Step:14622} Server_Comm.py: Received a new packet while thinking!
{Mon 23:43:31 Step:14625} Server_Comm.py: Received a new packet while thinking!
{Mon 23:43:31 Step:14628} Server_Comm.py: Received a new packet while thinking!
{Mon 23:43:31 Step:14631} Server_Comm.py: Received a new packet while thinking!
{Mon 23:43:31 Step:14634} Server_Comm.py: Received a new packet while thinking!
{Mon 23:43:31 Step:14637} Server_Comm.py: Received a new packet while thinking!
{Mon 23:43:31 Step:14640} Server_Comm.py: Received a new packet while thinking!
{Mon 23:43:31 Step:14643} Server_Comm.py: Received a new packet while thinking!
{Mon 23:43:31 Step:14646} Server_Comm.py: Received a new packet while thinking!
{Mon 23:43:32 Step:14649} Server_Comm.py: Received a new packet while thinking!
{Mon 23:43:32 Step:14652} Server_Comm.py: Received a new packet while thinking!
{Mon 23:43:32 Step:14655} Server_Comm.py: Received a new packet while thinking!
{Mon 23:43:32 Step:14658} Server_Comm.py: Received a new packet while thinking!
{Mon 23:43:32 Step:14661} Server_Comm.py: Received a new packet while thinking!
{Mon 23:43:32 Step:14664} Server_Comm.py: Received a new packet while thinking!
{Mon 23:43:32 Step:14667} Server_Comm.py: Received a new packet while thinking!
{Mon 23:43:32 Step:14670} Server_Comm.py: Received a new packet while thinking!
{Mon 23:43:32 Step:14673} Server_Comm.py: Received a new packet while thinking!
{Mon 23:43:32 Step:14676} Server_Comm.py: Received a new packet while thinking!
{Mon 23:43:32 Step:14679} Server_Comm.py: Received a new packet while thinking!
{Mon 23:43:32 Step:14682} Server_Comm.py: Received a new packet while thinking!
{Mon 23:43:32 Step:14685} Server_Comm.py: Received a new packet while thinking!
{Mon 23:43:32 Step:14688} Server_Comm.py: Received a new packet while thinking!
{Mon 23:43:32 Step:14691} Server_Comm.py: Received a new packet while thinking!
{Mon 23:43:32 Step:14694} Server_Comm.py: Received a new packet while thinking!
{Mon 23:43:33 Step:14697} Server_Comm.py: Received a new packet while thinking!
{Mon 23:43:33 Step:14700} Server_Comm.py: Received a new packet while thinking!
{Mon 23:43:33 Step:14703} Server_Comm.py: Received a new packet while thinking!
{Mon 23:43:33 Step:14706} Server_Comm.py: Received a new packet while thinking!
{Mon 23:43:33 Step:14709} Server_Comm.py: Received a new packet while thinking!
{Mon 23:43:33 Step:14712} Server_Comm.py: Received a new packet while thinking!
{Mon 23:43:33 Step:14715} Server_Comm.py: Received a new packet while thinking!
{Mon 23:43:33 Step:14718} Server_Comm.py: Received a new packet while thinking!
{Mon 23:43:33 Step:14721} Server_Comm.py: Received a new packet while thinking!
{Mon 23:43:33 Step:14724} Server_Comm.py: Received a new packet while thinking!
{Mon 23:43:33 Step:14727} Server_Comm.py: Received a new packet while thinking!
{Mon 23:43:33 Step:14730} Server_Comm.py: Received a new packet while thinking!
{Mon 23:43:33 Step:14733} Server_Comm.py: Received a new packet while thinking!
{Mon 23:43:33 Step:14736} Server_Comm.py: Received a new packet while thinking!
{Mon 23:43:33 Step:14739} Server_Comm.py: Received a new packet while thinking!
{Mon 23:43:33 Step:14742} Server_Comm.py: Received a new packet while thinking!
{Mon 23:43:33 Step:14745} Server_Comm.py: Received a new packet while thinking!
{Mon 23:43:34 Step:14748} Server_Comm.py: Received a new packet while thinking!
{Mon 23:43:34 Step:14751} Server_Comm.py: Received a new packet while thinking!
{Mon 23:43:34 Step:14754} Server_Comm.py: Received a new packet while thinking!
{Mon 23:43:34 Step:14757} Server_Comm.py: Received a new packet while thinking!
{Mon 23:43:34 Step:14760} Server_Comm.py: Received a new packet while thinking!
{Mon 23:43:34 Step:14763} Server_Comm.py: Received a new packet while thinking!
{Mon 23:43:34 Step:14766} Server_Comm.py: Received a new packet while thinking!
{Mon 23:43:34 Step:14769} Server_Comm.py: Received a new packet while thinking!
{Mon 23:43:34 Step:14772} Server_Comm.py: Received a new packet while thinking!
{Mon 23:43:34 Step:14775} Server_Comm.py: Received a new packet while thinking!
{Mon 23:43:34 Step:14778} Server_Comm.py: Received a new packet while thinking!
{Mon 23:43:34 Step:14781} Server_Comm.py: Received a new packet while thinking!
{Mon 23:43:34 Step:14784} Server_Comm.py: Received a new packet while thinking!
{Mon 23:43:34 Step:14787} Server_Comm.py: Received a new packet while thinking!
{Mon 23:43:34 Step:14790} Server_Comm.py: Received a new packet while thinking!
{Mon 23:43:34 Step:14793} Server_Comm.py: Received a new packet while thinking!
{Mon 23:43:34 Step:14796} Server_Comm.py: Received a new packet while thinking!
{Mon 23:43:35 Step:14799} Server_Comm.py: Received a new packet while thinking!
{Mon 23:43:35 Step:14802} Server_Comm.py: Received a new packet while thinking!
{Mon 23:43:35 Step:14805} Server_Comm.py: Received a new packet while thinking!
{Mon 23:43:35 Step:14808} Server_Comm.py: Received a new packet while thinking!
{Mon 23:43:35 Step:14814} Server_Comm.py: Received a new packet while thinking!
{Mon 23:43:35 Step:14817} Server_Comm.py: Received a new packet while thinking!
{Mon 23:43:35 Step:14823} Server_Comm.py: Received a new packet while thinking!
{Mon 23:43:35 Step:14829} Server_Comm.py: Received a new packet while thinking!
{Mon 23:43:41 Step:15127} Server_Comm.py: Received a new packet while thinking!
{Mon 23:43:41 Step:15129} Server_Comm.py: The agent lost 1 packet! Is syncmode enabled?
{Mon 23:43:41 Step:15129} Server_Comm.py: Received a new packet while thinking!
{Mon 23:43:41 Step:15131} Server_Comm.py: The agent lost 1 packet! Is syncmode enabled?
{Mon 23:44:06 Step:16348} Server_Comm.py: Received a new packet while thinking!
{Mon 23:44:06 Step:16350} Server_Comm.py: The agent lost 1 packet! Is syncmode enabled?
{Mon 23:44:06 Step:16350} Server_Comm.py: Received a new packet while thinking!
{Mon 23:44:06 Step:16352} Server_Comm.py: The agent lost 1 packet! Is syncmode enabled?
