{Mon 01:09:44 Step:2} Server_Comm.py: The agent lost 1 packet! Is syncmode enabled?
{Mon 01:09:44 Step:2} Server_Comm.py: Received a new packet while on world.update()!
{Mon 01:09:44 Step:18} Server_Comm.py: The agent lost 15 consecutive packets! Is syncmode disabled?
{Mon 01:09:44 Step:18} Server_Comm.py: Received a new packet while on world.update()!
{Mon 01:09:44 Step:20} Server_Comm.py: The agent lost 1 packet! Is syncmode enabled?
{Mon 01:09:44 Step:24} Server_Comm.py: The agent lost 2 consecutive packets! Is syncmode disabled?
{Mon 01:09:44 Step:27} Server_Comm.py: The agent lost 1 packet! Is syncmode enabled?
{Mon 01:09:44 Step:27} Server_Comm.py: Received a new packet while thinking!
{Mon 01:09:44 Step:74} Server_Comm.py: The agent lost 46 consecutive packets! Is syncmode disabled?
{Mon 01:09:44 Step:74} Server_Comm.py: Received a new packet while thinking!
{Mon 01:09:44 Step:105} Server_Comm.py: The agent lost 30 consecutive packets! Is syncmode disabled?
{Mon 01:09:44 Step:127} Server_Comm.py: The agent lost 21 consecutive packets! Is syncmode disabled?
{Mon 01:09:44 Step:136} Server_Comm.py: The agent lost 8 consecutive packets! Is syncmode disabled?
{Mon 01:09:44 Step:140} Server_Comm.py: The agent lost 3 consecutive packets! Is syncmode disabled?
{Mon 01:09:44 Step:142} Server_Comm.py: The agent lost 1 packet! Is syncmode enabled?
{Mon 01:09:44 Step:147} Server_Comm.py: The agent lost 4 consecutive packets! Is syncmode disabled?
{Mon 01:09:44 Step:151} Server_Comm.py: The agent lost 3 consecutive packets! Is syncmode disabled?
{Mon 01:09:44 Step:154} Server_Comm.py: The agent lost 2 consecutive packets! Is syncmode disabled?
{Mon 01:09:44 Step:157} Server_Comm.py: The agent lost 2 consecutive packets! Is syncmode disabled?
{Mon 01:09:44 Step:161} Server_Comm.py: The agent lost 3 consecutive packets! Is syncmode disabled?
{Mon 01:09:44 Step:164} Server_Comm.py: The agent lost 2 consecutive packets! Is syncmode disabled?
{Mon 01:09:44 Step:167} Server_Comm.py: The agent lost 1 packet! Is syncmode enabled?
{Mon 01:09:44 Step:171} Server_Comm.py: The agent lost 3 consecutive packets! Is syncmode disabled?
{Mon 01:09:44 Step:175} Server_Comm.py: The agent lost 3 consecutive packets! Is syncmode disabled?
{Mon 01:09:44 Step:178} Server_Comm.py: The agent lost 2 consecutive packets! Is syncmode disabled?
{Mon 01:09:44 Step:180} Server_Comm.py: The agent lost 1 packet! Is syncmode enabled?
{Mon 01:09:44 Step:183} Server_Comm.py: The agent lost 1 packet! Is syncmode enabled?
{Mon 01:09:44 Step:193} Server_Comm.py: The agent lost 1 packet! Is syncmode enabled?
{Mon 01:09:44 Step:200} Server_Comm.py: The agent lost 1 packet! Is syncmode enabled?
{Mon 01:09:44 Step:214} Server_Comm.py: The agent lost 1 packet! Is syncmode enabled?
{Mon 01:09:44 Step:230} Server_Comm.py: The agent lost 1 packet! Is syncmode enabled?
{Mon 01:09:44 Step:234} Server_Comm.py: The agent lost 1 packet! Is syncmode enabled?
{Mon 01:09:44 Step:238} Server_Comm.py: The agent lost 1 packet! Is syncmode enabled?
{Mon 01:09:44 Step:241} Server_Comm.py: The agent lost 1 packet! Is syncmode enabled?
{Mon 01:09:44 Step:244} Server_Comm.py: The agent lost 1 packet! Is syncmode enabled?
{Mon 01:09:44 Step:248} Server_Comm.py: The agent lost 1 packet! Is syncmode enabled?
{Mon 01:09:44 Step:270} Server_Comm.py: The agent lost 2 consecutive packets! Is syncmode disabled?
{Mon 01:09:44 Step:289} Server_Comm.py: The agent lost 16 consecutive packets! Is syncmode disabled?
{Mon 01:09:44 Step:296} Server_Comm.py: The agent lost 6 consecutive packets! Is syncmode disabled?
{Mon 01:09:44 Step:300} Server_Comm.py: The agent lost 3 consecutive packets! Is syncmode disabled?
{Mon 01:09:44 Step:302} Server_Comm.py: The agent lost 1 packet! Is syncmode enabled?
{Mon 01:09:44 Step:304} Server_Comm.py: The agent lost 1 packet! Is syncmode enabled?
{Mon 01:09:44 Step:306} Server_Comm.py: The agent lost 1 packet! Is syncmode enabled?
{Mon 01:09:44 Step:311} Server_Comm.py: The agent lost 3 consecutive packets! Is syncmode disabled?
{Mon 01:09:44 Step:315} Server_Comm.py: The agent lost 3 consecutive packets! Is syncmode disabled?
{Mon 01:09:44 Step:319} Server_Comm.py: The agent lost 3 consecutive packets! Is syncmode disabled?
{Mon 01:09:44 Step:322} Server_Comm.py: The agent lost 2 consecutive packets! Is syncmode disabled?
{Mon 01:09:44 Step:324} Server_Comm.py: The agent lost 1 packet! Is syncmode enabled?
{Mon 01:09:44 Step:326} Server_Comm.py: The agent lost 1 packet! Is syncmode enabled?
{Mon 01:09:44 Step:326} Server_Comm.py: Received a new packet while thinking!
{Mon 01:09:44 Step:460} Server_Comm.py: The agent lost 133 consecutive packets! Is syncmode disabled?
{Mon 01:09:44 Step:472} Server_Comm.py: The agent lost 11 consecutive packets! Is syncmode disabled?
{Mon 01:09:44 Step:475} Server_Comm.py: The agent lost 2 consecutive packets! Is syncmode disabled?
{Mon 01:09:44 Step:477} Server_Comm.py: The agent lost 1 packet! Is syncmode enabled?
{Mon 01:09:44 Step:479} Server_Comm.py: The agent lost 1 packet! Is syncmode enabled?
{Mon 01:09:44 Step:481} Server_Comm.py: The agent lost 1 packet! Is syncmode enabled?
{Mon 01:09:44 Step:483} Server_Comm.py: The agent lost 1 packet! Is syncmode enabled?
{Mon 01:09:44 Step:486} Server_Comm.py: The agent lost 1 packet! Is syncmode enabled?
{Mon 01:09:44 Step:489} Server_Comm.py: The agent lost 1 packet! Is syncmode enabled?
{Mon 01:09:44 Step:491} Server_Comm.py: The agent lost 1 packet! Is syncmode enabled?
{Mon 01:09:44 Step:493} Server_Comm.py: The agent lost 1 packet! Is syncmode enabled?
{Mon 01:09:44 Step:495} Server_Comm.py: The agent lost 1 packet! Is syncmode enabled?
{Mon 01:09:44 Step:499} Server_Comm.py: The agent lost 1 packet! Is syncmode enabled?
{Mon 01:09:44 Step:503} Server_Comm.py: The agent lost 1 packet! Is syncmode enabled?
{Mon 01:09:44 Step:505} Server_Comm.py: The agent lost 1 packet! Is syncmode enabled?
{Mon 01:09:44 Step:507} Server_Comm.py: The agent lost 1 packet! Is syncmode enabled?
{Mon 01:09:44 Step:511} Server_Comm.py: The agent lost 1 packet! Is syncmode enabled?
{Mon 01:09:44 Step:513} Server_Comm.py: The agent lost 1 packet! Is syncmode enabled?
{Mon 01:09:44 Step:515} Server_Comm.py: The agent lost 1 packet! Is syncmode enabled?
{Mon 01:09:44 Step:517} Server_Comm.py: The agent lost 1 packet! Is syncmode enabled?
{Mon 01:09:44 Step:519} Server_Comm.py: The agent lost 1 packet! Is syncmode enabled?
{Mon 01:09:44 Step:521} Server_Comm.py: The agent lost 1 packet! Is syncmode enabled?
{Mon 01:09:44 Step:523} Server_Comm.py: The agent lost 1 packet! Is syncmode enabled?
{Mon 01:09:44 Step:525} Server_Comm.py: The agent lost 1 packet! Is syncmode enabled?
{Mon 01:09:44 Step:527} Server_Comm.py: The agent lost 1 packet! Is syncmode enabled?
{Mon 01:09:44 Step:529} Server_Comm.py: The agent lost 1 packet! Is syncmode enabled?
{Mon 01:09:44 Step:531} Server_Comm.py: The agent lost 1 packet! Is syncmode enabled?
{Mon 01:09:44 Step:534} Server_Comm.py: The agent lost 1 packet! Is syncmode enabled?
{Mon 01:09:44 Step:537} Server_Comm.py: The agent lost 1 packet! Is syncmode enabled?
{Mon 01:09:44 Step:539} Server_Comm.py: The agent lost 1 packet! Is syncmode enabled?
{Mon 01:09:44 Step:541} Server_Comm.py: The agent lost 1 packet! Is syncmode enabled?
{Mon 01:09:44 Step:543} Server_Comm.py: The agent lost 1 packet! Is syncmode enabled?
{Mon 01:09:44 Step:545} Server_Comm.py: The agent lost 1 packet! Is syncmode enabled?
{Mon 01:09:44 Step:547} Server_Comm.py: The agent lost 1 packet! Is syncmode enabled?
{Mon 01:09:44 Step:551} Server_Comm.py: The agent lost 1 packet! Is syncmode enabled?
{Mon 01:09:44 Step:555} Server_Comm.py: The agent lost 1 packet! Is syncmode enabled?
{Mon 01:09:44 Step:557} Server_Comm.py: The agent lost 1 packet! Is syncmode enabled?
{Mon 01:09:44 Step:559} Server_Comm.py: The agent lost 1 packet! Is syncmode enabled?
{Mon 01:09:44 Step:561} Server_Comm.py: The agent lost 1 packet! Is syncmode enabled?
{Mon 01:09:44 Step:563} Server_Comm.py: The agent lost 1 packet! Is syncmode enabled?
{Mon 01:09:44 Step:565} Server_Comm.py: The agent lost 1 packet! Is syncmode enabled?
{Mon 01:09:44 Step:567} Server_Comm.py: The agent lost 1 packet! Is syncmode enabled?
{Mon 01:09:44 Step:569} Server_Comm.py: The agent lost 1 packet! Is syncmode enabled?
{Mon 01:09:44 Step:572} Server_Comm.py: The agent lost 1 packet! Is syncmode enabled?
{Mon 01:09:44 Step:574} Server_Comm.py: The agent lost 1 packet! Is syncmode enabled?
{Mon 01:09:44 Step:578} Server_Comm.py: The agent lost 1 packet! Is syncmode enabled?
{Mon 01:09:44 Step:580} Server_Comm.py: The agent lost 1 packet! Is syncmode enabled?
{Mon 01:09:44 Step:585} Server_Comm.py: The agent lost 1 packet! Is syncmode enabled?
{Mon 01:09:44 Step:587} Server_Comm.py: The agent lost 1 packet! Is syncmode enabled?
{Mon 01:09:44 Step:589} Server_Comm.py: The agent lost 1 packet! Is syncmode enabled?
{Mon 01:09:44 Step:591} Server_Comm.py: The agent lost 1 packet! Is syncmode enabled?
{Mon 01:09:44 Step:594} Server_Comm.py: The agent lost 2 consecutive packets! Is syncmode disabled?
{Mon 01:09:44 Step:599} Server_Comm.py: The agent lost 1 packet! Is syncmode enabled?
{Mon 01:09:44 Step:601} Server_Comm.py: The agent lost 1 packet! Is syncmode enabled?
{Mon 01:09:44 Step:603} Server_Comm.py: The agent lost 1 packet! Is syncmode enabled?
{Mon 01:09:44 Step:605} Server_Comm.py: The agent lost 1 packet! Is syncmode enabled?
{Mon 01:09:44 Step:608} Server_Comm.py: The agent lost 2 consecutive packets! Is syncmode disabled?
{Mon 01:09:44 Step:611} Server_Comm.py: The agent lost 1 packet! Is syncmode enabled?
{Mon 01:09:44 Step:613} Server_Comm.py: The agent lost 1 packet! Is syncmode enabled?
{Mon 01:09:44 Step:615} Server_Comm.py: The agent lost 1 packet! Is syncmode enabled?
{Mon 01:09:44 Step:620} Server_Comm.py: The agent lost 2 consecutive packets! Is syncmode disabled?
{Mon 01:09:44 Step:624} Server_Comm.py: The agent lost 2 consecutive packets! Is syncmode disabled?
{Mon 01:09:44 Step:630} Server_Comm.py: The agent lost 5 consecutive packets! Is syncmode disabled?
{Mon 01:09:44 Step:632} Server_Comm.py: The agent lost 1 packet! Is syncmode enabled?
{Mon 01:09:44 Step:636} Server_Comm.py: The agent lost 2 consecutive packets! Is syncmode disabled?
{Mon 01:09:44 Step:638} Server_Comm.py: The agent lost 1 packet! Is syncmode enabled?
{Mon 01:09:44 Step:640} Server_Comm.py: The agent lost 1 packet! Is syncmode enabled?
{Mon 01:09:44 Step:642} Server_Comm.py: The agent lost 1 packet! Is syncmode enabled?
{Mon 01:09:44 Step:645} Server_Comm.py: The agent lost 1 packet! Is syncmode enabled?
{Mon 01:09:44 Step:648} Server_Comm.py: The agent lost 2 consecutive packets! Is syncmode disabled?
{Mon 01:09:44 Step:650} Server_Comm.py: The agent lost 1 packet! Is syncmode enabled?
{Mon 01:09:44 Step:652} Server_Comm.py: The agent lost 1 packet! Is syncmode enabled?
{Mon 01:09:44 Step:656} Server_Comm.py: The agent lost 2 consecutive packets! Is syncmode disabled?
{Mon 01:09:44 Step:660} Server_Comm.py: The agent lost 2 consecutive packets! Is syncmode disabled?
{Mon 01:09:44 Step:662} Server_Comm.py: The agent lost 1 packet! Is syncmode enabled?
{Mon 01:09:44 Step:664} Server_Comm.py: The agent lost 1 packet! Is syncmode enabled?
{Mon 01:09:44 Step:667} Server_Comm.py: The agent lost 1 packet! Is syncmode enabled?
{Mon 01:09:44 Step:670} Server_Comm.py: The agent lost 2 consecutive packets! Is syncmode disabled?
{Mon 01:09:44 Step:672} Server_Comm.py: The agent lost 1 packet! Is syncmode enabled?
{Mon 01:09:44 Step:674} Server_Comm.py: The agent lost 1 packet! Is syncmode enabled?
{Mon 01:09:44 Step:676} Server_Comm.py: The agent lost 1 packet! Is syncmode enabled?
{Mon 01:09:44 Step:678} Server_Comm.py: The agent lost 1 packet! Is syncmode enabled?
{Mon 01:09:44 Step:682} Server_Comm.py: The agent lost 1 packet! Is syncmode enabled?
{Mon 01:09:44 Step:686} Server_Comm.py: The agent lost 1 packet! Is syncmode enabled?
{Mon 01:09:44 Step:690} Server_Comm.py: The agent lost 1 packet! Is syncmode enabled?
{Mon 01:09:44 Step:716} Server_Comm.py: The agent lost 1 packet! Is syncmode enabled?
{Mon 01:09:44 Step:720} Server_Comm.py: The agent lost 1 packet! Is syncmode enabled?
{Mon 01:09:44 Step:726} Server_Comm.py: The agent lost 1 packet! Is syncmode enabled?
{Mon 01:09:44 Step:734} Server_Comm.py: The agent lost 1 packet! Is syncmode enabled?
{Mon 01:09:44 Step:747} Server_Comm.py: The agent lost 1 packet! Is syncmode enabled?
{Mon 01:09:44 Step:754} Server_Comm.py: The agent lost 2 consecutive packets! Is syncmode disabled?
{Mon 01:09:44 Step:756} Server_Comm.py: The agent lost 1 packet! Is syncmode enabled?
{Mon 01:09:44 Step:758} Server_Comm.py: The agent lost 1 packet! Is syncmode enabled?
{Mon 01:09:44 Step:763} Server_Comm.py: The agent lost 4 consecutive packets! Is syncmode disabled?
{Mon 01:09:44 Step:768} Server_Comm.py: The agent lost 4 consecutive packets! Is syncmode disabled?
{Mon 01:09:44 Step:770} Server_Comm.py: The agent lost 1 packet! Is syncmode enabled?
{Mon 01:09:44 Step:772} Server_Comm.py: The agent lost 1 packet! Is syncmode enabled?
{Mon 01:09:44 Step:774} Server_Comm.py: The agent lost 1 packet! Is syncmode enabled?
{Mon 01:09:44 Step:776} Server_Comm.py: The agent lost 1 packet! Is syncmode enabled?
{Mon 01:09:44 Step:778} Server_Comm.py: The agent lost 1 packet! Is syncmode enabled?
{Mon 01:09:44 Step:782} Server_Comm.py: The agent lost 2 consecutive packets! Is syncmode disabled?
{Mon 01:09:44 Step:784} Server_Comm.py: The agent lost 1 packet! Is syncmode enabled?
{Mon 01:09:44 Step:786} Server_Comm.py: The agent lost 1 packet! Is syncmode enabled?
{Mon 01:09:44 Step:790} Server_Comm.py: The agent lost 2 consecutive packets! Is syncmode disabled?
{Mon 01:09:44 Step:792} Server_Comm.py: The agent lost 1 packet! Is syncmode enabled?
{Mon 01:09:44 Step:794} Server_Comm.py: The agent lost 1 packet! Is syncmode enabled?
{Mon 01:09:44 Step:796} Server_Comm.py: The agent lost 1 packet! Is syncmode enabled?
{Mon 01:09:44 Step:798} Server_Comm.py: The agent lost 1 packet! Is syncmode enabled?
{Mon 01:09:44 Step:800} Server_Comm.py: The agent lost 1 packet! Is syncmode enabled?
{Mon 01:09:44 Step:804} Server_Comm.py: The agent lost 2 consecutive packets! Is syncmode disabled?
{Mon 01:09:44 Step:806} Server_Comm.py: The agent lost 1 packet! Is syncmode enabled?
{Mon 01:09:44 Step:810} Server_Comm.py: The agent lost 2 consecutive packets! Is syncmode disabled?
{Mon 01:09:44 Step:812} Server_Comm.py: The agent lost 1 packet! Is syncmode enabled?
{Mon 01:09:44 Step:814} Server_Comm.py: The agent lost 1 packet! Is syncmode enabled?
{Mon 01:09:44 Step:817} Server_Comm.py: The agent lost 1 packet! Is syncmode enabled?
{Mon 01:09:44 Step:819} Server_Comm.py: The agent lost 1 packet! Is syncmode enabled?
{Mon 01:09:44 Step:821} Server_Comm.py: The agent lost 1 packet! Is syncmode enabled?
{Mon 01:09:44 Step:824} Server_Comm.py: The agent lost 2 consecutive packets! Is syncmode disabled?
{Mon 01:09:44 Step:826} Server_Comm.py: The agent lost 1 packet! Is syncmode enabled?
{Mon 01:09:44 Step:830} Server_Comm.py: The agent lost 2 consecutive packets! Is syncmode disabled?
{Mon 01:09:44 Step:832} Server_Comm.py: The agent lost 1 packet! Is syncmode enabled?
{Mon 01:09:44 Step:836} Server_Comm.py: The agent lost 2 consecutive packets! Is syncmode disabled?
{Mon 01:09:44 Step:838} Server_Comm.py: The agent lost 1 packet! Is syncmode enabled?
{Mon 01:09:44 Step:842} Server_Comm.py: The agent lost 2 consecutive packets! Is syncmode disabled?
{Mon 01:09:44 Step:844} Server_Comm.py: The agent lost 1 packet! Is syncmode enabled?
{Mon 01:09:44 Step:846} Server_Comm.py: The agent lost 1 packet! Is syncmode enabled?
{Mon 01:09:44 Step:848} Server_Comm.py: The agent lost 1 packet! Is syncmode enabled?
{Mon 01:09:44 Step:852} Server_Comm.py: The agent lost 2 consecutive packets! Is syncmode disabled?
{Mon 01:09:44 Step:856} Server_Comm.py: The agent lost 2 consecutive packets! Is syncmode disabled?
{Mon 01:09:44 Step:858} Server_Comm.py: The agent lost 1 packet! Is syncmode enabled?
{Mon 01:09:44 Step:860} Server_Comm.py: The agent lost 1 packet! Is syncmode enabled?
{Mon 01:09:44 Step:862} Server_Comm.py: The agent lost 1 packet! Is syncmode enabled?
{Mon 01:09:44 Step:866} Server_Comm.py: The agent lost 2 consecutive packets! Is syncmode disabled?
{Mon 01:09:44 Step:868} Server_Comm.py: The agent lost 1 packet! Is syncmode enabled?
{Mon 01:09:44 Step:872} Server_Comm.py: The agent lost 2 consecutive packets! Is syncmode disabled?
{Mon 01:09:44 Step:875} Server_Comm.py: The agent lost 1 packet! Is syncmode enabled?
{Mon 01:09:44 Step:879} Server_Comm.py: The agent lost 3 consecutive packets! Is syncmode disabled?
{Mon 01:09:44 Step:882} Server_Comm.py: The agent lost 2 consecutive packets! Is syncmode disabled?
{Mon 01:09:44 Step:884} Server_Comm.py: The agent lost 1 packet! Is syncmode enabled?
{Mon 01:09:44 Step:886} Server_Comm.py: The agent lost 1 packet! Is syncmode enabled?
{Mon 01:09:44 Step:890} Server_Comm.py: The agent lost 2 consecutive packets! Is syncmode disabled?
{Mon 01:09:44 Step:892} Server_Comm.py: The agent lost 1 packet! Is syncmode enabled?
{Mon 01:09:44 Step:896} Server_Comm.py: The agent lost 2 consecutive packets! Is syncmode disabled?
{Mon 01:09:44 Step:898} Server_Comm.py: The agent lost 1 packet! Is syncmode enabled?
{Mon 01:09:44 Step:900} Server_Comm.py: The agent lost 1 packet! Is syncmode enabled?
{Mon 01:09:44 Step:904} Server_Comm.py: The agent lost 2 consecutive packets! Is syncmode disabled?
{Mon 01:09:44 Step:906} Server_Comm.py: The agent lost 1 packet! Is syncmode enabled?
{Mon 01:09:44 Step:908} Server_Comm.py: The agent lost 1 packet! Is syncmode enabled?
{Mon 01:09:44 Step:910} Server_Comm.py: The agent lost 1 packet! Is syncmode enabled?
{Mon 01:09:44 Step:914} Server_Comm.py: The agent lost 2 consecutive packets! Is syncmode disabled?
{Mon 01:09:44 Step:916} Server_Comm.py: The agent lost 1 packet! Is syncmode enabled?
{Mon 01:09:44 Step:918} Server_Comm.py: The agent lost 1 packet! Is syncmode enabled?
{Mon 01:09:44 Step:920} Server_Comm.py: The agent lost 1 packet! Is syncmode enabled?
{Mon 01:09:44 Step:922} Server_Comm.py: The agent lost 1 packet! Is syncmode enabled?
{Mon 01:09:44 Step:926} Server_Comm.py: The agent lost 2 consecutive packets! Is syncmode disabled?
{Mon 01:09:44 Step:929} Server_Comm.py: The agent lost 1 packet! Is syncmode enabled?
{Mon 01:09:44 Step:932} Server_Comm.py: The agent lost 2 consecutive packets! Is syncmode disabled?
{Mon 01:09:44 Step:934} Server_Comm.py: The agent lost 1 packet! Is syncmode enabled?
{Mon 01:09:44 Step:936} Server_Comm.py: The agent lost 1 packet! Is syncmode enabled?
{Mon 01:09:44 Step:940} Server_Comm.py: The agent lost 2 consecutive packets! Is syncmode disabled?
{Mon 01:09:44 Step:943} Server_Comm.py: The agent lost 1 packet! Is syncmode enabled?
{Mon 01:09:44 Step:946} Server_Comm.py: The agent lost 2 consecutive packets! Is syncmode disabled?
{Mon 01:09:44 Step:948} Server_Comm.py: The agent lost 1 packet! Is syncmode enabled?
{Mon 01:09:44 Step:948} Server_Comm.py: Received a new packet while thinking!
{Mon 01:09:44 Step:1057} Server_Comm.py: The agent lost 108 consecutive packets! Is syncmode disabled?
{Mon 01:09:44 Step:1057} Server_Comm.py: Received a new packet while on world.update()!
{Mon 01:09:44 Step:1060} Server_Comm.py: The agent lost 2 consecutive packets! Is syncmode disabled?
{Mon 01:09:44 Step:1060} Server_Comm.py: Received a new packet while thinking!
{Mon 01:09:44 Step:1061} Server_Comm.py: Received a new packet while on world.update()!
{Mon 01:09:44 Step:1063} Server_Comm.py: The agent lost 1 packet! Is syncmode enabled?
{Mon 01:09:44 Step:1063} Server_Comm.py: Received a new packet while on world.update()!
{Mon 01:09:44 Step:1065} Server_Comm.py: The agent lost 1 packet! Is syncmode enabled?
{Mon 01:09:44 Step:1065} Server_Comm.py: Received a new packet while on world.update()!
{Mon 01:09:44 Step:1066} Server_Comm.py: Received a new packet while on world.update()!
{Mon 01:09:44 Step:1068} Server_Comm.py: The agent lost 1 packet! Is syncmode enabled?
{Mon 01:09:44 Step:1068} Server_Comm.py: Received a new packet while on world.update()!
{Mon 01:09:44 Step:1069} Server_Comm.py: Received a new packet while on world.update()!
{Mon 01:09:44 Step:1070} Server_Comm.py: Received a new packet while on world.update()!
{Mon 01:09:44 Step:1072} Server_Comm.py: The agent lost 1 packet! Is syncmode enabled?
{Mon 01:09:44 Step:1105} Server_Comm.py: The agent lost 31 consecutive packets! Is syncmode disabled?
{Mon 01:09:44 Step:1114} Server_Comm.py: The agent lost 8 consecutive packets! Is syncmode disabled?
{Mon 01:09:44 Step:1118} Server_Comm.py: The agent lost 3 consecutive packets! Is syncmode disabled?
{Mon 01:09:44 Step:1120} Server_Comm.py: The agent lost 1 packet! Is syncmode enabled?
{Mon 01:09:44 Step:1123} Server_Comm.py: The agent lost 1 packet! Is syncmode enabled?
{Mon 01:09:44 Step:1125} Server_Comm.py: The agent lost 1 packet! Is syncmode enabled?
{Mon 01:09:44 Step:1127} Server_Comm.py: The agent lost 1 packet! Is syncmode enabled?
{Mon 01:09:44 Step:1129} Server_Comm.py: The agent lost 1 packet! Is syncmode enabled?
{Mon 01:09:44 Step:1132} Server_Comm.py: The agent lost 2 consecutive packets! Is syncmode disabled?
{Mon 01:09:44 Step:1140} Server_Comm.py: The agent lost 1 packet! Is syncmode enabled?
{Mon 01:09:44 Step:1143} Server_Comm.py: The agent lost 1 packet! Is syncmode enabled?
{Mon 01:09:44 Step:1145} Server_Comm.py: The agent lost 1 packet! Is syncmode enabled?
{Mon 01:09:44 Step:1150} Server_Comm.py: The agent lost 1 packet! Is syncmode enabled?
{Mon 01:09:44 Step:1157} Server_Comm.py: The agent lost 1 packet! Is syncmode enabled?
{Mon 01:09:44 Step:1159} Server_Comm.py: The agent lost 1 packet! Is syncmode enabled?
{Mon 01:09:44 Step:1168} Server_Comm.py: The agent lost 1 packet! Is syncmode enabled?
{Mon 01:09:45 Step:1212} Server_Comm.py: The agent lost 1 packet! Is syncmode enabled?
{Mon 01:09:45 Step:1215} Server_Comm.py: The agent lost 1 packet! Is syncmode enabled?
{Mon 01:09:45 Step:1218} Server_Comm.py: The agent lost 2 consecutive packets! Is syncmode disabled?
{Mon 01:09:45 Step:1220} Server_Comm.py: The agent lost 1 packet! Is syncmode enabled?
{Mon 01:09:45 Step:1225} Server_Comm.py: The agent lost 4 consecutive packets! Is syncmode disabled?
{Mon 01:09:45 Step:1229} Server_Comm.py: The agent lost 3 consecutive packets! Is syncmode disabled?
{Mon 01:09:45 Step:1232} Server_Comm.py: The agent lost 2 consecutive packets! Is syncmode disabled?
{Mon 01:09:45 Step:1234} Server_Comm.py: The agent lost 1 packet! Is syncmode enabled?
{Mon 01:09:45 Step:1236} Server_Comm.py: The agent lost 1 packet! Is syncmode enabled?
{Mon 01:09:45 Step:1238} Server_Comm.py: The agent lost 1 packet! Is syncmode enabled?
{Mon 01:09:45 Step:1240} Server_Comm.py: The agent lost 1 packet! Is syncmode enabled?
{Mon 01:09:45 Step:1242} Server_Comm.py: The agent lost 1 packet! Is syncmode enabled?
{Mon 01:09:45 Step:1244} Server_Comm.py: The agent lost 1 packet! Is syncmode enabled?
{Mon 01:09:45 Step:1248} Server_Comm.py: The agent lost 2 consecutive packets! Is syncmode disabled?
{Mon 01:09:45 Step:1250} Server_Comm.py: The agent lost 1 packet! Is syncmode enabled?
{Mon 01:09:45 Step:1254} Server_Comm.py: The agent lost 2 consecutive packets! Is syncmode disabled?
{Mon 01:09:45 Step:1256} Server_Comm.py: The agent lost 1 packet! Is syncmode enabled?
{Mon 01:09:45 Step:1257} Server_Comm.py: Received a new packet while thinking!
{Mon 01:09:45 Step:1523} Server_Comm.py: The agent lost 265 consecutive packets! Is syncmode disabled?
{Mon 01:09:45 Step:1523} Server_Comm.py: Received a new packet while on world.update()!
{Mon 01:09:45 Step:1525} Server_Comm.py: The agent lost 1 packet! Is syncmode enabled?
{Mon 01:09:45 Step:1525} Server_Comm.py: Received a new packet while on world.update()!
{Mon 01:09:45 Step:1526} Server_Comm.py: Received a new packet while on world.update()!
{Mon 01:09:45 Step:1527} Server_Comm.py: Received a new packet while on world.update()!
{Mon 01:09:45 Step:1528} Server_Comm.py: Received a new packet while on world.update()!
{Mon 01:09:45 Step:1530} Server_Comm.py: The agent lost 1 packet! Is syncmode enabled?
{Mon 01:09:45 Step:1530} Server_Comm.py: Received a new packet while on world.update()!
{Mon 01:09:45 Step:1531} Server_Comm.py: Received a new packet while on world.update()!
{Mon 01:09:45 Step:1532} Server_Comm.py: Received a new packet while on world.update()!
{Mon 01:09:45 Step:1533} Server_Comm.py: Received a new packet while on world.update()!
{Mon 01:09:45 Step:1534} Server_Comm.py: Received a new packet while on world.update()!
{Mon 01:09:45 Step:1535} Server_Comm.py: Received a new packet while on world.update()!
{Mon 01:09:45 Step:1536} Server_Comm.py: Received a new packet while thinking!
{Mon 01:09:45 Step:1537} Server_Comm.py: Received a new packet while on world.update()!
{Mon 01:09:45 Step:1538} Server_Comm.py: Received a new packet while on world.update()!
{Mon 01:09:45 Step:1539} Server_Comm.py: Received a new packet while on world.update()!
{Mon 01:09:45 Step:1540} Server_Comm.py: Received a new packet while on world.update()!
{Mon 01:09:45 Step:1541} Server_Comm.py: Received a new packet while on world.update()!
{Mon 01:09:45 Step:1542} Server_Comm.py: Received a new packet while on world.update()!
{Mon 01:09:45 Step:1543} Server_Comm.py: Received a new packet while thinking!
{Mon 01:09:45 Step:1544} Server_Comm.py: Received a new packet while thinking!
{Mon 01:09:45 Step:1545} Server_Comm.py: Received a new packet while on world.update()!
{Mon 01:09:45 Step:1546} Server_Comm.py: Received a new packet while on world.update()!
{Mon 01:09:45 Step:1547} Server_Comm.py: Received a new packet while on world.update()!
{Mon 01:09:45 Step:1548} Server_Comm.py: Received a new packet while on world.update()!
{Mon 01:09:45 Step:1549} Server_Comm.py: Received a new packet while on world.update()!
{Mon 01:09:45 Step:1550} Server_Comm.py: Received a new packet while thinking!
{Mon 01:09:45 Step:1551} Server_Comm.py: Received a new packet while on world.update()!
{Mon 01:09:45 Step:1557} Server_Comm.py: Received a new packet while thinking!
{Mon 01:09:45 Step:1601} Server_Comm.py: The agent lost 43 consecutive packets! Is syncmode disabled?
{Mon 01:09:45 Step:1605} Server_Comm.py: The agent lost 3 consecutive packets! Is syncmode disabled?
{Mon 01:09:45 Step:1613} Server_Comm.py: Received a new packet while thinking!
{Mon 01:09:45 Step:1746} Server_Comm.py: The agent lost 132 consecutive packets! Is syncmode disabled?
{Mon 01:09:45 Step:1750} Server_Comm.py: The agent lost 3 consecutive packets! Is syncmode disabled?
{Mon 01:09:45 Step:1753} Server_Comm.py: The agent lost 2 consecutive packets! Is syncmode disabled?
{Mon 01:09:45 Step:1756} Server_Comm.py: The agent lost 2 consecutive packets! Is syncmode disabled?
{Mon 01:09:45 Step:1758} Server_Comm.py: The agent lost 1 packet! Is syncmode enabled?
{Mon 01:09:45 Step:1760} Server_Comm.py: The agent lost 1 packet! Is syncmode enabled?
{Mon 01:09:45 Step:1762} Server_Comm.py: The agent lost 1 packet! Is syncmode enabled?
{Mon 01:09:45 Step:1765} Server_Comm.py: The agent lost 1 packet! Is syncmode enabled?
{Mon 01:09:45 Step:1767} Server_Comm.py: The agent lost 1 packet! Is syncmode enabled?
{Mon 01:09:45 Step:1769} Server_Comm.py: The agent lost 1 packet! Is syncmode enabled?
{Mon 01:09:45 Step:1772} Server_Comm.py: The agent lost 1 packet! Is syncmode enabled?
{Mon 01:09:45 Step:1775} Server_Comm.py: The agent lost 1 packet! Is syncmode enabled?
{Mon 01:09:45 Step:1777} Server_Comm.py: The agent lost 1 packet! Is syncmode enabled?
{Mon 01:09:45 Step:1779} Server_Comm.py: The agent lost 1 packet! Is syncmode enabled?
{Mon 01:09:45 Step:1781} Server_Comm.py: The agent lost 1 packet! Is syncmode enabled?
{Mon 01:09:45 Step:1784} Server_Comm.py: The agent lost 2 consecutive packets! Is syncmode disabled?
{Mon 01:09:45 Step:1787} Server_Comm.py: The agent lost 1 packet! Is syncmode enabled?
{Mon 01:09:45 Step:1789} Server_Comm.py: The agent lost 1 packet! Is syncmode enabled?
{Mon 01:09:45 Step:1791} Server_Comm.py: The agent lost 1 packet! Is syncmode enabled?
{Mon 01:09:45 Step:1793} Server_Comm.py: The agent lost 1 packet! Is syncmode enabled?
{Mon 01:09:45 Step:1799} Server_Comm.py: The agent lost 1 packet! Is syncmode enabled?
{Mon 01:09:45 Step:1803} Server_Comm.py: The agent lost 1 packet! Is syncmode enabled?
{Mon 01:09:45 Step:1805} Server_Comm.py: The agent lost 1 packet! Is syncmode enabled?
{Mon 01:09:45 Step:1813} Server_Comm.py: The agent lost 7 consecutive packets! Is syncmode disabled?
{Mon 01:09:45 Step:1817} Server_Comm.py: The agent lost 3 consecutive packets! Is syncmode disabled?
{Mon 01:09:45 Step:1820} Server_Comm.py: The agent lost 2 consecutive packets! Is syncmode disabled?
{Mon 01:09:45 Step:1827} Server_Comm.py: The agent lost 1 packet! Is syncmode enabled?
{Mon 01:09:45 Step:1829} Server_Comm.py: The agent lost 1 packet! Is syncmode enabled?
{Mon 01:09:45 Step:1831} Server_Comm.py: The agent lost 1 packet! Is syncmode enabled?
{Mon 01:09:45 Step:1833} Server_Comm.py: The agent lost 1 packet! Is syncmode enabled?
{Mon 01:09:45 Step:1835} Server_Comm.py: The agent lost 1 packet! Is syncmode enabled?
{Mon 01:09:45 Step:1841} Server_Comm.py: The agent lost 1 packet! Is syncmode enabled?
{Mon 01:09:45 Step:1845} Server_Comm.py: The agent lost 1 packet! Is syncmode enabled?
{Mon 01:09:45 Step:1847} Server_Comm.py: The agent lost 1 packet! Is syncmode enabled?
{Mon 01:09:45 Step:1849} Server_Comm.py: The agent lost 1 packet! Is syncmode enabled?
{Mon 01:09:45 Step:1851} Server_Comm.py: The agent lost 1 packet! Is syncmode enabled?
{Mon 01:09:45 Step:1854} Server_Comm.py: The agent lost 1 packet! Is syncmode enabled?
{Mon 01:09:45 Step:1857} Server_Comm.py: The agent lost 1 packet! Is syncmode enabled?
{Mon 01:09:45 Step:1861} Server_Comm.py: The agent lost 1 packet! Is syncmode enabled?
{Mon 01:09:45 Step:1863} Server_Comm.py: The agent lost 1 packet! Is syncmode enabled?
{Mon 01:09:45 Step:1865} Server_Comm.py: The agent lost 1 packet! Is syncmode enabled?
{Mon 01:09:45 Step:1867} Server_Comm.py: The agent lost 1 packet! Is syncmode enabled?
{Mon 01:09:45 Step:1871} Server_Comm.py: The agent lost 3 consecutive packets! Is syncmode disabled?
{Mon 01:09:45 Step:1874} Server_Comm.py: The agent lost 2 consecutive packets! Is syncmode disabled?
{Mon 01:09:45 Step:1876} Server_Comm.py: The agent lost 1 packet! Is syncmode enabled?
{Mon 01:09:45 Step:1880} Server_Comm.py: The agent lost 2 consecutive packets! Is syncmode disabled?
{Mon 01:09:45 Step:1884} Server_Comm.py: The agent lost 2 consecutive packets! Is syncmode disabled?
{Mon 01:09:45 Step:1886} Server_Comm.py: The agent lost 1 packet! Is syncmode enabled?
{Mon 01:09:45 Step:1889} Server_Comm.py: The agent lost 1 packet! Is syncmode enabled?
{Mon 01:09:45 Step:1891} Server_Comm.py: The agent lost 1 packet! Is syncmode enabled?
{Mon 01:09:45 Step:1893} Server_Comm.py: The agent lost 1 packet! Is syncmode enabled?
{Mon 01:09:45 Step:1896} Server_Comm.py: The agent lost 2 consecutive packets! Is syncmode disabled?
{Mon 01:09:45 Step:1898} Server_Comm.py: The agent lost 1 packet! Is syncmode enabled?
{Mon 01:09:45 Step:1901} Server_Comm.py: The agent lost 1 packet! Is syncmode enabled?
{Mon 01:09:45 Step:1903} Server_Comm.py: The agent lost 1 packet! Is syncmode enabled?
{Mon 01:09:45 Step:1905} Server_Comm.py: The agent lost 1 packet! Is syncmode enabled?
{Mon 01:09:45 Step:1908} Server_Comm.py: The agent lost 2 consecutive packets! Is syncmode disabled?
{Mon 01:09:45 Step:1910} Server_Comm.py: The agent lost 1 packet! Is syncmode enabled?
{Mon 01:09:45 Step:1912} Server_Comm.py: The agent lost 1 packet! Is syncmode enabled?
{Mon 01:09:45 Step:1920} Server_Comm.py: The agent lost 6 consecutive packets! Is syncmode disabled?
{Mon 01:09:45 Step:1923} Server_Comm.py: The agent lost 2 consecutive packets! Is syncmode disabled?
{Mon 01:09:45 Step:1927} Server_Comm.py: The agent lost 3 consecutive packets! Is syncmode disabled?
{Mon 01:09:45 Step:1931} Server_Comm.py: The agent lost 3 consecutive packets! Is syncmode disabled?
{Mon 01:09:45 Step:1935} Server_Comm.py: The agent lost 3 consecutive packets! Is syncmode disabled?
{Mon 01:09:45 Step:1940} Server_Comm.py: The agent lost 4 consecutive packets! Is syncmode disabled?
{Mon 01:09:45 Step:1942} Server_Comm.py: The agent lost 1 packet! Is syncmode enabled?
{Mon 01:09:45 Step:1944} Server_Comm.py: The agent lost 1 packet! Is syncmode enabled?
{Mon 01:09:45 Step:1948} Server_Comm.py: The agent lost 2 consecutive packets! Is syncmode disabled?
{Mon 01:09:45 Step:1950} Server_Comm.py: The agent lost 1 packet! Is syncmode enabled?
{Mon 01:09:45 Step:1972} Server_Comm.py: The agent lost 21 consecutive packets! Is syncmode disabled?
{Mon 01:09:45 Step:1980} Server_Comm.py: The agent lost 7 consecutive packets! Is syncmode disabled?
{Mon 01:09:45 Step:1985} Server_Comm.py: The agent lost 4 consecutive packets! Is syncmode disabled?
{Mon 01:09:45 Step:1990} Server_Comm.py: The agent lost 4 consecutive packets! Is syncmode disabled?
{Mon 01:09:45 Step:1992} Server_Comm.py: The agent lost 1 packet! Is syncmode enabled?
{Mon 01:09:45 Step:1994} Server_Comm.py: The agent lost 1 packet! Is syncmode enabled?
{Mon 01:09:45 Step:1998} Server_Comm.py: The agent lost 2 consecutive packets! Is syncmode disabled?
{Mon 01:09:45 Step:2002} Server_Comm.py: The agent lost 2 consecutive packets! Is syncmode disabled?
{Mon 01:09:45 Step:2004} Server_Comm.py: The agent lost 1 packet! Is syncmode enabled?
{Mon 01:09:45 Step:2006} Server_Comm.py: The agent lost 1 packet! Is syncmode enabled?
{Mon 01:09:45 Step:2010} Server_Comm.py: The agent lost 2 consecutive packets! Is syncmode disabled?
{Mon 01:09:45 Step:2012} Server_Comm.py: The agent lost 1 packet! Is syncmode enabled?
{Mon 01:09:45 Step:2014} Server_Comm.py: The agent lost 1 packet! Is syncmode enabled?
{Mon 01:09:45 Step:2016} Server_Comm.py: The agent lost 1 packet! Is syncmode enabled?
{Mon 01:09:45 Step:2018} Server_Comm.py: The agent lost 1 packet! Is syncmode enabled?
{Mon 01:09:45 Step:2022} Server_Comm.py: The agent lost 2 consecutive packets! Is syncmode disabled?
{Mon 01:09:45 Step:2024} Server_Comm.py: The agent lost 1 packet! Is syncmode enabled?
{Mon 01:09:45 Step:2026} Server_Comm.py: The agent lost 1 packet! Is syncmode enabled?
{Mon 01:09:45 Step:2029} Server_Comm.py: The agent lost 1 packet! Is syncmode enabled?
{Mon 01:09:45 Step:2032} Server_Comm.py: The agent lost 1 packet! Is syncmode enabled?
{Mon 01:09:45 Step:2037} Server_Comm.py: The agent lost 1 packet! Is syncmode enabled?
{Mon 01:09:45 Step:2042} Server_Comm.py: The agent lost 1 packet! Is syncmode enabled?
{Mon 01:09:45 Step:2046} Server_Comm.py: The agent lost 1 packet! Is syncmode enabled?
{Mon 01:09:45 Step:2048} Server_Comm.py: The agent lost 1 packet! Is syncmode enabled?
{Mon 01:09:45 Step:2067} Server_Comm.py: The agent lost 1 packet! Is syncmode enabled?
{Mon 01:09:45 Step:2073} Server_Comm.py: The agent lost 1 packet! Is syncmode enabled?
{Mon 01:09:45 Step:2077} Server_Comm.py: The agent lost 1 packet! Is syncmode enabled?
{Mon 01:09:45 Step:2080} Server_Comm.py: The agent lost 1 packet! Is syncmode enabled?
{Mon 01:09:45 Step:2103} Server_Comm.py: The agent lost 1 packet! Is syncmode enabled?
{Mon 01:09:45 Step:2129} Server_Comm.py: The agent lost 24 consecutive packets! Is syncmode disabled?
{Mon 01:09:45 Step:2140} Server_Comm.py: The agent lost 10 consecutive packets! Is syncmode disabled?
{Mon 01:09:45 Step:2146} Server_Comm.py: The agent lost 5 consecutive packets! Is syncmode disabled?
{Mon 01:09:45 Step:2148} Server_Comm.py: The agent lost 1 packet! Is syncmode enabled?
{Mon 01:09:45 Step:2150} Server_Comm.py: The agent lost 1 packet! Is syncmode enabled?
{Mon 01:09:45 Step:2152} Server_Comm.py: The agent lost 1 packet! Is syncmode enabled?
{Mon 01:09:45 Step:2154} Server_Comm.py: The agent lost 1 packet! Is syncmode enabled?
{Mon 01:09:45 Step:2156} Server_Comm.py: The agent lost 1 packet! Is syncmode enabled?
{Mon 01:09:45 Step:2160} Server_Comm.py: The agent lost 2 consecutive packets! Is syncmode disabled?
{Mon 01:09:45 Step:2162} Server_Comm.py: The agent lost 1 packet! Is syncmode enabled?
{Mon 01:09:45 Step:2166} Server_Comm.py: The agent lost 2 consecutive packets! Is syncmode disabled?
{Mon 01:09:45 Step:2168} Server_Comm.py: The agent lost 1 packet! Is syncmode enabled?
{Mon 01:09:45 Step:2170} Server_Comm.py: The agent lost 1 packet! Is syncmode enabled?
{Mon 01:09:45 Step:2174} Server_Comm.py: The agent lost 2 consecutive packets! Is syncmode disabled?
{Mon 01:09:45 Step:2177} Server_Comm.py: The agent lost 1 packet! Is syncmode enabled?
{Mon 01:09:45 Step:2180} Server_Comm.py: The agent lost 2 consecutive packets! Is syncmode disabled?
{Mon 01:09:45 Step:2182} Server_Comm.py: The agent lost 1 packet! Is syncmode enabled?
{Mon 01:09:45 Step:2186} Server_Comm.py: The agent lost 2 consecutive packets! Is syncmode disabled?
{Mon 01:09:45 Step:2188} Server_Comm.py: The agent lost 1 packet! Is syncmode enabled?
{Mon 01:09:45 Step:2188} Server_Comm.py: Received a new packet while thinking!
{Mon 01:09:45 Step:2236} Server_Comm.py: The agent lost 47 consecutive packets! Is syncmode disabled?
{Mon 01:09:45 Step:2282} Server_Comm.py: The agent lost 45 consecutive packets! Is syncmode disabled?
{Mon 01:09:45 Step:2295} Server_Comm.py: The agent lost 12 consecutive packets! Is syncmode disabled?
{Mon 01:09:45 Step:2299} Server_Comm.py: The agent lost 3 consecutive packets! Is syncmode disabled?
{Mon 01:09:45 Step:2301} Server_Comm.py: The agent lost 1 packet! Is syncmode enabled?
{Mon 01:09:45 Step:2305} Server_Comm.py: The agent lost 1 packet! Is syncmode enabled?
{Mon 01:09:45 Step:2307} Server_Comm.py: The agent lost 1 packet! Is syncmode enabled?
{Mon 01:09:45 Step:2309} Server_Comm.py: The agent lost 1 packet! Is syncmode enabled?
{Mon 01:09:45 Step:2313} Server_Comm.py: The agent lost 1 packet! Is syncmode enabled?
{Mon 01:09:45 Step:2315} Server_Comm.py: The agent lost 1 packet! Is syncmode enabled?
{Mon 01:09:45 Step:2317} Server_Comm.py: The agent lost 1 packet! Is syncmode enabled?
{Mon 01:09:45 Step:2320} Server_Comm.py: The agent lost 1 packet! Is syncmode enabled?
{Mon 01:09:45 Step:2326} Server_Comm.py: The agent lost 1 packet! Is syncmode enabled?
{Mon 01:09:45 Step:2354} Server_Comm.py: The agent lost 1 packet! Is syncmode enabled?
{Mon 01:09:45 Step:2358} Server_Comm.py: The agent lost 1 packet! Is syncmode enabled?
{Mon 01:09:45 Step:2362} Server_Comm.py: The agent lost 1 packet! Is syncmode enabled?
{Mon 01:09:45 Step:2373} Server_Comm.py: The agent lost 1 packet! Is syncmode enabled?
{Mon 01:09:45 Step:2378} Server_Comm.py: The agent lost 1 packet! Is syncmode enabled?
{Mon 01:09:45 Step:2383} Server_Comm.py: The agent lost 1 packet! Is syncmode enabled?
{Mon 01:09:45 Step:2400} Server_Comm.py: The agent lost 2 consecutive packets! Is syncmode disabled?
{Mon 01:09:45 Step:2408} Server_Comm.py: The agent lost 6 consecutive packets! Is syncmode disabled?
{Mon 01:09:45 Step:2411} Server_Comm.py: The agent lost 2 consecutive packets! Is syncmode disabled?
{Mon 01:09:45 Step:2415} Server_Comm.py: The agent lost 3 consecutive packets! Is syncmode disabled?
{Mon 01:09:45 Step:2420} Server_Comm.py: The agent lost 4 consecutive packets! Is syncmode disabled?
{Mon 01:09:45 Step:2423} Server_Comm.py: The agent lost 2 consecutive packets! Is syncmode disabled?
{Mon 01:09:45 Step:2426} Server_Comm.py: The agent lost 2 consecutive packets! Is syncmode disabled?
{Mon 01:09:45 Step:2429} Server_Comm.py: The agent lost 2 consecutive packets! Is syncmode disabled?
{Mon 01:09:45 Step:2433} Server_Comm.py: The agent lost 3 consecutive packets! Is syncmode disabled?
{Mon 01:09:45 Step:2437} Server_Comm.py: The agent lost 3 consecutive packets! Is syncmode disabled?
{Mon 01:09:45 Step:2442} Server_Comm.py: The agent lost 4 consecutive packets! Is syncmode disabled?
{Mon 01:09:45 Step:2444} Server_Comm.py: The agent lost 1 packet! Is syncmode enabled?
{Mon 01:09:45 Step:2446} Server_Comm.py: The agent lost 1 packet! Is syncmode enabled?
{Mon 01:09:45 Step:2449} Server_Comm.py: The agent lost 1 packet! Is syncmode enabled?
{Mon 01:09:45 Step:2451} Server_Comm.py: The agent lost 1 packet! Is syncmode enabled?
{Mon 01:09:45 Step:2453} Server_Comm.py: The agent lost 1 packet! Is syncmode enabled?
{Mon 01:09:45 Step:2455} Server_Comm.py: The agent lost 1 packet! Is syncmode enabled?
{Mon 01:09:45 Step:2457} Server_Comm.py: The agent lost 1 packet! Is syncmode enabled?
{Mon 01:09:45 Step:2463} Server_Comm.py: The agent lost 1 packet! Is syncmode enabled?
{Mon 01:09:45 Step:2466} Server_Comm.py: The agent lost 1 packet! Is syncmode enabled?
{Mon 01:09:45 Step:2470} Server_Comm.py: The agent lost 1 packet! Is syncmode enabled?
{Mon 01:09:45 Step:2490} Server_Comm.py: The agent lost 1 packet! Is syncmode enabled?
{Mon 01:09:45 Step:2497} Server_Comm.py: The agent lost 1 packet! Is syncmode enabled?
{Mon 01:09:45 Step:2499} Server_Comm.py: The agent lost 1 packet! Is syncmode enabled?
{Mon 01:09:45 Step:2534} Server_Comm.py: The agent lost 1 packet! Is syncmode enabled?
{Mon 01:09:45 Step:2540} Server_Comm.py: The agent lost 4 consecutive packets! Is syncmode disabled?
{Mon 01:09:45 Step:2549} Server_Comm.py: The agent lost 8 consecutive packets! Is syncmode disabled?
{Mon 01:09:45 Step:2555} Server_Comm.py: The agent lost 5 consecutive packets! Is syncmode disabled?
{Mon 01:09:45 Step:2559} Server_Comm.py: The agent lost 3 consecutive packets! Is syncmode disabled?
{Mon 01:09:45 Step:2563} Server_Comm.py: The agent lost 3 consecutive packets! Is syncmode disabled?
{Mon 01:09:45 Step:2566} Server_Comm.py: The agent lost 2 consecutive packets! Is syncmode disabled?
{Mon 01:09:45 Step:2570} Server_Comm.py: The agent lost 2 consecutive packets! Is syncmode disabled?
{Mon 01:09:45 Step:2572} Server_Comm.py: The agent lost 1 packet! Is syncmode enabled?
{Mon 01:09:45 Step:2574} Server_Comm.py: The agent lost 1 packet! Is syncmode enabled?
{Mon 01:09:45 Step:2576} Server_Comm.py: The agent lost 1 packet! Is syncmode enabled?
{Mon 01:09:45 Step:2578} Server_Comm.py: The agent lost 1 packet! Is syncmode enabled?
{Mon 01:09:45 Step:2580} Server_Comm.py: The agent lost 1 packet! Is syncmode enabled?
{Mon 01:09:45 Step:2583} Server_Comm.py: The agent lost 1 packet! Is syncmode enabled?
{Mon 01:09:45 Step:2586} Server_Comm.py: The agent lost 2 consecutive packets! Is syncmode disabled?
{Mon 01:09:45 Step:2588} Server_Comm.py: The agent lost 1 packet! Is syncmode enabled?
{Mon 01:09:45 Step:2592} Server_Comm.py: The agent lost 1 packet! Is syncmode enabled?
{Mon 01:09:45 Step:2607} Server_Comm.py: The agent lost 1 packet! Is syncmode enabled?
{Mon 01:09:45 Step:2610} Server_Comm.py: The agent lost 1 packet! Is syncmode enabled?
{Mon 01:09:45 Step:2622} Server_Comm.py: The agent lost 1 packet! Is syncmode enabled?
{Mon 01:09:45 Step:2634} Server_Comm.py: The agent lost 1 packet! Is syncmode enabled?
{Mon 01:09:45 Step:2638} Server_Comm.py: The agent lost 1 packet! Is syncmode enabled?
{Mon 01:09:45 Step:2657} Server_Comm.py: The agent lost 1 packet! Is syncmode enabled?
{Mon 01:09:45 Step:2666} Server_Comm.py: The agent lost 1 packet! Is syncmode enabled?
{Mon 01:09:45 Step:2671} Server_Comm.py: The agent lost 1 packet! Is syncmode enabled?
{Mon 01:09:45 Step:2677} Server_Comm.py: The agent lost 5 consecutive packets! Is syncmode disabled?
{Mon 01:09:45 Step:2680} Server_Comm.py: The agent lost 2 consecutive packets! Is syncmode disabled?
{Mon 01:09:45 Step:2682} Server_Comm.py: The agent lost 1 packet! Is syncmode enabled?
{Mon 01:09:45 Step:2684} Server_Comm.py: The agent lost 1 packet! Is syncmode enabled?
{Mon 01:09:45 Step:2686} Server_Comm.py: The agent lost 1 packet! Is syncmode enabled?
{Mon 01:09:45 Step:2688} Server_Comm.py: The agent lost 1 packet! Is syncmode enabled?
{Mon 01:09:45 Step:2690} Server_Comm.py: The agent lost 1 packet! Is syncmode enabled?
{Mon 01:09:45 Step:2692} Server_Comm.py: The agent lost 1 packet! Is syncmode enabled?
{Mon 01:09:45 Step:2694} Server_Comm.py: The agent lost 1 packet! Is syncmode enabled?
{Mon 01:09:45 Step:2699} Server_Comm.py: The agent lost 3 consecutive packets! Is syncmode disabled?
{Mon 01:09:45 Step:2702} Server_Comm.py: The agent lost 2 consecutive packets! Is syncmode disabled?
{Mon 01:09:45 Step:2704} Server_Comm.py: The agent lost 1 packet! Is syncmode enabled?
{Mon 01:09:45 Step:2706} Server_Comm.py: The agent lost 1 packet! Is syncmode enabled?
{Mon 01:09:45 Step:2708} Server_Comm.py: The agent lost 1 packet! Is syncmode enabled?
{Mon 01:09:45 Step:2717} Server_Comm.py: The agent lost 7 consecutive packets! Is syncmode disabled?
{Mon 01:09:45 Step:2722} Server_Comm.py: The agent lost 4 consecutive packets! Is syncmode disabled?
{Mon 01:09:45 Step:2725} Server_Comm.py: The agent lost 2 consecutive packets! Is syncmode disabled?
{Mon 01:09:45 Step:2729} Server_Comm.py: The agent lost 3 consecutive packets! Is syncmode disabled?
{Mon 01:09:45 Step:2734} Server_Comm.py: The agent lost 4 consecutive packets! Is syncmode disabled?
{Mon 01:09:45 Step:2737} Server_Comm.py: The agent lost 2 consecutive packets! Is syncmode disabled?
{Mon 01:09:45 Step:2742} Server_Comm.py: The agent lost 4 consecutive packets! Is syncmode disabled?
{Mon 01:09:45 Step:2744} Server_Comm.py: The agent lost 1 packet! Is syncmode enabled?
{Mon 01:09:45 Step:2746} Server_Comm.py: The agent lost 1 packet! Is syncmode enabled?
{Mon 01:09:45 Step:2749} Server_Comm.py: The agent lost 1 packet! Is syncmode enabled?
{Mon 01:09:45 Step:2751} Server_Comm.py: The agent lost 1 packet! Is syncmode enabled?
{Mon 01:09:45 Step:2754} Server_Comm.py: The agent lost 2 consecutive packets! Is syncmode disabled?
{Mon 01:09:45 Step:2756} Server_Comm.py: The agent lost 1 packet! Is syncmode enabled?
{Mon 01:09:45 Step:2758} Server_Comm.py: The agent lost 1 packet! Is syncmode enabled?
{Mon 01:09:45 Step:2760} Server_Comm.py: The agent lost 1 packet! Is syncmode enabled?
{Mon 01:09:45 Step:2762} Server_Comm.py: The agent lost 1 packet! Is syncmode enabled?
{Mon 01:09:46 Step:2766} Server_Comm.py: The agent lost 1 packet! Is syncmode enabled?
{Mon 01:09:46 Step:2771} Server_Comm.py: The agent lost 1 packet! Is syncmode enabled?
{Mon 01:09:46 Step:2777} Server_Comm.py: The agent lost 1 packet! Is syncmode enabled?
{Mon 01:09:46 Step:2779} Server_Comm.py: The agent lost 1 packet! Is syncmode enabled?
{Mon 01:09:46 Step:2784} Server_Comm.py: The agent lost 1 packet! Is syncmode enabled?
{Mon 01:09:46 Step:2787} Server_Comm.py: The agent lost 1 packet! Is syncmode enabled?
{Mon 01:09:46 Step:2789} Server_Comm.py: The agent lost 1 packet! Is syncmode enabled?
{Mon 01:09:46 Step:2794} Server_Comm.py: The agent lost 1 packet! Is syncmode enabled?
{Mon 01:09:46 Step:2806} Server_Comm.py: The agent lost 1 packet! Is syncmode enabled?
{Mon 01:09:46 Step:2816} Server_Comm.py: The agent lost 1 packet! Is syncmode enabled?
{Mon 01:09:46 Step:2826} Server_Comm.py: The agent lost 1 packet! Is syncmode enabled?
{Mon 01:09:46 Step:2838} Server_Comm.py: The agent lost 1 packet! Is syncmode enabled?
{Mon 01:09:46 Step:2844} Server_Comm.py: The agent lost 1 packet! Is syncmode enabled?
{Mon 01:09:46 Step:2849} Server_Comm.py: The agent lost 1 packet! Is syncmode enabled?
{Mon 01:09:46 Step:2852} Server_Comm.py: The agent lost 2 consecutive packets! Is syncmode disabled?
{Mon 01:09:46 Step:2858} Server_Comm.py: The agent lost 5 consecutive packets! Is syncmode disabled?
{Mon 01:09:46 Step:2861} Server_Comm.py: The agent lost 2 consecutive packets! Is syncmode disabled?
{Mon 01:09:46 Step:2864} Server_Comm.py: The agent lost 2 consecutive packets! Is syncmode disabled?
{Mon 01:09:46 Step:2866} Server_Comm.py: The agent lost 1 packet! Is syncmode enabled?
{Mon 01:09:46 Step:2868} Server_Comm.py: The agent lost 1 packet! Is syncmode enabled?
{Mon 01:09:46 Step:2870} Server_Comm.py: The agent lost 1 packet! Is syncmode enabled?
{Mon 01:09:46 Step:2872} Server_Comm.py: The agent lost 1 packet! Is syncmode enabled?
{Mon 01:09:46 Step:2874} Server_Comm.py: The agent lost 1 packet! Is syncmode enabled?
{Mon 01:09:46 Step:2876} Server_Comm.py: The agent lost 1 packet! Is syncmode enabled?
{Mon 01:09:46 Step:2878} Server_Comm.py: The agent lost 1 packet! Is syncmode enabled?
{Mon 01:09:46 Step:2882} Server_Comm.py: The agent lost 2 consecutive packets! Is syncmode disabled?
{Mon 01:09:46 Step:2884} Server_Comm.py: The agent lost 1 packet! Is syncmode enabled?
{Mon 01:09:46 Step:2888} Server_Comm.py: The agent lost 2 consecutive packets! Is syncmode disabled?
{Mon 01:09:46 Step:2890} Server_Comm.py: The agent lost 1 packet! Is syncmode enabled?
{Mon 01:09:46 Step:2892} Server_Comm.py: The agent lost 1 packet! Is syncmode enabled?
{Mon 01:09:46 Step:2894} Server_Comm.py: The agent lost 1 packet! Is syncmode enabled?
{Mon 01:09:46 Step:2896} Server_Comm.py: The agent lost 1 packet! Is syncmode enabled?
{Mon 01:09:46 Step:2899} Server_Comm.py: The agent lost 2 consecutive packets! Is syncmode disabled?
{Mon 01:09:46 Step:2903} Server_Comm.py: The agent lost 1 packet! Is syncmode enabled?
{Mon 01:09:46 Step:2907} Server_Comm.py: The agent lost 3 consecutive packets! Is syncmode disabled?
{Mon 01:09:46 Step:2911} Server_Comm.py: The agent lost 3 consecutive packets! Is syncmode disabled?
{Mon 01:09:46 Step:2915} Server_Comm.py: The agent lost 3 consecutive packets! Is syncmode disabled?
{Mon 01:09:46 Step:2919} Server_Comm.py: The agent lost 3 consecutive packets! Is syncmode disabled?
{Mon 01:09:46 Step:2923} Server_Comm.py: The agent lost 3 consecutive packets! Is syncmode disabled?
{Mon 01:09:46 Step:2927} Server_Comm.py: The agent lost 3 consecutive packets! Is syncmode disabled?
{Mon 01:09:46 Step:2930} Server_Comm.py: The agent lost 2 consecutive packets! Is syncmode disabled?
{Mon 01:09:46 Step:2932} Server_Comm.py: The agent lost 1 packet! Is syncmode enabled?
{Mon 01:09:46 Step:2934} Server_Comm.py: The agent lost 1 packet! Is syncmode enabled?
{Mon 01:09:46 Step:2936} Server_Comm.py: The agent lost 1 packet! Is syncmode enabled?
{Mon 01:09:46 Step:2940} Server_Comm.py: The agent lost 2 consecutive packets! Is syncmode disabled?
{Mon 01:09:46 Step:2942} Server_Comm.py: The agent lost 1 packet! Is syncmode enabled?
{Mon 01:09:46 Step:2946} Server_Comm.py: The agent lost 2 consecutive packets! Is syncmode disabled?
{Mon 01:09:46 Step:2948} Server_Comm.py: The agent lost 1 packet! Is syncmode enabled?
{Mon 01:09:46 Step:2950} Server_Comm.py: The agent lost 1 packet! Is syncmode enabled?
{Mon 01:09:46 Step:2954} Server_Comm.py: The agent lost 2 consecutive packets! Is syncmode disabled?
{Mon 01:09:46 Step:2956} Server_Comm.py: The agent lost 1 packet! Is syncmode enabled?
{Mon 01:09:46 Step:2958} Server_Comm.py: The agent lost 1 packet! Is syncmode enabled?
{Mon 01:09:46 Step:2960} Server_Comm.py: The agent lost 1 packet! Is syncmode enabled?
{Mon 01:09:46 Step:2963} Server_Comm.py: The agent lost 1 packet! Is syncmode enabled?
{Mon 01:09:46 Step:2965} Server_Comm.py: The agent lost 1 packet! Is syncmode enabled?
{Mon 01:09:46 Step:2976} Server_Comm.py: The agent lost 1 packet! Is syncmode enabled?
{Mon 01:09:46 Step:3000} Server_Comm.py: The agent lost 1 packet! Is syncmode enabled?
{Mon 01:09:46 Step:3003} Server_Comm.py: The agent lost 1 packet! Is syncmode enabled?
{Mon 01:09:46 Step:3006} Server_Comm.py: The agent lost 1 packet! Is syncmode enabled?
{Mon 01:09:46 Step:3010} Server_Comm.py: The agent lost 1 packet! Is syncmode enabled?
{Mon 01:09:46 Step:3014} Server_Comm.py: The agent lost 2 consecutive packets! Is syncmode disabled?
{Mon 01:09:46 Step:3016} Server_Comm.py: The agent lost 1 packet! Is syncmode enabled?
{Mon 01:09:46 Step:3022} Server_Comm.py: The agent lost 4 consecutive packets! Is syncmode disabled?
{Mon 01:09:46 Step:3025} Server_Comm.py: The agent lost 2 consecutive packets! Is syncmode disabled?
{Mon 01:09:46 Step:3028} Server_Comm.py: The agent lost 2 consecutive packets! Is syncmode disabled?
{Mon 01:09:46 Step:3030} Server_Comm.py: The agent lost 1 packet! Is syncmode enabled?
{Mon 01:09:46 Step:3032} Server_Comm.py: The agent lost 1 packet! Is syncmode enabled?
{Mon 01:09:46 Step:3036} Server_Comm.py: The agent lost 2 consecutive packets! Is syncmode disabled?
{Mon 01:09:46 Step:3038} Server_Comm.py: The agent lost 1 packet! Is syncmode enabled?
{Mon 01:09:46 Step:3040} Server_Comm.py: The agent lost 1 packet! Is syncmode enabled?
{Mon 01:09:46 Step:3042} Server_Comm.py: The agent lost 1 packet! Is syncmode enabled?
{Mon 01:09:46 Step:3046} Server_Comm.py: The agent lost 2 consecutive packets! Is syncmode disabled?
{Mon 01:09:46 Step:3048} Server_Comm.py: The agent lost 1 packet! Is syncmode enabled?
{Mon 01:09:46 Step:3050} Server_Comm.py: The agent lost 1 packet! Is syncmode enabled?
{Mon 01:09:46 Step:3064} Server_Comm.py: The agent lost 1 packet! Is syncmode enabled?
{Mon 01:09:46 Step:3069} Server_Comm.py: The agent lost 1 packet! Is syncmode enabled?
{Mon 01:09:46 Step:3100} Server_Comm.py: The agent lost 1 packet! Is syncmode enabled?
{Mon 01:09:46 Step:3104} Server_Comm.py: The agent lost 1 packet! Is syncmode enabled?
{Mon 01:09:46 Step:3128} Server_Comm.py: The agent lost 1 packet! Is syncmode enabled?
{Mon 01:09:46 Step:3132} Server_Comm.py: The agent lost 1 packet! Is syncmode enabled?
{Mon 01:09:46 Step:3136} Server_Comm.py: The agent lost 2 consecutive packets! Is syncmode disabled?
