{Mon 01:01:14 Step:3} Server_Comm.py: The agent lost 2 consecutive packets! Is syncmode disabled?
{Mon 01:01:14 Step:3} Server_Comm.py: Received a new packet while on world.update()!
{Mon 01:01:14 Step:18} Server_Comm.py: The agent lost 14 consecutive packets! Is syncmode disabled?
{Mon 01:01:14 Step:18} Server_Comm.py: Received a new packet while on world.update()!
{Mon 01:01:14 Step:19} Server_Comm.py: Received a new packet while on world.update()!
{Mon 01:01:14 Step:23} Server_Comm.py: The agent lost 3 consecutive packets! Is syncmode disabled?
{Mon 01:01:14 Step:23} Server_Comm.py: Received a new packet while on world.update()!
{Mon 01:01:14 Step:26} Server_Comm.py: The agent lost 2 consecutive packets! Is syncmode disabled?
{Mon 01:01:14 Step:26} Server_Comm.py: Received a new packet while on world.update()!
{Mon 01:01:14 Step:27} Server_Comm.py: Received a new packet while on world.update()!
{Mon 01:01:14 Step:30} Server_Comm.py: The agent lost 2 consecutive packets! Is syncmode disabled?
{Mon 01:01:14 Step:30} Server_Comm.py: Received a new packet while on world.update()!
{Mon 01:01:14 Step:31} Server_Comm.py: Received a new packet while on world.update()!
{Mon 01:01:14 Step:34} Server_Comm.py: The agent lost 2 consecutive packets! Is syncmode disabled?
{Mon 01:01:14 Step:38} Server_Comm.py: The agent lost 2 consecutive packets! Is syncmode disabled?
{Mon 01:01:14 Step:40} Server_Comm.py: The agent lost 1 packet! Is syncmode enabled?
{Mon 01:01:14 Step:42} Server_Comm.py: The agent lost 1 packet! Is syncmode enabled?
{Mon 01:01:14 Step:42} Server_Comm.py: Received a new packet while thinking!
{Mon 01:01:14 Step:128} Server_Comm.py: The agent lost 85 consecutive packets! Is syncmode disabled?
{Mon 01:01:14 Step:145} Server_Comm.py: The agent lost 16 consecutive packets! Is syncmode disabled?
{Mon 01:01:14 Step:153} Server_Comm.py: The agent lost 7 consecutive packets! Is syncmode disabled?
{Mon 01:01:14 Step:158} Server_Comm.py: The agent lost 4 consecutive packets! Is syncmode disabled?
{Mon 01:01:14 Step:160} Server_Comm.py: The agent lost 1 packet! Is syncmode enabled?
{Mon 01:01:14 Step:162} Server_Comm.py: The agent lost 1 packet! Is syncmode enabled?
{Mon 01:01:14 Step:168} Server_Comm.py: The agent lost 5 consecutive packets! Is syncmode disabled?
{Mon 01:01:14 Step:172} Server_Comm.py: The agent lost 3 consecutive packets! Is syncmode disabled?
{Mon 01:01:14 Step:176} Server_Comm.py: The agent lost 2 consecutive packets! Is syncmode disabled?
{Mon 01:01:14 Step:178} Server_Comm.py: The agent lost 1 packet! Is syncmode enabled?
{Mon 01:01:14 Step:180} Server_Comm.py: The agent lost 1 packet! Is syncmode enabled?
{Mon 01:01:14 Step:182} Server_Comm.py: The agent lost 1 packet! Is syncmode enabled?
{Mon 01:01:14 Step:184} Server_Comm.py: The agent lost 1 packet! Is syncmode enabled?
{Mon 01:01:14 Step:188} Server_Comm.py: The agent lost 2 consecutive packets! Is syncmode disabled?
{Mon 01:01:14 Step:190} Server_Comm.py: The agent lost 1 packet! Is syncmode enabled?
{Mon 01:01:14 Step:193} Server_Comm.py: The agent lost 1 packet! Is syncmode enabled?
{Mon 01:01:14 Step:198} Server_Comm.py: The agent lost 2 consecutive packets! Is syncmode disabled?
{Mon 01:01:14 Step:200} Server_Comm.py: The agent lost 1 packet! Is syncmode enabled?
{Mon 01:01:14 Step:202} Server_Comm.py: The agent lost 1 packet! Is syncmode enabled?
{Mon 01:01:14 Step:207} Server_Comm.py: The agent lost 3 consecutive packets! Is syncmode disabled?
{Mon 01:01:14 Step:211} Server_Comm.py: The agent lost 3 consecutive packets! Is syncmode disabled?
{Mon 01:01:14 Step:216} Server_Comm.py: The agent lost 4 consecutive packets! Is syncmode disabled?
{Mon 01:01:14 Step:219} Server_Comm.py: The agent lost 2 consecutive packets! Is syncmode disabled?
{Mon 01:01:14 Step:226} Server_Comm.py: The agent lost 1 packet! Is syncmode enabled?
{Mon 01:01:14 Step:236} Server_Comm.py: The agent lost 1 packet! Is syncmode enabled?
{Mon 01:01:14 Step:239} Server_Comm.py: The agent lost 1 packet! Is syncmode enabled?
{Mon 01:01:14 Step:250} Server_Comm.py: The agent lost 1 packet! Is syncmode enabled?
{Mon 01:01:14 Step:256} Server_Comm.py: The agent lost 1 packet! Is syncmode enabled?
{Mon 01:01:14 Step:268} Server_Comm.py: The agent lost 1 packet! Is syncmode enabled?
{Mon 01:01:14 Step:274} Server_Comm.py: The agent lost 1 packet! Is syncmode enabled?
{Mon 01:01:14 Step:278} Server_Comm.py: The agent lost 1 packet! Is syncmode enabled?
{Mon 01:01:14 Step:282} Server_Comm.py: The agent lost 1 packet! Is syncmode enabled?
{Mon 01:01:14 Step:290} Server_Comm.py: The agent lost 1 packet! Is syncmode enabled?
{Mon 01:01:14 Step:292} Server_Comm.py: The agent lost 1 packet! Is syncmode enabled?
{Mon 01:01:14 Step:294} Server_Comm.py: The agent lost 1 packet! Is syncmode enabled?
{Mon 01:01:14 Step:297} Server_Comm.py: The agent lost 2 consecutive packets! Is syncmode disabled?
{Mon 01:01:14 Step:302} Server_Comm.py: The agent lost 4 consecutive packets! Is syncmode disabled?
{Mon 01:01:14 Step:306} Server_Comm.py: The agent lost 3 consecutive packets! Is syncmode disabled?
{Mon 01:01:14 Step:308} Server_Comm.py: The agent lost 1 packet! Is syncmode enabled?
{Mon 01:01:14 Step:310} Server_Comm.py: The agent lost 1 packet! Is syncmode enabled?
{Mon 01:01:14 Step:315} Server_Comm.py: The agent lost 4 consecutive packets! Is syncmode disabled?
{Mon 01:01:14 Step:318} Server_Comm.py: The agent lost 2 consecutive packets! Is syncmode disabled?
{Mon 01:01:14 Step:320} Server_Comm.py: The agent lost 1 packet! Is syncmode enabled?
{Mon 01:01:14 Step:324} Server_Comm.py: The agent lost 2 consecutive packets! Is syncmode disabled?
{Mon 01:01:14 Step:326} Server_Comm.py: The agent lost 1 packet! Is syncmode enabled?
{Mon 01:01:14 Step:328} Server_Comm.py: The agent lost 1 packet! Is syncmode enabled?
{Mon 01:01:14 Step:332} Server_Comm.py: The agent lost 2 consecutive packets! Is syncmode disabled?
{Mon 01:01:14 Step:336} Server_Comm.py: The agent lost 2 consecutive packets! Is syncmode disabled?
{Mon 01:01:14 Step:338} Server_Comm.py: The agent lost 1 packet! Is syncmode enabled?
{Mon 01:01:14 Step:342} Server_Comm.py: The agent lost 2 consecutive packets! Is syncmode disabled?
{Mon 01:01:14 Step:344} Server_Comm.py: The agent lost 1 packet! Is syncmode enabled?
{Mon 01:01:14 Step:346} Server_Comm.py: The agent lost 1 packet! Is syncmode enabled?
{Mon 01:01:14 Step:348} Server_Comm.py: The agent lost 1 packet! Is syncmode enabled?
{Mon 01:01:14 Step:352} Server_Comm.py: The agent lost 1 packet! Is syncmode enabled?
{Mon 01:01:14 Step:355} Server_Comm.py: The agent lost 2 consecutive packets! Is syncmode disabled?
{Mon 01:01:14 Step:357} Server_Comm.py: The agent lost 1 packet! Is syncmode enabled?
{Mon 01:01:14 Step:360} Server_Comm.py: The agent lost 1 packet! Is syncmode enabled?
{Mon 01:01:14 Step:365} Server_Comm.py: The agent lost 1 packet! Is syncmode enabled?
{Mon 01:01:14 Step:377} Server_Comm.py: The agent lost 1 packet! Is syncmode enabled?
{Mon 01:01:14 Step:382} Server_Comm.py: The agent lost 1 packet! Is syncmode enabled?
{Mon 01:01:14 Step:386} Server_Comm.py: The agent lost 1 packet! Is syncmode enabled?
{Mon 01:01:14 Step:408} Server_Comm.py: The agent lost 1 packet! Is syncmode enabled?
{Mon 01:01:14 Step:410} Server_Comm.py: The agent lost 1 packet! Is syncmode enabled?
{Mon 01:01:14 Step:418} Server_Comm.py: The agent lost 2 consecutive packets! Is syncmode disabled?
{Mon 01:01:14 Step:420} Server_Comm.py: The agent lost 1 packet! Is syncmode enabled?
{Mon 01:01:14 Step:430} Server_Comm.py: The agent lost 1 packet! Is syncmode enabled?
{Mon 01:01:14 Step:432} Server_Comm.py: The agent lost 1 packet! Is syncmode enabled?
{Mon 01:01:14 Step:434} Server_Comm.py: The agent lost 1 packet! Is syncmode enabled?
{Mon 01:01:14 Step:436} Server_Comm.py: The agent lost 1 packet! Is syncmode enabled?
{Mon 01:01:14 Step:438} Server_Comm.py: The agent lost 1 packet! Is syncmode enabled?
{Mon 01:01:14 Step:444} Server_Comm.py: The agent lost 4 consecutive packets! Is syncmode disabled?
{Mon 01:01:14 Step:447} Server_Comm.py: The agent lost 2 consecutive packets! Is syncmode disabled?
{Mon 01:01:14 Step:452} Server_Comm.py: The agent lost 4 consecutive packets! Is syncmode disabled?
{Mon 01:01:14 Step:452} Server_Comm.py: Received a new packet while thinking!
{Mon 01:01:14 Step:607} Server_Comm.py: The agent lost 154 consecutive packets! Is syncmode disabled?
{Mon 01:01:14 Step:632} Server_Comm.py: The agent lost 24 consecutive packets! Is syncmode disabled?
{Mon 01:01:14 Step:641} Server_Comm.py: The agent lost 8 consecutive packets! Is syncmode disabled?
{Mon 01:01:14 Step:647} Server_Comm.py: The agent lost 5 consecutive packets! Is syncmode disabled?
{Mon 01:01:14 Step:652} Server_Comm.py: The agent lost 4 consecutive packets! Is syncmode disabled?
{Mon 01:01:14 Step:655} Server_Comm.py: The agent lost 2 consecutive packets! Is syncmode disabled?
{Mon 01:01:14 Step:658} Server_Comm.py: The agent lost 2 consecutive packets! Is syncmode disabled?
{Mon 01:01:14 Step:660} Server_Comm.py: The agent lost 1 packet! Is syncmode enabled?
{Mon 01:01:14 Step:662} Server_Comm.py: The agent lost 1 packet! Is syncmode enabled?
{Mon 01:01:14 Step:664} Server_Comm.py: The agent lost 1 packet! Is syncmode enabled?
{Mon 01:01:14 Step:670} Server_Comm.py: The agent lost 2 consecutive packets! Is syncmode disabled?
{Mon 01:01:14 Step:674} Server_Comm.py: The agent lost 2 consecutive packets! Is syncmode disabled?
{Mon 01:01:14 Step:676} Server_Comm.py: The agent lost 1 packet! Is syncmode enabled?
{Mon 01:01:14 Step:680} Server_Comm.py: The agent lost 2 consecutive packets! Is syncmode disabled?
{Mon 01:01:14 Step:682} Server_Comm.py: The agent lost 1 packet! Is syncmode enabled?
{Mon 01:01:14 Step:686} Server_Comm.py: The agent lost 2 consecutive packets! Is syncmode disabled?
{Mon 01:01:14 Step:688} Server_Comm.py: The agent lost 1 packet! Is syncmode enabled?
{Mon 01:01:14 Step:692} Server_Comm.py: The agent lost 2 consecutive packets! Is syncmode disabled?
{Mon 01:01:14 Step:694} Server_Comm.py: The agent lost 1 packet! Is syncmode enabled?
{Mon 01:01:14 Step:697} Server_Comm.py: The agent lost 1 packet! Is syncmode enabled?
{Mon 01:01:14 Step:701} Server_Comm.py: The agent lost 3 consecutive packets! Is syncmode disabled?
{Mon 01:01:14 Step:705} Server_Comm.py: The agent lost 3 consecutive packets! Is syncmode disabled?
{Mon 01:01:14 Step:708} Server_Comm.py: The agent lost 2 consecutive packets! Is syncmode disabled?
{Mon 01:01:14 Step:710} Server_Comm.py: The agent lost 1 packet! Is syncmode enabled?
{Mon 01:01:14 Step:713} Server_Comm.py: The agent lost 1 packet! Is syncmode enabled?
{Mon 01:01:14 Step:716} Server_Comm.py: The agent lost 2 consecutive packets! Is syncmode disabled?
{Mon 01:01:14 Step:719} Server_Comm.py: The agent lost 1 packet! Is syncmode enabled?
{Mon 01:01:14 Step:722} Server_Comm.py: The agent lost 2 consecutive packets! Is syncmode disabled?
{Mon 01:01:14 Step:724} Server_Comm.py: The agent lost 1 packet! Is syncmode enabled?
{Mon 01:01:14 Step:728} Server_Comm.py: The agent lost 2 consecutive packets! Is syncmode disabled?
{Mon 01:01:14 Step:730} Server_Comm.py: The agent lost 1 packet! Is syncmode enabled?
{Mon 01:01:14 Step:732} Server_Comm.py: The agent lost 1 packet! Is syncmode enabled?
{Mon 01:01:14 Step:736} Server_Comm.py: The agent lost 2 consecutive packets! Is syncmode disabled?
{Mon 01:01:14 Step:738} Server_Comm.py: The agent lost 1 packet! Is syncmode enabled?
{Mon 01:01:14 Step:742} Server_Comm.py: The agent lost 2 consecutive packets! Is syncmode disabled?
{Mon 01:01:14 Step:744} Server_Comm.py: The agent lost 1 packet! Is syncmode enabled?
{Mon 01:01:14 Step:746} Server_Comm.py: The agent lost 1 packet! Is syncmode enabled?
{Mon 01:01:14 Step:750} Server_Comm.py: The agent lost 2 consecutive packets! Is syncmode disabled?
{Mon 01:01:14 Step:752} Server_Comm.py: The agent lost 1 packet! Is syncmode enabled?
{Mon 01:01:14 Step:755} Server_Comm.py: The agent lost 1 packet! Is syncmode enabled?
{Mon 01:01:14 Step:759} Server_Comm.py: The agent lost 3 consecutive packets! Is syncmode disabled?
{Mon 01:01:14 Step:762} Server_Comm.py: The agent lost 2 consecutive packets! Is syncmode disabled?
{Mon 01:01:14 Step:764} Server_Comm.py: The agent lost 1 packet! Is syncmode enabled?
{Mon 01:01:14 Step:766} Server_Comm.py: The agent lost 1 packet! Is syncmode enabled?
{Mon 01:01:14 Step:768} Server_Comm.py: The agent lost 1 packet! Is syncmode enabled?
{Mon 01:01:14 Step:772} Server_Comm.py: The agent lost 2 consecutive packets! Is syncmode disabled?
{Mon 01:01:14 Step:774} Server_Comm.py: The agent lost 1 packet! Is syncmode enabled?
{Mon 01:01:14 Step:776} Server_Comm.py: The agent lost 1 packet! Is syncmode enabled?
{Mon 01:01:14 Step:778} Server_Comm.py: The agent lost 1 packet! Is syncmode enabled?
{Mon 01:01:14 Step:780} Server_Comm.py: The agent lost 1 packet! Is syncmode enabled?
{Mon 01:01:14 Step:784} Server_Comm.py: The agent lost 2 consecutive packets! Is syncmode disabled?
{Mon 01:01:14 Step:786} Server_Comm.py: The agent lost 1 packet! Is syncmode enabled?
{Mon 01:01:14 Step:788} Server_Comm.py: The agent lost 1 packet! Is syncmode enabled?
{Mon 01:01:14 Step:790} Server_Comm.py: The agent lost 1 packet! Is syncmode enabled?
{Mon 01:01:14 Step:793} Server_Comm.py: The agent lost 1 packet! Is syncmode enabled?
{Mon 01:01:14 Step:796} Server_Comm.py: The agent lost 2 consecutive packets! Is syncmode disabled?
{Mon 01:01:14 Step:798} Server_Comm.py: The agent lost 1 packet! Is syncmode enabled?
{Mon 01:01:14 Step:800} Server_Comm.py: The agent lost 1 packet! Is syncmode enabled?
{Mon 01:01:14 Step:804} Server_Comm.py: The agent lost 2 consecutive packets! Is syncmode disabled?
{Mon 01:01:14 Step:806} Server_Comm.py: The agent lost 1 packet! Is syncmode enabled?
{Mon 01:01:14 Step:808} Server_Comm.py: The agent lost 1 packet! Is syncmode enabled?
{Mon 01:01:14 Step:812} Server_Comm.py: The agent lost 2 consecutive packets! Is syncmode disabled?
{Mon 01:01:14 Step:816} Server_Comm.py: The agent lost 2 consecutive packets! Is syncmode disabled?
{Mon 01:01:14 Step:818} Server_Comm.py: The agent lost 1 packet! Is syncmode enabled?
{Mon 01:01:14 Step:822} Server_Comm.py: The agent lost 2 consecutive packets! Is syncmode disabled?
{Mon 01:01:14 Step:824} Server_Comm.py: The agent lost 1 packet! Is syncmode enabled?
{Mon 01:01:14 Step:826} Server_Comm.py: The agent lost 1 packet! Is syncmode enabled?
{Mon 01:01:14 Step:831} Server_Comm.py: The agent lost 4 consecutive packets! Is syncmode disabled?
{Mon 01:01:14 Step:834} Server_Comm.py: The agent lost 2 consecutive packets! Is syncmode disabled?
{Mon 01:01:14 Step:836} Server_Comm.py: The agent lost 1 packet! Is syncmode enabled?
{Mon 01:01:14 Step:840} Server_Comm.py: The agent lost 2 consecutive packets! Is syncmode disabled?
{Mon 01:01:14 Step:842} Server_Comm.py: The agent lost 1 packet! Is syncmode enabled?
{Mon 01:01:14 Step:844} Server_Comm.py: The agent lost 1 packet! Is syncmode enabled?
{Mon 01:01:14 Step:848} Server_Comm.py: The agent lost 2 consecutive packets! Is syncmode disabled?
{Mon 01:01:14 Step:850} Server_Comm.py: The agent lost 1 packet! Is syncmode enabled?
{Mon 01:01:14 Step:854} Server_Comm.py: The agent lost 2 consecutive packets! Is syncmode disabled?
{Mon 01:01:14 Step:856} Server_Comm.py: The agent lost 1 packet! Is syncmode enabled?
{Mon 01:01:14 Step:858} Server_Comm.py: The agent lost 1 packet! Is syncmode enabled?
{Mon 01:01:14 Step:861} Server_Comm.py: The agent lost 1 packet! Is syncmode enabled?
{Mon 01:01:14 Step:866} Server_Comm.py: The agent lost 4 consecutive packets! Is syncmode disabled?
{Mon 01:01:14 Step:868} Server_Comm.py: The agent lost 1 packet! Is syncmode enabled?
{Mon 01:01:14 Step:870} Server_Comm.py: The agent lost 1 packet! Is syncmode enabled?
{Mon 01:01:14 Step:888} Server_Comm.py: The agent lost 1 packet! Is syncmode enabled?
{Mon 01:01:14 Step:909} Server_Comm.py: The agent lost 1 packet! Is syncmode enabled?
{Mon 01:01:14 Step:946} Server_Comm.py: The agent lost 2 consecutive packets! Is syncmode disabled?
{Mon 01:01:14 Step:948} Server_Comm.py: The agent lost 1 packet! Is syncmode enabled?
{Mon 01:01:14 Step:948} Server_Comm.py: Received a new packet while thinking!
{Mon 01:01:14 Step:1076} Server_Comm.py: The agent lost 127 consecutive packets! Is syncmode disabled?
{Mon 01:01:14 Step:1090} Server_Comm.py: The agent lost 13 consecutive packets! Is syncmode disabled?
{Mon 01:01:14 Step:1096} Server_Comm.py: The agent lost 5 consecutive packets! Is syncmode disabled?
{Mon 01:01:14 Step:1099} Server_Comm.py: The agent lost 2 consecutive packets! Is syncmode disabled?
{Mon 01:01:14 Step:1104} Server_Comm.py: The agent lost 4 consecutive packets! Is syncmode disabled?
{Mon 01:01:14 Step:1106} Server_Comm.py: The agent lost 1 packet! Is syncmode enabled?
{Mon 01:01:14 Step:1108} Server_Comm.py: The agent lost 1 packet! Is syncmode enabled?
{Mon 01:01:14 Step:1110} Server_Comm.py: The agent lost 1 packet! Is syncmode enabled?
{Mon 01:01:14 Step:1114} Server_Comm.py: The agent lost 2 consecutive packets! Is syncmode disabled?
{Mon 01:01:14 Step:1114} Server_Comm.py: Received a new packet while thinking!
{Mon 01:01:14 Step:1234} Server_Comm.py: The agent lost 119 consecutive packets! Is syncmode disabled?
{Mon 01:01:14 Step:1249} Server_Comm.py: The agent lost 14 consecutive packets! Is syncmode disabled?
{Mon 01:01:14 Step:1254} Server_Comm.py: The agent lost 4 consecutive packets! Is syncmode disabled?
{Mon 01:01:14 Step:1257} Server_Comm.py: The agent lost 1 packet! Is syncmode enabled?
{Mon 01:01:14 Step:1259} Server_Comm.py: The agent lost 1 packet! Is syncmode enabled?
{Mon 01:01:14 Step:1262} Server_Comm.py: The agent lost 1 packet! Is syncmode enabled?
{Mon 01:01:14 Step:1265} Server_Comm.py: The agent lost 1 packet! Is syncmode enabled?
{Mon 01:01:14 Step:1269} Server_Comm.py: The agent lost 1 packet! Is syncmode enabled?
{Mon 01:01:14 Step:1271} Server_Comm.py: The agent lost 1 packet! Is syncmode enabled?
{Mon 01:01:14 Step:1275} Server_Comm.py: The agent lost 1 packet! Is syncmode enabled?
{Mon 01:01:14 Step:1285} Server_Comm.py: The agent lost 1 packet! Is syncmode enabled?
{Mon 01:01:14 Step:1299} Server_Comm.py: The agent lost 1 packet! Is syncmode enabled?
{Mon 01:01:14 Step:1302} Server_Comm.py: The agent lost 1 packet! Is syncmode enabled?
{Mon 01:01:14 Step:1323} Server_Comm.py: The agent lost 1 packet! Is syncmode enabled?
{Mon 01:01:14 Step:1330} Server_Comm.py: The agent lost 1 packet! Is syncmode enabled?
{Mon 01:01:14 Step:1339} Server_Comm.py: The agent lost 1 packet! Is syncmode enabled?
{Mon 01:01:14 Step:1353} Server_Comm.py: The agent lost 1 packet! Is syncmode enabled?
{Mon 01:01:14 Step:1356} Server_Comm.py: The agent lost 2 consecutive packets! Is syncmode disabled?
{Mon 01:01:14 Step:1362} Server_Comm.py: The agent lost 5 consecutive packets! Is syncmode disabled?
{Mon 01:01:14 Step:1365} Server_Comm.py: The agent lost 2 consecutive packets! Is syncmode disabled?
{Mon 01:01:14 Step:1368} Server_Comm.py: The agent lost 2 consecutive packets! Is syncmode disabled?
{Mon 01:01:14 Step:1370} Server_Comm.py: The agent lost 1 packet! Is syncmode enabled?
{Mon 01:01:14 Step:1372} Server_Comm.py: The agent lost 1 packet! Is syncmode enabled?
{Mon 01:01:14 Step:1374} Server_Comm.py: The agent lost 1 packet! Is syncmode enabled?
{Mon 01:01:14 Step:1379} Server_Comm.py: The agent lost 3 consecutive packets! Is syncmode disabled?
{Mon 01:01:14 Step:1383} Server_Comm.py: The agent lost 3 consecutive packets! Is syncmode disabled?
{Mon 01:01:14 Step:1386} Server_Comm.py: The agent lost 2 consecutive packets! Is syncmode disabled?
{Mon 01:01:14 Step:1388} Server_Comm.py: The agent lost 1 packet! Is syncmode enabled?
{Mon 01:01:14 Step:1392} Server_Comm.py: The agent lost 2 consecutive packets! Is syncmode disabled?
{Mon 01:01:14 Step:1394} Server_Comm.py: The agent lost 1 packet! Is syncmode enabled?
{Mon 01:01:14 Step:1396} Server_Comm.py: The agent lost 1 packet! Is syncmode enabled?
{Mon 01:01:14 Step:1398} Server_Comm.py: The agent lost 1 packet! Is syncmode enabled?
{Mon 01:01:14 Step:1400} Server_Comm.py: The agent lost 1 packet! Is syncmode enabled?
{Mon 01:01:14 Step:1404} Server_Comm.py: The agent lost 2 consecutive packets! Is syncmode disabled?
{Mon 01:01:14 Step:1408} Server_Comm.py: The agent lost 2 consecutive packets! Is syncmode disabled?
{Mon 01:01:14 Step:1411} Server_Comm.py: The agent lost 1 packet! Is syncmode enabled?
{Mon 01:01:14 Step:1414} Server_Comm.py: The agent lost 2 consecutive packets! Is syncmode disabled?
{Mon 01:01:14 Step:1419} Server_Comm.py: The agent lost 3 consecutive packets! Is syncmode disabled?
{Mon 01:01:14 Step:1423} Server_Comm.py: The agent lost 3 consecutive packets! Is syncmode disabled?
{Mon 01:01:14 Step:1428} Server_Comm.py: The agent lost 4 consecutive packets! Is syncmode disabled?
{Mon 01:01:14 Step:1430} Server_Comm.py: The agent lost 1 packet! Is syncmode enabled?
{Mon 01:01:14 Step:1434} Server_Comm.py: The agent lost 2 consecutive packets! Is syncmode disabled?
{Mon 01:01:14 Step:1438} Server_Comm.py: The agent lost 2 consecutive packets! Is syncmode disabled?
{Mon 01:01:14 Step:1440} Server_Comm.py: The agent lost 1 packet! Is syncmode enabled?
{Mon 01:01:14 Step:1444} Server_Comm.py: The agent lost 2 consecutive packets! Is syncmode disabled?
{Mon 01:01:14 Step:1448} Server_Comm.py: The agent lost 2 consecutive packets! Is syncmode disabled?
{Mon 01:01:14 Step:1451} Server_Comm.py: The agent lost 1 packet! Is syncmode enabled?
{Mon 01:01:14 Step:1453} Server_Comm.py: The agent lost 1 packet! Is syncmode enabled?
{Mon 01:01:14 Step:1457} Server_Comm.py: The agent lost 3 consecutive packets! Is syncmode disabled?
{Mon 01:01:14 Step:1461} Server_Comm.py: The agent lost 3 consecutive packets! Is syncmode disabled?
{Mon 01:01:14 Step:1463} Server_Comm.py: The agent lost 1 packet! Is syncmode enabled?
{Mon 01:01:14 Step:1498} Server_Comm.py: The agent lost 1 packet! Is syncmode enabled?
{Mon 01:01:14 Step:1511} Server_Comm.py: The agent lost 2 consecutive packets! Is syncmode disabled?
{Mon 01:01:14 Step:1515} Server_Comm.py: The agent lost 3 consecutive packets! Is syncmode disabled?
{Mon 01:01:14 Step:1519} Server_Comm.py: The agent lost 3 consecutive packets! Is syncmode disabled?
{Mon 01:01:14 Step:1522} Server_Comm.py: The agent lost 2 consecutive packets! Is syncmode disabled?
{Mon 01:01:14 Step:1534} Server_Comm.py: The agent lost 11 consecutive packets! Is syncmode disabled?
{Mon 01:01:14 Step:1538} Server_Comm.py: The agent lost 3 consecutive packets! Is syncmode disabled?
{Mon 01:01:14 Step:1540} Server_Comm.py: The agent lost 1 packet! Is syncmode enabled?
{Mon 01:01:14 Step:1543} Server_Comm.py: The agent lost 1 packet! Is syncmode enabled?
{Mon 01:01:14 Step:1546} Server_Comm.py: The agent lost 2 consecutive packets! Is syncmode disabled?
{Mon 01:01:14 Step:1550} Server_Comm.py: The agent lost 2 consecutive packets! Is syncmode disabled?
{Mon 01:01:14 Step:1552} Server_Comm.py: The agent lost 1 packet! Is syncmode enabled?
{Mon 01:01:14 Step:1553} Server_Comm.py: Received a new packet while thinking!
{Mon 01:01:14 Step:1674} Server_Comm.py: The agent lost 120 consecutive packets! Is syncmode disabled?
{Mon 01:01:14 Step:1677} Server_Comm.py: The agent lost 2 consecutive packets! Is syncmode disabled?
{Mon 01:01:14 Step:1679} Server_Comm.py: The agent lost 1 packet! Is syncmode enabled?
{Mon 01:01:15 Step:1681} Server_Comm.py: The agent lost 1 packet! Is syncmode enabled?
{Mon 01:01:15 Step:1684} Server_Comm.py: The agent lost 1 packet! Is syncmode enabled?
{Mon 01:01:15 Step:1687} Server_Comm.py: The agent lost 1 packet! Is syncmode enabled?
{Mon 01:01:15 Step:1690} Server_Comm.py: The agent lost 1 packet! Is syncmode enabled?
{Mon 01:01:15 Step:1694} Server_Comm.py: The agent lost 1 packet! Is syncmode enabled?
{Mon 01:01:15 Step:1698} Server_Comm.py: The agent lost 2 consecutive packets! Is syncmode disabled?
{Mon 01:01:15 Step:1700} Server_Comm.py: The agent lost 1 packet! Is syncmode enabled?
{Mon 01:01:15 Step:1702} Server_Comm.py: The agent lost 1 packet! Is syncmode enabled?
{Mon 01:01:15 Step:1704} Server_Comm.py: The agent lost 1 packet! Is syncmode enabled?
{Mon 01:01:15 Step:1708} Server_Comm.py: The agent lost 2 consecutive packets! Is syncmode disabled?
{Mon 01:01:15 Step:1708} Server_Comm.py: Received a new packet while thinking!
{Mon 01:01:15 Step:1813} World_Parser.py: Received field line with NaNs [  2.28 -22.7   35.22    nan    nan    nan]
{Mon 01:01:15 Step:1824} Server_Comm.py: The agent lost 115 consecutive packets! Is syncmode disabled?
{Mon 01:01:15 Step:1824} Server_Comm.py: Received a new packet while on world.update()!
{Mon 01:01:15 Step:1826} Server_Comm.py: The agent lost 1 packet! Is syncmode enabled?
{Mon 01:01:15 Step:1826} Server_Comm.py: Received a new packet while thinking!
{Mon 01:01:15 Step:1827} Server_Comm.py: Received a new packet while on world.update()!
{Mon 01:01:15 Step:1830} Server_Comm.py: The agent lost 2 consecutive packets! Is syncmode disabled?
{Mon 01:01:15 Step:1830} Server_Comm.py: Received a new packet while thinking!
{Mon 01:01:15 Step:1831} Server_Comm.py: Received a new packet while on world.update()!
{Mon 01:01:15 Step:1834} Server_Comm.py: The agent lost 2 consecutive packets! Is syncmode disabled?
{Mon 01:01:15 Step:1834} Server_Comm.py: Received a new packet while on world.update()!
{Mon 01:01:15 Step:1836} Server_Comm.py: The agent lost 1 packet! Is syncmode enabled?
{Mon 01:01:15 Step:1836} Server_Comm.py: Received a new packet while thinking!
{Mon 01:01:15 Step:1837} Server_Comm.py: Received a new packet while on world.update()!
{Mon 01:01:15 Step:1840} Server_Comm.py: The agent lost 2 consecutive packets! Is syncmode disabled?
{Mon 01:01:15 Step:1840} Server_Comm.py: Received a new packet while on world.update()!
{Mon 01:01:15 Step:1841} Server_Comm.py: Received a new packet while on world.update()!
{Mon 01:01:15 Step:1844} Server_Comm.py: The agent lost 2 consecutive packets! Is syncmode disabled?
{Mon 01:01:15 Step:1844} Server_Comm.py: Received a new packet while on world.update()!
{Mon 01:01:15 Step:1845} Server_Comm.py: Received a new packet while on world.update()!
{Mon 01:01:15 Step:1848} Server_Comm.py: The agent lost 2 consecutive packets! Is syncmode disabled?
{Mon 01:01:15 Step:1848} Server_Comm.py: Received a new packet while on world.update()!
{Mon 01:01:15 Step:1849} Server_Comm.py: Received a new packet while on world.update()!
{Mon 01:01:15 Step:1852} Server_Comm.py: The agent lost 2 consecutive packets! Is syncmode disabled?
{Mon 01:01:15 Step:1852} Server_Comm.py: Received a new packet while on world.update()!
{Mon 01:01:15 Step:1853} Server_Comm.py: Received a new packet while on world.update()!
{Mon 01:01:15 Step:1855} Server_Comm.py: The agent lost 1 packet! Is syncmode enabled?
{Mon 01:01:15 Step:1855} Server_Comm.py: Received a new packet while on world.update()!
{Mon 01:01:15 Step:1857} Server_Comm.py: The agent lost 1 packet! Is syncmode enabled?
{Mon 01:01:15 Step:1857} Server_Comm.py: Received a new packet while on world.update()!
{Mon 01:01:15 Step:1859} Server_Comm.py: The agent lost 1 packet! Is syncmode enabled?
{Mon 01:01:15 Step:1859} Server_Comm.py: Received a new packet while on world.update()!
{Mon 01:01:15 Step:1862} Server_Comm.py: The agent lost 2 consecutive packets! Is syncmode disabled?
{Mon 01:01:15 Step:1862} Server_Comm.py: Received a new packet while on world.update()!
{Mon 01:01:15 Step:1863} Server_Comm.py: Received a new packet while on world.update()!
{Mon 01:01:15 Step:1866} Server_Comm.py: The agent lost 2 consecutive packets! Is syncmode disabled?
{Mon 01:01:15 Step:1866} Server_Comm.py: Received a new packet while on world.update()!
{Mon 01:01:15 Step:1867} Server_Comm.py: Received a new packet while on world.update()!
{Mon 01:01:15 Step:1870} Server_Comm.py: The agent lost 2 consecutive packets! Is syncmode disabled?
{Mon 01:01:15 Step:1870} Server_Comm.py: Received a new packet while on world.update()!
{Mon 01:01:15 Step:1871} Server_Comm.py: Received a new packet while on world.update()!
{Mon 01:01:15 Step:1874} Server_Comm.py: The agent lost 2 consecutive packets! Is syncmode disabled?
{Mon 01:01:15 Step:1874} Server_Comm.py: Received a new packet while on world.update()!
{Mon 01:01:15 Step:1875} Server_Comm.py: Received a new packet while on world.update()!
{Mon 01:01:15 Step:1878} Server_Comm.py: The agent lost 2 consecutive packets! Is syncmode disabled?
{Mon 01:01:15 Step:1936} Server_Comm.py: The agent lost 56 consecutive packets! Is syncmode disabled?
{Mon 01:01:15 Step:1953} Server_Comm.py: The agent lost 16 consecutive packets! Is syncmode disabled?
{Mon 01:01:15 Step:1958} Server_Comm.py: The agent lost 4 consecutive packets! Is syncmode disabled?
{Mon 01:01:15 Step:1961} Server_Comm.py: The agent lost 2 consecutive packets! Is syncmode disabled?
{Mon 01:01:15 Step:1963} Server_Comm.py: The agent lost 1 packet! Is syncmode enabled?
{Mon 01:01:15 Step:1965} Server_Comm.py: The agent lost 1 packet! Is syncmode enabled?
{Mon 01:01:15 Step:1967} Server_Comm.py: The agent lost 1 packet! Is syncmode enabled?
{Mon 01:01:15 Step:1969} Server_Comm.py: The agent lost 1 packet! Is syncmode enabled?
{Mon 01:01:15 Step:1971} Server_Comm.py: The agent lost 1 packet! Is syncmode enabled?
{Mon 01:01:15 Step:1974} Server_Comm.py: The agent lost 2 consecutive packets! Is syncmode disabled?
{Mon 01:01:15 Step:1977} Server_Comm.py: The agent lost 1 packet! Is syncmode enabled?
{Mon 01:01:15 Step:1980} Server_Comm.py: The agent lost 1 packet! Is syncmode enabled?
{Mon 01:01:15 Step:1986} Server_Comm.py: The agent lost 1 packet! Is syncmode enabled?
{Mon 01:01:15 Step:1991} Server_Comm.py: The agent lost 1 packet! Is syncmode enabled?
{Mon 01:01:15 Step:1994} Server_Comm.py: The agent lost 1 packet! Is syncmode enabled?
{Mon 01:01:15 Step:1997} Server_Comm.py: The agent lost 1 packet! Is syncmode enabled?
{Mon 01:01:15 Step:2010} Server_Comm.py: The agent lost 1 packet! Is syncmode enabled?
{Mon 01:01:15 Step:2014} Server_Comm.py: The agent lost 1 packet! Is syncmode enabled?
{Mon 01:01:15 Step:2022} Server_Comm.py: The agent lost 1 packet! Is syncmode enabled?
{Mon 01:01:15 Step:2032} Server_Comm.py: The agent lost 1 packet! Is syncmode enabled?
{Mon 01:01:15 Step:2036} Server_Comm.py: The agent lost 1 packet! Is syncmode enabled?
{Mon 01:01:15 Step:2039} Server_Comm.py: The agent lost 1 packet! Is syncmode enabled?
{Mon 01:01:15 Step:2044} Server_Comm.py: The agent lost 1 packet! Is syncmode enabled?
{Mon 01:01:15 Step:2056} Server_Comm.py: The agent lost 1 packet! Is syncmode enabled?
{Mon 01:01:15 Step:2060} Server_Comm.py: The agent lost 1 packet! Is syncmode enabled?
{Mon 01:01:15 Step:2064} Server_Comm.py: The agent lost 2 consecutive packets! Is syncmode disabled?
{Mon 01:01:15 Step:2067} Server_Comm.py: The agent lost 2 consecutive packets! Is syncmode disabled?
{Mon 01:01:15 Step:2074} Server_Comm.py: The agent lost 6 consecutive packets! Is syncmode disabled?
{Mon 01:01:15 Step:2077} Server_Comm.py: The agent lost 2 consecutive packets! Is syncmode disabled?
{Mon 01:01:15 Step:2081} Server_Comm.py: The agent lost 3 consecutive packets! Is syncmode disabled?
{Mon 01:01:15 Step:2086} Server_Comm.py: The agent lost 4 consecutive packets! Is syncmode disabled?
{Mon 01:01:15 Step:2090} Server_Comm.py: The agent lost 2 consecutive packets! Is syncmode disabled?
{Mon 01:01:15 Step:2093} Server_Comm.py: The agent lost 2 consecutive packets! Is syncmode disabled?
{Mon 01:01:15 Step:2096} Server_Comm.py: The agent lost 2 consecutive packets! Is syncmode disabled?
{Mon 01:01:15 Step:2099} Server_Comm.py: The agent lost 2 consecutive packets! Is syncmode disabled?
{Mon 01:01:15 Step:2102} Server_Comm.py: The agent lost 2 consecutive packets! Is syncmode disabled?
{Mon 01:01:15 Step:2105} Server_Comm.py: The agent lost 2 consecutive packets! Is syncmode disabled?
{Mon 01:01:15 Step:2109} Server_Comm.py: The agent lost 1 packet! Is syncmode enabled?
{Mon 01:01:15 Step:2112} Server_Comm.py: The agent lost 1 packet! Is syncmode enabled?
{Mon 01:01:15 Step:2116} Server_Comm.py: The agent lost 1 packet! Is syncmode enabled?
{Mon 01:01:15 Step:2122} Server_Comm.py: The agent lost 1 packet! Is syncmode enabled?
{Mon 01:01:15 Step:2127} Server_Comm.py: The agent lost 1 packet! Is syncmode enabled?
{Mon 01:01:15 Step:2134} Server_Comm.py: The agent lost 2 consecutive packets! Is syncmode disabled?
{Mon 01:01:15 Step:2136} Server_Comm.py: The agent lost 1 packet! Is syncmode enabled?
{Mon 01:01:15 Step:2138} Server_Comm.py: The agent lost 1 packet! Is syncmode enabled?
{Mon 01:01:15 Step:2140} Server_Comm.py: The agent lost 1 packet! Is syncmode enabled?
{Mon 01:01:15 Step:2151} Server_Comm.py: The agent lost 1 packet! Is syncmode enabled?
{Mon 01:01:15 Step:2153} Server_Comm.py: The agent lost 1 packet! Is syncmode enabled?
{Mon 01:01:15 Step:2158} Server_Comm.py: The agent lost 1 packet! Is syncmode enabled?
{Mon 01:01:15 Step:2174} Server_Comm.py: The agent lost 1 packet! Is syncmode enabled?
{Mon 01:01:15 Step:2176} Server_Comm.py: The agent lost 1 packet! Is syncmode enabled?
{Mon 01:01:15 Step:2182} Server_Comm.py: The agent lost 1 packet! Is syncmode enabled?
{Mon 01:01:15 Step:2194} Server_Comm.py: The agent lost 1 packet! Is syncmode enabled?
{Mon 01:01:15 Step:2200} Server_Comm.py: The agent lost 1 packet! Is syncmode enabled?
{Mon 01:01:15 Step:2204} Server_Comm.py: The agent lost 2 consecutive packets! Is syncmode disabled?
