{Mon 02:09:13 Step:37} Server_Comm.py: Received a new packet while thinking!
{Mon 02:11:52 Step:7776} Server_Comm.py: Received a new packet while thinking!
{Mon 02:12:21 Step:9195} Server_Comm.py: Received a new packet while thinking!
{Mon 02:12:21 Step:9198} Server_Comm.py: Received a new packet while thinking!
{Mon 02:12:21 Step:9201} Server_Comm.py: Received a new packet while thinking!
{Mon 02:12:21 Step:9204} Server_Comm.py: Received a new packet while thinking!
{Mon 02:12:21 Step:9207} Server_Comm.py: Received a new packet while thinking!
{Mon 02:12:22 Step:9210} Server_Comm.py: Received a new packet while thinking!
{Mon 02:12:22 Step:9213} Server_Comm.py: Received a new packet while thinking!
{Mon 02:12:22 Step:9216} Server_Comm.py: Received a new packet while thinking!
{Mon 02:12:22 Step:9219} Server_Comm.py: Received a new packet while thinking!
{Mon 02:12:22 Step:9222} Server_Comm.py: Received a new packet while thinking!
{Mon 02:12:22 Step:9225} Server_Comm.py: Received a new packet while thinking!
{Mon 02:12:22 Step:9228} Server_Comm.py: Received a new packet while thinking!
{Mon 02:12:22 Step:9231} Server_Comm.py: Received a new packet while thinking!
{Mon 02:12:22 Step:9234} Server_Comm.py: Received a new packet while thinking!
{Mon 02:12:22 Step:9237} Server_Comm.py: Received a new packet while thinking!
{Mon 02:12:22 Step:9240} Server_Comm.py: Received a new packet while thinking!
{Mon 02:12:22 Step:9243} Server_Comm.py: Received a new packet while thinking!
{Mon 02:12:22 Step:9246} Server_Comm.py: Received a new packet while thinking!
{Mon 02:12:22 Step:9249} Server_Comm.py: Received a new packet while thinking!
{Mon 02:12:22 Step:9252} Server_Comm.py: Received a new packet while thinking!
{Mon 02:12:22 Step:9255} Server_Comm.py: Received a new packet while thinking!
{Mon 02:12:23 Step:9258} Server_Comm.py: Received a new packet while thinking!
{Mon 02:12:28 Step:9510} Server_Comm.py: Received a new packet while thinking!
{Mon 02:12:52 Step:10717} Server_Comm.py: Received a new packet while thinking!
{Mon 02:12:53 Step:10718} Server_Comm.py: Received a new packet while thinking!
{Mon 02:12:53 Step:10719} Server_Comm.py: Received a new packet while thinking!
{Mon 02:12:53 Step:10720} Server_Comm.py: Received a new packet while thinking!
{Mon 02:12:53 Step:10721} Server_Comm.py: Received a new packet while thinking!
{Mon 02:12:53 Step:10722} Server_Comm.py: Received a new packet while thinking!
{Mon 02:12:53 Step:10723} Server_Comm.py: Received a new packet while thinking!
{Mon 02:12:53 Step:10724} Server_Comm.py: Received a new packet while thinking!
{Mon 02:12:53 Step:10725} Server_Comm.py: Received a new packet while thinking!
{Mon 02:12:53 Step:10726} Server_Comm.py: Received a new packet while thinking!
{Mon 02:12:53 Step:10727} Server_Comm.py: Received a new packet while thinking!
{Mon 02:12:53 Step:10728} Server_Comm.py: Received a new packet while thinking!
{Mon 02:12:53 Step:10729} Server_Comm.py: Received a new packet while thinking!
{Mon 02:12:53 Step:10730} Server_Comm.py: Received a new packet while thinking!
{Mon 02:12:53 Step:10731} Server_Comm.py: Received a new packet while thinking!
{Mon 02:12:53 Step:10732} Server_Comm.py: Received a new packet while thinking!
{Mon 02:12:53 Step:10733} Server_Comm.py: Received a new packet while thinking!
{Mon 02:12:53 Step:10734} Server_Comm.py: Received a new packet while thinking!
{Mon 02:12:53 Step:10735} Server_Comm.py: Received a new packet while thinking!
{Mon 02:12:53 Step:10736} Server_Comm.py: Received a new packet while thinking!
{Mon 02:12:53 Step:10737} Server_Comm.py: Received a new packet while thinking!
{Mon 02:12:53 Step:10738} Server_Comm.py: Received a new packet while thinking!
{Mon 02:12:53 Step:10739} Server_Comm.py: Received a new packet while thinking!
{Mon 02:13:05 Step:11322} Server_Comm.py: Received a new packet while thinking!
{Mon 02:13:05 Step:11325} Server_Comm.py: Received a new packet while thinking!
{Mon 02:13:05 Step:11328} Server_Comm.py: Received a new packet while thinking!
{Mon 02:13:05 Step:11331} Server_Comm.py: Received a new packet while thinking!
{Mon 02:13:05 Step:11334} Server_Comm.py: Received a new packet while thinking!
{Mon 02:13:05 Step:11337} Server_Comm.py: Received a new packet while thinking!
{Mon 02:13:05 Step:11340} Server_Comm.py: Received a new packet while thinking!
{Mon 02:13:05 Step:11343} Server_Comm.py: Received a new packet while thinking!
{Mon 02:13:05 Step:11346} Server_Comm.py: Received a new packet while thinking!
{Mon 02:13:06 Step:11349} Server_Comm.py: Received a new packet while thinking!
{Mon 02:13:06 Step:11352} Server_Comm.py: Received a new packet while thinking!
{Mon 02:13:06 Step:11355} Server_Comm.py: Received a new packet while thinking!
{Mon 02:13:06 Step:11358} Server_Comm.py: Received a new packet while thinking!
{Mon 02:13:06 Step:11361} Server_Comm.py: Received a new packet while thinking!
{Mon 02:13:06 Step:11364} Server_Comm.py: Received a new packet while thinking!
{Mon 02:13:06 Step:11367} Server_Comm.py: Received a new packet while thinking!
{Mon 02:13:06 Step:11370} Server_Comm.py: Received a new packet while thinking!
{Mon 02:13:06 Step:11373} Server_Comm.py: Received a new packet while thinking!
{Mon 02:13:11 Step:11613} Server_Comm.py: Received a new packet while thinking!
{Mon 02:13:11 Step:11616} Server_Comm.py: Received a new packet while thinking!
{Mon 02:13:11 Step:11622} Server_Comm.py: Received a new packet while thinking!
{Mon 02:13:11 Step:11625} Server_Comm.py: Received a new packet while thinking!
{Mon 02:13:11 Step:11628} Server_Comm.py: Received a new packet while thinking!
{Mon 02:13:11 Step:11631} Server_Comm.py: Received a new packet while thinking!
{Mon 02:13:11 Step:11634} Server_Comm.py: Received a new packet while thinking!
{Mon 02:13:11 Step:11637} Server_Comm.py: Received a new packet while thinking!
{Mon 02:13:12 Step:11640} Server_Comm.py: Received a new packet while thinking!
{Mon 02:13:12 Step:11643} Server_Comm.py: Received a new packet while thinking!
{Mon 02:13:12 Step:11646} Server_Comm.py: Received a new packet while thinking!
{Mon 02:13:12 Step:11649} Server_Comm.py: Received a new packet while thinking!
{Mon 02:13:12 Step:11652} Server_Comm.py: Received a new packet while thinking!
{Mon 02:13:12 Step:11655} Server_Comm.py: Received a new packet while thinking!
{Mon 02:13:12 Step:11658} Server_Comm.py: Received a new packet while thinking!
{Mon 02:13:12 Step:11661} Server_Comm.py: Received a new packet while thinking!
{Mon 02:13:17 Step:11886} Server_Comm.py: Received a new packet while thinking!
{Mon 02:13:17 Step:11889} Server_Comm.py: Received a new packet while thinking!
{Mon 02:13:17 Step:11892} Server_Comm.py: Received a new packet while thinking!
{Mon 02:13:17 Step:11895} Server_Comm.py: Received a new packet while thinking!
{Mon 02:13:17 Step:11898} Server_Comm.py: Received a new packet while thinking!
{Mon 02:13:17 Step:11901} Server_Comm.py: Received a new packet while thinking!
{Mon 02:13:17 Step:11904} Server_Comm.py: Received a new packet while thinking!
{Mon 02:13:17 Step:11907} Server_Comm.py: Received a new packet while thinking!
{Mon 02:13:17 Step:11910} Server_Comm.py: Received a new packet while thinking!
{Mon 02:13:17 Step:11913} Server_Comm.py: Received a new packet while thinking!
{Mon 02:13:17 Step:11916} Server_Comm.py: Received a new packet while thinking!
{Mon 02:13:17 Step:11919} Server_Comm.py: Received a new packet while thinking!
{Mon 02:13:17 Step:11922} Server_Comm.py: Received a new packet while thinking!
{Mon 02:13:17 Step:11925} Server_Comm.py: Received a new packet while thinking!
{Mon 02:13:17 Step:11928} Server_Comm.py: Received a new packet while thinking!
{Mon 02:13:18 Step:11931} Server_Comm.py: Received a new packet while thinking!
{Mon 02:13:18 Step:11934} Server_Comm.py: Received a new packet while thinking!
{Mon 02:13:18 Step:11937} Server_Comm.py: Received a new packet while thinking!
{Mon 02:13:18 Step:11940} Server_Comm.py: Received a new packet while thinking!
{Mon 02:13:18 Step:11943} Server_Comm.py: Received a new packet while thinking!
{Mon 02:13:18 Step:11946} Server_Comm.py: Received a new packet while thinking!
{Mon 02:13:18 Step:11949} Server_Comm.py: Received a new packet while thinking!
{Mon 02:13:18 Step:11952} Server_Comm.py: Received a new packet while thinking!
{Mon 02:13:23 Step:12177} Server_Comm.py: Received a new packet while thinking!
{Mon 02:13:23 Step:12180} Server_Comm.py: Received a new packet while thinking!
{Mon 02:13:23 Step:12183} Server_Comm.py: Received a new packet while thinking!
{Mon 02:13:23 Step:12186} Server_Comm.py: Received a new packet while thinking!
{Mon 02:13:23 Step:12189} Server_Comm.py: Received a new packet while thinking!
{Mon 02:13:23 Step:12192} Server_Comm.py: Received a new packet while thinking!
{Mon 02:13:23 Step:12195} Server_Comm.py: Received a new packet while thinking!
{Mon 02:13:23 Step:12198} Server_Comm.py: Received a new packet while thinking!
{Mon 02:13:23 Step:12201} Server_Comm.py: Received a new packet while thinking!
{Mon 02:13:23 Step:12204} Server_Comm.py: Received a new packet while thinking!
{Mon 02:13:23 Step:12207} Server_Comm.py: Received a new packet while thinking!
{Mon 02:13:23 Step:12210} Server_Comm.py: Received a new packet while thinking!
{Mon 02:13:23 Step:12213} Server_Comm.py: Received a new packet while thinking!
{Mon 02:13:23 Step:12216} Server_Comm.py: Received a new packet while thinking!
{Mon 02:13:23 Step:12219} Server_Comm.py: Received a new packet while thinking!
{Mon 02:13:23 Step:12222} Server_Comm.py: Received a new packet while thinking!
{Mon 02:13:24 Step:12225} Server_Comm.py: Received a new packet while thinking!
{Mon 02:13:24 Step:12228} Server_Comm.py: Received a new packet while thinking!
{Mon 02:13:24 Step:12231} Server_Comm.py: Received a new packet while thinking!
{Mon 02:13:24 Step:12234} Server_Comm.py: Received a new packet while thinking!
{Mon 02:13:24 Step:12237} Server_Comm.py: Received a new packet while thinking!
{Mon 02:13:24 Step:12240} Server_Comm.py: Received a new packet while thinking!
{Mon 02:13:24 Step:12243} Server_Comm.py: Received a new packet while thinking!
{Mon 02:13:24 Step:12246} Server_Comm.py: Received a new packet while thinking!
{Mon 02:13:23 Step:12249} Server_Comm.py: Received a new packet while thinking!
{Mon 02:13:24 Step:12250} Server_Comm.py: Received a new packet while thinking!
{Mon 02:13:24 Step:12251} Server_Comm.py: Received a new packet while thinking!
{Mon 02:13:24 Step:12252} Server_Comm.py: Received a new packet while thinking!
{Mon 02:13:24 Step:12253} Server_Comm.py: Received a new packet while thinking!
{Mon 02:13:24 Step:12254} Server_Comm.py: Received a new packet while thinking!
{Mon 02:13:24 Step:12255} Server_Comm.py: Received a new packet while thinking!
{Mon 02:13:24 Step:12256} Server_Comm.py: Received a new packet while thinking!
{Mon 02:13:24 Step:12257} Server_Comm.py: Received a new packet while thinking!
{Mon 02:13:24 Step:12258} Server_Comm.py: Received a new packet while thinking!
{Mon 02:13:24 Step:12259} Server_Comm.py: Received a new packet while thinking!
{Mon 02:13:24 Step:12260} Server_Comm.py: Received a new packet while thinking!
{Mon 02:13:24 Step:12261} Server_Comm.py: Received a new packet while thinking!
{Mon 02:13:24 Step:12262} Server_Comm.py: Received a new packet while thinking!
{Mon 02:13:24 Step:12263} Server_Comm.py: Received a new packet while thinking!
{Mon 02:13:24 Step:12264} Server_Comm.py: Received a new packet while thinking!
{Mon 02:13:24 Step:12265} Server_Comm.py: Received a new packet while thinking!
{Mon 02:13:24 Step:12266} Server_Comm.py: Received a new packet while thinking!
{Mon 02:13:24 Step:12267} Server_Comm.py: Received a new packet while thinking!
{Mon 02:13:24 Step:12268} Server_Comm.py: Received a new packet while thinking!
{Mon 02:13:24 Step:12269} Server_Comm.py: Received a new packet while thinking!
{Mon 02:13:24 Step:12270} Server_Comm.py: Received a new packet while thinking!
{Mon 02:13:25 Step:12271} Server_Comm.py: Received a new packet while thinking!
{Mon 02:13:25 Step:12272} Server_Comm.py: Received a new packet while thinking!
{Mon 02:13:25 Step:12273} Server_Comm.py: Received a new packet while thinking!
{Mon 02:13:25 Step:12274} Server_Comm.py: Received a new packet while thinking!
{Mon 02:13:25 Step:12275} Server_Comm.py: Received a new packet while thinking!
{Mon 02:13:25 Step:12276} Server_Comm.py: Received a new packet while thinking!
{Mon 02:13:25 Step:12277} Server_Comm.py: Received a new packet while thinking!
{Mon 02:13:25 Step:12278} Server_Comm.py: Received a new packet while thinking!
{Mon 02:13:25 Step:12279} Server_Comm.py: Received a new packet while thinking!
{Mon 02:13:25 Step:12280} Server_Comm.py: Received a new packet while thinking!
{Mon 02:13:25 Step:12281} Server_Comm.py: Received a new packet while thinking!
{Mon 02:13:25 Step:12282} Server_Comm.py: Received a new packet while thinking!
{Mon 02:13:25 Step:12283} Server_Comm.py: Received a new packet while thinking!
{Mon 02:13:25 Step:12284} Server_Comm.py: Received a new packet while thinking!
{Mon 02:13:25 Step:12285} Server_Comm.py: Received a new packet while thinking!
{Mon 02:13:25 Step:12286} Server_Comm.py: Received a new packet while thinking!
{Mon 02:13:25 Step:12287} Server_Comm.py: Received a new packet while thinking!
{Mon 02:13:25 Step:12288} Server_Comm.py: Received a new packet while thinking!
{Mon 02:13:25 Step:12289} Server_Comm.py: Received a new packet while thinking!
{Mon 02:13:25 Step:12290} Server_Comm.py: Received a new packet while thinking!
{Mon 02:13:25 Step:12291} Server_Comm.py: Received a new packet while thinking!
{Mon 02:13:25 Step:12292} Server_Comm.py: Received a new packet while thinking!
{Mon 02:13:25 Step:12293} Server_Comm.py: Received a new packet while thinking!
{Mon 02:13:25 Step:12294} Server_Comm.py: Received a new packet while thinking!
{Mon 02:13:25 Step:12295} Server_Comm.py: Received a new packet while thinking!
{Mon 02:13:25 Step:12296} Server_Comm.py: Received a new packet while thinking!
{Mon 02:13:25 Step:12297} Server_Comm.py: Received a new packet while thinking!
{Mon 02:13:25 Step:12298} Server_Comm.py: Received a new packet while thinking!
{Mon 02:13:25 Step:12299} Server_Comm.py: Received a new packet while thinking!
{Mon 02:13:25 Step:12300} Server_Comm.py: Received a new packet while thinking!
{Mon 02:13:25 Step:12301} Server_Comm.py: Received a new packet while thinking!
{Mon 02:13:25 Step:12302} Server_Comm.py: Received a new packet while thinking!
{Mon 02:13:25 Step:12309} Server_Comm.py: Received a new packet while thinking!
{Mon 02:13:27 Step:12417} Server_Comm.py: Received a new packet while thinking!
{Mon 02:13:28 Step:12420} Server_Comm.py: Received a new packet while thinking!
{Mon 02:13:28 Step:12423} Server_Comm.py: Received a new packet while thinking!
{Mon 02:13:28 Step:12426} Server_Comm.py: Received a new packet while thinking!
{Mon 02:13:28 Step:12429} Server_Comm.py: Received a new packet while thinking!
{Mon 02:13:28 Step:12432} Server_Comm.py: Received a new packet while thinking!
{Mon 02:13:28 Step:12435} Server_Comm.py: Received a new packet while thinking!
{Mon 02:13:28 Step:12438} Server_Comm.py: Received a new packet while thinking!
{Mon 02:13:28 Step:12441} Server_Comm.py: Received a new packet while thinking!
{Mon 02:13:28 Step:12444} Server_Comm.py: Received a new packet while thinking!
{Mon 02:13:28 Step:12447} Server_Comm.py: Received a new packet while thinking!
{Mon 02:13:28 Step:12450} Server_Comm.py: Received a new packet while thinking!
{Mon 02:13:28 Step:12453} Server_Comm.py: Received a new packet while thinking!
{Mon 02:13:28 Step:12456} Server_Comm.py: Received a new packet while thinking!
{Mon 02:13:28 Step:12459} Server_Comm.py: Received a new packet while thinking!
{Mon 02:13:28 Step:12462} Server_Comm.py: Received a new packet while thinking!
{Mon 02:13:28 Step:12465} Server_Comm.py: Received a new packet while thinking!
{Mon 02:13:29 Step:12468} Server_Comm.py: Received a new packet while thinking!
{Mon 02:13:33 Step:12699} Server_Comm.py: Received a new packet while thinking!
{Mon 02:13:33 Step:12702} Server_Comm.py: Received a new packet while thinking!
{Mon 02:13:33 Step:12705} Server_Comm.py: Received a new packet while thinking!
{Mon 02:13:33 Step:12708} Server_Comm.py: Received a new packet while thinking!
{Mon 02:13:34 Step:12711} Server_Comm.py: Received a new packet while thinking!
{Mon 02:13:34 Step:12714} Server_Comm.py: Received a new packet while thinking!
{Mon 02:13:34 Step:12717} Server_Comm.py: Received a new packet while thinking!
{Mon 02:13:34 Step:12720} Server_Comm.py: Received a new packet while thinking!
{Mon 02:13:34 Step:12723} Server_Comm.py: Received a new packet while thinking!
{Mon 02:13:34 Step:12726} Server_Comm.py: Received a new packet while thinking!
{Mon 02:13:34 Step:12729} Server_Comm.py: Received a new packet while thinking!
{Mon 02:13:34 Step:12732} Server_Comm.py: Received a new packet while thinking!
{Mon 02:13:34 Step:12735} Server_Comm.py: Received a new packet while thinking!
{Mon 02:13:34 Step:12738} Server_Comm.py: Received a new packet while thinking!
{Mon 02:13:34 Step:12741} Server_Comm.py: Received a new packet while thinking!
{Mon 02:13:34 Step:12744} Server_Comm.py: Received a new packet while thinking!
{Mon 02:13:34 Step:12747} Server_Comm.py: Received a new packet while thinking!
{Mon 02:13:43 Step:13149} Server_Comm.py: Received a new packet while thinking!
{Mon 02:13:43 Step:13152} Server_Comm.py: Received a new packet while thinking!
{Mon 02:13:43 Step:13155} Server_Comm.py: Received a new packet while thinking!
{Mon 02:13:43 Step:13158} Server_Comm.py: Received a new packet while thinking!
{Mon 02:13:43 Step:13161} Server_Comm.py: Received a new packet while thinking!
{Mon 02:13:43 Step:13164} Server_Comm.py: Received a new packet while thinking!
{Mon 02:13:43 Step:13167} Server_Comm.py: Received a new packet while thinking!
{Mon 02:13:43 Step:13170} Server_Comm.py: Received a new packet while thinking!
{Mon 02:13:43 Step:13173} Server_Comm.py: Received a new packet while thinking!
{Mon 02:13:43 Step:13176} Server_Comm.py: Received a new packet while thinking!
{Mon 02:13:43 Step:13179} Server_Comm.py: Received a new packet while thinking!
{Mon 02:13:43 Step:13182} Server_Comm.py: Received a new packet while thinking!
{Mon 02:13:43 Step:13185} Server_Comm.py: Received a new packet while thinking!
{Mon 02:13:43 Step:13188} Server_Comm.py: Received a new packet while thinking!
{Mon 02:13:43 Step:13191} Server_Comm.py: Received a new packet while thinking!
{Mon 02:13:43 Step:13194} Server_Comm.py: Received a new packet while thinking!
{Mon 02:13:44 Step:13212} Server_Comm.py: Received a new packet while thinking!
{Mon 02:13:44 Step:13215} Server_Comm.py: Received a new packet while thinking!
{Mon 02:13:44 Step:13218} Server_Comm.py: Received a new packet while thinking!
{Mon 02:13:55 Step:13764} Server_Comm.py: Received a new packet while thinking!
{Mon 02:13:55 Step:13767} Server_Comm.py: Received a new packet while thinking!
{Mon 02:13:55 Step:13770} Server_Comm.py: Received a new packet while thinking!
{Mon 02:13:55 Step:13773} Server_Comm.py: Received a new packet while thinking!
{Mon 02:13:55 Step:13776} Server_Comm.py: Received a new packet while thinking!
{Mon 02:13:55 Step:13779} Server_Comm.py: Received a new packet while thinking!
{Mon 02:13:56 Step:13782} Server_Comm.py: Received a new packet while thinking!
{Mon 02:13:56 Step:13783} Server_Comm.py: Received a new packet while thinking!
{Mon 02:13:56 Step:13784} Server_Comm.py: Received a new packet while thinking!
{Mon 02:13:56 Step:13785} Server_Comm.py: Received a new packet while thinking!
{Mon 02:13:56 Step:13786} Server_Comm.py: Received a new packet while thinking!
{Mon 02:13:56 Step:13787} Server_Comm.py: Received a new packet while thinking!
{Mon 02:13:56 Step:13788} Server_Comm.py: Received a new packet while thinking!
{Mon 02:13:56 Step:13789} Server_Comm.py: Received a new packet while thinking!
{Mon 02:13:56 Step:13790} Server_Comm.py: Received a new packet while thinking!
{Mon 02:13:56 Step:13791} Server_Comm.py: Received a new packet while thinking!
{Mon 02:13:56 Step:13792} Server_Comm.py: Received a new packet while thinking!
{Mon 02:13:56 Step:13793} Server_Comm.py: Received a new packet while thinking!
{Mon 02:13:56 Step:13794} Server_Comm.py: Received a new packet while thinking!
{Mon 02:13:56 Step:13795} Server_Comm.py: Received a new packet while thinking!
{Mon 02:13:56 Step:13796} Server_Comm.py: Received a new packet while thinking!
{Mon 02:13:56 Step:13797} Server_Comm.py: Received a new packet while thinking!
{Mon 02:13:56 Step:13798} Server_Comm.py: Received a new packet while thinking!
{Mon 02:13:56 Step:13799} Server_Comm.py: Received a new packet while thinking!
{Mon 02:13:56 Step:13800} Server_Comm.py: Received a new packet while thinking!
{Mon 02:13:56 Step:13801} Server_Comm.py: Received a new packet while thinking!
{Mon 02:13:56 Step:13802} Server_Comm.py: Received a new packet while thinking!
{Mon 02:13:56 Step:13803} Server_Comm.py: Received a new packet while thinking!
{Mon 02:13:56 Step:13804} Server_Comm.py: Received a new packet while thinking!
{Mon 02:13:56 Step:13805} Server_Comm.py: Received a new packet while thinking!
{Mon 02:13:56 Step:13806} Server_Comm.py: Received a new packet while thinking!
{Mon 02:13:56 Step:13807} Server_Comm.py: Received a new packet while thinking!
{Mon 02:13:56 Step:13808} Server_Comm.py: Received a new packet while thinking!
{Mon 02:13:56 Step:13809} Server_Comm.py: Received a new packet while thinking!
{Mon 02:13:56 Step:13810} Server_Comm.py: Received a new packet while thinking!
{Mon 02:13:56 Step:13811} Server_Comm.py: Received a new packet while thinking!
{Mon 02:13:56 Step:13812} Server_Comm.py: Received a new packet while thinking!
{Mon 02:13:56 Step:13813} Server_Comm.py: Received a new packet while thinking!
{Mon 02:13:56 Step:13814} Server_Comm.py: Received a new packet while thinking!
{Mon 02:13:56 Step:13815} Server_Comm.py: Received a new packet while thinking!
{Mon 02:13:56 Step:13816} Server_Comm.py: Received a new packet while thinking!
{Mon 02:13:56 Step:13817} Server_Comm.py: Received a new packet while thinking!
{Mon 02:13:56 Step:13818} Server_Comm.py: Received a new packet while thinking!
{Mon 02:13:56 Step:13819} Server_Comm.py: Received a new packet while thinking!
{Mon 02:13:56 Step:13820} Server_Comm.py: Received a new packet while thinking!
{Mon 02:13:56 Step:13824} Server_Comm.py: Received a new packet while thinking!
{Mon 02:13:56 Step:13827} Server_Comm.py: Received a new packet while thinking!
{Mon 02:14:01 Step:14064} Server_Comm.py: Received a new packet while thinking!
{Mon 02:14:01 Step:14070} Server_Comm.py: Received a new packet while thinking!
{Mon 02:14:01 Step:14073} Server_Comm.py: Received a new packet while thinking!
{Mon 02:14:06 Step:14304} Server_Comm.py: Received a new packet while thinking!
{Mon 02:14:06 Step:14307} Server_Comm.py: Received a new packet while thinking!
{Mon 02:14:06 Step:14310} Server_Comm.py: Received a new packet while thinking!
{Mon 02:14:24 Step:15177} Server_Comm.py: Received a new packet while thinking!
{Mon 02:14:24 Step:15180} Server_Comm.py: Received a new packet while thinking!
{Mon 02:14:24 Step:15183} Server_Comm.py: Received a new packet while thinking!
{Mon 02:14:24 Step:15186} Server_Comm.py: Received a new packet while thinking!
{Mon 02:14:24 Step:15189} Server_Comm.py: Received a new packet while thinking!
{Mon 02:14:25 Step:15192} Server_Comm.py: Received a new packet while thinking!
{Mon 02:14:25 Step:15195} Server_Comm.py: Received a new packet while thinking!
{Mon 02:14:25 Step:15198} Server_Comm.py: Received a new packet while thinking!
{Mon 02:14:25 Step:15201} Server_Comm.py: Received a new packet while thinking!
{Mon 02:14:25 Step:15204} Server_Comm.py: Received a new packet while thinking!
{Mon 02:14:25 Step:15207} Server_Comm.py: Received a new packet while thinking!
{Mon 02:14:25 Step:15210} Server_Comm.py: Received a new packet while thinking!
{Mon 02:14:25 Step:15213} Server_Comm.py: Received a new packet while thinking!
{Mon 02:14:25 Step:15216} Server_Comm.py: Received a new packet while thinking!
{Mon 02:14:25 Step:15219} Server_Comm.py: Received a new packet while thinking!
{Mon 02:14:25 Step:15222} Server_Comm.py: Received a new packet while thinking!
{Mon 02:14:25 Step:15225} Server_Comm.py: Received a new packet while thinking!
{Mon 02:14:25 Step:15228} Server_Comm.py: Received a new packet while thinking!
{Mon 02:14:26 Step:15315} Server_Comm.py: Received a new packet while thinking!
{Mon 02:14:27 Step:15316} Server_Comm.py: Received a new packet while thinking!
{Mon 02:14:27 Step:15317} Server_Comm.py: Received a new packet while thinking!
{Mon 02:14:27 Step:15318} Server_Comm.py: Received a new packet while thinking!
{Mon 02:14:27 Step:15319} Server_Comm.py: Received a new packet while thinking!
{Mon 02:14:27 Step:15320} Server_Comm.py: Received a new packet while thinking!
{Mon 02:14:27 Step:15321} Server_Comm.py: Received a new packet while thinking!
{Mon 02:14:27 Step:15322} Server_Comm.py: Received a new packet while thinking!
{Mon 02:14:27 Step:15323} Server_Comm.py: Received a new packet while thinking!
{Mon 02:14:27 Step:15324} Server_Comm.py: Received a new packet while thinking!
{Mon 02:14:27 Step:15325} Server_Comm.py: Received a new packet while thinking!
{Mon 02:14:27 Step:15326} Server_Comm.py: Received a new packet while thinking!
{Mon 02:14:27 Step:15327} Server_Comm.py: Received a new packet while thinking!
{Mon 02:14:27 Step:15328} Server_Comm.py: Received a new packet while thinking!
{Mon 02:14:27 Step:15329} Server_Comm.py: Received a new packet while thinking!
{Mon 02:14:27 Step:15330} Server_Comm.py: Received a new packet while thinking!
{Mon 02:14:27 Step:15331} Server_Comm.py: Received a new packet while thinking!
{Mon 02:14:27 Step:15332} Server_Comm.py: Received a new packet while thinking!
{Mon 02:14:27 Step:15333} Server_Comm.py: Received a new packet while thinking!
{Mon 02:14:27 Step:15334} Server_Comm.py: Received a new packet while thinking!
{Mon 02:14:27 Step:15335} Server_Comm.py: Received a new packet while thinking!
{Mon 02:14:27 Step:15336} Server_Comm.py: Received a new packet while thinking!
{Mon 02:14:28 Step:15337} Server_Comm.py: Received a new packet while thinking!
{Mon 02:14:28 Step:15338} Server_Comm.py: Received a new packet while thinking!
{Mon 02:14:28 Step:15339} Server_Comm.py: Received a new packet while thinking!
{Mon 02:14:28 Step:15340} Server_Comm.py: Received a new packet while thinking!
{Mon 02:14:28 Step:15341} Server_Comm.py: Received a new packet while thinking!
{Mon 02:14:28 Step:15342} Server_Comm.py: Received a new packet while thinking!
{Mon 02:14:28 Step:15343} Server_Comm.py: Received a new packet while thinking!
{Mon 02:14:28 Step:15344} Server_Comm.py: Received a new packet while thinking!
{Mon 02:14:28 Step:15345} Server_Comm.py: Received a new packet while thinking!
{Mon 02:14:28 Step:15346} Server_Comm.py: Received a new packet while thinking!
{Mon 02:14:28 Step:15347} Server_Comm.py: Received a new packet while thinking!
{Mon 02:14:28 Step:15348} Server_Comm.py: Received a new packet while thinking!
{Mon 02:14:28 Step:15349} Server_Comm.py: Received a new packet while thinking!
{Mon 02:14:28 Step:15350} Server_Comm.py: Received a new packet while thinking!
{Mon 02:14:28 Step:15351} Server_Comm.py: Received a new packet while thinking!
{Mon 02:14:28 Step:15352} Server_Comm.py: Received a new packet while thinking!
{Mon 02:14:28 Step:15353} Server_Comm.py: Received a new packet while thinking!
{Mon 02:14:28 Step:15354} Server_Comm.py: Received a new packet while thinking!
{Mon 02:14:28 Step:15355} Server_Comm.py: Received a new packet while thinking!
{Mon 02:14:28 Step:15356} Server_Comm.py: Received a new packet while thinking!
{Mon 02:14:28 Step:15357} Server_Comm.py: Received a new packet while thinking!
{Mon 02:14:28 Step:15358} Server_Comm.py: Received a new packet while thinking!
{Mon 02:14:28 Step:15359} Server_Comm.py: Received a new packet while thinking!
{Mon 02:14:28 Step:15360} Server_Comm.py: Received a new packet while thinking!
{Mon 02:14:28 Step:15361} Server_Comm.py: Received a new packet while thinking!
{Mon 02:14:28 Step:15362} Server_Comm.py: Received a new packet while thinking!
{Mon 02:14:28 Step:15363} Server_Comm.py: Received a new packet while thinking!
{Mon 02:14:28 Step:15364} Server_Comm.py: Received a new packet while thinking!
{Mon 02:14:28 Step:15365} Server_Comm.py: Received a new packet while thinking!
{Mon 02:14:28 Step:15366} Server_Comm.py: Received a new packet while thinking!
{Mon 02:14:28 Step:15367} Server_Comm.py: Received a new packet while thinking!
{Mon 02:14:28 Step:15368} Server_Comm.py: Received a new packet while thinking!
{Mon 02:14:28 Step:15369} Server_Comm.py: Received a new packet while thinking!
{Mon 02:14:28 Step:15370} Server_Comm.py: Received a new packet while thinking!
{Mon 02:14:28 Step:15371} Server_Comm.py: Received a new packet while thinking!
{Mon 02:14:28 Step:15372} Server_Comm.py: Received a new packet while thinking!
{Mon 02:14:28 Step:15373} Server_Comm.py: Received a new packet while thinking!
{Mon 02:14:28 Step:15374} Server_Comm.py: Received a new packet while thinking!
{Mon 02:14:28 Step:15375} Server_Comm.py: Received a new packet while thinking!
{Mon 02:14:28 Step:15376} Server_Comm.py: Received a new packet while thinking!
{Mon 02:14:28 Step:15377} Server_Comm.py: Received a new packet while thinking!
{Mon 02:14:28 Step:15378} Server_Comm.py: Received a new packet while thinking!
{Mon 02:14:28 Step:15379} Server_Comm.py: Received a new packet while thinking!
{Mon 02:14:28 Step:15380} Server_Comm.py: Received a new packet while thinking!
{Mon 02:14:28 Step:15381} Server_Comm.py: Received a new packet while thinking!
{Mon 02:14:28 Step:15382} Server_Comm.py: Received a new packet while thinking!
{Mon 02:14:28 Step:15383} Server_Comm.py: Received a new packet while thinking!
{Mon 02:14:28 Step:15384} Server_Comm.py: Received a new packet while thinking!
{Mon 02:14:28 Step:15385} Server_Comm.py: Received a new packet while thinking!
{Mon 02:14:29 Step:15386} Server_Comm.py: Received a new packet while thinking!
{Mon 02:14:29 Step:15387} Server_Comm.py: Received a new packet while thinking!
{Mon 02:14:29 Step:15388} Server_Comm.py: Received a new packet while thinking!
{Mon 02:14:29 Step:15389} Server_Comm.py: Received a new packet while thinking!
{Mon 02:14:29 Step:15390} Server_Comm.py: Received a new packet while thinking!
{Mon 02:14:29 Step:15391} Server_Comm.py: Received a new packet while thinking!
{Mon 02:14:29 Step:15392} Server_Comm.py: Received a new packet while thinking!
{Mon 02:14:29 Step:15393} Server_Comm.py: Received a new packet while thinking!
{Mon 02:14:29 Step:15394} Server_Comm.py: Received a new packet while thinking!
{Mon 02:14:29 Step:15395} Server_Comm.py: Received a new packet while thinking!
{Mon 02:14:29 Step:15396} Server_Comm.py: Received a new packet while thinking!
{Mon 02:14:29 Step:15397} Server_Comm.py: Received a new packet while thinking!
{Mon 02:14:29 Step:15398} Server_Comm.py: Received a new packet while thinking!
{Mon 02:14:29 Step:15399} Server_Comm.py: Received a new packet while thinking!
{Mon 02:14:29 Step:15400} Server_Comm.py: Received a new packet while thinking!
{Mon 02:14:29 Step:15401} Server_Comm.py: Received a new packet while thinking!
{Mon 02:14:29 Step:15402} Server_Comm.py: Received a new packet while thinking!
{Mon 02:14:29 Step:15403} Server_Comm.py: Received a new packet while thinking!
{Mon 02:14:29 Step:15404} Server_Comm.py: Received a new packet while thinking!
{Mon 02:14:29 Step:15405} Server_Comm.py: Received a new packet while thinking!
{Mon 02:14:29 Step:15406} Server_Comm.py: Received a new packet while thinking!
{Mon 02:14:29 Step:15407} Server_Comm.py: Received a new packet while thinking!
{Mon 02:14:29 Step:15408} Server_Comm.py: Received a new packet while thinking!
{Mon 02:14:29 Step:15409} Server_Comm.py: Received a new packet while thinking!
{Mon 02:14:29 Step:15410} Server_Comm.py: Received a new packet while thinking!
{Mon 02:14:29 Step:15411} Server_Comm.py: Received a new packet while thinking!
{Mon 02:14:29 Step:15412} Server_Comm.py: Received a new packet while thinking!
{Mon 02:14:29 Step:15413} Server_Comm.py: Received a new packet while thinking!
{Mon 02:14:29 Step:15414} Server_Comm.py: Received a new packet while thinking!
{Mon 02:14:29 Step:15415} Server_Comm.py: Received a new packet while thinking!
{Mon 02:14:29 Step:15416} Server_Comm.py: Received a new packet while thinking!
{Mon 02:14:29 Step:15417} Server_Comm.py: Received a new packet while thinking!
{Mon 02:14:29 Step:15418} Server_Comm.py: Received a new packet while thinking!
{Mon 02:14:29 Step:15419} Server_Comm.py: Received a new packet while thinking!
{Mon 02:14:29 Step:15420} Server_Comm.py: Received a new packet while thinking!
{Mon 02:14:29 Step:15421} Server_Comm.py: Received a new packet while thinking!
{Mon 02:14:29 Step:15422} Server_Comm.py: Received a new packet while thinking!
{Mon 02:14:29 Step:15423} Server_Comm.py: Received a new packet while thinking!
{Mon 02:14:29 Step:15424} Server_Comm.py: Received a new packet while thinking!
{Mon 02:14:29 Step:15425} Server_Comm.py: Received a new packet while thinking!
{Mon 02:14:29 Step:15426} Server_Comm.py: Received a new packet while thinking!
{Mon 02:14:29 Step:15427} Server_Comm.py: Received a new packet while thinking!
{Mon 02:14:29 Step:15428} Server_Comm.py: Received a new packet while thinking!
{Mon 02:14:29 Step:15429} Server_Comm.py: Received a new packet while thinking!
{Mon 02:14:29 Step:15430} Server_Comm.py: Received a new packet while thinking!
{Mon 02:14:29 Step:15431} Server_Comm.py: Received a new packet while thinking!
{Mon 02:14:29 Step:15432} Server_Comm.py: Received a new packet while thinking!
{Mon 02:14:29 Step:15433} Server_Comm.py: Received a new packet while thinking!
{Mon 02:14:29 Step:15434} Server_Comm.py: Received a new packet while thinking!
{Mon 02:14:30 Step:15435} Server_Comm.py: Received a new packet while thinking!
{Mon 02:14:30 Step:15436} Server_Comm.py: Received a new packet while thinking!
{Mon 02:14:30 Step:15437} Server_Comm.py: Received a new packet while thinking!
{Mon 02:14:30 Step:15438} Server_Comm.py: Received a new packet while thinking!
{Mon 02:14:30 Step:15439} Server_Comm.py: Received a new packet while thinking!
{Mon 02:14:30 Step:15440} Server_Comm.py: Received a new packet while thinking!
{Mon 02:14:30 Step:15441} Server_Comm.py: Received a new packet while thinking!
{Mon 02:14:30 Step:15442} Server_Comm.py: Received a new packet while thinking!
{Mon 02:14:30 Step:15443} Server_Comm.py: Received a new packet while thinking!
{Mon 02:14:30 Step:15444} Server_Comm.py: Received a new packet while thinking!
{Mon 02:14:30 Step:15445} Server_Comm.py: Received a new packet while thinking!
{Mon 02:14:30 Step:15446} Server_Comm.py: Received a new packet while thinking!
{Mon 02:14:30 Step:15447} Server_Comm.py: Received a new packet while thinking!
{Mon 02:14:30 Step:15448} Server_Comm.py: Received a new packet while thinking!
{Mon 02:14:30 Step:15449} Server_Comm.py: Received a new packet while thinking!
{Mon 02:14:30 Step:15450} Server_Comm.py: Received a new packet while thinking!
{Mon 02:14:30 Step:15451} Server_Comm.py: Received a new packet while thinking!
{Mon 02:14:30 Step:15452} Server_Comm.py: Received a new packet while thinking!
{Mon 02:14:30 Step:15453} Server_Comm.py: Received a new packet while thinking!
{Mon 02:14:30 Step:15454} Server_Comm.py: Received a new packet while thinking!
{Mon 02:14:30 Step:15455} Server_Comm.py: Received a new packet while thinking!
{Mon 02:14:30 Step:15456} Server_Comm.py: Received a new packet while thinking!
{Mon 02:14:30 Step:15457} Server_Comm.py: Received a new packet while thinking!
{Mon 02:14:30 Step:15458} Server_Comm.py: Received a new packet while thinking!
{Mon 02:14:30 Step:15459} Server_Comm.py: Received a new packet while thinking!
{Mon 02:14:30 Step:15460} Server_Comm.py: Received a new packet while thinking!
{Mon 02:14:30 Step:15461} Server_Comm.py: Received a new packet while thinking!
{Mon 02:14:30 Step:15462} Server_Comm.py: Received a new packet while thinking!
{Mon 02:14:30 Step:15463} Server_Comm.py: Received a new packet while thinking!
{Mon 02:14:30 Step:15464} Server_Comm.py: Received a new packet while thinking!
{Mon 02:14:30 Step:15465} Server_Comm.py: Received a new packet while thinking!
{Mon 02:14:30 Step:15466} Server_Comm.py: Received a new packet while thinking!
{Mon 02:14:30 Step:15467} Server_Comm.py: Received a new packet while thinking!
{Mon 02:14:30 Step:15468} Server_Comm.py: Received a new packet while thinking!
{Mon 02:14:30 Step:15469} Server_Comm.py: Received a new packet while thinking!
{Mon 02:14:30 Step:15470} Server_Comm.py: Received a new packet while thinking!
{Mon 02:14:30 Step:15471} Server_Comm.py: Received a new packet while thinking!
{Mon 02:14:30 Step:15472} Server_Comm.py: Received a new packet while thinking!
{Mon 02:14:30 Step:15473} Server_Comm.py: Received a new packet while thinking!
{Mon 02:14:30 Step:15474} Server_Comm.py: Received a new packet while thinking!
{Mon 02:14:30 Step:15475} Server_Comm.py: Received a new packet while thinking!
{Mon 02:14:30 Step:15477} Server_Comm.py: The agent lost 1 packet! Is syncmode enabled?
{Mon 02:19:03 Step:28753} World_Parser.py: Received field line with NaNs [ 13.89 -57.71  14.48    nan    nan    nan]
{Mon 02:23:53 Step:42865} World_Parser.py: Received field line with NaNs [  nan   nan   nan  4.23 59.92 11.32]
{Mon 02:32:33 Step:68179} Server_Comm.py: Received a new packet while thinking!
{Mon 02:36:46 Step:80497} World_Parser.py: Received field line with NaNs [  nan   nan   nan 10.92 60.14 15.75]
