{Sun 15:34:40 Step:547} Server_Comm.py: Received a new packet while thinking!
{Sun 15:34:49 Step:957} Server_Comm.py: Received a new packet while thinking!
{Sun 15:35:08 Step:1894} Server_Comm.py: Received a new packet while thinking!
{Sun 15:35:12 Step:2068} Server_Comm.py: Received a new packet while thinking!
{Sun 15:35:13 Step:2122} Server_Comm.py: Received a new packet while thinking!
{Sun 15:35:24 Step:2662} Server_Comm.py: Received a new packet while thinking!
{Sun 15:35:27 Step:2806} Server_Comm.py: Received a new packet while thinking!
{Sun 15:35:31 Step:2998} Server_Comm.py: Received a new packet while thinking!
{Sun 15:35:37 Step:3286} Server_Comm.py: The agent lost 1 packet! Is syncmode enabled?
{Sun 15:35:51 Step:3967} Server_Comm.py: Received a new packet while thinking!
{Sun 15:35:51 Step:3982} Server_Comm.py: Received a new packet while thinking!
{Sun 15:35:51 Step:3988} Server_Comm.py: Received a new packet while thinking!
{Sun 15:35:51 Step:4003} Server_Comm.py: Received a new packet while thinking!
{Sun 15:35:54 Step:4107} Server_Comm.py: Received a new packet while thinking!
{Sun 15:35:54 Step:4128} Server_Comm.py: Received a new packet while thinking!
{Sun 15:35:56 Step:4222} Server_Comm.py: Received a new packet while thinking!
{Sun 15:35:57 Step:4260} Server_Comm.py: Received a new packet while thinking!
{Sun 15:35:57 Step:4267} Server_Comm.py: Received a new packet while thinking!
{Sun 15:35:57 Step:4270} Server_Comm.py: Received a new packet while thinking!
{Sun 15:35:58 Step:4300} Server_Comm.py: Received a new packet while thinking!
{Sun 15:35:58 Step:4329} Server_Comm.py: Received a new packet while thinking!
{Sun 15:35:58 Step:4335} Server_Comm.py: Received a new packet while thinking!
{Sun 15:35:58 Step:4345} Server_Comm.py: Received a new packet while thinking!
{Sun 15:35:59 Step:4381} Server_Comm.py: Received a new packet while thinking!
{Sun 15:35:59 Step:4384} Server_Comm.py: Received a new packet while thinking!
{Sun 15:35:59 Step:4390} Server_Comm.py: Received a new packet while thinking!
{Sun 15:35:59 Step:4392} Server_Comm.py: Received a new packet while thinking!
{Sun 15:36:00 Step:4402} Server_Comm.py: Received a new packet while thinking!
{Sun 15:36:00 Step:4405} Server_Comm.py: Received a new packet while thinking!
{Sun 15:36:00 Step:4417} Server_Comm.py: Received a new packet while thinking!
{Sun 15:36:00 Step:4420} Server_Comm.py: Received a new packet while thinking!
{Sun 15:36:00 Step:4422} Server_Comm.py: Received a new packet while thinking!
{Sun 15:36:00 Step:4428} Server_Comm.py: Received a new packet while thinking!
{Sun 15:36:00 Step:4444} Server_Comm.py: Received a new packet while thinking!
{Sun 15:36:02 Step:4513} Server_Comm.py: Received a new packet while thinking!
{Sun 15:36:03 Step:4549} Server_Comm.py: Received a new packet while thinking!
{Sun 15:36:03 Step:4552} Server_Comm.py: The agent lost 1 packet! Is syncmode enabled?
{Sun 15:36:03 Step:4578} Server_Comm.py: Received a new packet while thinking!
{Sun 15:36:04 Step:4606} Server_Comm.py: Received a new packet while thinking!
{Sun 15:36:05 Step:4657} Server_Comm.py: Received a new packet while thinking!
{Sun 15:36:05 Step:4678} Server_Comm.py: Received a new packet while thinking!
{Sun 15:36:05 Step:4686} Server_Comm.py: Received a new packet while thinking!
{Sun 15:36:06 Step:4728} Server_Comm.py: Received a new packet while thinking!
{Sun 15:36:07 Step:4756} Server_Comm.py: Received a new packet while thinking!
{Sun 15:36:10 Step:4900} Server_Comm.py: Received a new packet while thinking!
{Sun 15:36:10 Step:4906} Server_Comm.py: Received a new packet while thinking!
{Sun 15:36:10 Step:4912} Server_Comm.py: Received a new packet while thinking!
{Sun 15:36:11 Step:4963} Server_Comm.py: Received a new packet while thinking!
{Sun 15:36:12 Step:4992} Server_Comm.py: Received a new packet while thinking!
{Sun 15:36:13 Step:5029} Server_Comm.py: Received a new packet while thinking!
{Sun 15:36:13 Step:5032} Server_Comm.py: Received a new packet while thinking!
{Sun 15:36:13 Step:5062} Server_Comm.py: Received a new packet while thinking!
{Sun 15:36:13 Step:5070} Server_Comm.py: Received a new packet while thinking!
{Sun 15:36:14 Step:5083} Server_Comm.py: Received a new packet while thinking!
{Sun 15:36:14 Step:5089} Server_Comm.py: Received a new packet while thinking!
{Sun 15:36:14 Step:5095} Server_Comm.py: Received a new packet while thinking!
{Sun 15:36:14 Step:5119} Server_Comm.py: Received a new packet while thinking!
{Sun 15:36:14 Step:5124} Server_Comm.py: Received a new packet while thinking!
{Sun 15:36:15 Step:5140} Server_Comm.py: Received a new packet while thinking!
{Sun 15:36:15 Step:5146} Server_Comm.py: Received a new packet while thinking!
{Sun 15:36:15 Step:5152} Server_Comm.py: Received a new packet while thinking!
{Sun 15:36:15 Step:5158} Server_Comm.py: Received a new packet while thinking!
{Sun 15:36:15 Step:5161} Server_Comm.py: Received a new packet while thinking!
{Sun 15:36:15 Step:5164} Server_Comm.py: Received a new packet while thinking!
{Sun 15:36:16 Step:5179} Server_Comm.py: Received a new packet while thinking!
{Sun 15:36:16 Step:5211} Server_Comm.py: Received a new packet while thinking!
{Sun 15:36:17 Step:5263} Server_Comm.py: Received a new packet while thinking!
{Sun 15:36:17 Step:5266} Server_Comm.py: Received a new packet while thinking!
{Sun 15:36:25 Step:5641} World_Parser.py: Received field line with NaNs [  nan   nan   nan 18.38 60.25 15.05]
{Sun 15:36:43 Step:6532} World_Parser.py: Received field line with NaNs [   nan    nan    nan   4.11 -60.06  11.25]
{Sun 15:36:52 Step:6949} Server_Comm.py: Received a new packet while thinking!
{Sun 15:37:18 Step:8241} Server_Comm.py: Received a new packet while thinking!
{Sun 15:37:18 Step:8245} Server_Comm.py: Received a new packet while thinking!
{Sun 15:37:20 Step:8332} Server_Comm.py: Received a new packet while thinking!
{Sun 15:37:27 Step:8641} Server_Comm.py: Received a new packet while on world.update()!
{Sun 15:38:37 Step:12067} Server_Comm.py: Received a new packet while thinking!
{Sun 15:38:37 Step:12069} Server_Comm.py: The agent lost 1 packet! Is syncmode enabled?
{Sun 15:38:38 Step:12095} Server_Comm.py: Received a new packet while thinking!
{Sun 15:38:38 Step:12097} Server_Comm.py: The agent lost 1 packet! Is syncmode enabled?
{Sun 15:38:38 Step:12100} Server_Comm.py: The agent lost 2 consecutive packets! Is syncmode disabled?
{Sun 15:38:38 Step:12102} Server_Comm.py: Received a new packet while thinking!
{Sun 15:38:38 Step:12104} Server_Comm.py: The agent lost 1 packet! Is syncmode enabled?
{Sun 15:38:39 Step:12182} Server_Comm.py: Received a new packet while thinking!
{Sun 15:38:39 Step:12184} Server_Comm.py: The agent lost 1 packet! Is syncmode enabled?
{Sun 15:38:48 Step:12586} Server_Comm.py: Received a new packet while thinking!
{Sun 15:38:56 Step:12985} Server_Comm.py: Received a new packet while thinking!
{Sun 15:38:57 Step:13030} Server_Comm.py: Received a new packet while thinking!
{Sun 15:38:57 Step:13032} Server_Comm.py: Received a new packet while thinking!
{Sun 15:38:57 Step:13047} Server_Comm.py: Received a new packet while thinking!
{Sun 15:38:58 Step:13090} Server_Comm.py: Received a new packet while thinking!
{Sun 15:38:59 Step:13129} Server_Comm.py: Received a new packet while thinking!
{Sun 15:38:59 Step:13132} Server_Comm.py: Received a new packet while thinking!
{Sun 15:38:59 Step:13134} Server_Comm.py: Received a new packet while thinking!
{Sun 15:38:59 Step:13138} Server_Comm.py: Received a new packet while thinking!
{Sun 15:38:59 Step:13144} Server_Comm.py: Received a new packet while thinking!
{Sun 15:39:00 Step:13173} Server_Comm.py: Received a new packet while thinking!
{Sun 15:39:03 Step:13321} Server_Comm.py: Received a new packet while thinking!
{Sun 15:39:03 Step:13326} Server_Comm.py: Received a new packet while thinking!
{Sun 15:39:03 Step:13329} Server_Comm.py: Received a new packet while thinking!
{Sun 15:39:11 Step:13704} Server_Comm.py: Received a new packet while thinking!
{Sun 15:39:11 Step:13714} Server_Comm.py: Received a new packet while thinking!
{Sun 15:39:15 Step:13903} Server_Comm.py: Received a new packet while thinking!
{Sun 15:39:17 Step:14023} Server_Comm.py: Received a new packet while thinking!
{Sun 15:39:17 Step:14031} Server_Comm.py: Received a new packet while thinking!
{Sun 15:39:17 Step:14034} Server_Comm.py: Received a new packet while thinking!
{Sun 15:39:17 Step:14038} Server_Comm.py: Received a new packet while thinking!
{Sun 15:39:28 Step:14550} Server_Comm.py: Received a new packet while thinking!
{Sun 15:39:28 Step:14551} Server_Comm.py: Received a new packet while thinking!
{Sun 15:39:28 Step:14554} Server_Comm.py: The agent lost 2 consecutive packets! Is syncmode disabled?
{Sun 15:39:28 Step:14554} Server_Comm.py: Received a new packet while thinking!
{Sun 15:39:28 Step:14556} Server_Comm.py: The agent lost 1 packet! Is syncmode enabled?
{Sun 15:39:28 Step:14556} Server_Comm.py: Received a new packet while thinking!
{Sun 15:39:28 Step:14557} Server_Comm.py: Received a new packet while thinking!
{Sun 15:39:28 Step:14559} Server_Comm.py: Received a new packet while thinking!
{Sun 15:39:28 Step:14562} Server_Comm.py: Received a new packet while thinking!
{Sun 15:39:29 Step:14587} Server_Comm.py: Received a new packet while thinking!
{Sun 15:39:29 Step:14590} Server_Comm.py: Received a new packet while thinking!
{Sun 15:39:29 Step:14596} Server_Comm.py: Received a new packet while thinking!
{Sun 15:39:29 Step:14611} Server_Comm.py: Received a new packet while thinking!
{Sun 15:39:29 Step:14614} Server_Comm.py: The agent lost 2 consecutive packets! Is syncmode disabled?
{Sun 15:39:31 Step:14719} Server_Comm.py: Received a new packet while on world.update()!
{Sun 15:39:31 Step:14722} Server_Comm.py: Received a new packet while thinking!
{Sun 15:39:37 Step:15009} Server_Comm.py: Received a new packet while thinking!
{Sun 15:39:37 Step:15016} Server_Comm.py: Received a new packet while thinking!
{Sun 15:39:38 Step:15018} Server_Comm.py: Received a new packet while thinking!
{Sun 15:39:38 Step:15022} Server_Comm.py: The agent lost 1 packet! Is syncmode enabled?
{Sun 15:39:38 Step:15031} Server_Comm.py: Received a new packet while thinking!
{Sun 15:39:38 Step:15033} Server_Comm.py: Received a new packet while thinking!
{Sun 15:39:38 Step:15036} Server_Comm.py: Received a new packet while thinking!
{Sun 15:39:39 Step:15094} Server_Comm.py: Received a new packet while thinking!
{Sun 15:39:40 Step:15126} Server_Comm.py: Received a new packet while thinking!
{Sun 15:39:40 Step:15133} Server_Comm.py: Received a new packet while thinking!
{Sun 15:39:40 Step:15135} Server_Comm.py: Received a new packet while thinking!
{Sun 15:39:40 Step:15141} Server_Comm.py: Received a new packet while thinking!
{Sun 15:39:40 Step:15148} Server_Comm.py: Received a new packet while thinking!
{Sun 15:39:40 Step:15154} Server_Comm.py: Received a new packet while thinking!
{Sun 15:39:40 Step:15160} Server_Comm.py: Received a new packet while thinking!
{Sun 15:39:41 Step:15166} Server_Comm.py: Received a new packet while thinking!
{Sun 15:39:41 Step:15172} Server_Comm.py: Received a new packet while thinking!
{Sun 15:39:41 Step:15178} Server_Comm.py: Received a new packet while thinking!
{Sun 15:39:41 Step:15184} Server_Comm.py: Received a new packet while thinking!
{Sun 15:39:41 Step:15187} Server_Comm.py: Received a new packet while thinking!
{Sun 15:39:41 Step:15193} Server_Comm.py: Received a new packet while thinking!
{Sun 15:39:41 Step:15195} Server_Comm.py: Received a new packet while thinking!
{Sun 15:39:41 Step:15204} Server_Comm.py: Received a new packet while thinking!
{Sun 15:39:41 Step:15207} Server_Comm.py: Received a new packet while thinking!
{Sun 15:39:42 Step:15216} Server_Comm.py: Received a new packet while thinking!
{Sun 15:39:42 Step:15220} Server_Comm.py: The agent lost 1 packet! Is syncmode enabled?
{Sun 15:39:42 Step:15226} Server_Comm.py: Received a new packet while thinking!
{Sun 15:39:42 Step:15229} Server_Comm.py: The agent lost 1 packet! Is syncmode enabled?
{Sun 15:39:52 Step:15732} Server_Comm.py: Received a new packet while thinking!
{Sun 15:39:54 Step:15829} Server_Comm.py: Received a new packet while thinking!
{Sun 15:39:54 Step:15840} Server_Comm.py: Received a new packet while thinking!
{Sun 15:39:54 Step:15843} Server_Comm.py: Received a new packet while thinking!
{Sun 15:39:55 Step:15865} Server_Comm.py: Received a new packet while thinking!
{Sun 15:39:55 Step:15871} Server_Comm.py: Received a new packet while thinking!
{Sun 15:39:56 Step:15937} Server_Comm.py: Received a new packet while thinking!
{Sun 15:39:57 Step:15946} Server_Comm.py: Received a new packet while thinking!
{Sun 15:39:58 Step:16000} Server_Comm.py: Received a new packet while thinking!
{Sun 15:39:58 Step:16011} Server_Comm.py: Received a new packet while thinking!
{Sun 15:39:58 Step:16027} Server_Comm.py: The agent lost 1 packet! Is syncmode enabled?
{Sun 15:39:58 Step:16036} Server_Comm.py: Received a new packet while thinking!
{Sun 15:39:58 Step:16038} Server_Comm.py: Received a new packet while thinking!
{Sun 15:39:59 Step:16048} Server_Comm.py: Received a new packet while thinking!
{Sun 15:39:59 Step:16053} Server_Comm.py: Received a new packet while thinking!
{Sun 15:39:59 Step:16062} Server_Comm.py: The agent lost 1 packet! Is syncmode enabled?
{Sun 15:39:59 Step:16072} Server_Comm.py: The agent lost 1 packet! Is syncmode enabled?
{Sun 15:40:00 Step:16092} Server_Comm.py: Received a new packet while thinking!
{Sun 15:40:00 Step:16098} Server_Comm.py: Received a new packet while thinking!
{Sun 15:40:04 Step:16330} World_Parser.py: Received field line with NaNs [   nan    nan    nan   7.8  -59.96  15.5 ]
{Sun 15:40:11 Step:16650} Server_Comm.py: Received a new packet while thinking!
{Sun 15:40:12 Step:16708} Server_Comm.py: Received a new packet while thinking!
{Sun 15:40:12 Step:16710} Server_Comm.py: Received a new packet while thinking!
{Sun 15:40:18 Step:16996} World_Parser.py: Received field line with NaNs [   nan    nan    nan  15.46 -60.19  17.38]
{Sun 15:40:31 Step:17646} Server_Comm.py: Received a new packet while thinking!
{Sun 15:40:41 Step:18097} Server_Comm.py: Received a new packet while thinking!
{Sun 15:40:41 Step:18102} Server_Comm.py: Received a new packet while thinking!
{Sun 15:40:43 Step:18226} Server_Comm.py: Received a new packet while thinking!
{Sun 15:40:43 Step:18237} Server_Comm.py: Received a new packet while thinking!
{Sun 15:40:44 Step:18258} Server_Comm.py: Received a new packet while thinking!
{Sun 15:40:44 Step:18262} Server_Comm.py: Received a new packet while thinking!
{Sun 15:40:44 Step:18265} Server_Comm.py: The agent lost 1 packet! Is syncmode enabled?
{Sun 15:40:44 Step:18268} Server_Comm.py: The agent lost 1 packet! Is syncmode enabled?
{Sun 15:40:44 Step:18270} Server_Comm.py: Received a new packet while thinking!
{Sun 15:40:44 Step:18273} Server_Comm.py: Received a new packet while thinking!
{Sun 15:40:44 Step:18277} Server_Comm.py: The agent lost 1 packet! Is syncmode enabled?
{Sun 15:40:51 Step:18592} Server_Comm.py: Received a new packet while thinking!
{Sun 15:40:53 Step:18688} Server_Comm.py: Received a new packet while thinking!
{Sun 15:40:54 Step:18750} Server_Comm.py: Received a new packet while thinking!
{Sun 15:40:54 Step:18756} Server_Comm.py: Received a new packet while thinking!
{Sun 15:40:54 Step:18762} Server_Comm.py: Received a new packet while thinking!
{Sun 15:40:54 Step:18766} Server_Comm.py: The agent lost 1 packet! Is syncmode enabled?
{Sun 15:40:54 Step:18768} Server_Comm.py: Received a new packet while thinking!
{Sun 15:40:57 Step:18913} Server_Comm.py: Received a new packet while thinking!
{Sun 15:40:58 Step:18921} Server_Comm.py: Received a new packet while thinking!
{Sun 15:40:58 Step:18931} Server_Comm.py: Received a new packet while thinking!
{Sun 15:40:59 Step:18993} Server_Comm.py: Received a new packet while thinking!
{Sun 15:41:00 Step:19039} Server_Comm.py: Received a new packet while thinking!
{Sun 15:41:00 Step:19044} Server_Comm.py: Received a new packet while thinking!
{Sun 15:41:01 Step:19087} Server_Comm.py: Received a new packet while thinking!
{Sun 15:41:01 Step:19107} Server_Comm.py: Received a new packet while thinking!
{Sun 15:41:02 Step:19120} Server_Comm.py: Received a new packet while thinking!
{Sun 15:41:02 Step:19126} Server_Comm.py: Received a new packet while thinking!
{Sun 15:41:02 Step:19131} Server_Comm.py: Received a new packet while thinking!
{Sun 15:41:02 Step:19135} Server_Comm.py: Received a new packet while thinking!
{Sun 15:41:02 Step:19138} Server_Comm.py: Received a new packet while thinking!
{Sun 15:41:02 Step:19147} Server_Comm.py: Received a new packet while thinking!
{Sun 15:41:02 Step:19155} Server_Comm.py: Received a new packet while thinking!
{Sun 15:41:02 Step:19159} Server_Comm.py: Received a new packet while thinking!
{Sun 15:41:02 Step:19162} Server_Comm.py: Received a new packet while thinking!
{Sun 15:41:04 Step:19219} Server_Comm.py: The agent lost 1 packet! Is syncmode enabled?
{Sun 15:41:04 Step:19242} Server_Comm.py: Received a new packet while thinking!
{Sun 15:41:35 Step:20751} Server_Comm.py: Received a new packet while thinking!
{Sun 15:41:45 Step:21214} Server_Comm.py: Received a new packet while thinking!
{Sun 15:41:46 Step:21300} Server_Comm.py: Received a new packet while thinking!
{Sun 15:41:47 Step:21345} Server_Comm.py: Received a new packet while thinking!
{Sun 15:41:48 Step:21369} Server_Comm.py: Received a new packet while thinking!
{Sun 15:41:48 Step:21394} Server_Comm.py: Received a new packet while thinking!
{Sun 15:41:50 Step:21454} Server_Comm.py: Received a new packet while thinking!
{Sun 15:41:50 Step:21474} Server_Comm.py: Received a new packet while thinking!
{Sun 15:41:50 Step:21480} Server_Comm.py: Received a new packet while thinking!
{Sun 15:41:50 Step:21496} Server_Comm.py: Received a new packet while thinking!
{Sun 15:41:51 Step:21504} Server_Comm.py: Received a new packet while thinking!
{Sun 15:41:51 Step:21508} Server_Comm.py: Received a new packet while thinking!
{Sun 15:41:51 Step:21514} Server_Comm.py: Received a new packet while thinking!
{Sun 15:41:51 Step:21525} Server_Comm.py: Received a new packet while thinking!
{Sun 15:41:51 Step:21529} Server_Comm.py: Received a new packet while thinking!
{Sun 15:41:53 Step:21614} Server_Comm.py: Received a new packet while thinking!
{Sun 15:41:53 Step:21616} Server_Comm.py: The agent lost 1 packet! Is syncmode enabled?
{Sun 15:41:53 Step:21619} Server_Comm.py: Received a new packet while thinking!
{Sun 15:41:53 Step:21622} Server_Comm.py: Received a new packet while thinking!
{Sun 15:41:53 Step:21624} Server_Comm.py: Received a new packet while thinking!
{Sun 15:41:53 Step:21636} Server_Comm.py: Received a new packet while thinking!
{Sun 15:41:55 Step:21738} Server_Comm.py: Received a new packet while thinking!
{Sun 15:41:55 Step:21742} Server_Comm.py: Received a new packet while thinking!
{Sun 15:41:56 Step:21763} Server_Comm.py: Received a new packet while thinking!
{Sun 15:41:58 Step:21889} Server_Comm.py: Received a new packet while thinking!
{Sun 15:41:59 Step:21892} Server_Comm.py: The agent lost 1 packet! Is syncmode enabled?
{Sun 15:42:06 Step:22270} World_Parser.py: Received field line with NaNs [19.5  10.92 34.63   nan   nan   nan]
{Sun 15:44:14 Step:28476} Server_Comm.py: Received a new packet while thinking!
{Sun 15:44:21 Step:28851} Server_Comm.py: Received a new packet while thinking!
{Sun 15:44:22 Step:28885} Server_Comm.py: Received a new packet while thinking!
{Sun 15:44:29 Step:29232} Server_Comm.py: Received a new packet while thinking!
{Sun 15:44:41 Step:29810} Server_Comm.py: Received a new packet while thinking!
{Sun 15:44:42 Step:29870} Server_Comm.py: Received a new packet while thinking!
{Sun 15:44:42 Step:29871} Server_Comm.py: Received a new packet while thinking!
{Sun 15:44:43 Step:29896} Server_Comm.py: Received a new packet while thinking!
{Sun 15:46:46 Step:35908} Server_Comm.py: Received a new packet while thinking!
{Sun 15:47:10 Step:37045} Server_Comm.py: Received a new packet while thinking!
{Sun 15:47:10 Step:37060} Server_Comm.py: Received a new packet while thinking!
{Sun 15:47:10 Step:37063} Server_Comm.py: The agent lost 1 packet! Is syncmode enabled?
{Sun 15:47:10 Step:37064} Server_Comm.py: Received a new packet while thinking!
{Sun 15:47:10 Step:37066} Server_Comm.py: The agent lost 1 packet! Is syncmode enabled?
{Sun 15:47:10 Step:37068} Server_Comm.py: Received a new packet while thinking!
{Sun 15:48:19 Step:40411} Server_Comm.py: Received a new packet while thinking!
{Sun 15:48:21 Step:40537} World_Parser.py: Received field line with NaNs [ 2.46 32.88 18.22   nan   nan   nan]
{Sun 15:48:33 Step:41112} Server_Comm.py: Received a new packet while thinking!
{Sun 15:48:56 Step:42208} Server_Comm.py: Received a new packet while thinking!
{Sun 15:49:14 Step:43102} World_Parser.py: Received field line with NaNs [   nan    nan    nan  12.28 -60.02 -31.85]
{Sun 15:52:07 Step:51493} World_Parser.py: Received field line with NaNs [   nan    nan    nan   2.15 -59.89   3.65]
{Sun 15:53:55 Step:56752} World_Parser.py: Received field line with NaNs [ 2.46 32.74 19.16   nan   nan   nan]
{Sun 15:54:51 Step:59479} Server_Comm.py: Received a new packet while thinking!
{Sun 15:57:12 Step:66373} Server_Comm.py: Received a new packet while thinking!
{Sun 15:57:45 Step:67975} Server_Comm.py: Received a new packet while thinking!
{Sun 15:57:47 Step:68052} Server_Comm.py: Received a new packet while thinking!
{Sun 15:58:39 Step:70603} Server_Comm.py: Received a new packet while thinking!
{Sun 16:01:24 Step:78643} World_Parser.py: Received field line with NaNs [ 2.27 30.54 17.59   nan   nan   nan]
{Sun 16:02:32 Step:81931} World_Parser.py: Received field line with NaNs [ 2.26 30.49 17.56   nan   nan   nan]
{Sun 16:09:14 Step:101524} World_Parser.py: Received field line with NaNs [  nan   nan   nan 18.25 59.9  18.38]
{Sun 16:13:12 Step:113143} World_Parser.py: Received field line with NaNs [  nan   nan   nan 15.42 60.   17.04]
{Sun 16:14:49 Step:117838} World_Parser.py: Received field line with NaNs [  nan   nan   nan 15.45 59.97 17.71]
{Sun 16:15:11 Step:118933} World_Parser.py: Received field line with NaNs [  nan   nan   nan 15.47 60.03 17.28]
{Sun 16:20:56 Step:135742} Server_Comm.py: Received a new packet while thinking!
{Sun 16:20:56 Step:135745} Server_Comm.py: Received a new packet while thinking!
{Sun 16:22:37 Step:140659} Server_Comm.py: Received a new packet while thinking!
{Sun 16:23:13 Step:142404} Server_Comm.py: Received a new packet while thinking!
