{Mon 01:06:22 Step:1} Server_Comm.py: Received a new packet while on world.update()!
{Mon 01:06:22 Step:17} Server_Comm.py: The agent lost 15 consecutive packets! Is syncmode disabled?
{Mon 01:06:22 Step:17} Server_Comm.py: Received a new packet while on world.update()!
{Mon 01:06:22 Step:21} Server_Comm.py: The agent lost 3 consecutive packets! Is syncmode disabled?
{Mon 01:06:22 Step:21} Server_Comm.py: Received a new packet while on world.update()!
{Mon 01:06:22 Step:24} Server_Comm.py: The agent lost 2 consecutive packets! Is syncmode disabled?
{Mon 01:06:22 Step:24} Server_Comm.py: Received a new packet while on world.update()!
{Mon 01:06:22 Step:26} Server_Comm.py: The agent lost 1 packet! Is syncmode enabled?
{Mon 01:06:22 Step:29} Server_Comm.py: The agent lost 1 packet! Is syncmode enabled?
{Mon 01:06:22 Step:32} Server_Comm.py: The agent lost 2 consecutive packets! Is syncmode disabled?
{Mon 01:06:22 Step:34} Server_Comm.py: The agent lost 1 packet! Is syncmode enabled?
{Mon 01:06:22 Step:58} Server_Comm.py: The agent lost 23 consecutive packets! Is syncmode disabled?
{Mon 01:06:22 Step:67} Server_Comm.py: The agent lost 8 consecutive packets! Is syncmode disabled?
{Mon 01:06:22 Step:72} Server_Comm.py: The agent lost 4 consecutive packets! Is syncmode disabled?
{Mon 01:06:22 Step:75} Server_Comm.py: The agent lost 2 consecutive packets! Is syncmode disabled?
{Mon 01:06:22 Step:77} Server_Comm.py: The agent lost 1 packet! Is syncmode enabled?
{Mon 01:06:22 Step:80} Server_Comm.py: The agent lost 2 consecutive packets! Is syncmode disabled?
{Mon 01:06:22 Step:86} Server_Comm.py: The agent lost 5 consecutive packets! Is syncmode disabled?
{Mon 01:06:22 Step:90} Server_Comm.py: The agent lost 3 consecutive packets! Is syncmode disabled?
{Mon 01:06:22 Step:95} Server_Comm.py: The agent lost 3 consecutive packets! Is syncmode disabled?
{Mon 01:06:22 Step:98} Server_Comm.py: The agent lost 2 consecutive packets! Is syncmode disabled?
{Mon 01:06:22 Step:104} Server_Comm.py: The agent lost 2 consecutive packets! Is syncmode disabled?
{Mon 01:06:22 Step:106} Server_Comm.py: The agent lost 1 packet! Is syncmode enabled?
{Mon 01:06:22 Step:108} Server_Comm.py: The agent lost 1 packet! Is syncmode enabled?
{Mon 01:06:22 Step:110} Server_Comm.py: The agent lost 1 packet! Is syncmode enabled?
{Mon 01:06:22 Step:114} Server_Comm.py: The agent lost 2 consecutive packets! Is syncmode disabled?
{Mon 01:06:22 Step:118} Server_Comm.py: The agent lost 2 consecutive packets! Is syncmode disabled?
{Mon 01:06:22 Step:122} Server_Comm.py: The agent lost 2 consecutive packets! Is syncmode disabled?
{Mon 01:06:22 Step:124} Server_Comm.py: The agent lost 1 packet! Is syncmode enabled?
{Mon 01:06:22 Step:128} Server_Comm.py: The agent lost 2 consecutive packets! Is syncmode disabled?
{Mon 01:06:22 Step:132} Server_Comm.py: The agent lost 2 consecutive packets! Is syncmode disabled?
{Mon 01:06:22 Step:134} Server_Comm.py: The agent lost 1 packet! Is syncmode enabled?
{Mon 01:06:22 Step:136} Server_Comm.py: The agent lost 1 packet! Is syncmode enabled?
{Mon 01:06:22 Step:139} Server_Comm.py: The agent lost 1 packet! Is syncmode enabled?
{Mon 01:06:22 Step:142} Server_Comm.py: The agent lost 2 consecutive packets! Is syncmode disabled?
{Mon 01:06:22 Step:144} Server_Comm.py: The agent lost 1 packet! Is syncmode enabled?
{Mon 01:06:22 Step:146} Server_Comm.py: The agent lost 1 packet! Is syncmode enabled?
{Mon 01:06:22 Step:150} Server_Comm.py: The agent lost 2 consecutive packets! Is syncmode disabled?
{Mon 01:06:22 Step:152} Server_Comm.py: The agent lost 1 packet! Is syncmode enabled?
{Mon 01:06:22 Step:154} Server_Comm.py: The agent lost 1 packet! Is syncmode enabled?
{Mon 01:06:22 Step:158} Server_Comm.py: The agent lost 2 consecutive packets! Is syncmode disabled?
{Mon 01:06:22 Step:162} Server_Comm.py: The agent lost 2 consecutive packets! Is syncmode disabled?
{Mon 01:06:22 Step:164} Server_Comm.py: The agent lost 1 packet! Is syncmode enabled?
{Mon 01:06:22 Step:167} Server_Comm.py: The agent lost 1 packet! Is syncmode enabled?
{Mon 01:06:22 Step:171} Server_Comm.py: The agent lost 3 consecutive packets! Is syncmode disabled?
{Mon 01:06:22 Step:174} Server_Comm.py: The agent lost 2 consecutive packets! Is syncmode disabled?
{Mon 01:06:22 Step:176} Server_Comm.py: The agent lost 1 packet! Is syncmode enabled?
{Mon 01:06:22 Step:179} Server_Comm.py: The agent lost 1 packet! Is syncmode enabled?
{Mon 01:06:22 Step:182} Server_Comm.py: The agent lost 2 consecutive packets! Is syncmode disabled?
{Mon 01:06:22 Step:184} Server_Comm.py: The agent lost 1 packet! Is syncmode enabled?
{Mon 01:06:22 Step:186} Server_Comm.py: The agent lost 1 packet! Is syncmode enabled?
{Mon 01:06:22 Step:188} Server_Comm.py: The agent lost 1 packet! Is syncmode enabled?
{Mon 01:06:22 Step:192} Server_Comm.py: The agent lost 2 consecutive packets! Is syncmode disabled?
{Mon 01:06:22 Step:194} Server_Comm.py: The agent lost 1 packet! Is syncmode enabled?
{Mon 01:06:22 Step:196} Server_Comm.py: The agent lost 1 packet! Is syncmode enabled?
{Mon 01:06:22 Step:198} Server_Comm.py: The agent lost 1 packet! Is syncmode enabled?
{Mon 01:06:22 Step:200} Server_Comm.py: The agent lost 1 packet! Is syncmode enabled?
{Mon 01:06:22 Step:202} Server_Comm.py: The agent lost 1 packet! Is syncmode enabled?
{Mon 01:06:22 Step:206} Server_Comm.py: The agent lost 2 consecutive packets! Is syncmode disabled?
{Mon 01:06:22 Step:210} Server_Comm.py: The agent lost 2 consecutive packets! Is syncmode disabled?
{Mon 01:06:22 Step:212} Server_Comm.py: The agent lost 1 packet! Is syncmode enabled?
{Mon 01:06:22 Step:214} Server_Comm.py: The agent lost 1 packet! Is syncmode enabled?
{Mon 01:06:22 Step:216} Server_Comm.py: The agent lost 1 packet! Is syncmode enabled?
{Mon 01:06:22 Step:218} Server_Comm.py: The agent lost 1 packet! Is syncmode enabled?
{Mon 01:06:22 Step:220} Server_Comm.py: The agent lost 1 packet! Is syncmode enabled?
{Mon 01:06:22 Step:224} Server_Comm.py: The agent lost 2 consecutive packets! Is syncmode disabled?
{Mon 01:06:22 Step:226} Server_Comm.py: The agent lost 1 packet! Is syncmode enabled?
{Mon 01:06:22 Step:228} Server_Comm.py: The agent lost 1 packet! Is syncmode enabled?
{Mon 01:06:22 Step:232} Server_Comm.py: The agent lost 2 consecutive packets! Is syncmode disabled?
{Mon 01:06:22 Step:234} Server_Comm.py: The agent lost 1 packet! Is syncmode enabled?
{Mon 01:06:22 Step:237} Server_Comm.py: The agent lost 1 packet! Is syncmode enabled?
{Mon 01:06:22 Step:239} Server_Comm.py: The agent lost 1 packet! Is syncmode enabled?
{Mon 01:06:22 Step:242} Server_Comm.py: The agent lost 2 consecutive packets! Is syncmode disabled?
{Mon 01:06:22 Step:244} Server_Comm.py: The agent lost 1 packet! Is syncmode enabled?
{Mon 01:06:22 Step:249} Server_Comm.py: The agent lost 3 consecutive packets! Is syncmode disabled?
{Mon 01:06:22 Step:253} Server_Comm.py: The agent lost 3 consecutive packets! Is syncmode disabled?
{Mon 01:06:22 Step:257} Server_Comm.py: The agent lost 3 consecutive packets! Is syncmode disabled?
{Mon 01:06:22 Step:262} Server_Comm.py: The agent lost 4 consecutive packets! Is syncmode disabled?
{Mon 01:06:22 Step:265} Server_Comm.py: The agent lost 2 consecutive packets! Is syncmode disabled?
{Mon 01:06:22 Step:270} Server_Comm.py: The agent lost 4 consecutive packets! Is syncmode disabled?
{Mon 01:06:22 Step:272} Server_Comm.py: The agent lost 1 packet! Is syncmode enabled?
{Mon 01:06:22 Step:277} Server_Comm.py: The agent lost 3 consecutive packets! Is syncmode disabled?
{Mon 01:06:22 Step:281} Server_Comm.py: The agent lost 3 consecutive packets! Is syncmode disabled?
{Mon 01:06:22 Step:285} Server_Comm.py: The agent lost 3 consecutive packets! Is syncmode disabled?
{Mon 01:06:22 Step:290} Server_Comm.py: The agent lost 4 consecutive packets! Is syncmode disabled?
{Mon 01:06:22 Step:294} Server_Comm.py: The agent lost 3 consecutive packets! Is syncmode disabled?
{Mon 01:06:22 Step:296} Server_Comm.py: The agent lost 1 packet! Is syncmode enabled?
{Mon 01:06:22 Step:299} Server_Comm.py: The agent lost 1 packet! Is syncmode enabled?
{Mon 01:06:22 Step:302} Server_Comm.py: The agent lost 2 consecutive packets! Is syncmode disabled?
{Mon 01:06:22 Step:304} Server_Comm.py: The agent lost 1 packet! Is syncmode enabled?
{Mon 01:06:22 Step:306} Server_Comm.py: The agent lost 1 packet! Is syncmode enabled?
{Mon 01:06:22 Step:308} Server_Comm.py: The agent lost 1 packet! Is syncmode enabled?
{Mon 01:06:22 Step:310} Server_Comm.py: The agent lost 1 packet! Is syncmode enabled?
{Mon 01:06:22 Step:312} Server_Comm.py: The agent lost 1 packet! Is syncmode enabled?
{Mon 01:06:22 Step:315} Server_Comm.py: The agent lost 1 packet! Is syncmode enabled?
{Mon 01:06:22 Step:330} Server_Comm.py: The agent lost 1 packet! Is syncmode enabled?
{Mon 01:06:22 Step:335} Server_Comm.py: The agent lost 1 packet! Is syncmode enabled?
{Mon 01:06:22 Step:339} Server_Comm.py: The agent lost 1 packet! Is syncmode enabled?
{Mon 01:06:22 Step:345} Server_Comm.py: The agent lost 1 packet! Is syncmode enabled?
{Mon 01:06:22 Step:349} Server_Comm.py: The agent lost 1 packet! Is syncmode enabled?
{Mon 01:06:22 Step:366} Server_Comm.py: The agent lost 1 packet! Is syncmode enabled?
{Mon 01:06:22 Step:371} Server_Comm.py: The agent lost 1 packet! Is syncmode enabled?
{Mon 01:06:22 Step:384} Server_Comm.py: The agent lost 2 consecutive packets! Is syncmode disabled?
{Mon 01:06:22 Step:386} Server_Comm.py: The agent lost 1 packet! Is syncmode enabled?
{Mon 01:06:22 Step:395} Server_Comm.py: The agent lost 1 packet! Is syncmode enabled?
{Mon 01:06:22 Step:405} Server_Comm.py: The agent lost 1 packet! Is syncmode enabled?
{Mon 01:06:22 Step:408} Server_Comm.py: The agent lost 2 consecutive packets! Is syncmode disabled?
{Mon 01:06:22 Step:410} Server_Comm.py: The agent lost 1 packet! Is syncmode enabled?
{Mon 01:06:22 Step:412} Server_Comm.py: The agent lost 1 packet! Is syncmode enabled?
{Mon 01:06:22 Step:414} Server_Comm.py: The agent lost 1 packet! Is syncmode enabled?
{Mon 01:06:22 Step:414} Server_Comm.py: Received a new packet while thinking!
{Mon 01:06:22 Step:466} Server_Comm.py: The agent lost 51 consecutive packets! Is syncmode disabled?
{Mon 01:06:22 Step:483} Server_Comm.py: The agent lost 16 consecutive packets! Is syncmode disabled?
{Mon 01:06:22 Step:489} Server_Comm.py: The agent lost 5 consecutive packets! Is syncmode disabled?
{Mon 01:06:22 Step:491} Server_Comm.py: The agent lost 1 packet! Is syncmode enabled?
{Mon 01:06:22 Step:493} Server_Comm.py: The agent lost 1 packet! Is syncmode enabled?
{Mon 01:06:22 Step:495} Server_Comm.py: The agent lost 1 packet! Is syncmode enabled?
{Mon 01:06:22 Step:498} Server_Comm.py: The agent lost 2 consecutive packets! Is syncmode disabled?
{Mon 01:06:22 Step:500} Server_Comm.py: The agent lost 1 packet! Is syncmode enabled?
{Mon 01:06:22 Step:504} Server_Comm.py: The agent lost 2 consecutive packets! Is syncmode disabled?
{Mon 01:06:22 Step:504} Server_Comm.py: Received a new packet while thinking!
{Mon 01:06:22 Step:680} Server_Comm.py: The agent lost 175 consecutive packets! Is syncmode disabled?
{Mon 01:06:22 Step:680} Server_Comm.py: Received a new packet while on world.update()!
{Mon 01:06:22 Step:682} Server_Comm.py: The agent lost 1 packet! Is syncmode enabled?
{Mon 01:06:22 Step:682} Server_Comm.py: Received a new packet while thinking!
{Mon 01:06:22 Step:683} Server_Comm.py: Received a new packet while on world.update()!
{Mon 01:06:22 Step:685} Server_Comm.py: The agent lost 1 packet! Is syncmode enabled?
{Mon 01:06:22 Step:685} Server_Comm.py: Received a new packet while on world.update()!
{Mon 01:06:22 Step:688} Server_Comm.py: The agent lost 2 consecutive packets! Is syncmode disabled?
{Mon 01:06:22 Step:688} Server_Comm.py: Received a new packet while on world.update()!
{Mon 01:06:22 Step:689} Server_Comm.py: Received a new packet while on world.update()!
{Mon 01:06:22 Step:692} Server_Comm.py: The agent lost 2 consecutive packets! Is syncmode disabled?
{Mon 01:06:22 Step:692} Server_Comm.py: Received a new packet while on world.update()!
{Mon 01:06:22 Step:694} Server_Comm.py: The agent lost 1 packet! Is syncmode enabled?
{Mon 01:06:22 Step:694} Server_Comm.py: Received a new packet while on world.update()!
{Mon 01:06:22 Step:695} Server_Comm.py: Received a new packet while on world.update()!
{Mon 01:06:22 Step:698} Server_Comm.py: The agent lost 2 consecutive packets! Is syncmode disabled?
{Mon 01:06:22 Step:698} Server_Comm.py: Received a new packet while thinking!
{Mon 01:06:22 Step:699} Server_Comm.py: Received a new packet while on world.update()!
{Mon 01:06:22 Step:701} Server_Comm.py: The agent lost 1 packet! Is syncmode enabled?
{Mon 01:06:22 Step:701} Server_Comm.py: Received a new packet while on world.update()!
{Mon 01:06:22 Step:704} Server_Comm.py: The agent lost 2 consecutive packets! Is syncmode disabled?
{Mon 01:06:22 Step:704} Server_Comm.py: Received a new packet while thinking!
{Mon 01:06:22 Step:705} Server_Comm.py: Received a new packet while on world.update()!
{Mon 01:06:22 Step:708} Server_Comm.py: The agent lost 2 consecutive packets! Is syncmode disabled?
{Mon 01:06:22 Step:708} Server_Comm.py: Received a new packet while on world.update()!
{Mon 01:06:22 Step:710} Server_Comm.py: The agent lost 1 packet! Is syncmode enabled?
{Mon 01:06:22 Step:710} Server_Comm.py: Received a new packet while on world.update()!
{Mon 01:06:22 Step:711} Server_Comm.py: Received a new packet while on world.update()!
{Mon 01:06:22 Step:713} Server_Comm.py: The agent lost 1 packet! Is syncmode enabled?
{Mon 01:06:22 Step:713} Server_Comm.py: Received a new packet while on world.update()!
{Mon 01:06:22 Step:716} Server_Comm.py: The agent lost 2 consecutive packets! Is syncmode disabled?
{Mon 01:06:22 Step:716} Server_Comm.py: Received a new packet while on world.update()!
{Mon 01:06:22 Step:718} Server_Comm.py: The agent lost 1 packet! Is syncmode enabled?
{Mon 01:06:22 Step:718} Server_Comm.py: Received a new packet while thinking!
{Mon 01:06:22 Step:719} Server_Comm.py: Received a new packet while on world.update()!
{Mon 01:06:22 Step:722} Server_Comm.py: The agent lost 2 consecutive packets! Is syncmode disabled?
{Mon 01:06:22 Step:722} Server_Comm.py: Received a new packet while on world.update()!
{Mon 01:06:22 Step:723} Server_Comm.py: Received a new packet while on world.update()!
{Mon 01:06:22 Step:726} Server_Comm.py: The agent lost 2 consecutive packets! Is syncmode disabled?
{Mon 01:06:22 Step:726} Server_Comm.py: Received a new packet while on world.update()!
{Mon 01:06:22 Step:727} Server_Comm.py: Received a new packet while on world.update()!
{Mon 01:06:22 Step:729} Server_Comm.py: The agent lost 1 packet! Is syncmode enabled?
{Mon 01:06:22 Step:729} Server_Comm.py: Received a new packet while on world.update()!
{Mon 01:06:22 Step:732} Server_Comm.py: The agent lost 2 consecutive packets! Is syncmode disabled?
{Mon 01:06:22 Step:732} Server_Comm.py: Received a new packet while on world.update()!
{Mon 01:06:22 Step:733} Server_Comm.py: Received a new packet while on world.update()!
{Mon 01:06:22 Step:737} Server_Comm.py: The agent lost 3 consecutive packets! Is syncmode disabled?
{Mon 01:06:22 Step:737} Server_Comm.py: Received a new packet while on world.update()!
{Mon 01:06:22 Step:740} Server_Comm.py: The agent lost 2 consecutive packets! Is syncmode disabled?
{Mon 01:06:22 Step:740} Server_Comm.py: Received a new packet while on world.update()!
{Mon 01:06:22 Step:741} Server_Comm.py: Received a new packet while on world.update()!
{Mon 01:06:22 Step:744} Server_Comm.py: The agent lost 2 consecutive packets! Is syncmode disabled?
{Mon 01:06:22 Step:744} Server_Comm.py: Received a new packet while thinking!
{Mon 01:06:22 Step:745} Server_Comm.py: Received a new packet while on world.update()!
{Mon 01:06:22 Step:747} Server_Comm.py: The agent lost 1 packet! Is syncmode enabled?
{Mon 01:06:22 Step:747} Server_Comm.py: Received a new packet while on world.update()!
{Mon 01:06:22 Step:750} Server_Comm.py: The agent lost 2 consecutive packets! Is syncmode disabled?
{Mon 01:06:22 Step:750} Server_Comm.py: Received a new packet while on world.update()!
{Mon 01:06:22 Step:752} Server_Comm.py: The agent lost 1 packet! Is syncmode enabled?
{Mon 01:06:22 Step:752} Server_Comm.py: Received a new packet while on world.update()!
{Mon 01:06:22 Step:753} Server_Comm.py: Received a new packet while on world.update()!
{Mon 01:06:22 Step:756} Server_Comm.py: The agent lost 2 consecutive packets! Is syncmode disabled?
{Mon 01:06:22 Step:756} Server_Comm.py: Received a new packet while on world.update()!
{Mon 01:06:22 Step:757} Server_Comm.py: Received a new packet while on world.update()!
{Mon 01:06:22 Step:761} Server_Comm.py: The agent lost 3 consecutive packets! Is syncmode disabled?
{Mon 01:06:22 Step:761} Server_Comm.py: Received a new packet while on world.update()!
{Mon 01:06:22 Step:763} Server_Comm.py: The agent lost 1 packet! Is syncmode enabled?
{Mon 01:06:22 Step:763} Server_Comm.py: Received a new packet while on world.update()!
{Mon 01:06:22 Step:765} Server_Comm.py: The agent lost 1 packet! Is syncmode enabled?
{Mon 01:06:22 Step:765} Server_Comm.py: Received a new packet while on world.update()!
{Mon 01:06:22 Step:767} Server_Comm.py: The agent lost 1 packet! Is syncmode enabled?
{Mon 01:06:22 Step:767} Server_Comm.py: Received a new packet while on world.update()!
{Mon 01:06:22 Step:770} Server_Comm.py: The agent lost 2 consecutive packets! Is syncmode disabled?
{Mon 01:06:22 Step:770} Server_Comm.py: Received a new packet while on world.update()!
{Mon 01:06:22 Step:771} Server_Comm.py: Received a new packet while on world.update()!
{Mon 01:06:22 Step:774} Server_Comm.py: The agent lost 2 consecutive packets! Is syncmode disabled?
{Mon 01:06:22 Step:774} Server_Comm.py: Received a new packet while on world.update()!
{Mon 01:06:22 Step:776} Server_Comm.py: The agent lost 1 packet! Is syncmode enabled?
{Mon 01:06:22 Step:776} Server_Comm.py: Received a new packet while thinking!
{Mon 01:06:22 Step:777} Server_Comm.py: Received a new packet while on world.update()!
{Mon 01:06:22 Step:780} Server_Comm.py: The agent lost 2 consecutive packets! Is syncmode disabled?
{Mon 01:06:22 Step:780} Server_Comm.py: Received a new packet while on world.update()!
{Mon 01:06:22 Step:781} Server_Comm.py: Received a new packet while on world.update()!
{Mon 01:06:22 Step:784} Server_Comm.py: The agent lost 2 consecutive packets! Is syncmode disabled?
{Mon 01:06:22 Step:784} Server_Comm.py: Received a new packet while on world.update()!
{Mon 01:06:22 Step:785} Server_Comm.py: Received a new packet while on world.update()!
{Mon 01:06:22 Step:788} Server_Comm.py: The agent lost 2 consecutive packets! Is syncmode disabled?
{Mon 01:06:22 Step:788} Server_Comm.py: Received a new packet while on world.update()!
{Mon 01:06:22 Step:789} Server_Comm.py: Received a new packet while on world.update()!
{Mon 01:06:22 Step:791} Server_Comm.py: The agent lost 1 packet! Is syncmode enabled?
{Mon 01:06:22 Step:791} Server_Comm.py: Received a new packet while on world.update()!
{Mon 01:06:22 Step:794} Server_Comm.py: The agent lost 2 consecutive packets! Is syncmode disabled?
{Mon 01:06:22 Step:794} Server_Comm.py: Received a new packet while thinking!
{Mon 01:06:22 Step:795} Server_Comm.py: Received a new packet while on world.update()!
{Mon 01:06:22 Step:796} Server_Comm.py: Received a new packet while on world.update()!
{Mon 01:06:22 Step:797} Server_Comm.py: Received a new packet while on world.update()!
{Mon 01:06:22 Step:800} Server_Comm.py: The agent lost 2 consecutive packets! Is syncmode disabled?
{Mon 01:06:22 Step:800} Server_Comm.py: Received a new packet while on world.update()!
{Mon 01:06:22 Step:801} Server_Comm.py: Received a new packet while on world.update()!
{Mon 01:06:22 Step:804} Server_Comm.py: The agent lost 2 consecutive packets! Is syncmode disabled?
{Mon 01:06:22 Step:804} Server_Comm.py: Received a new packet while on world.update()!
{Mon 01:06:22 Step:805} Server_Comm.py: Received a new packet while on world.update()!
{Mon 01:06:22 Step:808} Server_Comm.py: The agent lost 2 consecutive packets! Is syncmode disabled?
{Mon 01:06:22 Step:808} Server_Comm.py: Received a new packet while on world.update()!
{Mon 01:06:22 Step:810} Server_Comm.py: The agent lost 1 packet! Is syncmode enabled?
{Mon 01:06:22 Step:810} Server_Comm.py: Received a new packet while on world.update()!
{Mon 01:06:22 Step:811} Server_Comm.py: Received a new packet while on world.update()!
{Mon 01:06:22 Step:814} Server_Comm.py: The agent lost 2 consecutive packets! Is syncmode disabled?
{Mon 01:06:22 Step:814} Server_Comm.py: Received a new packet while on world.update()!
{Mon 01:06:22 Step:815} Server_Comm.py: Received a new packet while on world.update()!
{Mon 01:06:22 Step:816} Server_Comm.py: Received a new packet while on world.update()!
{Mon 01:06:22 Step:817} Server_Comm.py: Received a new packet while on world.update()!
{Mon 01:06:22 Step:819} Server_Comm.py: The agent lost 1 packet! Is syncmode enabled?
{Mon 01:06:22 Step:819} Server_Comm.py: Received a new packet while on world.update()!
{Mon 01:06:22 Step:822} Server_Comm.py: The agent lost 2 consecutive packets! Is syncmode disabled?
{Mon 01:06:22 Step:822} Server_Comm.py: Received a new packet while on world.update()!
{Mon 01:06:22 Step:823} Server_Comm.py: Received a new packet while on world.update()!
{Mon 01:06:22 Step:826} Server_Comm.py: The agent lost 2 consecutive packets! Is syncmode disabled?
{Mon 01:06:22 Step:826} Server_Comm.py: Received a new packet while on world.update()!
{Mon 01:06:22 Step:827} Server_Comm.py: Received a new packet while on world.update()!
{Mon 01:06:22 Step:830} Server_Comm.py: The agent lost 2 consecutive packets! Is syncmode disabled?
{Mon 01:06:22 Step:830} Server_Comm.py: Received a new packet while thinking!
{Mon 01:06:22 Step:831} Server_Comm.py: Received a new packet while on world.update()!
{Mon 01:06:22 Step:834} Server_Comm.py: The agent lost 2 consecutive packets! Is syncmode disabled?
{Mon 01:06:22 Step:834} Server_Comm.py: Received a new packet while on world.update()!
{Mon 01:06:22 Step:835} Server_Comm.py: Received a new packet while on world.update()!
{Mon 01:06:22 Step:838} Server_Comm.py: The agent lost 2 consecutive packets! Is syncmode disabled?
{Mon 01:06:22 Step:838} Server_Comm.py: Received a new packet while on world.update()!
{Mon 01:06:22 Step:839} Server_Comm.py: Received a new packet while on world.update()!
{Mon 01:06:22 Step:842} Server_Comm.py: The agent lost 2 consecutive packets! Is syncmode disabled?
{Mon 01:06:22 Step:842} Server_Comm.py: Received a new packet while on world.update()!
{Mon 01:06:22 Step:843} Server_Comm.py: Received a new packet while on world.update()!
{Mon 01:06:22 Step:845} Server_Comm.py: The agent lost 1 packet! Is syncmode enabled?
{Mon 01:06:22 Step:845} Server_Comm.py: Received a new packet while on world.update()!
{Mon 01:06:22 Step:847} Server_Comm.py: The agent lost 1 packet! Is syncmode enabled?
{Mon 01:06:22 Step:847} Server_Comm.py: Received a new packet while on world.update()!
{Mon 01:06:22 Step:848} Server_Comm.py: Received a new packet while on world.update()!
{Mon 01:06:22 Step:849} Server_Comm.py: Received a new packet while on world.update()!
{Mon 01:06:22 Step:852} Server_Comm.py: The agent lost 2 consecutive packets! Is syncmode disabled?
{Mon 01:06:22 Step:852} Server_Comm.py: Received a new packet while thinking!
{Mon 01:06:22 Step:853} Server_Comm.py: Received a new packet while on world.update()!
{Mon 01:06:22 Step:855} Server_Comm.py: The agent lost 1 packet! Is syncmode enabled?
{Mon 01:06:22 Step:855} Server_Comm.py: Received a new packet while on world.update()!
{Mon 01:06:22 Step:858} Server_Comm.py: The agent lost 2 consecutive packets! Is syncmode disabled?
{Mon 01:06:22 Step:858} Server_Comm.py: Received a new packet while on world.update()!
{Mon 01:06:22 Step:859} Server_Comm.py: Received a new packet while on world.update()!
{Mon 01:06:22 Step:862} Server_Comm.py: The agent lost 2 consecutive packets! Is syncmode disabled?
{Mon 01:06:22 Step:862} Server_Comm.py: Received a new packet while thinking!
{Mon 01:06:22 Step:863} Server_Comm.py: Received a new packet while on world.update()!
{Mon 01:06:22 Step:866} Server_Comm.py: The agent lost 2 consecutive packets! Is syncmode disabled?
{Mon 01:06:22 Step:866} Server_Comm.py: Received a new packet while on world.update()!
{Mon 01:06:22 Step:867} Server_Comm.py: Received a new packet while on world.update()!
{Mon 01:06:22 Step:870} Server_Comm.py: The agent lost 2 consecutive packets! Is syncmode disabled?
{Mon 01:06:22 Step:870} Server_Comm.py: Received a new packet while on world.update()!
{Mon 01:06:22 Step:871} Server_Comm.py: Received a new packet while on world.update()!
{Mon 01:06:22 Step:875} Server_Comm.py: The agent lost 3 consecutive packets! Is syncmode disabled?
{Mon 01:06:22 Step:875} Server_Comm.py: Received a new packet while on world.update()!
{Mon 01:06:22 Step:878} Server_Comm.py: The agent lost 2 consecutive packets! Is syncmode disabled?
{Mon 01:06:22 Step:878} Server_Comm.py: Received a new packet while on world.update()!
{Mon 01:06:22 Step:880} Server_Comm.py: The agent lost 1 packet! Is syncmode enabled?
{Mon 01:06:22 Step:880} Server_Comm.py: Received a new packet while on world.update()!
{Mon 01:06:22 Step:881} Server_Comm.py: Received a new packet while on world.update()!
{Mon 01:06:22 Step:884} Server_Comm.py: The agent lost 2 consecutive packets! Is syncmode disabled?
{Mon 01:06:22 Step:884} Server_Comm.py: Received a new packet while on world.update()!
{Mon 01:06:22 Step:886} Server_Comm.py: The agent lost 1 packet! Is syncmode enabled?
{Mon 01:06:22 Step:886} Server_Comm.py: Received a new packet while thinking!
{Mon 01:06:22 Step:887} Server_Comm.py: Received a new packet while on world.update()!
{Mon 01:06:22 Step:889} Server_Comm.py: The agent lost 1 packet! Is syncmode enabled?
{Mon 01:06:22 Step:889} Server_Comm.py: Received a new packet while on world.update()!
{Mon 01:06:22 Step:892} Server_Comm.py: The agent lost 2 consecutive packets! Is syncmode disabled?
{Mon 01:06:22 Step:895} Server_Comm.py: The agent lost 1 packet! Is syncmode enabled?
{Mon 01:06:22 Step:898} Server_Comm.py: The agent lost 2 consecutive packets! Is syncmode disabled?
{Mon 01:06:22 Step:900} Server_Comm.py: The agent lost 1 packet! Is syncmode enabled?
{Mon 01:06:22 Step:903} Server_Comm.py: The agent lost 1 packet! Is syncmode enabled?
{Mon 01:06:22 Step:907} Server_Comm.py: The agent lost 3 consecutive packets! Is syncmode disabled?
{Mon 01:06:22 Step:909} Server_Comm.py: The agent lost 1 packet! Is syncmode enabled?
{Mon 01:06:22 Step:911} Server_Comm.py: The agent lost 1 packet! Is syncmode enabled?
{Mon 01:06:22 Step:915} Server_Comm.py: The agent lost 1 packet! Is syncmode enabled?
{Mon 01:06:22 Step:922} Server_Comm.py: The agent lost 2 consecutive packets! Is syncmode disabled?
{Mon 01:06:22 Step:925} Server_Comm.py: The agent lost 1 packet! Is syncmode enabled?
{Mon 01:06:22 Step:927} Server_Comm.py: The agent lost 1 packet! Is syncmode enabled?
{Mon 01:06:22 Step:929} Server_Comm.py: The agent lost 1 packet! Is syncmode enabled?
{Mon 01:06:22 Step:931} Server_Comm.py: The agent lost 1 packet! Is syncmode enabled?
{Mon 01:06:22 Step:934} Server_Comm.py: The agent lost 2 consecutive packets! Is syncmode disabled?
{Mon 01:06:22 Step:938} Server_Comm.py: The agent lost 2 consecutive packets! Is syncmode disabled?
{Mon 01:06:22 Step:942} Server_Comm.py: The agent lost 2 consecutive packets! Is syncmode disabled?
{Mon 01:06:22 Step:944} Server_Comm.py: The agent lost 1 packet! Is syncmode enabled?
{Mon 01:06:22 Step:946} Server_Comm.py: The agent lost 1 packet! Is syncmode enabled?
{Mon 01:06:22 Step:951} Server_Comm.py: The agent lost 3 consecutive packets! Is syncmode disabled?
{Mon 01:06:22 Step:955} Server_Comm.py: The agent lost 3 consecutive packets! Is syncmode disabled?
{Mon 01:06:22 Step:958} Server_Comm.py: The agent lost 2 consecutive packets! Is syncmode disabled?
{Mon 01:06:22 Step:969} Server_Comm.py: The agent lost 1 packet! Is syncmode enabled?
{Mon 01:06:22 Step:977} Server_Comm.py: The agent lost 1 packet! Is syncmode enabled?
{Mon 01:06:22 Step:1003} Server_Comm.py: The agent lost 1 packet! Is syncmode enabled?
{Mon 01:06:22 Step:1006} Server_Comm.py: The agent lost 2 consecutive packets! Is syncmode disabled?
{Mon 01:06:22 Step:1008} Server_Comm.py: The agent lost 1 packet! Is syncmode enabled?
{Mon 01:06:22 Step:1013} Server_Comm.py: The agent lost 4 consecutive packets! Is syncmode disabled?
{Mon 01:06:22 Step:1017} Server_Comm.py: The agent lost 3 consecutive packets! Is syncmode disabled?
{Mon 01:06:22 Step:1020} Server_Comm.py: The agent lost 2 consecutive packets! Is syncmode disabled?
{Mon 01:06:22 Step:1022} Server_Comm.py: The agent lost 1 packet! Is syncmode enabled?
{Mon 01:06:22 Step:1024} Server_Comm.py: The agent lost 1 packet! Is syncmode enabled?
{Mon 01:06:22 Step:1026} Server_Comm.py: The agent lost 1 packet! Is syncmode enabled?
{Mon 01:06:22 Step:1028} Server_Comm.py: The agent lost 1 packet! Is syncmode enabled?
{Mon 01:06:22 Step:1030} Server_Comm.py: The agent lost 1 packet! Is syncmode enabled?
{Mon 01:06:22 Step:1034} Server_Comm.py: The agent lost 2 consecutive packets! Is syncmode disabled?
{Mon 01:06:22 Step:1037} Server_Comm.py: The agent lost 2 consecutive packets! Is syncmode disabled?
{Mon 01:06:22 Step:1041} Server_Comm.py: The agent lost 3 consecutive packets! Is syncmode disabled?
{Mon 01:06:22 Step:1045} Server_Comm.py: The agent lost 3 consecutive packets! Is syncmode disabled?
{Mon 01:06:22 Step:1049} Server_Comm.py: The agent lost 3 consecutive packets! Is syncmode disabled?
{Mon 01:06:22 Step:1053} Server_Comm.py: The agent lost 3 consecutive packets! Is syncmode disabled?
{Mon 01:06:22 Step:1057} Server_Comm.py: The agent lost 3 consecutive packets! Is syncmode disabled?
{Mon 01:06:22 Step:1060} Server_Comm.py: The agent lost 2 consecutive packets! Is syncmode disabled?
{Mon 01:06:22 Step:1064} Server_Comm.py: The agent lost 2 consecutive packets! Is syncmode disabled?
{Mon 01:06:22 Step:1066} Server_Comm.py: The agent lost 1 packet! Is syncmode enabled?
{Mon 01:06:22 Step:1068} Server_Comm.py: The agent lost 1 packet! Is syncmode enabled?
{Mon 01:06:22 Step:1070} Server_Comm.py: The agent lost 1 packet! Is syncmode enabled?
{Mon 01:06:22 Step:1072} Server_Comm.py: The agent lost 1 packet! Is syncmode enabled?
{Mon 01:06:22 Step:1076} Server_Comm.py: The agent lost 2 consecutive packets! Is syncmode disabled?
{Mon 01:06:22 Step:1080} Server_Comm.py: The agent lost 2 consecutive packets! Is syncmode disabled?
{Mon 01:06:22 Step:1082} Server_Comm.py: The agent lost 1 packet! Is syncmode enabled?
{Mon 01:06:22 Step:1084} Server_Comm.py: The agent lost 1 packet! Is syncmode enabled?
{Mon 01:06:22 Step:1086} Server_Comm.py: The agent lost 1 packet! Is syncmode enabled?
{Mon 01:06:22 Step:1088} Server_Comm.py: The agent lost 1 packet! Is syncmode enabled?
{Mon 01:06:22 Step:1095} Server_Comm.py: The agent lost 1 packet! Is syncmode enabled?
{Mon 01:06:22 Step:1097} Server_Comm.py: The agent lost 1 packet! Is syncmode enabled?
{Mon 01:06:22 Step:1112} Server_Comm.py: The agent lost 1 packet! Is syncmode enabled?
{Mon 01:06:23 Step:1121} Server_Comm.py: The agent lost 1 packet! Is syncmode enabled?
{Mon 01:06:23 Step:1131} Server_Comm.py: The agent lost 1 packet! Is syncmode enabled?
{Mon 01:06:23 Step:1135} Server_Comm.py: The agent lost 1 packet! Is syncmode enabled?
{Mon 01:06:23 Step:1145} Server_Comm.py: The agent lost 1 packet! Is syncmode enabled?
{Mon 01:06:23 Step:1156} Server_Comm.py: The agent lost 2 consecutive packets! Is syncmode disabled?
{Mon 01:06:23 Step:1158} Server_Comm.py: The agent lost 1 packet! Is syncmode enabled?
{Mon 01:06:23 Step:1166} Server_Comm.py: The agent lost 6 consecutive packets! Is syncmode disabled?
{Mon 01:06:23 Step:1173} Server_Comm.py: The agent lost 6 consecutive packets! Is syncmode disabled?
{Mon 01:06:23 Step:1181} Server_Comm.py: The agent lost 7 consecutive packets! Is syncmode disabled?
{Mon 01:06:23 Step:1190} Server_Comm.py: The agent lost 8 consecutive packets! Is syncmode disabled?
{Mon 01:06:23 Step:1198} Server_Comm.py: The agent lost 7 consecutive packets! Is syncmode disabled?
{Mon 01:06:23 Step:1205} Server_Comm.py: The agent lost 6 consecutive packets! Is syncmode disabled?
{Mon 01:06:23 Step:1214} Server_Comm.py: The agent lost 8 consecutive packets! Is syncmode disabled?
{Mon 01:06:23 Step:1221} Server_Comm.py: The agent lost 6 consecutive packets! Is syncmode disabled?
{Mon 01:06:23 Step:1230} Server_Comm.py: The agent lost 8 consecutive packets! Is syncmode disabled?
{Mon 01:06:23 Step:1233} Server_Comm.py: The agent lost 2 consecutive packets! Is syncmode disabled?
{Mon 01:06:23 Step:1235} Server_Comm.py: The agent lost 1 packet! Is syncmode enabled?
{Mon 01:06:23 Step:1237} Server_Comm.py: The agent lost 1 packet! Is syncmode enabled?
{Mon 01:06:23 Step:1240} Server_Comm.py: The agent lost 1 packet! Is syncmode enabled?
{Mon 01:06:23 Step:1253} Server_Comm.py: The agent lost 1 packet! Is syncmode enabled?
{Mon 01:06:23 Step:1258} Server_Comm.py: The agent lost 1 packet! Is syncmode enabled?
{Mon 01:06:23 Step:1261} Server_Comm.py: The agent lost 1 packet! Is syncmode enabled?
{Mon 01:06:23 Step:1265} Server_Comm.py: The agent lost 1 packet! Is syncmode enabled?
{Mon 01:06:23 Step:1274} Server_Comm.py: The agent lost 1 packet! Is syncmode enabled?
{Mon 01:06:23 Step:1281} Server_Comm.py: The agent lost 1 packet! Is syncmode enabled?
{Mon 01:06:23 Step:1287} Server_Comm.py: The agent lost 1 packet! Is syncmode enabled?
{Mon 01:06:23 Step:1291} Server_Comm.py: The agent lost 1 packet! Is syncmode enabled?
{Mon 01:06:23 Step:1297} Server_Comm.py: The agent lost 1 packet! Is syncmode enabled?
{Mon 01:06:23 Step:1313} Server_Comm.py: The agent lost 1 packet! Is syncmode enabled?
{Mon 01:06:23 Step:1319} Server_Comm.py: The agent lost 1 packet! Is syncmode enabled?
{Mon 01:06:23 Step:1328} Server_Comm.py: The agent lost 2 consecutive packets! Is syncmode disabled?
{Mon 01:06:23 Step:1330} Server_Comm.py: The agent lost 1 packet! Is syncmode enabled?
{Mon 01:06:23 Step:1336} Server_Comm.py: The agent lost 5 consecutive packets! Is syncmode disabled?
{Mon 01:06:23 Step:1339} Server_Comm.py: The agent lost 2 consecutive packets! Is syncmode disabled?
{Mon 01:06:23 Step:1343} Server_Comm.py: The agent lost 3 consecutive packets! Is syncmode disabled?
{Mon 01:06:23 Step:1349} Server_Comm.py: The agent lost 5 consecutive packets! Is syncmode disabled?
{Mon 01:06:23 Step:1351} Server_Comm.py: The agent lost 1 packet! Is syncmode enabled?
{Mon 01:06:23 Step:1353} Server_Comm.py: The agent lost 1 packet! Is syncmode enabled?
{Mon 01:06:23 Step:1357} Server_Comm.py: The agent lost 3 consecutive packets! Is syncmode disabled?
{Mon 01:06:23 Step:1361} Server_Comm.py: The agent lost 3 consecutive packets! Is syncmode disabled?
{Mon 01:06:23 Step:1365} Server_Comm.py: The agent lost 3 consecutive packets! Is syncmode disabled?
{Mon 01:06:23 Step:1369} Server_Comm.py: The agent lost 3 consecutive packets! Is syncmode disabled?
{Mon 01:06:23 Step:1373} Server_Comm.py: The agent lost 3 consecutive packets! Is syncmode disabled?
{Mon 01:06:23 Step:1377} Server_Comm.py: The agent lost 3 consecutive packets! Is syncmode disabled?
{Mon 01:06:23 Step:1381} Server_Comm.py: The agent lost 3 consecutive packets! Is syncmode disabled?
{Mon 01:06:23 Step:1385} Server_Comm.py: The agent lost 3 consecutive packets! Is syncmode disabled?
{Mon 01:06:23 Step:1388} Server_Comm.py: The agent lost 2 consecutive packets! Is syncmode disabled?
{Mon 01:06:23 Step:1390} Server_Comm.py: The agent lost 1 packet! Is syncmode enabled?
{Mon 01:06:23 Step:1392} Server_Comm.py: The agent lost 1 packet! Is syncmode enabled?
{Mon 01:06:23 Step:1397} Server_Comm.py: The agent lost 3 consecutive packets! Is syncmode disabled?
{Mon 01:06:23 Step:1401} Server_Comm.py: The agent lost 3 consecutive packets! Is syncmode disabled?
{Mon 01:06:23 Step:1406} Server_Comm.py: The agent lost 4 consecutive packets! Is syncmode disabled?
{Mon 01:06:23 Step:1408} Server_Comm.py: The agent lost 1 packet! Is syncmode enabled?
{Mon 01:06:23 Step:1412} Server_Comm.py: The agent lost 2 consecutive packets! Is syncmode disabled?
{Mon 01:06:23 Step:1414} Server_Comm.py: The agent lost 1 packet! Is syncmode enabled?
{Mon 01:06:23 Step:1419} Server_Comm.py: The agent lost 1 packet! Is syncmode enabled?
{Mon 01:06:23 Step:1421} Server_Comm.py: The agent lost 1 packet! Is syncmode enabled?
{Mon 01:06:23 Step:1424} Server_Comm.py: The agent lost 2 consecutive packets! Is syncmode disabled?
{Mon 01:06:23 Step:1426} Server_Comm.py: The agent lost 1 packet! Is syncmode enabled?
{Mon 01:06:23 Step:1430} Server_Comm.py: The agent lost 2 consecutive packets! Is syncmode disabled?
{Mon 01:06:23 Step:1435} Server_Comm.py: The agent lost 3 consecutive packets! Is syncmode disabled?
{Mon 01:06:23 Step:1440} Server_Comm.py: The agent lost 4 consecutive packets! Is syncmode disabled?
{Mon 01:06:23 Step:1442} Server_Comm.py: The agent lost 1 packet! Is syncmode enabled?
{Mon 01:06:23 Step:1463} Server_Comm.py: The agent lost 1 packet! Is syncmode enabled?
{Mon 01:06:23 Step:1467} Server_Comm.py: The agent lost 1 packet! Is syncmode enabled?
{Mon 01:06:23 Step:1486} Server_Comm.py: The agent lost 1 packet! Is syncmode enabled?
{Mon 01:06:23 Step:1491} Server_Comm.py: The agent lost 1 packet! Is syncmode enabled?
{Mon 01:06:23 Step:1494} Server_Comm.py: The agent lost 1 packet! Is syncmode enabled?
{Mon 01:06:23 Step:1500} Server_Comm.py: The agent lost 2 consecutive packets! Is syncmode disabled?
{Mon 01:06:23 Step:1502} Server_Comm.py: The agent lost 1 packet! Is syncmode enabled?
{Mon 01:06:23 Step:1512} Server_Comm.py: The agent lost 8 consecutive packets! Is syncmode disabled?
{Mon 01:06:23 Step:1517} Server_Comm.py: The agent lost 4 consecutive packets! Is syncmode disabled?
{Mon 01:06:23 Step:1522} Server_Comm.py: The agent lost 4 consecutive packets! Is syncmode disabled?
{Mon 01:06:23 Step:1526} Server_Comm.py: The agent lost 2 consecutive packets! Is syncmode disabled?
{Mon 01:06:23 Step:1528} Server_Comm.py: The agent lost 1 packet! Is syncmode enabled?
{Mon 01:06:23 Step:1532} Server_Comm.py: The agent lost 2 consecutive packets! Is syncmode disabled?
{Mon 01:06:23 Step:1535} Server_Comm.py: The agent lost 2 consecutive packets! Is syncmode disabled?
{Mon 01:06:23 Step:1538} Server_Comm.py: The agent lost 2 consecutive packets! Is syncmode disabled?
{Mon 01:06:23 Step:1540} Server_Comm.py: The agent lost 1 packet! Is syncmode enabled?
{Mon 01:06:23 Step:1545} Server_Comm.py: The agent lost 3 consecutive packets! Is syncmode disabled?
{Mon 01:06:23 Step:1549} Server_Comm.py: The agent lost 3 consecutive packets! Is syncmode disabled?
{Mon 01:06:23 Step:1552} Server_Comm.py: The agent lost 2 consecutive packets! Is syncmode disabled?
{Mon 01:06:23 Step:1554} Server_Comm.py: The agent lost 1 packet! Is syncmode enabled?
{Mon 01:06:23 Step:1558} Server_Comm.py: The agent lost 2 consecutive packets! Is syncmode disabled?
{Mon 01:06:23 Step:1560} Server_Comm.py: The agent lost 1 packet! Is syncmode enabled?
{Mon 01:06:23 Step:1564} Server_Comm.py: The agent lost 2 consecutive packets! Is syncmode disabled?
{Mon 01:06:23 Step:1569} Server_Comm.py: The agent lost 1 packet! Is syncmode enabled?
{Mon 01:06:23 Step:1571} Server_Comm.py: The agent lost 1 packet! Is syncmode enabled?
{Mon 01:06:23 Step:1573} Server_Comm.py: The agent lost 1 packet! Is syncmode enabled?
{Mon 01:06:23 Step:1575} Server_Comm.py: The agent lost 1 packet! Is syncmode enabled?
{Mon 01:06:23 Step:1579} Server_Comm.py: The agent lost 3 consecutive packets! Is syncmode disabled?
{Mon 01:06:23 Step:1583} Server_Comm.py: The agent lost 3 consecutive packets! Is syncmode disabled?
{Mon 01:06:23 Step:1586} Server_Comm.py: The agent lost 2 consecutive packets! Is syncmode disabled?
{Mon 01:06:23 Step:1588} Server_Comm.py: The agent lost 1 packet! Is syncmode enabled?
{Mon 01:06:23 Step:1590} Server_Comm.py: The agent lost 1 packet! Is syncmode enabled?
{Mon 01:06:23 Step:1593} Server_Comm.py: The agent lost 1 packet! Is syncmode enabled?
{Mon 01:06:23 Step:1596} Server_Comm.py: The agent lost 2 consecutive packets! Is syncmode disabled?
{Mon 01:06:23 Step:1598} Server_Comm.py: The agent lost 1 packet! Is syncmode enabled?
{Mon 01:06:23 Step:1601} Server_Comm.py: The agent lost 1 packet! Is syncmode enabled?
{Mon 01:06:23 Step:1604} Server_Comm.py: The agent lost 2 consecutive packets! Is syncmode disabled?
{Mon 01:06:23 Step:1606} Server_Comm.py: The agent lost 1 packet! Is syncmode enabled?
{Mon 01:06:23 Step:1609} Server_Comm.py: The agent lost 1 packet! Is syncmode enabled?
{Mon 01:06:23 Step:1611} Server_Comm.py: The agent lost 1 packet! Is syncmode enabled?
{Mon 01:06:23 Step:1615} Server_Comm.py: The agent lost 3 consecutive packets! Is syncmode disabled?
{Mon 01:06:23 Step:1619} Server_Comm.py: The agent lost 3 consecutive packets! Is syncmode disabled?
{Mon 01:06:23 Step:1622} Server_Comm.py: The agent lost 2 consecutive packets! Is syncmode disabled?
{Mon 01:06:23 Step:1624} Server_Comm.py: The agent lost 1 packet! Is syncmode enabled?
{Mon 01:06:23 Step:1628} Server_Comm.py: The agent lost 2 consecutive packets! Is syncmode disabled?
{Mon 01:06:23 Step:1630} Server_Comm.py: The agent lost 1 packet! Is syncmode enabled?
{Mon 01:06:23 Step:1633} Server_Comm.py: The agent lost 1 packet! Is syncmode enabled?
{Mon 01:06:23 Step:1635} Server_Comm.py: The agent lost 1 packet! Is syncmode enabled?
{Mon 01:06:23 Step:1639} Server_Comm.py: The agent lost 3 consecutive packets! Is syncmode disabled?
{Mon 01:06:23 Step:1643} Server_Comm.py: The agent lost 3 consecutive packets! Is syncmode disabled?
{Mon 01:06:23 Step:1647} Server_Comm.py: The agent lost 3 consecutive packets! Is syncmode disabled?
{Mon 01:06:23 Step:1651} Server_Comm.py: The agent lost 3 consecutive packets! Is syncmode disabled?
{Mon 01:06:23 Step:1655} Server_Comm.py: The agent lost 3 consecutive packets! Is syncmode disabled?
{Mon 01:06:23 Step:1659} Server_Comm.py: The agent lost 3 consecutive packets! Is syncmode disabled?
{Mon 01:06:23 Step:1662} Server_Comm.py: The agent lost 2 consecutive packets! Is syncmode disabled?
{Mon 01:06:23 Step:1664} Server_Comm.py: The agent lost 1 packet! Is syncmode enabled?
{Mon 01:06:23 Step:1666} Server_Comm.py: The agent lost 1 packet! Is syncmode enabled?
{Mon 01:06:23 Step:1668} Server_Comm.py: The agent lost 1 packet! Is syncmode enabled?
{Mon 01:06:23 Step:1672} Server_Comm.py: The agent lost 2 consecutive packets! Is syncmode disabled?
{Mon 01:06:23 Step:1674} Server_Comm.py: The agent lost 1 packet! Is syncmode enabled?
{Mon 01:06:23 Step:1678} Server_Comm.py: The agent lost 2 consecutive packets! Is syncmode disabled?
{Mon 01:06:23 Step:1680} Server_Comm.py: The agent lost 1 packet! Is syncmode enabled?
{Mon 01:06:23 Step:1682} Server_Comm.py: The agent lost 1 packet! Is syncmode enabled?
{Mon 01:06:23 Step:1684} Server_Comm.py: The agent lost 1 packet! Is syncmode enabled?
{Mon 01:06:23 Step:1688} Server_Comm.py: The agent lost 2 consecutive packets! Is syncmode disabled?
{Mon 01:06:23 Step:1690} Server_Comm.py: The agent lost 1 packet! Is syncmode enabled?
{Mon 01:06:23 Step:1692} Server_Comm.py: The agent lost 1 packet! Is syncmode enabled?
{Mon 01:06:23 Step:1696} Server_Comm.py: The agent lost 2 consecutive packets! Is syncmode disabled?
{Mon 01:06:23 Step:1698} Server_Comm.py: The agent lost 1 packet! Is syncmode enabled?
{Mon 01:06:23 Step:1702} Server_Comm.py: The agent lost 2 consecutive packets! Is syncmode disabled?
{Mon 01:06:23 Step:1704} Server_Comm.py: The agent lost 1 packet! Is syncmode enabled?
{Mon 01:06:23 Step:1708} Server_Comm.py: The agent lost 2 consecutive packets! Is syncmode disabled?
{Mon 01:06:23 Step:1713} Server_Comm.py: The agent lost 3 consecutive packets! Is syncmode disabled?
{Mon 01:06:23 Step:1716} Server_Comm.py: The agent lost 2 consecutive packets! Is syncmode disabled?
{Mon 01:06:23 Step:1718} Server_Comm.py: The agent lost 1 packet! Is syncmode enabled?
{Mon 01:06:23 Step:1720} Server_Comm.py: The agent lost 1 packet! Is syncmode enabled?
{Mon 01:06:23 Step:1729} Server_Comm.py: The agent lost 7 consecutive packets! Is syncmode disabled?
{Mon 01:06:23 Step:1735} Server_Comm.py: The agent lost 5 consecutive packets! Is syncmode disabled?
{Mon 01:06:23 Step:1738} Server_Comm.py: The agent lost 2 consecutive packets! Is syncmode disabled?
{Mon 01:06:23 Step:1740} Server_Comm.py: The agent lost 1 packet! Is syncmode enabled?
{Mon 01:06:23 Step:1742} Server_Comm.py: The agent lost 1 packet! Is syncmode enabled?
{Mon 01:06:23 Step:1747} Server_Comm.py: The agent lost 3 consecutive packets! Is syncmode disabled?
{Mon 01:06:23 Step:1751} Server_Comm.py: The agent lost 3 consecutive packets! Is syncmode disabled?
{Mon 01:06:23 Step:1755} Server_Comm.py: The agent lost 3 consecutive packets! Is syncmode disabled?
{Mon 01:06:23 Step:1759} Server_Comm.py: The agent lost 3 consecutive packets! Is syncmode disabled?
{Mon 01:06:23 Step:1763} Server_Comm.py: The agent lost 3 consecutive packets! Is syncmode disabled?
{Mon 01:06:23 Step:1767} Server_Comm.py: The agent lost 3 consecutive packets! Is syncmode disabled?
{Mon 01:06:23 Step:1771} Server_Comm.py: The agent lost 3 consecutive packets! Is syncmode disabled?
{Mon 01:06:23 Step:1773} Server_Comm.py: The agent lost 1 packet! Is syncmode enabled?
{Mon 01:06:23 Step:1776} Server_Comm.py: The agent lost 2 consecutive packets! Is syncmode disabled?
{Mon 01:06:23 Step:1778} Server_Comm.py: The agent lost 1 packet! Is syncmode enabled?
{Mon 01:06:23 Step:1780} Server_Comm.py: The agent lost 1 packet! Is syncmode enabled?
{Mon 01:06:23 Step:1782} Server_Comm.py: The agent lost 1 packet! Is syncmode enabled?
{Mon 01:06:23 Step:1787} Server_Comm.py: The agent lost 3 consecutive packets! Is syncmode disabled?
{Mon 01:06:23 Step:1789} Server_Comm.py: The agent lost 1 packet! Is syncmode enabled?
{Mon 01:06:23 Step:1792} Server_Comm.py: The agent lost 2 consecutive packets! Is syncmode disabled?
{Mon 01:06:23 Step:1794} Server_Comm.py: The agent lost 1 packet! Is syncmode enabled?
{Mon 01:06:23 Step:1796} Server_Comm.py: The agent lost 1 packet! Is syncmode enabled?
{Mon 01:06:23 Step:1799} Server_Comm.py: The agent lost 1 packet! Is syncmode enabled?
{Mon 01:06:23 Step:1802} Server_Comm.py: The agent lost 2 consecutive packets! Is syncmode disabled?
{Mon 01:06:23 Step:1804} Server_Comm.py: The agent lost 1 packet! Is syncmode enabled?
{Mon 01:06:23 Step:1808} Server_Comm.py: The agent lost 2 consecutive packets! Is syncmode disabled?
{Mon 01:06:23 Step:1810} Server_Comm.py: The agent lost 1 packet! Is syncmode enabled?
{Mon 01:06:23 Step:1812} Server_Comm.py: The agent lost 1 packet! Is syncmode enabled?
{Mon 01:06:23 Step:1816} Server_Comm.py: The agent lost 2 consecutive packets! Is syncmode disabled?
{Mon 01:06:23 Step:1819} Server_Comm.py: The agent lost 1 packet! Is syncmode enabled?
{Mon 01:06:23 Step:1823} Server_Comm.py: The agent lost 3 consecutive packets! Is syncmode disabled?
{Mon 01:06:23 Step:1827} Server_Comm.py: The agent lost 3 consecutive packets! Is syncmode disabled?
{Mon 01:06:23 Step:1831} Server_Comm.py: The agent lost 3 consecutive packets! Is syncmode disabled?
{Mon 01:06:23 Step:1835} Server_Comm.py: The agent lost 3 consecutive packets! Is syncmode disabled?
{Mon 01:06:23 Step:1838} Server_Comm.py: The agent lost 2 consecutive packets! Is syncmode disabled?
{Mon 01:06:23 Step:1840} Server_Comm.py: The agent lost 1 packet! Is syncmode enabled?
{Mon 01:06:23 Step:1842} Server_Comm.py: The agent lost 1 packet! Is syncmode enabled?
{Mon 01:06:23 Step:1847} Server_Comm.py: The agent lost 3 consecutive packets! Is syncmode disabled?
{Mon 01:06:23 Step:1851} Server_Comm.py: The agent lost 3 consecutive packets! Is syncmode disabled?
{Mon 01:06:23 Step:1855} Server_Comm.py: The agent lost 3 consecutive packets! Is syncmode disabled?
{Mon 01:06:23 Step:1858} Server_Comm.py: The agent lost 2 consecutive packets! Is syncmode disabled?
{Mon 01:06:23 Step:1860} Server_Comm.py: The agent lost 1 packet! Is syncmode enabled?
{Mon 01:06:23 Step:1862} Server_Comm.py: The agent lost 1 packet! Is syncmode enabled?
{Mon 01:06:23 Step:1866} Server_Comm.py: The agent lost 2 consecutive packets! Is syncmode disabled?
{Mon 01:06:23 Step:1868} Server_Comm.py: The agent lost 1 packet! Is syncmode enabled?
{Mon 01:06:23 Step:1870} Server_Comm.py: The agent lost 1 packet! Is syncmode enabled?
{Mon 01:06:23 Step:1872} Server_Comm.py: The agent lost 1 packet! Is syncmode enabled?
{Mon 01:06:23 Step:1874} Server_Comm.py: The agent lost 1 packet! Is syncmode enabled?
{Mon 01:06:23 Step:1877} Server_Comm.py: The agent lost 1 packet! Is syncmode enabled?
{Mon 01:06:23 Step:1880} Server_Comm.py: The agent lost 2 consecutive packets! Is syncmode disabled?
{Mon 01:06:23 Step:1882} Server_Comm.py: The agent lost 1 packet! Is syncmode enabled?
{Mon 01:06:23 Step:1886} Server_Comm.py: The agent lost 2 consecutive packets! Is syncmode disabled?
{Mon 01:06:23 Step:1888} Server_Comm.py: The agent lost 1 packet! Is syncmode enabled?
{Mon 01:06:23 Step:1890} Server_Comm.py: The agent lost 1 packet! Is syncmode enabled?
{Mon 01:06:23 Step:1893} Server_Comm.py: The agent lost 1 packet! Is syncmode enabled?
{Mon 01:06:23 Step:1896} Server_Comm.py: The agent lost 2 consecutive packets! Is syncmode disabled?
{Mon 01:06:23 Step:1898} Server_Comm.py: The agent lost 1 packet! Is syncmode enabled?
{Mon 01:06:23 Step:1900} Server_Comm.py: The agent lost 1 packet! Is syncmode enabled?
{Mon 01:06:23 Step:1904} Server_Comm.py: The agent lost 2 consecutive packets! Is syncmode disabled?
{Mon 01:06:23 Step:1907} Server_Comm.py: The agent lost 1 packet! Is syncmode enabled?
{Mon 01:06:23 Step:1909} Server_Comm.py: The agent lost 1 packet! Is syncmode enabled?
{Mon 01:06:23 Step:1912} Server_Comm.py: The agent lost 2 consecutive packets! Is syncmode disabled?
{Mon 01:06:23 Step:1914} Server_Comm.py: The agent lost 1 packet! Is syncmode enabled?
{Mon 01:06:23 Step:1916} Server_Comm.py: The agent lost 1 packet! Is syncmode enabled?
{Mon 01:06:23 Step:1920} Server_Comm.py: The agent lost 2 consecutive packets! Is syncmode disabled?
{Mon 01:06:23 Step:1922} Server_Comm.py: The agent lost 1 packet! Is syncmode enabled?
{Mon 01:06:23 Step:1924} Server_Comm.py: The agent lost 1 packet! Is syncmode enabled?
{Mon 01:06:23 Step:1928} Server_Comm.py: The agent lost 2 consecutive packets! Is syncmode disabled?
{Mon 01:06:23 Step:1930} Server_Comm.py: The agent lost 1 packet! Is syncmode enabled?
{Mon 01:06:23 Step:1932} Server_Comm.py: The agent lost 1 packet! Is syncmode enabled?
{Mon 01:06:23 Step:1934} Server_Comm.py: The agent lost 1 packet! Is syncmode enabled?
{Mon 01:06:23 Step:1936} Server_Comm.py: The agent lost 1 packet! Is syncmode enabled?
{Mon 01:06:23 Step:1940} Server_Comm.py: The agent lost 2 consecutive packets! Is syncmode disabled?
{Mon 01:06:23 Step:1942} Server_Comm.py: The agent lost 1 packet! Is syncmode enabled?
{Mon 01:06:23 Step:1944} Server_Comm.py: The agent lost 1 packet! Is syncmode enabled?
{Mon 01:06:23 Step:1949} Server_Comm.py: The agent lost 4 consecutive packets! Is syncmode disabled?
{Mon 01:06:23 Step:1953} Server_Comm.py: The agent lost 3 consecutive packets! Is syncmode disabled?
{Mon 01:06:23 Step:1958} Server_Comm.py: The agent lost 4 consecutive packets! Is syncmode disabled?
{Mon 01:06:23 Step:1961} Server_Comm.py: The agent lost 2 consecutive packets! Is syncmode disabled?
{Mon 01:06:23 Step:1965} Server_Comm.py: The agent lost 3 consecutive packets! Is syncmode disabled?
{Mon 01:06:23 Step:1968} Server_Comm.py: The agent lost 2 consecutive packets! Is syncmode disabled?
{Mon 01:06:23 Step:1970} Server_Comm.py: The agent lost 1 packet! Is syncmode enabled?
{Mon 01:06:23 Step:1972} Server_Comm.py: The agent lost 1 packet! Is syncmode enabled?
{Mon 01:06:23 Step:1975} Server_Comm.py: The agent lost 1 packet! Is syncmode enabled?
{Mon 01:06:23 Step:1978} Server_Comm.py: The agent lost 2 consecutive packets! Is syncmode disabled?
{Mon 01:06:23 Step:1980} Server_Comm.py: The agent lost 1 packet! Is syncmode enabled?
{Mon 01:06:23 Step:1984} Server_Comm.py: The agent lost 2 consecutive packets! Is syncmode disabled?
{Mon 01:06:23 Step:1986} Server_Comm.py: The agent lost 1 packet! Is syncmode enabled?
{Mon 01:06:23 Step:1990} Server_Comm.py: The agent lost 2 consecutive packets! Is syncmode disabled?
{Mon 01:06:23 Step:1994} Server_Comm.py: The agent lost 2 consecutive packets! Is syncmode disabled?
{Mon 01:06:23 Step:1996} Server_Comm.py: The agent lost 1 packet! Is syncmode enabled?
{Mon 01:06:23 Step:1998} Server_Comm.py: The agent lost 1 packet! Is syncmode enabled?
{Mon 01:06:23 Step:2000} Server_Comm.py: The agent lost 1 packet! Is syncmode enabled?
{Mon 01:06:23 Step:2002} Server_Comm.py: The agent lost 1 packet! Is syncmode enabled?
{Mon 01:06:23 Step:2007} Server_Comm.py: The agent lost 3 consecutive packets! Is syncmode disabled?
{Mon 01:06:23 Step:2009} Server_Comm.py: The agent lost 1 packet! Is syncmode enabled?
{Mon 01:06:23 Step:2019} Server_Comm.py: The agent lost 1 packet! Is syncmode enabled?
{Mon 01:06:23 Step:2028} Server_Comm.py: The agent lost 1 packet! Is syncmode enabled?
{Mon 01:06:23 Step:2031} Server_Comm.py: The agent lost 1 packet! Is syncmode enabled?
{Mon 01:06:23 Step:2041} Server_Comm.py: The agent lost 1 packet! Is syncmode enabled?
{Mon 01:06:23 Step:2044} Server_Comm.py: The agent lost 1 packet! Is syncmode enabled?
{Mon 01:06:23 Step:2055} Server_Comm.py: The agent lost 1 packet! Is syncmode enabled?
{Mon 01:06:23 Step:2059} Server_Comm.py: The agent lost 1 packet! Is syncmode enabled?
{Mon 01:06:23 Step:2064} Server_Comm.py: The agent lost 1 packet! Is syncmode enabled?
{Mon 01:06:23 Step:2067} Server_Comm.py: The agent lost 1 packet! Is syncmode enabled?
{Mon 01:06:23 Step:2076} Server_Comm.py: The agent lost 2 consecutive packets! Is syncmode disabled?
{Mon 01:06:23 Step:2081} Server_Comm.py: The agent lost 1 packet! Is syncmode enabled?
{Mon 01:06:23 Step:2087} Server_Comm.py: The agent lost 1 packet! Is syncmode enabled?
{Mon 01:06:23 Step:2090} Server_Comm.py: The agent lost 2 consecutive packets! Is syncmode disabled?
{Mon 01:06:23 Step:2096} Server_Comm.py: The agent lost 5 consecutive packets! Is syncmode disabled?
{Mon 01:06:23 Step:2100} Server_Comm.py: The agent lost 3 consecutive packets! Is syncmode disabled?
{Mon 01:06:23 Step:2102} Server_Comm.py: The agent lost 1 packet! Is syncmode enabled?
{Mon 01:06:23 Step:2104} Server_Comm.py: The agent lost 1 packet! Is syncmode enabled?
{Mon 01:06:23 Step:2106} Server_Comm.py: The agent lost 1 packet! Is syncmode enabled?
{Mon 01:06:23 Step:2108} Server_Comm.py: The agent lost 1 packet! Is syncmode enabled?
{Mon 01:06:23 Step:2111} Server_Comm.py: The agent lost 2 consecutive packets! Is syncmode disabled?
{Mon 01:06:23 Step:2114} Server_Comm.py: The agent lost 2 consecutive packets! Is syncmode disabled?
{Mon 01:06:23 Step:2116} Server_Comm.py: The agent lost 1 packet! Is syncmode enabled?
{Mon 01:06:23 Step:2119} Server_Comm.py: The agent lost 1 packet! Is syncmode enabled?
{Mon 01:06:23 Step:2122} Server_Comm.py: The agent lost 2 consecutive packets! Is syncmode disabled?
{Mon 01:06:23 Step:2124} Server_Comm.py: The agent lost 1 packet! Is syncmode enabled?
{Mon 01:06:23 Step:2126} Server_Comm.py: The agent lost 1 packet! Is syncmode enabled?
{Mon 01:06:23 Step:2128} Server_Comm.py: The agent lost 1 packet! Is syncmode enabled?
{Mon 01:06:23 Step:2132} Server_Comm.py: The agent lost 2 consecutive packets! Is syncmode disabled?
{Mon 01:06:23 Step:2134} Server_Comm.py: The agent lost 1 packet! Is syncmode enabled?
{Mon 01:06:23 Step:2139} Server_Comm.py: The agent lost 3 consecutive packets! Is syncmode disabled?
{Mon 01:06:23 Step:2142} Server_Comm.py: The agent lost 2 consecutive packets! Is syncmode disabled?
{Mon 01:06:23 Step:2144} Server_Comm.py: The agent lost 1 packet! Is syncmode enabled?
{Mon 01:06:23 Step:2148} Server_Comm.py: The agent lost 2 consecutive packets! Is syncmode disabled?
{Mon 01:06:23 Step:2151} Server_Comm.py: The agent lost 1 packet! Is syncmode enabled?
{Mon 01:06:23 Step:2153} Server_Comm.py: The agent lost 1 packet! Is syncmode enabled?
{Mon 01:06:23 Step:2157} Server_Comm.py: The agent lost 3 consecutive packets! Is syncmode disabled?
{Mon 01:06:23 Step:2161} Server_Comm.py: The agent lost 3 consecutive packets! Is syncmode disabled?
{Mon 01:06:23 Step:2165} Server_Comm.py: The agent lost 3 consecutive packets! Is syncmode disabled?
{Mon 01:06:23 Step:2169} Server_Comm.py: The agent lost 3 consecutive packets! Is syncmode disabled?
{Mon 01:06:23 Step:2172} Server_Comm.py: The agent lost 2 consecutive packets! Is syncmode disabled?
{Mon 01:06:23 Step:2174} Server_Comm.py: The agent lost 1 packet! Is syncmode enabled?
{Mon 01:06:23 Step:2177} Server_Comm.py: The agent lost 1 packet! Is syncmode enabled?
{Mon 01:06:23 Step:2182} Server_Comm.py: The agent lost 1 packet! Is syncmode enabled?
{Mon 01:06:23 Step:2188} Server_Comm.py: The agent lost 1 packet! Is syncmode enabled?
{Mon 01:06:23 Step:2193} Server_Comm.py: The agent lost 1 packet! Is syncmode enabled?
{Mon 01:06:23 Step:2202} Server_Comm.py: The agent lost 1 packet! Is syncmode enabled?
{Mon 01:06:23 Step:2205} Server_Comm.py: The agent lost 1 packet! Is syncmode enabled?
{Mon 01:06:23 Step:2209} Server_Comm.py: The agent lost 1 packet! Is syncmode enabled?
{Mon 01:06:23 Step:2223} Server_Comm.py: The agent lost 1 packet! Is syncmode enabled?
{Mon 01:06:23 Step:2232} Server_Comm.py: The agent lost 1 packet! Is syncmode enabled?
{Mon 01:06:23 Step:2235} Server_Comm.py: The agent lost 1 packet! Is syncmode enabled?
{Mon 01:06:23 Step:2239} Server_Comm.py: The agent lost 1 packet! Is syncmode enabled?
{Mon 01:06:23 Step:2242} Server_Comm.py: The agent lost 2 consecutive packets! Is syncmode disabled?
{Mon 01:06:23 Step:2244} Server_Comm.py: The agent lost 1 packet! Is syncmode enabled?
{Mon 01:06:23 Step:2246} Server_Comm.py: The agent lost 1 packet! Is syncmode enabled?
{Mon 01:06:23 Step:2254} Server_Comm.py: The agent lost 6 consecutive packets! Is syncmode disabled?
{Mon 01:06:23 Step:2257} Server_Comm.py: The agent lost 2 consecutive packets! Is syncmode disabled?
{Mon 01:06:23 Step:2261} Server_Comm.py: The agent lost 3 consecutive packets! Is syncmode disabled?
{Mon 01:06:23 Step:2266} Server_Comm.py: The agent lost 4 consecutive packets! Is syncmode disabled?
{Mon 01:06:23 Step:2268} Server_Comm.py: The agent lost 1 packet! Is syncmode enabled?
{Mon 01:06:23 Step:2270} Server_Comm.py: The agent lost 1 packet! Is syncmode enabled?
{Mon 01:06:23 Step:2272} Server_Comm.py: The agent lost 1 packet! Is syncmode enabled?
{Mon 01:06:23 Step:2276} Server_Comm.py: The agent lost 2 consecutive packets! Is syncmode disabled?
{Mon 01:06:23 Step:2278} Server_Comm.py: The agent lost 1 packet! Is syncmode enabled?
{Mon 01:06:23 Step:2280} Server_Comm.py: The agent lost 1 packet! Is syncmode enabled?
{Mon 01:06:23 Step:2282} Server_Comm.py: The agent lost 1 packet! Is syncmode enabled?
{Mon 01:06:23 Step:2286} Server_Comm.py: The agent lost 2 consecutive packets! Is syncmode disabled?
{Mon 01:06:23 Step:2318} Server_Comm.py: The agent lost 31 consecutive packets! Is syncmode disabled?
{Mon 01:06:23 Step:2328} Server_Comm.py: The agent lost 9 consecutive packets! Is syncmode disabled?
{Mon 01:06:23 Step:2332} Server_Comm.py: The agent lost 3 consecutive packets! Is syncmode disabled?
{Mon 01:06:23 Step:2335} Server_Comm.py: The agent lost 2 consecutive packets! Is syncmode disabled?
{Mon 01:06:23 Step:2339} Server_Comm.py: The agent lost 3 consecutive packets! Is syncmode disabled?
{Mon 01:06:23 Step:2342} Server_Comm.py: The agent lost 2 consecutive packets! Is syncmode disabled?
{Mon 01:06:23 Step:2344} Server_Comm.py: The agent lost 1 packet! Is syncmode enabled?
{Mon 01:06:23 Step:2346} Server_Comm.py: The agent lost 1 packet! Is syncmode enabled?
{Mon 01:06:23 Step:2350} Server_Comm.py: The agent lost 2 consecutive packets! Is syncmode disabled?
{Mon 01:06:23 Step:2350} Server_Comm.py: Received a new packet while thinking!
{Mon 01:06:23 Step:2478} Server_Comm.py: The agent lost 127 consecutive packets! Is syncmode disabled?
{Mon 01:06:23 Step:2483} Server_Comm.py: The agent lost 4 consecutive packets! Is syncmode disabled?
{Mon 01:06:23 Step:2488} Server_Comm.py: The agent lost 4 consecutive packets! Is syncmode disabled?
{Mon 01:06:23 Step:2490} Server_Comm.py: The agent lost 1 packet! Is syncmode enabled?
{Mon 01:06:23 Step:2492} Server_Comm.py: The agent lost 1 packet! Is syncmode enabled?
{Mon 01:06:23 Step:2495} Server_Comm.py: The agent lost 1 packet! Is syncmode enabled?
{Mon 01:06:23 Step:2497} Server_Comm.py: The agent lost 1 packet! Is syncmode enabled?
{Mon 01:06:23 Step:2499} Server_Comm.py: The agent lost 1 packet! Is syncmode enabled?
{Mon 01:06:23 Step:2500} Server_Comm.py: Received a new packet while thinking!
{Mon 01:06:23 Step:2705} Server_Comm.py: The agent lost 204 consecutive packets! Is syncmode disabled?
{Mon 01:06:23 Step:2719} Server_Comm.py: The agent lost 13 consecutive packets! Is syncmode disabled?
{Mon 01:06:23 Step:2723} Server_Comm.py: The agent lost 3 consecutive packets! Is syncmode disabled?
{Mon 01:06:23 Step:2726} Server_Comm.py: The agent lost 2 consecutive packets! Is syncmode disabled?
{Mon 01:06:23 Step:2729} Server_Comm.py: The agent lost 1 packet! Is syncmode enabled?
{Mon 01:06:23 Step:2732} Server_Comm.py: The agent lost 2 consecutive packets! Is syncmode disabled?
{Mon 01:06:23 Step:2734} Server_Comm.py: The agent lost 1 packet! Is syncmode enabled?
{Mon 01:06:23 Step:2738} Server_Comm.py: The agent lost 2 consecutive packets! Is syncmode disabled?
{Mon 01:06:24 Step:2738} Server_Comm.py: Received a new packet while thinking!
{Mon 01:06:24 Step:2900} Server_Comm.py: The agent lost 161 consecutive packets! Is syncmode disabled?
{Mon 01:06:24 Step:2900} Server_Comm.py: Received a new packet while on world.update()!
{Mon 01:06:24 Step:2902} Server_Comm.py: The agent lost 1 packet! Is syncmode enabled?
{Mon 01:06:24 Step:2902} Server_Comm.py: Received a new packet while on world.update()!
{Mon 01:06:24 Step:2903} Server_Comm.py: Received a new packet while on world.update()!
{Mon 01:06:24 Step:2905} Server_Comm.py: The agent lost 1 packet! Is syncmode enabled?
{Mon 01:06:24 Step:2905} Server_Comm.py: Received a new packet while on world.update()!
{Mon 01:06:24 Step:2907} Server_Comm.py: The agent lost 1 packet! Is syncmode enabled?
{Mon 01:06:24 Step:2907} Server_Comm.py: Received a new packet while on world.update()!
{Mon 01:06:24 Step:2909} Server_Comm.py: The agent lost 1 packet! Is syncmode enabled?
{Mon 01:06:24 Step:2909} Server_Comm.py: Received a new packet while on world.update()!
{Mon 01:06:24 Step:2911} Server_Comm.py: The agent lost 1 packet! Is syncmode enabled?
{Mon 01:06:24 Step:2911} Server_Comm.py: Received a new packet while on world.update()!
{Mon 01:06:24 Step:2914} Server_Comm.py: The agent lost 2 consecutive packets! Is syncmode disabled?
{Mon 01:06:24 Step:2914} Server_Comm.py: Received a new packet while on world.update()!
{Mon 01:06:24 Step:2915} Server_Comm.py: Received a new packet while on world.update()!
{Mon 01:06:24 Step:2918} Server_Comm.py: The agent lost 2 consecutive packets! Is syncmode disabled?
{Mon 01:06:24 Step:2918} Server_Comm.py: Received a new packet while on world.update()!
{Mon 01:06:24 Step:2920} Server_Comm.py: The agent lost 1 packet! Is syncmode enabled?
{Mon 01:06:24 Step:2920} Server_Comm.py: Received a new packet while on world.update()!
{Mon 01:06:24 Step:2921} Server_Comm.py: Received a new packet while on world.update()!
{Mon 01:06:24 Step:2924} Server_Comm.py: The agent lost 2 consecutive packets! Is syncmode disabled?
{Mon 01:06:24 Step:2924} Server_Comm.py: Received a new packet while on world.update()!
{Mon 01:06:24 Step:2925} Server_Comm.py: Received a new packet while on world.update()!
{Mon 01:06:24 Step:2928} Server_Comm.py: The agent lost 2 consecutive packets! Is syncmode disabled?
{Mon 01:06:24 Step:2928} Server_Comm.py: Received a new packet while on world.update()!
{Mon 01:06:24 Step:2929} Server_Comm.py: Received a new packet while on world.update()!
{Mon 01:06:24 Step:2931} Server_Comm.py: The agent lost 1 packet! Is syncmode enabled?
{Mon 01:06:24 Step:2931} Server_Comm.py: Received a new packet while on world.update()!
{Mon 01:06:24 Step:2934} Server_Comm.py: The agent lost 2 consecutive packets! Is syncmode disabled?
{Mon 01:06:24 Step:2934} Server_Comm.py: Received a new packet while on world.update()!
{Mon 01:06:24 Step:2935} Server_Comm.py: Received a new packet while on world.update()!
{Mon 01:06:24 Step:2938} Server_Comm.py: The agent lost 2 consecutive packets! Is syncmode disabled?
{Mon 01:06:24 Step:2938} Server_Comm.py: Received a new packet while on world.update()!
{Mon 01:06:24 Step:2939} Server_Comm.py: Received a new packet while on world.update()!
{Mon 01:06:24 Step:2942} Server_Comm.py: The agent lost 2 consecutive packets! Is syncmode disabled?
{Mon 01:06:24 Step:2942} Server_Comm.py: Received a new packet while on world.update()!
{Mon 01:06:24 Step:2943} Server_Comm.py: Received a new packet while on world.update()!
{Mon 01:06:24 Step:2947} Server_Comm.py: The agent lost 3 consecutive packets! Is syncmode disabled?
{Mon 01:06:24 Step:2947} Server_Comm.py: Received a new packet while on world.update()!
{Mon 01:06:24 Step:2951} Server_Comm.py: The agent lost 3 consecutive packets! Is syncmode disabled?
{Mon 01:06:24 Step:2951} Server_Comm.py: Received a new packet while on world.update()!
{Mon 01:06:24 Step:2955} Server_Comm.py: The agent lost 3 consecutive packets! Is syncmode disabled?
{Mon 01:06:24 Step:2955} Server_Comm.py: Received a new packet while on world.update()!
{Mon 01:06:24 Step:2958} Server_Comm.py: The agent lost 2 consecutive packets! Is syncmode disabled?
{Mon 01:06:24 Step:2958} Server_Comm.py: Received a new packet while on world.update()!
{Mon 01:06:24 Step:2960} Server_Comm.py: The agent lost 1 packet! Is syncmode enabled?
{Mon 01:06:24 Step:2960} Server_Comm.py: Received a new packet while on world.update()!
{Mon 01:06:24 Step:2961} Server_Comm.py: Received a new packet while on world.update()!
{Mon 01:06:24 Step:2964} Server_Comm.py: The agent lost 2 consecutive packets! Is syncmode disabled?
{Mon 01:06:24 Step:2964} Server_Comm.py: Received a new packet while thinking!
{Mon 01:06:24 Step:2965} Server_Comm.py: Received a new packet while on world.update()!
{Mon 01:06:24 Step:2968} Server_Comm.py: The agent lost 2 consecutive packets! Is syncmode disabled?
{Mon 01:06:24 Step:2968} Server_Comm.py: Received a new packet while on world.update()!
{Mon 01:06:24 Step:2969} Server_Comm.py: Received a new packet while on world.update()!
{Mon 01:06:24 Step:2971} Server_Comm.py: The agent lost 1 packet! Is syncmode enabled?
{Mon 01:06:24 Step:2971} Server_Comm.py: Received a new packet while on world.update()!
{Mon 01:06:24 Step:2974} Server_Comm.py: The agent lost 2 consecutive packets! Is syncmode disabled?
{Mon 01:06:24 Step:2974} Server_Comm.py: Received a new packet while on world.update()!
{Mon 01:06:24 Step:2976} Server_Comm.py: The agent lost 1 packet! Is syncmode enabled?
{Mon 01:06:24 Step:2976} Server_Comm.py: Received a new packet while on world.update()!
{Mon 01:06:24 Step:2977} Server_Comm.py: Received a new packet while on world.update()!
{Mon 01:06:24 Step:2981} Server_Comm.py: The agent lost 3 consecutive packets! Is syncmode disabled?
{Mon 01:06:24 Step:2981} Server_Comm.py: Received a new packet while on world.update()!
{Mon 01:06:24 Step:2984} Server_Comm.py: The agent lost 2 consecutive packets! Is syncmode disabled?
{Mon 01:06:24 Step:2984} Server_Comm.py: Received a new packet while on world.update()!
{Mon 01:06:24 Step:2985} Server_Comm.py: Received a new packet while on world.update()!
{Mon 01:06:24 Step:2987} Server_Comm.py: The agent lost 1 packet! Is syncmode enabled?
{Mon 01:06:24 Step:2987} Server_Comm.py: Received a new packet while on world.update()!
{Mon 01:06:24 Step:2988} Server_Comm.py: Received a new packet while on world.update()!
{Mon 01:06:24 Step:2989} Server_Comm.py: Received a new packet while on world.update()!
{Mon 01:06:24 Step:2992} Server_Comm.py: The agent lost 2 consecutive packets! Is syncmode disabled?
{Mon 01:06:24 Step:2992} Server_Comm.py: Received a new packet while on world.update()!
{Mon 01:06:24 Step:2994} Server_Comm.py: The agent lost 1 packet! Is syncmode enabled?
{Mon 01:06:24 Step:2994} Server_Comm.py: Received a new packet while thinking!
{Mon 01:06:24 Step:2995} Server_Comm.py: Received a new packet while on world.update()!
{Mon 01:06:24 Step:2998} Server_Comm.py: The agent lost 2 consecutive packets! Is syncmode disabled?
{Mon 01:06:24 Step:2998} Server_Comm.py: Received a new packet while on world.update()!
{Mon 01:06:24 Step:2999} Server_Comm.py: Received a new packet while on world.update()!
{Mon 01:06:24 Step:3001} Server_Comm.py: The agent lost 1 packet! Is syncmode enabled?
{Mon 01:06:24 Step:3001} Server_Comm.py: Received a new packet while on world.update()!
{Mon 01:06:24 Step:3003} Server_Comm.py: The agent lost 1 packet! Is syncmode enabled?
{Mon 01:06:24 Step:3003} Server_Comm.py: Received a new packet while on world.update()!
{Mon 01:06:24 Step:3005} Server_Comm.py: The agent lost 1 packet! Is syncmode enabled?
{Mon 01:06:24 Step:3005} Server_Comm.py: Received a new packet while on world.update()!
{Mon 01:06:24 Step:3006} Server_Comm.py: Received a new packet while thinking!
{Mon 01:06:24 Step:3007} Server_Comm.py: Received a new packet while on world.update()!
{Mon 01:06:24 Step:3010} Server_Comm.py: The agent lost 2 consecutive packets! Is syncmode disabled?
{Mon 01:06:24 Step:3010} Server_Comm.py: Received a new packet while on world.update()!
{Mon 01:06:24 Step:3012} Server_Comm.py: The agent lost 1 packet! Is syncmode enabled?
{Mon 01:06:24 Step:3012} Server_Comm.py: Received a new packet while thinking!
{Mon 01:06:24 Step:3013} Server_Comm.py: Received a new packet while on world.update()!
{Mon 01:06:24 Step:3016} Server_Comm.py: The agent lost 2 consecutive packets! Is syncmode disabled?
{Mon 01:06:24 Step:3016} Server_Comm.py: Received a new packet while on world.update()!
{Mon 01:06:24 Step:3017} Server_Comm.py: Received a new packet while on world.update()!
{Mon 01:06:24 Step:3021} Server_Comm.py: The agent lost 3 consecutive packets! Is syncmode disabled?
{Mon 01:06:24 Step:3021} Server_Comm.py: Received a new packet while on world.update()!
{Mon 01:06:24 Step:3024} Server_Comm.py: The agent lost 2 consecutive packets! Is syncmode disabled?
{Mon 01:06:24 Step:3024} Server_Comm.py: Received a new packet while on world.update()!
{Mon 01:06:24 Step:3025} Server_Comm.py: Received a new packet while on world.update()!
{Mon 01:06:24 Step:3028} Server_Comm.py: The agent lost 2 consecutive packets! Is syncmode disabled?
{Mon 01:06:24 Step:3028} Server_Comm.py: Received a new packet while on world.update()!
{Mon 01:06:24 Step:3029} Server_Comm.py: Received a new packet while on world.update()!
{Mon 01:06:24 Step:3032} Server_Comm.py: The agent lost 2 consecutive packets! Is syncmode disabled?
{Mon 01:06:24 Step:3032} Server_Comm.py: Received a new packet while on world.update()!
{Mon 01:06:24 Step:3033} Server_Comm.py: Received a new packet while on world.update()!
{Mon 01:06:24 Step:3037} Server_Comm.py: The agent lost 1 packet! Is syncmode enabled?
{Mon 01:06:24 Step:3039} Server_Comm.py: The agent lost 1 packet! Is syncmode enabled?
{Mon 01:06:24 Step:3042} Server_Comm.py: The agent lost 2 consecutive packets! Is syncmode disabled?
{Mon 01:06:24 Step:3044} Server_Comm.py: The agent lost 1 packet! Is syncmode enabled?
{Mon 01:06:24 Step:3048} Server_Comm.py: The agent lost 2 consecutive packets! Is syncmode disabled?
{Mon 01:06:24 Step:3050} Server_Comm.py: The agent lost 1 packet! Is syncmode enabled?
{Mon 01:06:24 Step:3052} Server_Comm.py: The agent lost 1 packet! Is syncmode enabled?
{Mon 01:06:24 Step:3054} Server_Comm.py: The agent lost 1 packet! Is syncmode enabled?
{Mon 01:06:24 Step:3058} Server_Comm.py: The agent lost 2 consecutive packets! Is syncmode disabled?
{Mon 01:06:24 Step:3060} Server_Comm.py: The agent lost 1 packet! Is syncmode enabled?
{Mon 01:06:24 Step:3065} Server_Comm.py: The agent lost 3 consecutive packets! Is syncmode disabled?
{Mon 01:06:24 Step:3068} Server_Comm.py: The agent lost 2 consecutive packets! Is syncmode disabled?
{Mon 01:06:24 Step:3073} Server_Comm.py: The agent lost 1 packet! Is syncmode enabled?
{Mon 01:06:24 Step:3105} Server_Comm.py: The agent lost 1 packet! Is syncmode enabled?
{Mon 01:06:24 Step:3137} Server_Comm.py: The agent lost 1 packet! Is syncmode enabled?
{Mon 01:06:24 Step:3141} Server_Comm.py: The agent lost 3 consecutive packets! Is syncmode disabled?
{Mon 01:06:24 Step:3145} Server_Comm.py: The agent lost 3 consecutive packets! Is syncmode disabled?
{Mon 01:06:24 Step:3154} Server_Comm.py: The agent lost 8 consecutive packets! Is syncmode disabled?
{Mon 01:06:24 Step:3157} Server_Comm.py: The agent lost 2 consecutive packets! Is syncmode disabled?
{Mon 01:06:24 Step:3161} Server_Comm.py: The agent lost 3 consecutive packets! Is syncmode disabled?
{Mon 01:06:24 Step:3165} Server_Comm.py: The agent lost 3 consecutive packets! Is syncmode disabled?
{Mon 01:06:24 Step:3169} Server_Comm.py: The agent lost 3 consecutive packets! Is syncmode disabled?
{Mon 01:06:24 Step:3173} Server_Comm.py: The agent lost 3 consecutive packets! Is syncmode disabled?
{Mon 01:06:24 Step:3177} Server_Comm.py: The agent lost 3 consecutive packets! Is syncmode disabled?
{Mon 01:06:24 Step:3181} Server_Comm.py: The agent lost 3 consecutive packets! Is syncmode disabled?
{Mon 01:06:24 Step:3185} Server_Comm.py: The agent lost 3 consecutive packets! Is syncmode disabled?
{Mon 01:06:24 Step:3187} Server_Comm.py: The agent lost 1 packet! Is syncmode enabled?
{Mon 01:06:24 Step:3190} Server_Comm.py: The agent lost 2 consecutive packets! Is syncmode disabled?
{Mon 01:06:24 Step:3193} Server_Comm.py: The agent lost 2 consecutive packets! Is syncmode disabled?
{Mon 01:06:24 Step:3197} Server_Comm.py: The agent lost 3 consecutive packets! Is syncmode disabled?
{Mon 01:06:24 Step:3199} Server_Comm.py: The agent lost 1 packet! Is syncmode enabled?
{Mon 01:06:24 Step:3203} Server_Comm.py: The agent lost 1 packet! Is syncmode enabled?
{Mon 01:06:24 Step:3207} Server_Comm.py: The agent lost 1 packet! Is syncmode enabled?
{Mon 01:06:24 Step:3209} Server_Comm.py: The agent lost 1 packet! Is syncmode enabled?
{Mon 01:06:24 Step:3216} Server_Comm.py: The agent lost 1 packet! Is syncmode enabled?
{Mon 01:06:24 Step:3219} Server_Comm.py: The agent lost 1 packet! Is syncmode enabled?
{Mon 01:06:24 Step:3223} Server_Comm.py: The agent lost 1 packet! Is syncmode enabled?
{Mon 01:06:24 Step:3225} Server_Comm.py: The agent lost 1 packet! Is syncmode enabled?
{Mon 01:06:24 Step:3229} Server_Comm.py: The agent lost 1 packet! Is syncmode enabled?
{Mon 01:06:24 Step:3233} Server_Comm.py: The agent lost 1 packet! Is syncmode enabled?
{Mon 01:06:24 Step:3241} Server_Comm.py: The agent lost 1 packet! Is syncmode enabled?
{Mon 01:06:24 Step:3248} Server_Comm.py: The agent lost 1 packet! Is syncmode enabled?
{Mon 01:06:24 Step:3251} Server_Comm.py: The agent lost 1 packet! Is syncmode enabled?
{Mon 01:06:24 Step:3257} Server_Comm.py: The agent lost 1 packet! Is syncmode enabled?
{Mon 01:06:24 Step:3261} Server_Comm.py: The agent lost 1 packet! Is syncmode enabled?
{Mon 01:06:24 Step:3267} Server_Comm.py: The agent lost 1 packet! Is syncmode enabled?
{Mon 01:06:24 Step:3271} Server_Comm.py: The agent lost 1 packet! Is syncmode enabled?
{Mon 01:06:24 Step:3281} Server_Comm.py: The agent lost 1 packet! Is syncmode enabled?
{Mon 01:06:24 Step:3285} Server_Comm.py: The agent lost 1 packet! Is syncmode enabled?
{Mon 01:06:24 Step:3294} Server_Comm.py: The agent lost 2 consecutive packets! Is syncmode disabled?
{Mon 01:06:24 Step:3296} Server_Comm.py: The agent lost 1 packet! Is syncmode enabled?
