{Mon 01:07:01 Step:2} Server_Comm.py: The agent lost 1 packet! Is syncmode enabled?
{Mon 01:07:01 Step:2} Server_Comm.py: Received a new packet while on world.update()!
{Mon 01:07:01 Step:14} Server_Comm.py: The agent lost 11 consecutive packets! Is syncmode disabled?
{Mon 01:07:01 Step:14} Server_Comm.py: Received a new packet while on world.update()!
{Mon 01:07:01 Step:16} Server_Comm.py: The agent lost 1 packet! Is syncmode enabled?
{Mon 01:07:01 Step:16} Server_Comm.py: Received a new packet while on world.update()!
{Mon 01:07:01 Step:17} Server_Comm.py: Received a new packet while on world.update()!
{Mon 01:07:01 Step:21} Server_Comm.py: The agent lost 3 consecutive packets! Is syncmode disabled?
{Mon 01:07:01 Step:21} Server_Comm.py: Received a new packet while on world.update()!
{Mon 01:07:01 Step:26} Server_Comm.py: The agent lost 4 consecutive packets! Is syncmode disabled?
{Mon 01:07:01 Step:26} Server_Comm.py: Received a new packet while on world.update()!
{Mon 01:07:01 Step:28} Server_Comm.py: The agent lost 1 packet! Is syncmode enabled?
{Mon 01:07:01 Step:31} Server_Comm.py: The agent lost 1 packet! Is syncmode enabled?
{Mon 01:07:01 Step:34} Server_Comm.py: The agent lost 2 consecutive packets! Is syncmode disabled?
{Mon 01:07:01 Step:36} Server_Comm.py: The agent lost 1 packet! Is syncmode enabled?
{Mon 01:07:01 Step:36} Server_Comm.py: Received a new packet while thinking!
{Mon 01:07:01 Step:232} Server_Comm.py: The agent lost 195 consecutive packets! Is syncmode disabled?
{Mon 01:07:01 Step:251} Server_Comm.py: The agent lost 18 consecutive packets! Is syncmode disabled?
{Mon 01:07:01 Step:260} Server_Comm.py: The agent lost 8 consecutive packets! Is syncmode disabled?
{Mon 01:07:01 Step:264} Server_Comm.py: The agent lost 3 consecutive packets! Is syncmode disabled?
{Mon 01:07:01 Step:266} Server_Comm.py: The agent lost 1 packet! Is syncmode enabled?
{Mon 01:07:01 Step:274} Server_Comm.py: The agent lost 6 consecutive packets! Is syncmode disabled?
{Mon 01:07:01 Step:277} Server_Comm.py: The agent lost 2 consecutive packets! Is syncmode disabled?
{Mon 01:07:01 Step:280} Server_Comm.py: The agent lost 2 consecutive packets! Is syncmode disabled?
{Mon 01:07:01 Step:282} Server_Comm.py: The agent lost 1 packet! Is syncmode enabled?
{Mon 01:07:01 Step:284} Server_Comm.py: The agent lost 1 packet! Is syncmode enabled?
{Mon 01:07:01 Step:289} Server_Comm.py: The agent lost 3 consecutive packets! Is syncmode disabled?
{Mon 01:07:01 Step:293} Server_Comm.py: The agent lost 3 consecutive packets! Is syncmode disabled?
{Mon 01:07:01 Step:296} Server_Comm.py: The agent lost 2 consecutive packets! Is syncmode disabled?
{Mon 01:07:01 Step:298} Server_Comm.py: The agent lost 1 packet! Is syncmode enabled?
{Mon 01:07:01 Step:302} Server_Comm.py: The agent lost 2 consecutive packets! Is syncmode disabled?
{Mon 01:07:01 Step:304} Server_Comm.py: The agent lost 1 packet! Is syncmode enabled?
{Mon 01:07:01 Step:308} Server_Comm.py: The agent lost 2 consecutive packets! Is syncmode disabled?
{Mon 01:07:01 Step:313} Server_Comm.py: The agent lost 3 consecutive packets! Is syncmode disabled?
{Mon 01:07:01 Step:316} Server_Comm.py: The agent lost 2 consecutive packets! Is syncmode disabled?
{Mon 01:07:01 Step:319} Server_Comm.py: The agent lost 1 packet! Is syncmode enabled?
{Mon 01:07:01 Step:322} Server_Comm.py: The agent lost 2 consecutive packets! Is syncmode disabled?
{Mon 01:07:01 Step:324} Server_Comm.py: The agent lost 1 packet! Is syncmode enabled?
{Mon 01:07:01 Step:326} Server_Comm.py: The agent lost 1 packet! Is syncmode enabled?
{Mon 01:07:01 Step:330} Server_Comm.py: The agent lost 2 consecutive packets! Is syncmode disabled?
{Mon 01:07:01 Step:332} Server_Comm.py: The agent lost 1 packet! Is syncmode enabled?
{Mon 01:07:01 Step:337} Server_Comm.py: The agent lost 3 consecutive packets! Is syncmode disabled?
{Mon 01:07:01 Step:340} Server_Comm.py: The agent lost 2 consecutive packets! Is syncmode disabled?
{Mon 01:07:01 Step:343} Server_Comm.py: The agent lost 1 packet! Is syncmode enabled?
{Mon 01:07:01 Step:346} Server_Comm.py: The agent lost 2 consecutive packets! Is syncmode disabled?
{Mon 01:07:01 Step:350} Server_Comm.py: The agent lost 2 consecutive packets! Is syncmode disabled?
{Mon 01:07:01 Step:352} Server_Comm.py: The agent lost 1 packet! Is syncmode enabled?
{Mon 01:07:01 Step:354} Server_Comm.py: The agent lost 1 packet! Is syncmode enabled?
{Mon 01:07:01 Step:356} Server_Comm.py: The agent lost 1 packet! Is syncmode enabled?
{Mon 01:07:01 Step:359} Server_Comm.py: The agent lost 1 packet! Is syncmode enabled?
{Mon 01:07:01 Step:362} Server_Comm.py: The agent lost 2 consecutive packets! Is syncmode disabled?
{Mon 01:07:01 Step:364} Server_Comm.py: The agent lost 1 packet! Is syncmode enabled?
{Mon 01:07:01 Step:368} Server_Comm.py: The agent lost 2 consecutive packets! Is syncmode disabled?
{Mon 01:07:01 Step:370} Server_Comm.py: The agent lost 1 packet! Is syncmode enabled?
{Mon 01:07:01 Step:375} Server_Comm.py: The agent lost 3 consecutive packets! Is syncmode disabled?
{Mon 01:07:01 Step:379} Server_Comm.py: The agent lost 3 consecutive packets! Is syncmode disabled?
{Mon 01:07:01 Step:383} Server_Comm.py: The agent lost 3 consecutive packets! Is syncmode disabled?
{Mon 01:07:01 Step:385} Server_Comm.py: The agent lost 1 packet! Is syncmode enabled?
{Mon 01:07:01 Step:388} Server_Comm.py: The agent lost 1 packet! Is syncmode enabled?
{Mon 01:07:01 Step:395} Server_Comm.py: The agent lost 1 packet! Is syncmode enabled?
{Mon 01:07:01 Step:401} Server_Comm.py: The agent lost 1 packet! Is syncmode enabled?
{Mon 01:07:01 Step:405} Server_Comm.py: The agent lost 1 packet! Is syncmode enabled?
{Mon 01:07:01 Step:410} Server_Comm.py: The agent lost 1 packet! Is syncmode enabled?
{Mon 01:07:01 Step:417} Server_Comm.py: The agent lost 1 packet! Is syncmode enabled?
{Mon 01:07:01 Step:434} Server_Comm.py: The agent lost 2 consecutive packets! Is syncmode disabled?
{Mon 01:07:01 Step:436} Server_Comm.py: The agent lost 1 packet! Is syncmode enabled?
{Mon 01:07:01 Step:441} Server_Comm.py: The agent lost 4 consecutive packets! Is syncmode disabled?
{Mon 01:07:01 Step:444} Server_Comm.py: The agent lost 2 consecutive packets! Is syncmode disabled?
{Mon 01:07:01 Step:447} Server_Comm.py: The agent lost 2 consecutive packets! Is syncmode disabled?
{Mon 01:07:01 Step:451} Server_Comm.py: The agent lost 3 consecutive packets! Is syncmode disabled?
{Mon 01:07:01 Step:456} Server_Comm.py: The agent lost 4 consecutive packets! Is syncmode disabled?
{Mon 01:07:01 Step:458} Server_Comm.py: The agent lost 1 packet! Is syncmode enabled?
{Mon 01:07:01 Step:463} Server_Comm.py: The agent lost 3 consecutive packets! Is syncmode disabled?
{Mon 01:07:01 Step:466} Server_Comm.py: The agent lost 2 consecutive packets! Is syncmode disabled?
{Mon 01:07:01 Step:468} Server_Comm.py: The agent lost 1 packet! Is syncmode enabled?
{Mon 01:07:01 Step:472} Server_Comm.py: The agent lost 2 consecutive packets! Is syncmode disabled?
{Mon 01:07:01 Step:474} Server_Comm.py: The agent lost 1 packet! Is syncmode enabled?
{Mon 01:07:01 Step:478} Server_Comm.py: The agent lost 2 consecutive packets! Is syncmode disabled?
{Mon 01:07:01 Step:483} Server_Comm.py: The agent lost 3 consecutive packets! Is syncmode disabled?
{Mon 01:07:01 Step:486} Server_Comm.py: The agent lost 2 consecutive packets! Is syncmode disabled?
{Mon 01:07:01 Step:490} Server_Comm.py: The agent lost 2 consecutive packets! Is syncmode disabled?
{Mon 01:07:01 Step:492} Server_Comm.py: The agent lost 1 packet! Is syncmode enabled?
{Mon 01:07:01 Step:496} Server_Comm.py: The agent lost 2 consecutive packets! Is syncmode disabled?
{Mon 01:07:01 Step:498} Server_Comm.py: The agent lost 1 packet! Is syncmode enabled?
{Mon 01:07:01 Step:500} Server_Comm.py: The agent lost 1 packet! Is syncmode enabled?
{Mon 01:07:01 Step:502} Server_Comm.py: The agent lost 1 packet! Is syncmode enabled?
{Mon 01:07:01 Step:506} Server_Comm.py: The agent lost 2 consecutive packets! Is syncmode disabled?
{Mon 01:07:01 Step:508} Server_Comm.py: The agent lost 1 packet! Is syncmode enabled?
{Mon 01:07:01 Step:512} Server_Comm.py: The agent lost 2 consecutive packets! Is syncmode disabled?
{Mon 01:07:01 Step:514} Server_Comm.py: The agent lost 1 packet! Is syncmode enabled?
{Mon 01:07:01 Step:516} Server_Comm.py: The agent lost 1 packet! Is syncmode enabled?
{Mon 01:07:01 Step:520} Server_Comm.py: The agent lost 2 consecutive packets! Is syncmode disabled?
{Mon 01:07:01 Step:522} Server_Comm.py: The agent lost 1 packet! Is syncmode enabled?
{Mon 01:07:01 Step:526} Server_Comm.py: The agent lost 2 consecutive packets! Is syncmode disabled?
{Mon 01:07:01 Step:528} Server_Comm.py: The agent lost 1 packet! Is syncmode enabled?
{Mon 01:07:01 Step:533} Server_Comm.py: The agent lost 3 consecutive packets! Is syncmode disabled?
{Mon 01:07:01 Step:536} Server_Comm.py: The agent lost 2 consecutive packets! Is syncmode disabled?
{Mon 01:07:01 Step:538} Server_Comm.py: The agent lost 1 packet! Is syncmode enabled?
{Mon 01:07:01 Step:540} Server_Comm.py: The agent lost 1 packet! Is syncmode enabled?
{Mon 01:07:01 Step:542} Server_Comm.py: The agent lost 1 packet! Is syncmode enabled?
{Mon 01:07:01 Step:546} Server_Comm.py: The agent lost 2 consecutive packets! Is syncmode disabled?
{Mon 01:07:01 Step:548} Server_Comm.py: The agent lost 1 packet! Is syncmode enabled?
{Mon 01:07:01 Step:550} Server_Comm.py: The agent lost 1 packet! Is syncmode enabled?
{Mon 01:07:01 Step:554} Server_Comm.py: The agent lost 2 consecutive packets! Is syncmode disabled?
{Mon 01:07:01 Step:556} Server_Comm.py: The agent lost 1 packet! Is syncmode enabled?
{Mon 01:07:01 Step:560} Server_Comm.py: The agent lost 2 consecutive packets! Is syncmode disabled?
{Mon 01:07:01 Step:562} Server_Comm.py: The agent lost 1 packet! Is syncmode enabled?
{Mon 01:07:01 Step:564} Server_Comm.py: The agent lost 1 packet! Is syncmode enabled?
{Mon 01:07:01 Step:568} Server_Comm.py: The agent lost 2 consecutive packets! Is syncmode disabled?
{Mon 01:07:01 Step:570} Server_Comm.py: The agent lost 1 packet! Is syncmode enabled?
{Mon 01:07:01 Step:573} Server_Comm.py: The agent lost 1 packet! Is syncmode enabled?
{Mon 01:07:01 Step:575} Server_Comm.py: The agent lost 1 packet! Is syncmode enabled?
{Mon 01:07:01 Step:578} Server_Comm.py: The agent lost 2 consecutive packets! Is syncmode disabled?
{Mon 01:07:01 Step:582} Server_Comm.py: The agent lost 2 consecutive packets! Is syncmode disabled?
{Mon 01:07:01 Step:585} Server_Comm.py: The agent lost 1 packet! Is syncmode enabled?
{Mon 01:07:01 Step:588} Server_Comm.py: The agent lost 2 consecutive packets! Is syncmode disabled?
{Mon 01:07:01 Step:590} Server_Comm.py: The agent lost 1 packet! Is syncmode enabled?
{Mon 01:07:01 Step:594} Server_Comm.py: The agent lost 2 consecutive packets! Is syncmode disabled?
{Mon 01:07:01 Step:598} Server_Comm.py: The agent lost 2 consecutive packets! Is syncmode disabled?
{Mon 01:07:01 Step:600} Server_Comm.py: The agent lost 1 packet! Is syncmode enabled?
{Mon 01:07:01 Step:602} Server_Comm.py: The agent lost 1 packet! Is syncmode enabled?
{Mon 01:07:01 Step:606} Server_Comm.py: The agent lost 2 consecutive packets! Is syncmode disabled?
{Mon 01:07:01 Step:608} Server_Comm.py: The agent lost 1 packet! Is syncmode enabled?
{Mon 01:07:01 Step:612} Server_Comm.py: The agent lost 2 consecutive packets! Is syncmode disabled?
{Mon 01:07:01 Step:615} Server_Comm.py: The agent lost 2 consecutive packets! Is syncmode disabled?
{Mon 01:07:01 Step:619} Server_Comm.py: The agent lost 3 consecutive packets! Is syncmode disabled?
{Mon 01:07:01 Step:624} Server_Comm.py: The agent lost 4 consecutive packets! Is syncmode disabled?
{Mon 01:07:01 Step:626} Server_Comm.py: The agent lost 1 packet! Is syncmode enabled?
{Mon 01:07:01 Step:630} Server_Comm.py: The agent lost 2 consecutive packets! Is syncmode disabled?
{Mon 01:07:01 Step:633} Server_Comm.py: The agent lost 2 consecutive packets! Is syncmode disabled?
{Mon 01:07:01 Step:636} Server_Comm.py: The agent lost 2 consecutive packets! Is syncmode disabled?
{Mon 01:07:01 Step:638} Server_Comm.py: The agent lost 1 packet! Is syncmode enabled?
{Mon 01:07:01 Step:642} Server_Comm.py: The agent lost 2 consecutive packets! Is syncmode disabled?
{Mon 01:07:01 Step:649} Server_Comm.py: The agent lost 6 consecutive packets! Is syncmode disabled?
{Mon 01:07:01 Step:653} Server_Comm.py: The agent lost 3 consecutive packets! Is syncmode disabled?
{Mon 01:07:01 Step:657} Server_Comm.py: The agent lost 3 consecutive packets! Is syncmode disabled?
{Mon 01:07:01 Step:661} Server_Comm.py: The agent lost 3 consecutive packets! Is syncmode disabled?
{Mon 01:07:01 Step:665} Server_Comm.py: The agent lost 3 consecutive packets! Is syncmode disabled?
{Mon 01:07:01 Step:669} Server_Comm.py: The agent lost 3 consecutive packets! Is syncmode disabled?
{Mon 01:07:01 Step:673} Server_Comm.py: The agent lost 3 consecutive packets! Is syncmode disabled?
{Mon 01:07:01 Step:677} Server_Comm.py: The agent lost 3 consecutive packets! Is syncmode disabled?
{Mon 01:07:01 Step:681} Server_Comm.py: The agent lost 3 consecutive packets! Is syncmode disabled?
{Mon 01:07:01 Step:686} Server_Comm.py: The agent lost 4 consecutive packets! Is syncmode disabled?
{Mon 01:07:01 Step:689} Server_Comm.py: The agent lost 2 consecutive packets! Is syncmode disabled?
{Mon 01:07:01 Step:692} Server_Comm.py: The agent lost 2 consecutive packets! Is syncmode disabled?
{Mon 01:07:01 Step:694} Server_Comm.py: The agent lost 1 packet! Is syncmode enabled?
{Mon 01:07:01 Step:696} Server_Comm.py: The agent lost 1 packet! Is syncmode enabled?
{Mon 01:07:01 Step:699} Server_Comm.py: The agent lost 1 packet! Is syncmode enabled?
{Mon 01:07:01 Step:701} Server_Comm.py: The agent lost 1 packet! Is syncmode enabled?
{Mon 01:07:01 Step:708} Server_Comm.py: The agent lost 1 packet! Is syncmode enabled?
{Mon 01:07:01 Step:711} Server_Comm.py: The agent lost 1 packet! Is syncmode enabled?
{Mon 01:07:01 Step:715} Server_Comm.py: The agent lost 1 packet! Is syncmode enabled?
{Mon 01:07:01 Step:717} Server_Comm.py: The agent lost 1 packet! Is syncmode enabled?
{Mon 01:07:01 Step:721} Server_Comm.py: The agent lost 1 packet! Is syncmode enabled?
{Mon 01:07:01 Step:723} Server_Comm.py: The agent lost 1 packet! Is syncmode enabled?
{Mon 01:07:01 Step:725} Server_Comm.py: The agent lost 1 packet! Is syncmode enabled?
{Mon 01:07:01 Step:734} Server_Comm.py: The agent lost 1 packet! Is syncmode enabled?
{Mon 01:07:01 Step:741} Server_Comm.py: The agent lost 1 packet! Is syncmode enabled?
{Mon 01:07:01 Step:743} Server_Comm.py: The agent lost 1 packet! Is syncmode enabled?
{Mon 01:07:01 Step:747} Server_Comm.py: The agent lost 1 packet! Is syncmode enabled?
{Mon 01:07:01 Step:749} Server_Comm.py: The agent lost 1 packet! Is syncmode enabled?
{Mon 01:07:01 Step:753} Server_Comm.py: The agent lost 1 packet! Is syncmode enabled?
{Mon 01:07:01 Step:755} Server_Comm.py: The agent lost 1 packet! Is syncmode enabled?
{Mon 01:07:01 Step:757} Server_Comm.py: The agent lost 1 packet! Is syncmode enabled?
{Mon 01:07:01 Step:761} Server_Comm.py: The agent lost 1 packet! Is syncmode enabled?
{Mon 01:07:01 Step:767} Server_Comm.py: The agent lost 1 packet! Is syncmode enabled?
{Mon 01:07:01 Step:770} Server_Comm.py: The agent lost 1 packet! Is syncmode enabled?
{Mon 01:07:01 Step:775} Server_Comm.py: The agent lost 1 packet! Is syncmode enabled?
{Mon 01:07:01 Step:779} Server_Comm.py: The agent lost 1 packet! Is syncmode enabled?
{Mon 01:07:01 Step:782} Server_Comm.py: The agent lost 1 packet! Is syncmode enabled?
{Mon 01:07:01 Step:785} Server_Comm.py: The agent lost 1 packet! Is syncmode enabled?
{Mon 01:07:01 Step:795} Server_Comm.py: The agent lost 1 packet! Is syncmode enabled?
{Mon 01:07:01 Step:799} Server_Comm.py: The agent lost 3 consecutive packets! Is syncmode disabled?
{Mon 01:07:01 Step:803} Server_Comm.py: The agent lost 3 consecutive packets! Is syncmode disabled?
{Mon 01:07:02 Step:803} Server_Comm.py: Received a new packet while thinking!
{Mon 01:07:02 Step:954} Server_Comm.py: The agent lost 150 consecutive packets! Is syncmode disabled?
{Mon 01:07:02 Step:954} Server_Comm.py: Received a new packet while on world.update()!
{Mon 01:07:02 Step:956} Server_Comm.py: The agent lost 1 packet! Is syncmode enabled?
{Mon 01:07:02 Step:956} Server_Comm.py: Received a new packet while on world.update()!
{Mon 01:07:02 Step:957} Server_Comm.py: Received a new packet while on world.update()!
{Mon 01:07:02 Step:959} Server_Comm.py: The agent lost 1 packet! Is syncmode enabled?
{Mon 01:07:02 Step:959} Server_Comm.py: Received a new packet while on world.update()!
{Mon 01:07:02 Step:961} Server_Comm.py: The agent lost 1 packet! Is syncmode enabled?
{Mon 01:07:02 Step:961} Server_Comm.py: Received a new packet while on world.update()!
{Mon 01:07:02 Step:964} Server_Comm.py: The agent lost 2 consecutive packets! Is syncmode disabled?
{Mon 01:07:02 Step:964} Server_Comm.py: Received a new packet while thinking!
{Mon 01:07:02 Step:965} Server_Comm.py: Received a new packet while on world.update()!
{Mon 01:07:02 Step:967} Server_Comm.py: The agent lost 1 packet! Is syncmode enabled?
{Mon 01:07:02 Step:967} Server_Comm.py: Received a new packet while on world.update()!
{Mon 01:07:02 Step:969} Server_Comm.py: The agent lost 1 packet! Is syncmode enabled?
{Mon 01:07:02 Step:969} Server_Comm.py: Received a new packet while on world.update()!
{Mon 01:07:02 Step:972} Server_Comm.py: The agent lost 2 consecutive packets! Is syncmode disabled?
{Mon 01:07:02 Step:972} Server_Comm.py: Received a new packet while on world.update()!
{Mon 01:07:02 Step:974} Server_Comm.py: The agent lost 1 packet! Is syncmode enabled?
{Mon 01:07:02 Step:974} Server_Comm.py: Received a new packet while thinking!
{Mon 01:07:02 Step:975} Server_Comm.py: Received a new packet while on world.update()!
{Mon 01:07:02 Step:978} Server_Comm.py: The agent lost 2 consecutive packets! Is syncmode disabled?
{Mon 01:07:02 Step:978} Server_Comm.py: Received a new packet while on world.update()!
{Mon 01:07:02 Step:979} Server_Comm.py: Received a new packet while on world.update()!
{Mon 01:07:02 Step:982} Server_Comm.py: The agent lost 2 consecutive packets! Is syncmode disabled?
{Mon 01:07:02 Step:982} Server_Comm.py: Received a new packet while on world.update()!
{Mon 01:07:02 Step:983} Server_Comm.py: Received a new packet while on world.update()!
{Mon 01:07:02 Step:985} Server_Comm.py: The agent lost 1 packet! Is syncmode enabled?
{Mon 01:07:02 Step:985} Server_Comm.py: Received a new packet while on world.update()!
{Mon 01:07:02 Step:988} Server_Comm.py: The agent lost 2 consecutive packets! Is syncmode disabled?
{Mon 01:07:02 Step:988} Server_Comm.py: Received a new packet while on world.update()!
{Mon 01:07:02 Step:989} Server_Comm.py: Received a new packet while on world.update()!
{Mon 01:07:02 Step:992} Server_Comm.py: The agent lost 2 consecutive packets! Is syncmode disabled?
{Mon 01:07:02 Step:992} Server_Comm.py: Received a new packet while thinking!
{Mon 01:07:02 Step:993} Server_Comm.py: Received a new packet while on world.update()!
{Mon 01:07:02 Step:996} Server_Comm.py: The agent lost 2 consecutive packets! Is syncmode disabled?
{Mon 01:07:02 Step:996} Server_Comm.py: Received a new packet while on world.update()!
{Mon 01:07:02 Step:997} Server_Comm.py: Received a new packet while on world.update()!
{Mon 01:07:02 Step:999} Server_Comm.py: The agent lost 1 packet! Is syncmode enabled?
{Mon 01:07:02 Step:999} Server_Comm.py: Received a new packet while on world.update()!
{Mon 01:07:02 Step:1001} Server_Comm.py: The agent lost 1 packet! Is syncmode enabled?
{Mon 01:07:02 Step:1001} Server_Comm.py: Received a new packet while on world.update()!
{Mon 01:07:02 Step:1004} Server_Comm.py: The agent lost 2 consecutive packets! Is syncmode disabled?
{Mon 01:07:02 Step:1004} Server_Comm.py: Received a new packet while on world.update()!
{Mon 01:07:02 Step:1005} Server_Comm.py: Received a new packet while on world.update()!
{Mon 01:07:02 Step:1008} Server_Comm.py: The agent lost 2 consecutive packets! Is syncmode disabled?
{Mon 01:07:02 Step:1008} Server_Comm.py: Received a new packet while on world.update()!
{Mon 01:07:02 Step:1009} Server_Comm.py: Received a new packet while on world.update()!
{Mon 01:07:02 Step:1011} Server_Comm.py: The agent lost 1 packet! Is syncmode enabled?
{Mon 01:07:02 Step:1011} Server_Comm.py: Received a new packet while on world.update()!
{Mon 01:07:02 Step:1014} Server_Comm.py: The agent lost 2 consecutive packets! Is syncmode disabled?
{Mon 01:07:02 Step:1014} Server_Comm.py: Received a new packet while on world.update()!
{Mon 01:07:02 Step:1015} Server_Comm.py: Received a new packet while on world.update()!
{Mon 01:07:02 Step:1019} Server_Comm.py: The agent lost 3 consecutive packets! Is syncmode disabled?
{Mon 01:07:02 Step:1019} Server_Comm.py: Received a new packet while on world.update()!
{Mon 01:07:02 Step:1023} Server_Comm.py: The agent lost 3 consecutive packets! Is syncmode disabled?
{Mon 01:07:02 Step:1023} Server_Comm.py: Received a new packet while on world.update()!
{Mon 01:07:02 Step:1026} Server_Comm.py: The agent lost 2 consecutive packets! Is syncmode disabled?
{Mon 01:07:02 Step:1026} Server_Comm.py: Received a new packet while thinking!
{Mon 01:07:02 Step:1027} Server_Comm.py: Received a new packet while on world.update()!
{Mon 01:07:02 Step:1030} Server_Comm.py: The agent lost 2 consecutive packets! Is syncmode disabled?
{Mon 01:07:02 Step:1030} Server_Comm.py: Received a new packet while on world.update()!
{Mon 01:07:02 Step:1032} Server_Comm.py: The agent lost 1 packet! Is syncmode enabled?
{Mon 01:07:02 Step:1032} Server_Comm.py: Received a new packet while on world.update()!
{Mon 01:07:02 Step:1033} Server_Comm.py: Received a new packet while on world.update()!
{Mon 01:07:02 Step:1036} Server_Comm.py: The agent lost 2 consecutive packets! Is syncmode disabled?
{Mon 01:07:02 Step:1036} Server_Comm.py: Received a new packet while on world.update()!
{Mon 01:07:02 Step:1037} Server_Comm.py: Received a new packet while on world.update()!
{Mon 01:07:02 Step:1041} Server_Comm.py: The agent lost 3 consecutive packets! Is syncmode disabled?
{Mon 01:07:02 Step:1041} Server_Comm.py: Received a new packet while on world.update()!
{Mon 01:07:02 Step:1044} Server_Comm.py: The agent lost 2 consecutive packets! Is syncmode disabled?
{Mon 01:07:02 Step:1044} Server_Comm.py: Received a new packet while on world.update()!
{Mon 01:07:02 Step:1046} Server_Comm.py: The agent lost 1 packet! Is syncmode enabled?
{Mon 01:07:02 Step:1046} Server_Comm.py: Received a new packet while thinking!
{Mon 01:07:02 Step:1047} Server_Comm.py: Received a new packet while on world.update()!
{Mon 01:07:02 Step:1050} Server_Comm.py: The agent lost 2 consecutive packets! Is syncmode disabled?
{Mon 01:07:02 Step:1050} Server_Comm.py: Received a new packet while on world.update()!
{Mon 01:07:02 Step:1051} Server_Comm.py: Received a new packet while on world.update()!
{Mon 01:07:02 Step:1054} Server_Comm.py: The agent lost 2 consecutive packets! Is syncmode disabled?
{Mon 01:07:02 Step:1054} Server_Comm.py: Received a new packet while on world.update()!
{Mon 01:07:02 Step:1055} Server_Comm.py: Received a new packet while on world.update()!
{Mon 01:07:02 Step:1058} Server_Comm.py: The agent lost 2 consecutive packets! Is syncmode disabled?
{Mon 01:07:02 Step:1058} Server_Comm.py: Received a new packet while on world.update()!
{Mon 01:07:02 Step:1062} Server_Comm.py: The agent lost 3 consecutive packets! Is syncmode disabled?
{Mon 01:07:02 Step:1062} Server_Comm.py: Received a new packet while on world.update()!
{Mon 01:07:02 Step:1064} Server_Comm.py: The agent lost 1 packet! Is syncmode enabled?
{Mon 01:07:02 Step:1064} Server_Comm.py: Received a new packet while on world.update()!
{Mon 01:07:02 Step:1065} Server_Comm.py: Received a new packet while on world.update()!
{Mon 01:07:02 Step:1069} Server_Comm.py: The agent lost 3 consecutive packets! Is syncmode disabled?
{Mon 01:07:02 Step:1069} Server_Comm.py: Received a new packet while on world.update()!
{Mon 01:07:02 Step:1072} Server_Comm.py: The agent lost 2 consecutive packets! Is syncmode disabled?
{Mon 01:07:02 Step:1076} Server_Comm.py: The agent lost 2 consecutive packets! Is syncmode disabled?
{Mon 01:07:02 Step:1081} Server_Comm.py: The agent lost 3 consecutive packets! Is syncmode disabled?
{Mon 01:07:02 Step:1084} Server_Comm.py: The agent lost 2 consecutive packets! Is syncmode disabled?
{Mon 01:07:02 Step:1086} Server_Comm.py: The agent lost 1 packet! Is syncmode enabled?
{Mon 01:07:02 Step:1088} Server_Comm.py: The agent lost 1 packet! Is syncmode enabled?
{Mon 01:07:02 Step:1091} Server_Comm.py: The agent lost 1 packet! Is syncmode enabled?
{Mon 01:07:02 Step:1093} Server_Comm.py: The agent lost 1 packet! Is syncmode enabled?
{Mon 01:07:02 Step:1096} Server_Comm.py: The agent lost 2 consecutive packets! Is syncmode disabled?
{Mon 01:07:03 Step:1098} Server_Comm.py: The agent lost 1 packet! Is syncmode enabled?
{Mon 01:07:03 Step:1103} Server_Comm.py: The agent lost 1 packet! Is syncmode enabled?
{Mon 01:07:03 Step:1105} Server_Comm.py: The agent lost 1 packet! Is syncmode enabled?
{Mon 01:07:03 Step:1107} Server_Comm.py: The agent lost 1 packet! Is syncmode enabled?
{Mon 01:07:03 Step:1109} Server_Comm.py: The agent lost 1 packet! Is syncmode enabled?
{Mon 01:07:03 Step:1111} Server_Comm.py: The agent lost 1 packet! Is syncmode enabled?
{Mon 01:07:03 Step:1113} Server_Comm.py: The agent lost 1 packet! Is syncmode enabled?
{Mon 01:07:03 Step:1115} Server_Comm.py: The agent lost 1 packet! Is syncmode enabled?
{Mon 01:07:03 Step:1117} Server_Comm.py: The agent lost 1 packet! Is syncmode enabled?
{Mon 01:07:03 Step:1119} Server_Comm.py: The agent lost 1 packet! Is syncmode enabled?
{Mon 01:07:03 Step:1121} Server_Comm.py: The agent lost 1 packet! Is syncmode enabled?
{Mon 01:07:03 Step:1123} Server_Comm.py: The agent lost 1 packet! Is syncmode enabled?
{Mon 01:07:03 Step:1125} Server_Comm.py: The agent lost 1 packet! Is syncmode enabled?
{Mon 01:07:03 Step:1127} Server_Comm.py: The agent lost 1 packet! Is syncmode enabled?
{Mon 01:07:03 Step:1131} Server_Comm.py: The agent lost 1 packet! Is syncmode enabled?
{Mon 01:07:03 Step:1144} Server_Comm.py: The agent lost 1 packet! Is syncmode enabled?
{Mon 01:07:03 Step:1155} Server_Comm.py: The agent lost 1 packet! Is syncmode enabled?
{Mon 01:07:03 Step:1160} Server_Comm.py: The agent lost 1 packet! Is syncmode enabled?
{Mon 01:07:03 Step:1182} Server_Comm.py: The agent lost 1 packet! Is syncmode enabled?
{Mon 01:07:03 Step:1188} Server_Comm.py: The agent lost 2 consecutive packets! Is syncmode disabled?
{Mon 01:07:03 Step:1190} Server_Comm.py: The agent lost 1 packet! Is syncmode enabled?
{Mon 01:07:03 Step:1195} Server_Comm.py: The agent lost 4 consecutive packets! Is syncmode disabled?
{Mon 01:07:03 Step:1199} Server_Comm.py: The agent lost 3 consecutive packets! Is syncmode disabled?
{Mon 01:07:03 Step:1203} Server_Comm.py: The agent lost 3 consecutive packets! Is syncmode disabled?
{Mon 01:07:03 Step:1208} Server_Comm.py: The agent lost 4 consecutive packets! Is syncmode disabled?
{Mon 01:07:03 Step:1211} Server_Comm.py: The agent lost 2 consecutive packets! Is syncmode disabled?
{Mon 01:07:03 Step:1215} Server_Comm.py: The agent lost 3 consecutive packets! Is syncmode disabled?
{Mon 01:07:03 Step:1220} Server_Comm.py: The agent lost 4 consecutive packets! Is syncmode disabled?
{Mon 01:07:03 Step:1223} Server_Comm.py: The agent lost 2 consecutive packets! Is syncmode disabled?
{Mon 01:07:03 Step:1225} Server_Comm.py: The agent lost 1 packet! Is syncmode enabled?
{Mon 01:07:03 Step:1227} Server_Comm.py: The agent lost 1 packet! Is syncmode enabled?
{Mon 01:07:03 Step:1229} Server_Comm.py: The agent lost 1 packet! Is syncmode enabled?
{Mon 01:07:03 Step:1231} Server_Comm.py: The agent lost 1 packet! Is syncmode enabled?
{Mon 01:07:03 Step:1233} Server_Comm.py: The agent lost 1 packet! Is syncmode enabled?
{Mon 01:07:03 Step:1235} Server_Comm.py: The agent lost 1 packet! Is syncmode enabled?
{Mon 01:07:03 Step:1237} Server_Comm.py: The agent lost 1 packet! Is syncmode enabled?
{Mon 01:07:03 Step:1243} Server_Comm.py: The agent lost 1 packet! Is syncmode enabled?
{Mon 01:07:03 Step:1253} Server_Comm.py: The agent lost 1 packet! Is syncmode enabled?
{Mon 01:07:03 Step:1269} Server_Comm.py: The agent lost 1 packet! Is syncmode enabled?
{Mon 01:07:03 Step:1273} Server_Comm.py: The agent lost 1 packet! Is syncmode enabled?
{Mon 01:07:03 Step:1275} Server_Comm.py: The agent lost 1 packet! Is syncmode enabled?
{Mon 01:07:03 Step:1277} Server_Comm.py: The agent lost 1 packet! Is syncmode enabled?
{Mon 01:07:03 Step:1285} Server_Comm.py: The agent lost 1 packet! Is syncmode enabled?
{Mon 01:07:03 Step:1298} Server_Comm.py: The agent lost 1 packet! Is syncmode enabled?
{Mon 01:07:03 Step:1301} Server_Comm.py: The agent lost 1 packet! Is syncmode enabled?
{Mon 01:07:03 Step:1307} Server_Comm.py: The agent lost 1 packet! Is syncmode enabled?
{Mon 01:07:03 Step:1315} Server_Comm.py: The agent lost 1 packet! Is syncmode enabled?
{Mon 01:07:03 Step:1322} Server_Comm.py: The agent lost 1 packet! Is syncmode enabled?
{Mon 01:07:03 Step:1326} Server_Comm.py: The agent lost 2 consecutive packets! Is syncmode disabled?
{Mon 01:07:03 Step:1328} Server_Comm.py: The agent lost 1 packet! Is syncmode enabled?
{Mon 01:07:03 Step:1334} Server_Comm.py: The agent lost 5 consecutive packets! Is syncmode disabled?
{Mon 01:07:03 Step:1337} Server_Comm.py: The agent lost 2 consecutive packets! Is syncmode disabled?
{Mon 01:07:03 Step:1341} Server_Comm.py: The agent lost 3 consecutive packets! Is syncmode disabled?
{Mon 01:07:03 Step:1346} Server_Comm.py: The agent lost 4 consecutive packets! Is syncmode disabled?
{Mon 01:07:03 Step:1348} Server_Comm.py: The agent lost 1 packet! Is syncmode enabled?
{Mon 01:07:03 Step:1350} Server_Comm.py: The agent lost 1 packet! Is syncmode enabled?
{Mon 01:07:03 Step:1352} Server_Comm.py: The agent lost 1 packet! Is syncmode enabled?
{Mon 01:07:03 Step:1354} Server_Comm.py: The agent lost 1 packet! Is syncmode enabled?
{Mon 01:07:03 Step:1358} Server_Comm.py: The agent lost 2 consecutive packets! Is syncmode disabled?
{Mon 01:07:03 Step:1360} Server_Comm.py: The agent lost 1 packet! Is syncmode enabled?
{Mon 01:07:03 Step:1362} Server_Comm.py: The agent lost 1 packet! Is syncmode enabled?
{Mon 01:07:03 Step:1364} Server_Comm.py: The agent lost 1 packet! Is syncmode enabled?
{Mon 01:07:03 Step:1368} Server_Comm.py: The agent lost 2 consecutive packets! Is syncmode disabled?
{Mon 01:07:03 Step:1370} Server_Comm.py: The agent lost 1 packet! Is syncmode enabled?
{Mon 01:07:03 Step:1372} Server_Comm.py: The agent lost 1 packet! Is syncmode enabled?
{Mon 01:07:03 Step:1377} Server_Comm.py: The agent lost 3 consecutive packets! Is syncmode disabled?
{Mon 01:07:03 Step:1380} Server_Comm.py: The agent lost 2 consecutive packets! Is syncmode disabled?
{Mon 01:07:03 Step:1383} Server_Comm.py: The agent lost 1 packet! Is syncmode enabled?
{Mon 01:07:03 Step:1387} Server_Comm.py: The agent lost 1 packet! Is syncmode enabled?
{Mon 01:07:03 Step:1389} Server_Comm.py: The agent lost 1 packet! Is syncmode enabled?
{Mon 01:07:03 Step:1394} Server_Comm.py: The agent lost 1 packet! Is syncmode enabled?
{Mon 01:07:03 Step:1404} Server_Comm.py: The agent lost 1 packet! Is syncmode enabled?
{Mon 01:07:03 Step:1406} Server_Comm.py: The agent lost 1 packet! Is syncmode enabled?
{Mon 01:07:03 Step:1411} Server_Comm.py: The agent lost 1 packet! Is syncmode enabled?
{Mon 01:07:03 Step:1413} Server_Comm.py: The agent lost 1 packet! Is syncmode enabled?
{Mon 01:07:03 Step:1417} Server_Comm.py: The agent lost 1 packet! Is syncmode enabled?
{Mon 01:07:03 Step:1429} Server_Comm.py: The agent lost 1 packet! Is syncmode enabled?
{Mon 01:07:03 Step:1460} Server_Comm.py: The agent lost 1 packet! Is syncmode enabled?
{Mon 01:07:03 Step:1463} Server_Comm.py: The agent lost 1 packet! Is syncmode enabled?
{Mon 01:07:03 Step:1470} Server_Comm.py: The agent lost 6 consecutive packets! Is syncmode disabled?
{Mon 01:07:03 Step:1474} Server_Comm.py: The agent lost 3 consecutive packets! Is syncmode disabled?
{Mon 01:07:03 Step:1476} Server_Comm.py: The agent lost 1 packet! Is syncmode enabled?
{Mon 01:07:03 Step:1479} Server_Comm.py: The agent lost 1 packet! Is syncmode enabled?
{Mon 01:07:03 Step:1482} Server_Comm.py: The agent lost 2 consecutive packets! Is syncmode disabled?
{Mon 01:07:03 Step:1485} Server_Comm.py: The agent lost 1 packet! Is syncmode enabled?
{Mon 01:07:03 Step:1488} Server_Comm.py: The agent lost 2 consecutive packets! Is syncmode disabled?
{Mon 01:07:03 Step:1492} Server_Comm.py: The agent lost 2 consecutive packets! Is syncmode disabled?
{Mon 01:07:03 Step:1496} Server_Comm.py: The agent lost 2 consecutive packets! Is syncmode disabled?
{Mon 01:07:03 Step:1499} Server_Comm.py: The agent lost 2 consecutive packets! Is syncmode disabled?
{Mon 01:07:03 Step:1502} Server_Comm.py: The agent lost 2 consecutive packets! Is syncmode disabled?
{Mon 01:07:03 Step:1506} Server_Comm.py: The agent lost 2 consecutive packets! Is syncmode disabled?
{Mon 01:07:03 Step:1508} Server_Comm.py: The agent lost 1 packet! Is syncmode enabled?
{Mon 01:07:03 Step:1512} Server_Comm.py: The agent lost 2 consecutive packets! Is syncmode disabled?
{Mon 01:07:03 Step:1514} Server_Comm.py: The agent lost 1 packet! Is syncmode enabled?
{Mon 01:07:03 Step:1516} Server_Comm.py: The agent lost 1 packet! Is syncmode enabled?
{Mon 01:07:03 Step:1518} Server_Comm.py: The agent lost 1 packet! Is syncmode enabled?
{Mon 01:07:03 Step:1522} Server_Comm.py: The agent lost 2 consecutive packets! Is syncmode disabled?
{Mon 01:07:03 Step:1524} Server_Comm.py: The agent lost 1 packet! Is syncmode enabled?
{Mon 01:07:03 Step:1526} Server_Comm.py: The agent lost 1 packet! Is syncmode enabled?
{Mon 01:07:03 Step:1528} Server_Comm.py: The agent lost 1 packet! Is syncmode enabled?
{Mon 01:07:03 Step:1532} Server_Comm.py: The agent lost 2 consecutive packets! Is syncmode disabled?
{Mon 01:07:03 Step:1534} Server_Comm.py: The agent lost 1 packet! Is syncmode enabled?
{Mon 01:07:03 Step:1537} Server_Comm.py: The agent lost 1 packet! Is syncmode enabled?
{Mon 01:07:03 Step:1540} Server_Comm.py: The agent lost 2 consecutive packets! Is syncmode disabled?
{Mon 01:07:03 Step:1542} Server_Comm.py: The agent lost 1 packet! Is syncmode enabled?
{Mon 01:07:03 Step:1547} Server_Comm.py: The agent lost 3 consecutive packets! Is syncmode disabled?
{Mon 01:07:03 Step:1550} Server_Comm.py: The agent lost 2 consecutive packets! Is syncmode disabled?
{Mon 01:07:03 Step:1552} Server_Comm.py: The agent lost 1 packet! Is syncmode enabled?
{Mon 01:07:03 Step:1554} Server_Comm.py: The agent lost 1 packet! Is syncmode enabled?
{Mon 01:07:03 Step:1558} Server_Comm.py: The agent lost 2 consecutive packets! Is syncmode disabled?
{Mon 01:07:03 Step:1562} Server_Comm.py: The agent lost 2 consecutive packets! Is syncmode disabled?
{Mon 01:07:03 Step:1564} Server_Comm.py: The agent lost 1 packet! Is syncmode enabled?
{Mon 01:07:03 Step:1568} Server_Comm.py: The agent lost 2 consecutive packets! Is syncmode disabled?
{Mon 01:07:03 Step:1572} Server_Comm.py: The agent lost 2 consecutive packets! Is syncmode disabled?
{Mon 01:07:03 Step:1576} Server_Comm.py: The agent lost 2 consecutive packets! Is syncmode disabled?
{Mon 01:07:03 Step:1580} Server_Comm.py: The agent lost 2 consecutive packets! Is syncmode disabled?
{Mon 01:07:03 Step:1583} Server_Comm.py: The agent lost 1 packet! Is syncmode enabled?
{Mon 01:07:03 Step:1586} Server_Comm.py: The agent lost 2 consecutive packets! Is syncmode disabled?
{Mon 01:07:03 Step:1590} Server_Comm.py: The agent lost 2 consecutive packets! Is syncmode disabled?
{Mon 01:07:03 Step:1592} Server_Comm.py: The agent lost 1 packet! Is syncmode enabled?
{Mon 01:07:03 Step:1595} Server_Comm.py: The agent lost 1 packet! Is syncmode enabled?
{Mon 01:07:03 Step:1597} Server_Comm.py: The agent lost 1 packet! Is syncmode enabled?
{Mon 01:07:03 Step:1599} Server_Comm.py: The agent lost 1 packet! Is syncmode enabled?
{Mon 01:07:03 Step:1603} Server_Comm.py: The agent lost 3 consecutive packets! Is syncmode disabled?
{Mon 01:07:03 Step:1606} Server_Comm.py: The agent lost 2 consecutive packets! Is syncmode disabled?
{Mon 01:07:03 Step:1608} Server_Comm.py: The agent lost 1 packet! Is syncmode enabled?
{Mon 01:07:03 Step:1612} Server_Comm.py: The agent lost 2 consecutive packets! Is syncmode disabled?
{Mon 01:07:03 Step:1616} Server_Comm.py: The agent lost 2 consecutive packets! Is syncmode disabled?
{Mon 01:07:03 Step:1618} Server_Comm.py: The agent lost 1 packet! Is syncmode enabled?
{Mon 01:07:03 Step:1620} Server_Comm.py: The agent lost 1 packet! Is syncmode enabled?
{Mon 01:07:03 Step:1624} Server_Comm.py: The agent lost 2 consecutive packets! Is syncmode disabled?
{Mon 01:07:03 Step:1626} Server_Comm.py: The agent lost 1 packet! Is syncmode enabled?
{Mon 01:07:03 Step:1628} Server_Comm.py: The agent lost 1 packet! Is syncmode enabled?
{Mon 01:07:03 Step:1632} Server_Comm.py: The agent lost 2 consecutive packets! Is syncmode disabled?
{Mon 01:07:03 Step:1634} Server_Comm.py: The agent lost 1 packet! Is syncmode enabled?
{Mon 01:07:03 Step:1636} Server_Comm.py: The agent lost 1 packet! Is syncmode enabled?
{Mon 01:07:03 Step:1638} Server_Comm.py: The agent lost 1 packet! Is syncmode enabled?
{Mon 01:07:03 Step:1640} Server_Comm.py: The agent lost 1 packet! Is syncmode enabled?
{Mon 01:07:03 Step:1649} Server_Comm.py: The agent lost 7 consecutive packets! Is syncmode disabled?
{Mon 01:07:03 Step:1654} Server_Comm.py: The agent lost 4 consecutive packets! Is syncmode disabled?
{Mon 01:07:03 Step:1657} Server_Comm.py: The agent lost 2 consecutive packets! Is syncmode disabled?
{Mon 01:07:03 Step:1661} Server_Comm.py: The agent lost 3 consecutive packets! Is syncmode disabled?
{Mon 01:07:03 Step:1665} Server_Comm.py: The agent lost 3 consecutive packets! Is syncmode disabled?
{Mon 01:07:03 Step:1669} Server_Comm.py: The agent lost 3 consecutive packets! Is syncmode disabled?
{Mon 01:07:03 Step:1672} Server_Comm.py: The agent lost 2 consecutive packets! Is syncmode disabled?
{Mon 01:07:03 Step:1674} Server_Comm.py: The agent lost 1 packet! Is syncmode enabled?
{Mon 01:07:03 Step:1677} Server_Comm.py: The agent lost 1 packet! Is syncmode enabled?
{Mon 01:07:03 Step:1685} Server_Comm.py: The agent lost 3 consecutive packets! Is syncmode disabled?
{Mon 01:07:03 Step:1689} Server_Comm.py: The agent lost 3 consecutive packets! Is syncmode disabled?
{Mon 01:07:03 Step:1693} Server_Comm.py: The agent lost 3 consecutive packets! Is syncmode disabled?
{Mon 01:07:03 Step:1697} Server_Comm.py: The agent lost 3 consecutive packets! Is syncmode disabled?
{Mon 01:07:03 Step:1701} Server_Comm.py: The agent lost 3 consecutive packets! Is syncmode disabled?
{Mon 01:07:03 Step:1705} Server_Comm.py: The agent lost 3 consecutive packets! Is syncmode disabled?
{Mon 01:07:03 Step:1714} Server_Comm.py: The agent lost 8 consecutive packets! Is syncmode disabled?
{Mon 01:07:03 Step:1717} Server_Comm.py: The agent lost 2 consecutive packets! Is syncmode disabled?
{Mon 01:07:03 Step:1721} Server_Comm.py: The agent lost 3 consecutive packets! Is syncmode disabled?
{Mon 01:07:03 Step:1725} Server_Comm.py: The agent lost 3 consecutive packets! Is syncmode disabled?
{Mon 01:07:03 Step:1730} Server_Comm.py: The agent lost 4 consecutive packets! Is syncmode disabled?
{Mon 01:07:03 Step:1732} Server_Comm.py: The agent lost 1 packet! Is syncmode enabled?
{Mon 01:07:03 Step:1734} Server_Comm.py: The agent lost 1 packet! Is syncmode enabled?
{Mon 01:07:03 Step:1737} Server_Comm.py: The agent lost 1 packet! Is syncmode enabled?
{Mon 01:07:03 Step:1741} Server_Comm.py: The agent lost 1 packet! Is syncmode enabled?
{Mon 01:07:03 Step:1753} Server_Comm.py: The agent lost 1 packet! Is syncmode enabled?
{Mon 01:07:03 Step:1761} Server_Comm.py: The agent lost 1 packet! Is syncmode enabled?
{Mon 01:07:03 Step:1767} Server_Comm.py: The agent lost 1 packet! Is syncmode enabled?
{Mon 01:07:03 Step:1772} Server_Comm.py: The agent lost 1 packet! Is syncmode enabled?
{Mon 01:07:03 Step:1787} Server_Comm.py: The agent lost 1 packet! Is syncmode enabled?
{Mon 01:07:03 Step:1799} Server_Comm.py: The agent lost 1 packet! Is syncmode enabled?
{Mon 01:07:03 Step:1811} Server_Comm.py: The agent lost 1 packet! Is syncmode enabled?
{Mon 01:07:03 Step:1826} Server_Comm.py: The agent lost 2 consecutive packets! Is syncmode disabled?
{Mon 01:07:03 Step:1830} Server_Comm.py: The agent lost 2 consecutive packets! Is syncmode disabled?
{Mon 01:07:03 Step:1852} Server_Comm.py: The agent lost 21 consecutive packets! Is syncmode disabled?
{Mon 01:07:03 Step:1862} Server_Comm.py: The agent lost 9 consecutive packets! Is syncmode disabled?
{Mon 01:07:03 Step:1867} Server_Comm.py: The agent lost 4 consecutive packets! Is syncmode disabled?
{Mon 01:07:03 Step:1871} Server_Comm.py: The agent lost 3 consecutive packets! Is syncmode disabled?
{Mon 01:07:03 Step:1873} Server_Comm.py: The agent lost 1 packet! Is syncmode enabled?
{Mon 01:07:03 Step:1875} Server_Comm.py: The agent lost 1 packet! Is syncmode enabled?
{Mon 01:07:03 Step:1877} Server_Comm.py: The agent lost 1 packet! Is syncmode enabled?
{Mon 01:07:03 Step:1881} Server_Comm.py: The agent lost 3 consecutive packets! Is syncmode disabled?
{Mon 01:07:03 Step:1884} Server_Comm.py: The agent lost 2 consecutive packets! Is syncmode disabled?
{Mon 01:07:03 Step:1886} Server_Comm.py: The agent lost 1 packet! Is syncmode enabled?
{Mon 01:07:03 Step:1893} Server_Comm.py: The agent lost 6 consecutive packets! Is syncmode disabled?
{Mon 01:07:03 Step:1899} Server_Comm.py: The agent lost 5 consecutive packets! Is syncmode disabled?
{Mon 01:07:03 Step:1901} Server_Comm.py: The agent lost 1 packet! Is syncmode enabled?
{Mon 01:07:03 Step:1912} Server_Comm.py: The agent lost 1 packet! Is syncmode enabled?
{Mon 01:07:03 Step:1930} Server_Comm.py: The agent lost 1 packet! Is syncmode enabled?
{Mon 01:07:03 Step:1947} Server_Comm.py: The agent lost 1 packet! Is syncmode enabled?
{Mon 01:07:03 Step:1955} Server_Comm.py: The agent lost 1 packet! Is syncmode enabled?
{Mon 01:07:03 Step:1963} Server_Comm.py: The agent lost 1 packet! Is syncmode enabled?
{Mon 01:07:03 Step:1996} Server_Comm.py: The agent lost 2 consecutive packets! Is syncmode disabled?
{Mon 01:07:03 Step:2027} Server_Comm.py: The agent lost 29 consecutive packets! Is syncmode disabled?
{Mon 01:07:03 Step:2038} Server_Comm.py: The agent lost 10 consecutive packets! Is syncmode disabled?
{Mon 01:07:03 Step:2042} Server_Comm.py: The agent lost 3 consecutive packets! Is syncmode disabled?
{Mon 01:07:03 Step:2045} Server_Comm.py: The agent lost 2 consecutive packets! Is syncmode disabled?
{Mon 01:07:03 Step:2050} Server_Comm.py: The agent lost 4 consecutive packets! Is syncmode disabled?
{Mon 01:07:03 Step:2055} Server_Comm.py: The agent lost 1 packet! Is syncmode enabled?
{Mon 01:07:03 Step:2057} Server_Comm.py: The agent lost 1 packet! Is syncmode enabled?
{Mon 01:07:03 Step:2059} Server_Comm.py: The agent lost 1 packet! Is syncmode enabled?
{Mon 01:07:03 Step:2062} Server_Comm.py: The agent lost 2 consecutive packets! Is syncmode disabled?
{Mon 01:07:03 Step:2066} Server_Comm.py: The agent lost 2 consecutive packets! Is syncmode disabled?
{Mon 01:07:03 Step:2068} Server_Comm.py: The agent lost 1 packet! Is syncmode enabled?
{Mon 01:07:03 Step:2070} Server_Comm.py: The agent lost 1 packet! Is syncmode enabled?
{Mon 01:07:03 Step:2074} Server_Comm.py: The agent lost 2 consecutive packets! Is syncmode disabled?
{Mon 01:07:03 Step:2076} Server_Comm.py: The agent lost 1 packet! Is syncmode enabled?
{Mon 01:07:03 Step:2079} Server_Comm.py: The agent lost 1 packet! Is syncmode enabled?
{Mon 01:07:03 Step:2081} Server_Comm.py: The agent lost 1 packet! Is syncmode enabled?
{Mon 01:07:03 Step:2085} Server_Comm.py: The agent lost 1 packet! Is syncmode enabled?
{Mon 01:07:04 Step:2149} Server_Comm.py: The agent lost 1 packet! Is syncmode enabled?
{Mon 01:07:04 Step:2152} Server_Comm.py: The agent lost 2 consecutive packets! Is syncmode disabled?
{Mon 01:07:04 Step:2160} Server_Comm.py: The agent lost 7 consecutive packets! Is syncmode disabled?
{Mon 01:07:04 Step:2163} Server_Comm.py: The agent lost 2 consecutive packets! Is syncmode disabled?
{Mon 01:07:04 Step:2165} Server_Comm.py: The agent lost 1 packet! Is syncmode enabled?
{Mon 01:07:04 Step:2169} Server_Comm.py: The agent lost 3 consecutive packets! Is syncmode disabled?
{Mon 01:07:04 Step:2173} Server_Comm.py: The agent lost 3 consecutive packets! Is syncmode disabled?
{Mon 01:07:04 Step:2177} Server_Comm.py: The agent lost 3 consecutive packets! Is syncmode disabled?
{Mon 01:07:04 Step:2181} Server_Comm.py: The agent lost 3 consecutive packets! Is syncmode disabled?
{Mon 01:07:04 Step:2185} Server_Comm.py: The agent lost 3 consecutive packets! Is syncmode disabled?
{Mon 01:07:04 Step:2189} Server_Comm.py: The agent lost 3 consecutive packets! Is syncmode disabled?
{Mon 01:07:04 Step:2191} Server_Comm.py: The agent lost 1 packet! Is syncmode enabled?
{Mon 01:07:04 Step:2194} Server_Comm.py: The agent lost 2 consecutive packets! Is syncmode disabled?
{Mon 01:07:04 Step:2196} Server_Comm.py: The agent lost 1 packet! Is syncmode enabled?
{Mon 01:07:04 Step:2198} Server_Comm.py: The agent lost 1 packet! Is syncmode enabled?
{Mon 01:07:04 Step:2202} Server_Comm.py: The agent lost 2 consecutive packets! Is syncmode disabled?
{Mon 01:07:04 Step:2205} Server_Comm.py: The agent lost 2 consecutive packets! Is syncmode disabled?
{Mon 01:07:04 Step:2209} Server_Comm.py: The agent lost 3 consecutive packets! Is syncmode disabled?
{Mon 01:07:04 Step:2214} Server_Comm.py: The agent lost 4 consecutive packets! Is syncmode disabled?
{Mon 01:07:04 Step:2217} Server_Comm.py: The agent lost 2 consecutive packets! Is syncmode disabled?
{Mon 01:07:04 Step:2222} Server_Comm.py: The agent lost 4 consecutive packets! Is syncmode disabled?
{Mon 01:07:04 Step:2224} Server_Comm.py: The agent lost 1 packet! Is syncmode enabled?
{Mon 01:07:04 Step:2226} Server_Comm.py: The agent lost 1 packet! Is syncmode enabled?
{Mon 01:07:04 Step:2231} Server_Comm.py: The agent lost 1 packet! Is syncmode enabled?
{Mon 01:07:04 Step:2233} Server_Comm.py: The agent lost 1 packet! Is syncmode enabled?
{Mon 01:07:04 Step:2237} Server_Comm.py: The agent lost 1 packet! Is syncmode enabled?
{Mon 01:07:04 Step:2241} Server_Comm.py: The agent lost 1 packet! Is syncmode enabled?
{Mon 01:07:04 Step:2247} Server_Comm.py: The agent lost 1 packet! Is syncmode enabled?
{Mon 01:07:04 Step:2249} Server_Comm.py: The agent lost 1 packet! Is syncmode enabled?
{Mon 01:07:04 Step:2259} Server_Comm.py: The agent lost 1 packet! Is syncmode enabled?
{Mon 01:07:04 Step:2264} Server_Comm.py: The agent lost 1 packet! Is syncmode enabled?
{Mon 01:07:04 Step:2271} Server_Comm.py: The agent lost 1 packet! Is syncmode enabled?
{Mon 01:07:04 Step:2289} Server_Comm.py: The agent lost 1 packet! Is syncmode enabled?
{Mon 01:07:04 Step:2303} Server_Comm.py: The agent lost 1 packet! Is syncmode enabled?
{Mon 01:07:04 Step:2306} Server_Comm.py: The agent lost 2 consecutive packets! Is syncmode disabled?
{Mon 01:07:04 Step:2308} Server_Comm.py: The agent lost 1 packet! Is syncmode enabled?
{Mon 01:07:04 Step:2317} Server_Comm.py: The agent lost 7 consecutive packets! Is syncmode disabled?
{Mon 01:07:04 Step:2323} Server_Comm.py: The agent lost 5 consecutive packets! Is syncmode disabled?
{Mon 01:07:04 Step:2329} Server_Comm.py: The agent lost 5 consecutive packets! Is syncmode disabled?
{Mon 01:07:04 Step:2334} Server_Comm.py: The agent lost 4 consecutive packets! Is syncmode disabled?
{Mon 01:07:04 Step:2336} Server_Comm.py: The agent lost 1 packet! Is syncmode enabled?
{Mon 01:07:04 Step:2341} Server_Comm.py: The agent lost 1 packet! Is syncmode enabled?
{Mon 01:07:04 Step:2351} Server_Comm.py: The agent lost 1 packet! Is syncmode enabled?
{Mon 01:07:04 Step:2353} Server_Comm.py: The agent lost 1 packet! Is syncmode enabled?
{Mon 01:07:04 Step:2359} Server_Comm.py: The agent lost 1 packet! Is syncmode enabled?
{Mon 01:07:04 Step:2361} Server_Comm.py: The agent lost 1 packet! Is syncmode enabled?
{Mon 01:07:04 Step:2364} Server_Comm.py: The agent lost 1 packet! Is syncmode enabled?
{Mon 01:07:04 Step:2397} Server_Comm.py: The agent lost 1 packet! Is syncmode enabled?
{Mon 01:07:04 Step:2399} Server_Comm.py: The agent lost 1 packet! Is syncmode enabled?
{Mon 01:07:04 Step:2421} Server_Comm.py: The agent lost 1 packet! Is syncmode enabled?
{Mon 01:07:04 Step:2429} Server_Comm.py: The agent lost 1 packet! Is syncmode enabled?
{Mon 01:07:04 Step:2432} Server_Comm.py: The agent lost 2 consecutive packets! Is syncmode disabled?
{Mon 01:07:04 Step:2435} Server_Comm.py: The agent lost 2 consecutive packets! Is syncmode disabled?
{Mon 01:07:04 Step:2471} Server_Comm.py: The agent lost 35 consecutive packets! Is syncmode disabled?
{Mon 01:07:04 Step:2487} Server_Comm.py: The agent lost 15 consecutive packets! Is syncmode disabled?
{Mon 01:07:04 Step:2494} Server_Comm.py: The agent lost 6 consecutive packets! Is syncmode disabled?
{Mon 01:07:04 Step:2496} Server_Comm.py: The agent lost 1 packet! Is syncmode enabled?
{Mon 01:07:04 Step:2498} Server_Comm.py: The agent lost 1 packet! Is syncmode enabled?
{Mon 01:07:04 Step:2503} Server_Comm.py: The agent lost 3 consecutive packets! Is syncmode disabled?
{Mon 01:07:04 Step:2506} Server_Comm.py: The agent lost 2 consecutive packets! Is syncmode disabled?
{Mon 01:07:04 Step:2508} Server_Comm.py: The agent lost 1 packet! Is syncmode enabled?
{Mon 01:07:04 Step:2510} Server_Comm.py: The agent lost 1 packet! Is syncmode enabled?
{Mon 01:07:04 Step:2512} Server_Comm.py: The agent lost 1 packet! Is syncmode enabled?
{Mon 01:07:04 Step:2514} Server_Comm.py: The agent lost 1 packet! Is syncmode enabled?
{Mon 01:07:04 Step:2519} Server_Comm.py: The agent lost 3 consecutive packets! Is syncmode disabled?
{Mon 01:07:04 Step:2523} Server_Comm.py: The agent lost 3 consecutive packets! Is syncmode disabled?
{Mon 01:07:04 Step:2527} Server_Comm.py: The agent lost 3 consecutive packets! Is syncmode disabled?
{Mon 01:07:04 Step:2529} Server_Comm.py: The agent lost 1 packet! Is syncmode enabled?
{Mon 01:07:04 Step:2533} Server_Comm.py: The agent lost 1 packet! Is syncmode enabled?
{Mon 01:07:04 Step:2536} Server_Comm.py: The agent lost 1 packet! Is syncmode enabled?
{Mon 01:07:04 Step:2541} Server_Comm.py: The agent lost 1 packet! Is syncmode enabled?
{Mon 01:07:04 Step:2579} Server_Comm.py: The agent lost 1 packet! Is syncmode enabled?
{Mon 01:07:04 Step:2587} Server_Comm.py: The agent lost 1 packet! Is syncmode enabled?
{Mon 01:07:04 Step:2591} Server_Comm.py: The agent lost 1 packet! Is syncmode enabled?
{Mon 01:07:04 Step:2595} Server_Comm.py: The agent lost 1 packet! Is syncmode enabled?
{Mon 01:07:04 Step:2598} Server_Comm.py: The agent lost 1 packet! Is syncmode enabled?
{Mon 01:07:04 Step:2601} Server_Comm.py: The agent lost 1 packet! Is syncmode enabled?
{Mon 01:07:04 Step:2610} Server_Comm.py: The agent lost 2 consecutive packets! Is syncmode disabled?
{Mon 01:07:04 Step:2612} Server_Comm.py: The agent lost 1 packet! Is syncmode enabled?
{Mon 01:07:04 Step:2614} Server_Comm.py: The agent lost 1 packet! Is syncmode enabled?
{Mon 01:07:04 Step:2620} Server_Comm.py: The agent lost 5 consecutive packets! Is syncmode disabled?
{Mon 01:07:04 Step:2624} Server_Comm.py: The agent lost 3 consecutive packets! Is syncmode disabled?
{Mon 01:07:04 Step:2626} Server_Comm.py: The agent lost 1 packet! Is syncmode enabled?
{Mon 01:07:04 Step:2628} Server_Comm.py: The agent lost 1 packet! Is syncmode enabled?
{Mon 01:07:04 Step:2630} Server_Comm.py: The agent lost 1 packet! Is syncmode enabled?
{Mon 01:07:04 Step:2632} Server_Comm.py: The agent lost 1 packet! Is syncmode enabled?
{Mon 01:07:04 Step:2634} Server_Comm.py: The agent lost 1 packet! Is syncmode enabled?
{Mon 01:07:04 Step:2639} Server_Comm.py: The agent lost 3 consecutive packets! Is syncmode disabled?
{Mon 01:07:04 Step:2642} Server_Comm.py: The agent lost 2 consecutive packets! Is syncmode disabled?
{Mon 01:07:04 Step:2644} Server_Comm.py: The agent lost 1 packet! Is syncmode enabled?
{Mon 01:07:04 Step:2674} Server_Comm.py: The agent lost 28 consecutive packets! Is syncmode disabled?
{Mon 01:07:04 Step:2684} Server_Comm.py: The agent lost 9 consecutive packets! Is syncmode disabled?
{Mon 01:07:04 Step:2689} Server_Comm.py: The agent lost 4 consecutive packets! Is syncmode disabled?
{Mon 01:07:04 Step:2695} Server_Comm.py: The agent lost 5 consecutive packets! Is syncmode disabled?
{Mon 01:07:04 Step:2699} Server_Comm.py: The agent lost 3 consecutive packets! Is syncmode disabled?
{Mon 01:07:04 Step:2701} Server_Comm.py: The agent lost 1 packet! Is syncmode enabled?
{Mon 01:07:04 Step:2705} Server_Comm.py: The agent lost 3 consecutive packets! Is syncmode disabled?
{Mon 01:07:04 Step:2709} Server_Comm.py: The agent lost 3 consecutive packets! Is syncmode disabled?
{Mon 01:07:04 Step:2714} Server_Comm.py: The agent lost 4 consecutive packets! Is syncmode disabled?
{Mon 01:07:04 Step:2717} Server_Comm.py: The agent lost 2 consecutive packets! Is syncmode disabled?
{Mon 01:07:04 Step:2717} Server_Comm.py: Received a new packet while thinking!
{Mon 01:07:04 Step:2778} Server_Comm.py: The agent lost 60 consecutive packets! Is syncmode disabled?
{Mon 01:07:04 Step:2831} Server_Comm.py: The agent lost 52 consecutive packets! Is syncmode disabled?
{Mon 01:07:04 Step:2846} Server_Comm.py: The agent lost 14 consecutive packets! Is syncmode disabled?
{Mon 01:07:04 Step:2851} Server_Comm.py: The agent lost 4 consecutive packets! Is syncmode disabled?
{Mon 01:07:04 Step:2854} Server_Comm.py: The agent lost 2 consecutive packets! Is syncmode disabled?
{Mon 01:07:04 Step:2856} Server_Comm.py: The agent lost 1 packet! Is syncmode enabled?
{Mon 01:07:04 Step:2858} Server_Comm.py: The agent lost 1 packet! Is syncmode enabled?
{Mon 01:07:04 Step:2863} Server_Comm.py: The agent lost 3 consecutive packets! Is syncmode disabled?
{Mon 01:07:04 Step:2866} Server_Comm.py: The agent lost 2 consecutive packets! Is syncmode disabled?
{Mon 01:07:04 Step:2868} Server_Comm.py: The agent lost 1 packet! Is syncmode enabled?
{Mon 01:07:04 Step:2872} Server_Comm.py: The agent lost 2 consecutive packets! Is syncmode disabled?
{Mon 01:07:04 Step:2876} Server_Comm.py: The agent lost 2 consecutive packets! Is syncmode disabled?
{Mon 01:07:04 Step:2879} Server_Comm.py: The agent lost 1 packet! Is syncmode enabled?
{Mon 01:07:04 Step:2882} Server_Comm.py: The agent lost 2 consecutive packets! Is syncmode disabled?
{Mon 01:07:04 Step:2891} Server_Comm.py: The agent lost 1 packet! Is syncmode enabled?
{Mon 01:07:04 Step:2899} Server_Comm.py: The agent lost 1 packet! Is syncmode enabled?
{Mon 01:07:04 Step:2903} Server_Comm.py: The agent lost 1 packet! Is syncmode enabled?
{Mon 01:07:04 Step:2913} Server_Comm.py: The agent lost 1 packet! Is syncmode enabled?
{Mon 01:07:04 Step:2928} Server_Comm.py: The agent lost 1 packet! Is syncmode enabled?
{Mon 01:07:04 Step:2933} Server_Comm.py: The agent lost 1 packet! Is syncmode enabled?
{Mon 01:07:04 Step:2939} Server_Comm.py: The agent lost 1 packet! Is syncmode enabled?
{Mon 01:07:04 Step:2943} Server_Comm.py: The agent lost 1 packet! Is syncmode enabled?
{Mon 01:07:04 Step:2951} Server_Comm.py: The agent lost 1 packet! Is syncmode enabled?
{Mon 01:07:04 Step:2955} Server_Comm.py: The agent lost 3 consecutive packets! Is syncmode disabled?
{Mon 01:07:04 Step:2966} Server_Comm.py: The agent lost 2 consecutive packets! Is syncmode disabled?
{Mon 01:07:04 Step:2968} Server_Comm.py: The agent lost 1 packet! Is syncmode enabled?
{Mon 01:07:04 Step:2992} Server_Comm.py: The agent lost 23 consecutive packets! Is syncmode disabled?
{Mon 01:07:04 Step:2999} Server_Comm.py: The agent lost 6 consecutive packets! Is syncmode disabled?
{Mon 01:07:04 Step:3005} Server_Comm.py: The agent lost 5 consecutive packets! Is syncmode disabled?
{Mon 01:07:04 Step:3009} Server_Comm.py: The agent lost 3 consecutive packets! Is syncmode disabled?
{Mon 01:07:04 Step:3012} Server_Comm.py: The agent lost 2 consecutive packets! Is syncmode disabled?
{Mon 01:07:04 Step:3014} Server_Comm.py: The agent lost 1 packet! Is syncmode enabled?
{Mon 01:07:04 Step:3016} Server_Comm.py: The agent lost 1 packet! Is syncmode enabled?
{Mon 01:07:04 Step:3020} Server_Comm.py: The agent lost 2 consecutive packets! Is syncmode disabled?
{Mon 01:07:04 Step:3022} Server_Comm.py: The agent lost 1 packet! Is syncmode enabled?
{Mon 01:07:04 Step:3026} Server_Comm.py: The agent lost 2 consecutive packets! Is syncmode disabled?
{Mon 01:07:04 Step:3031} Server_Comm.py: The agent lost 3 consecutive packets! Is syncmode disabled?
{Mon 01:07:04 Step:3035} Server_Comm.py: The agent lost 3 consecutive packets! Is syncmode disabled?
{Mon 01:07:04 Step:3039} Server_Comm.py: The agent lost 3 consecutive packets! Is syncmode disabled?
{Mon 01:07:04 Step:3043} Server_Comm.py: The agent lost 3 consecutive packets! Is syncmode disabled?
{Mon 01:07:04 Step:3046} Server_Comm.py: The agent lost 2 consecutive packets! Is syncmode disabled?
{Mon 01:07:04 Step:3048} Server_Comm.py: The agent lost 1 packet! Is syncmode enabled?
{Mon 01:07:04 Step:3050} Server_Comm.py: The agent lost 1 packet! Is syncmode enabled?
{Mon 01:07:04 Step:3054} Server_Comm.py: The agent lost 2 consecutive packets! Is syncmode disabled?
{Mon 01:07:04 Step:3056} Server_Comm.py: The agent lost 1 packet! Is syncmode enabled?
{Mon 01:07:04 Step:3059} Server_Comm.py: The agent lost 1 packet! Is syncmode enabled?
{Mon 01:07:04 Step:3063} Server_Comm.py: The agent lost 3 consecutive packets! Is syncmode disabled?
{Mon 01:07:04 Step:3066} Server_Comm.py: The agent lost 2 consecutive packets! Is syncmode disabled?
{Mon 01:07:04 Step:3068} Server_Comm.py: The agent lost 1 packet! Is syncmode enabled?
{Mon 01:07:04 Step:3073} Server_Comm.py: The agent lost 3 consecutive packets! Is syncmode disabled?
{Mon 01:07:04 Step:3076} Server_Comm.py: The agent lost 2 consecutive packets! Is syncmode disabled?
{Mon 01:07:04 Step:3079} Server_Comm.py: The agent lost 2 consecutive packets! Is syncmode disabled?
{Mon 01:07:04 Step:3082} Server_Comm.py: The agent lost 2 consecutive packets! Is syncmode disabled?
{Mon 01:07:04 Step:3084} Server_Comm.py: The agent lost 1 packet! Is syncmode enabled?
{Mon 01:07:04 Step:3088} Server_Comm.py: The agent lost 2 consecutive packets! Is syncmode disabled?
{Mon 01:07:04 Step:3093} Server_Comm.py: The agent lost 3 consecutive packets! Is syncmode disabled?
{Mon 01:07:04 Step:3096} Server_Comm.py: The agent lost 2 consecutive packets! Is syncmode disabled?
{Mon 01:07:04 Step:3098} Server_Comm.py: The agent lost 1 packet! Is syncmode enabled?
{Mon 01:07:04 Step:3102} Server_Comm.py: The agent lost 2 consecutive packets! Is syncmode disabled?
{Mon 01:07:04 Step:3104} Server_Comm.py: The agent lost 1 packet! Is syncmode enabled?
{Mon 01:07:04 Step:3109} Server_Comm.py: The agent lost 3 consecutive packets! Is syncmode disabled?
{Mon 01:07:04 Step:3112} Server_Comm.py: The agent lost 2 consecutive packets! Is syncmode disabled?
{Mon 01:07:04 Step:3114} Server_Comm.py: The agent lost 1 packet! Is syncmode enabled?
{Mon 01:07:04 Step:3116} Server_Comm.py: The agent lost 1 packet! Is syncmode enabled?
{Mon 01:07:04 Step:3120} Server_Comm.py: The agent lost 2 consecutive packets! Is syncmode disabled?
{Mon 01:07:04 Step:3122} Server_Comm.py: The agent lost 1 packet! Is syncmode enabled?
{Mon 01:07:04 Step:3125} Server_Comm.py: The agent lost 1 packet! Is syncmode enabled?
{Mon 01:07:04 Step:3129} Server_Comm.py: The agent lost 3 consecutive packets! Is syncmode disabled?
{Mon 01:07:04 Step:3133} Server_Comm.py: The agent lost 3 consecutive packets! Is syncmode disabled?
{Mon 01:07:04 Step:3137} Server_Comm.py: The agent lost 3 consecutive packets! Is syncmode disabled?
{Mon 01:07:04 Step:3141} Server_Comm.py: The agent lost 3 consecutive packets! Is syncmode disabled?
{Mon 01:07:04 Step:3144} Server_Comm.py: The agent lost 2 consecutive packets! Is syncmode disabled?
{Mon 01:07:04 Step:3146} Server_Comm.py: The agent lost 1 packet! Is syncmode enabled?
{Mon 01:07:04 Step:3151} Server_Comm.py: The agent lost 3 consecutive packets! Is syncmode disabled?
{Mon 01:07:04 Step:3156} Server_Comm.py: The agent lost 4 consecutive packets! Is syncmode disabled?
{Mon 01:07:04 Step:3159} Server_Comm.py: The agent lost 2 consecutive packets! Is syncmode disabled?
{Mon 01:07:04 Step:3163} Server_Comm.py: The agent lost 3 consecutive packets! Is syncmode disabled?
{Mon 01:07:04 Step:3167} Server_Comm.py: The agent lost 3 consecutive packets! Is syncmode disabled?
{Mon 01:07:04 Step:3171} Server_Comm.py: The agent lost 3 consecutive packets! Is syncmode disabled?
{Mon 01:07:04 Step:3176} Server_Comm.py: The agent lost 4 consecutive packets! Is syncmode disabled?
{Mon 01:07:04 Step:3179} Server_Comm.py: The agent lost 2 consecutive packets! Is syncmode disabled?
{Mon 01:07:04 Step:3182} Server_Comm.py: The agent lost 2 consecutive packets! Is syncmode disabled?
{Mon 01:07:04 Step:3187} Server_Comm.py: The agent lost 3 consecutive packets! Is syncmode disabled?
{Mon 01:07:04 Step:3191} Server_Comm.py: The agent lost 3 consecutive packets! Is syncmode disabled?
{Mon 01:07:04 Step:3195} Server_Comm.py: The agent lost 3 consecutive packets! Is syncmode disabled?
{Mon 01:07:04 Step:3199} Server_Comm.py: The agent lost 3 consecutive packets! Is syncmode disabled?
{Mon 01:07:04 Step:3201} Server_Comm.py: The agent lost 1 packet! Is syncmode enabled?
{Mon 01:07:04 Step:3205} Server_Comm.py: The agent lost 1 packet! Is syncmode enabled?
{Mon 01:07:04 Step:3207} Server_Comm.py: The agent lost 1 packet! Is syncmode enabled?
{Mon 01:07:04 Step:3209} Server_Comm.py: The agent lost 1 packet! Is syncmode enabled?
{Mon 01:07:04 Step:3211} Server_Comm.py: The agent lost 1 packet! Is syncmode enabled?
{Mon 01:07:04 Step:3215} Server_Comm.py: The agent lost 1 packet! Is syncmode enabled?
{Mon 01:07:04 Step:3220} Server_Comm.py: The agent lost 2 consecutive packets! Is syncmode disabled?
{Mon 01:07:04 Step:3224} Server_Comm.py: The agent lost 2 consecutive packets! Is syncmode disabled?
{Mon 01:07:04 Step:3231} Server_Comm.py: The agent lost 6 consecutive packets! Is syncmode disabled?
{Mon 01:07:04 Step:3236} Server_Comm.py: The agent lost 4 consecutive packets! Is syncmode disabled?
{Mon 01:07:04 Step:3239} Server_Comm.py: The agent lost 2 consecutive packets! Is syncmode disabled?
{Mon 01:07:04 Step:3243} Server_Comm.py: The agent lost 3 consecutive packets! Is syncmode disabled?
{Mon 01:07:04 Step:3248} Server_Comm.py: The agent lost 4 consecutive packets! Is syncmode disabled?
{Mon 01:07:04 Step:3251} Server_Comm.py: The agent lost 2 consecutive packets! Is syncmode disabled?
{Mon 01:07:04 Step:3256} Server_Comm.py: The agent lost 4 consecutive packets! Is syncmode disabled?
{Mon 01:07:04 Step:3258} Server_Comm.py: The agent lost 1 packet! Is syncmode enabled?
{Mon 01:07:04 Step:3260} Server_Comm.py: The agent lost 1 packet! Is syncmode enabled?
{Mon 01:07:04 Step:3262} Server_Comm.py: The agent lost 1 packet! Is syncmode enabled?
{Mon 01:07:04 Step:3264} Server_Comm.py: The agent lost 1 packet! Is syncmode enabled?
{Mon 01:07:04 Step:3269} Server_Comm.py: The agent lost 3 consecutive packets! Is syncmode disabled?
{Mon 01:07:04 Step:3272} Server_Comm.py: The agent lost 2 consecutive packets! Is syncmode disabled?
{Mon 01:07:04 Step:3274} Server_Comm.py: The agent lost 1 packet! Is syncmode enabled?
{Mon 01:07:04 Step:3283} Server_Comm.py: The agent lost 1 packet! Is syncmode enabled?
{Mon 01:07:04 Step:3303} Server_Comm.py: The agent lost 1 packet! Is syncmode enabled?
{Mon 01:07:04 Step:3308} Server_Comm.py: The agent lost 1 packet! Is syncmode enabled?
{Mon 01:07:04 Step:3333} Server_Comm.py: The agent lost 1 packet! Is syncmode enabled?
{Mon 01:07:04 Step:3337} Server_Comm.py: The agent lost 1 packet! Is syncmode enabled?
{Mon 01:07:04 Step:3349} Server_Comm.py: The agent lost 1 packet! Is syncmode enabled?
{Mon 01:07:04 Step:3352} Server_Comm.py: The agent lost 1 packet! Is syncmode enabled?
{Mon 01:07:04 Step:3358} Server_Comm.py: The agent lost 2 consecutive packets! Is syncmode disabled?
{Mon 01:07:04 Step:3359} Server_Comm.py: Received a new packet while thinking!
{Mon 01:07:04 Step:3676} Server_Comm.py: The agent lost 316 consecutive packets! Is syncmode disabled?
{Mon 01:07:04 Step:3676} Server_Comm.py: Received a new packet while on world.update()!
{Mon 01:07:04 Step:3677} Server_Comm.py: Received a new packet while on world.update()!
{Mon 01:07:04 Step:3678} Server_Comm.py: Received a new packet while on world.update()!
{Mon 01:07:04 Step:3679} Server_Comm.py: Received a new packet while on world.update()!
{Mon 01:07:04 Step:3681} Server_Comm.py: The agent lost 1 packet! Is syncmode enabled?
{Mon 01:07:04 Step:3681} Server_Comm.py: Received a new packet while on world.update()!
{Mon 01:07:04 Step:3683} Server_Comm.py: The agent lost 1 packet! Is syncmode enabled?
{Mon 01:07:04 Step:3683} Server_Comm.py: Received a new packet while on world.update()!
{Mon 01:07:04 Step:3684} Server_Comm.py: Received a new packet while on world.update()!
{Mon 01:07:04 Step:3685} Server_Comm.py: Received a new packet while on world.update()!
{Mon 01:07:04 Step:3686} Server_Comm.py: Received a new packet while on world.update()!
{Mon 01:07:04 Step:3687} Server_Comm.py: Received a new packet while on world.update()!
{Mon 01:07:04 Step:3688} Server_Comm.py: Received a new packet while on world.update()!
{Mon 01:07:04 Step:3689} Server_Comm.py: Received a new packet while on world.update()!
{Mon 01:07:04 Step:3691} Server_Comm.py: The agent lost 1 packet! Is syncmode enabled?
{Mon 01:07:04 Step:3691} Server_Comm.py: Received a new packet while on world.update()!
{Mon 01:07:04 Step:3692} Server_Comm.py: Received a new packet while on world.update()!
{Mon 01:07:04 Step:3693} Server_Comm.py: Received a new packet while on world.update()!
{Mon 01:07:04 Step:3694} Server_Comm.py: Received a new packet while on world.update()!
{Mon 01:07:04 Step:3699} Server_Comm.py: The agent lost 1 packet! Is syncmode enabled?
{Mon 01:07:04 Step:3701} Server_Comm.py: The agent lost 1 packet! Is syncmode enabled?
{Mon 01:07:04 Step:3703} Server_Comm.py: The agent lost 1 packet! Is syncmode enabled?
{Mon 01:07:04 Step:3705} Server_Comm.py: The agent lost 1 packet! Is syncmode enabled?
{Mon 01:07:04 Step:3707} Server_Comm.py: The agent lost 1 packet! Is syncmode enabled?
{Mon 01:07:04 Step:3711} Server_Comm.py: The agent lost 1 packet! Is syncmode enabled?
{Mon 01:07:04 Step:3713} Server_Comm.py: The agent lost 1 packet! Is syncmode enabled?
{Mon 01:07:04 Step:3715} Server_Comm.py: The agent lost 1 packet! Is syncmode enabled?
{Mon 01:07:04 Step:3717} Server_Comm.py: The agent lost 1 packet! Is syncmode enabled?
{Mon 01:07:04 Step:3719} Server_Comm.py: The agent lost 1 packet! Is syncmode enabled?
{Mon 01:07:04 Step:3723} Server_Comm.py: The agent lost 1 packet! Is syncmode enabled?
{Mon 01:07:04 Step:3725} Server_Comm.py: The agent lost 1 packet! Is syncmode enabled?
{Mon 01:07:04 Step:3729} Server_Comm.py: The agent lost 1 packet! Is syncmode enabled?
{Mon 01:07:04 Step:3741} Server_Comm.py: The agent lost 1 packet! Is syncmode enabled?
{Mon 01:07:04 Step:3751} Server_Comm.py: The agent lost 1 packet! Is syncmode enabled?
{Mon 01:07:04 Step:3753} Server_Comm.py: The agent lost 1 packet! Is syncmode enabled?
{Mon 01:07:04 Step:3757} Server_Comm.py: The agent lost 1 packet! Is syncmode enabled?
{Mon 01:07:04 Step:3761} Server_Comm.py: The agent lost 1 packet! Is syncmode enabled?
{Mon 01:07:04 Step:3765} Server_Comm.py: The agent lost 1 packet! Is syncmode enabled?
{Mon 01:07:04 Step:3773} Server_Comm.py: The agent lost 1 packet! Is syncmode enabled?
{Mon 01:07:05 Step:3777} Server_Comm.py: The agent lost 1 packet! Is syncmode enabled?
{Mon 01:07:05 Step:3789} Server_Comm.py: The agent lost 1 packet! Is syncmode enabled?
{Mon 01:07:05 Step:3793} Server_Comm.py: The agent lost 1 packet! Is syncmode enabled?
{Mon 01:07:05 Step:3797} Server_Comm.py: The agent lost 1 packet! Is syncmode enabled?
{Mon 01:07:05 Step:3801} Server_Comm.py: The agent lost 1 packet! Is syncmode enabled?
{Mon 01:07:05 Step:3803} Server_Comm.py: The agent lost 1 packet! Is syncmode enabled?
{Mon 01:07:05 Step:3809} Server_Comm.py: The agent lost 1 packet! Is syncmode enabled?
{Mon 01:07:05 Step:3811} Server_Comm.py: The agent lost 1 packet! Is syncmode enabled?
{Mon 01:07:05 Step:3815} Server_Comm.py: The agent lost 3 consecutive packets! Is syncmode disabled?
{Mon 01:07:05 Step:3818} Server_Comm.py: The agent lost 2 consecutive packets! Is syncmode disabled?
{Mon 01:07:05 Step:3825} Server_Comm.py: The agent lost 6 consecutive packets! Is syncmode disabled?
{Mon 01:07:05 Step:3830} Server_Comm.py: The agent lost 4 consecutive packets! Is syncmode disabled?
{Mon 01:07:05 Step:3833} Server_Comm.py: The agent lost 2 consecutive packets! Is syncmode disabled?
{Mon 01:07:05 Step:3836} Server_Comm.py: The agent lost 2 consecutive packets! Is syncmode disabled?
{Mon 01:07:05 Step:3838} Server_Comm.py: The agent lost 1 packet! Is syncmode enabled?
{Mon 01:07:05 Step:3840} Server_Comm.py: The agent lost 1 packet! Is syncmode enabled?
{Mon 01:07:05 Step:3842} Server_Comm.py: The agent lost 1 packet! Is syncmode enabled?
{Mon 01:07:05 Step:3844} Server_Comm.py: The agent lost 1 packet! Is syncmode enabled?
{Mon 01:07:05 Step:3846} Server_Comm.py: The agent lost 1 packet! Is syncmode enabled?
{Mon 01:07:05 Step:3851} Server_Comm.py: The agent lost 3 consecutive packets! Is syncmode disabled?
{Mon 01:07:05 Step:3854} Server_Comm.py: The agent lost 2 consecutive packets! Is syncmode disabled?
{Mon 01:07:05 Step:3856} Server_Comm.py: The agent lost 1 packet! Is syncmode enabled?
{Mon 01:07:05 Step:3858} Server_Comm.py: The agent lost 1 packet! Is syncmode enabled?
{Mon 01:07:05 Step:3867} Server_Comm.py: The agent lost 1 packet! Is syncmode enabled?
{Mon 01:07:05 Step:3877} Server_Comm.py: The agent lost 1 packet! Is syncmode enabled?
{Mon 01:07:05 Step:3907} Server_Comm.py: The agent lost 1 packet! Is syncmode enabled?
{Mon 01:07:05 Step:3909} Server_Comm.py: The agent lost 1 packet! Is syncmode enabled?
{Mon 01:07:05 Step:3929} Server_Comm.py: The agent lost 1 packet! Is syncmode enabled?
{Mon 01:07:05 Step:3935} Server_Comm.py: The agent lost 1 packet! Is syncmode enabled?
{Mon 01:07:05 Step:3939} Server_Comm.py: The agent lost 1 packet! Is syncmode enabled?
{Mon 01:07:05 Step:3942} Server_Comm.py: The agent lost 2 consecutive packets! Is syncmode disabled?
{Mon 01:07:05 Step:3944} Server_Comm.py: The agent lost 1 packet! Is syncmode enabled?
{Mon 01:07:05 Step:3945} Server_Comm.py: Received a new packet while thinking!
