{Mon 01:03:35 Step:1} Server_Comm.py: Received a new packet while on world.update()!
{Mon 01:03:35 Step:7} Server_Comm.py: The agent lost 5 consecutive packets! Is syncmode disabled?
{Mon 01:03:35 Step:7} Server_Comm.py: Received a new packet while on world.update()!
{Mon 01:03:35 Step:12} Server_Comm.py: The agent lost 4 consecutive packets! Is syncmode disabled?
{Mon 01:03:35 Step:12} Server_Comm.py: Received a new packet while on world.update()!
{Mon 01:03:35 Step:13} Server_Comm.py: Received a new packet while on world.update()!
{Mon 01:03:35 Step:17} Server_Comm.py: The agent lost 3 consecutive packets! Is syncmode disabled?
{Mon 01:03:35 Step:17} Server_Comm.py: Received a new packet while on world.update()!
{Mon 01:03:35 Step:18} Server_Comm.py: Received a new packet while on world.update()!
{Mon 01:03:35 Step:19} Server_Comm.py: Received a new packet while on world.update()!
{Mon 01:03:35 Step:23} Server_Comm.py: The agent lost 3 consecutive packets! Is syncmode disabled?
{Mon 01:03:35 Step:23} Server_Comm.py: Received a new packet while on world.update()!
{Mon 01:03:35 Step:26} Server_Comm.py: The agent lost 2 consecutive packets! Is syncmode disabled?
{Mon 01:03:35 Step:29} Server_Comm.py: The agent lost 1 packet! Is syncmode enabled?
{Mon 01:03:35 Step:42} Server_Comm.py: The agent lost 10 consecutive packets! Is syncmode disabled?
{Mon 01:03:35 Step:44} Server_Comm.py: The agent lost 1 packet! Is syncmode enabled?
{Mon 01:03:35 Step:47} Server_Comm.py: The agent lost 1 packet! Is syncmode enabled?
{Mon 01:03:35 Step:50} Server_Comm.py: The agent lost 2 consecutive packets! Is syncmode disabled?
{Mon 01:03:35 Step:52} Server_Comm.py: The agent lost 1 packet! Is syncmode enabled?
{Mon 01:03:35 Step:65} Server_Comm.py: The agent lost 12 consecutive packets! Is syncmode disabled?
{Mon 01:03:35 Step:70} Server_Comm.py: The agent lost 4 consecutive packets! Is syncmode disabled?
{Mon 01:03:35 Step:73} Server_Comm.py: The agent lost 2 consecutive packets! Is syncmode disabled?
{Mon 01:03:35 Step:76} Server_Comm.py: The agent lost 2 consecutive packets! Is syncmode disabled?
{Mon 01:03:35 Step:78} Server_Comm.py: The agent lost 1 packet! Is syncmode enabled?
{Mon 01:03:35 Step:82} Server_Comm.py: The agent lost 2 consecutive packets! Is syncmode disabled?
{Mon 01:03:35 Step:86} Server_Comm.py: The agent lost 2 consecutive packets! Is syncmode disabled?
{Mon 01:03:35 Step:88} Server_Comm.py: The agent lost 1 packet! Is syncmode enabled?
{Mon 01:03:35 Step:90} Server_Comm.py: The agent lost 1 packet! Is syncmode enabled?
{Mon 01:03:35 Step:92} Server_Comm.py: The agent lost 1 packet! Is syncmode enabled?
{Mon 01:03:35 Step:95} Server_Comm.py: The agent lost 1 packet! Is syncmode enabled?
{Mon 01:03:35 Step:98} Server_Comm.py: The agent lost 2 consecutive packets! Is syncmode disabled?
{Mon 01:03:35 Step:100} Server_Comm.py: The agent lost 1 packet! Is syncmode enabled?
{Mon 01:03:35 Step:104} Server_Comm.py: The agent lost 2 consecutive packets! Is syncmode disabled?
{Mon 01:03:35 Step:106} Server_Comm.py: The agent lost 1 packet! Is syncmode enabled?
{Mon 01:03:35 Step:111} Server_Comm.py: The agent lost 1 packet! Is syncmode enabled?
{Mon 01:03:35 Step:121} Server_Comm.py: The agent lost 1 packet! Is syncmode enabled?
{Mon 01:03:35 Step:134} Server_Comm.py: The agent lost 1 packet! Is syncmode enabled?
{Mon 01:03:35 Step:141} Server_Comm.py: The agent lost 1 packet! Is syncmode enabled?
{Mon 01:03:35 Step:160} Server_Comm.py: The agent lost 1 packet! Is syncmode enabled?
{Mon 01:03:35 Step:170} Server_Comm.py: The agent lost 1 packet! Is syncmode enabled?
{Mon 01:03:35 Step:174} Server_Comm.py: The agent lost 1 packet! Is syncmode enabled?
{Mon 01:03:35 Step:177} Server_Comm.py: The agent lost 2 consecutive packets! Is syncmode disabled?
{Mon 01:03:35 Step:179} Server_Comm.py: The agent lost 1 packet! Is syncmode enabled?
{Mon 01:03:35 Step:182} Server_Comm.py: The agent lost 2 consecutive packets! Is syncmode disabled?
{Mon 01:03:35 Step:185} Server_Comm.py: The agent lost 2 consecutive packets! Is syncmode disabled?
{Mon 01:03:35 Step:187} Server_Comm.py: The agent lost 1 packet! Is syncmode enabled?
{Mon 01:03:35 Step:192} Server_Comm.py: The agent lost 4 consecutive packets! Is syncmode disabled?
{Mon 01:03:35 Step:197} Server_Comm.py: The agent lost 4 consecutive packets! Is syncmode disabled?
{Mon 01:03:35 Step:204} Server_Comm.py: The agent lost 6 consecutive packets! Is syncmode disabled?
{Mon 01:03:35 Step:209} Server_Comm.py: The agent lost 4 consecutive packets! Is syncmode disabled?
{Mon 01:03:35 Step:209} Server_Comm.py: Received a new packet while thinking!
{Mon 01:03:35 Step:318} Server_Comm.py: The agent lost 108 consecutive packets! Is syncmode disabled?
{Mon 01:03:35 Step:335} Server_Comm.py: The agent lost 16 consecutive packets! Is syncmode disabled?
{Mon 01:03:35 Step:343} Server_Comm.py: The agent lost 7 consecutive packets! Is syncmode disabled?
{Mon 01:03:35 Step:347} Server_Comm.py: The agent lost 3 consecutive packets! Is syncmode disabled?
{Mon 01:03:35 Step:351} Server_Comm.py: The agent lost 3 consecutive packets! Is syncmode disabled?
{Mon 01:03:35 Step:355} Server_Comm.py: The agent lost 3 consecutive packets! Is syncmode disabled?
{Mon 01:03:35 Step:359} Server_Comm.py: The agent lost 3 consecutive packets! Is syncmode disabled?
{Mon 01:03:35 Step:362} Server_Comm.py: The agent lost 2 consecutive packets! Is syncmode disabled?
{Mon 01:03:35 Step:365} Server_Comm.py: The agent lost 2 consecutive packets! Is syncmode disabled?
{Mon 01:03:35 Step:369} Server_Comm.py: The agent lost 3 consecutive packets! Is syncmode disabled?
{Mon 01:03:35 Step:373} Server_Comm.py: The agent lost 3 consecutive packets! Is syncmode disabled?
{Mon 01:03:35 Step:375} Server_Comm.py: The agent lost 1 packet! Is syncmode enabled?
{Mon 01:03:35 Step:397} Server_Comm.py: The agent lost 1 packet! Is syncmode enabled?
{Mon 01:03:35 Step:407} Server_Comm.py: The agent lost 1 packet! Is syncmode enabled?
{Mon 01:03:35 Step:425} Server_Comm.py: The agent lost 1 packet! Is syncmode enabled?
{Mon 01:03:35 Step:429} Server_Comm.py: The agent lost 1 packet! Is syncmode enabled?
{Mon 01:03:35 Step:435} Server_Comm.py: The agent lost 1 packet! Is syncmode enabled?
{Mon 01:03:35 Step:451} Server_Comm.py: The agent lost 1 packet! Is syncmode enabled?
{Mon 01:03:35 Step:455} Server_Comm.py: The agent lost 1 packet! Is syncmode enabled?
{Mon 01:03:35 Step:458} Server_Comm.py: The agent lost 2 consecutive packets! Is syncmode disabled?
{Mon 01:03:35 Step:460} Server_Comm.py: The agent lost 1 packet! Is syncmode enabled?
{Mon 01:03:35 Step:462} Server_Comm.py: The agent lost 1 packet! Is syncmode enabled?
{Mon 01:03:35 Step:470} Server_Comm.py: The agent lost 6 consecutive packets! Is syncmode disabled?
{Mon 01:03:35 Step:474} Server_Comm.py: The agent lost 3 consecutive packets! Is syncmode disabled?
{Mon 01:03:35 Step:476} Server_Comm.py: The agent lost 1 packet! Is syncmode enabled?
{Mon 01:03:35 Step:480} Server_Comm.py: The agent lost 2 consecutive packets! Is syncmode disabled?
{Mon 01:03:35 Step:483} Server_Comm.py: The agent lost 1 packet! Is syncmode enabled?
{Mon 01:03:35 Step:486} Server_Comm.py: The agent lost 2 consecutive packets! Is syncmode disabled?
{Mon 01:03:35 Step:489} Server_Comm.py: The agent lost 1 packet! Is syncmode enabled?
{Mon 01:03:35 Step:491} Server_Comm.py: The agent lost 1 packet! Is syncmode enabled?
{Mon 01:03:35 Step:493} Server_Comm.py: The agent lost 1 packet! Is syncmode enabled?
{Mon 01:03:35 Step:496} Server_Comm.py: The agent lost 2 consecutive packets! Is syncmode disabled?
{Mon 01:03:35 Step:498} Server_Comm.py: The agent lost 1 packet! Is syncmode enabled?
{Mon 01:03:35 Step:500} Server_Comm.py: The agent lost 1 packet! Is syncmode enabled?
{Mon 01:03:35 Step:502} Server_Comm.py: The agent lost 1 packet! Is syncmode enabled?
{Mon 01:03:35 Step:506} Server_Comm.py: The agent lost 2 consecutive packets! Is syncmode disabled?
{Mon 01:03:35 Step:508} Server_Comm.py: The agent lost 1 packet! Is syncmode enabled?
{Mon 01:03:35 Step:510} Server_Comm.py: The agent lost 1 packet! Is syncmode enabled?
{Mon 01:03:35 Step:514} Server_Comm.py: The agent lost 2 consecutive packets! Is syncmode disabled?
{Mon 01:03:35 Step:516} Server_Comm.py: The agent lost 1 packet! Is syncmode enabled?
{Mon 01:03:35 Step:518} Server_Comm.py: The agent lost 1 packet! Is syncmode enabled?
{Mon 01:03:35 Step:523} Server_Comm.py: The agent lost 3 consecutive packets! Is syncmode disabled?
{Mon 01:03:35 Step:528} Server_Comm.py: The agent lost 4 consecutive packets! Is syncmode disabled?
{Mon 01:03:35 Step:530} Server_Comm.py: The agent lost 1 packet! Is syncmode enabled?
{Mon 01:03:35 Step:534} Server_Comm.py: The agent lost 2 consecutive packets! Is syncmode disabled?
{Mon 01:03:35 Step:537} Server_Comm.py: The agent lost 1 packet! Is syncmode enabled?
{Mon 01:03:35 Step:539} Server_Comm.py: The agent lost 1 packet! Is syncmode enabled?
{Mon 01:03:35 Step:593} Server_Comm.py: The agent lost 1 packet! Is syncmode enabled?
{Mon 01:03:35 Step:597} Server_Comm.py: The agent lost 1 packet! Is syncmode enabled?
{Mon 01:03:35 Step:600} Server_Comm.py: The agent lost 2 consecutive packets! Is syncmode disabled?
{Mon 01:03:35 Step:602} Server_Comm.py: The agent lost 1 packet! Is syncmode enabled?
{Mon 01:03:35 Step:609} Server_Comm.py: The agent lost 5 consecutive packets! Is syncmode disabled?
{Mon 01:03:35 Step:613} Server_Comm.py: The agent lost 3 consecutive packets! Is syncmode disabled?
{Mon 01:03:35 Step:616} Server_Comm.py: The agent lost 2 consecutive packets! Is syncmode disabled?
{Mon 01:03:35 Step:618} Server_Comm.py: The agent lost 1 packet! Is syncmode enabled?
{Mon 01:03:35 Step:621} Server_Comm.py: The agent lost 1 packet! Is syncmode enabled?
{Mon 01:03:35 Step:624} Server_Comm.py: The agent lost 2 consecutive packets! Is syncmode disabled?
{Mon 01:03:35 Step:627} Server_Comm.py: The agent lost 1 packet! Is syncmode enabled?
{Mon 01:03:35 Step:631} Server_Comm.py: The agent lost 3 consecutive packets! Is syncmode disabled?
{Mon 01:03:35 Step:633} Server_Comm.py: The agent lost 1 packet! Is syncmode enabled?
{Mon 01:03:35 Step:636} Server_Comm.py: The agent lost 2 consecutive packets! Is syncmode disabled?
{Mon 01:03:35 Step:639} Server_Comm.py: The agent lost 2 consecutive packets! Is syncmode disabled?
{Mon 01:03:35 Step:644} Server_Comm.py: The agent lost 4 consecutive packets! Is syncmode disabled?
{Mon 01:03:35 Step:647} Server_Comm.py: The agent lost 2 consecutive packets! Is syncmode disabled?
{Mon 01:03:35 Step:651} Server_Comm.py: The agent lost 3 consecutive packets! Is syncmode disabled?
{Mon 01:03:35 Step:657} Server_Comm.py: The agent lost 5 consecutive packets! Is syncmode disabled?
{Mon 01:03:35 Step:662} Server_Comm.py: The agent lost 4 consecutive packets! Is syncmode disabled?
{Mon 01:03:35 Step:664} Server_Comm.py: The agent lost 1 packet! Is syncmode enabled?
{Mon 01:03:35 Step:666} Server_Comm.py: The agent lost 1 packet! Is syncmode enabled?
{Mon 01:03:35 Step:670} Server_Comm.py: The agent lost 2 consecutive packets! Is syncmode disabled?
{Mon 01:03:35 Step:674} Server_Comm.py: The agent lost 2 consecutive packets! Is syncmode disabled?
{Mon 01:03:35 Step:676} Server_Comm.py: The agent lost 1 packet! Is syncmode enabled?
{Mon 01:03:35 Step:678} Server_Comm.py: The agent lost 1 packet! Is syncmode enabled?
{Mon 01:03:35 Step:682} Server_Comm.py: The agent lost 2 consecutive packets! Is syncmode disabled?
{Mon 01:03:35 Step:684} Server_Comm.py: The agent lost 1 packet! Is syncmode enabled?
{Mon 01:03:36 Step:697} Server_Comm.py: The agent lost 1 packet! Is syncmode enabled?
{Mon 01:03:36 Step:699} Server_Comm.py: The agent lost 1 packet! Is syncmode enabled?
{Mon 01:03:36 Step:702} Server_Comm.py: The agent lost 2 consecutive packets! Is syncmode disabled?
{Mon 01:03:36 Step:705} Server_Comm.py: The agent lost 1 packet! Is syncmode enabled?
{Mon 01:03:36 Step:735} Server_Comm.py: The agent lost 1 packet! Is syncmode enabled?
{Mon 01:03:36 Step:739} Server_Comm.py: The agent lost 1 packet! Is syncmode enabled?
{Mon 01:03:36 Step:741} Server_Comm.py: The agent lost 1 packet! Is syncmode enabled?
{Mon 01:03:36 Step:745} Server_Comm.py: The agent lost 1 packet! Is syncmode enabled?
{Mon 01:03:36 Step:756} Server_Comm.py: The agent lost 2 consecutive packets! Is syncmode disabled?
{Mon 01:03:36 Step:758} Server_Comm.py: The agent lost 1 packet! Is syncmode enabled?
{Mon 01:03:36 Step:764} Server_Comm.py: The agent lost 5 consecutive packets! Is syncmode disabled?
{Mon 01:03:36 Step:767} Server_Comm.py: The agent lost 2 consecutive packets! Is syncmode disabled?
{Mon 01:03:36 Step:772} Server_Comm.py: The agent lost 4 consecutive packets! Is syncmode disabled?
{Mon 01:03:36 Step:774} Server_Comm.py: The agent lost 1 packet! Is syncmode enabled?
{Mon 01:03:36 Step:778} Server_Comm.py: The agent lost 2 consecutive packets! Is syncmode disabled?
{Mon 01:03:36 Step:781} Server_Comm.py: The agent lost 1 packet! Is syncmode enabled?
{Mon 01:03:36 Step:784} Server_Comm.py: The agent lost 2 consecutive packets! Is syncmode disabled?
{Mon 01:03:36 Step:786} Server_Comm.py: The agent lost 1 packet! Is syncmode enabled?
{Mon 01:03:36 Step:788} Server_Comm.py: The agent lost 1 packet! Is syncmode enabled?
{Mon 01:03:36 Step:790} Server_Comm.py: The agent lost 1 packet! Is syncmode enabled?
{Mon 01:03:36 Step:792} Server_Comm.py: The agent lost 1 packet! Is syncmode enabled?
{Mon 01:03:36 Step:795} Server_Comm.py: The agent lost 1 packet! Is syncmode enabled?
{Mon 01:03:36 Step:799} Server_Comm.py: The agent lost 3 consecutive packets! Is syncmode disabled?
{Mon 01:03:36 Step:801} Server_Comm.py: The agent lost 1 packet! Is syncmode enabled?
{Mon 01:03:36 Step:803} Server_Comm.py: The agent lost 1 packet! Is syncmode enabled?
{Mon 01:03:36 Step:839} Server_Comm.py: The agent lost 1 packet! Is syncmode enabled?
{Mon 01:03:36 Step:842} Server_Comm.py: The agent lost 2 consecutive packets! Is syncmode disabled?
{Mon 01:03:36 Step:845} Server_Comm.py: The agent lost 2 consecutive packets! Is syncmode disabled?
{Mon 01:03:36 Step:849} Server_Comm.py: The agent lost 3 consecutive packets! Is syncmode disabled?
{Mon 01:03:36 Step:852} Server_Comm.py: The agent lost 2 consecutive packets! Is syncmode disabled?
{Mon 01:03:36 Step:855} Server_Comm.py: The agent lost 2 consecutive packets! Is syncmode disabled?
{Mon 01:03:36 Step:857} Server_Comm.py: The agent lost 1 packet! Is syncmode enabled?
{Mon 01:03:36 Step:859} Server_Comm.py: The agent lost 1 packet! Is syncmode enabled?
{Mon 01:03:36 Step:862} Server_Comm.py: The agent lost 2 consecutive packets! Is syncmode disabled?
{Mon 01:03:36 Step:864} Server_Comm.py: The agent lost 1 packet! Is syncmode enabled?
{Mon 01:03:36 Step:867} Server_Comm.py: The agent lost 1 packet! Is syncmode enabled?
{Mon 01:03:36 Step:869} Server_Comm.py: The agent lost 1 packet! Is syncmode enabled?
{Mon 01:03:36 Step:871} Server_Comm.py: The agent lost 1 packet! Is syncmode enabled?
{Mon 01:03:36 Step:874} Server_Comm.py: The agent lost 2 consecutive packets! Is syncmode disabled?
{Mon 01:03:36 Step:877} Server_Comm.py: The agent lost 2 consecutive packets! Is syncmode disabled?
{Mon 01:03:36 Step:880} Server_Comm.py: The agent lost 1 packet! Is syncmode enabled?
{Mon 01:03:36 Step:883} Server_Comm.py: The agent lost 2 consecutive packets! Is syncmode disabled?
{Mon 01:03:36 Step:886} Server_Comm.py: The agent lost 2 consecutive packets! Is syncmode disabled?
{Mon 01:03:36 Step:888} Server_Comm.py: The agent lost 1 packet! Is syncmode enabled?
{Mon 01:03:36 Step:891} Server_Comm.py: The agent lost 1 packet! Is syncmode enabled?
{Mon 01:03:36 Step:894} Server_Comm.py: The agent lost 2 consecutive packets! Is syncmode disabled?
{Mon 01:03:36 Step:897} Server_Comm.py: The agent lost 2 consecutive packets! Is syncmode disabled?
{Mon 01:03:36 Step:900} Server_Comm.py: The agent lost 2 consecutive packets! Is syncmode disabled?
{Mon 01:03:36 Step:903} Server_Comm.py: The agent lost 2 consecutive packets! Is syncmode disabled?
{Mon 01:03:36 Step:905} Server_Comm.py: The agent lost 1 packet! Is syncmode enabled?
{Mon 01:03:36 Step:907} Server_Comm.py: The agent lost 1 packet! Is syncmode enabled?
{Mon 01:03:36 Step:910} Server_Comm.py: The agent lost 2 consecutive packets! Is syncmode disabled?
{Mon 01:03:36 Step:913} Server_Comm.py: The agent lost 2 consecutive packets! Is syncmode disabled?
{Mon 01:03:36 Step:917} Server_Comm.py: The agent lost 3 consecutive packets! Is syncmode disabled?
{Mon 01:03:36 Step:919} Server_Comm.py: The agent lost 1 packet! Is syncmode enabled?
{Mon 01:03:36 Step:921} Server_Comm.py: The agent lost 1 packet! Is syncmode enabled?
{Mon 01:03:36 Step:923} Server_Comm.py: The agent lost 1 packet! Is syncmode enabled?
{Mon 01:03:36 Step:926} Server_Comm.py: The agent lost 2 consecutive packets! Is syncmode disabled?
{Mon 01:03:36 Step:929} Server_Comm.py: The agent lost 2 consecutive packets! Is syncmode disabled?
{Mon 01:03:36 Step:933} Server_Comm.py: The agent lost 3 consecutive packets! Is syncmode disabled?
{Mon 01:03:36 Step:938} Server_Comm.py: The agent lost 4 consecutive packets! Is syncmode disabled?
{Mon 01:03:36 Step:942} Server_Comm.py: The agent lost 3 consecutive packets! Is syncmode disabled?
{Mon 01:03:36 Step:946} Server_Comm.py: The agent lost 3 consecutive packets! Is syncmode disabled?
{Mon 01:03:36 Step:959} Server_Comm.py: The agent lost 12 consecutive packets! Is syncmode disabled?
{Mon 01:03:36 Step:965} Server_Comm.py: The agent lost 5 consecutive packets! Is syncmode disabled?
{Mon 01:03:36 Step:971} Server_Comm.py: The agent lost 5 consecutive packets! Is syncmode disabled?
{Mon 01:03:36 Step:976} Server_Comm.py: The agent lost 4 consecutive packets! Is syncmode disabled?
{Mon 01:03:36 Step:978} Server_Comm.py: The agent lost 1 packet! Is syncmode enabled?
{Mon 01:03:36 Step:980} Server_Comm.py: The agent lost 1 packet! Is syncmode enabled?
{Mon 01:03:36 Step:984} Server_Comm.py: The agent lost 2 consecutive packets! Is syncmode disabled?
{Mon 01:03:36 Step:987} Server_Comm.py: The agent lost 2 consecutive packets! Is syncmode disabled?
{Mon 01:03:36 Step:990} Server_Comm.py: The agent lost 2 consecutive packets! Is syncmode disabled?
{Mon 01:03:36 Step:994} Server_Comm.py: The agent lost 2 consecutive packets! Is syncmode disabled?
{Mon 01:03:36 Step:996} Server_Comm.py: The agent lost 1 packet! Is syncmode enabled?
{Mon 01:03:36 Step:999} Server_Comm.py: The agent lost 1 packet! Is syncmode enabled?
{Mon 01:03:36 Step:1002} Server_Comm.py: The agent lost 2 consecutive packets! Is syncmode disabled?
{Mon 01:03:36 Step:1004} Server_Comm.py: The agent lost 1 packet! Is syncmode enabled?
{Mon 01:03:36 Step:1006} Server_Comm.py: The agent lost 1 packet! Is syncmode enabled?
{Mon 01:03:36 Step:1008} Server_Comm.py: The agent lost 1 packet! Is syncmode enabled?
{Mon 01:03:36 Step:1010} Server_Comm.py: The agent lost 1 packet! Is syncmode enabled?
{Mon 01:03:36 Step:1012} Server_Comm.py: The agent lost 1 packet! Is syncmode enabled?
{Mon 01:03:36 Step:1051} Server_Comm.py: The agent lost 1 packet! Is syncmode enabled?
{Mon 01:03:36 Step:1063} Server_Comm.py: The agent lost 1 packet! Is syncmode enabled?
{Mon 01:03:36 Step:1067} Server_Comm.py: The agent lost 1 packet! Is syncmode enabled?
{Mon 01:03:36 Step:1071} Server_Comm.py: The agent lost 1 packet! Is syncmode enabled?
{Mon 01:03:36 Step:1073} Server_Comm.py: The agent lost 1 packet! Is syncmode enabled?
{Mon 01:03:36 Step:1086} Server_Comm.py: The agent lost 2 consecutive packets! Is syncmode disabled?
{Mon 01:03:36 Step:1093} Server_Comm.py: The agent lost 5 consecutive packets! Is syncmode disabled?
{Mon 01:03:36 Step:1097} Server_Comm.py: The agent lost 3 consecutive packets! Is syncmode disabled?
{Mon 01:03:36 Step:1099} Server_Comm.py: The agent lost 1 packet! Is syncmode enabled?
{Mon 01:03:36 Step:1102} Server_Comm.py: The agent lost 2 consecutive packets! Is syncmode disabled?
{Mon 01:03:36 Step:1105} Server_Comm.py: The agent lost 1 packet! Is syncmode enabled?
{Mon 01:03:36 Step:1108} Server_Comm.py: The agent lost 2 consecutive packets! Is syncmode disabled?
{Mon 01:03:36 Step:1110} Server_Comm.py: The agent lost 1 packet! Is syncmode enabled?
{Mon 01:03:36 Step:1113} Server_Comm.py: The agent lost 1 packet! Is syncmode enabled?
{Mon 01:03:36 Step:1115} Server_Comm.py: The agent lost 1 packet! Is syncmode enabled?
{Mon 01:03:36 Step:1118} Server_Comm.py: The agent lost 2 consecutive packets! Is syncmode disabled?
{Mon 01:03:36 Step:1121} Server_Comm.py: The agent lost 1 packet! Is syncmode enabled?
{Mon 01:03:36 Step:1123} Server_Comm.py: The agent lost 1 packet! Is syncmode enabled?
{Mon 01:03:36 Step:1126} Server_Comm.py: The agent lost 2 consecutive packets! Is syncmode disabled?
{Mon 01:03:36 Step:1128} Server_Comm.py: The agent lost 1 packet! Is syncmode enabled?
{Mon 01:03:36 Step:1130} Server_Comm.py: The agent lost 1 packet! Is syncmode enabled?
{Mon 01:03:36 Step:1134} Server_Comm.py: The agent lost 2 consecutive packets! Is syncmode disabled?
{Mon 01:03:36 Step:1136} Server_Comm.py: The agent lost 1 packet! Is syncmode enabled?
{Mon 01:03:36 Step:1138} Server_Comm.py: The agent lost 1 packet! Is syncmode enabled?
{Mon 01:03:36 Step:1141} Server_Comm.py: The agent lost 1 packet! Is syncmode enabled?
{Mon 01:03:36 Step:1144} Server_Comm.py: The agent lost 2 consecutive packets! Is syncmode disabled?
{Mon 01:03:36 Step:1146} Server_Comm.py: The agent lost 1 packet! Is syncmode enabled?
{Mon 01:03:36 Step:1165} Server_Comm.py: The agent lost 1 packet! Is syncmode enabled?
{Mon 01:03:36 Step:1167} Server_Comm.py: The agent lost 1 packet! Is syncmode enabled?
{Mon 01:03:36 Step:1171} Server_Comm.py: The agent lost 3 consecutive packets! Is syncmode disabled?
{Mon 01:03:36 Step:1213} Server_Comm.py: The agent lost 1 packet! Is syncmode enabled?
{Mon 01:03:36 Step:1216} Server_Comm.py: The agent lost 2 consecutive packets! Is syncmode disabled?
{Mon 01:03:36 Step:1219} Server_Comm.py: The agent lost 1 packet! Is syncmode enabled?
{Mon 01:03:36 Step:1222} Server_Comm.py: The agent lost 2 consecutive packets! Is syncmode disabled?
{Mon 01:03:36 Step:1245} Server_Comm.py: The agent lost 22 consecutive packets! Is syncmode disabled?
{Mon 01:03:36 Step:1254} Server_Comm.py: The agent lost 8 consecutive packets! Is syncmode disabled?
{Mon 01:03:36 Step:1258} Server_Comm.py: The agent lost 3 consecutive packets! Is syncmode disabled?
{Mon 01:03:36 Step:1260} Server_Comm.py: The agent lost 1 packet! Is syncmode enabled?
{Mon 01:03:36 Step:1263} Server_Comm.py: The agent lost 1 packet! Is syncmode enabled?
{Mon 01:03:36 Step:1267} Server_Comm.py: The agent lost 3 consecutive packets! Is syncmode disabled?
{Mon 01:03:36 Step:1271} Server_Comm.py: The agent lost 3 consecutive packets! Is syncmode disabled?
{Mon 01:03:36 Step:1274} Server_Comm.py: The agent lost 2 consecutive packets! Is syncmode disabled?
{Mon 01:03:36 Step:1276} Server_Comm.py: The agent lost 1 packet! Is syncmode enabled?
{Mon 01:03:36 Step:1276} Server_Comm.py: Received a new packet while thinking!
{Mon 01:03:36 Step:1362} Server_Comm.py: The agent lost 85 consecutive packets! Is syncmode disabled?
{Mon 01:03:36 Step:1364} Server_Comm.py: The agent lost 1 packet! Is syncmode enabled?
{Mon 01:03:36 Step:1366} Server_Comm.py: The agent lost 1 packet! Is syncmode enabled?
{Mon 01:03:36 Step:1374} Server_Comm.py: The agent lost 1 packet! Is syncmode enabled?
{Mon 01:03:36 Step:1401} Server_Comm.py: The agent lost 1 packet! Is syncmode enabled?
{Mon 01:03:36 Step:1403} Server_Comm.py: The agent lost 1 packet! Is syncmode enabled?
{Mon 01:03:36 Step:1440} Server_Comm.py: The agent lost 1 packet! Is syncmode enabled?
{Mon 01:03:36 Step:1442} Server_Comm.py: The agent lost 1 packet! Is syncmode enabled?
{Mon 01:03:36 Step:1444} Server_Comm.py: The agent lost 1 packet! Is syncmode enabled?
{Mon 01:03:36 Step:1449} Server_Comm.py: The agent lost 1 packet! Is syncmode enabled?
{Mon 01:03:36 Step:1452} Server_Comm.py: The agent lost 1 packet! Is syncmode enabled?
{Mon 01:03:36 Step:1454} Server_Comm.py: The agent lost 1 packet! Is syncmode enabled?
{Mon 01:03:36 Step:1457} Server_Comm.py: The agent lost 1 packet! Is syncmode enabled?
{Mon 01:03:36 Step:1459} Server_Comm.py: The agent lost 1 packet! Is syncmode enabled?
{Mon 01:03:36 Step:1466} Server_Comm.py: The agent lost 4 consecutive packets! Is syncmode disabled?
{Mon 01:03:36 Step:1473} Server_Comm.py: The agent lost 6 consecutive packets! Is syncmode disabled?
{Mon 01:03:36 Step:1481} Server_Comm.py: The agent lost 7 consecutive packets! Is syncmode disabled?
{Mon 01:03:36 Step:1481} Server_Comm.py: Received a new packet while thinking!
{Mon 01:03:36 Step:1778} Server_Comm.py: The agent lost 296 consecutive packets! Is syncmode disabled?
{Mon 01:03:36 Step:1778} Server_Comm.py: Received a new packet while on world.update()!
{Mon 01:03:36 Step:1780} Server_Comm.py: The agent lost 1 packet! Is syncmode enabled?
{Mon 01:03:36 Step:1780} Server_Comm.py: Received a new packet while on world.update()!
{Mon 01:03:36 Step:1781} Server_Comm.py: Received a new packet while on world.update()!
{Mon 01:03:36 Step:1785} Server_Comm.py: The agent lost 3 consecutive packets! Is syncmode disabled?
{Mon 01:03:36 Step:1785} Server_Comm.py: Received a new packet while on world.update()!
{Mon 01:03:36 Step:1790} Server_Comm.py: The agent lost 4 consecutive packets! Is syncmode disabled?
{Mon 01:03:36 Step:1790} Server_Comm.py: Received a new packet while on world.update()!
{Mon 01:03:36 Step:1792} Server_Comm.py: The agent lost 1 packet! Is syncmode enabled?
{Mon 01:03:36 Step:1792} Server_Comm.py: Received a new packet while on world.update()!
{Mon 01:03:36 Step:1794} Server_Comm.py: The agent lost 1 packet! Is syncmode enabled?
{Mon 01:03:36 Step:1794} Server_Comm.py: Received a new packet while on world.update()!
{Mon 01:03:36 Step:1796} Server_Comm.py: The agent lost 1 packet! Is syncmode enabled?
{Mon 01:03:36 Step:1796} Server_Comm.py: Received a new packet while on world.update()!
{Mon 01:03:36 Step:1797} Server_Comm.py: Received a new packet while on world.update()!
{Mon 01:03:36 Step:1802} Server_Comm.py: The agent lost 4 consecutive packets! Is syncmode disabled?
{Mon 01:03:36 Step:1802} Server_Comm.py: Received a new packet while thinking!
{Mon 01:03:36 Step:1804} Server_Comm.py: The agent lost 1 packet! Is syncmode enabled?
{Mon 01:03:36 Step:1804} Server_Comm.py: Received a new packet while on world.update()!
{Mon 01:03:36 Step:1806} Server_Comm.py: The agent lost 1 packet! Is syncmode enabled?
{Mon 01:03:36 Step:1806} Server_Comm.py: Received a new packet while on world.update()!
{Mon 01:03:36 Step:1809} Server_Comm.py: The agent lost 2 consecutive packets! Is syncmode disabled?
{Mon 01:03:36 Step:1809} Server_Comm.py: Received a new packet while on world.update()!
{Mon 01:03:36 Step:1816} Server_Comm.py: The agent lost 6 consecutive packets! Is syncmode disabled?
{Mon 01:03:36 Step:1816} Server_Comm.py: Received a new packet while on world.update()!
{Mon 01:03:36 Step:1817} Server_Comm.py: Received a new packet while on world.update()!
{Mon 01:03:36 Step:1821} Server_Comm.py: The agent lost 3 consecutive packets! Is syncmode disabled?
{Mon 01:03:36 Step:1821} Server_Comm.py: Received a new packet while on world.update()!
{Mon 01:03:36 Step:1826} Server_Comm.py: The agent lost 4 consecutive packets! Is syncmode disabled?
{Mon 01:03:36 Step:1829} Server_Comm.py: The agent lost 1 packet! Is syncmode enabled?
{Mon 01:03:36 Step:1832} Server_Comm.py: The agent lost 2 consecutive packets! Is syncmode disabled?
{Mon 01:03:36 Step:1835} Server_Comm.py: The agent lost 1 packet! Is syncmode enabled?
{Mon 01:03:36 Step:1837} Server_Comm.py: The agent lost 1 packet! Is syncmode enabled?
{Mon 01:03:36 Step:1841} Server_Comm.py: The agent lost 3 consecutive packets! Is syncmode disabled?
{Mon 01:03:36 Step:1844} Server_Comm.py: The agent lost 2 consecutive packets! Is syncmode disabled?
{Mon 01:03:36 Step:1846} Server_Comm.py: The agent lost 1 packet! Is syncmode enabled?
{Mon 01:03:36 Step:1848} Server_Comm.py: The agent lost 1 packet! Is syncmode enabled?
{Mon 01:03:36 Step:1852} Server_Comm.py: The agent lost 2 consecutive packets! Is syncmode disabled?
{Mon 01:03:36 Step:1854} Server_Comm.py: The agent lost 1 packet! Is syncmode enabled?
{Mon 01:03:36 Step:1856} Server_Comm.py: The agent lost 1 packet! Is syncmode enabled?
{Mon 01:03:36 Step:1860} Server_Comm.py: The agent lost 2 consecutive packets! Is syncmode disabled?
{Mon 01:03:36 Step:1862} Server_Comm.py: The agent lost 1 packet! Is syncmode enabled?
{Mon 01:03:36 Step:1865} Server_Comm.py: The agent lost 1 packet! Is syncmode enabled?
{Mon 01:03:36 Step:1868} Server_Comm.py: The agent lost 2 consecutive packets! Is syncmode disabled?
{Mon 01:03:36 Step:1872} Server_Comm.py: The agent lost 2 consecutive packets! Is syncmode disabled?
{Mon 01:03:36 Step:1876} Server_Comm.py: The agent lost 2 consecutive packets! Is syncmode disabled?
{Mon 01:03:36 Step:1880} Server_Comm.py: The agent lost 2 consecutive packets! Is syncmode disabled?
{Mon 01:03:36 Step:1883} Server_Comm.py: The agent lost 1 packet! Is syncmode enabled?
{Mon 01:03:36 Step:1885} Server_Comm.py: The agent lost 1 packet! Is syncmode enabled?
{Mon 01:03:36 Step:1887} Server_Comm.py: The agent lost 1 packet! Is syncmode enabled?
{Mon 01:03:36 Step:1890} Server_Comm.py: The agent lost 2 consecutive packets! Is syncmode disabled?
{Mon 01:03:36 Step:1893} Server_Comm.py: The agent lost 1 packet! Is syncmode enabled?
{Mon 01:03:36 Step:1896} Server_Comm.py: The agent lost 2 consecutive packets! Is syncmode disabled?
{Mon 01:03:36 Step:1898} Server_Comm.py: The agent lost 1 packet! Is syncmode enabled?
{Mon 01:03:36 Step:1902} Server_Comm.py: The agent lost 2 consecutive packets! Is syncmode disabled?
{Mon 01:03:36 Step:1904} Server_Comm.py: The agent lost 1 packet! Is syncmode enabled?
{Mon 01:03:36 Step:1906} Server_Comm.py: The agent lost 1 packet! Is syncmode enabled?
{Mon 01:03:36 Step:1910} Server_Comm.py: The agent lost 2 consecutive packets! Is syncmode disabled?
{Mon 01:03:36 Step:1914} Server_Comm.py: The agent lost 2 consecutive packets! Is syncmode disabled?
{Mon 01:03:36 Step:1916} Server_Comm.py: The agent lost 1 packet! Is syncmode enabled?
{Mon 01:03:36 Step:1920} Server_Comm.py: The agent lost 2 consecutive packets! Is syncmode disabled?
{Mon 01:03:36 Step:1923} Server_Comm.py: The agent lost 1 packet! Is syncmode enabled?
{Mon 01:03:36 Step:1925} Server_Comm.py: The agent lost 1 packet! Is syncmode enabled?
{Mon 01:03:36 Step:1928} Server_Comm.py: The agent lost 2 consecutive packets! Is syncmode disabled?
{Mon 01:03:36 Step:1930} Server_Comm.py: The agent lost 1 packet! Is syncmode enabled?
{Mon 01:03:36 Step:1934} Server_Comm.py: The agent lost 2 consecutive packets! Is syncmode disabled?
{Mon 01:03:36 Step:1936} Server_Comm.py: The agent lost 1 packet! Is syncmode enabled?
{Mon 01:03:36 Step:1940} Server_Comm.py: The agent lost 2 consecutive packets! Is syncmode disabled?
{Mon 01:03:36 Step:1942} Server_Comm.py: The agent lost 1 packet! Is syncmode enabled?
{Mon 01:03:36 Step:1944} Server_Comm.py: The agent lost 1 packet! Is syncmode enabled?
{Mon 01:03:36 Step:1946} Server_Comm.py: The agent lost 1 packet! Is syncmode enabled?
{Mon 01:03:36 Step:1950} Server_Comm.py: The agent lost 2 consecutive packets! Is syncmode disabled?
{Mon 01:03:36 Step:1954} Server_Comm.py: The agent lost 2 consecutive packets! Is syncmode disabled?
{Mon 01:03:36 Step:1956} Server_Comm.py: The agent lost 1 packet! Is syncmode enabled?
{Mon 01:03:36 Step:1958} Server_Comm.py: The agent lost 1 packet! Is syncmode enabled?
{Mon 01:03:36 Step:1962} Server_Comm.py: The agent lost 2 consecutive packets! Is syncmode disabled?
{Mon 01:03:36 Step:1965} Server_Comm.py: The agent lost 2 consecutive packets! Is syncmode disabled?
{Mon 01:03:36 Step:1968} Server_Comm.py: The agent lost 2 consecutive packets! Is syncmode disabled?
{Mon 01:03:36 Step:1970} Server_Comm.py: The agent lost 1 packet! Is syncmode enabled?
{Mon 01:03:36 Step:1974} Server_Comm.py: The agent lost 2 consecutive packets! Is syncmode disabled?
{Mon 01:03:36 Step:1978} Server_Comm.py: The agent lost 2 consecutive packets! Is syncmode disabled?
{Mon 01:03:36 Step:1982} Server_Comm.py: The agent lost 2 consecutive packets! Is syncmode disabled?
{Mon 01:03:36 Step:1984} Server_Comm.py: The agent lost 1 packet! Is syncmode enabled?
{Mon 01:03:36 Step:1988} Server_Comm.py: The agent lost 2 consecutive packets! Is syncmode disabled?
{Mon 01:03:36 Step:1990} Server_Comm.py: The agent lost 1 packet! Is syncmode enabled?
{Mon 01:03:36 Step:1994} Server_Comm.py: The agent lost 2 consecutive packets! Is syncmode disabled?
{Mon 01:03:36 Step:1996} Server_Comm.py: The agent lost 1 packet! Is syncmode enabled?
{Mon 01:03:36 Step:1998} Server_Comm.py: The agent lost 1 packet! Is syncmode enabled?
{Mon 01:03:36 Step:2000} Server_Comm.py: The agent lost 1 packet! Is syncmode enabled?
{Mon 01:03:36 Step:2003} Server_Comm.py: The agent lost 1 packet! Is syncmode enabled?
{Mon 01:03:36 Step:2011} Server_Comm.py: The agent lost 7 consecutive packets! Is syncmode disabled?
{Mon 01:03:36 Step:2016} Server_Comm.py: The agent lost 4 consecutive packets! Is syncmode disabled?
{Mon 01:03:36 Step:2019} Server_Comm.py: The agent lost 2 consecutive packets! Is syncmode disabled?
{Mon 01:03:36 Step:2022} Server_Comm.py: The agent lost 2 consecutive packets! Is syncmode disabled?
{Mon 01:03:36 Step:2024} Server_Comm.py: The agent lost 1 packet! Is syncmode enabled?
{Mon 01:03:36 Step:2027} Server_Comm.py: The agent lost 1 packet! Is syncmode enabled?
{Mon 01:03:36 Step:2030} Server_Comm.py: The agent lost 2 consecutive packets! Is syncmode disabled?
{Mon 01:03:36 Step:2034} Server_Comm.py: The agent lost 2 consecutive packets! Is syncmode disabled?
{Mon 01:03:36 Step:2038} Server_Comm.py: The agent lost 2 consecutive packets! Is syncmode disabled?
{Mon 01:03:36 Step:2040} Server_Comm.py: The agent lost 1 packet! Is syncmode enabled?
{Mon 01:03:36 Step:2044} Server_Comm.py: The agent lost 2 consecutive packets! Is syncmode disabled?
{Mon 01:03:36 Step:2046} Server_Comm.py: The agent lost 1 packet! Is syncmode enabled?
{Mon 01:03:36 Step:2048} Server_Comm.py: The agent lost 1 packet! Is syncmode enabled?
{Mon 01:03:36 Step:2050} Server_Comm.py: The agent lost 1 packet! Is syncmode enabled?
{Mon 01:03:36 Step:2055} Server_Comm.py: The agent lost 3 consecutive packets! Is syncmode disabled?
{Mon 01:03:36 Step:2057} Server_Comm.py: The agent lost 1 packet! Is syncmode enabled?
{Mon 01:03:36 Step:2059} Server_Comm.py: The agent lost 1 packet! Is syncmode enabled?
{Mon 01:03:36 Step:2062} Server_Comm.py: The agent lost 2 consecutive packets! Is syncmode disabled?
{Mon 01:03:36 Step:2066} Server_Comm.py: The agent lost 2 consecutive packets! Is syncmode disabled?
{Mon 01:03:36 Step:2070} Server_Comm.py: The agent lost 2 consecutive packets! Is syncmode disabled?
{Mon 01:03:36 Step:2072} Server_Comm.py: The agent lost 1 packet! Is syncmode enabled?
{Mon 01:03:36 Step:2072} Server_Comm.py: Received a new packet while thinking!
{Mon 01:03:36 Step:2301} Server_Comm.py: The agent lost 228 consecutive packets! Is syncmode disabled?
{Mon 01:03:36 Step:2301} Server_Comm.py: Received a new packet while on world.update()!
{Mon 01:03:36 Step:2303} Server_Comm.py: The agent lost 1 packet! Is syncmode enabled?
{Mon 01:03:36 Step:2303} Server_Comm.py: Received a new packet while on world.update()!
{Mon 01:03:36 Step:2305} Server_Comm.py: The agent lost 1 packet! Is syncmode enabled?
{Mon 01:03:36 Step:2305} Server_Comm.py: Received a new packet while on world.update()!
{Mon 01:03:36 Step:2306} Server_Comm.py: Received a new packet while on world.update()!
{Mon 01:03:36 Step:2307} Server_Comm.py: Received a new packet while on world.update()!
{Mon 01:03:36 Step:2309} Server_Comm.py: The agent lost 1 packet! Is syncmode enabled?
{Mon 01:03:36 Step:2309} Server_Comm.py: Received a new packet while on world.update()!
{Mon 01:03:36 Step:2310} Server_Comm.py: Received a new packet while on world.update()!
{Mon 01:03:36 Step:2311} Server_Comm.py: Received a new packet while on world.update()!
{Mon 01:03:36 Step:2312} Server_Comm.py: Received a new packet while thinking!
{Mon 01:03:36 Step:2313} Server_Comm.py: Received a new packet while on world.update()!
{Mon 01:03:36 Step:2314} Server_Comm.py: Received a new packet while thinking!
{Mon 01:03:36 Step:2315} Server_Comm.py: Received a new packet while on world.update()!
{Mon 01:03:36 Step:2316} Server_Comm.py: Received a new packet while thinking!
{Mon 01:03:36 Step:2317} Server_Comm.py: Received a new packet while on world.update()!
{Mon 01:03:36 Step:2319} Server_Comm.py: The agent lost 1 packet! Is syncmode enabled?
{Mon 01:03:36 Step:2319} Server_Comm.py: Received a new packet while on world.update()!
{Mon 01:03:36 Step:2320} Server_Comm.py: Received a new packet while thinking!
{Mon 01:03:36 Step:2321} Server_Comm.py: Received a new packet while on world.update()!
{Mon 01:03:36 Step:2322} Server_Comm.py: Received a new packet while thinking!
{Mon 01:03:36 Step:2323} Server_Comm.py: Received a new packet while on world.update()!
{Mon 01:03:36 Step:2324} Server_Comm.py: Received a new packet while thinking!
{Mon 01:03:36 Step:2325} Server_Comm.py: Received a new packet while on world.update()!
{Mon 01:03:36 Step:2326} Server_Comm.py: Received a new packet while on world.update()!
{Mon 01:03:36 Step:2327} Server_Comm.py: Received a new packet while on world.update()!
{Mon 01:03:36 Step:2328} Server_Comm.py: Received a new packet while thinking!
{Mon 01:03:36 Step:2329} Server_Comm.py: Received a new packet while on world.update()!
{Mon 01:03:36 Step:2331} Server_Comm.py: The agent lost 1 packet! Is syncmode enabled?
{Mon 01:03:36 Step:2331} Server_Comm.py: Received a new packet while on world.update()!
{Mon 01:03:36 Step:2332} Server_Comm.py: Received a new packet while on world.update()!
{Mon 01:03:36 Step:2333} Server_Comm.py: Received a new packet while on world.update()!
{Mon 01:03:36 Step:2334} Server_Comm.py: Received a new packet while thinking!
{Mon 01:03:36 Step:2335} Server_Comm.py: Received a new packet while thinking!
{Mon 01:03:36 Step:2336} Server_Comm.py: Received a new packet while thinking!
{Mon 01:03:36 Step:2337} Server_Comm.py: Received a new packet while on world.update()!
{Mon 01:03:36 Step:2338} Server_Comm.py: Received a new packet while on world.update()!
{Mon 01:03:36 Step:2339} Server_Comm.py: Received a new packet while on world.update()!
{Mon 01:03:36 Step:2340} Server_Comm.py: Received a new packet while on world.update()!
{Mon 01:03:36 Step:2341} Server_Comm.py: Received a new packet while on world.update()!
{Mon 01:03:36 Step:2342} Server_Comm.py: Received a new packet while on world.update()!
{Mon 01:03:36 Step:2344} Server_Comm.py: The agent lost 1 packet! Is syncmode enabled?
{Mon 01:03:36 Step:2344} Server_Comm.py: Received a new packet while on world.update()!
{Mon 01:03:36 Step:2346} Server_Comm.py: The agent lost 1 packet! Is syncmode enabled?
{Mon 01:03:36 Step:2346} Server_Comm.py: Received a new packet while on world.update()!
{Mon 01:03:36 Step:2347} Server_Comm.py: Received a new packet while on world.update()!
{Mon 01:03:36 Step:2353} Server_Comm.py: The agent lost 1 packet! Is syncmode enabled?
{Mon 01:03:36 Step:2359} Server_Comm.py: The agent lost 1 packet! Is syncmode enabled?
{Mon 01:03:36 Step:2362} Server_Comm.py: The agent lost 1 packet! Is syncmode enabled?
{Mon 01:03:37 Step:2365} Server_Comm.py: The agent lost 1 packet! Is syncmode enabled?
{Mon 01:03:37 Step:2431} Server_Comm.py: The agent lost 1 packet! Is syncmode enabled?
{Mon 01:03:37 Step:2433} Server_Comm.py: The agent lost 1 packet! Is syncmode enabled?
{Mon 01:03:37 Step:2448} Server_Comm.py: The agent lost 14 consecutive packets! Is syncmode disabled?
{Mon 01:03:37 Step:2453} Server_Comm.py: The agent lost 4 consecutive packets! Is syncmode disabled?
{Mon 01:03:37 Step:2457} Server_Comm.py: The agent lost 3 consecutive packets! Is syncmode disabled?
{Mon 01:03:37 Step:2459} Server_Comm.py: The agent lost 1 packet! Is syncmode enabled?
{Mon 01:03:37 Step:2462} Server_Comm.py: The agent lost 2 consecutive packets! Is syncmode disabled?
{Mon 01:03:37 Step:2464} Server_Comm.py: The agent lost 1 packet! Is syncmode enabled?
{Mon 01:03:37 Step:2467} Server_Comm.py: The agent lost 1 packet! Is syncmode enabled?
{Mon 01:03:37 Step:2470} Server_Comm.py: The agent lost 2 consecutive packets! Is syncmode disabled?
{Mon 01:03:37 Step:2473} Server_Comm.py: The agent lost 1 packet! Is syncmode enabled?
{Mon 01:03:37 Step:2476} Server_Comm.py: The agent lost 2 consecutive packets! Is syncmode disabled?
{Mon 01:03:37 Step:2481} Server_Comm.py: The agent lost 3 consecutive packets! Is syncmode disabled?
{Mon 01:03:37 Step:2483} Server_Comm.py: The agent lost 1 packet! Is syncmode enabled?
{Mon 01:03:37 Step:2486} Server_Comm.py: The agent lost 2 consecutive packets! Is syncmode disabled?
{Mon 01:03:37 Step:2488} Server_Comm.py: The agent lost 1 packet! Is syncmode enabled?
{Mon 01:03:37 Step:2492} Server_Comm.py: The agent lost 2 consecutive packets! Is syncmode disabled?
{Mon 01:03:37 Step:2494} Server_Comm.py: The agent lost 1 packet! Is syncmode enabled?
{Mon 01:03:37 Step:2496} Server_Comm.py: The agent lost 1 packet! Is syncmode enabled?
{Mon 01:03:37 Step:2499} Server_Comm.py: The agent lost 1 packet! Is syncmode enabled?
{Mon 01:03:37 Step:2501} Server_Comm.py: The agent lost 1 packet! Is syncmode enabled?
{Mon 01:03:37 Step:2504} Server_Comm.py: The agent lost 2 consecutive packets! Is syncmode disabled?
{Mon 01:03:37 Step:2507} Server_Comm.py: The agent lost 1 packet! Is syncmode enabled?
{Mon 01:03:37 Step:2512} Server_Comm.py: The agent lost 2 consecutive packets! Is syncmode disabled?
{Mon 01:03:37 Step:2514} Server_Comm.py: The agent lost 1 packet! Is syncmode enabled?
{Mon 01:03:37 Step:2518} Server_Comm.py: The agent lost 2 consecutive packets! Is syncmode disabled?
{Mon 01:03:37 Step:2521} Server_Comm.py: The agent lost 1 packet! Is syncmode enabled?
{Mon 01:03:37 Step:2523} Server_Comm.py: The agent lost 1 packet! Is syncmode enabled?
{Mon 01:03:37 Step:2525} Server_Comm.py: The agent lost 1 packet! Is syncmode enabled?
{Mon 01:03:37 Step:2527} Server_Comm.py: The agent lost 1 packet! Is syncmode enabled?
{Mon 01:03:37 Step:2529} Server_Comm.py: The agent lost 1 packet! Is syncmode enabled?
{Mon 01:03:37 Step:2531} Server_Comm.py: The agent lost 1 packet! Is syncmode enabled?
{Mon 01:03:37 Step:2534} Server_Comm.py: The agent lost 2 consecutive packets! Is syncmode disabled?
{Mon 01:03:37 Step:2537} Server_Comm.py: The agent lost 1 packet! Is syncmode enabled?
{Mon 01:03:37 Step:2540} Server_Comm.py: The agent lost 2 consecutive packets! Is syncmode disabled?
{Mon 01:03:37 Step:2542} Server_Comm.py: The agent lost 1 packet! Is syncmode enabled?
{Mon 01:03:37 Step:2544} Server_Comm.py: The agent lost 1 packet! Is syncmode enabled?
{Mon 01:03:37 Step:2547} Server_Comm.py: The agent lost 1 packet! Is syncmode enabled?
{Mon 01:03:37 Step:2550} Server_Comm.py: The agent lost 2 consecutive packets! Is syncmode disabled?
{Mon 01:03:37 Step:2552} Server_Comm.py: The agent lost 1 packet! Is syncmode enabled?
{Mon 01:03:37 Step:2557} Server_Comm.py: The agent lost 3 consecutive packets! Is syncmode disabled?
{Mon 01:03:37 Step:2561} Server_Comm.py: The agent lost 3 consecutive packets! Is syncmode disabled?
{Mon 01:03:37 Step:2565} Server_Comm.py: The agent lost 3 consecutive packets! Is syncmode disabled?
{Mon 01:03:37 Step:2567} Server_Comm.py: The agent lost 1 packet! Is syncmode enabled?
{Mon 01:03:37 Step:2569} Server_Comm.py: The agent lost 1 packet! Is syncmode enabled?
{Mon 01:03:37 Step:2596} Server_Comm.py: The agent lost 2 consecutive packets! Is syncmode disabled?
{Mon 01:03:37 Step:2599} Server_Comm.py: The agent lost 2 consecutive packets! Is syncmode disabled?
{Mon 01:03:37 Step:2602} Server_Comm.py: The agent lost 2 consecutive packets! Is syncmode disabled?
{Mon 01:03:37 Step:2607} Server_Comm.py: The agent lost 1 packet! Is syncmode enabled?
{Mon 01:03:37 Step:2611} Server_Comm.py: The agent lost 3 consecutive packets! Is syncmode disabled?
{Mon 01:03:37 Step:2614} Server_Comm.py: The agent lost 2 consecutive packets! Is syncmode disabled?
{Mon 01:03:37 Step:2619} Server_Comm.py: The agent lost 4 consecutive packets! Is syncmode disabled?
{Mon 01:03:37 Step:2623} Server_Comm.py: The agent lost 3 consecutive packets! Is syncmode disabled?
{Mon 01:03:37 Step:2626} Server_Comm.py: The agent lost 2 consecutive packets! Is syncmode disabled?
{Mon 01:03:37 Step:2628} Server_Comm.py: The agent lost 1 packet! Is syncmode enabled?
{Mon 01:03:37 Step:2631} Server_Comm.py: The agent lost 1 packet! Is syncmode enabled?
{Mon 01:03:37 Step:2633} Server_Comm.py: The agent lost 1 packet! Is syncmode enabled?
{Mon 01:03:37 Step:2636} Server_Comm.py: The agent lost 2 consecutive packets! Is syncmode disabled?
{Mon 01:03:37 Step:2638} Server_Comm.py: The agent lost 1 packet! Is syncmode enabled?
{Mon 01:03:37 Step:2640} Server_Comm.py: The agent lost 1 packet! Is syncmode enabled?
{Mon 01:03:37 Step:2644} Server_Comm.py: The agent lost 2 consecutive packets! Is syncmode disabled?
{Mon 01:03:37 Step:2648} Server_Comm.py: The agent lost 2 consecutive packets! Is syncmode disabled?
{Mon 01:03:37 Step:2650} Server_Comm.py: The agent lost 1 packet! Is syncmode enabled?
{Mon 01:03:37 Step:2653} Server_Comm.py: The agent lost 1 packet! Is syncmode enabled?
{Mon 01:03:37 Step:2655} Server_Comm.py: The agent lost 1 packet! Is syncmode enabled?
{Mon 01:03:37 Step:2659} Server_Comm.py: The agent lost 3 consecutive packets! Is syncmode disabled?
{Mon 01:03:37 Step:2663} Server_Comm.py: The agent lost 3 consecutive packets! Is syncmode disabled?
{Mon 01:03:37 Step:2668} Server_Comm.py: The agent lost 4 consecutive packets! Is syncmode disabled?
{Mon 01:03:37 Step:2670} Server_Comm.py: The agent lost 1 packet! Is syncmode enabled?
{Mon 01:03:37 Step:2672} Server_Comm.py: The agent lost 1 packet! Is syncmode enabled?
{Mon 01:03:37 Step:2674} Server_Comm.py: The agent lost 1 packet! Is syncmode enabled?
{Mon 01:03:37 Step:2677} Server_Comm.py: The agent lost 1 packet! Is syncmode enabled?
{Mon 01:03:37 Step:2681} Server_Comm.py: The agent lost 1 packet! Is syncmode enabled?
{Mon 01:03:37 Step:2685} Server_Comm.py: The agent lost 1 packet! Is syncmode enabled?
{Mon 01:03:37 Step:2689} Server_Comm.py: The agent lost 1 packet! Is syncmode enabled?
{Mon 01:03:37 Step:2693} Server_Comm.py: The agent lost 1 packet! Is syncmode enabled?
{Mon 01:03:37 Step:2703} Server_Comm.py: The agent lost 1 packet! Is syncmode enabled?
{Mon 01:03:37 Step:2707} Server_Comm.py: The agent lost 1 packet! Is syncmode enabled?
{Mon 01:03:37 Step:2713} Server_Comm.py: The agent lost 1 packet! Is syncmode enabled?
{Mon 01:03:37 Step:2717} Server_Comm.py: The agent lost 1 packet! Is syncmode enabled?
{Mon 01:03:37 Step:2721} Server_Comm.py: The agent lost 1 packet! Is syncmode enabled?
{Mon 01:03:37 Step:2729} Server_Comm.py: The agent lost 1 packet! Is syncmode enabled?
{Mon 01:03:37 Step:2733} Server_Comm.py: The agent lost 1 packet! Is syncmode enabled?
{Mon 01:03:37 Step:2739} Server_Comm.py: The agent lost 1 packet! Is syncmode enabled?
{Mon 01:03:37 Step:2744} Server_Comm.py: The agent lost 1 packet! Is syncmode enabled?
{Mon 01:03:37 Step:2749} Server_Comm.py: The agent lost 1 packet! Is syncmode enabled?
{Mon 01:03:37 Step:2753} Server_Comm.py: The agent lost 1 packet! Is syncmode enabled?
{Mon 01:03:37 Step:2759} Server_Comm.py: The agent lost 1 packet! Is syncmode enabled?
{Mon 01:03:37 Step:2763} Server_Comm.py: The agent lost 3 consecutive packets! Is syncmode disabled?
{Mon 01:03:37 Step:2771} Server_Comm.py: The agent lost 7 consecutive packets! Is syncmode disabled?
{Mon 01:03:37 Step:2776} Server_Comm.py: The agent lost 4 consecutive packets! Is syncmode disabled?
{Mon 01:03:37 Step:2779} Server_Comm.py: The agent lost 2 consecutive packets! Is syncmode disabled?
{Mon 01:03:37 Step:2781} Server_Comm.py: The agent lost 1 packet! Is syncmode enabled?
{Mon 01:03:37 Step:2784} Server_Comm.py: The agent lost 2 consecutive packets! Is syncmode disabled?
{Mon 01:03:37 Step:2786} Server_Comm.py: The agent lost 1 packet! Is syncmode enabled?
{Mon 01:03:37 Step:2788} Server_Comm.py: The agent lost 1 packet! Is syncmode enabled?
{Mon 01:03:37 Step:2790} Server_Comm.py: The agent lost 1 packet! Is syncmode enabled?
{Mon 01:03:37 Step:2792} Server_Comm.py: The agent lost 1 packet! Is syncmode enabled?
{Mon 01:03:37 Step:2795} Server_Comm.py: The agent lost 1 packet! Is syncmode enabled?
{Mon 01:03:37 Step:2797} Server_Comm.py: The agent lost 1 packet! Is syncmode enabled?
{Mon 01:03:37 Step:2801} Server_Comm.py: The agent lost 3 consecutive packets! Is syncmode disabled?
{Mon 01:03:37 Step:2804} Server_Comm.py: The agent lost 2 consecutive packets! Is syncmode disabled?
{Mon 01:03:37 Step:2806} Server_Comm.py: The agent lost 1 packet! Is syncmode enabled?
{Mon 01:03:37 Step:2809} Server_Comm.py: The agent lost 1 packet! Is syncmode enabled?
{Mon 01:03:37 Step:2811} Server_Comm.py: The agent lost 1 packet! Is syncmode enabled?
{Mon 01:03:37 Step:2815} Server_Comm.py: The agent lost 1 packet! Is syncmode enabled?
{Mon 01:03:37 Step:2817} Server_Comm.py: The agent lost 1 packet! Is syncmode enabled?
{Mon 01:03:37 Step:2819} Server_Comm.py: The agent lost 1 packet! Is syncmode enabled?
{Mon 01:03:37 Step:2823} Server_Comm.py: The agent lost 1 packet! Is syncmode enabled?
{Mon 01:03:37 Step:2825} Server_Comm.py: The agent lost 1 packet! Is syncmode enabled?
{Mon 01:03:37 Step:2827} Server_Comm.py: The agent lost 1 packet! Is syncmode enabled?
{Mon 01:03:37 Step:2829} Server_Comm.py: The agent lost 1 packet! Is syncmode enabled?
{Mon 01:03:37 Step:2831} Server_Comm.py: The agent lost 1 packet! Is syncmode enabled?
{Mon 01:03:37 Step:2833} Server_Comm.py: The agent lost 1 packet! Is syncmode enabled?
{Mon 01:03:37 Step:2835} Server_Comm.py: The agent lost 1 packet! Is syncmode enabled?
{Mon 01:03:37 Step:2837} Server_Comm.py: The agent lost 1 packet! Is syncmode enabled?
{Mon 01:03:37 Step:2840} Server_Comm.py: The agent lost 1 packet! Is syncmode enabled?
{Mon 01:03:37 Step:2845} Server_Comm.py: The agent lost 1 packet! Is syncmode enabled?
{Mon 01:03:37 Step:2847} Server_Comm.py: The agent lost 1 packet! Is syncmode enabled?
{Mon 01:03:37 Step:2857} Server_Comm.py: The agent lost 1 packet! Is syncmode enabled?
{Mon 01:03:37 Step:2859} Server_Comm.py: The agent lost 1 packet! Is syncmode enabled?
{Mon 01:03:37 Step:2867} Server_Comm.py: The agent lost 1 packet! Is syncmode enabled?
{Mon 01:03:37 Step:2870} Server_Comm.py: The agent lost 2 consecutive packets! Is syncmode disabled?
{Mon 01:03:37 Step:2873} Server_Comm.py: The agent lost 1 packet! Is syncmode enabled?
{Mon 01:03:37 Step:2879} Server_Comm.py: The agent lost 1 packet! Is syncmode enabled?
{Mon 01:03:37 Step:2883} Server_Comm.py: The agent lost 1 packet! Is syncmode enabled?
{Mon 01:03:37 Step:2885} Server_Comm.py: The agent lost 1 packet! Is syncmode enabled?
{Mon 01:03:37 Step:2887} Server_Comm.py: The agent lost 1 packet! Is syncmode enabled?
{Mon 01:03:37 Step:2890} Server_Comm.py: The agent lost 1 packet! Is syncmode enabled?
{Mon 01:03:37 Step:2901} Server_Comm.py: The agent lost 1 packet! Is syncmode enabled?
{Mon 01:03:37 Step:2905} Server_Comm.py: The agent lost 1 packet! Is syncmode enabled?
{Mon 01:03:37 Step:2907} Server_Comm.py: The agent lost 1 packet! Is syncmode enabled?
{Mon 01:03:37 Step:2909} Server_Comm.py: The agent lost 1 packet! Is syncmode enabled?
{Mon 01:03:37 Step:2912} Server_Comm.py: The agent lost 2 consecutive packets! Is syncmode disabled?
{Mon 01:03:37 Step:2914} Server_Comm.py: The agent lost 1 packet! Is syncmode enabled?
{Mon 01:03:37 Step:2918} Server_Comm.py: The agent lost 2 consecutive packets! Is syncmode disabled?
{Mon 01:03:37 Step:2918} Server_Comm.py: Received a new packet while thinking!
{Mon 01:03:37 Step:3054} Server_Comm.py: The agent lost 135 consecutive packets! Is syncmode disabled?
{Mon 01:03:37 Step:3063} Server_Comm.py: The agent lost 8 consecutive packets! Is syncmode disabled?
{Mon 01:03:37 Step:3067} Server_Comm.py: The agent lost 3 consecutive packets! Is syncmode disabled?
{Mon 01:03:37 Step:3069} Server_Comm.py: The agent lost 1 packet! Is syncmode enabled?
{Mon 01:03:37 Step:3072} Server_Comm.py: The agent lost 2 consecutive packets! Is syncmode disabled?
{Mon 01:03:37 Step:3074} Server_Comm.py: The agent lost 1 packet! Is syncmode enabled?
{Mon 01:03:37 Step:3077} Server_Comm.py: The agent lost 1 packet! Is syncmode enabled?
{Mon 01:03:37 Step:3079} Server_Comm.py: The agent lost 1 packet! Is syncmode enabled?
{Mon 01:03:37 Step:3087} Server_Comm.py: The agent lost 1 packet! Is syncmode enabled?
{Mon 01:03:37 Step:3151} Server_Comm.py: The agent lost 2 consecutive packets! Is syncmode disabled?
{Mon 01:03:37 Step:3153} Server_Comm.py: The agent lost 1 packet! Is syncmode enabled?
{Mon 01:03:37 Step:3155} Server_Comm.py: The agent lost 1 packet! Is syncmode enabled?
{Mon 01:03:37 Step:3157} Server_Comm.py: The agent lost 1 packet! Is syncmode enabled?
{Mon 01:03:37 Step:3159} Server_Comm.py: The agent lost 1 packet! Is syncmode enabled?
{Mon 01:03:37 Step:3162} Server_Comm.py: The agent lost 1 packet! Is syncmode enabled?
{Mon 01:03:37 Step:3164} Server_Comm.py: The agent lost 1 packet! Is syncmode enabled?
{Mon 01:03:37 Step:3166} Server_Comm.py: The agent lost 1 packet! Is syncmode enabled?
{Mon 01:03:37 Step:3168} Server_Comm.py: The agent lost 1 packet! Is syncmode enabled?
{Mon 01:03:37 Step:3171} Server_Comm.py: The agent lost 2 consecutive packets! Is syncmode disabled?
{Mon 01:03:37 Step:3177} Server_Comm.py: The agent lost 5 consecutive packets! Is syncmode disabled?
{Mon 01:03:37 Step:3198} Server_Comm.py: The agent lost 20 consecutive packets! Is syncmode disabled?
{Mon 01:03:37 Step:3204} Server_Comm.py: The agent lost 5 consecutive packets! Is syncmode disabled?
{Mon 01:03:37 Step:3207} Server_Comm.py: The agent lost 2 consecutive packets! Is syncmode disabled?
{Mon 01:03:37 Step:3209} Server_Comm.py: The agent lost 1 packet! Is syncmode enabled?
{Mon 01:03:37 Step:3212} Server_Comm.py: The agent lost 2 consecutive packets! Is syncmode disabled?
{Mon 01:03:37 Step:3214} Server_Comm.py: The agent lost 1 packet! Is syncmode enabled?
{Mon 01:03:37 Step:3218} Server_Comm.py: The agent lost 2 consecutive packets! Is syncmode disabled?
{Mon 01:03:37 Step:3222} Server_Comm.py: The agent lost 2 consecutive packets! Is syncmode disabled?
{Mon 01:03:37 Step:3224} Server_Comm.py: The agent lost 1 packet! Is syncmode enabled?
{Mon 01:03:37 Step:3226} Server_Comm.py: The agent lost 1 packet! Is syncmode enabled?
{Mon 01:03:37 Step:3231} Server_Comm.py: The agent lost 3 consecutive packets! Is syncmode disabled?
{Mon 01:03:37 Step:3235} Server_Comm.py: The agent lost 3 consecutive packets! Is syncmode disabled?
{Mon 01:03:37 Step:3238} Server_Comm.py: The agent lost 2 consecutive packets! Is syncmode disabled?
{Mon 01:03:37 Step:3241} Server_Comm.py: The agent lost 1 packet! Is syncmode enabled?
{Mon 01:03:37 Step:3244} Server_Comm.py: The agent lost 2 consecutive packets! Is syncmode disabled?
{Mon 01:03:37 Step:3246} Server_Comm.py: The agent lost 1 packet! Is syncmode enabled?
{Mon 01:03:37 Step:3250} Server_Comm.py: The agent lost 2 consecutive packets! Is syncmode disabled?
{Mon 01:03:37 Step:3252} Server_Comm.py: The agent lost 1 packet! Is syncmode enabled?
{Mon 01:03:37 Step:3256} Server_Comm.py: The agent lost 2 consecutive packets! Is syncmode disabled?
{Mon 01:03:37 Step:3258} Server_Comm.py: The agent lost 1 packet! Is syncmode enabled?
{Mon 01:03:37 Step:3263} Server_Comm.py: The agent lost 3 consecutive packets! Is syncmode disabled?
{Mon 01:03:37 Step:3265} Server_Comm.py: The agent lost 1 packet! Is syncmode enabled?
{Mon 01:03:37 Step:3268} Server_Comm.py: The agent lost 2 consecutive packets! Is syncmode disabled?
{Mon 01:03:37 Step:3271} Server_Comm.py: The agent lost 1 packet! Is syncmode enabled?
{Mon 01:03:37 Step:3275} Server_Comm.py: The agent lost 3 consecutive packets! Is syncmode disabled?
{Mon 01:03:37 Step:3278} Server_Comm.py: The agent lost 2 consecutive packets! Is syncmode disabled?
{Mon 01:03:37 Step:3280} Server_Comm.py: The agent lost 1 packet! Is syncmode enabled?
{Mon 01:03:37 Step:3283} Server_Comm.py: The agent lost 1 packet! Is syncmode enabled?
{Mon 01:03:37 Step:3285} Server_Comm.py: The agent lost 1 packet! Is syncmode enabled?
{Mon 01:03:37 Step:3288} Server_Comm.py: The agent lost 2 consecutive packets! Is syncmode disabled?
{Mon 01:03:37 Step:3292} Server_Comm.py: The agent lost 2 consecutive packets! Is syncmode disabled?
{Mon 01:03:37 Step:3296} Server_Comm.py: The agent lost 2 consecutive packets! Is syncmode disabled?
{Mon 01:03:37 Step:3298} Server_Comm.py: The agent lost 1 packet! Is syncmode enabled?
{Mon 01:03:37 Step:3301} Server_Comm.py: The agent lost 1 packet! Is syncmode enabled?
{Mon 01:03:37 Step:3304} Server_Comm.py: The agent lost 2 consecutive packets! Is syncmode disabled?
{Mon 01:03:37 Step:3307} Server_Comm.py: The agent lost 1 packet! Is syncmode enabled?
{Mon 01:03:37 Step:3310} Server_Comm.py: The agent lost 2 consecutive packets! Is syncmode disabled?
{Mon 01:03:37 Step:3312} Server_Comm.py: The agent lost 1 packet! Is syncmode enabled?
{Mon 01:03:37 Step:3315} Server_Comm.py: The agent lost 1 packet! Is syncmode enabled?
{Mon 01:03:37 Step:3319} Server_Comm.py: The agent lost 3 consecutive packets! Is syncmode disabled?
{Mon 01:03:37 Step:3322} Server_Comm.py: The agent lost 2 consecutive packets! Is syncmode disabled?
{Mon 01:03:37 Step:3325} Server_Comm.py: The agent lost 1 packet! Is syncmode enabled?
{Mon 01:03:37 Step:3327} Server_Comm.py: The agent lost 1 packet! Is syncmode enabled?
{Mon 01:03:37 Step:3330} Server_Comm.py: The agent lost 2 consecutive packets! Is syncmode disabled?
{Mon 01:03:37 Step:3334} Server_Comm.py: The agent lost 2 consecutive packets! Is syncmode disabled?
{Mon 01:03:37 Step:3337} Server_Comm.py: The agent lost 1 packet! Is syncmode enabled?
{Mon 01:03:37 Step:3339} Server_Comm.py: The agent lost 1 packet! Is syncmode enabled?
{Mon 01:03:37 Step:3342} Server_Comm.py: The agent lost 2 consecutive packets! Is syncmode disabled?
{Mon 01:03:37 Step:3345} Server_Comm.py: The agent lost 1 packet! Is syncmode enabled?
{Mon 01:03:37 Step:3349} Server_Comm.py: The agent lost 3 consecutive packets! Is syncmode disabled?
{Mon 01:03:37 Step:3352} Server_Comm.py: The agent lost 2 consecutive packets! Is syncmode disabled?
{Mon 01:03:37 Step:3354} Server_Comm.py: The agent lost 1 packet! Is syncmode enabled?
{Mon 01:03:37 Step:3358} Server_Comm.py: The agent lost 2 consecutive packets! Is syncmode disabled?
{Mon 01:03:37 Step:3362} Server_Comm.py: The agent lost 2 consecutive packets! Is syncmode disabled?
{Mon 01:03:37 Step:3366} Server_Comm.py: The agent lost 2 consecutive packets! Is syncmode disabled?
{Mon 01:03:37 Step:3368} Server_Comm.py: The agent lost 1 packet! Is syncmode enabled?
{Mon 01:03:37 Step:3373} Server_Comm.py: The agent lost 3 consecutive packets! Is syncmode disabled?
{Mon 01:03:37 Step:3376} Server_Comm.py: The agent lost 2 consecutive packets! Is syncmode disabled?
{Mon 01:03:37 Step:3378} Server_Comm.py: The agent lost 1 packet! Is syncmode enabled?
{Mon 01:03:37 Step:3382} Server_Comm.py: The agent lost 2 consecutive packets! Is syncmode disabled?
{Mon 01:03:37 Step:3386} Server_Comm.py: The agent lost 2 consecutive packets! Is syncmode disabled?
{Mon 01:03:37 Step:3388} Server_Comm.py: The agent lost 1 packet! Is syncmode enabled?
{Mon 01:03:37 Step:3392} Server_Comm.py: The agent lost 2 consecutive packets! Is syncmode disabled?
{Mon 01:03:37 Step:3394} Server_Comm.py: The agent lost 1 packet! Is syncmode enabled?
{Mon 01:03:37 Step:3401} Server_Comm.py: The agent lost 6 consecutive packets! Is syncmode disabled?
{Mon 01:03:37 Step:3406} Server_Comm.py: The agent lost 4 consecutive packets! Is syncmode disabled?
{Mon 01:03:37 Step:3410} Server_Comm.py: The agent lost 2 consecutive packets! Is syncmode disabled?
{Mon 01:03:37 Step:3412} Server_Comm.py: The agent lost 1 packet! Is syncmode enabled?
{Mon 01:03:37 Step:3415} Server_Comm.py: The agent lost 1 packet! Is syncmode enabled?
{Mon 01:03:37 Step:3418} Server_Comm.py: The agent lost 2 consecutive packets! Is syncmode disabled?
{Mon 01:03:37 Step:3420} Server_Comm.py: The agent lost 1 packet! Is syncmode enabled?
{Mon 01:03:37 Step:3424} Server_Comm.py: The agent lost 2 consecutive packets! Is syncmode disabled?
{Mon 01:03:37 Step:3426} Server_Comm.py: The agent lost 1 packet! Is syncmode enabled?
{Mon 01:03:37 Step:3430} Server_Comm.py: The agent lost 2 consecutive packets! Is syncmode disabled?
{Mon 01:03:37 Step:3432} Server_Comm.py: The agent lost 1 packet! Is syncmode enabled?
{Mon 01:03:37 Step:3435} Server_Comm.py: The agent lost 1 packet! Is syncmode enabled?
{Mon 01:03:37 Step:3438} Server_Comm.py: The agent lost 2 consecutive packets! Is syncmode disabled?
{Mon 01:03:37 Step:3442} Server_Comm.py: The agent lost 2 consecutive packets! Is syncmode disabled?
{Mon 01:03:37 Step:3445} Server_Comm.py: The agent lost 1 packet! Is syncmode enabled?
{Mon 01:03:37 Step:3456} Server_Comm.py: The agent lost 1 packet! Is syncmode enabled?
{Mon 01:03:37 Step:3467} Server_Comm.py: The agent lost 1 packet! Is syncmode enabled?
{Mon 01:03:37 Step:3508} Server_Comm.py: The agent lost 1 packet! Is syncmode enabled?
{Mon 01:03:37 Step:3513} Server_Comm.py: The agent lost 1 packet! Is syncmode enabled?
{Mon 01:03:37 Step:3516} Server_Comm.py: The agent lost 1 packet! Is syncmode enabled?
{Mon 01:03:37 Step:3518} Server_Comm.py: The agent lost 1 packet! Is syncmode enabled?
{Mon 01:03:37 Step:3522} Server_Comm.py: The agent lost 2 consecutive packets! Is syncmode disabled?
{Mon 01:03:37 Step:3522} Server_Comm.py: Received a new packet while thinking!
{Mon 01:03:37 Step:3624} Server_Comm.py: The agent lost 101 consecutive packets! Is syncmode disabled?
{Mon 01:03:37 Step:3656} Server_Comm.py: The agent lost 31 consecutive packets! Is syncmode disabled?
{Mon 01:03:37 Step:3664} Server_Comm.py: The agent lost 7 consecutive packets! Is syncmode disabled?
{Mon 01:03:37 Step:3667} Server_Comm.py: The agent lost 2 consecutive packets! Is syncmode disabled?
{Mon 01:03:37 Step:3671} Server_Comm.py: The agent lost 3 consecutive packets! Is syncmode disabled?
{Mon 01:03:37 Step:3674} Server_Comm.py: The agent lost 2 consecutive packets! Is syncmode disabled?
{Mon 01:03:37 Step:3676} Server_Comm.py: The agent lost 1 packet! Is syncmode enabled?
{Mon 01:03:37 Step:3679} Server_Comm.py: Received a new packet while thinking!
{Mon 01:03:37 Step:3739} Server_Comm.py: The agent lost 59 consecutive packets! Is syncmode disabled?
{Mon 01:03:37 Step:3774} Server_Comm.py: The agent lost 34 consecutive packets! Is syncmode disabled?
{Mon 01:03:37 Step:3781} Server_Comm.py: The agent lost 6 consecutive packets! Is syncmode disabled?
{Mon 01:03:37 Step:3784} Server_Comm.py: The agent lost 2 consecutive packets! Is syncmode disabled?
{Mon 01:03:37 Step:3795} Server_Comm.py: The agent lost 1 packet! Is syncmode enabled?
{Mon 01:03:37 Step:3799} Server_Comm.py: The agent lost 1 packet! Is syncmode enabled?
{Mon 01:03:37 Step:3803} Server_Comm.py: The agent lost 1 packet! Is syncmode enabled?
{Mon 01:03:37 Step:3805} Server_Comm.py: The agent lost 1 packet! Is syncmode enabled?
{Mon 01:03:37 Step:3807} Server_Comm.py: The agent lost 1 packet! Is syncmode enabled?
{Mon 01:03:37 Step:3844} Server_Comm.py: The agent lost 1 packet! Is syncmode enabled?
{Mon 01:03:38 Step:3875} Server_Comm.py: The agent lost 1 packet! Is syncmode enabled?
{Mon 01:03:38 Step:3877} Server_Comm.py: The agent lost 1 packet! Is syncmode enabled?
{Mon 01:03:38 Step:3884} Server_Comm.py: The agent lost 6 consecutive packets! Is syncmode disabled?
{Mon 01:03:38 Step:3886} Server_Comm.py: The agent lost 1 packet! Is syncmode enabled?
{Mon 01:03:38 Step:3890} Server_Comm.py: The agent lost 2 consecutive packets! Is syncmode disabled?
{Mon 01:03:38 Step:3892} Server_Comm.py: The agent lost 1 packet! Is syncmode enabled?
{Mon 01:03:38 Step:3895} Server_Comm.py: The agent lost 1 packet! Is syncmode enabled?
{Mon 01:03:38 Step:3897} Server_Comm.py: The agent lost 1 packet! Is syncmode enabled?
{Mon 01:03:38 Step:3900} Server_Comm.py: The agent lost 2 consecutive packets! Is syncmode disabled?
{Mon 01:03:38 Step:3903} Server_Comm.py: The agent lost 1 packet! Is syncmode enabled?
{Mon 01:03:38 Step:3906} Server_Comm.py: The agent lost 2 consecutive packets! Is syncmode disabled?
{Mon 01:03:38 Step:3909} Server_Comm.py: The agent lost 1 packet! Is syncmode enabled?
{Mon 01:03:38 Step:3913} Server_Comm.py: The agent lost 3 consecutive packets! Is syncmode disabled?
{Mon 01:03:38 Step:3917} Server_Comm.py: The agent lost 3 consecutive packets! Is syncmode disabled?
{Mon 01:03:38 Step:3920} Server_Comm.py: The agent lost 2 consecutive packets! Is syncmode disabled?
{Mon 01:03:38 Step:3922} Server_Comm.py: The agent lost 1 packet! Is syncmode enabled?
{Mon 01:03:38 Step:3927} Server_Comm.py: The agent lost 1 packet! Is syncmode enabled?
{Mon 01:03:38 Step:3929} Server_Comm.py: The agent lost 1 packet! Is syncmode enabled?
{Mon 01:03:38 Step:3932} Server_Comm.py: The agent lost 2 consecutive packets! Is syncmode disabled?
{Mon 01:03:38 Step:3934} Server_Comm.py: The agent lost 1 packet! Is syncmode enabled?
{Mon 01:03:38 Step:3938} Server_Comm.py: The agent lost 2 consecutive packets! Is syncmode disabled?
{Mon 01:03:38 Step:3940} Server_Comm.py: The agent lost 1 packet! Is syncmode enabled?
{Mon 01:03:38 Step:3942} Server_Comm.py: The agent lost 1 packet! Is syncmode enabled?
{Mon 01:03:38 Step:3970} Server_Comm.py: The agent lost 1 packet! Is syncmode enabled?
{Mon 01:03:38 Step:3972} Server_Comm.py: The agent lost 1 packet! Is syncmode enabled?
{Mon 01:03:38 Step:3992} Server_Comm.py: The agent lost 1 packet! Is syncmode enabled?
{Mon 01:03:38 Step:3997} Server_Comm.py: The agent lost 1 packet! Is syncmode enabled?
{Mon 01:03:38 Step:3999} Server_Comm.py: The agent lost 1 packet! Is syncmode enabled?
{Mon 01:03:38 Step:4006} Server_Comm.py: The agent lost 1 packet! Is syncmode enabled?
{Mon 01:03:38 Step:4010} Server_Comm.py: The agent lost 1 packet! Is syncmode enabled?
{Mon 01:03:38 Step:4012} Server_Comm.py: The agent lost 1 packet! Is syncmode enabled?
{Mon 01:03:38 Step:4014} Server_Comm.py: The agent lost 1 packet! Is syncmode enabled?
{Mon 01:03:38 Step:4022} Server_Comm.py: The agent lost 7 consecutive packets! Is syncmode disabled?
{Mon 01:03:38 Step:4025} Server_Comm.py: The agent lost 2 consecutive packets! Is syncmode disabled?
{Mon 01:03:38 Step:4027} Server_Comm.py: The agent lost 1 packet! Is syncmode enabled?
{Mon 01:03:38 Step:4030} Server_Comm.py: The agent lost 2 consecutive packets! Is syncmode disabled?
{Mon 01:03:38 Step:4032} Server_Comm.py: The agent lost 1 packet! Is syncmode enabled?
{Mon 01:03:38 Step:4035} Server_Comm.py: The agent lost 1 packet! Is syncmode enabled?
{Mon 01:03:38 Step:4038} Server_Comm.py: The agent lost 2 consecutive packets! Is syncmode disabled?
{Mon 01:03:38 Step:4040} Server_Comm.py: The agent lost 1 packet! Is syncmode enabled?
{Mon 01:03:38 Step:4042} Server_Comm.py: The agent lost 1 packet! Is syncmode enabled?
{Mon 01:03:38 Step:4046} Server_Comm.py: The agent lost 2 consecutive packets! Is syncmode disabled?
{Mon 01:03:38 Step:4048} Server_Comm.py: The agent lost 1 packet! Is syncmode enabled?
{Mon 01:03:38 Step:4050} Server_Comm.py: The agent lost 1 packet! Is syncmode enabled?
{Mon 01:03:38 Step:4055} Server_Comm.py: The agent lost 3 consecutive packets! Is syncmode disabled?
{Mon 01:03:38 Step:4058} Server_Comm.py: The agent lost 2 consecutive packets! Is syncmode disabled?
{Mon 01:03:38 Step:4062} Server_Comm.py: The agent lost 2 consecutive packets! Is syncmode disabled?
{Mon 01:03:38 Step:4067} Server_Comm.py: The agent lost 3 consecutive packets! Is syncmode disabled?
{Mon 01:03:38 Step:4071} Server_Comm.py: The agent lost 3 consecutive packets! Is syncmode disabled?
{Mon 01:03:38 Step:4075} Server_Comm.py: The agent lost 3 consecutive packets! Is syncmode disabled?
{Mon 01:03:38 Step:4079} Server_Comm.py: The agent lost 3 consecutive packets! Is syncmode disabled?
{Mon 01:03:38 Step:4083} Server_Comm.py: The agent lost 3 consecutive packets! Is syncmode disabled?
{Mon 01:03:38 Step:4086} Server_Comm.py: The agent lost 2 consecutive packets! Is syncmode disabled?
{Mon 01:03:38 Step:4088} Server_Comm.py: The agent lost 1 packet! Is syncmode enabled?
{Mon 01:03:38 Step:4091} Server_Comm.py: The agent lost 1 packet! Is syncmode enabled?
{Mon 01:03:38 Step:4127} Server_Comm.py: The agent lost 1 packet! Is syncmode enabled?
{Mon 01:03:38 Step:4147} Server_Comm.py: The agent lost 1 packet! Is syncmode enabled?
{Mon 01:03:38 Step:4153} Server_Comm.py: The agent lost 1 packet! Is syncmode enabled?
{Mon 01:03:38 Step:4155} Server_Comm.py: The agent lost 1 packet! Is syncmode enabled?
{Mon 01:03:38 Step:4159} Server_Comm.py: The agent lost 3 consecutive packets! Is syncmode disabled?
{Mon 01:03:38 Step:4163} Server_Comm.py: The agent lost 3 consecutive packets! Is syncmode disabled?
{Mon 01:03:38 Step:4171} Server_Comm.py: The agent lost 7 consecutive packets! Is syncmode disabled?
{Mon 01:03:38 Step:4176} Server_Comm.py: The agent lost 4 consecutive packets! Is syncmode disabled?
{Mon 01:03:38 Step:4179} Server_Comm.py: The agent lost 2 consecutive packets! Is syncmode disabled?
{Mon 01:03:38 Step:4182} Server_Comm.py: The agent lost 2 consecutive packets! Is syncmode disabled?
{Mon 01:03:38 Step:4184} Server_Comm.py: The agent lost 1 packet! Is syncmode enabled?
{Mon 01:03:38 Step:4186} Server_Comm.py: The agent lost 1 packet! Is syncmode enabled?
{Mon 01:03:38 Step:4190} Server_Comm.py: The agent lost 2 consecutive packets! Is syncmode disabled?
{Mon 01:03:38 Step:4194} Server_Comm.py: The agent lost 2 consecutive packets! Is syncmode disabled?
{Mon 01:03:38 Step:4196} Server_Comm.py: The agent lost 1 packet! Is syncmode enabled?
{Mon 01:03:38 Step:4200} Server_Comm.py: The agent lost 2 consecutive packets! Is syncmode disabled?
{Mon 01:03:38 Step:4202} Server_Comm.py: The agent lost 1 packet! Is syncmode enabled?
{Mon 01:03:38 Step:4221} Server_Comm.py: The agent lost 1 packet! Is syncmode enabled?
{Mon 01:03:38 Step:4223} Server_Comm.py: The agent lost 1 packet! Is syncmode enabled?
{Mon 01:03:38 Step:4225} Server_Comm.py: The agent lost 1 packet! Is syncmode enabled?
{Mon 01:03:38 Step:4245} Server_Comm.py: The agent lost 1 packet! Is syncmode enabled?
{Mon 01:03:38 Step:4263} Server_Comm.py: The agent lost 1 packet! Is syncmode enabled?
{Mon 01:03:38 Step:4281} Server_Comm.py: The agent lost 2 consecutive packets! Is syncmode disabled?
{Mon 01:03:38 Step:4283} Server_Comm.py: The agent lost 1 packet! Is syncmode enabled?
{Mon 01:03:38 Step:4289} Server_Comm.py: The agent lost 5 consecutive packets! Is syncmode disabled?
{Mon 01:03:38 Step:4296} Server_Comm.py: The agent lost 6 consecutive packets! Is syncmode disabled?
{Mon 01:03:38 Step:4300} Server_Comm.py: The agent lost 3 consecutive packets! Is syncmode disabled?
{Mon 01:03:38 Step:4302} Server_Comm.py: The agent lost 1 packet! Is syncmode enabled?
{Mon 01:03:38 Step:4302} Server_Comm.py: Received a new packet while thinking!
