{Mon 01:05:10 Step:1} Server_Comm.py: Received a new packet while on world.update()!
{Mon 01:05:10 Step:16} Server_Comm.py: The agent lost 14 consecutive packets! Is syncmode disabled?
{Mon 01:05:10 Step:19} Server_Comm.py: The agent lost 1 packet! Is syncmode enabled?
{Mon 01:05:10 Step:21} Server_Comm.py: The agent lost 1 packet! Is syncmode enabled?
{Mon 01:05:10 Step:24} Server_Comm.py: The agent lost 2 consecutive packets! Is syncmode disabled?
{Mon 01:05:10 Step:24} Server_Comm.py: Received a new packet while thinking!
{Mon 01:05:10 Step:475} Server_Comm.py: The agent lost 450 consecutive packets! Is syncmode disabled?
{Mon 01:05:10 Step:475} Server_Comm.py: Received a new packet while on world.update()!
{Mon 01:05:10 Step:484} Server_Comm.py: The agent lost 8 consecutive packets! Is syncmode disabled?
{Mon 01:05:10 Step:487} Server_Comm.py: The agent lost 2 consecutive packets! Is syncmode disabled?
{Mon 01:05:10 Step:491} Server_Comm.py: The agent lost 3 consecutive packets! Is syncmode disabled?
{Mon 01:05:10 Step:495} Server_Comm.py: The agent lost 3 consecutive packets! Is syncmode disabled?
{Mon 01:05:10 Step:498} Server_Comm.py: The agent lost 2 consecutive packets! Is syncmode disabled?
{Mon 01:05:10 Step:504} Server_Comm.py: The agent lost 4 consecutive packets! Is syncmode disabled?
{Mon 01:05:10 Step:507} Server_Comm.py: The agent lost 2 consecutive packets! Is syncmode disabled?
{Mon 01:05:10 Step:511} Server_Comm.py: The agent lost 3 consecutive packets! Is syncmode disabled?
{Mon 01:05:10 Step:513} Server_Comm.py: The agent lost 1 packet! Is syncmode enabled?
{Mon 01:05:10 Step:515} Server_Comm.py: The agent lost 1 packet! Is syncmode enabled?
{Mon 01:05:10 Step:518} Server_Comm.py: The agent lost 2 consecutive packets! Is syncmode disabled?
{Mon 01:05:10 Step:520} Server_Comm.py: The agent lost 1 packet! Is syncmode enabled?
{Mon 01:05:10 Step:525} Server_Comm.py: The agent lost 3 consecutive packets! Is syncmode disabled?
{Mon 01:05:10 Step:528} Server_Comm.py: The agent lost 2 consecutive packets! Is syncmode disabled?
{Mon 01:05:10 Step:532} Server_Comm.py: The agent lost 2 consecutive packets! Is syncmode disabled?
{Mon 01:05:10 Step:535} Server_Comm.py: The agent lost 1 packet! Is syncmode enabled?
{Mon 01:05:10 Step:538} Server_Comm.py: The agent lost 2 consecutive packets! Is syncmode disabled?
{Mon 01:05:10 Step:541} Server_Comm.py: The agent lost 1 packet! Is syncmode enabled?
{Mon 01:05:10 Step:543} Server_Comm.py: The agent lost 1 packet! Is syncmode enabled?
{Mon 01:05:10 Step:545} Server_Comm.py: The agent lost 1 packet! Is syncmode enabled?
{Mon 01:05:10 Step:547} Server_Comm.py: The agent lost 1 packet! Is syncmode enabled?
{Mon 01:05:10 Step:551} Server_Comm.py: The agent lost 3 consecutive packets! Is syncmode disabled?
{Mon 01:05:10 Step:554} Server_Comm.py: The agent lost 2 consecutive packets! Is syncmode disabled?
{Mon 01:05:10 Step:556} Server_Comm.py: The agent lost 1 packet! Is syncmode enabled?
{Mon 01:05:10 Step:559} Server_Comm.py: The agent lost 1 packet! Is syncmode enabled?
{Mon 01:05:10 Step:563} Server_Comm.py: The agent lost 3 consecutive packets! Is syncmode disabled?
{Mon 01:05:11 Step:581} Server_Comm.py: The agent lost 1 packet! Is syncmode enabled?
{Mon 01:05:11 Step:583} Server_Comm.py: The agent lost 1 packet! Is syncmode enabled?
{Mon 01:05:11 Step:603} Server_Comm.py: The agent lost 1 packet! Is syncmode enabled?
{Mon 01:05:11 Step:605} Server_Comm.py: The agent lost 1 packet! Is syncmode enabled?
{Mon 01:05:11 Step:617} Server_Comm.py: The agent lost 1 packet! Is syncmode enabled?
{Mon 01:05:11 Step:636} Server_Comm.py: The agent lost 4 consecutive packets! Is syncmode disabled?
{Mon 01:05:11 Step:639} Server_Comm.py: The agent lost 2 consecutive packets! Is syncmode disabled?
{Mon 01:05:11 Step:643} Server_Comm.py: The agent lost 3 consecutive packets! Is syncmode disabled?
{Mon 01:05:11 Step:651} Server_Comm.py: The agent lost 7 consecutive packets! Is syncmode disabled?
{Mon 01:05:11 Step:655} Server_Comm.py: The agent lost 3 consecutive packets! Is syncmode disabled?
{Mon 01:05:11 Step:658} Server_Comm.py: The agent lost 2 consecutive packets! Is syncmode disabled?
{Mon 01:05:11 Step:661} Server_Comm.py: The agent lost 1 packet! Is syncmode enabled?
{Mon 01:05:11 Step:663} Server_Comm.py: The agent lost 1 packet! Is syncmode enabled?
{Mon 01:05:11 Step:666} Server_Comm.py: The agent lost 2 consecutive packets! Is syncmode disabled?
{Mon 01:05:11 Step:668} Server_Comm.py: The agent lost 1 packet! Is syncmode enabled?
{Mon 01:05:11 Step:672} Server_Comm.py: The agent lost 2 consecutive packets! Is syncmode disabled?
{Mon 01:05:11 Step:675} Server_Comm.py: The agent lost 1 packet! Is syncmode enabled?
{Mon 01:05:11 Step:679} Server_Comm.py: The agent lost 3 consecutive packets! Is syncmode disabled?
{Mon 01:05:11 Step:685} Server_Comm.py: The agent lost 5 consecutive packets! Is syncmode disabled?
{Mon 01:05:11 Step:692} Server_Comm.py: The agent lost 6 consecutive packets! Is syncmode disabled?
{Mon 01:05:11 Step:694} Server_Comm.py: The agent lost 1 packet! Is syncmode enabled?
{Mon 01:05:11 Step:697} Server_Comm.py: The agent lost 1 packet! Is syncmode enabled?
{Mon 01:05:11 Step:700} Server_Comm.py: The agent lost 2 consecutive packets! Is syncmode disabled?
{Mon 01:05:11 Step:701} Server_Comm.py: Received a new packet while thinking!
{Mon 01:05:11 Step:780} Server_Comm.py: The agent lost 78 consecutive packets! Is syncmode disabled?
{Mon 01:05:11 Step:793} Server_Comm.py: The agent lost 12 consecutive packets! Is syncmode disabled?
{Mon 01:05:11 Step:799} Server_Comm.py: The agent lost 5 consecutive packets! Is syncmode disabled?
{Mon 01:05:11 Step:802} Server_Comm.py: The agent lost 2 consecutive packets! Is syncmode disabled?
{Mon 01:05:11 Step:804} Server_Comm.py: The agent lost 1 packet! Is syncmode enabled?
{Mon 01:05:11 Step:806} Server_Comm.py: The agent lost 1 packet! Is syncmode enabled?
{Mon 01:05:11 Step:810} Server_Comm.py: The agent lost 2 consecutive packets! Is syncmode disabled?
{Mon 01:05:11 Step:814} Server_Comm.py: The agent lost 2 consecutive packets! Is syncmode disabled?
{Mon 01:05:11 Step:816} Server_Comm.py: The agent lost 1 packet! Is syncmode enabled?
{Mon 01:05:11 Step:818} Server_Comm.py: The agent lost 1 packet! Is syncmode enabled?
{Mon 01:05:11 Step:821} Server_Comm.py: The agent lost 1 packet! Is syncmode enabled?
{Mon 01:05:11 Step:825} Server_Comm.py: The agent lost 1 packet! Is syncmode enabled?
{Mon 01:05:11 Step:827} Server_Comm.py: The agent lost 1 packet! Is syncmode enabled?
{Mon 01:05:11 Step:832} Server_Comm.py: The agent lost 1 packet! Is syncmode enabled?
{Mon 01:05:11 Step:835} Server_Comm.py: The agent lost 1 packet! Is syncmode enabled?
{Mon 01:05:11 Step:839} Server_Comm.py: The agent lost 1 packet! Is syncmode enabled?
{Mon 01:05:11 Step:843} Server_Comm.py: The agent lost 1 packet! Is syncmode enabled?
{Mon 01:05:11 Step:852} Server_Comm.py: The agent lost 1 packet! Is syncmode enabled?
{Mon 01:05:11 Step:856} Server_Comm.py: The agent lost 1 packet! Is syncmode enabled?
{Mon 01:05:11 Step:858} Server_Comm.py: The agent lost 1 packet! Is syncmode enabled?
{Mon 01:05:11 Step:873} Server_Comm.py: The agent lost 1 packet! Is syncmode enabled?
{Mon 01:05:11 Step:875} Server_Comm.py: The agent lost 1 packet! Is syncmode enabled?
{Mon 01:05:11 Step:888} Server_Comm.py: The agent lost 1 packet! Is syncmode enabled?
{Mon 01:05:11 Step:901} Server_Comm.py: The agent lost 1 packet! Is syncmode enabled?
{Mon 01:05:11 Step:903} Server_Comm.py: The agent lost 1 packet! Is syncmode enabled?
{Mon 01:05:11 Step:907} Server_Comm.py: The agent lost 1 packet! Is syncmode enabled?
{Mon 01:05:11 Step:910} Server_Comm.py: The agent lost 2 consecutive packets! Is syncmode disabled?
{Mon 01:05:11 Step:912} Server_Comm.py: The agent lost 1 packet! Is syncmode enabled?
{Mon 01:05:11 Step:914} Server_Comm.py: The agent lost 1 packet! Is syncmode enabled?
{Mon 01:05:11 Step:917} Server_Comm.py: The agent lost 2 consecutive packets! Is syncmode disabled?
{Mon 01:05:11 Step:924} Server_Comm.py: The agent lost 6 consecutive packets! Is syncmode disabled?
{Mon 01:05:11 Step:926} Server_Comm.py: The agent lost 1 packet! Is syncmode enabled?
{Mon 01:05:11 Step:930} Server_Comm.py: The agent lost 2 consecutive packets! Is syncmode disabled?
{Mon 01:05:11 Step:932} Server_Comm.py: The agent lost 1 packet! Is syncmode enabled?
{Mon 01:05:11 Step:936} Server_Comm.py: The agent lost 2 consecutive packets! Is syncmode disabled?
{Mon 01:05:11 Step:938} Server_Comm.py: The agent lost 1 packet! Is syncmode enabled?
{Mon 01:05:11 Step:942} Server_Comm.py: The agent lost 2 consecutive packets! Is syncmode disabled?
{Mon 01:05:11 Step:945} Server_Comm.py: The agent lost 1 packet! Is syncmode enabled?
{Mon 01:05:11 Step:948} Server_Comm.py: The agent lost 2 consecutive packets! Is syncmode disabled?
{Mon 01:05:11 Step:950} Server_Comm.py: The agent lost 1 packet! Is syncmode enabled?
{Mon 01:05:11 Step:955} Server_Comm.py: The agent lost 3 consecutive packets! Is syncmode disabled?
{Mon 01:05:11 Step:959} Server_Comm.py: The agent lost 3 consecutive packets! Is syncmode disabled?
{Mon 01:05:11 Step:962} Server_Comm.py: The agent lost 2 consecutive packets! Is syncmode disabled?
{Mon 01:05:11 Step:964} Server_Comm.py: The agent lost 1 packet! Is syncmode enabled?
{Mon 01:05:11 Step:968} Server_Comm.py: The agent lost 2 consecutive packets! Is syncmode disabled?
{Mon 01:05:11 Step:971} Server_Comm.py: The agent lost 1 packet! Is syncmode enabled?
{Mon 01:05:11 Step:974} Server_Comm.py: The agent lost 2 consecutive packets! Is syncmode disabled?
{Mon 01:05:11 Step:978} Server_Comm.py: The agent lost 2 consecutive packets! Is syncmode disabled?
{Mon 01:05:11 Step:978} Server_Comm.py: Received a new packet while thinking!
{Mon 01:05:11 Step:1089} Server_Comm.py: The agent lost 110 consecutive packets! Is syncmode disabled?
{Mon 01:05:11 Step:1099} Server_Comm.py: The agent lost 9 consecutive packets! Is syncmode disabled?
{Mon 01:05:11 Step:1103} Server_Comm.py: The agent lost 3 consecutive packets! Is syncmode disabled?
{Mon 01:05:11 Step:1106} Server_Comm.py: The agent lost 2 consecutive packets! Is syncmode disabled?
{Mon 01:05:11 Step:1108} Server_Comm.py: The agent lost 1 packet! Is syncmode enabled?
{Mon 01:05:11 Step:1111} Server_Comm.py: The agent lost 1 packet! Is syncmode enabled?
{Mon 01:05:11 Step:1114} Server_Comm.py: The agent lost 2 consecutive packets! Is syncmode disabled?
{Mon 01:05:11 Step:1116} Server_Comm.py: The agent lost 1 packet! Is syncmode enabled?
{Mon 01:05:11 Step:1123} Server_Comm.py: The agent lost 2 consecutive packets! Is syncmode disabled?
{Mon 01:05:11 Step:1126} Server_Comm.py: The agent lost 2 consecutive packets! Is syncmode disabled?
{Mon 01:05:11 Step:1129} Server_Comm.py: The agent lost 2 consecutive packets! Is syncmode disabled?
{Mon 01:05:11 Step:1131} Server_Comm.py: The agent lost 1 packet! Is syncmode enabled?
{Mon 01:05:11 Step:1135} Server_Comm.py: The agent lost 1 packet! Is syncmode enabled?
{Mon 01:05:11 Step:1141} Server_Comm.py: The agent lost 1 packet! Is syncmode enabled?
{Mon 01:05:11 Step:1143} Server_Comm.py: The agent lost 1 packet! Is syncmode enabled?
{Mon 01:05:11 Step:1145} Server_Comm.py: The agent lost 1 packet! Is syncmode enabled?
{Mon 01:05:11 Step:1147} Server_Comm.py: The agent lost 1 packet! Is syncmode enabled?
{Mon 01:05:11 Step:1149} Server_Comm.py: The agent lost 1 packet! Is syncmode enabled?
{Mon 01:05:11 Step:1153} Server_Comm.py: The agent lost 1 packet! Is syncmode enabled?
{Mon 01:05:11 Step:1155} Server_Comm.py: The agent lost 1 packet! Is syncmode enabled?
{Mon 01:05:11 Step:1161} Server_Comm.py: The agent lost 2 consecutive packets! Is syncmode disabled?
{Mon 01:05:11 Step:1167} Server_Comm.py: The agent lost 1 packet! Is syncmode enabled?
{Mon 01:05:11 Step:1187} Server_Comm.py: The agent lost 1 packet! Is syncmode enabled?
{Mon 01:05:11 Step:1196} Server_Comm.py: The agent lost 1 packet! Is syncmode enabled?
{Mon 01:05:11 Step:1204} Server_Comm.py: The agent lost 1 packet! Is syncmode enabled?
{Mon 01:05:11 Step:1206} Server_Comm.py: The agent lost 1 packet! Is syncmode enabled?
{Mon 01:05:11 Step:1209} Server_Comm.py: The agent lost 1 packet! Is syncmode enabled?
{Mon 01:05:11 Step:1211} Server_Comm.py: The agent lost 1 packet! Is syncmode enabled?
{Mon 01:05:11 Step:1214} Server_Comm.py: The agent lost 2 consecutive packets! Is syncmode disabled?
{Mon 01:05:11 Step:1217} Server_Comm.py: The agent lost 2 consecutive packets! Is syncmode disabled?
{Mon 01:05:11 Step:1219} Server_Comm.py: The agent lost 1 packet! Is syncmode enabled?
{Mon 01:05:11 Step:1221} Server_Comm.py: The agent lost 1 packet! Is syncmode enabled?
{Mon 01:05:11 Step:1223} Server_Comm.py: The agent lost 1 packet! Is syncmode enabled?
{Mon 01:05:11 Step:1228} Server_Comm.py: The agent lost 4 consecutive packets! Is syncmode disabled?
{Mon 01:05:11 Step:1231} Server_Comm.py: The agent lost 2 consecutive packets! Is syncmode disabled?
{Mon 01:05:11 Step:1236} Server_Comm.py: The agent lost 4 consecutive packets! Is syncmode disabled?
{Mon 01:05:11 Step:1240} Server_Comm.py: The agent lost 3 consecutive packets! Is syncmode disabled?
{Mon 01:05:11 Step:1252} Server_Comm.py: The agent lost 11 consecutive packets! Is syncmode disabled?
{Mon 01:05:11 Step:1255} Server_Comm.py: The agent lost 2 consecutive packets! Is syncmode disabled?
{Mon 01:05:11 Step:1258} Server_Comm.py: The agent lost 2 consecutive packets! Is syncmode disabled?
{Mon 01:05:11 Step:1260} Server_Comm.py: The agent lost 1 packet! Is syncmode enabled?
{Mon 01:05:11 Step:1263} Server_Comm.py: The agent lost 1 packet! Is syncmode enabled?
{Mon 01:05:11 Step:1267} Server_Comm.py: The agent lost 1 packet! Is syncmode enabled?
{Mon 01:05:11 Step:1269} Server_Comm.py: The agent lost 1 packet! Is syncmode enabled?
{Mon 01:05:11 Step:1272} Server_Comm.py: The agent lost 2 consecutive packets! Is syncmode disabled?
{Mon 01:05:11 Step:1274} Server_Comm.py: The agent lost 1 packet! Is syncmode enabled?
{Mon 01:05:11 Step:1276} Server_Comm.py: The agent lost 1 packet! Is syncmode enabled?
{Mon 01:05:11 Step:1279} Server_Comm.py: The agent lost 1 packet! Is syncmode enabled?
{Mon 01:05:11 Step:1281} Server_Comm.py: The agent lost 1 packet! Is syncmode enabled?
{Mon 01:05:11 Step:1283} Server_Comm.py: The agent lost 1 packet! Is syncmode enabled?
{Mon 01:05:11 Step:1285} Server_Comm.py: The agent lost 1 packet! Is syncmode enabled?
{Mon 01:05:11 Step:1287} Server_Comm.py: The agent lost 1 packet! Is syncmode enabled?
{Mon 01:05:11 Step:1289} Server_Comm.py: The agent lost 1 packet! Is syncmode enabled?
{Mon 01:05:11 Step:1292} Server_Comm.py: The agent lost 2 consecutive packets! Is syncmode disabled?
{Mon 01:05:11 Step:1294} Server_Comm.py: The agent lost 1 packet! Is syncmode enabled?
{Mon 01:05:11 Step:1296} Server_Comm.py: The agent lost 1 packet! Is syncmode enabled?
{Mon 01:05:11 Step:1299} Server_Comm.py: The agent lost 1 packet! Is syncmode enabled?
{Mon 01:05:11 Step:1301} Server_Comm.py: The agent lost 1 packet! Is syncmode enabled?
{Mon 01:05:11 Step:1304} Server_Comm.py: The agent lost 2 consecutive packets! Is syncmode disabled?
{Mon 01:05:11 Step:1306} Server_Comm.py: The agent lost 1 packet! Is syncmode enabled?
{Mon 01:05:11 Step:1310} Server_Comm.py: The agent lost 1 packet! Is syncmode enabled?
{Mon 01:05:11 Step:1312} Server_Comm.py: The agent lost 1 packet! Is syncmode enabled?
{Mon 01:05:11 Step:1314} Server_Comm.py: The agent lost 1 packet! Is syncmode enabled?
{Mon 01:05:11 Step:1317} Server_Comm.py: The agent lost 1 packet! Is syncmode enabled?
{Mon 01:05:11 Step:1320} Server_Comm.py: The agent lost 2 consecutive packets! Is syncmode disabled?
{Mon 01:05:11 Step:1324} Server_Comm.py: The agent lost 2 consecutive packets! Is syncmode disabled?
{Mon 01:05:11 Step:1327} Server_Comm.py: The agent lost 1 packet! Is syncmode enabled?
{Mon 01:05:11 Step:1329} Server_Comm.py: The agent lost 1 packet! Is syncmode enabled?
{Mon 01:05:11 Step:1331} Server_Comm.py: The agent lost 1 packet! Is syncmode enabled?
{Mon 01:05:11 Step:1334} Server_Comm.py: The agent lost 2 consecutive packets! Is syncmode disabled?
{Mon 01:05:11 Step:1338} Server_Comm.py: The agent lost 2 consecutive packets! Is syncmode disabled?
{Mon 01:05:11 Step:1341} Server_Comm.py: The agent lost 1 packet! Is syncmode enabled?
{Mon 01:05:11 Step:1343} Server_Comm.py: The agent lost 1 packet! Is syncmode enabled?
{Mon 01:05:11 Step:1345} Server_Comm.py: The agent lost 1 packet! Is syncmode enabled?
{Mon 01:05:11 Step:1347} Server_Comm.py: The agent lost 1 packet! Is syncmode enabled?
{Mon 01:05:11 Step:1351} Server_Comm.py: The agent lost 3 consecutive packets! Is syncmode disabled?
{Mon 01:05:11 Step:1382} Server_Comm.py: The agent lost 1 packet! Is syncmode enabled?
{Mon 01:05:11 Step:1384} Server_Comm.py: The agent lost 1 packet! Is syncmode enabled?
{Mon 01:05:11 Step:1392} Server_Comm.py: The agent lost 2 consecutive packets! Is syncmode disabled?
{Mon 01:05:11 Step:1399} Server_Comm.py: The agent lost 4 consecutive packets! Is syncmode disabled?
{Mon 01:05:11 Step:1402} Server_Comm.py: The agent lost 2 consecutive packets! Is syncmode disabled?
{Mon 01:05:11 Step:1406} Server_Comm.py: The agent lost 2 consecutive packets! Is syncmode disabled?
{Mon 01:05:11 Step:1410} Server_Comm.py: The agent lost 2 consecutive packets! Is syncmode disabled?
{Mon 01:05:11 Step:1412} Server_Comm.py: The agent lost 1 packet! Is syncmode enabled?
{Mon 01:05:11 Step:1418} Server_Comm.py: The agent lost 2 consecutive packets! Is syncmode disabled?
{Mon 01:05:11 Step:1422} Server_Comm.py: The agent lost 2 consecutive packets! Is syncmode disabled?
{Mon 01:05:11 Step:1426} Server_Comm.py: The agent lost 2 consecutive packets! Is syncmode disabled?
{Mon 01:05:11 Step:1429} Server_Comm.py: The agent lost 1 packet! Is syncmode enabled?
{Mon 01:05:11 Step:1431} Server_Comm.py: The agent lost 1 packet! Is syncmode enabled?
{Mon 01:05:11 Step:1433} Server_Comm.py: The agent lost 1 packet! Is syncmode enabled?
{Mon 01:05:11 Step:1436} Server_Comm.py: The agent lost 2 consecutive packets! Is syncmode disabled?
{Mon 01:05:11 Step:1440} Server_Comm.py: The agent lost 2 consecutive packets! Is syncmode disabled?
{Mon 01:05:11 Step:1444} Server_Comm.py: The agent lost 2 consecutive packets! Is syncmode disabled?
{Mon 01:05:11 Step:1447} Server_Comm.py: The agent lost 1 packet! Is syncmode enabled?
{Mon 01:05:11 Step:1449} Server_Comm.py: The agent lost 1 packet! Is syncmode enabled?
{Mon 01:05:11 Step:1451} Server_Comm.py: The agent lost 1 packet! Is syncmode enabled?
{Mon 01:05:11 Step:1453} Server_Comm.py: The agent lost 1 packet! Is syncmode enabled?
{Mon 01:05:11 Step:1456} Server_Comm.py: The agent lost 2 consecutive packets! Is syncmode disabled?
{Mon 01:05:11 Step:1459} Server_Comm.py: The agent lost 2 consecutive packets! Is syncmode disabled?
{Mon 01:05:11 Step:1476} Server_Comm.py: The agent lost 1 packet! Is syncmode enabled?
{Mon 01:05:11 Step:1478} Server_Comm.py: The agent lost 1 packet! Is syncmode enabled?
{Mon 01:05:11 Step:1482} Server_Comm.py: The agent lost 3 consecutive packets! Is syncmode disabled?
{Mon 01:05:11 Step:1484} Server_Comm.py: The agent lost 1 packet! Is syncmode enabled?
{Mon 01:05:11 Step:1489} Server_Comm.py: The agent lost 1 packet! Is syncmode enabled?
{Mon 01:05:11 Step:1491} Server_Comm.py: The agent lost 1 packet! Is syncmode enabled?
{Mon 01:05:11 Step:1494} Server_Comm.py: The agent lost 2 consecutive packets! Is syncmode disabled?
{Mon 01:05:11 Step:1497} Server_Comm.py: The agent lost 1 packet! Is syncmode enabled?
{Mon 01:05:11 Step:1532} Server_Comm.py: The agent lost 2 consecutive packets! Is syncmode disabled?
{Mon 01:05:11 Step:1534} Server_Comm.py: The agent lost 1 packet! Is syncmode enabled?
{Mon 01:05:11 Step:1535} Server_Comm.py: Received a new packet while thinking!
{Mon 01:05:11 Step:1625} Server_Comm.py: The agent lost 89 consecutive packets! Is syncmode disabled?
{Mon 01:05:11 Step:1625} Server_Comm.py: Received a new packet while on world.update()!
{Mon 01:05:11 Step:1627} Server_Comm.py: The agent lost 1 packet! Is syncmode enabled?
{Mon 01:05:11 Step:1627} Server_Comm.py: Received a new packet while on world.update()!
{Mon 01:05:11 Step:1628} Server_Comm.py: Received a new packet while on world.update()!
{Mon 01:05:11 Step:1630} Server_Comm.py: The agent lost 1 packet! Is syncmode enabled?
{Mon 01:05:11 Step:1630} Server_Comm.py: Received a new packet while thinking!
{Mon 01:05:11 Step:1631} Server_Comm.py: Received a new packet while on world.update()!
{Mon 01:05:11 Step:1633} Server_Comm.py: The agent lost 1 packet! Is syncmode enabled?
{Mon 01:05:11 Step:1633} Server_Comm.py: Received a new packet while thinking!
{Mon 01:05:11 Step:1634} Server_Comm.py: Received a new packet while thinking!
{Mon 01:05:11 Step:1635} Server_Comm.py: Received a new packet while on world.update()!
{Mon 01:05:11 Step:1636} Server_Comm.py: Received a new packet while thinking!
{Mon 01:05:11 Step:1637} Server_Comm.py: Received a new packet while on world.update()!
{Mon 01:05:11 Step:1638} Server_Comm.py: Received a new packet while on world.update()!
{Mon 01:05:11 Step:1639} Server_Comm.py: Received a new packet while thinking!
{Mon 01:05:11 Step:1640} Server_Comm.py: Received a new packet while on world.update()!
{Mon 01:05:11 Step:1641} Server_Comm.py: Received a new packet while on world.update()!
{Mon 01:05:11 Step:1643} Server_Comm.py: The agent lost 1 packet! Is syncmode enabled?
{Mon 01:05:11 Step:1643} Server_Comm.py: Received a new packet while on world.update()!
{Mon 01:05:11 Step:1645} Server_Comm.py: The agent lost 1 packet! Is syncmode enabled?
{Mon 01:05:11 Step:1645} Server_Comm.py: Received a new packet while on world.update()!
{Mon 01:05:11 Step:1646} Server_Comm.py: Received a new packet while on world.update()!
{Mon 01:05:11 Step:1649} Server_Comm.py: The agent lost 2 consecutive packets! Is syncmode disabled?
{Mon 01:05:11 Step:1649} Server_Comm.py: Received a new packet while on world.update()!
{Mon 01:05:11 Step:1650} Server_Comm.py: Received a new packet while on world.update()!
{Mon 01:05:11 Step:1651} Server_Comm.py: Received a new packet while on world.update()!
{Mon 01:05:11 Step:1652} Server_Comm.py: Received a new packet while on world.update()!
{Mon 01:05:11 Step:1653} Server_Comm.py: Received a new packet while on world.update()!
{Mon 01:05:11 Step:1655} Server_Comm.py: The agent lost 1 packet! Is syncmode enabled?
{Mon 01:05:11 Step:1655} Server_Comm.py: Received a new packet while on world.update()!
{Mon 01:05:11 Step:1656} Server_Comm.py: Received a new packet while on world.update()!
{Mon 01:05:11 Step:1657} Server_Comm.py: Received a new packet while on world.update()!
{Mon 01:05:11 Step:1658} Server_Comm.py: Received a new packet while on world.update()!
{Mon 01:05:11 Step:1659} Server_Comm.py: Received a new packet while on world.update()!
{Mon 01:05:11 Step:1660} Server_Comm.py: Received a new packet while thinking!
{Mon 01:05:11 Step:1661} Server_Comm.py: Received a new packet while on world.update()!
{Mon 01:05:11 Step:1663} Server_Comm.py: The agent lost 1 packet! Is syncmode enabled?
{Mon 01:05:11 Step:1663} Server_Comm.py: Received a new packet while on world.update()!
{Mon 01:05:11 Step:1665} Server_Comm.py: The agent lost 1 packet! Is syncmode enabled?
{Mon 01:05:11 Step:1665} Server_Comm.py: Received a new packet while thinking!
{Mon 01:05:11 Step:1666} Server_Comm.py: Received a new packet while thinking!
{Mon 01:05:11 Step:1667} Server_Comm.py: Received a new packet while on world.update()!
{Mon 01:05:11 Step:1668} Server_Comm.py: Received a new packet while on world.update()!
{Mon 01:05:11 Step:1669} Server_Comm.py: Received a new packet while on world.update()!
{Mon 01:05:11 Step:1671} Server_Comm.py: The agent lost 1 packet! Is syncmode enabled?
{Mon 01:05:11 Step:1671} Server_Comm.py: Received a new packet while on world.update()!
{Mon 01:05:11 Step:1672} Server_Comm.py: Received a new packet while thinking!
{Mon 01:05:11 Step:1673} Server_Comm.py: Received a new packet while on world.update()!
{Mon 01:05:11 Step:1674} Server_Comm.py: Received a new packet while on world.update()!
{Mon 01:05:11 Step:1675} Server_Comm.py: Received a new packet while on world.update()!
{Mon 01:05:11 Step:1676} Server_Comm.py: Received a new packet while on world.update()!
{Mon 01:05:11 Step:1677} Server_Comm.py: Received a new packet while thinking!
{Mon 01:05:11 Step:1678} Server_Comm.py: Received a new packet while thinking!
{Mon 01:05:11 Step:1756} Server_Comm.py: The agent lost 77 consecutive packets! Is syncmode disabled?
{Mon 01:05:11 Step:1756} Server_Comm.py: Received a new packet while on world.update()!
{Mon 01:05:11 Step:1757} Server_Comm.py: Received a new packet while on world.update()!
{Mon 01:05:11 Step:1759} Server_Comm.py: The agent lost 1 packet! Is syncmode enabled?
{Mon 01:05:11 Step:1759} Server_Comm.py: Received a new packet while on world.update()!
{Mon 01:05:11 Step:1760} Server_Comm.py: Received a new packet while on world.update()!
{Mon 01:05:11 Step:1762} Server_Comm.py: The agent lost 1 packet! Is syncmode enabled?
{Mon 01:05:11 Step:1762} Server_Comm.py: Received a new packet while on world.update()!
{Mon 01:05:11 Step:1763} Server_Comm.py: Received a new packet while on world.update()!
{Mon 01:05:11 Step:1765} Server_Comm.py: The agent lost 1 packet! Is syncmode enabled?
{Mon 01:05:11 Step:1765} Server_Comm.py: Received a new packet while on world.update()!
{Mon 01:05:11 Step:1766} Server_Comm.py: Received a new packet while thinking!
{Mon 01:05:11 Step:1767} Server_Comm.py: Received a new packet while on world.update()!
{Mon 01:05:11 Step:1769} Server_Comm.py: The agent lost 1 packet! Is syncmode enabled?
{Mon 01:05:11 Step:1769} Server_Comm.py: Received a new packet while on world.update()!
{Mon 01:05:11 Step:1772} Server_Comm.py: The agent lost 2 consecutive packets! Is syncmode disabled?
{Mon 01:05:11 Step:1772} Server_Comm.py: Received a new packet while on world.update()!
{Mon 01:05:11 Step:1773} Server_Comm.py: Received a new packet while on world.update()!
{Mon 01:05:11 Step:1774} Server_Comm.py: Received a new packet while on world.update()!
{Mon 01:05:11 Step:1775} Server_Comm.py: Received a new packet while on world.update()!
{Mon 01:05:11 Step:1776} Server_Comm.py: Received a new packet while on world.update()!
{Mon 01:05:11 Step:1777} Server_Comm.py: Received a new packet while on world.update()!
{Mon 01:05:11 Step:1778} Server_Comm.py: Received a new packet while on world.update()!
{Mon 01:05:11 Step:1779} Server_Comm.py: Received a new packet while on world.update()!
{Mon 01:05:11 Step:1781} Server_Comm.py: The agent lost 1 packet! Is syncmode enabled?
{Mon 01:05:11 Step:1781} Server_Comm.py: Received a new packet while on world.update()!
{Mon 01:05:11 Step:1783} Server_Comm.py: The agent lost 1 packet! Is syncmode enabled?
{Mon 01:05:11 Step:1783} Server_Comm.py: Received a new packet while on world.update()!
{Mon 01:05:11 Step:1784} Server_Comm.py: Received a new packet while on world.update()!
{Mon 01:05:11 Step:1785} Server_Comm.py: Received a new packet while on world.update()!
{Mon 01:05:11 Step:1786} Server_Comm.py: Received a new packet while on world.update()!
{Mon 01:05:11 Step:1787} Server_Comm.py: Received a new packet while on world.update()!
{Mon 01:05:11 Step:1788} Server_Comm.py: Received a new packet while on world.update()!
{Mon 01:05:11 Step:1789} Server_Comm.py: Received a new packet while on world.update()!
{Mon 01:05:11 Step:1791} Server_Comm.py: The agent lost 1 packet! Is syncmode enabled?
{Mon 01:05:11 Step:1791} Server_Comm.py: Received a new packet while on world.update()!
{Mon 01:05:11 Step:1793} Server_Comm.py: The agent lost 1 packet! Is syncmode enabled?
{Mon 01:05:11 Step:1793} Server_Comm.py: Received a new packet while on world.update()!
{Mon 01:05:11 Step:1795} Server_Comm.py: The agent lost 1 packet! Is syncmode enabled?
{Mon 01:05:11 Step:1795} Server_Comm.py: Received a new packet while on world.update()!
{Mon 01:05:11 Step:1796} Server_Comm.py: Received a new packet while on world.update()!
{Mon 01:05:11 Step:1802} Server_Comm.py: The agent lost 1 packet! Is syncmode enabled?
{Mon 01:05:11 Step:1807} Server_Comm.py: The agent lost 1 packet! Is syncmode enabled?
{Mon 01:05:11 Step:1809} Server_Comm.py: The agent lost 1 packet! Is syncmode enabled?
{Mon 01:05:11 Step:1812} Server_Comm.py: The agent lost 2 consecutive packets! Is syncmode disabled?
{Mon 01:05:11 Step:1814} Server_Comm.py: The agent lost 1 packet! Is syncmode enabled?
{Mon 01:05:11 Step:1819} Server_Comm.py: The agent lost 1 packet! Is syncmode enabled?
{Mon 01:05:11 Step:1821} Server_Comm.py: The agent lost 1 packet! Is syncmode enabled?
{Mon 01:05:11 Step:1823} Server_Comm.py: The agent lost 1 packet! Is syncmode enabled?
{Mon 01:05:11 Step:1829} Server_Comm.py: The agent lost 1 packet! Is syncmode enabled?
{Mon 01:05:11 Step:1845} Server_Comm.py: The agent lost 1 packet! Is syncmode enabled?
{Mon 01:05:11 Step:1848} Server_Comm.py: The agent lost 2 consecutive packets! Is syncmode disabled?
{Mon 01:05:11 Step:1851} Server_Comm.py: The agent lost 2 consecutive packets! Is syncmode disabled?
{Mon 01:05:11 Step:1854} Server_Comm.py: The agent lost 2 consecutive packets! Is syncmode disabled?
{Mon 01:05:12 Step:1869} Server_Comm.py: The agent lost 1 packet! Is syncmode enabled?
{Mon 01:05:12 Step:1875} Server_Comm.py: The agent lost 1 packet! Is syncmode enabled?
{Mon 01:05:12 Step:1877} Server_Comm.py: The agent lost 1 packet! Is syncmode enabled?
{Mon 01:05:12 Step:1881} Server_Comm.py: The agent lost 1 packet! Is syncmode enabled?
{Mon 01:05:12 Step:1899} Server_Comm.py: The agent lost 1 packet! Is syncmode enabled?
{Mon 01:05:12 Step:1902} Server_Comm.py: The agent lost 1 packet! Is syncmode enabled?
{Mon 01:05:12 Step:1905} Server_Comm.py: The agent lost 1 packet! Is syncmode enabled?
{Mon 01:05:12 Step:1907} Server_Comm.py: The agent lost 1 packet! Is syncmode enabled?
{Mon 01:05:12 Step:1910} Server_Comm.py: The agent lost 2 consecutive packets! Is syncmode disabled?
{Mon 01:05:12 Step:1918} Server_Comm.py: The agent lost 6 consecutive packets! Is syncmode disabled?
{Mon 01:05:12 Step:1922} Server_Comm.py: The agent lost 3 consecutive packets! Is syncmode disabled?
{Mon 01:05:12 Step:1924} Server_Comm.py: The agent lost 1 packet! Is syncmode enabled?
{Mon 01:05:12 Step:1926} Server_Comm.py: The agent lost 1 packet! Is syncmode enabled?
{Mon 01:05:12 Step:1930} Server_Comm.py: The agent lost 2 consecutive packets! Is syncmode disabled?
{Mon 01:05:12 Step:1932} Server_Comm.py: The agent lost 1 packet! Is syncmode enabled?
{Mon 01:05:12 Step:1935} Server_Comm.py: The agent lost 1 packet! Is syncmode enabled?
{Mon 01:05:12 Step:1938} Server_Comm.py: The agent lost 2 consecutive packets! Is syncmode disabled?
{Mon 01:05:12 Step:1941} Server_Comm.py: The agent lost 1 packet! Is syncmode enabled?
{Mon 01:05:12 Step:1944} Server_Comm.py: The agent lost 2 consecutive packets! Is syncmode disabled?
{Mon 01:05:12 Step:1946} Server_Comm.py: The agent lost 1 packet! Is syncmode enabled?
{Mon 01:05:12 Step:1948} Server_Comm.py: The agent lost 1 packet! Is syncmode enabled?
{Mon 01:05:12 Step:1950} Server_Comm.py: The agent lost 1 packet! Is syncmode enabled?
{Mon 01:05:12 Step:1954} Server_Comm.py: The agent lost 1 packet! Is syncmode enabled?
{Mon 01:05:12 Step:1956} Server_Comm.py: The agent lost 1 packet! Is syncmode enabled?
{Mon 01:05:12 Step:2012} Server_Comm.py: The agent lost 1 packet! Is syncmode enabled?
{Mon 01:05:12 Step:2017} Server_Comm.py: The agent lost 1 packet! Is syncmode enabled?
{Mon 01:05:12 Step:2029} Server_Comm.py: The agent lost 1 packet! Is syncmode enabled?
{Mon 01:05:12 Step:2031} Server_Comm.py: The agent lost 1 packet! Is syncmode enabled?
{Mon 01:05:12 Step:2031} Server_Comm.py: Received a new packet while thinking!
{Mon 01:05:12 Step:2081} Server_Comm.py: The agent lost 49 consecutive packets! Is syncmode disabled?
{Mon 01:05:12 Step:2104} Server_Comm.py: The agent lost 22 consecutive packets! Is syncmode disabled?
{Mon 01:05:12 Step:2111} Server_Comm.py: The agent lost 6 consecutive packets! Is syncmode disabled?
{Mon 01:05:12 Step:2113} Server_Comm.py: The agent lost 1 packet! Is syncmode enabled?
{Mon 01:05:12 Step:2115} Server_Comm.py: The agent lost 1 packet! Is syncmode enabled?
{Mon 01:05:12 Step:2117} Server_Comm.py: The agent lost 1 packet! Is syncmode enabled?
{Mon 01:05:12 Step:2119} Server_Comm.py: The agent lost 1 packet! Is syncmode enabled?
{Mon 01:05:12 Step:2122} Server_Comm.py: The agent lost 2 consecutive packets! Is syncmode disabled?
{Mon 01:05:12 Step:2125} Server_Comm.py: The agent lost 1 packet! Is syncmode enabled?
{Mon 01:05:12 Step:2125} Server_Comm.py: Received a new packet while thinking!
{Mon 01:05:12 Step:2239} Server_Comm.py: The agent lost 113 consecutive packets! Is syncmode disabled?
{Mon 01:05:12 Step:2239} Server_Comm.py: Received a new packet while on world.update()!
{Mon 01:05:12 Step:2241} Server_Comm.py: The agent lost 1 packet! Is syncmode enabled?
{Mon 01:05:12 Step:2241} Server_Comm.py: Received a new packet while on world.update()!
{Mon 01:05:12 Step:2243} Server_Comm.py: The agent lost 1 packet! Is syncmode enabled?
{Mon 01:05:12 Step:2243} Server_Comm.py: Received a new packet while on world.update()!
{Mon 01:05:12 Step:2244} Server_Comm.py: Received a new packet while on world.update()!
{Mon 01:05:12 Step:2245} Server_Comm.py: Received a new packet while on world.update()!
{Mon 01:05:12 Step:2247} Server_Comm.py: The agent lost 1 packet! Is syncmode enabled?
{Mon 01:05:12 Step:2247} Server_Comm.py: Received a new packet while on world.update()!
{Mon 01:05:12 Step:2248} Server_Comm.py: Received a new packet while on world.update()!
{Mon 01:05:12 Step:2249} Server_Comm.py: Received a new packet while thinking!
{Mon 01:05:12 Step:2250} Server_Comm.py: Received a new packet while on world.update()!
{Mon 01:05:12 Step:2251} Server_Comm.py: Received a new packet while on world.update()!
{Mon 01:05:12 Step:2252} Server_Comm.py: Received a new packet while on world.update()!
{Mon 01:05:12 Step:2253} Server_Comm.py: Received a new packet while on world.update()!
{Mon 01:05:12 Step:2254} Server_Comm.py: Received a new packet while thinking!
{Mon 01:05:12 Step:2255} Server_Comm.py: Received a new packet while on world.update()!
{Mon 01:05:12 Step:2256} Server_Comm.py: Received a new packet while on world.update()!
{Mon 01:05:12 Step:2257} Server_Comm.py: Received a new packet while on world.update()!
{Mon 01:05:12 Step:2259} Server_Comm.py: The agent lost 1 packet! Is syncmode enabled?
{Mon 01:05:12 Step:2259} Server_Comm.py: Received a new packet while on world.update()!
{Mon 01:05:12 Step:2265} Server_Comm.py: The agent lost 1 packet! Is syncmode enabled?
{Mon 01:05:12 Step:2306} Server_Comm.py: The agent lost 1 packet! Is syncmode enabled?
{Mon 01:05:12 Step:2312} Server_Comm.py: The agent lost 1 packet! Is syncmode enabled?
{Mon 01:05:12 Step:2317} Server_Comm.py: The agent lost 1 packet! Is syncmode enabled?
{Mon 01:05:12 Step:2319} Server_Comm.py: The agent lost 1 packet! Is syncmode enabled?
{Mon 01:05:12 Step:2332} Server_Comm.py: The agent lost 1 packet! Is syncmode enabled?
{Mon 01:05:12 Step:2339} Server_Comm.py: The agent lost 1 packet! Is syncmode enabled?
{Mon 01:05:12 Step:2341} Server_Comm.py: The agent lost 1 packet! Is syncmode enabled?
{Mon 01:05:12 Step:2345} Server_Comm.py: The agent lost 1 packet! Is syncmode enabled?
{Mon 01:05:12 Step:2347} Server_Comm.py: The agent lost 1 packet! Is syncmode enabled?
{Mon 01:05:12 Step:2355} Server_Comm.py: The agent lost 1 packet! Is syncmode enabled?
{Mon 01:05:12 Step:2358} Server_Comm.py: The agent lost 2 consecutive packets! Is syncmode disabled?
{Mon 01:05:12 Step:2366} Server_Comm.py: The agent lost 6 consecutive packets! Is syncmode disabled?
{Mon 01:05:12 Step:2369} Server_Comm.py: The agent lost 2 consecutive packets! Is syncmode disabled?
{Mon 01:05:12 Step:2373} Server_Comm.py: The agent lost 3 consecutive packets! Is syncmode disabled?
{Mon 01:05:12 Step:2377} Server_Comm.py: The agent lost 3 consecutive packets! Is syncmode disabled?
{Mon 01:05:12 Step:2381} Server_Comm.py: The agent lost 3 consecutive packets! Is syncmode disabled?
{Mon 01:05:12 Step:2385} Server_Comm.py: The agent lost 3 consecutive packets! Is syncmode disabled?
{Mon 01:05:12 Step:2389} Server_Comm.py: The agent lost 3 consecutive packets! Is syncmode disabled?
{Mon 01:05:12 Step:2395} Server_Comm.py: The agent lost 5 consecutive packets! Is syncmode disabled?
{Mon 01:05:12 Step:2404} Server_Comm.py: The agent lost 8 consecutive packets! Is syncmode disabled?
{Mon 01:05:12 Step:2410} Server_Comm.py: The agent lost 5 consecutive packets! Is syncmode disabled?
{Mon 01:05:12 Step:2414} Server_Comm.py: The agent lost 3 consecutive packets! Is syncmode disabled?
{Mon 01:05:12 Step:2418} Server_Comm.py: The agent lost 3 consecutive packets! Is syncmode disabled?
{Mon 01:05:12 Step:2421} Server_Comm.py: The agent lost 1 packet! Is syncmode enabled?
{Mon 01:05:12 Step:2433} Server_Comm.py: The agent lost 1 packet! Is syncmode enabled?
{Mon 01:05:12 Step:2447} Server_Comm.py: The agent lost 1 packet! Is syncmode enabled?
{Mon 01:05:12 Step:2465} Server_Comm.py: The agent lost 1 packet! Is syncmode enabled?
{Mon 01:05:12 Step:2475} Server_Comm.py: The agent lost 1 packet! Is syncmode enabled?
{Mon 01:05:12 Step:2493} Server_Comm.py: The agent lost 1 packet! Is syncmode enabled?
{Mon 01:05:12 Step:2499} Server_Comm.py: The agent lost 1 packet! Is syncmode enabled?
{Mon 01:05:12 Step:2501} Server_Comm.py: The agent lost 1 packet! Is syncmode enabled?
{Mon 01:05:12 Step:2504} Server_Comm.py: The agent lost 2 consecutive packets! Is syncmode disabled?
{Mon 01:05:12 Step:2508} Server_Comm.py: The agent lost 2 consecutive packets! Is syncmode disabled?
{Mon 01:05:12 Step:2513} Server_Comm.py: The agent lost 4 consecutive packets! Is syncmode disabled?
{Mon 01:05:12 Step:2517} Server_Comm.py: The agent lost 3 consecutive packets! Is syncmode disabled?
{Mon 01:05:12 Step:2521} Server_Comm.py: The agent lost 3 consecutive packets! Is syncmode disabled?
{Mon 01:05:12 Step:2523} Server_Comm.py: The agent lost 1 packet! Is syncmode enabled?
{Mon 01:05:12 Step:2526} Server_Comm.py: The agent lost 2 consecutive packets! Is syncmode disabled?
{Mon 01:05:12 Step:2528} Server_Comm.py: The agent lost 1 packet! Is syncmode enabled?
{Mon 01:05:12 Step:2531} Server_Comm.py: The agent lost 1 packet! Is syncmode enabled?
{Mon 01:05:12 Step:2533} Server_Comm.py: The agent lost 1 packet! Is syncmode enabled?
{Mon 01:05:12 Step:2535} Server_Comm.py: The agent lost 1 packet! Is syncmode enabled?
{Mon 01:05:12 Step:2537} Server_Comm.py: The agent lost 1 packet! Is syncmode enabled?
{Mon 01:05:12 Step:2540} Server_Comm.py: The agent lost 2 consecutive packets! Is syncmode disabled?
{Mon 01:05:12 Step:2542} Server_Comm.py: The agent lost 1 packet! Is syncmode enabled?
{Mon 01:05:12 Step:2545} Server_Comm.py: The agent lost 1 packet! Is syncmode enabled?
{Mon 01:05:12 Step:2548} Server_Comm.py: The agent lost 2 consecutive packets! Is syncmode disabled?
{Mon 01:05:12 Step:2550} Server_Comm.py: The agent lost 1 packet! Is syncmode enabled?
{Mon 01:05:12 Step:2553} Server_Comm.py: The agent lost 1 packet! Is syncmode enabled?
{Mon 01:05:12 Step:2555} Server_Comm.py: The agent lost 1 packet! Is syncmode enabled?
{Mon 01:05:12 Step:2567} Server_Comm.py: The agent lost 1 packet! Is syncmode enabled?
{Mon 01:05:12 Step:2602} Server_Comm.py: The agent lost 1 packet! Is syncmode enabled?
{Mon 01:05:12 Step:2605} Server_Comm.py: The agent lost 1 packet! Is syncmode enabled?
{Mon 01:05:12 Step:2607} Server_Comm.py: The agent lost 1 packet! Is syncmode enabled?
{Mon 01:05:12 Step:2610} Server_Comm.py: The agent lost 1 packet! Is syncmode enabled?
{Mon 01:05:12 Step:2612} Server_Comm.py: The agent lost 1 packet! Is syncmode enabled?
{Mon 01:05:12 Step:2615} Server_Comm.py: The agent lost 1 packet! Is syncmode enabled?
{Mon 01:05:12 Step:2617} Server_Comm.py: The agent lost 1 packet! Is syncmode enabled?
{Mon 01:05:12 Step:2619} Server_Comm.py: The agent lost 1 packet! Is syncmode enabled?
{Mon 01:05:12 Step:2621} Server_Comm.py: The agent lost 1 packet! Is syncmode enabled?
{Mon 01:05:12 Step:2623} Server_Comm.py: The agent lost 1 packet! Is syncmode enabled?
{Mon 01:05:12 Step:2625} Server_Comm.py: The agent lost 1 packet! Is syncmode enabled?
{Mon 01:05:12 Step:2627} Server_Comm.py: The agent lost 1 packet! Is syncmode enabled?
{Mon 01:05:12 Step:2630} Server_Comm.py: The agent lost 2 consecutive packets! Is syncmode disabled?
{Mon 01:05:12 Step:2632} Server_Comm.py: The agent lost 1 packet! Is syncmode enabled?
{Mon 01:05:12 Step:2635} Server_Comm.py: The agent lost 1 packet! Is syncmode enabled?
{Mon 01:05:12 Step:2638} Server_Comm.py: The agent lost 2 consecutive packets! Is syncmode disabled?
{Mon 01:05:12 Step:2641} Server_Comm.py: The agent lost 1 packet! Is syncmode enabled?
{Mon 01:05:12 Step:2645} Server_Comm.py: The agent lost 1 packet! Is syncmode enabled?
{Mon 01:05:12 Step:2649} Server_Comm.py: The agent lost 3 consecutive packets! Is syncmode disabled?
{Mon 01:05:12 Step:2656} Server_Comm.py: The agent lost 6 consecutive packets! Is syncmode disabled?
{Mon 01:05:12 Step:2659} Server_Comm.py: The agent lost 2 consecutive packets! Is syncmode disabled?
{Mon 01:05:12 Step:2659} Server_Comm.py: Received a new packet while thinking!
{Mon 01:05:12 Step:2718} Server_Comm.py: The agent lost 58 consecutive packets! Is syncmode disabled?
{Mon 01:05:12 Step:2746} Server_Comm.py: The agent lost 27 consecutive packets! Is syncmode disabled?
{Mon 01:05:12 Step:2753} Server_Comm.py: The agent lost 6 consecutive packets! Is syncmode disabled?
{Mon 01:05:12 Step:2757} Server_Comm.py: The agent lost 3 consecutive packets! Is syncmode disabled?
{Mon 01:05:12 Step:2760} Server_Comm.py: The agent lost 2 consecutive packets! Is syncmode disabled?
{Mon 01:05:12 Step:2762} Server_Comm.py: The agent lost 1 packet! Is syncmode enabled?
{Mon 01:05:12 Step:2765} Server_Comm.py: The agent lost 1 packet! Is syncmode enabled?
{Mon 01:05:12 Step:2768} Server_Comm.py: The agent lost 2 consecutive packets! Is syncmode disabled?
{Mon 01:05:12 Step:2770} Server_Comm.py: The agent lost 1 packet! Is syncmode enabled?
{Mon 01:05:12 Step:2772} Server_Comm.py: The agent lost 1 packet! Is syncmode enabled?
{Mon 01:05:12 Step:2775} Server_Comm.py: The agent lost 1 packet! Is syncmode enabled?
{Mon 01:05:12 Step:2777} Server_Comm.py: The agent lost 1 packet! Is syncmode enabled?
{Mon 01:05:12 Step:2780} Server_Comm.py: The agent lost 2 consecutive packets! Is syncmode disabled?
{Mon 01:05:12 Step:2783} Server_Comm.py: The agent lost 1 packet! Is syncmode enabled?
{Mon 01:05:12 Step:2794} Server_Comm.py: The agent lost 1 packet! Is syncmode enabled?
{Mon 01:05:12 Step:2797} Server_Comm.py: The agent lost 1 packet! Is syncmode enabled?
{Mon 01:05:12 Step:2823} Server_Comm.py: The agent lost 1 packet! Is syncmode enabled?
{Mon 01:05:12 Step:2843} Server_Comm.py: The agent lost 1 packet! Is syncmode enabled?
{Mon 01:05:12 Step:2845} Server_Comm.py: The agent lost 1 packet! Is syncmode enabled?
{Mon 01:05:12 Step:2847} Server_Comm.py: The agent lost 1 packet! Is syncmode enabled?
{Mon 01:05:12 Step:2850} Server_Comm.py: The agent lost 2 consecutive packets! Is syncmode disabled?
{Mon 01:05:12 Step:2853} Server_Comm.py: The agent lost 2 consecutive packets! Is syncmode disabled?
{Mon 01:05:12 Step:2857} Server_Comm.py: The agent lost 3 consecutive packets! Is syncmode disabled?
{Mon 01:05:12 Step:2861} Server_Comm.py: The agent lost 3 consecutive packets! Is syncmode disabled?
{Mon 01:05:12 Step:2864} Server_Comm.py: The agent lost 2 consecutive packets! Is syncmode disabled?
{Mon 01:05:12 Step:2867} Server_Comm.py: The agent lost 2 consecutive packets! Is syncmode disabled?
{Mon 01:05:12 Step:2869} Server_Comm.py: The agent lost 1 packet! Is syncmode enabled?
{Mon 01:05:12 Step:2871} Server_Comm.py: The agent lost 1 packet! Is syncmode enabled?
{Mon 01:05:12 Step:2873} Server_Comm.py: The agent lost 1 packet! Is syncmode enabled?
{Mon 01:05:12 Step:2875} Server_Comm.py: The agent lost 1 packet! Is syncmode enabled?
{Mon 01:05:12 Step:2881} Server_Comm.py: The agent lost 5 consecutive packets! Is syncmode disabled?
{Mon 01:05:12 Step:2887} Server_Comm.py: The agent lost 5 consecutive packets! Is syncmode disabled?
{Mon 01:05:12 Step:2893} Server_Comm.py: The agent lost 5 consecutive packets! Is syncmode disabled?
{Mon 01:05:12 Step:2900} Server_Comm.py: The agent lost 6 consecutive packets! Is syncmode disabled?
{Mon 01:05:12 Step:2913} Server_Comm.py: The agent lost 12 consecutive packets! Is syncmode disabled?
{Mon 01:05:12 Step:2920} Server_Comm.py: The agent lost 6 consecutive packets! Is syncmode disabled?
{Mon 01:05:12 Step:2922} Server_Comm.py: The agent lost 1 packet! Is syncmode enabled?
{Mon 01:05:12 Step:2925} Server_Comm.py: The agent lost 1 packet! Is syncmode enabled?
{Mon 01:05:12 Step:2928} Server_Comm.py: The agent lost 2 consecutive packets! Is syncmode disabled?
{Mon 01:05:12 Step:2932} Server_Comm.py: The agent lost 2 consecutive packets! Is syncmode disabled?
{Mon 01:05:12 Step:2936} Server_Comm.py: The agent lost 2 consecutive packets! Is syncmode disabled?
{Mon 01:05:12 Step:2938} Server_Comm.py: The agent lost 1 packet! Is syncmode enabled?
{Mon 01:05:12 Step:2942} Server_Comm.py: The agent lost 2 consecutive packets! Is syncmode disabled?
{Mon 01:05:12 Step:2945} Server_Comm.py: The agent lost 1 packet! Is syncmode enabled?
{Mon 01:05:12 Step:2947} Server_Comm.py: The agent lost 1 packet! Is syncmode enabled?
{Mon 01:05:12 Step:2950} Server_Comm.py: The agent lost 2 consecutive packets! Is syncmode disabled?
{Mon 01:05:12 Step:2952} Server_Comm.py: The agent lost 1 packet! Is syncmode enabled?
{Mon 01:05:12 Step:2952} Server_Comm.py: Received a new packet while thinking!
{Mon 01:05:12 Step:3015} Server_Comm.py: The agent lost 62 consecutive packets! Is syncmode disabled?
{Mon 01:05:12 Step:3015} Server_Comm.py: Received a new packet while on world.update()!
{Mon 01:05:12 Step:3093} Server_Comm.py: The agent lost 77 consecutive packets! Is syncmode disabled?
{Mon 01:05:12 Step:3093} Server_Comm.py: Received a new packet while on world.update()!
{Mon 01:05:12 Step:3097} Server_Comm.py: The agent lost 3 consecutive packets! Is syncmode disabled?
{Mon 01:05:12 Step:3097} Server_Comm.py: Received a new packet while on world.update()!
{Mon 01:05:12 Step:3098} Server_Comm.py: Received a new packet while on world.update()!
{Mon 01:05:12 Step:3099} Server_Comm.py: Received a new packet while on world.update()!
{Mon 01:05:12 Step:3100} Server_Comm.py: Received a new packet while on world.update()!
{Mon 01:05:12 Step:3101} Server_Comm.py: Received a new packet while on world.update()!
{Mon 01:05:12 Step:3102} Server_Comm.py: Received a new packet while on world.update()!
{Mon 01:05:12 Step:3103} Server_Comm.py: Received a new packet while on world.update()!
{Mon 01:05:12 Step:3105} Server_Comm.py: The agent lost 1 packet! Is syncmode enabled?
{Mon 01:05:12 Step:3105} Server_Comm.py: Received a new packet while on world.update()!
{Mon 01:05:12 Step:3106} Server_Comm.py: Received a new packet while on world.update()!
{Mon 01:05:12 Step:3107} Server_Comm.py: Received a new packet while on world.update()!
{Mon 01:05:12 Step:3108} Server_Comm.py: Received a new packet while on world.update()!
{Mon 01:05:12 Step:3109} Server_Comm.py: Received a new packet while on world.update()!
{Mon 01:05:12 Step:3110} Server_Comm.py: Received a new packet while on world.update()!
{Mon 01:05:12 Step:3111} Server_Comm.py: Received a new packet while on world.update()!
{Mon 01:05:12 Step:3112} Server_Comm.py: Received a new packet while thinking!
{Mon 01:05:12 Step:3113} Server_Comm.py: Received a new packet while on world.update()!
{Mon 01:05:12 Step:3114} Server_Comm.py: Received a new packet while on world.update()!
{Mon 01:05:12 Step:3115} Server_Comm.py: Received a new packet while thinking!
{Mon 01:05:12 Step:3116} Server_Comm.py: Received a new packet while on world.update()!
{Mon 01:05:12 Step:3117} Server_Comm.py: Received a new packet while on world.update()!
{Mon 01:05:12 Step:3118} Server_Comm.py: Received a new packet while on world.update()!
{Mon 01:05:12 Step:3119} Server_Comm.py: Received a new packet while on world.update()!
{Mon 01:05:12 Step:3120} Server_Comm.py: Received a new packet while on world.update()!
{Mon 01:05:12 Step:3121} Server_Comm.py: Received a new packet while on world.update()!
{Mon 01:05:12 Step:3127} Server_Comm.py: The agent lost 1 packet! Is syncmode enabled?
{Mon 01:05:12 Step:3133} Server_Comm.py: The agent lost 1 packet! Is syncmode enabled?
{Mon 01:05:12 Step:3137} Server_Comm.py: The agent lost 1 packet! Is syncmode enabled?
{Mon 01:05:12 Step:3140} Server_Comm.py: The agent lost 1 packet! Is syncmode enabled?
{Mon 01:05:12 Step:3143} Server_Comm.py: The agent lost 1 packet! Is syncmode enabled?
{Mon 01:05:12 Step:3145} Server_Comm.py: The agent lost 1 packet! Is syncmode enabled?
{Mon 01:05:12 Step:3148} Server_Comm.py: The agent lost 2 consecutive packets! Is syncmode disabled?
{Mon 01:05:12 Step:3150} Server_Comm.py: The agent lost 1 packet! Is syncmode enabled?
{Mon 01:05:12 Step:3154} Server_Comm.py: The agent lost 1 packet! Is syncmode enabled?
{Mon 01:05:12 Step:3160} Server_Comm.py: The agent lost 2 consecutive packets! Is syncmode disabled?
{Mon 01:05:12 Step:3167} Server_Comm.py: The agent lost 1 packet! Is syncmode enabled?
{Mon 01:05:12 Step:3172} Server_Comm.py: The agent lost 2 consecutive packets! Is syncmode disabled?
{Mon 01:05:12 Step:3175} Server_Comm.py: The agent lost 1 packet! Is syncmode enabled?
{Mon 01:05:12 Step:3177} Server_Comm.py: The agent lost 1 packet! Is syncmode enabled?
{Mon 01:05:12 Step:3179} Server_Comm.py: The agent lost 1 packet! Is syncmode enabled?
{Mon 01:05:12 Step:3185} Server_Comm.py: The agent lost 1 packet! Is syncmode enabled?
{Mon 01:05:12 Step:3197} Server_Comm.py: The agent lost 1 packet! Is syncmode enabled?
{Mon 01:05:12 Step:3199} Server_Comm.py: The agent lost 1 packet! Is syncmode enabled?
{Mon 01:05:12 Step:3201} Server_Comm.py: The agent lost 1 packet! Is syncmode enabled?
{Mon 01:05:12 Step:3203} Server_Comm.py: The agent lost 1 packet! Is syncmode enabled?
{Mon 01:05:12 Step:3206} Server_Comm.py: The agent lost 2 consecutive packets! Is syncmode disabled?
{Mon 01:05:12 Step:3209} Server_Comm.py: The agent lost 1 packet! Is syncmode enabled?
{Mon 01:05:12 Step:3212} Server_Comm.py: The agent lost 2 consecutive packets! Is syncmode disabled?
{Mon 01:05:12 Step:3214} Server_Comm.py: The agent lost 1 packet! Is syncmode enabled?
{Mon 01:05:12 Step:3217} Server_Comm.py: The agent lost 1 packet! Is syncmode enabled?
{Mon 01:05:12 Step:3219} Server_Comm.py: The agent lost 1 packet! Is syncmode enabled?
{Mon 01:05:12 Step:3221} Server_Comm.py: The agent lost 1 packet! Is syncmode enabled?
{Mon 01:05:12 Step:3223} Server_Comm.py: The agent lost 1 packet! Is syncmode enabled?
{Mon 01:05:12 Step:3225} Server_Comm.py: The agent lost 1 packet! Is syncmode enabled?
{Mon 01:05:12 Step:3229} Server_Comm.py: The agent lost 1 packet! Is syncmode enabled?
{Mon 01:05:12 Step:3231} Server_Comm.py: The agent lost 1 packet! Is syncmode enabled?
{Mon 01:05:12 Step:3233} Server_Comm.py: The agent lost 1 packet! Is syncmode enabled?
{Mon 01:05:12 Step:3236} Server_Comm.py: The agent lost 2 consecutive packets! Is syncmode disabled?
{Mon 01:05:12 Step:3238} Server_Comm.py: The agent lost 1 packet! Is syncmode enabled?
{Mon 01:05:12 Step:3241} Server_Comm.py: The agent lost 1 packet! Is syncmode enabled?
{Mon 01:05:12 Step:3243} Server_Comm.py: The agent lost 1 packet! Is syncmode enabled?
{Mon 01:05:12 Step:3245} Server_Comm.py: The agent lost 1 packet! Is syncmode enabled?
{Mon 01:05:12 Step:3247} Server_Comm.py: The agent lost 1 packet! Is syncmode enabled?
{Mon 01:05:12 Step:3249} Server_Comm.py: The agent lost 1 packet! Is syncmode enabled?
{Mon 01:05:12 Step:3252} Server_Comm.py: The agent lost 1 packet! Is syncmode enabled?
{Mon 01:05:12 Step:3255} Server_Comm.py: The agent lost 1 packet! Is syncmode enabled?
{Mon 01:05:12 Step:3258} Server_Comm.py: The agent lost 2 consecutive packets! Is syncmode disabled?
{Mon 01:05:12 Step:3265} Server_Comm.py: The agent lost 6 consecutive packets! Is syncmode disabled?
{Mon 01:05:12 Step:3271} Server_Comm.py: The agent lost 5 consecutive packets! Is syncmode disabled?
{Mon 01:05:12 Step:3277} Server_Comm.py: The agent lost 5 consecutive packets! Is syncmode disabled?
{Mon 01:05:12 Step:3281} Server_Comm.py: The agent lost 3 consecutive packets! Is syncmode disabled?
{Mon 01:05:12 Step:3285} Server_Comm.py: The agent lost 3 consecutive packets! Is syncmode disabled?
{Mon 01:05:12 Step:3289} Server_Comm.py: The agent lost 3 consecutive packets! Is syncmode disabled?
{Mon 01:05:12 Step:3293} Server_Comm.py: The agent lost 3 consecutive packets! Is syncmode disabled?
{Mon 01:05:12 Step:3297} Server_Comm.py: The agent lost 3 consecutive packets! Is syncmode disabled?
{Mon 01:05:12 Step:3300} Server_Comm.py: The agent lost 2 consecutive packets! Is syncmode disabled?
{Mon 01:05:12 Step:3302} Server_Comm.py: The agent lost 1 packet! Is syncmode enabled?
{Mon 01:05:12 Step:3304} Server_Comm.py: The agent lost 1 packet! Is syncmode enabled?
{Mon 01:05:12 Step:3308} Server_Comm.py: The agent lost 2 consecutive packets! Is syncmode disabled?
{Mon 01:05:12 Step:3310} Server_Comm.py: The agent lost 1 packet! Is syncmode enabled?
{Mon 01:05:12 Step:3312} Server_Comm.py: The agent lost 1 packet! Is syncmode enabled?
{Mon 01:05:12 Step:3314} Server_Comm.py: The agent lost 1 packet! Is syncmode enabled?
{Mon 01:05:12 Step:3318} Server_Comm.py: The agent lost 2 consecutive packets! Is syncmode disabled?
{Mon 01:05:12 Step:3321} Server_Comm.py: The agent lost 2 consecutive packets! Is syncmode disabled?
{Mon 01:05:12 Step:3323} Server_Comm.py: The agent lost 1 packet! Is syncmode enabled?
{Mon 01:05:12 Step:3326} Server_Comm.py: The agent lost 2 consecutive packets! Is syncmode disabled?
{Mon 01:05:13 Step:3329} Server_Comm.py: The agent lost 1 packet! Is syncmode enabled?
{Mon 01:05:13 Step:3332} Server_Comm.py: The agent lost 2 consecutive packets! Is syncmode disabled?
{Mon 01:05:13 Step:3335} Server_Comm.py: The agent lost 1 packet! Is syncmode enabled?
{Mon 01:05:13 Step:3337} Server_Comm.py: The agent lost 1 packet! Is syncmode enabled?
{Mon 01:05:13 Step:3339} Server_Comm.py: The agent lost 1 packet! Is syncmode enabled?
{Mon 01:05:13 Step:3342} Server_Comm.py: The agent lost 2 consecutive packets! Is syncmode disabled?
{Mon 01:05:13 Step:3345} Server_Comm.py: The agent lost 1 packet! Is syncmode enabled?
{Mon 01:05:13 Step:3348} Server_Comm.py: The agent lost 2 consecutive packets! Is syncmode disabled?
{Mon 01:05:13 Step:3350} Server_Comm.py: The agent lost 1 packet! Is syncmode enabled?
{Mon 01:05:13 Step:3356} Server_Comm.py: The agent lost 1 packet! Is syncmode enabled?
{Mon 01:05:13 Step:3368} Server_Comm.py: The agent lost 1 packet! Is syncmode enabled?
{Mon 01:05:13 Step:3385} Server_Comm.py: The agent lost 1 packet! Is syncmode enabled?
{Mon 01:05:13 Step:3396} Server_Comm.py: The agent lost 1 packet! Is syncmode enabled?
{Mon 01:05:13 Step:3400} Server_Comm.py: The agent lost 3 consecutive packets! Is syncmode disabled?
{Mon 01:05:13 Step:3402} Server_Comm.py: The agent lost 1 packet! Is syncmode enabled?
{Mon 01:05:13 Step:3404} Server_Comm.py: The agent lost 1 packet! Is syncmode enabled?
{Mon 01:05:13 Step:3407} Server_Comm.py: The agent lost 1 packet! Is syncmode enabled?
{Mon 01:05:13 Step:3409} Server_Comm.py: The agent lost 1 packet! Is syncmode enabled?
{Mon 01:05:13 Step:3412} Server_Comm.py: The agent lost 2 consecutive packets! Is syncmode disabled?
{Mon 01:05:13 Step:3415} Server_Comm.py: The agent lost 2 consecutive packets! Is syncmode disabled?
{Mon 01:05:13 Step:3419} Server_Comm.py: The agent lost 3 consecutive packets! Is syncmode disabled?
{Mon 01:05:13 Step:3422} Server_Comm.py: The agent lost 1 packet! Is syncmode enabled?
{Mon 01:05:13 Step:3427} Server_Comm.py: The agent lost 3 consecutive packets! Is syncmode disabled?
{Mon 01:05:13 Step:3432} Server_Comm.py: The agent lost 4 consecutive packets! Is syncmode disabled?
{Mon 01:05:13 Step:3435} Server_Comm.py: The agent lost 2 consecutive packets! Is syncmode disabled?
{Mon 01:05:13 Step:3435} Server_Comm.py: Received a new packet while thinking!
{Mon 01:05:13 Step:3650} Server_Comm.py: The agent lost 214 consecutive packets! Is syncmode disabled?
{Mon 01:05:13 Step:3666} Server_Comm.py: The agent lost 15 consecutive packets! Is syncmode disabled?
{Mon 01:05:13 Step:3671} Server_Comm.py: The agent lost 4 consecutive packets! Is syncmode disabled?
{Mon 01:05:13 Step:3674} Server_Comm.py: The agent lost 2 consecutive packets! Is syncmode disabled?
{Mon 01:05:13 Step:3678} Server_Comm.py: The agent lost 2 consecutive packets! Is syncmode disabled?
{Mon 01:05:13 Step:3681} Server_Comm.py: The agent lost 1 packet! Is syncmode enabled?
{Mon 01:05:13 Step:3685} Server_Comm.py: The agent lost 3 consecutive packets! Is syncmode disabled?
{Mon 01:05:13 Step:3689} Server_Comm.py: The agent lost 3 consecutive packets! Is syncmode disabled?
{Mon 01:05:13 Step:3696} Server_Comm.py: The agent lost 6 consecutive packets! Is syncmode disabled?
{Mon 01:05:13 Step:3701} Server_Comm.py: The agent lost 4 consecutive packets! Is syncmode disabled?
{Mon 01:05:13 Step:3705} Server_Comm.py: The agent lost 3 consecutive packets! Is syncmode disabled?
{Mon 01:05:13 Step:3708} Server_Comm.py: The agent lost 2 consecutive packets! Is syncmode disabled?
{Mon 01:05:13 Step:3712} Server_Comm.py: The agent lost 2 consecutive packets! Is syncmode disabled?
{Mon 01:05:13 Step:3715} Server_Comm.py: The agent lost 1 packet! Is syncmode enabled?
{Mon 01:05:13 Step:3718} Server_Comm.py: The agent lost 2 consecutive packets! Is syncmode disabled?
{Mon 01:05:13 Step:3721} Server_Comm.py: The agent lost 1 packet! Is syncmode enabled?
{Mon 01:05:13 Step:3731} Server_Comm.py: The agent lost 1 packet! Is syncmode enabled?
{Mon 01:05:13 Step:3763} Server_Comm.py: The agent lost 1 packet! Is syncmode enabled?
{Mon 01:05:13 Step:3767} Server_Comm.py: The agent lost 1 packet! Is syncmode enabled?
{Mon 01:05:13 Step:3794} Server_Comm.py: The agent lost 1 packet! Is syncmode enabled?
{Mon 01:05:13 Step:3796} Server_Comm.py: The agent lost 1 packet! Is syncmode enabled?
{Mon 01:05:13 Step:3803} Server_Comm.py: The agent lost 1 packet! Is syncmode enabled?
{Mon 01:05:13 Step:3805} Server_Comm.py: The agent lost 1 packet! Is syncmode enabled?
{Mon 01:05:13 Step:3807} Server_Comm.py: The agent lost 1 packet! Is syncmode enabled?
{Mon 01:05:13 Step:3810} Server_Comm.py: The agent lost 2 consecutive packets! Is syncmode disabled?
{Mon 01:05:13 Step:3872} Server_Comm.py: The agent lost 61 consecutive packets! Is syncmode disabled?
{Mon 01:05:13 Step:3878} Server_Comm.py: The agent lost 5 consecutive packets! Is syncmode disabled?
{Mon 01:05:13 Step:3880} Server_Comm.py: The agent lost 1 packet! Is syncmode enabled?
{Mon 01:05:13 Step:3884} Server_Comm.py: The agent lost 2 consecutive packets! Is syncmode disabled?
{Mon 01:05:13 Step:3890} Server_Comm.py: The agent lost 2 consecutive packets! Is syncmode disabled?
{Mon 01:05:13 Step:3891} Server_Comm.py: Received a new packet while thinking!
{Mon 01:05:13 Step:4080} Server_Comm.py: The agent lost 188 consecutive packets! Is syncmode disabled?
{Mon 01:05:13 Step:4080} Server_Comm.py: Received a new packet while on world.update()!
{Mon 01:05:13 Step:4081} Server_Comm.py: Received a new packet while on world.update()!
{Mon 01:05:13 Step:4135} Server_Comm.py: The agent lost 51 consecutive packets! Is syncmode disabled?
{Mon 01:05:13 Step:4149} Server_Comm.py: The agent lost 13 consecutive packets! Is syncmode disabled?
{Mon 01:05:13 Step:4155} Server_Comm.py: The agent lost 5 consecutive packets! Is syncmode disabled?
{Mon 01:05:13 Step:4158} Server_Comm.py: The agent lost 2 consecutive packets! Is syncmode disabled?
{Mon 01:05:13 Step:4161} Server_Comm.py: The agent lost 1 packet! Is syncmode enabled?
{Mon 01:05:13 Step:4163} Server_Comm.py: The agent lost 1 packet! Is syncmode enabled?
{Mon 01:05:13 Step:4165} Server_Comm.py: The agent lost 1 packet! Is syncmode enabled?
{Mon 01:05:13 Step:4167} Server_Comm.py: The agent lost 1 packet! Is syncmode enabled?
{Mon 01:05:13 Step:4170} Server_Comm.py: The agent lost 1 packet! Is syncmode enabled?
{Mon 01:05:13 Step:4183} Server_Comm.py: The agent lost 1 packet! Is syncmode enabled?
{Mon 01:05:13 Step:4185} Server_Comm.py: The agent lost 1 packet! Is syncmode enabled?
{Mon 01:05:13 Step:4209} Server_Comm.py: The agent lost 1 packet! Is syncmode enabled?
{Mon 01:05:13 Step:4215} Server_Comm.py: The agent lost 1 packet! Is syncmode enabled?
{Mon 01:05:13 Step:4247} Server_Comm.py: The agent lost 1 packet! Is syncmode enabled?
{Mon 01:05:13 Step:4251} Server_Comm.py: The agent lost 1 packet! Is syncmode enabled?
{Mon 01:05:13 Step:4254} Server_Comm.py: The agent lost 2 consecutive packets! Is syncmode disabled?
{Mon 01:05:13 Step:4262} Server_Comm.py: The agent lost 6 consecutive packets! Is syncmode disabled?
{Mon 01:05:13 Step:4265} Server_Comm.py: The agent lost 2 consecutive packets! Is syncmode disabled?
{Mon 01:05:13 Step:4269} Server_Comm.py: The agent lost 3 consecutive packets! Is syncmode disabled?
{Mon 01:05:13 Step:4272} Server_Comm.py: The agent lost 2 consecutive packets! Is syncmode disabled?
{Mon 01:05:13 Step:4276} Server_Comm.py: The agent lost 2 consecutive packets! Is syncmode disabled?
{Mon 01:05:13 Step:4280} Server_Comm.py: The agent lost 2 consecutive packets! Is syncmode disabled?
{Mon 01:05:13 Step:4284} Server_Comm.py: The agent lost 2 consecutive packets! Is syncmode disabled?
{Mon 01:05:13 Step:4288} Server_Comm.py: The agent lost 2 consecutive packets! Is syncmode disabled?
{Mon 01:05:13 Step:4291} Server_Comm.py: The agent lost 1 packet! Is syncmode enabled?
{Mon 01:05:13 Step:4294} Server_Comm.py: The agent lost 2 consecutive packets! Is syncmode disabled?
{Mon 01:05:13 Step:4296} Server_Comm.py: The agent lost 1 packet! Is syncmode enabled?
{Mon 01:05:13 Step:4300} Server_Comm.py: The agent lost 2 consecutive packets! Is syncmode disabled?
{Mon 01:05:13 Step:4302} Server_Comm.py: The agent lost 1 packet! Is syncmode enabled?
{Mon 01:05:13 Step:4306} Server_Comm.py: The agent lost 2 consecutive packets! Is syncmode disabled?
{Mon 01:05:13 Step:4309} Server_Comm.py: The agent lost 2 consecutive packets! Is syncmode disabled?
{Mon 01:05:13 Step:4312} Server_Comm.py: The agent lost 2 consecutive packets! Is syncmode disabled?
{Mon 01:05:13 Step:4314} Server_Comm.py: The agent lost 1 packet! Is syncmode enabled?
{Mon 01:05:13 Step:4316} Server_Comm.py: The agent lost 1 packet! Is syncmode enabled?
{Mon 01:05:13 Step:4318} Server_Comm.py: The agent lost 1 packet! Is syncmode enabled?
{Mon 01:05:13 Step:4321} Server_Comm.py: The agent lost 1 packet! Is syncmode enabled?
{Mon 01:05:13 Step:4325} Server_Comm.py: The agent lost 3 consecutive packets! Is syncmode disabled?
{Mon 01:05:13 Step:4328} Server_Comm.py: The agent lost 2 consecutive packets! Is syncmode disabled?
{Mon 01:05:13 Step:4332} Server_Comm.py: The agent lost 2 consecutive packets! Is syncmode disabled?
{Mon 01:05:13 Step:4334} Server_Comm.py: The agent lost 1 packet! Is syncmode enabled?
{Mon 01:05:13 Step:4338} Server_Comm.py: The agent lost 2 consecutive packets! Is syncmode disabled?
{Mon 01:05:13 Step:4340} Server_Comm.py: The agent lost 1 packet! Is syncmode enabled?
{Mon 01:05:13 Step:4343} Server_Comm.py: The agent lost 1 packet! Is syncmode enabled?
{Mon 01:05:13 Step:4346} Server_Comm.py: The agent lost 2 consecutive packets! Is syncmode disabled?
{Mon 01:05:13 Step:4348} Server_Comm.py: The agent lost 1 packet! Is syncmode enabled?
{Mon 01:05:13 Step:4351} Server_Comm.py: The agent lost 1 packet! Is syncmode enabled?
{Mon 01:05:13 Step:4354} Server_Comm.py: The agent lost 2 consecutive packets! Is syncmode disabled?
{Mon 01:05:13 Step:4356} Server_Comm.py: The agent lost 1 packet! Is syncmode enabled?
{Mon 01:05:13 Step:4361} Server_Comm.py: The agent lost 3 consecutive packets! Is syncmode disabled?
{Mon 01:05:13 Step:4366} Server_Comm.py: The agent lost 4 consecutive packets! Is syncmode disabled?
{Mon 01:05:13 Step:4368} Server_Comm.py: The agent lost 1 packet! Is syncmode enabled?
{Mon 01:05:13 Step:4372} Server_Comm.py: The agent lost 2 consecutive packets! Is syncmode disabled?
{Mon 01:05:13 Step:4374} Server_Comm.py: The agent lost 1 packet! Is syncmode enabled?
{Mon 01:05:13 Step:4378} Server_Comm.py: The agent lost 2 consecutive packets! Is syncmode disabled?
{Mon 01:05:13 Step:4380} Server_Comm.py: The agent lost 1 packet! Is syncmode enabled?
{Mon 01:05:13 Step:4383} Server_Comm.py: The agent lost 1 packet! Is syncmode enabled?
{Mon 01:05:13 Step:4386} Server_Comm.py: The agent lost 2 consecutive packets! Is syncmode disabled?
{Mon 01:05:13 Step:4388} Server_Comm.py: The agent lost 1 packet! Is syncmode enabled?
{Mon 01:05:13 Step:4392} Server_Comm.py: The agent lost 2 consecutive packets! Is syncmode disabled?
