{Sun 13:38:19 Step:2} Server_Comm.py: The agent lost 1 packet! Is syncmode enabled?
{Sun 13:38:19 Step:2} Server_Comm.py: Received a new packet while on world.update()!
{Sun 13:38:19 Step:12} Server_Comm.py: The agent lost 9 consecutive packets! Is syncmode disabled?
{Sun 13:38:19 Step:12} Server_Comm.py: Received a new packet while on world.update()!
{Sun 13:38:19 Step:14} Server_Comm.py: The agent lost 1 packet! Is syncmode enabled?
{Sun 13:38:19 Step:14} Server_Comm.py: Received a new packet while on world.update()!
{Sun 13:38:19 Step:17} Server_Comm.py: The agent lost 2 consecutive packets! Is syncmode disabled?
{Sun 13:38:19 Step:17} Server_Comm.py: Received a new packet while on world.update()!
{Sun 13:38:19 Step:22} Server_Comm.py: The agent lost 4 consecutive packets! Is syncmode disabled?
{Sun 13:38:19 Step:22} Server_Comm.py: Received a new packet while on world.update()!
{Sun 13:38:19 Step:23} Server_Comm.py: Received a new packet while on world.update()!
{Sun 13:38:19 Step:28} Server_Comm.py: The agent lost 4 consecutive packets! Is syncmode disabled?
{Sun 13:38:19 Step:28} Server_Comm.py: Received a new packet while on world.update()!
{Sun 13:38:19 Step:31} Server_Comm.py: The agent lost 2 consecutive packets! Is syncmode disabled?
{Sun 13:38:19 Step:31} Server_Comm.py: Received a new packet while on world.update()!
{Sun 13:38:19 Step:44} Server_Comm.py: The agent lost 12 consecutive packets! Is syncmode disabled?
{Sun 13:38:19 Step:44} Server_Comm.py: Received a new packet while on world.update()!
{Sun 13:38:19 Step:56} Server_Comm.py: The agent lost 11 consecutive packets! Is syncmode disabled?
{Sun 13:38:19 Step:56} Server_Comm.py: Received a new packet while on world.update()!
{Sun 13:38:19 Step:61} Server_Comm.py: The agent lost 4 consecutive packets! Is syncmode disabled?
{Sun 13:38:19 Step:69} Server_Comm.py: The agent lost 7 consecutive packets! Is syncmode disabled?
{Sun 13:38:20 Step:79} Server_Comm.py: The agent lost 9 consecutive packets! Is syncmode disabled?
{Sun 13:38:20 Step:93} Server_Comm.py: The agent lost 13 consecutive packets! Is syncmode disabled?
{Sun 13:38:20 Step:106} Server_Comm.py: The agent lost 12 consecutive packets! Is syncmode disabled?
{Sun 13:38:32 Step:106} Server_Comm.py: Received a new packet while thinking!
{Sun 13:38:35 Step:7386} Server_Comm.py: The agent lost 7279 consecutive packets! Is syncmode disabled?
{Sun 13:38:35 Step:7386} Server_Comm.py: Received a new packet while on world.update()!
{Sun 13:38:35 Step:7400} Server_Comm.py: The agent lost 13 consecutive packets! Is syncmode disabled?
{Sun 13:38:35 Step:7400} Server_Comm.py: Received a new packet while on world.update()!
{Sun 13:38:35 Step:7410} Server_Comm.py: The agent lost 9 consecutive packets! Is syncmode disabled?
{Sun 13:38:35 Step:7410} Server_Comm.py: Received a new packet while on world.update()!
{Sun 13:38:35 Step:7419} Server_Comm.py: The agent lost 8 consecutive packets! Is syncmode disabled?
{Sun 13:38:35 Step:7419} Server_Comm.py: Received a new packet while on world.update()!
{Sun 13:38:35 Step:7448} Server_Comm.py: The agent lost 28 consecutive packets! Is syncmode disabled?
{Sun 13:38:35 Step:7448} Server_Comm.py: Received a new packet while on world.update()!
{Sun 13:38:35 Step:7456} Server_Comm.py: The agent lost 7 consecutive packets! Is syncmode disabled?
{Sun 13:38:35 Step:7456} Server_Comm.py: Received a new packet while on world.update()!
{Sun 13:38:35 Step:7462} Server_Comm.py: The agent lost 5 consecutive packets! Is syncmode disabled?
{Sun 13:38:35 Step:7462} Server_Comm.py: Received a new packet while on world.update()!
{Sun 13:38:35 Step:7468} Server_Comm.py: The agent lost 5 consecutive packets! Is syncmode disabled?
{Sun 13:38:35 Step:7468} Server_Comm.py: Received a new packet while on world.update()!
{Sun 13:38:35 Step:7474} Server_Comm.py: The agent lost 5 consecutive packets! Is syncmode disabled?
{Sun 13:38:35 Step:7474} Server_Comm.py: Received a new packet while on world.update()!
{Sun 13:38:35 Step:7478} Server_Comm.py: The agent lost 3 consecutive packets! Is syncmode disabled?
{Sun 13:38:35 Step:7478} Server_Comm.py: Received a new packet while on world.update()!
{Sun 13:38:35 Step:7488} Server_Comm.py: The agent lost 9 consecutive packets! Is syncmode disabled?
{Sun 13:38:35 Step:7488} Server_Comm.py: Received a new packet while on world.update()!
{Sun 13:38:35 Step:7498} Server_Comm.py: The agent lost 9 consecutive packets! Is syncmode disabled?
{Sun 13:38:35 Step:7498} Server_Comm.py: Received a new packet while on world.update()!
{Sun 13:38:35 Step:7506} Server_Comm.py: The agent lost 7 consecutive packets! Is syncmode disabled?
{Sun 13:38:35 Step:7506} Server_Comm.py: Received a new packet while on world.update()!
{Sun 13:38:35 Step:7511} Server_Comm.py: The agent lost 4 consecutive packets! Is syncmode disabled?
{Sun 13:38:35 Step:7520} Server_Comm.py: The agent lost 8 consecutive packets! Is syncmode disabled?
{Sun 13:38:35 Step:7525} Server_Comm.py: The agent lost 4 consecutive packets! Is syncmode disabled?
{Sun 13:38:35 Step:7530} Server_Comm.py: The agent lost 4 consecutive packets! Is syncmode disabled?
{Sun 13:38:35 Step:7534} Server_Comm.py: The agent lost 3 consecutive packets! Is syncmode disabled?
{Sun 13:38:35 Step:7537} Server_Comm.py: The agent lost 2 consecutive packets! Is syncmode disabled?
{Sun 13:38:35 Step:7541} Server_Comm.py: The agent lost 3 consecutive packets! Is syncmode disabled?
{Sun 13:38:35 Step:7546} Server_Comm.py: The agent lost 4 consecutive packets! Is syncmode disabled?
{Sun 13:38:35 Step:7549} Server_Comm.py: The agent lost 2 consecutive packets! Is syncmode disabled?
{Sun 13:38:35 Step:7554} Server_Comm.py: The agent lost 4 consecutive packets! Is syncmode disabled?
{Sun 13:38:35 Step:7557} Server_Comm.py: The agent lost 2 consecutive packets! Is syncmode disabled?
{Sun 13:38:35 Step:7561} Server_Comm.py: The agent lost 3 consecutive packets! Is syncmode disabled?
{Sun 13:38:35 Step:7565} Server_Comm.py: The agent lost 3 consecutive packets! Is syncmode disabled?
{Sun 13:38:35 Step:7569} Server_Comm.py: The agent lost 3 consecutive packets! Is syncmode disabled?
{Sun 13:38:35 Step:7572} Server_Comm.py: The agent lost 2 consecutive packets! Is syncmode disabled?
{Sun 13:38:35 Step:7575} Server_Comm.py: The agent lost 2 consecutive packets! Is syncmode disabled?
{Sun 13:38:35 Step:7579} Server_Comm.py: The agent lost 3 consecutive packets! Is syncmode disabled?
{Sun 13:38:35 Step:7581} Server_Comm.py: The agent lost 1 packet! Is syncmode enabled?
{Sun 13:38:35 Step:7583} Server_Comm.py: The agent lost 1 packet! Is syncmode enabled?
{Sun 13:38:35 Step:7585} Server_Comm.py: The agent lost 1 packet! Is syncmode enabled?
{Sun 13:38:35 Step:7588} Server_Comm.py: The agent lost 2 consecutive packets! Is syncmode disabled?
{Sun 13:38:36 Step:7588} Server_Comm.py: Received a new packet while thinking!
{Sun 13:38:36 Step:8463} Server_Comm.py: The agent lost 874 consecutive packets! Is syncmode disabled?
{Sun 13:38:36 Step:8463} Server_Comm.py: Received a new packet while thinking!
{Sun 13:38:36 Step:8469} Server_Comm.py: The agent lost 1 packet! Is syncmode enabled?
{Sun 13:38:36 Step:8473} Server_Comm.py: The agent lost 3 consecutive packets! Is syncmode disabled?
{Sun 13:38:36 Step:8479} Server_Comm.py: The agent lost 1 packet! Is syncmode enabled?
{Sun 13:38:36 Step:8481} Server_Comm.py: The agent lost 1 packet! Is syncmode enabled?
{Sun 13:38:36 Step:8485} Server_Comm.py: The agent lost 3 consecutive packets! Is syncmode disabled?
{Sun 13:38:36 Step:8491} Server_Comm.py: The agent lost 5 consecutive packets! Is syncmode disabled?
{Sun 13:38:36 Step:8494} Server_Comm.py: The agent lost 2 consecutive packets! Is syncmode disabled?
{Sun 13:38:36 Step:8497} Server_Comm.py: The agent lost 1 packet! Is syncmode enabled?
{Sun 13:38:36 Step:8499} Server_Comm.py: The agent lost 1 packet! Is syncmode enabled?
{Sun 13:38:36 Step:8501} Server_Comm.py: The agent lost 1 packet! Is syncmode enabled?
{Sun 13:38:36 Step:8504} Server_Comm.py: The agent lost 2 consecutive packets! Is syncmode disabled?
{Sun 13:38:36 Step:8507} Server_Comm.py: The agent lost 1 packet! Is syncmode enabled?
{Sun 13:38:36 Step:8511} Server_Comm.py: The agent lost 1 packet! Is syncmode enabled?
{Sun 13:38:36 Step:8513} Server_Comm.py: The agent lost 1 packet! Is syncmode enabled?
{Sun 13:38:36 Step:8517} Server_Comm.py: The agent lost 3 consecutive packets! Is syncmode disabled?
{Sun 13:38:36 Step:8522} Server_Comm.py: The agent lost 1 packet! Is syncmode enabled?
{Sun 13:38:36 Step:8525} Server_Comm.py: The agent lost 2 consecutive packets! Is syncmode disabled?
{Sun 13:38:36 Step:8527} Server_Comm.py: The agent lost 1 packet! Is syncmode enabled?
{Sun 13:38:36 Step:8531} Server_Comm.py: The agent lost 1 packet! Is syncmode enabled?
{Sun 13:38:36 Step:8535} Server_Comm.py: The agent lost 2 consecutive packets! Is syncmode disabled?
{Sun 13:38:36 Step:8539} Server_Comm.py: The agent lost 1 packet! Is syncmode enabled?
{Sun 13:38:36 Step:8544} Server_Comm.py: The agent lost 2 consecutive packets! Is syncmode disabled?
{Sun 13:38:36 Step:8546} Server_Comm.py: The agent lost 1 packet! Is syncmode enabled?
{Sun 13:38:36 Step:8548} Server_Comm.py: The agent lost 1 packet! Is syncmode enabled?
{Sun 13:38:36 Step:8551} Server_Comm.py: The agent lost 1 packet! Is syncmode enabled?
{Sun 13:38:36 Step:8555} Server_Comm.py: The agent lost 1 packet! Is syncmode enabled?
{Sun 13:38:36 Step:8557} Server_Comm.py: The agent lost 1 packet! Is syncmode enabled?
{Sun 13:38:36 Step:8562} Server_Comm.py: The agent lost 1 packet! Is syncmode enabled?
{Sun 13:38:36 Step:8565} Server_Comm.py: The agent lost 1 packet! Is syncmode enabled?
{Sun 13:38:36 Step:8568} Server_Comm.py: The agent lost 2 consecutive packets! Is syncmode disabled?
{Sun 13:38:36 Step:8570} Server_Comm.py: The agent lost 1 packet! Is syncmode enabled?
{Sun 13:38:36 Step:8572} Server_Comm.py: The agent lost 1 packet! Is syncmode enabled?
{Sun 13:38:36 Step:8575} Server_Comm.py: The agent lost 1 packet! Is syncmode enabled?
{Sun 13:38:36 Step:8577} Server_Comm.py: The agent lost 1 packet! Is syncmode enabled?
{Sun 13:38:36 Step:8583} Server_Comm.py: The agent lost 1 packet! Is syncmode enabled?
{Sun 13:38:36 Step:8585} Server_Comm.py: The agent lost 1 packet! Is syncmode enabled?
{Sun 13:38:36 Step:8587} Server_Comm.py: The agent lost 1 packet! Is syncmode enabled?
{Sun 13:38:36 Step:8592} Server_Comm.py: The agent lost 1 packet! Is syncmode enabled?
{Sun 13:38:36 Step:8594} Server_Comm.py: The agent lost 1 packet! Is syncmode enabled?
{Sun 13:38:36 Step:8597} Server_Comm.py: The agent lost 1 packet! Is syncmode enabled?
{Sun 13:38:36 Step:8599} Server_Comm.py: The agent lost 1 packet! Is syncmode enabled?
{Sun 13:38:36 Step:8601} Server_Comm.py: The agent lost 1 packet! Is syncmode enabled?
{Sun 13:38:36 Step:8604} Server_Comm.py: The agent lost 1 packet! Is syncmode enabled?
{Sun 13:38:36 Step:8607} Server_Comm.py: The agent lost 1 packet! Is syncmode enabled?
{Sun 13:38:36 Step:8609} Server_Comm.py: The agent lost 1 packet! Is syncmode enabled?
{Sun 13:38:36 Step:8617} Server_Comm.py: The agent lost 1 packet! Is syncmode enabled?
{Sun 13:38:36 Step:8633} Server_Comm.py: The agent lost 1 packet! Is syncmode enabled?
{Sun 13:38:36 Step:8642} Server_Comm.py: The agent lost 1 packet! Is syncmode enabled?
{Sun 13:38:36 Step:8649} Server_Comm.py: The agent lost 1 packet! Is syncmode enabled?
{Sun 13:38:36 Step:8654} Server_Comm.py: The agent lost 1 packet! Is syncmode enabled?
{Sun 13:38:36 Step:8656} Server_Comm.py: The agent lost 1 packet! Is syncmode enabled?
{Sun 13:38:36 Step:8658} Server_Comm.py: The agent lost 1 packet! Is syncmode enabled?
{Sun 13:38:36 Step:8660} Server_Comm.py: The agent lost 1 packet! Is syncmode enabled?
{Sun 13:38:36 Step:8665} Server_Comm.py: The agent lost 1 packet! Is syncmode enabled?
{Sun 13:38:36 Step:8667} Server_Comm.py: The agent lost 1 packet! Is syncmode enabled?
{Sun 13:38:36 Step:8670} Server_Comm.py: The agent lost 1 packet! Is syncmode enabled?
{Sun 13:38:36 Step:8672} Server_Comm.py: The agent lost 1 packet! Is syncmode enabled?
{Sun 13:38:36 Step:8675} Server_Comm.py: The agent lost 1 packet! Is syncmode enabled?
{Sun 13:38:36 Step:8681} Server_Comm.py: The agent lost 1 packet! Is syncmode enabled?
{Sun 13:38:36 Step:8685} Server_Comm.py: The agent lost 1 packet! Is syncmode enabled?
{Sun 13:38:36 Step:8695} Server_Comm.py: The agent lost 1 packet! Is syncmode enabled?
{Sun 13:38:36 Step:8699} Server_Comm.py: The agent lost 1 packet! Is syncmode enabled?
{Sun 13:38:36 Step:8701} Server_Comm.py: The agent lost 1 packet! Is syncmode enabled?
{Sun 13:38:36 Step:8705} Server_Comm.py: The agent lost 1 packet! Is syncmode enabled?
{Sun 13:38:36 Step:8736} Server_Comm.py: The agent lost 2 consecutive packets! Is syncmode disabled?
{Sun 13:38:36 Step:8738} Server_Comm.py: The agent lost 1 packet! Is syncmode enabled?
{Sun 13:38:36 Step:8741} Server_Comm.py: The agent lost 2 consecutive packets! Is syncmode disabled?
{Sun 13:38:36 Step:8745} Server_Comm.py: The agent lost 3 consecutive packets! Is syncmode disabled?
{Sun 13:38:36 Step:8749} Server_Comm.py: The agent lost 3 consecutive packets! Is syncmode disabled?
{Sun 13:38:36 Step:8754} Server_Comm.py: The agent lost 4 consecutive packets! Is syncmode disabled?
{Sun 13:38:36 Step:8757} Server_Comm.py: The agent lost 2 consecutive packets! Is syncmode disabled?
{Sun 13:38:36 Step:8760} Server_Comm.py: The agent lost 2 consecutive packets! Is syncmode disabled?
{Sun 13:38:36 Step:8764} Server_Comm.py: The agent lost 2 consecutive packets! Is syncmode disabled?
{Sun 13:38:36 Step:8766} Server_Comm.py: The agent lost 1 packet! Is syncmode enabled?
{Sun 13:38:36 Step:8770} Server_Comm.py: The agent lost 2 consecutive packets! Is syncmode disabled?
{Sun 13:38:36 Step:8772} Server_Comm.py: The agent lost 1 packet! Is syncmode enabled?
{Sun 13:38:36 Step:8774} Server_Comm.py: The agent lost 1 packet! Is syncmode enabled?
{Sun 13:38:36 Step:8777} Server_Comm.py: The agent lost 2 consecutive packets! Is syncmode disabled?
{Sun 13:38:36 Step:8781} Server_Comm.py: The agent lost 3 consecutive packets! Is syncmode disabled?
{Sun 13:38:37 Step:8781} Server_Comm.py: Received a new packet while thinking!
{Sun 13:38:37 Step:9555} Server_Comm.py: The agent lost 773 consecutive packets! Is syncmode disabled?
{Sun 13:38:37 Step:9555} Server_Comm.py: Received a new packet while on world.update()!
{Sun 13:38:37 Step:9562} Server_Comm.py: The agent lost 6 consecutive packets! Is syncmode disabled?
{Sun 13:38:37 Step:9562} Server_Comm.py: Received a new packet while on world.update()!
{Sun 13:38:37 Step:9563} Server_Comm.py: Received a new packet while on world.update()!
{Sun 13:38:37 Step:9566} Server_Comm.py: The agent lost 2 consecutive packets! Is syncmode disabled?
{Sun 13:38:37 Step:9566} Server_Comm.py: Received a new packet while on world.update()!
{Sun 13:38:37 Step:9568} Server_Comm.py: The agent lost 1 packet! Is syncmode enabled?
{Sun 13:38:37 Step:9568} Server_Comm.py: Received a new packet while on world.update()!
{Sun 13:38:37 Step:9569} Server_Comm.py: Received a new packet while on world.update()!
{Sun 13:38:37 Step:9572} Server_Comm.py: The agent lost 2 consecutive packets! Is syncmode disabled?
{Sun 13:38:37 Step:9572} Server_Comm.py: Received a new packet while on world.update()!
{Sun 13:38:37 Step:9573} Server_Comm.py: Received a new packet while on world.update()!
{Sun 13:38:37 Step:9576} Server_Comm.py: The agent lost 2 consecutive packets! Is syncmode disabled?
{Sun 13:38:37 Step:9576} Server_Comm.py: Received a new packet while thinking!
{Sun 13:38:37 Step:9577} Server_Comm.py: Received a new packet while on world.update()!
{Sun 13:38:37 Step:9580} Server_Comm.py: The agent lost 2 consecutive packets! Is syncmode disabled?
{Sun 13:38:37 Step:9580} Server_Comm.py: Received a new packet while on world.update()!
{Sun 13:38:37 Step:9582} Server_Comm.py: The agent lost 1 packet! Is syncmode enabled?
{Sun 13:38:37 Step:9582} Server_Comm.py: Received a new packet while on world.update()!
{Sun 13:38:37 Step:9583} Server_Comm.py: Received a new packet while on world.update()!
{Sun 13:38:37 Step:9585} Server_Comm.py: The agent lost 1 packet! Is syncmode enabled?
{Sun 13:38:37 Step:9585} Server_Comm.py: Received a new packet while on world.update()!
{Sun 13:38:37 Step:9589} Server_Comm.py: The agent lost 3 consecutive packets! Is syncmode disabled?
{Sun 13:38:37 Step:9589} Server_Comm.py: Received a new packet while on world.update()!
{Sun 13:38:37 Step:9592} Server_Comm.py: The agent lost 2 consecutive packets! Is syncmode disabled?
{Sun 13:38:37 Step:9592} Server_Comm.py: Received a new packet while on world.update()!
{Sun 13:38:37 Step:9594} Server_Comm.py: The agent lost 1 packet! Is syncmode enabled?
{Sun 13:38:37 Step:9594} Server_Comm.py: Received a new packet while thinking!
{Sun 13:38:37 Step:9595} Server_Comm.py: Received a new packet while on world.update()!
{Sun 13:38:37 Step:9597} Server_Comm.py: The agent lost 1 packet! Is syncmode enabled?
{Sun 13:38:37 Step:9597} Server_Comm.py: Received a new packet while on world.update()!
{Sun 13:38:37 Step:9602} Server_Comm.py: The agent lost 4 consecutive packets! Is syncmode disabled?
{Sun 13:38:37 Step:9602} Server_Comm.py: Received a new packet while on world.update()!
{Sun 13:38:37 Step:9604} Server_Comm.py: The agent lost 1 packet! Is syncmode enabled?
{Sun 13:38:37 Step:9604} Server_Comm.py: Received a new packet while on world.update()!
{Sun 13:38:37 Step:9605} Server_Comm.py: Received a new packet while on world.update()!
{Sun 13:38:37 Step:9609} Server_Comm.py: The agent lost 3 consecutive packets! Is syncmode disabled?
{Sun 13:38:37 Step:9609} Server_Comm.py: Received a new packet while on world.update()!
{Sun 13:38:37 Step:9612} Server_Comm.py: The agent lost 2 consecutive packets! Is syncmode disabled?
{Sun 13:38:37 Step:9612} Server_Comm.py: Received a new packet while on world.update()!
{Sun 13:38:37 Step:9614} Server_Comm.py: The agent lost 1 packet! Is syncmode enabled?
{Sun 13:38:37 Step:9651} Server_Comm.py: The agent lost 35 consecutive packets! Is syncmode disabled?
{Sun 13:38:37 Step:9667} Server_Comm.py: The agent lost 15 consecutive packets! Is syncmode disabled?
{Sun 13:38:37 Step:9675} Server_Comm.py: The agent lost 7 consecutive packets! Is syncmode disabled?
{Sun 13:38:37 Step:9680} Server_Comm.py: The agent lost 4 consecutive packets! Is syncmode disabled?
{Sun 13:38:37 Step:9682} Server_Comm.py: The agent lost 1 packet! Is syncmode enabled?
{Sun 13:38:37 Step:9685} Server_Comm.py: The agent lost 2 consecutive packets! Is syncmode disabled?
{Sun 13:38:37 Step:9689} Server_Comm.py: The agent lost 3 consecutive packets! Is syncmode disabled?
{Sun 13:38:37 Step:9693} Server_Comm.py: The agent lost 3 consecutive packets! Is syncmode disabled?
{Sun 13:38:37 Step:9697} Server_Comm.py: The agent lost 3 consecutive packets! Is syncmode disabled?
{Sun 13:38:37 Step:9701} Server_Comm.py: The agent lost 3 consecutive packets! Is syncmode disabled?
{Sun 13:38:37 Step:9705} Server_Comm.py: The agent lost 3 consecutive packets! Is syncmode disabled?
{Sun 13:38:37 Step:9708} Server_Comm.py: The agent lost 2 consecutive packets! Is syncmode disabled?
{Sun 13:38:37 Step:9710} Server_Comm.py: The agent lost 1 packet! Is syncmode enabled?
{Sun 13:38:37 Step:9713} Server_Comm.py: The agent lost 2 consecutive packets! Is syncmode disabled?
{Sun 13:38:37 Step:9716} Server_Comm.py: The agent lost 2 consecutive packets! Is syncmode disabled?
{Sun 13:38:37 Step:9718} Server_Comm.py: The agent lost 1 packet! Is syncmode enabled?
{Sun 13:38:37 Step:9720} Server_Comm.py: The agent lost 1 packet! Is syncmode enabled?
{Sun 13:38:37 Step:9722} Server_Comm.py: The agent lost 1 packet! Is syncmode enabled?
{Sun 13:38:37 Step:9724} Server_Comm.py: The agent lost 1 packet! Is syncmode enabled?
{Sun 13:38:37 Step:9726} Server_Comm.py: The agent lost 1 packet! Is syncmode enabled?
{Sun 13:38:37 Step:9729} Server_Comm.py: The agent lost 2 consecutive packets! Is syncmode disabled?
{Sun 13:38:38 Step:9734} Server_Comm.py: The agent lost 4 consecutive packets! Is syncmode disabled?
{Sun 13:38:38 Step:9736} Server_Comm.py: The agent lost 1 packet! Is syncmode enabled?
{Sun 13:38:39 Step:9736} Server_Comm.py: Received a new packet while thinking!
{Sun 13:38:39 Step:10646} Server_Comm.py: The agent lost 909 consecutive packets! Is syncmode disabled?
{Sun 13:38:39 Step:10646} Server_Comm.py: Received a new packet while on world.update()!
{Sun 13:38:39 Step:10647} Server_Comm.py: Received a new packet while on world.update()!
{Sun 13:38:39 Step:10648} Server_Comm.py: Received a new packet while on world.update()!
{Sun 13:38:39 Step:10649} Server_Comm.py: Received a new packet while on world.update()!
{Sun 13:38:39 Step:10650} Server_Comm.py: Received a new packet while on world.update()!
{Sun 13:38:39 Step:10652} Server_Comm.py: The agent lost 1 packet! Is syncmode enabled?
{Sun 13:38:39 Step:10652} Server_Comm.py: Received a new packet while on world.update()!
{Sun 13:38:39 Step:10653} Server_Comm.py: Received a new packet while on world.update()!
{Sun 13:38:39 Step:10654} Server_Comm.py: Received a new packet while on world.update()!
{Sun 13:38:39 Step:10655} Server_Comm.py: Received a new packet while on world.update()!
{Sun 13:38:39 Step:10657} Server_Comm.py: The agent lost 1 packet! Is syncmode enabled?
{Sun 13:38:39 Step:10657} Server_Comm.py: Received a new packet while on world.update()!
{Sun 13:38:39 Step:10659} Server_Comm.py: The agent lost 1 packet! Is syncmode enabled?
{Sun 13:38:39 Step:10659} Server_Comm.py: Received a new packet while on world.update()!
{Sun 13:38:39 Step:10661} Server_Comm.py: The agent lost 1 packet! Is syncmode enabled?
{Sun 13:38:39 Step:10661} Server_Comm.py: Received a new packet while on world.update()!
{Sun 13:38:39 Step:10663} Server_Comm.py: The agent lost 1 packet! Is syncmode enabled?
{Sun 13:38:39 Step:10663} Server_Comm.py: Received a new packet while on world.update()!
{Sun 13:38:39 Step:10665} Server_Comm.py: The agent lost 1 packet! Is syncmode enabled?
{Sun 13:38:39 Step:10665} Server_Comm.py: Received a new packet while on world.update()!
{Sun 13:38:39 Step:10666} Server_Comm.py: Received a new packet while on world.update()!
{Sun 13:38:39 Step:10667} Server_Comm.py: Received a new packet while on world.update()!
{Sun 13:38:39 Step:10668} Server_Comm.py: Received a new packet while on world.update()!
{Sun 13:38:39 Step:10669} Server_Comm.py: Received a new packet while on world.update()!
{Sun 13:38:39 Step:10671} Server_Comm.py: The agent lost 1 packet! Is syncmode enabled?
{Sun 13:38:39 Step:10671} Server_Comm.py: Received a new packet while on world.update()!
{Sun 13:38:39 Step:10673} Server_Comm.py: The agent lost 1 packet! Is syncmode enabled?
{Sun 13:38:39 Step:10673} Server_Comm.py: Received a new packet while on world.update()!
{Sun 13:38:39 Step:10674} Server_Comm.py: Received a new packet while on world.update()!
{Sun 13:38:39 Step:10676} Server_Comm.py: The agent lost 1 packet! Is syncmode enabled?
{Sun 13:38:39 Step:10676} Server_Comm.py: Received a new packet while on world.update()!
{Sun 13:38:39 Step:10677} Server_Comm.py: Received a new packet while on world.update()!
{Sun 13:38:39 Step:10679} Server_Comm.py: The agent lost 1 packet! Is syncmode enabled?
{Sun 13:38:39 Step:10679} Server_Comm.py: Received a new packet while on world.update()!
{Sun 13:38:39 Step:10680} Server_Comm.py: Received a new packet while on world.update()!
{Sun 13:38:39 Step:10682} Server_Comm.py: The agent lost 1 packet! Is syncmode enabled?
{Sun 13:38:39 Step:10682} Server_Comm.py: Received a new packet while on world.update()!
{Sun 13:38:39 Step:10684} Server_Comm.py: The agent lost 1 packet! Is syncmode enabled?
{Sun 13:38:39 Step:10684} Server_Comm.py: Received a new packet while on world.update()!
{Sun 13:38:39 Step:10685} Server_Comm.py: Received a new packet while on world.update()!
{Sun 13:38:39 Step:10686} Server_Comm.py: Received a new packet while on world.update()!
{Sun 13:38:39 Step:10687} Server_Comm.py: Received a new packet while on world.update()!
{Sun 13:38:39 Step:10689} Server_Comm.py: The agent lost 1 packet! Is syncmode enabled?
{Sun 13:38:39 Step:10689} Server_Comm.py: Received a new packet while on world.update()!
{Sun 13:38:39 Step:10690} Server_Comm.py: Received a new packet while on world.update()!
{Sun 13:38:39 Step:10691} Server_Comm.py: Received a new packet while on world.update()!
{Sun 13:38:39 Step:10693} Server_Comm.py: The agent lost 1 packet! Is syncmode enabled?
{Sun 13:38:39 Step:10693} Server_Comm.py: Received a new packet while on world.update()!
{Sun 13:38:39 Step:10695} Server_Comm.py: The agent lost 1 packet! Is syncmode enabled?
{Sun 13:38:39 Step:10695} Server_Comm.py: Received a new packet while on world.update()!
{Sun 13:38:39 Step:10696} Server_Comm.py: Received a new packet while on world.update()!
{Sun 13:38:39 Step:10697} Server_Comm.py: Received a new packet while on world.update()!
{Sun 13:38:39 Step:10699} Server_Comm.py: The agent lost 1 packet! Is syncmode enabled?
{Sun 13:38:39 Step:10699} Server_Comm.py: Received a new packet while on world.update()!
{Sun 13:38:39 Step:10701} Server_Comm.py: The agent lost 1 packet! Is syncmode enabled?
{Sun 13:38:39 Step:10701} Server_Comm.py: Received a new packet while on world.update()!
{Sun 13:38:39 Step:10702} Server_Comm.py: Received a new packet while on world.update()!
{Sun 13:38:39 Step:10703} Server_Comm.py: Received a new packet while on world.update()!
{Sun 13:38:39 Step:10704} Server_Comm.py: Received a new packet while on world.update()!
{Sun 13:38:39 Step:10705} Server_Comm.py: Received a new packet while thinking!
{Sun 13:38:39 Step:10706} Server_Comm.py: Received a new packet while thinking!
{Sun 13:38:39 Step:10707} Server_Comm.py: Received a new packet while on world.update()!
{Sun 13:38:39 Step:10708} Server_Comm.py: Received a new packet while on world.update()!
{Sun 13:38:39 Step:10710} Server_Comm.py: The agent lost 1 packet! Is syncmode enabled?
{Sun 13:38:39 Step:10710} Server_Comm.py: Received a new packet while on world.update()!
{Sun 13:38:39 Step:10711} Server_Comm.py: Received a new packet while on world.update()!
{Sun 13:38:39 Step:10713} Server_Comm.py: The agent lost 1 packet! Is syncmode enabled?
{Sun 13:38:39 Step:10713} Server_Comm.py: Received a new packet while on world.update()!
{Sun 13:38:39 Step:10714} Server_Comm.py: Received a new packet while on world.update()!
{Sun 13:38:39 Step:10715} Server_Comm.py: Received a new packet while on world.update()!
{Sun 13:38:39 Step:10718} Server_Comm.py: The agent lost 2 consecutive packets! Is syncmode disabled?
{Sun 13:38:39 Step:10718} Server_Comm.py: Received a new packet while on world.update()!
{Sun 13:38:39 Step:10720} Server_Comm.py: The agent lost 1 packet! Is syncmode enabled?
{Sun 13:38:39 Step:10720} Server_Comm.py: Received a new packet while on world.update()!
{Sun 13:38:39 Step:10721} Server_Comm.py: Received a new packet while on world.update()!
{Sun 13:38:39 Step:10723} Server_Comm.py: The agent lost 1 packet! Is syncmode enabled?
{Sun 13:38:39 Step:10723} Server_Comm.py: Received a new packet while on world.update()!
{Sun 13:38:39 Step:10726} Server_Comm.py: The agent lost 2 consecutive packets! Is syncmode disabled?
{Sun 13:38:39 Step:10726} Server_Comm.py: Received a new packet while on world.update()!
{Sun 13:38:39 Step:10728} Server_Comm.py: The agent lost 1 packet! Is syncmode enabled?
{Sun 13:38:39 Step:10728} Server_Comm.py: Received a new packet while on world.update()!
{Sun 13:38:39 Step:10729} Server_Comm.py: Received a new packet while on world.update()!
{Sun 13:38:39 Step:10731} Server_Comm.py: The agent lost 1 packet! Is syncmode enabled?
{Sun 13:38:39 Step:10731} Server_Comm.py: Received a new packet while on world.update()!
{Sun 13:38:39 Step:10733} Server_Comm.py: The agent lost 1 packet! Is syncmode enabled?
{Sun 13:38:39 Step:10733} Server_Comm.py: Received a new packet while on world.update()!
{Sun 13:38:39 Step:10735} Server_Comm.py: The agent lost 1 packet! Is syncmode enabled?
{Sun 13:38:39 Step:10735} Server_Comm.py: Received a new packet while on world.update()!
{Sun 13:38:39 Step:10736} Server_Comm.py: Received a new packet while on world.update()!
{Sun 13:38:39 Step:10737} Server_Comm.py: Received a new packet while on world.update()!
{Sun 13:38:39 Step:10738} Server_Comm.py: Received a new packet while on world.update()!
{Sun 13:38:39 Step:10740} Server_Comm.py: The agent lost 1 packet! Is syncmode enabled?
{Sun 13:38:39 Step:10740} Server_Comm.py: Received a new packet while on world.update()!
{Sun 13:38:39 Step:10741} Server_Comm.py: Received a new packet while on world.update()!
{Sun 13:38:39 Step:10742} Server_Comm.py: Received a new packet while on world.update()!
{Sun 13:38:39 Step:10743} Server_Comm.py: Received a new packet while on world.update()!
{Sun 13:38:39 Step:10744} Server_Comm.py: Received a new packet while thinking!
{Sun 13:38:39 Step:10745} Server_Comm.py: Received a new packet while on world.update()!
{Sun 13:38:39 Step:10746} Server_Comm.py: Received a new packet while on world.update()!
{Sun 13:38:39 Step:10747} Server_Comm.py: Received a new packet while on world.update()!
{Sun 13:38:39 Step:10749} Server_Comm.py: The agent lost 1 packet! Is syncmode enabled?
{Sun 13:38:39 Step:10749} Server_Comm.py: Received a new packet while on world.update()!
{Sun 13:38:39 Step:10751} Server_Comm.py: The agent lost 1 packet! Is syncmode enabled?
{Sun 13:38:39 Step:10751} Server_Comm.py: Received a new packet while on world.update()!
{Sun 13:38:39 Step:10752} Server_Comm.py: Received a new packet while on world.update()!
{Sun 13:38:39 Step:10753} Server_Comm.py: Received a new packet while on world.update()!
{Sun 13:38:39 Step:10755} Server_Comm.py: The agent lost 1 packet! Is syncmode enabled?
{Sun 13:38:39 Step:10755} Server_Comm.py: Received a new packet while on world.update()!
{Sun 13:38:39 Step:10756} Server_Comm.py: Received a new packet while on world.update()!
{Sun 13:38:39 Step:10757} Server_Comm.py: Received a new packet while on world.update()!
{Sun 13:38:39 Step:10759} Server_Comm.py: The agent lost 1 packet! Is syncmode enabled?
{Sun 13:38:39 Step:10759} Server_Comm.py: Received a new packet while on world.update()!
{Sun 13:38:39 Step:10761} Server_Comm.py: The agent lost 1 packet! Is syncmode enabled?
{Sun 13:38:39 Step:10761} Server_Comm.py: Received a new packet while on world.update()!
{Sun 13:38:39 Step:10763} Server_Comm.py: The agent lost 1 packet! Is syncmode enabled?
{Sun 13:38:39 Step:10763} Server_Comm.py: Received a new packet while on world.update()!
{Sun 13:38:39 Step:10766} Server_Comm.py: The agent lost 2 consecutive packets! Is syncmode disabled?
{Sun 13:38:39 Step:10766} Server_Comm.py: Received a new packet while on world.update()!
{Sun 13:38:39 Step:10767} Server_Comm.py: Received a new packet while on world.update()!
{Sun 13:38:39 Step:10769} Server_Comm.py: The agent lost 1 packet! Is syncmode enabled?
{Sun 13:38:39 Step:10769} Server_Comm.py: Received a new packet while thinking!
{Sun 13:38:39 Step:10770} Server_Comm.py: Received a new packet while thinking!
{Sun 13:38:39 Step:10776} Server_Comm.py: The agent lost 2 consecutive packets! Is syncmode disabled?
{Sun 13:38:39 Step:10778} Server_Comm.py: The agent lost 1 packet! Is syncmode enabled?
{Sun 13:38:39 Step:10780} Server_Comm.py: The agent lost 1 packet! Is syncmode enabled?
{Sun 13:38:39 Step:10783} Server_Comm.py: The agent lost 2 consecutive packets! Is syncmode disabled?
{Sun 13:38:39 Step:10787} Server_Comm.py: The agent lost 3 consecutive packets! Is syncmode disabled?
{Sun 13:38:39 Step:10790} Server_Comm.py: The agent lost 2 consecutive packets! Is syncmode disabled?
{Sun 13:38:39 Step:10792} Server_Comm.py: The agent lost 1 packet! Is syncmode enabled?
{Sun 13:38:39 Step:10796} Server_Comm.py: The agent lost 2 consecutive packets! Is syncmode disabled?
{Sun 13:38:39 Step:10798} Server_Comm.py: The agent lost 1 packet! Is syncmode enabled?
{Sun 13:38:39 Step:10800} Server_Comm.py: The agent lost 1 packet! Is syncmode enabled?
{Sun 13:38:39 Step:10803} Server_Comm.py: The agent lost 1 packet! Is syncmode enabled?
{Sun 13:38:39 Step:10806} Server_Comm.py: The agent lost 2 consecutive packets! Is syncmode disabled?
{Sun 13:38:39 Step:10808} Server_Comm.py: The agent lost 1 packet! Is syncmode enabled?
{Sun 13:38:39 Step:10810} Server_Comm.py: The agent lost 1 packet! Is syncmode enabled?
{Sun 13:38:39 Step:10812} Server_Comm.py: The agent lost 1 packet! Is syncmode enabled?
{Sun 13:38:39 Step:10814} Server_Comm.py: The agent lost 1 packet! Is syncmode enabled?
{Sun 13:38:40 Step:10814} Server_Comm.py: Received a new packet while thinking!
{Sun 13:38:40 Step:11307} Server_Comm.py: The agent lost 492 consecutive packets! Is syncmode disabled?
{Sun 13:38:40 Step:11307} Server_Comm.py: Received a new packet while on world.update()!
{Sun 13:38:40 Step:11309} Server_Comm.py: The agent lost 1 packet! Is syncmode enabled?
{Sun 13:38:40 Step:11309} Server_Comm.py: Received a new packet while on world.update()!
{Sun 13:38:40 Step:11310} Server_Comm.py: Received a new packet while on world.update()!
{Sun 13:38:40 Step:11311} Server_Comm.py: Received a new packet while on world.update()!
{Sun 13:38:40 Step:11313} Server_Comm.py: The agent lost 1 packet! Is syncmode enabled?
{Sun 13:38:40 Step:11313} Server_Comm.py: Received a new packet while on world.update()!
{Sun 13:38:40 Step:11315} Server_Comm.py: The agent lost 1 packet! Is syncmode enabled?
{Sun 13:38:40 Step:11315} Server_Comm.py: Received a new packet while on world.update()!
{Sun 13:38:40 Step:11316} Server_Comm.py: Received a new packet while on world.update()!
{Sun 13:38:40 Step:11318} Server_Comm.py: The agent lost 1 packet! Is syncmode enabled?
{Sun 13:38:40 Step:11318} Server_Comm.py: Received a new packet while on world.update()!
{Sun 13:38:40 Step:11319} Server_Comm.py: Received a new packet while on world.update()!
{Sun 13:38:40 Step:11320} Server_Comm.py: Received a new packet while thinking!
{Sun 13:38:40 Step:11321} Server_Comm.py: Received a new packet while on world.update()!
{Sun 13:38:40 Step:11327} Server_Comm.py: The agent lost 1 packet! Is syncmode enabled?
{Sun 13:38:40 Step:11333} Server_Comm.py: The agent lost 3 consecutive packets! Is syncmode disabled?
{Sun 13:38:40 Step:11337} Server_Comm.py: The agent lost 3 consecutive packets! Is syncmode disabled?
{Sun 13:38:40 Step:11340} Server_Comm.py: The agent lost 2 consecutive packets! Is syncmode disabled?
{Sun 13:38:40 Step:11342} Server_Comm.py: The agent lost 1 packet! Is syncmode enabled?
{Sun 13:38:40 Step:11344} Server_Comm.py: The agent lost 1 packet! Is syncmode enabled?
{Sun 13:38:40 Step:11346} Server_Comm.py: The agent lost 1 packet! Is syncmode enabled?
{Sun 13:38:40 Step:11348} Server_Comm.py: The agent lost 1 packet! Is syncmode enabled?
{Sun 13:38:40 Step:11350} Server_Comm.py: The agent lost 1 packet! Is syncmode enabled?
{Sun 13:38:40 Step:11355} Server_Comm.py: The agent lost 1 packet! Is syncmode enabled?
{Sun 13:38:40 Step:11360} Server_Comm.py: The agent lost 4 consecutive packets! Is syncmode disabled?
{Sun 13:38:40 Step:11362} Server_Comm.py: The agent lost 1 packet! Is syncmode enabled?
{Sun 13:38:40 Step:11365} Server_Comm.py: The agent lost 1 packet! Is syncmode enabled?
{Sun 13:38:40 Step:11369} Server_Comm.py: The agent lost 3 consecutive packets! Is syncmode disabled?
{Sun 13:38:40 Step:11373} Server_Comm.py: The agent lost 3 consecutive packets! Is syncmode disabled?
{Sun 13:38:40 Step:11377} Server_Comm.py: The agent lost 3 consecutive packets! Is syncmode disabled?
{Sun 13:38:40 Step:11381} Server_Comm.py: The agent lost 3 consecutive packets! Is syncmode disabled?
{Sun 13:38:40 Step:11384} Server_Comm.py: The agent lost 2 consecutive packets! Is syncmode disabled?
{Sun 13:38:40 Step:11384} Server_Comm.py: Received a new packet while thinking!
{Sun 13:38:40 Step:11763} Server_Comm.py: The agent lost 378 consecutive packets! Is syncmode disabled?
{Sun 13:38:40 Step:11763} Server_Comm.py: Received a new packet while on world.update()!
{Sun 13:38:40 Step:11765} Server_Comm.py: The agent lost 1 packet! Is syncmode enabled?
{Sun 13:38:40 Step:11765} Server_Comm.py: Received a new packet while on world.update()!
{Sun 13:38:40 Step:11767} Server_Comm.py: The agent lost 1 packet! Is syncmode enabled?
{Sun 13:38:40 Step:11767} Server_Comm.py: Received a new packet while on world.update()!
{Sun 13:38:40 Step:11769} Server_Comm.py: The agent lost 1 packet! Is syncmode enabled?
{Sun 13:38:40 Step:11769} Server_Comm.py: Received a new packet while on world.update()!
{Sun 13:38:40 Step:11771} Server_Comm.py: The agent lost 1 packet! Is syncmode enabled?
{Sun 13:38:40 Step:11771} Server_Comm.py: Received a new packet while on world.update()!
{Sun 13:38:40 Step:11773} Server_Comm.py: The agent lost 1 packet! Is syncmode enabled?
{Sun 13:38:40 Step:11773} Server_Comm.py: Received a new packet while on world.update()!
{Sun 13:38:40 Step:11774} Server_Comm.py: Received a new packet while on world.update()!
{Sun 13:38:40 Step:11775} Server_Comm.py: Received a new packet while on world.update()!
{Sun 13:38:40 Step:11777} Server_Comm.py: The agent lost 1 packet! Is syncmode enabled?
{Sun 13:38:40 Step:11777} Server_Comm.py: Received a new packet while thinking!
{Sun 13:38:40 Step:11778} Server_Comm.py: Received a new packet while on world.update()!
{Sun 13:38:40 Step:11779} Server_Comm.py: Received a new packet while on world.update()!
{Sun 13:38:40 Step:11780} Server_Comm.py: Received a new packet while on world.update()!
{Sun 13:38:40 Step:11781} Server_Comm.py: Received a new packet while on world.update()!
{Sun 13:38:40 Step:11783} Server_Comm.py: The agent lost 1 packet! Is syncmode enabled?
{Sun 13:38:40 Step:11783} Server_Comm.py: Received a new packet while on world.update()!
{Sun 13:38:40 Step:11784} Server_Comm.py: Received a new packet while on world.update()!
{Sun 13:38:40 Step:11785} Server_Comm.py: Received a new packet while on world.update()!
{Sun 13:38:40 Step:11787} Server_Comm.py: The agent lost 1 packet! Is syncmode enabled?
{Sun 13:38:40 Step:11787} Server_Comm.py: Received a new packet while on world.update()!
{Sun 13:38:40 Step:11788} Server_Comm.py: Received a new packet while on world.update()!
{Sun 13:38:40 Step:11789} Server_Comm.py: Received a new packet while on world.update()!
{Sun 13:38:40 Step:11790} Server_Comm.py: Received a new packet while on world.update()!
{Sun 13:38:40 Step:11791} Server_Comm.py: Received a new packet while on world.update()!
{Sun 13:38:40 Step:11792} Server_Comm.py: Received a new packet while on world.update()!
{Sun 13:38:40 Step:11793} Server_Comm.py: Received a new packet while on world.update()!
{Sun 13:38:40 Step:11794} Server_Comm.py: Received a new packet while on world.update()!
{Sun 13:38:40 Step:11795} Server_Comm.py: Received a new packet while on world.update()!
{Sun 13:38:40 Step:11796} Server_Comm.py: Received a new packet while on world.update()!
{Sun 13:38:40 Step:11797} Server_Comm.py: Received a new packet while on world.update()!
{Sun 13:38:40 Step:11798} Server_Comm.py: Received a new packet while on world.update()!
{Sun 13:38:40 Step:11799} Server_Comm.py: Received a new packet while on world.update()!
{Sun 13:38:40 Step:11801} Server_Comm.py: The agent lost 1 packet! Is syncmode enabled?
{Sun 13:38:40 Step:11801} Server_Comm.py: Received a new packet while on world.update()!
{Sun 13:38:40 Step:11803} Server_Comm.py: The agent lost 1 packet! Is syncmode enabled?
{Sun 13:38:40 Step:11803} Server_Comm.py: Received a new packet while on world.update()!
{Sun 13:38:40 Step:11804} Server_Comm.py: Received a new packet while on world.update()!
{Sun 13:38:40 Step:11805} Server_Comm.py: Received a new packet while on world.update()!
{Sun 13:38:40 Step:11806} Server_Comm.py: Received a new packet while on world.update()!
{Sun 13:38:40 Step:11807} Server_Comm.py: Received a new packet while on world.update()!
{Sun 13:38:40 Step:11809} Server_Comm.py: The agent lost 1 packet! Is syncmode enabled?
{Sun 13:38:40 Step:11809} Server_Comm.py: Received a new packet while on world.update()!
{Sun 13:38:40 Step:11810} Server_Comm.py: Received a new packet while on world.update()!
{Sun 13:38:40 Step:11811} Server_Comm.py: Received a new packet while on world.update()!
{Sun 13:38:40 Step:11812} Server_Comm.py: Received a new packet while on world.update()!
{Sun 13:38:40 Step:11813} Server_Comm.py: Received a new packet while on world.update()!
{Sun 13:38:40 Step:11815} Server_Comm.py: The agent lost 1 packet! Is syncmode enabled?
{Sun 13:38:40 Step:11815} Server_Comm.py: Received a new packet while on world.update()!
{Sun 13:38:40 Step:11817} Server_Comm.py: The agent lost 1 packet! Is syncmode enabled?
{Sun 13:38:40 Step:11817} Server_Comm.py: Received a new packet while on world.update()!
{Sun 13:38:40 Step:11818} Server_Comm.py: Received a new packet while on world.update()!
{Sun 13:38:40 Step:11819} Server_Comm.py: Received a new packet while on world.update()!
{Sun 13:38:40 Step:11820} Server_Comm.py: Received a new packet while on world.update()!
{Sun 13:38:40 Step:11821} Server_Comm.py: Received a new packet while on world.update()!
{Sun 13:38:40 Step:11822} Server_Comm.py: Received a new packet while on world.update()!
{Sun 13:38:40 Step:11823} Server_Comm.py: Received a new packet while on world.update()!
{Sun 13:38:40 Step:11825} Server_Comm.py: The agent lost 1 packet! Is syncmode enabled?
{Sun 13:38:40 Step:11825} Server_Comm.py: Received a new packet while thinking!
{Sun 13:38:40 Step:11826} Server_Comm.py: Received a new packet while thinking!
{Sun 13:38:40 Step:11827} Server_Comm.py: Received a new packet while thinking!
{Sun 13:38:40 Step:11831} Server_Comm.py: The agent lost 1 packet! Is syncmode enabled?
{Sun 13:38:40 Step:11833} Server_Comm.py: The agent lost 1 packet! Is syncmode enabled?
{Sun 13:38:40 Step:11835} Server_Comm.py: The agent lost 1 packet! Is syncmode enabled?
{Sun 13:38:40 Step:11837} Server_Comm.py: The agent lost 1 packet! Is syncmode enabled?
{Sun 13:38:40 Step:11839} Server_Comm.py: The agent lost 1 packet! Is syncmode enabled?
{Sun 13:38:40 Step:11841} Server_Comm.py: The agent lost 1 packet! Is syncmode enabled?
{Sun 13:38:41 Step:11843} Server_Comm.py: The agent lost 1 packet! Is syncmode enabled?
{Sun 13:38:41 Step:11846} Server_Comm.py: The agent lost 2 consecutive packets! Is syncmode disabled?
{Sun 13:38:41 Step:11848} Server_Comm.py: The agent lost 1 packet! Is syncmode enabled?
{Sun 13:38:41 Step:11850} Server_Comm.py: The agent lost 1 packet! Is syncmode enabled?
{Sun 13:38:41 Step:11852} Server_Comm.py: The agent lost 1 packet! Is syncmode enabled?
{Sun 13:38:41 Step:11854} Server_Comm.py: The agent lost 1 packet! Is syncmode enabled?
{Sun 13:38:41 Step:11857} Server_Comm.py: The agent lost 2 consecutive packets! Is syncmode disabled?
{Sun 13:38:41 Step:11859} Server_Comm.py: The agent lost 1 packet! Is syncmode enabled?
{Sun 13:38:41 Step:11863} Server_Comm.py: The agent lost 1 packet! Is syncmode enabled?
{Sun 13:38:41 Step:11872} Server_Comm.py: The agent lost 1 packet! Is syncmode enabled?
{Sun 13:38:41 Step:11874} Server_Comm.py: The agent lost 1 packet! Is syncmode enabled?
{Sun 13:38:41 Step:11877} Server_Comm.py: The agent lost 1 packet! Is syncmode enabled?
{Sun 13:38:41 Step:11880} Server_Comm.py: The agent lost 1 packet! Is syncmode enabled?
{Sun 13:38:41 Step:11885} Server_Comm.py: The agent lost 1 packet! Is syncmode enabled?
{Sun 13:38:41 Step:11888} Server_Comm.py: The agent lost 1 packet! Is syncmode enabled?
{Sun 13:38:41 Step:11894} Server_Comm.py: The agent lost 1 packet! Is syncmode enabled?
{Sun 13:38:41 Step:11900} Server_Comm.py: The agent lost 1 packet! Is syncmode enabled?
{Sun 13:38:41 Step:11903} Server_Comm.py: The agent lost 1 packet! Is syncmode enabled?
{Sun 13:38:41 Step:11908} Server_Comm.py: The agent lost 1 packet! Is syncmode enabled?
{Sun 13:38:41 Step:11919} Server_Comm.py: The agent lost 1 packet! Is syncmode enabled?
{Sun 13:38:41 Step:11921} Server_Comm.py: The agent lost 1 packet! Is syncmode enabled?
{Sun 13:38:41 Step:11927} Server_Comm.py: The agent lost 1 packet! Is syncmode enabled?
{Sun 13:38:41 Step:11941} Server_Comm.py: The agent lost 1 packet! Is syncmode enabled?
{Sun 13:38:41 Step:11950} Server_Comm.py: The agent lost 1 packet! Is syncmode enabled?
{Sun 13:38:41 Step:11953} Server_Comm.py: The agent lost 1 packet! Is syncmode enabled?
{Sun 13:38:41 Step:11958} Server_Comm.py: The agent lost 1 packet! Is syncmode enabled?
{Sun 13:38:41 Step:11967} Server_Comm.py: The agent lost 1 packet! Is syncmode enabled?
{Sun 13:38:41 Step:11969} Server_Comm.py: The agent lost 1 packet! Is syncmode enabled?
{Sun 13:38:41 Step:11971} Server_Comm.py: The agent lost 1 packet! Is syncmode enabled?
{Sun 13:38:41 Step:11985} Server_Comm.py: The agent lost 1 packet! Is syncmode enabled?
{Sun 13:38:41 Step:11999} Server_Comm.py: The agent lost 1 packet! Is syncmode enabled?
{Sun 13:38:41 Step:12002} Server_Comm.py: The agent lost 1 packet! Is syncmode enabled?
{Sun 13:38:41 Step:12007} Server_Comm.py: The agent lost 1 packet! Is syncmode enabled?
{Sun 13:38:41 Step:12013} Server_Comm.py: The agent lost 1 packet! Is syncmode enabled?
{Sun 13:38:41 Step:12019} Server_Comm.py: The agent lost 1 packet! Is syncmode enabled?
{Sun 13:38:41 Step:12029} Server_Comm.py: The agent lost 1 packet! Is syncmode enabled?
{Sun 13:38:41 Step:12031} Server_Comm.py: The agent lost 1 packet! Is syncmode enabled?
{Sun 13:38:41 Step:12035} Server_Comm.py: The agent lost 1 packet! Is syncmode enabled?
{Sun 13:38:41 Step:12039} Server_Comm.py: The agent lost 1 packet! Is syncmode enabled?
{Sun 13:38:41 Step:12043} Server_Comm.py: The agent lost 1 packet! Is syncmode enabled?
{Sun 13:38:41 Step:12045} Server_Comm.py: The agent lost 1 packet! Is syncmode enabled?
{Sun 13:38:41 Step:12057} Server_Comm.py: The agent lost 1 packet! Is syncmode enabled?
{Sun 13:38:41 Step:12059} Server_Comm.py: The agent lost 1 packet! Is syncmode enabled?
{Sun 13:38:41 Step:12063} Server_Comm.py: The agent lost 3 consecutive packets! Is syncmode disabled?
{Sun 13:38:41 Step:12068} Server_Comm.py: The agent lost 4 consecutive packets! Is syncmode disabled?
{Sun 13:38:41 Step:12071} Server_Comm.py: The agent lost 2 consecutive packets! Is syncmode disabled?
{Sun 13:38:41 Step:12075} Server_Comm.py: The agent lost 3 consecutive packets! Is syncmode disabled?
{Sun 13:38:41 Step:12079} Server_Comm.py: The agent lost 3 consecutive packets! Is syncmode disabled?
{Sun 13:38:41 Step:12083} Server_Comm.py: The agent lost 3 consecutive packets! Is syncmode disabled?
{Sun 13:38:41 Step:12087} Server_Comm.py: The agent lost 3 consecutive packets! Is syncmode disabled?
{Sun 13:38:41 Step:12090} Server_Comm.py: The agent lost 2 consecutive packets! Is syncmode disabled?
{Sun 13:38:41 Step:12092} Server_Comm.py: The agent lost 1 packet! Is syncmode enabled?
{Sun 13:38:41 Step:12095} Server_Comm.py: The agent lost 2 consecutive packets! Is syncmode disabled?
{Sun 13:38:41 Step:12098} Server_Comm.py: The agent lost 2 consecutive packets! Is syncmode disabled?
{Sun 13:38:41 Step:12100} Server_Comm.py: The agent lost 1 packet! Is syncmode enabled?
{Sun 13:38:41 Step:12102} Server_Comm.py: The agent lost 1 packet! Is syncmode enabled?
{Sun 13:38:41 Step:12104} Server_Comm.py: The agent lost 1 packet! Is syncmode enabled?
{Sun 13:38:41 Step:12106} Server_Comm.py: The agent lost 1 packet! Is syncmode enabled?
{Sun 13:38:41 Step:12108} Server_Comm.py: The agent lost 1 packet! Is syncmode enabled?
{Sun 13:38:41 Step:12112} Server_Comm.py: The agent lost 2 consecutive packets! Is syncmode disabled?
{Sun 13:38:41 Step:12115} Server_Comm.py: The agent lost 2 consecutive packets! Is syncmode disabled?
{Sun 13:38:41 Step:12115} Server_Comm.py: Received a new packet while thinking!
{Sun 13:38:41 Step:12604} Server_Comm.py: The agent lost 488 consecutive packets! Is syncmode disabled?
{Sun 13:38:41 Step:12604} Server_Comm.py: Received a new packet while on world.update()!
{Sun 13:38:41 Step:12605} Server_Comm.py: Received a new packet while on world.update()!
{Sun 13:38:41 Step:12608} Server_Comm.py: The agent lost 2 consecutive packets! Is syncmode disabled?
{Sun 13:38:41 Step:12608} Server_Comm.py: Received a new packet while on world.update()!
{Sun 13:38:41 Step:12609} Server_Comm.py: Received a new packet while on world.update()!
{Sun 13:38:41 Step:12615} Server_Comm.py: The agent lost 5 consecutive packets! Is syncmode disabled?
{Sun 13:38:41 Step:12615} Server_Comm.py: Received a new packet while on world.update()!
{Sun 13:38:41 Step:12619} Server_Comm.py: The agent lost 3 consecutive packets! Is syncmode disabled?
{Sun 13:38:41 Step:12619} Server_Comm.py: Received a new packet while on world.update()!
{Sun 13:38:41 Step:12622} Server_Comm.py: The agent lost 2 consecutive packets! Is syncmode disabled?
{Sun 13:38:41 Step:12622} Server_Comm.py: Received a new packet while on world.update()!
{Sun 13:38:41 Step:12624} Server_Comm.py: The agent lost 1 packet! Is syncmode enabled?
{Sun 13:38:41 Step:12624} Server_Comm.py: Received a new packet while thinking!
{Sun 13:38:41 Step:12625} Server_Comm.py: Received a new packet while on world.update()!
{Sun 13:38:41 Step:12628} Server_Comm.py: The agent lost 2 consecutive packets! Is syncmode disabled?
{Sun 13:38:41 Step:12628} Server_Comm.py: Received a new packet while on world.update()!
{Sun 13:38:41 Step:12629} Server_Comm.py: Received a new packet while on world.update()!
{Sun 13:38:41 Step:12633} Server_Comm.py: The agent lost 3 consecutive packets! Is syncmode disabled?
{Sun 13:38:41 Step:12633} Server_Comm.py: Received a new packet while on world.update()!
{Sun 13:38:41 Step:12636} Server_Comm.py: The agent lost 2 consecutive packets! Is syncmode disabled?
{Sun 13:38:41 Step:12636} Server_Comm.py: Received a new packet while on world.update()!
{Sun 13:38:41 Step:12637} Server_Comm.py: Received a new packet while on world.update()!
{Sun 13:38:41 Step:12641} Server_Comm.py: The agent lost 3 consecutive packets! Is syncmode disabled?
{Sun 13:38:41 Step:12641} Server_Comm.py: Received a new packet while on world.update()!
{Sun 13:38:41 Step:12644} Server_Comm.py: The agent lost 2 consecutive packets! Is syncmode disabled?
{Sun 13:38:41 Step:12644} Server_Comm.py: Received a new packet while on world.update()!
{Sun 13:38:41 Step:12645} Server_Comm.py: Received a new packet while on world.update()!
{Sun 13:38:41 Step:12648} Server_Comm.py: The agent lost 2 consecutive packets! Is syncmode disabled?
{Sun 13:38:41 Step:12648} Server_Comm.py: Received a new packet while on world.update()!
{Sun 13:38:41 Step:12650} Server_Comm.py: The agent lost 1 packet! Is syncmode enabled?
{Sun 13:38:41 Step:12650} Server_Comm.py: Received a new packet while on world.update()!
{Sun 13:38:41 Step:12651} Server_Comm.py: Received a new packet while on world.update()!
{Sun 13:38:41 Step:12653} Server_Comm.py: The agent lost 1 packet! Is syncmode enabled?
{Sun 13:38:41 Step:12653} Server_Comm.py: Received a new packet while on world.update()!
{Sun 13:38:41 Step:12657} Server_Comm.py: The agent lost 3 consecutive packets! Is syncmode disabled?
{Sun 13:38:41 Step:12657} Server_Comm.py: Received a new packet while on world.update()!
{Sun 13:38:41 Step:12661} Server_Comm.py: The agent lost 3 consecutive packets! Is syncmode disabled?
{Sun 13:38:41 Step:12661} Server_Comm.py: Received a new packet while on world.update()!
{Sun 13:38:41 Step:12664} Server_Comm.py: The agent lost 2 consecutive packets! Is syncmode disabled?
{Sun 13:38:41 Step:12664} Server_Comm.py: Received a new packet while on world.update()!
{Sun 13:38:41 Step:12666} Server_Comm.py: The agent lost 1 packet! Is syncmode enabled?
{Sun 13:38:41 Step:12666} Server_Comm.py: Received a new packet while on world.update()!
{Sun 13:38:41 Step:12667} Server_Comm.py: Received a new packet while on world.update()!
{Sun 13:38:41 Step:12670} Server_Comm.py: The agent lost 2 consecutive packets! Is syncmode disabled?
{Sun 13:38:41 Step:12670} Server_Comm.py: Received a new packet while on world.update()!
{Sun 13:38:42 Step:12671} Server_Comm.py: Received a new packet while on world.update()!
{Sun 13:38:42 Step:12675} Server_Comm.py: The agent lost 3 consecutive packets! Is syncmode disabled?
{Sun 13:38:42 Step:12675} Server_Comm.py: Received a new packet while on world.update()!
{Sun 13:38:42 Step:12678} Server_Comm.py: The agent lost 2 consecutive packets! Is syncmode disabled?
{Sun 13:38:42 Step:12678} Server_Comm.py: Received a new packet while on world.update()!
{Sun 13:38:42 Step:12679} Server_Comm.py: Received a new packet while on world.update()!
{Sun 13:38:42 Step:12682} Server_Comm.py: The agent lost 2 consecutive packets! Is syncmode disabled?
{Sun 13:38:42 Step:12682} Server_Comm.py: Received a new packet while on world.update()!
{Sun 13:38:42 Step:12683} Server_Comm.py: Received a new packet while on world.update()!
{Sun 13:38:42 Step:12687} Server_Comm.py: The agent lost 3 consecutive packets! Is syncmode disabled?
{Sun 13:38:42 Step:12687} Server_Comm.py: Received a new packet while on world.update()!
{Sun 13:38:42 Step:12692} Server_Comm.py: The agent lost 4 consecutive packets! Is syncmode disabled?
{Sun 13:38:42 Step:12692} Server_Comm.py: Received a new packet while on world.update()!
{Sun 13:38:42 Step:12693} Server_Comm.py: Received a new packet while on world.update()!
{Sun 13:38:42 Step:12696} Server_Comm.py: The agent lost 2 consecutive packets! Is syncmode disabled?
{Sun 13:38:42 Step:12696} Server_Comm.py: Received a new packet while on world.update()!
{Sun 13:38:42 Step:12697} Server_Comm.py: Received a new packet while on world.update()!
{Sun 13:38:42 Step:12702} Server_Comm.py: The agent lost 4 consecutive packets! Is syncmode disabled?
{Sun 13:38:42 Step:12702} Server_Comm.py: Received a new packet while on world.update()!
{Sun 13:38:42 Step:12703} Server_Comm.py: Received a new packet while on world.update()!
{Sun 13:38:42 Step:12706} Server_Comm.py: The agent lost 2 consecutive packets! Is syncmode disabled?
{Sun 13:38:42 Step:12706} Server_Comm.py: Received a new packet while on world.update()!
{Sun 13:38:42 Step:12709} Server_Comm.py: The agent lost 2 consecutive packets! Is syncmode disabled?
{Sun 13:38:42 Step:12709} Server_Comm.py: Received a new packet while on world.update()!
{Sun 13:38:42 Step:12712} Server_Comm.py: The agent lost 2 consecutive packets! Is syncmode disabled?
{Sun 13:38:42 Step:12712} Server_Comm.py: Received a new packet while on world.update()!
{Sun 13:38:42 Step:12715} Server_Comm.py: The agent lost 2 consecutive packets! Is syncmode disabled?
{Sun 13:38:42 Step:12715} Server_Comm.py: Received a new packet while on world.update()!
{Sun 13:38:42 Step:12718} Server_Comm.py: The agent lost 2 consecutive packets! Is syncmode disabled?
{Sun 13:38:42 Step:12718} Server_Comm.py: Received a new packet while on world.update()!
{Sun 13:38:42 Step:12719} Server_Comm.py: Received a new packet while on world.update()!
{Sun 13:38:42 Step:12722} Server_Comm.py: The agent lost 2 consecutive packets! Is syncmode disabled?
{Sun 13:38:42 Step:12722} Server_Comm.py: Received a new packet while on world.update()!
{Sun 13:38:42 Step:12724} Server_Comm.py: The agent lost 1 packet! Is syncmode enabled?
{Sun 13:38:42 Step:12724} Server_Comm.py: Received a new packet while on world.update()!
{Sun 13:38:42 Step:12725} Server_Comm.py: Received a new packet while on world.update()!
{Sun 13:38:42 Step:12729} Server_Comm.py: The agent lost 3 consecutive packets! Is syncmode disabled?
{Sun 13:38:42 Step:12729} Server_Comm.py: Received a new packet while on world.update()!
{Sun 13:38:42 Step:12732} Server_Comm.py: The agent lost 2 consecutive packets! Is syncmode disabled?
{Sun 13:38:42 Step:12732} Server_Comm.py: Received a new packet while on world.update()!
{Sun 13:38:42 Step:12733} Server_Comm.py: Received a new packet while on world.update()!
{Sun 13:38:42 Step:12737} Server_Comm.py: The agent lost 3 consecutive packets! Is syncmode disabled?
{Sun 13:38:42 Step:12737} Server_Comm.py: Received a new packet while on world.update()!
{Sun 13:38:42 Step:12739} Server_Comm.py: The agent lost 1 packet! Is syncmode enabled?
{Sun 13:38:42 Step:12739} Server_Comm.py: Received a new packet while on world.update()!
{Sun 13:38:42 Step:12742} Server_Comm.py: The agent lost 2 consecutive packets! Is syncmode disabled?
{Sun 13:38:42 Step:12742} Server_Comm.py: Received a new packet while thinking!
{Sun 13:38:42 Step:12743} Server_Comm.py: Received a new packet while on world.update()!
{Sun 13:38:42 Step:12746} Server_Comm.py: The agent lost 2 consecutive packets! Is syncmode disabled?
{Sun 13:38:42 Step:12746} Server_Comm.py: Received a new packet while on world.update()!
{Sun 13:38:42 Step:12748} Server_Comm.py: The agent lost 1 packet! Is syncmode enabled?
{Sun 13:38:42 Step:12748} Server_Comm.py: Received a new packet while on world.update()!
{Sun 13:38:42 Step:12750} Server_Comm.py: The agent lost 1 packet! Is syncmode enabled?
{Sun 13:38:42 Step:12750} Server_Comm.py: Received a new packet while on world.update()!
{Sun 13:38:42 Step:12751} Server_Comm.py: Received a new packet while on world.update()!
{Sun 13:38:42 Step:12755} Server_Comm.py: The agent lost 3 consecutive packets! Is syncmode disabled?
{Sun 13:38:42 Step:12755} Server_Comm.py: Received a new packet while on world.update()!
{Sun 13:38:42 Step:12759} Server_Comm.py: The agent lost 3 consecutive packets! Is syncmode disabled?
{Sun 13:38:42 Step:12759} Server_Comm.py: Received a new packet while on world.update()!
{Sun 13:38:42 Step:12762} Server_Comm.py: The agent lost 2 consecutive packets! Is syncmode disabled?
{Sun 13:38:42 Step:12762} Server_Comm.py: Received a new packet while thinking!
{Sun 13:38:42 Step:12763} Server_Comm.py: Received a new packet while on world.update()!
{Sun 13:38:42 Step:12766} Server_Comm.py: The agent lost 2 consecutive packets! Is syncmode disabled?
{Sun 13:38:42 Step:12766} Server_Comm.py: Received a new packet while on world.update()!
{Sun 13:38:42 Step:12768} Server_Comm.py: The agent lost 1 packet! Is syncmode enabled?
{Sun 13:38:42 Step:12768} Server_Comm.py: Received a new packet while on world.update()!
{Sun 13:38:42 Step:12769} Server_Comm.py: Received a new packet while on world.update()!
{Sun 13:38:42 Step:12773} Server_Comm.py: The agent lost 3 consecutive packets! Is syncmode disabled?
{Sun 13:38:42 Step:12773} Server_Comm.py: Received a new packet while on world.update()!
{Sun 13:38:42 Step:12776} Server_Comm.py: The agent lost 2 consecutive packets! Is syncmode disabled?
{Sun 13:38:42 Step:12776} Server_Comm.py: Received a new packet while on world.update()!
{Sun 13:38:42 Step:12778} Server_Comm.py: The agent lost 1 packet! Is syncmode enabled?
{Sun 13:38:42 Step:12778} Server_Comm.py: Received a new packet while on world.update()!
{Sun 13:38:42 Step:12779} Server_Comm.py: Received a new packet while on world.update()!
{Sun 13:38:42 Step:12782} Server_Comm.py: The agent lost 2 consecutive packets! Is syncmode disabled?
{Sun 13:38:42 Step:12782} Server_Comm.py: Received a new packet while on world.update()!
{Sun 13:38:42 Step:12783} Server_Comm.py: Received a new packet while on world.update()!
{Sun 13:38:42 Step:12785} Server_Comm.py: The agent lost 1 packet! Is syncmode enabled?
{Sun 13:38:42 Step:12785} Server_Comm.py: Received a new packet while on world.update()!
{Sun 13:38:42 Step:12789} Server_Comm.py: The agent lost 3 consecutive packets! Is syncmode disabled?
{Sun 13:38:42 Step:12789} Server_Comm.py: Received a new packet while on world.update()!
{Sun 13:38:42 Step:12793} Server_Comm.py: The agent lost 3 consecutive packets! Is syncmode disabled?
{Sun 13:38:42 Step:12793} Server_Comm.py: Received a new packet while on world.update()!
{Sun 13:38:42 Step:12796} Server_Comm.py: The agent lost 2 consecutive packets! Is syncmode disabled?
{Sun 13:38:42 Step:12796} Server_Comm.py: Received a new packet while on world.update()!
{Sun 13:38:42 Step:12798} Server_Comm.py: The agent lost 1 packet! Is syncmode enabled?
{Sun 13:38:42 Step:12798} Server_Comm.py: Received a new packet while on world.update()!
{Sun 13:38:42 Step:12800} Server_Comm.py: The agent lost 1 packet! Is syncmode enabled?
{Sun 13:38:42 Step:12800} Server_Comm.py: Received a new packet while on world.update()!
{Sun 13:38:42 Step:12801} Server_Comm.py: Received a new packet while on world.update()!
{Sun 13:38:42 Step:12804} Server_Comm.py: The agent lost 2 consecutive packets! Is syncmode disabled?
{Sun 13:38:42 Step:12804} Server_Comm.py: Received a new packet while on world.update()!
{Sun 13:38:42 Step:12806} Server_Comm.py: The agent lost 1 packet! Is syncmode enabled?
{Sun 13:38:42 Step:12806} Server_Comm.py: Received a new packet while thinking!
{Sun 13:38:42 Step:12807} Server_Comm.py: Received a new packet while on world.update()!
{Sun 13:38:42 Step:12810} Server_Comm.py: The agent lost 2 consecutive packets! Is syncmode disabled?
{Sun 13:38:42 Step:12810} Server_Comm.py: Received a new packet while on world.update()!
{Sun 13:38:42 Step:12811} Server_Comm.py: Received a new packet while on world.update()!
{Sun 13:38:42 Step:12814} Server_Comm.py: The agent lost 2 consecutive packets! Is syncmode disabled?
{Sun 13:38:42 Step:12814} Server_Comm.py: Received a new packet while on world.update()!
{Sun 13:38:42 Step:12815} Server_Comm.py: Received a new packet while on world.update()!
{Sun 13:38:42 Step:12817} Server_Comm.py: The agent lost 1 packet! Is syncmode enabled?
{Sun 13:38:42 Step:12817} Server_Comm.py: Received a new packet while on world.update()!
{Sun 13:38:42 Step:12821} Server_Comm.py: The agent lost 3 consecutive packets! Is syncmode disabled?
{Sun 13:38:42 Step:12821} Server_Comm.py: Received a new packet while on world.update()!
{Sun 13:38:42 Step:12824} Server_Comm.py: The agent lost 2 consecutive packets! Is syncmode disabled?
{Sun 13:38:42 Step:12824} Server_Comm.py: Received a new packet while on world.update()!
{Sun 13:38:42 Step:12825} Server_Comm.py: Received a new packet while on world.update()!
{Sun 13:38:42 Step:12829} Server_Comm.py: The agent lost 3 consecutive packets! Is syncmode disabled?
{Sun 13:38:42 Step:12829} Server_Comm.py: Received a new packet while on world.update()!
{Sun 13:38:42 Step:12834} Server_Comm.py: The agent lost 4 consecutive packets! Is syncmode disabled?
{Sun 13:38:42 Step:12834} Server_Comm.py: Received a new packet while on world.update()!
{Sun 13:38:42 Step:12836} Server_Comm.py: The agent lost 1 packet! Is syncmode enabled?
{Sun 13:38:42 Step:12836} Server_Comm.py: Received a new packet while thinking!
{Sun 13:38:42 Step:12837} Server_Comm.py: Received a new packet while on world.update()!
{Sun 13:38:42 Step:12840} Server_Comm.py: The agent lost 2 consecutive packets! Is syncmode disabled?
{Sun 13:38:42 Step:12840} Server_Comm.py: Received a new packet while on world.update()!
{Sun 13:38:42 Step:12842} Server_Comm.py: The agent lost 1 packet! Is syncmode enabled?
{Sun 13:38:42 Step:12842} Server_Comm.py: Received a new packet while on world.update()!
{Sun 13:38:42 Step:12843} Server_Comm.py: Received a new packet while on world.update()!
{Sun 13:38:42 Step:12846} Server_Comm.py: The agent lost 2 consecutive packets! Is syncmode disabled?
{Sun 13:38:42 Step:12846} Server_Comm.py: Received a new packet while on world.update()!
{Sun 13:38:42 Step:12849} Server_Comm.py: The agent lost 2 consecutive packets! Is syncmode disabled?
{Sun 13:38:42 Step:12849} Server_Comm.py: Received a new packet while on world.update()!
{Sun 13:38:42 Step:12852} Server_Comm.py: The agent lost 2 consecutive packets! Is syncmode disabled?
{Sun 13:38:42 Step:12852} Server_Comm.py: Received a new packet while on world.update()!
{Sun 13:38:42 Step:12853} Server_Comm.py: Received a new packet while on world.update()!
{Sun 13:38:42 Step:12855} Server_Comm.py: The agent lost 1 packet! Is syncmode enabled?
{Sun 13:38:42 Step:12855} Server_Comm.py: Received a new packet while on world.update()!
{Sun 13:38:42 Step:12858} Server_Comm.py: The agent lost 2 consecutive packets! Is syncmode disabled?
{Sun 13:38:42 Step:12858} Server_Comm.py: Received a new packet while on world.update()!
{Sun 13:38:42 Step:12860} Server_Comm.py: The agent lost 1 packet! Is syncmode enabled?
{Sun 13:38:42 Step:12860} Server_Comm.py: Received a new packet while on world.update()!
{Sun 13:38:42 Step:12861} Server_Comm.py: Received a new packet while on world.update()!
{Sun 13:38:42 Step:12865} Server_Comm.py: The agent lost 3 consecutive packets! Is syncmode disabled?
{Sun 13:38:42 Step:12865} Server_Comm.py: Received a new packet while on world.update()!
{Sun 13:38:42 Step:12868} Server_Comm.py: The agent lost 2 consecutive packets! Is syncmode disabled?
{Sun 13:38:42 Step:12868} Server_Comm.py: Received a new packet while on world.update()!
{Sun 13:38:42 Step:12869} Server_Comm.py: Received a new packet while on world.update()!
{Sun 13:38:42 Step:12871} Server_Comm.py: The agent lost 1 packet! Is syncmode enabled?
{Sun 13:38:42 Step:12871} Server_Comm.py: Received a new packet while on world.update()!
{Sun 13:38:42 Step:12874} Server_Comm.py: The agent lost 2 consecutive packets! Is syncmode disabled?
{Sun 13:38:42 Step:12874} Server_Comm.py: Received a new packet while on world.update()!
{Sun 13:38:42 Step:12876} Server_Comm.py: The agent lost 1 packet! Is syncmode enabled?
{Sun 13:38:42 Step:12876} Server_Comm.py: Received a new packet while on world.update()!
{Sun 13:38:42 Step:12878} Server_Comm.py: The agent lost 1 packet! Is syncmode enabled?
{Sun 13:38:42 Step:12878} Server_Comm.py: Received a new packet while thinking!
{Sun 13:38:42 Step:12879} Server_Comm.py: Received a new packet while on world.update()!
{Sun 13:38:42 Step:12882} Server_Comm.py: The agent lost 2 consecutive packets! Is syncmode disabled?
{Sun 13:38:42 Step:12882} Server_Comm.py: Received a new packet while on world.update()!
{Sun 13:38:42 Step:12884} Server_Comm.py: The agent lost 1 packet! Is syncmode enabled?
{Sun 13:38:42 Step:12884} Server_Comm.py: Received a new packet while on world.update()!
{Sun 13:38:42 Step:12885} Server_Comm.py: Received a new packet while on world.update()!
{Sun 13:38:42 Step:12888} Server_Comm.py: The agent lost 2 consecutive packets! Is syncmode disabled?
{Sun 13:38:42 Step:12888} Server_Comm.py: Received a new packet while on world.update()!
{Sun 13:38:42 Step:12889} Server_Comm.py: Received a new packet while on world.update()!
{Sun 13:38:42 Step:12892} Server_Comm.py: The agent lost 2 consecutive packets! Is syncmode disabled?
{Sun 13:38:42 Step:12892} Server_Comm.py: Received a new packet while on world.update()!
{Sun 13:38:42 Step:12893} Server_Comm.py: Received a new packet while on world.update()!
{Sun 13:38:42 Step:12896} Server_Comm.py: The agent lost 2 consecutive packets! Is syncmode disabled?
{Sun 13:38:42 Step:12896} Server_Comm.py: Received a new packet while on world.update()!
{Sun 13:38:42 Step:12897} Server_Comm.py: Received a new packet while on world.update()!
{Sun 13:38:42 Step:12900} Server_Comm.py: The agent lost 2 consecutive packets! Is syncmode disabled?
{Sun 13:38:42 Step:12900} Server_Comm.py: Received a new packet while on world.update()!
{Sun 13:38:42 Step:12901} Server_Comm.py: Received a new packet while on world.update()!
{Sun 13:38:42 Step:12903} Server_Comm.py: The agent lost 1 packet! Is syncmode enabled?
{Sun 13:38:42 Step:12903} Server_Comm.py: Received a new packet while on world.update()!
{Sun 13:38:42 Step:12907} Server_Comm.py: The agent lost 3 consecutive packets! Is syncmode disabled?
{Sun 13:38:42 Step:12907} Server_Comm.py: Received a new packet while on world.update()!
{Sun 13:38:42 Step:12910} Server_Comm.py: The agent lost 2 consecutive packets! Is syncmode disabled?
{Sun 13:38:42 Step:12910} Server_Comm.py: Received a new packet while on world.update()!
{Sun 13:38:42 Step:12911} Server_Comm.py: Received a new packet while on world.update()!
{Sun 13:38:42 Step:12914} Server_Comm.py: The agent lost 2 consecutive packets! Is syncmode disabled?
{Sun 13:38:42 Step:12914} Server_Comm.py: Received a new packet while thinking!
{Sun 13:38:42 Step:12915} Server_Comm.py: Received a new packet while on world.update()!
{Sun 13:38:42 Step:12918} Server_Comm.py: The agent lost 2 consecutive packets! Is syncmode disabled?
{Sun 13:38:42 Step:12922} Server_Comm.py: The agent lost 2 consecutive packets! Is syncmode disabled?
{Sun 13:38:42 Step:12924} Server_Comm.py: The agent lost 1 packet! Is syncmode enabled?
{Sun 13:38:42 Step:12927} Server_Comm.py: The agent lost 1 packet! Is syncmode enabled?
{Sun 13:38:42 Step:12930} Server_Comm.py: The agent lost 2 consecutive packets! Is syncmode disabled?
{Sun 13:38:42 Step:12932} Server_Comm.py: The agent lost 1 packet! Is syncmode enabled?
{Sun 13:38:42 Step:12934} Server_Comm.py: The agent lost 1 packet! Is syncmode enabled?
{Sun 13:38:42 Step:12938} Server_Comm.py: The agent lost 2 consecutive packets! Is syncmode disabled?
{Sun 13:38:42 Step:12940} Server_Comm.py: The agent lost 1 packet! Is syncmode enabled?
{Sun 13:38:42 Step:12944} Server_Comm.py: The agent lost 2 consecutive packets! Is syncmode disabled?
{Sun 13:38:42 Step:12947} Server_Comm.py: The agent lost 2 consecutive packets! Is syncmode disabled?
{Sun 13:38:42 Step:12950} Server_Comm.py: The agent lost 2 consecutive packets! Is syncmode disabled?
{Sun 13:38:42 Step:12952} Server_Comm.py: The agent lost 1 packet! Is syncmode enabled?
{Sun 13:38:42 Step:12956} Server_Comm.py: The agent lost 2 consecutive packets! Is syncmode disabled?
{Sun 13:38:42 Step:12958} Server_Comm.py: The agent lost 1 packet! Is syncmode enabled?
{Sun 13:38:42 Step:12960} Server_Comm.py: The agent lost 1 packet! Is syncmode enabled?
