{Mon 01:01:36 Step:2} Server_Comm.py: The agent lost 1 packet! Is syncmode enabled?
{Mon 01:01:36 Step:2} Server_Comm.py: Received a new packet while on world.update()!
{Mon 01:01:36 Step:8} Server_Comm.py: The agent lost 5 consecutive packets! Is syncmode disabled?
{Mon 01:01:36 Step:8} Server_Comm.py: Received a new packet while on world.update()!
{Mon 01:01:36 Step:10} Server_Comm.py: The agent lost 1 packet! Is syncmode enabled?
{Mon 01:01:36 Step:10} Server_Comm.py: Received a new packet while on world.update()!
{Mon 01:01:36 Step:12} Server_Comm.py: The agent lost 1 packet! Is syncmode enabled?
{Mon 01:01:36 Step:12} Server_Comm.py: Received a new packet while on world.update()!
{Mon 01:01:36 Step:14} Server_Comm.py: The agent lost 1 packet! Is syncmode enabled?
{Mon 01:01:36 Step:14} Server_Comm.py: Received a new packet while on world.update()!
{Mon 01:01:36 Step:16} Server_Comm.py: The agent lost 1 packet! Is syncmode enabled?
{Mon 01:01:36 Step:17} Server_Comm.py: Received a new packet while on world.update()!
{Mon 01:01:36 Step:21} Server_Comm.py: The agent lost 1 packet! Is syncmode enabled?
{Mon 01:01:36 Step:23} Server_Comm.py: The agent lost 1 packet! Is syncmode enabled?
{Mon 01:01:36 Step:23} Server_Comm.py: Received a new packet while thinking!
{Mon 01:01:36 Step:161} Server_Comm.py: The agent lost 137 consecutive packets! Is syncmode disabled?
{Mon 01:01:36 Step:192} Server_Comm.py: The agent lost 30 consecutive packets! Is syncmode disabled?
{Mon 01:01:36 Step:201} Server_Comm.py: The agent lost 8 consecutive packets! Is syncmode disabled?
{Mon 01:01:36 Step:207} Server_Comm.py: The agent lost 5 consecutive packets! Is syncmode disabled?
{Mon 01:01:36 Step:210} Server_Comm.py: The agent lost 2 consecutive packets! Is syncmode disabled?
{Mon 01:01:36 Step:221} Server_Comm.py: The agent lost 9 consecutive packets! Is syncmode disabled?
{Mon 01:01:36 Step:227} Server_Comm.py: The agent lost 5 consecutive packets! Is syncmode disabled?
{Mon 01:01:36 Step:232} Server_Comm.py: The agent lost 4 consecutive packets! Is syncmode disabled?
{Mon 01:01:36 Step:235} Server_Comm.py: The agent lost 2 consecutive packets! Is syncmode disabled?
{Mon 01:01:36 Step:238} Server_Comm.py: The agent lost 2 consecutive packets! Is syncmode disabled?
{Mon 01:01:36 Step:243} Server_Comm.py: The agent lost 3 consecutive packets! Is syncmode disabled?
{Mon 01:01:36 Step:246} Server_Comm.py: The agent lost 2 consecutive packets! Is syncmode disabled?
{Mon 01:01:36 Step:249} Server_Comm.py: The agent lost 1 packet! Is syncmode enabled?
{Mon 01:01:36 Step:252} Server_Comm.py: The agent lost 2 consecutive packets! Is syncmode disabled?
{Mon 01:01:36 Step:254} Server_Comm.py: The agent lost 1 packet! Is syncmode enabled?
{Mon 01:01:36 Step:256} Server_Comm.py: The agent lost 1 packet! Is syncmode enabled?
{Mon 01:01:36 Step:260} Server_Comm.py: The agent lost 2 consecutive packets! Is syncmode disabled?
{Mon 01:01:36 Step:263} Server_Comm.py: The agent lost 1 packet! Is syncmode enabled?
{Mon 01:01:36 Step:266} Server_Comm.py: The agent lost 2 consecutive packets! Is syncmode disabled?
{Mon 01:01:36 Step:268} Server_Comm.py: The agent lost 1 packet! Is syncmode enabled?
{Mon 01:01:36 Step:272} Server_Comm.py: The agent lost 2 consecutive packets! Is syncmode disabled?
{Mon 01:01:36 Step:274} Server_Comm.py: The agent lost 1 packet! Is syncmode enabled?
{Mon 01:01:36 Step:278} Server_Comm.py: The agent lost 2 consecutive packets! Is syncmode disabled?
{Mon 01:01:36 Step:280} Server_Comm.py: The agent lost 1 packet! Is syncmode enabled?
{Mon 01:01:36 Step:302} Server_Comm.py: The agent lost 1 packet! Is syncmode enabled?
{Mon 01:01:36 Step:305} Server_Comm.py: The agent lost 1 packet! Is syncmode enabled?
{Mon 01:01:36 Step:316} Server_Comm.py: The agent lost 1 packet! Is syncmode enabled?
{Mon 01:01:36 Step:331} Server_Comm.py: The agent lost 1 packet! Is syncmode enabled?
{Mon 01:01:36 Step:333} Server_Comm.py: The agent lost 1 packet! Is syncmode enabled?
{Mon 01:01:36 Step:336} Server_Comm.py: The agent lost 1 packet! Is syncmode enabled?
{Mon 01:01:36 Step:339} Server_Comm.py: The agent lost 1 packet! Is syncmode enabled?
{Mon 01:01:36 Step:342} Server_Comm.py: The agent lost 2 consecutive packets! Is syncmode disabled?
{Mon 01:01:36 Step:345} Server_Comm.py: The agent lost 2 consecutive packets! Is syncmode disabled?
{Mon 01:01:36 Step:348} Server_Comm.py: The agent lost 2 consecutive packets! Is syncmode disabled?
{Mon 01:01:36 Step:351} Server_Comm.py: The agent lost 2 consecutive packets! Is syncmode disabled?
{Mon 01:01:36 Step:353} Server_Comm.py: The agent lost 1 packet! Is syncmode enabled?
{Mon 01:01:36 Step:356} Server_Comm.py: The agent lost 2 consecutive packets! Is syncmode disabled?
{Mon 01:01:36 Step:359} Server_Comm.py: The agent lost 2 consecutive packets! Is syncmode disabled?
{Mon 01:01:36 Step:361} Server_Comm.py: The agent lost 1 packet! Is syncmode enabled?
{Mon 01:01:36 Step:364} Server_Comm.py: The agent lost 2 consecutive packets! Is syncmode disabled?
{Mon 01:01:36 Step:366} Server_Comm.py: The agent lost 1 packet! Is syncmode enabled?
{Mon 01:01:36 Step:368} Server_Comm.py: The agent lost 1 packet! Is syncmode enabled?
{Mon 01:01:36 Step:370} Server_Comm.py: The agent lost 1 packet! Is syncmode enabled?
{Mon 01:01:36 Step:370} Server_Comm.py: Received a new packet while thinking!
{Mon 01:01:36 Step:459} Server_Comm.py: The agent lost 88 consecutive packets! Is syncmode disabled?
{Mon 01:01:36 Step:477} Server_Comm.py: The agent lost 17 consecutive packets! Is syncmode disabled?
{Mon 01:01:36 Step:484} Server_Comm.py: The agent lost 6 consecutive packets! Is syncmode disabled?
{Mon 01:01:36 Step:487} Server_Comm.py: The agent lost 2 consecutive packets! Is syncmode disabled?
{Mon 01:01:36 Step:490} Server_Comm.py: The agent lost 2 consecutive packets! Is syncmode disabled?
{Mon 01:01:36 Step:492} Server_Comm.py: The agent lost 1 packet! Is syncmode enabled?
{Mon 01:01:36 Step:494} Server_Comm.py: The agent lost 1 packet! Is syncmode enabled?
{Mon 01:01:36 Step:498} Server_Comm.py: The agent lost 2 consecutive packets! Is syncmode disabled?
{Mon 01:01:36 Step:499} Server_Comm.py: Received a new packet while thinking!
{Mon 01:01:36 Step:613} Server_Comm.py: The agent lost 113 consecutive packets! Is syncmode disabled?
{Mon 01:01:36 Step:616} Server_Comm.py: The agent lost 2 consecutive packets! Is syncmode disabled?
{Mon 01:01:36 Step:623} Server_Comm.py: The agent lost 1 packet! Is syncmode enabled?
{Mon 01:01:36 Step:625} Server_Comm.py: The agent lost 1 packet! Is syncmode enabled?
{Mon 01:01:36 Step:627} Server_Comm.py: The agent lost 1 packet! Is syncmode enabled?
{Mon 01:01:36 Step:629} Server_Comm.py: The agent lost 1 packet! Is syncmode enabled?
{Mon 01:01:36 Step:633} Server_Comm.py: The agent lost 1 packet! Is syncmode enabled?
{Mon 01:01:36 Step:645} Server_Comm.py: The agent lost 1 packet! Is syncmode enabled?
{Mon 01:01:36 Step:661} Server_Comm.py: The agent lost 3 consecutive packets! Is syncmode disabled?
{Mon 01:01:36 Step:668} Server_Comm.py: The agent lost 6 consecutive packets! Is syncmode disabled?
{Mon 01:01:36 Step:671} Server_Comm.py: The agent lost 2 consecutive packets! Is syncmode disabled?
{Mon 01:01:36 Step:675} Server_Comm.py: The agent lost 3 consecutive packets! Is syncmode disabled?
{Mon 01:01:36 Step:678} Server_Comm.py: The agent lost 2 consecutive packets! Is syncmode disabled?
{Mon 01:01:36 Step:679} Server_Comm.py: Received a new packet while thinking!
{Mon 01:01:36 Step:760} Server_Comm.py: The agent lost 80 consecutive packets! Is syncmode disabled?
{Mon 01:01:36 Step:769} Server_Comm.py: The agent lost 8 consecutive packets! Is syncmode disabled?
{Mon 01:01:36 Step:775} Server_Comm.py: The agent lost 5 consecutive packets! Is syncmode disabled?
{Mon 01:01:36 Step:779} Server_Comm.py: The agent lost 3 consecutive packets! Is syncmode disabled?
{Mon 01:01:36 Step:782} Server_Comm.py: The agent lost 2 consecutive packets! Is syncmode disabled?
{Mon 01:01:36 Step:785} Server_Comm.py: The agent lost 1 packet! Is syncmode enabled?
{Mon 01:01:36 Step:789} Server_Comm.py: The agent lost 3 consecutive packets! Is syncmode disabled?
{Mon 01:01:36 Step:793} Server_Comm.py: The agent lost 3 consecutive packets! Is syncmode disabled?
{Mon 01:01:36 Step:795} Server_Comm.py: The agent lost 1 packet! Is syncmode enabled?
{Mon 01:01:36 Step:799} Server_Comm.py: The agent lost 3 consecutive packets! Is syncmode disabled?
{Mon 01:01:36 Step:801} Server_Comm.py: The agent lost 1 packet! Is syncmode enabled?
{Mon 01:01:36 Step:825} Server_Comm.py: The agent lost 1 packet! Is syncmode enabled?
{Mon 01:01:36 Step:849} Server_Comm.py: The agent lost 1 packet! Is syncmode enabled?
{Mon 01:01:36 Step:857} Server_Comm.py: The agent lost 1 packet! Is syncmode enabled?
{Mon 01:01:36 Step:859} Server_Comm.py: The agent lost 1 packet! Is syncmode enabled?
{Mon 01:01:36 Step:869} Server_Comm.py: The agent lost 1 packet! Is syncmode enabled?
{Mon 01:01:36 Step:871} Server_Comm.py: The agent lost 1 packet! Is syncmode enabled?
{Mon 01:01:36 Step:873} Server_Comm.py: The agent lost 1 packet! Is syncmode enabled?
{Mon 01:01:36 Step:876} Server_Comm.py: The agent lost 2 consecutive packets! Is syncmode disabled?
{Mon 01:01:36 Step:878} Server_Comm.py: The agent lost 1 packet! Is syncmode enabled?
{Mon 01:01:36 Step:880} Server_Comm.py: The agent lost 1 packet! Is syncmode enabled?
{Mon 01:01:36 Step:883} Server_Comm.py: The agent lost 2 consecutive packets! Is syncmode disabled?
{Mon 01:01:36 Step:886} Server_Comm.py: The agent lost 1 packet! Is syncmode enabled?
{Mon 01:01:36 Step:889} Server_Comm.py: The agent lost 2 consecutive packets! Is syncmode disabled?
{Mon 01:01:36 Step:892} Server_Comm.py: The agent lost 2 consecutive packets! Is syncmode disabled?
{Mon 01:01:36 Step:896} Server_Comm.py: The agent lost 3 consecutive packets! Is syncmode disabled?
{Mon 01:01:36 Step:901} Server_Comm.py: The agent lost 4 consecutive packets! Is syncmode disabled?
{Mon 01:01:36 Step:908} Server_Comm.py: The agent lost 6 consecutive packets! Is syncmode disabled?
{Mon 01:01:36 Step:913} Server_Comm.py: The agent lost 4 consecutive packets! Is syncmode disabled?
{Mon 01:01:36 Step:925} Server_Comm.py: The agent lost 11 consecutive packets! Is syncmode disabled?
{Mon 01:01:36 Step:931} Server_Comm.py: The agent lost 5 consecutive packets! Is syncmode disabled?
{Mon 01:01:36 Step:935} Server_Comm.py: The agent lost 3 consecutive packets! Is syncmode disabled?
{Mon 01:01:36 Step:939} Server_Comm.py: The agent lost 3 consecutive packets! Is syncmode disabled?
{Mon 01:01:36 Step:942} Server_Comm.py: The agent lost 2 consecutive packets! Is syncmode disabled?
{Mon 01:01:36 Step:944} Server_Comm.py: The agent lost 1 packet! Is syncmode enabled?
{Mon 01:01:36 Step:947} Server_Comm.py: The agent lost 1 packet! Is syncmode enabled?
{Mon 01:01:36 Step:950} Server_Comm.py: The agent lost 2 consecutive packets! Is syncmode disabled?
{Mon 01:01:36 Step:953} Server_Comm.py: The agent lost 1 packet! Is syncmode enabled?
{Mon 01:01:36 Step:957} Server_Comm.py: The agent lost 3 consecutive packets! Is syncmode disabled?
{Mon 01:01:36 Step:960} Server_Comm.py: The agent lost 2 consecutive packets! Is syncmode disabled?
{Mon 01:01:36 Step:964} Server_Comm.py: The agent lost 2 consecutive packets! Is syncmode disabled?
{Mon 01:01:36 Step:968} Server_Comm.py: The agent lost 2 consecutive packets! Is syncmode disabled?
{Mon 01:01:36 Step:970} Server_Comm.py: The agent lost 1 packet! Is syncmode enabled?
{Mon 01:01:36 Step:974} Server_Comm.py: The agent lost 2 consecutive packets! Is syncmode disabled?
{Mon 01:01:36 Step:978} Server_Comm.py: The agent lost 2 consecutive packets! Is syncmode disabled?
{Mon 01:01:36 Step:980} Server_Comm.py: The agent lost 1 packet! Is syncmode enabled?
{Mon 01:01:36 Step:983} Server_Comm.py: The agent lost 1 packet! Is syncmode enabled?
{Mon 01:01:36 Step:985} Server_Comm.py: The agent lost 1 packet! Is syncmode enabled?
{Mon 01:01:36 Step:988} Server_Comm.py: The agent lost 2 consecutive packets! Is syncmode disabled?
{Mon 01:01:36 Step:992} Server_Comm.py: The agent lost 2 consecutive packets! Is syncmode disabled?
{Mon 01:01:36 Step:994} Server_Comm.py: The agent lost 1 packet! Is syncmode enabled?
{Mon 01:01:36 Step:996} Server_Comm.py: The agent lost 1 packet! Is syncmode enabled?
{Mon 01:01:36 Step:1000} Server_Comm.py: The agent lost 2 consecutive packets! Is syncmode disabled?
{Mon 01:01:36 Step:1005} Server_Comm.py: The agent lost 1 packet! Is syncmode enabled?
{Mon 01:01:36 Step:1019} Server_Comm.py: The agent lost 1 packet! Is syncmode enabled?
{Mon 01:01:36 Step:1033} Server_Comm.py: The agent lost 2 consecutive packets! Is syncmode disabled?
{Mon 01:01:36 Step:1035} Server_Comm.py: The agent lost 1 packet! Is syncmode enabled?
{Mon 01:01:36 Step:1062} Server_Comm.py: The agent lost 2 consecutive packets! Is syncmode disabled?
{Mon 01:01:36 Step:1064} Server_Comm.py: The agent lost 1 packet! Is syncmode enabled?
{Mon 01:01:36 Step:1069} Server_Comm.py: The agent lost 4 consecutive packets! Is syncmode disabled?
{Mon 01:01:36 Step:1074} Server_Comm.py: The agent lost 4 consecutive packets! Is syncmode disabled?
{Mon 01:01:36 Step:1077} Server_Comm.py: The agent lost 2 consecutive packets! Is syncmode disabled?
{Mon 01:01:36 Step:1081} Server_Comm.py: The agent lost 3 consecutive packets! Is syncmode disabled?
{Mon 01:01:36 Step:1084} Server_Comm.py: The agent lost 2 consecutive packets! Is syncmode disabled?
{Mon 01:01:36 Step:1086} Server_Comm.py: The agent lost 1 packet! Is syncmode enabled?
{Mon 01:01:36 Step:1088} Server_Comm.py: The agent lost 1 packet! Is syncmode enabled?
{Mon 01:01:36 Step:1092} Server_Comm.py: The agent lost 2 consecutive packets! Is syncmode disabled?
{Mon 01:01:36 Step:1096} Server_Comm.py: The agent lost 2 consecutive packets! Is syncmode disabled?
{Mon 01:01:36 Step:1098} Server_Comm.py: The agent lost 1 packet! Is syncmode enabled?
{Mon 01:01:36 Step:1100} Server_Comm.py: The agent lost 1 packet! Is syncmode enabled?
{Mon 01:01:36 Step:1105} Server_Comm.py: The agent lost 3 consecutive packets! Is syncmode disabled?
{Mon 01:01:36 Step:1109} Server_Comm.py: The agent lost 3 consecutive packets! Is syncmode disabled?
{Mon 01:01:36 Step:1113} Server_Comm.py: The agent lost 3 consecutive packets! Is syncmode disabled?
{Mon 01:01:36 Step:1117} Server_Comm.py: The agent lost 3 consecutive packets! Is syncmode disabled?
{Mon 01:01:36 Step:1120} Server_Comm.py: The agent lost 2 consecutive packets! Is syncmode disabled?
{Mon 01:01:36 Step:1122} Server_Comm.py: The agent lost 1 packet! Is syncmode enabled?
{Mon 01:01:36 Step:1126} Server_Comm.py: The agent lost 2 consecutive packets! Is syncmode disabled?
{Mon 01:01:36 Step:1129} Server_Comm.py: The agent lost 1 packet! Is syncmode enabled?
{Mon 01:01:36 Step:1133} Server_Comm.py: The agent lost 3 consecutive packets! Is syncmode disabled?
{Mon 01:01:36 Step:1137} Server_Comm.py: The agent lost 3 consecutive packets! Is syncmode disabled?
{Mon 01:01:36 Step:1141} Server_Comm.py: The agent lost 3 consecutive packets! Is syncmode disabled?
{Mon 01:01:36 Step:1143} Server_Comm.py: The agent lost 1 packet! Is syncmode enabled?
{Mon 01:01:36 Step:1161} Server_Comm.py: The agent lost 1 packet! Is syncmode enabled?
{Mon 01:01:36 Step:1165} Server_Comm.py: The agent lost 2 consecutive packets! Is syncmode disabled?
{Mon 01:01:36 Step:1167} Server_Comm.py: The agent lost 1 packet! Is syncmode enabled?
{Mon 01:01:36 Step:1175} Server_Comm.py: The agent lost 1 packet! Is syncmode enabled?
{Mon 01:01:36 Step:1178} Server_Comm.py: The agent lost 1 packet! Is syncmode enabled?
{Mon 01:01:36 Step:1207} Server_Comm.py: The agent lost 1 packet! Is syncmode enabled?
{Mon 01:01:36 Step:1213} Server_Comm.py: The agent lost 1 packet! Is syncmode enabled?
{Mon 01:01:36 Step:1217} Server_Comm.py: The agent lost 3 consecutive packets! Is syncmode disabled?
{Mon 01:01:36 Step:1225} Server_Comm.py: The agent lost 7 consecutive packets! Is syncmode disabled?
{Mon 01:01:36 Step:1230} Server_Comm.py: The agent lost 4 consecutive packets! Is syncmode disabled?
{Mon 01:01:36 Step:1232} Server_Comm.py: The agent lost 1 packet! Is syncmode enabled?
{Mon 01:01:36 Step:1234} Server_Comm.py: The agent lost 1 packet! Is syncmode enabled?
{Mon 01:01:36 Step:1237} Server_Comm.py: The agent lost 1 packet! Is syncmode enabled?
{Mon 01:01:36 Step:1240} Server_Comm.py: The agent lost 2 consecutive packets! Is syncmode disabled?
{Mon 01:01:36 Step:1242} Server_Comm.py: The agent lost 1 packet! Is syncmode enabled?
{Mon 01:01:36 Step:1244} Server_Comm.py: The agent lost 1 packet! Is syncmode enabled?
{Mon 01:01:36 Step:1248} Server_Comm.py: The agent lost 2 consecutive packets! Is syncmode disabled?
{Mon 01:01:36 Step:1252} Server_Comm.py: The agent lost 2 consecutive packets! Is syncmode disabled?
{Mon 01:01:36 Step:1256} Server_Comm.py: The agent lost 2 consecutive packets! Is syncmode disabled?
{Mon 01:01:36 Step:1258} Server_Comm.py: The agent lost 1 packet! Is syncmode enabled?
{Mon 01:01:36 Step:1260} Server_Comm.py: The agent lost 1 packet! Is syncmode enabled?
{Mon 01:01:36 Step:1265} Server_Comm.py: The agent lost 3 consecutive packets! Is syncmode disabled?
{Mon 01:01:36 Step:1268} Server_Comm.py: The agent lost 2 consecutive packets! Is syncmode disabled?
{Mon 01:01:36 Step:1270} Server_Comm.py: The agent lost 1 packet! Is syncmode enabled?
{Mon 01:01:36 Step:1272} Server_Comm.py: The agent lost 1 packet! Is syncmode enabled?
{Mon 01:01:36 Step:1276} Server_Comm.py: The agent lost 2 consecutive packets! Is syncmode disabled?
{Mon 01:01:36 Step:1278} Server_Comm.py: The agent lost 1 packet! Is syncmode enabled?
{Mon 01:01:36 Step:1282} Server_Comm.py: The agent lost 2 consecutive packets! Is syncmode disabled?
{Mon 01:01:36 Step:1287} Server_Comm.py: The agent lost 1 packet! Is syncmode enabled?
{Mon 01:01:36 Step:1334} Server_Comm.py: The agent lost 1 packet! Is syncmode enabled?
{Mon 01:01:36 Step:1336} Server_Comm.py: The agent lost 1 packet! Is syncmode enabled?
{Mon 01:01:36 Step:1344} Server_Comm.py: The agent lost 1 packet! Is syncmode enabled?
{Mon 01:01:36 Step:1350} Server_Comm.py: The agent lost 2 consecutive packets! Is syncmode disabled?
{Mon 01:01:36 Step:1354} Server_Comm.py: The agent lost 2 consecutive packets! Is syncmode disabled?
{Mon 01:01:36 Step:1360} Server_Comm.py: The agent lost 5 consecutive packets! Is syncmode disabled?
{Mon 01:01:36 Step:1364} Server_Comm.py: The agent lost 3 consecutive packets! Is syncmode disabled?
{Mon 01:01:36 Step:1366} Server_Comm.py: The agent lost 1 packet! Is syncmode enabled?
{Mon 01:01:36 Step:1368} Server_Comm.py: The agent lost 1 packet! Is syncmode enabled?
{Mon 01:01:36 Step:1370} Server_Comm.py: The agent lost 1 packet! Is syncmode enabled?
{Mon 01:01:36 Step:1374} Server_Comm.py: The agent lost 2 consecutive packets! Is syncmode disabled?
{Mon 01:01:36 Step:1376} Server_Comm.py: The agent lost 1 packet! Is syncmode enabled?
{Mon 01:01:36 Step:1378} Server_Comm.py: The agent lost 1 packet! Is syncmode enabled?
{Mon 01:01:36 Step:1380} Server_Comm.py: The agent lost 1 packet! Is syncmode enabled?
{Mon 01:01:36 Step:1384} Server_Comm.py: The agent lost 2 consecutive packets! Is syncmode disabled?
{Mon 01:01:36 Step:1384} Server_Comm.py: Received a new packet while thinking!
{Mon 01:01:37 Step:1550} Server_Comm.py: The agent lost 165 consecutive packets! Is syncmode disabled?
{Mon 01:01:37 Step:1561} Server_Comm.py: The agent lost 10 consecutive packets! Is syncmode disabled?
{Mon 01:01:37 Step:1565} Server_Comm.py: The agent lost 3 consecutive packets! Is syncmode disabled?
{Mon 01:01:37 Step:1568} Server_Comm.py: The agent lost 2 consecutive packets! Is syncmode disabled?
{Mon 01:01:37 Step:1570} Server_Comm.py: The agent lost 1 packet! Is syncmode enabled?
{Mon 01:01:37 Step:1573} Server_Comm.py: The agent lost 1 packet! Is syncmode enabled?
{Mon 01:01:37 Step:1576} Server_Comm.py: The agent lost 2 consecutive packets! Is syncmode disabled?
{Mon 01:01:37 Step:1580} Server_Comm.py: The agent lost 2 consecutive packets! Is syncmode disabled?
{Mon 01:01:37 Step:1580} Server_Comm.py: Received a new packet while thinking!
{Mon 01:01:37 Step:1691} Server_Comm.py: The agent lost 110 consecutive packets! Is syncmode disabled?
{Mon 01:01:37 Step:1701} Server_Comm.py: The agent lost 9 consecutive packets! Is syncmode disabled?
{Mon 01:01:37 Step:1704} Server_Comm.py: The agent lost 2 consecutive packets! Is syncmode disabled?
{Mon 01:01:37 Step:1706} Server_Comm.py: The agent lost 1 packet! Is syncmode enabled?
{Mon 01:01:37 Step:1709} Server_Comm.py: The agent lost 1 packet! Is syncmode enabled?
{Mon 01:01:37 Step:1721} Server_Comm.py: The agent lost 1 packet! Is syncmode enabled?
{Mon 01:01:37 Step:1723} Server_Comm.py: The agent lost 1 packet! Is syncmode enabled?
{Mon 01:01:37 Step:1727} Server_Comm.py: The agent lost 1 packet! Is syncmode enabled?
{Mon 01:01:37 Step:1733} Server_Comm.py: The agent lost 1 packet! Is syncmode enabled?
{Mon 01:01:37 Step:1739} Server_Comm.py: The agent lost 1 packet! Is syncmode enabled?
{Mon 01:01:37 Step:1770} Server_Comm.py: The agent lost 1 packet! Is syncmode enabled?
{Mon 01:01:37 Step:1781} Server_Comm.py: The agent lost 1 packet! Is syncmode enabled?
{Mon 01:01:37 Step:1787} Server_Comm.py: The agent lost 1 packet! Is syncmode enabled?
{Mon 01:01:37 Step:1797} Server_Comm.py: The agent lost 1 packet! Is syncmode enabled?
{Mon 01:01:37 Step:1799} Server_Comm.py: The agent lost 1 packet! Is syncmode enabled?
{Mon 01:01:37 Step:1802} Server_Comm.py: The agent lost 2 consecutive packets! Is syncmode disabled?
{Mon 01:01:37 Step:1804} Server_Comm.py: The agent lost 1 packet! Is syncmode enabled?
{Mon 01:01:37 Step:1806} Server_Comm.py: The agent lost 1 packet! Is syncmode enabled?
{Mon 01:01:37 Step:1813} Server_Comm.py: The agent lost 6 consecutive packets! Is syncmode disabled?
{Mon 01:01:37 Step:1817} Server_Comm.py: The agent lost 3 consecutive packets! Is syncmode disabled?
{Mon 01:01:37 Step:1822} Server_Comm.py: The agent lost 4 consecutive packets! Is syncmode disabled?
{Mon 01:01:37 Step:1824} Server_Comm.py: The agent lost 1 packet! Is syncmode enabled?
{Mon 01:01:37 Step:1827} Server_Comm.py: The agent lost 1 packet! Is syncmode enabled?
{Mon 01:01:37 Step:1830} Server_Comm.py: The agent lost 2 consecutive packets! Is syncmode disabled?
{Mon 01:01:37 Step:1832} Server_Comm.py: The agent lost 1 packet! Is syncmode enabled?
{Mon 01:01:37 Step:1837} Server_Comm.py: The agent lost 3 consecutive packets! Is syncmode disabled?
{Mon 01:01:37 Step:1840} Server_Comm.py: The agent lost 2 consecutive packets! Is syncmode disabled?
{Mon 01:01:37 Step:1840} Server_Comm.py: Received a new packet while thinking!
{Mon 01:01:37 Step:2043} Server_Comm.py: The agent lost 202 consecutive packets! Is syncmode disabled?
{Mon 01:01:37 Step:2043} Server_Comm.py: Received a new packet while on world.update()!
{Mon 01:01:37 Step:2044} Server_Comm.py: Received a new packet while on world.update()!
{Mon 01:01:37 Step:2045} Server_Comm.py: Received a new packet while on world.update()!
{Mon 01:01:37 Step:2046} Server_Comm.py: Received a new packet while on world.update()!
{Mon 01:01:37 Step:2047} Server_Comm.py: Received a new packet while on world.update()!
{Mon 01:01:37 Step:2048} Server_Comm.py: Received a new packet while on world.update()!
{Mon 01:01:37 Step:2049} Server_Comm.py: Received a new packet while thinking!
{Mon 01:01:37 Step:2050} Server_Comm.py: Received a new packet while thinking!
{Mon 01:01:37 Step:2059} Server_Comm.py: The agent lost 1 packet! Is syncmode enabled?
{Mon 01:01:37 Step:2089} Server_Comm.py: The agent lost 1 packet! Is syncmode enabled?
{Mon 01:01:37 Step:2111} Server_Comm.py: The agent lost 1 packet! Is syncmode enabled?
{Mon 01:01:37 Step:2113} Server_Comm.py: The agent lost 1 packet! Is syncmode enabled?
{Mon 01:01:37 Step:2136} Server_Comm.py: The agent lost 1 packet! Is syncmode enabled?
{Mon 01:01:37 Step:2138} Server_Comm.py: The agent lost 1 packet! Is syncmode enabled?
{Mon 01:01:37 Step:2141} Server_Comm.py: The agent lost 2 consecutive packets! Is syncmode disabled?
{Mon 01:01:37 Step:2144} Server_Comm.py: The agent lost 2 consecutive packets! Is syncmode disabled?
{Mon 01:01:37 Step:2146} Server_Comm.py: The agent lost 1 packet! Is syncmode enabled?
{Mon 01:01:37 Step:2148} Server_Comm.py: The agent lost 1 packet! Is syncmode enabled?
{Mon 01:01:37 Step:2154} Server_Comm.py: The agent lost 4 consecutive packets! Is syncmode disabled?
{Mon 01:01:37 Step:2157} Server_Comm.py: The agent lost 2 consecutive packets! Is syncmode disabled?
{Mon 01:01:37 Step:2162} Server_Comm.py: The agent lost 4 consecutive packets! Is syncmode disabled?
{Mon 01:01:37 Step:2173} Server_Comm.py: The agent lost 10 consecutive packets! Is syncmode disabled?
{Mon 01:01:37 Step:2178} Server_Comm.py: The agent lost 4 consecutive packets! Is syncmode disabled?
{Mon 01:01:37 Step:2180} Server_Comm.py: The agent lost 1 packet! Is syncmode enabled?
{Mon 01:01:37 Step:2184} Server_Comm.py: The agent lost 2 consecutive packets! Is syncmode disabled?
{Mon 01:01:37 Step:2186} Server_Comm.py: The agent lost 1 packet! Is syncmode enabled?
{Mon 01:01:37 Step:2188} Server_Comm.py: The agent lost 1 packet! Is syncmode enabled?
{Mon 01:01:37 Step:2191} Server_Comm.py: The agent lost 1 packet! Is syncmode enabled?
{Mon 01:01:37 Step:2194} Server_Comm.py: The agent lost 2 consecutive packets! Is syncmode disabled?
{Mon 01:01:37 Step:2198} Server_Comm.py: The agent lost 2 consecutive packets! Is syncmode disabled?
{Mon 01:01:37 Step:2202} Server_Comm.py: The agent lost 2 consecutive packets! Is syncmode disabled?
{Mon 01:01:37 Step:2206} Server_Comm.py: The agent lost 2 consecutive packets! Is syncmode disabled?
{Mon 01:01:37 Step:2210} Server_Comm.py: The agent lost 2 consecutive packets! Is syncmode disabled?
{Mon 01:01:37 Step:2214} Server_Comm.py: The agent lost 2 consecutive packets! Is syncmode disabled?
{Mon 01:01:37 Step:2218} Server_Comm.py: The agent lost 2 consecutive packets! Is syncmode disabled?
{Mon 01:01:37 Step:2220} Server_Comm.py: The agent lost 1 packet! Is syncmode enabled?
{Mon 01:01:37 Step:2224} Server_Comm.py: The agent lost 2 consecutive packets! Is syncmode disabled?
{Mon 01:01:37 Step:2227} Server_Comm.py: The agent lost 1 packet! Is syncmode enabled?
{Mon 01:01:37 Step:2229} Server_Comm.py: The agent lost 1 packet! Is syncmode enabled?
{Mon 01:01:37 Step:2231} Server_Comm.py: The agent lost 1 packet! Is syncmode enabled?
{Mon 01:01:37 Step:2233} Server_Comm.py: The agent lost 1 packet! Is syncmode enabled?
{Mon 01:01:37 Step:2236} Server_Comm.py: The agent lost 2 consecutive packets! Is syncmode disabled?
{Mon 01:01:37 Step:2239} Server_Comm.py: The agent lost 1 packet! Is syncmode enabled?
{Mon 01:01:37 Step:2242} Server_Comm.py: The agent lost 2 consecutive packets! Is syncmode disabled?
{Mon 01:01:37 Step:2244} Server_Comm.py: The agent lost 1 packet! Is syncmode enabled?
{Mon 01:01:37 Step:2247} Server_Comm.py: The agent lost 1 packet! Is syncmode enabled?
{Mon 01:01:37 Step:2249} Server_Comm.py: The agent lost 1 packet! Is syncmode enabled?
{Mon 01:01:37 Step:2276} Server_Comm.py: The agent lost 1 packet! Is syncmode enabled?
{Mon 01:01:37 Step:2299} Server_Comm.py: The agent lost 1 packet! Is syncmode enabled?
{Mon 01:01:37 Step:2302} Server_Comm.py: The agent lost 2 consecutive packets! Is syncmode disabled?
{Mon 01:01:37 Step:2305} Server_Comm.py: The agent lost 1 packet! Is syncmode enabled?
{Mon 01:01:37 Step:2311} Server_Comm.py: The agent lost 5 consecutive packets! Is syncmode disabled?
{Mon 01:01:37 Step:2314} Server_Comm.py: The agent lost 2 consecutive packets! Is syncmode disabled?
{Mon 01:01:37 Step:2316} Server_Comm.py: The agent lost 1 packet! Is syncmode enabled?
{Mon 01:01:37 Step:2320} Server_Comm.py: The agent lost 2 consecutive packets! Is syncmode disabled?
{Mon 01:01:37 Step:2323} Server_Comm.py: The agent lost 1 packet! Is syncmode enabled?
{Mon 01:01:37 Step:2325} Server_Comm.py: The agent lost 1 packet! Is syncmode enabled?
{Mon 01:01:37 Step:2327} Server_Comm.py: The agent lost 1 packet! Is syncmode enabled?
{Mon 01:01:37 Step:2330} Server_Comm.py: The agent lost 2 consecutive packets! Is syncmode disabled?
{Mon 01:01:37 Step:2332} Server_Comm.py: The agent lost 1 packet! Is syncmode enabled?
{Mon 01:01:37 Step:2335} Server_Comm.py: The agent lost 1 packet! Is syncmode enabled?
{Mon 01:01:37 Step:2338} Server_Comm.py: The agent lost 2 consecutive packets! Is syncmode disabled?
{Mon 01:01:37 Step:2340} Server_Comm.py: The agent lost 1 packet! Is syncmode enabled?
{Mon 01:01:37 Step:2342} Server_Comm.py: The agent lost 1 packet! Is syncmode enabled?
{Mon 01:01:37 Step:2344} Server_Comm.py: The agent lost 1 packet! Is syncmode enabled?
{Mon 01:01:37 Step:2346} Server_Comm.py: The agent lost 1 packet! Is syncmode enabled?
{Mon 01:01:37 Step:2348} Server_Comm.py: The agent lost 1 packet! Is syncmode enabled?
{Mon 01:01:37 Step:2351} Server_Comm.py: The agent lost 1 packet! Is syncmode enabled?
{Mon 01:01:37 Step:2354} Server_Comm.py: The agent lost 2 consecutive packets! Is syncmode disabled?
{Mon 01:01:37 Step:2356} Server_Comm.py: The agent lost 1 packet! Is syncmode enabled?
{Mon 01:01:37 Step:2358} Server_Comm.py: The agent lost 1 packet! Is syncmode enabled?
{Mon 01:01:37 Step:2360} Server_Comm.py: The agent lost 1 packet! Is syncmode enabled?
{Mon 01:01:37 Step:2362} Server_Comm.py: The agent lost 1 packet! Is syncmode enabled?
{Mon 01:01:37 Step:2364} Server_Comm.py: The agent lost 1 packet! Is syncmode enabled?
{Mon 01:01:37 Step:2369} Server_Comm.py: The agent lost 1 packet! Is syncmode enabled?
{Mon 01:01:37 Step:2381} Server_Comm.py: The agent lost 1 packet! Is syncmode enabled?
{Mon 01:01:37 Step:2383} Server_Comm.py: The agent lost 1 packet! Is syncmode enabled?
{Mon 01:01:37 Step:2407} Server_Comm.py: The agent lost 1 packet! Is syncmode enabled?
{Mon 01:01:37 Step:2411} Server_Comm.py: The agent lost 1 packet! Is syncmode enabled?
{Mon 01:01:37 Step:2421} Server_Comm.py: The agent lost 1 packet! Is syncmode enabled?
{Mon 01:01:37 Step:2425} Server_Comm.py: The agent lost 1 packet! Is syncmode enabled?
{Mon 01:01:37 Step:2436} Server_Comm.py: The agent lost 2 consecutive packets! Is syncmode disabled?
{Mon 01:01:37 Step:2438} Server_Comm.py: The agent lost 1 packet! Is syncmode enabled?
{Mon 01:01:37 Step:2440} Server_Comm.py: The agent lost 1 packet! Is syncmode enabled?
{Mon 01:01:37 Step:2446} Server_Comm.py: The agent lost 5 consecutive packets! Is syncmode disabled?
{Mon 01:01:37 Step:2448} Server_Comm.py: The agent lost 1 packet! Is syncmode enabled?
{Mon 01:01:37 Step:2452} Server_Comm.py: The agent lost 2 consecutive packets! Is syncmode disabled?
{Mon 01:01:37 Step:2455} Server_Comm.py: The agent lost 1 packet! Is syncmode enabled?
{Mon 01:01:37 Step:2458} Server_Comm.py: The agent lost 2 consecutive packets! Is syncmode disabled?
{Mon 01:01:37 Step:2462} Server_Comm.py: The agent lost 2 consecutive packets! Is syncmode disabled?
{Mon 01:01:37 Step:2467} Server_Comm.py: The agent lost 3 consecutive packets! Is syncmode disabled?
{Mon 01:01:37 Step:2471} Server_Comm.py: The agent lost 3 consecutive packets! Is syncmode disabled?
{Mon 01:01:37 Step:2475} Server_Comm.py: The agent lost 3 consecutive packets! Is syncmode disabled?
{Mon 01:01:37 Step:2478} Server_Comm.py: The agent lost 2 consecutive packets! Is syncmode disabled?
{Mon 01:01:37 Step:2480} Server_Comm.py: The agent lost 1 packet! Is syncmode enabled?
{Mon 01:01:37 Step:2489} Server_Comm.py: The agent lost 1 packet! Is syncmode enabled?
{Mon 01:01:37 Step:2493} Server_Comm.py: The agent lost 1 packet! Is syncmode enabled?
{Mon 01:01:37 Step:2501} Server_Comm.py: The agent lost 1 packet! Is syncmode enabled?
{Mon 01:01:37 Step:2518} Server_Comm.py: The agent lost 1 packet! Is syncmode enabled?
{Mon 01:01:37 Step:2521} Server_Comm.py: The agent lost 1 packet! Is syncmode enabled?
{Mon 01:01:37 Step:2543} Server_Comm.py: The agent lost 1 packet! Is syncmode enabled?
{Mon 01:01:37 Step:2546} Server_Comm.py: The agent lost 2 consecutive packets! Is syncmode disabled?
{Mon 01:01:37 Step:2548} Server_Comm.py: The agent lost 1 packet! Is syncmode enabled?
{Mon 01:01:37 Step:2567} Server_Comm.py: The agent lost 1 packet! Is syncmode enabled?
{Mon 01:01:37 Step:2570} Server_Comm.py: The agent lost 2 consecutive packets! Is syncmode disabled?
{Mon 01:01:37 Step:2572} Server_Comm.py: The agent lost 1 packet! Is syncmode enabled?
{Mon 01:01:37 Step:2578} Server_Comm.py: The agent lost 5 consecutive packets! Is syncmode disabled?
{Mon 01:01:37 Step:2580} Server_Comm.py: The agent lost 1 packet! Is syncmode enabled?
{Mon 01:01:37 Step:2582} Server_Comm.py: The agent lost 1 packet! Is syncmode enabled?
{Mon 01:01:37 Step:2584} Server_Comm.py: The agent lost 1 packet! Is syncmode enabled?
{Mon 01:01:37 Step:2588} Server_Comm.py: The agent lost 2 consecutive packets! Is syncmode disabled?
{Mon 01:01:37 Step:2591} Server_Comm.py: The agent lost 1 packet! Is syncmode enabled?
{Mon 01:01:37 Step:2594} Server_Comm.py: The agent lost 2 consecutive packets! Is syncmode disabled?
{Mon 01:01:37 Step:2596} Server_Comm.py: The agent lost 1 packet! Is syncmode enabled?
{Mon 01:01:37 Step:2598} Server_Comm.py: The agent lost 1 packet! Is syncmode enabled?
{Mon 01:01:37 Step:2601} Server_Comm.py: The agent lost 1 packet! Is syncmode enabled?
{Mon 01:01:37 Step:2603} Server_Comm.py: The agent lost 1 packet! Is syncmode enabled?
{Mon 01:01:37 Step:2605} Server_Comm.py: The agent lost 1 packet! Is syncmode enabled?
{Mon 01:01:37 Step:2608} Server_Comm.py: The agent lost 2 consecutive packets! Is syncmode disabled?
{Mon 01:01:37 Step:2611} Server_Comm.py: The agent lost 1 packet! Is syncmode enabled?
{Mon 01:01:37 Step:2613} Server_Comm.py: The agent lost 1 packet! Is syncmode enabled?
{Mon 01:01:37 Step:2616} Server_Comm.py: The agent lost 2 consecutive packets! Is syncmode disabled?
{Mon 01:01:37 Step:2618} Server_Comm.py: The agent lost 1 packet! Is syncmode enabled?
{Mon 01:01:37 Step:2620} Server_Comm.py: The agent lost 1 packet! Is syncmode enabled?
{Mon 01:01:37 Step:2624} Server_Comm.py: The agent lost 2 consecutive packets! Is syncmode disabled?
{Mon 01:01:37 Step:2626} Server_Comm.py: The agent lost 1 packet! Is syncmode enabled?
{Mon 01:01:37 Step:2629} Server_Comm.py: The agent lost 1 packet! Is syncmode enabled?
{Mon 01:01:37 Step:2647} Server_Comm.py: The agent lost 1 packet! Is syncmode enabled?
{Mon 01:01:37 Step:2649} Server_Comm.py: The agent lost 1 packet! Is syncmode enabled?
{Mon 01:01:37 Step:2659} Server_Comm.py: The agent lost 1 packet! Is syncmode enabled?
{Mon 01:01:37 Step:2687} Server_Comm.py: The agent lost 1 packet! Is syncmode enabled?
{Mon 01:01:37 Step:2699} Server_Comm.py: The agent lost 1 packet! Is syncmode enabled?
{Mon 01:01:37 Step:2702} Server_Comm.py: The agent lost 2 consecutive packets! Is syncmode disabled?
{Mon 01:01:37 Step:2709} Server_Comm.py: The agent lost 6 consecutive packets! Is syncmode disabled?
{Mon 01:01:37 Step:2713} Server_Comm.py: The agent lost 3 consecutive packets! Is syncmode disabled?
{Mon 01:01:37 Step:2716} Server_Comm.py: The agent lost 2 consecutive packets! Is syncmode disabled?
{Mon 01:01:37 Step:2718} Server_Comm.py: The agent lost 1 packet! Is syncmode enabled?
{Mon 01:01:37 Step:2722} Server_Comm.py: The agent lost 2 consecutive packets! Is syncmode disabled?
{Mon 01:01:37 Step:2725} Server_Comm.py: The agent lost 1 packet! Is syncmode enabled?
{Mon 01:01:37 Step:2727} Server_Comm.py: The agent lost 1 packet! Is syncmode enabled?
{Mon 01:01:37 Step:2731} Server_Comm.py: The agent lost 3 consecutive packets! Is syncmode disabled?
{Mon 01:01:37 Step:2733} Server_Comm.py: The agent lost 1 packet! Is syncmode enabled?
{Mon 01:01:37 Step:2735} Server_Comm.py: The agent lost 1 packet! Is syncmode enabled?
{Mon 01:01:37 Step:2737} Server_Comm.py: The agent lost 1 packet! Is syncmode enabled?
{Mon 01:01:37 Step:2739} Server_Comm.py: The agent lost 1 packet! Is syncmode enabled?
{Mon 01:01:37 Step:2742} Server_Comm.py: The agent lost 2 consecutive packets! Is syncmode disabled?
{Mon 01:01:37 Step:2745} Server_Comm.py: The agent lost 1 packet! Is syncmode enabled?
{Mon 01:01:37 Step:2747} Server_Comm.py: The agent lost 1 packet! Is syncmode enabled?
{Mon 01:01:37 Step:2750} Server_Comm.py: The agent lost 2 consecutive packets! Is syncmode disabled?
{Mon 01:01:37 Step:2752} Server_Comm.py: The agent lost 1 packet! Is syncmode enabled?
{Mon 01:01:37 Step:2754} Server_Comm.py: The agent lost 1 packet! Is syncmode enabled?
{Mon 01:01:37 Step:2758} Server_Comm.py: The agent lost 2 consecutive packets! Is syncmode disabled?
{Mon 01:01:37 Step:2760} Server_Comm.py: The agent lost 1 packet! Is syncmode enabled?
{Mon 01:01:37 Step:2766} Server_Comm.py: The agent lost 2 consecutive packets! Is syncmode disabled?
{Mon 01:01:37 Step:2770} Server_Comm.py: The agent lost 2 consecutive packets! Is syncmode disabled?
{Mon 01:01:37 Step:2773} Server_Comm.py: The agent lost 1 packet! Is syncmode enabled?
{Mon 01:01:37 Step:2776} Server_Comm.py: The agent lost 2 consecutive packets! Is syncmode disabled?
{Mon 01:01:37 Step:2780} Server_Comm.py: The agent lost 2 consecutive packets! Is syncmode disabled?
{Mon 01:01:37 Step:2782} Server_Comm.py: The agent lost 1 packet! Is syncmode enabled?
{Mon 01:01:37 Step:2785} Server_Comm.py: The agent lost 1 packet! Is syncmode enabled?
{Mon 01:01:37 Step:2787} Server_Comm.py: The agent lost 1 packet! Is syncmode enabled?
{Mon 01:01:37 Step:2790} Server_Comm.py: The agent lost 2 consecutive packets! Is syncmode disabled?
{Mon 01:01:37 Step:2792} Server_Comm.py: The agent lost 1 packet! Is syncmode enabled?
{Mon 01:01:37 Step:2796} Server_Comm.py: The agent lost 2 consecutive packets! Is syncmode disabled?
{Mon 01:01:37 Step:2798} Server_Comm.py: The agent lost 1 packet! Is syncmode enabled?
{Mon 01:01:37 Step:2801} Server_Comm.py: The agent lost 1 packet! Is syncmode enabled?
{Mon 01:01:37 Step:2803} Server_Comm.py: The agent lost 1 packet! Is syncmode enabled?
{Mon 01:01:37 Step:2807} Server_Comm.py: The agent lost 3 consecutive packets! Is syncmode disabled?
{Mon 01:01:37 Step:2810} Server_Comm.py: The agent lost 2 consecutive packets! Is syncmode disabled?
{Mon 01:01:37 Step:2813} Server_Comm.py: The agent lost 1 packet! Is syncmode enabled?
{Mon 01:01:37 Step:2815} Server_Comm.py: The agent lost 1 packet! Is syncmode enabled?
{Mon 01:01:37 Step:2818} Server_Comm.py: The agent lost 2 consecutive packets! Is syncmode disabled?
{Mon 01:01:37 Step:2820} Server_Comm.py: The agent lost 1 packet! Is syncmode enabled?
{Mon 01:01:37 Step:2822} Server_Comm.py: The agent lost 1 packet! Is syncmode enabled?
{Mon 01:01:37 Step:2826} Server_Comm.py: The agent lost 2 consecutive packets! Is syncmode disabled?
{Mon 01:01:37 Step:2830} Server_Comm.py: The agent lost 2 consecutive packets! Is syncmode disabled?
{Mon 01:01:37 Step:2832} Server_Comm.py: The agent lost 1 packet! Is syncmode enabled?
{Mon 01:01:37 Step:2834} Server_Comm.py: The agent lost 1 packet! Is syncmode enabled?
{Mon 01:01:37 Step:2836} Server_Comm.py: The agent lost 1 packet! Is syncmode enabled?
{Mon 01:01:37 Step:2840} Server_Comm.py: The agent lost 2 consecutive packets! Is syncmode disabled?
{Mon 01:01:37 Step:2842} Server_Comm.py: The agent lost 1 packet! Is syncmode enabled?
{Mon 01:01:37 Step:2844} Server_Comm.py: The agent lost 1 packet! Is syncmode enabled?
{Mon 01:01:37 Step:2846} Server_Comm.py: The agent lost 1 packet! Is syncmode enabled?
{Mon 01:01:37 Step:2849} Server_Comm.py: The agent lost 1 packet! Is syncmode enabled?
{Mon 01:01:37 Step:2852} Server_Comm.py: The agent lost 2 consecutive packets! Is syncmode disabled?
{Mon 01:01:37 Step:2854} Server_Comm.py: The agent lost 1 packet! Is syncmode enabled?
{Mon 01:01:37 Step:2856} Server_Comm.py: The agent lost 1 packet! Is syncmode enabled?
{Mon 01:01:37 Step:2858} Server_Comm.py: The agent lost 1 packet! Is syncmode enabled?
{Mon 01:01:37 Step:2861} Server_Comm.py: The agent lost 1 packet! Is syncmode enabled?
{Mon 01:01:37 Step:2864} Server_Comm.py: The agent lost 2 consecutive packets! Is syncmode disabled?
{Mon 01:01:37 Step:2868} Server_Comm.py: The agent lost 2 consecutive packets! Is syncmode disabled?
{Mon 01:01:37 Step:2870} Server_Comm.py: The agent lost 1 packet! Is syncmode enabled?
{Mon 01:01:37 Step:2873} Server_Comm.py: The agent lost 1 packet! Is syncmode enabled?
{Mon 01:01:37 Step:2876} Server_Comm.py: The agent lost 2 consecutive packets! Is syncmode disabled?
{Mon 01:01:37 Step:2878} Server_Comm.py: The agent lost 1 packet! Is syncmode enabled?
{Mon 01:01:37 Step:2880} Server_Comm.py: The agent lost 1 packet! Is syncmode enabled?
{Mon 01:01:37 Step:2884} Server_Comm.py: The agent lost 2 consecutive packets! Is syncmode disabled?
{Mon 01:01:37 Step:2888} Server_Comm.py: The agent lost 2 consecutive packets! Is syncmode disabled?
{Mon 01:01:37 Step:2892} Server_Comm.py: The agent lost 2 consecutive packets! Is syncmode disabled?
{Mon 01:01:37 Step:2899} Server_Comm.py: The agent lost 5 consecutive packets! Is syncmode disabled?
{Mon 01:01:37 Step:2901} Server_Comm.py: The agent lost 1 packet! Is syncmode enabled?
{Mon 01:01:37 Step:2904} Server_Comm.py: The agent lost 2 consecutive packets! Is syncmode disabled?
{Mon 01:01:37 Step:2906} Server_Comm.py: The agent lost 1 packet! Is syncmode enabled?
{Mon 01:01:37 Step:2908} Server_Comm.py: The agent lost 1 packet! Is syncmode enabled?
{Mon 01:01:37 Step:2910} Server_Comm.py: The agent lost 1 packet! Is syncmode enabled?
{Mon 01:01:37 Step:2912} Server_Comm.py: The agent lost 1 packet! Is syncmode enabled?
{Mon 01:01:37 Step:2914} Server_Comm.py: The agent lost 1 packet! Is syncmode enabled?
{Mon 01:01:37 Step:2918} Server_Comm.py: The agent lost 2 consecutive packets! Is syncmode disabled?
{Mon 01:01:37 Step:2921} Server_Comm.py: The agent lost 1 packet! Is syncmode enabled?
{Mon 01:01:37 Step:2924} Server_Comm.py: The agent lost 2 consecutive packets! Is syncmode disabled?
{Mon 01:01:37 Step:2927} Server_Comm.py: The agent lost 1 packet! Is syncmode enabled?
{Mon 01:01:37 Step:2930} Server_Comm.py: The agent lost 2 consecutive packets! Is syncmode disabled?
{Mon 01:01:37 Step:2933} Server_Comm.py: The agent lost 1 packet! Is syncmode enabled?
{Mon 01:01:37 Step:2935} Server_Comm.py: The agent lost 1 packet! Is syncmode enabled?
{Mon 01:01:37 Step:2938} Server_Comm.py: The agent lost 2 consecutive packets! Is syncmode disabled?
{Mon 01:01:37 Step:2941} Server_Comm.py: The agent lost 1 packet! Is syncmode enabled?
{Mon 01:01:37 Step:2944} Server_Comm.py: The agent lost 2 consecutive packets! Is syncmode disabled?
{Mon 01:01:37 Step:2946} Server_Comm.py: The agent lost 1 packet! Is syncmode enabled?
{Mon 01:01:37 Step:2950} Server_Comm.py: The agent lost 2 consecutive packets! Is syncmode disabled?
{Mon 01:01:37 Step:2952} Server_Comm.py: The agent lost 1 packet! Is syncmode enabled?
{Mon 01:01:37 Step:2957} Server_Comm.py: The agent lost 3 consecutive packets! Is syncmode disabled?
{Mon 01:01:37 Step:2960} Server_Comm.py: The agent lost 2 consecutive packets! Is syncmode disabled?
{Mon 01:01:37 Step:2962} Server_Comm.py: The agent lost 1 packet! Is syncmode enabled?
{Mon 01:01:37 Step:2965} Server_Comm.py: The agent lost 1 packet! Is syncmode enabled?
{Mon 01:01:37 Step:2967} Server_Comm.py: The agent lost 1 packet! Is syncmode enabled?
{Mon 01:01:37 Step:2971} Server_Comm.py: The agent lost 3 consecutive packets! Is syncmode disabled?
{Mon 01:01:37 Step:2974} Server_Comm.py: The agent lost 2 consecutive packets! Is syncmode disabled?
{Mon 01:01:37 Step:2976} Server_Comm.py: The agent lost 1 packet! Is syncmode enabled?
{Mon 01:01:37 Step:2978} Server_Comm.py: The agent lost 1 packet! Is syncmode enabled?
{Mon 01:01:37 Step:2980} Server_Comm.py: The agent lost 1 packet! Is syncmode enabled?
{Mon 01:01:37 Step:2984} Server_Comm.py: The agent lost 2 consecutive packets! Is syncmode disabled?
{Mon 01:01:37 Step:2988} Server_Comm.py: The agent lost 2 consecutive packets! Is syncmode disabled?
{Mon 01:01:37 Step:2990} Server_Comm.py: The agent lost 1 packet! Is syncmode enabled?
{Mon 01:01:37 Step:2995} Server_Comm.py: The agent lost 3 consecutive packets! Is syncmode disabled?
{Mon 01:01:37 Step:2999} Server_Comm.py: The agent lost 3 consecutive packets! Is syncmode disabled?
{Mon 01:01:37 Step:3003} Server_Comm.py: The agent lost 3 consecutive packets! Is syncmode disabled?
{Mon 01:01:37 Step:3007} Server_Comm.py: The agent lost 3 consecutive packets! Is syncmode disabled?
{Mon 01:01:37 Step:3009} Server_Comm.py: The agent lost 1 packet! Is syncmode enabled?
{Mon 01:01:37 Step:3011} Server_Comm.py: The agent lost 1 packet! Is syncmode enabled?
{Mon 01:01:38 Step:3024} Server_Comm.py: The agent lost 1 packet! Is syncmode enabled?
{Mon 01:01:38 Step:3029} Server_Comm.py: The agent lost 1 packet! Is syncmode enabled?
{Mon 01:01:38 Step:3031} Server_Comm.py: The agent lost 1 packet! Is syncmode enabled?
{Mon 01:01:38 Step:3039} Server_Comm.py: The agent lost 1 packet! Is syncmode enabled?
{Mon 01:01:38 Step:3043} Server_Comm.py: The agent lost 1 packet! Is syncmode enabled?
{Mon 01:01:38 Step:3047} Server_Comm.py: The agent lost 1 packet! Is syncmode enabled?
{Mon 01:01:38 Step:3058} Server_Comm.py: The agent lost 2 consecutive packets! Is syncmode disabled?
{Mon 01:01:38 Step:3061} Server_Comm.py: The agent lost 1 packet! Is syncmode enabled?
{Mon 01:01:38 Step:3072} Server_Comm.py: The agent lost 10 consecutive packets! Is syncmode disabled?
{Mon 01:01:38 Step:3077} Server_Comm.py: The agent lost 4 consecutive packets! Is syncmode disabled?
{Mon 01:01:38 Step:3081} Server_Comm.py: The agent lost 3 consecutive packets! Is syncmode disabled?
{Mon 01:01:38 Step:3085} Server_Comm.py: The agent lost 3 consecutive packets! Is syncmode disabled?
{Mon 01:01:38 Step:3088} Server_Comm.py: The agent lost 2 consecutive packets! Is syncmode disabled?
{Mon 01:01:38 Step:3092} Server_Comm.py: The agent lost 2 consecutive packets! Is syncmode disabled?
{Mon 01:01:38 Step:3095} Server_Comm.py: The agent lost 1 packet! Is syncmode enabled?
{Mon 01:01:38 Step:3099} Server_Comm.py: The agent lost 3 consecutive packets! Is syncmode disabled?
{Mon 01:01:38 Step:3102} Server_Comm.py: The agent lost 2 consecutive packets! Is syncmode disabled?
{Mon 01:01:38 Step:3106} Server_Comm.py: The agent lost 2 consecutive packets! Is syncmode disabled?
{Mon 01:01:38 Step:3111} Server_Comm.py: The agent lost 1 packet! Is syncmode enabled?
{Mon 01:01:38 Step:3115} Server_Comm.py: The agent lost 3 consecutive packets! Is syncmode disabled?
{Mon 01:01:38 Step:3118} Server_Comm.py: The agent lost 2 consecutive packets! Is syncmode disabled?
{Mon 01:01:38 Step:3122} Server_Comm.py: The agent lost 2 consecutive packets! Is syncmode disabled?
{Mon 01:01:38 Step:3125} Server_Comm.py: The agent lost 1 packet! Is syncmode enabled?
{Mon 01:01:38 Step:3127} Server_Comm.py: The agent lost 1 packet! Is syncmode enabled?
{Mon 01:01:38 Step:3130} Server_Comm.py: The agent lost 2 consecutive packets! Is syncmode disabled?
{Mon 01:01:38 Step:3133} Server_Comm.py: The agent lost 1 packet! Is syncmode enabled?
{Mon 01:01:38 Step:3136} Server_Comm.py: The agent lost 2 consecutive packets! Is syncmode disabled?
{Mon 01:01:38 Step:3138} Server_Comm.py: The agent lost 1 packet! Is syncmode enabled?
{Mon 01:01:38 Step:3140} Server_Comm.py: The agent lost 1 packet! Is syncmode enabled?
{Mon 01:01:38 Step:3143} Server_Comm.py: The agent lost 1 packet! Is syncmode enabled?
{Mon 01:01:38 Step:3146} Server_Comm.py: The agent lost 2 consecutive packets! Is syncmode disabled?
{Mon 01:01:38 Step:3148} Server_Comm.py: The agent lost 1 packet! Is syncmode enabled?
{Mon 01:01:38 Step:3152} Server_Comm.py: The agent lost 2 consecutive packets! Is syncmode disabled?
{Mon 01:01:38 Step:3154} Server_Comm.py: The agent lost 1 packet! Is syncmode enabled?
{Mon 01:01:38 Step:3156} Server_Comm.py: The agent lost 1 packet! Is syncmode enabled?
{Mon 01:01:38 Step:3159} Server_Comm.py: The agent lost 1 packet! Is syncmode enabled?
{Mon 01:01:38 Step:3162} Server_Comm.py: The agent lost 2 consecutive packets! Is syncmode disabled?
{Mon 01:01:38 Step:3166} Server_Comm.py: The agent lost 2 consecutive packets! Is syncmode disabled?
{Mon 01:01:38 Step:3169} Server_Comm.py: The agent lost 1 packet! Is syncmode enabled?
{Mon 01:01:38 Step:3171} Server_Comm.py: The agent lost 1 packet! Is syncmode enabled?
{Mon 01:01:38 Step:3174} Server_Comm.py: The agent lost 2 consecutive packets! Is syncmode disabled?
{Mon 01:01:38 Step:3178} Server_Comm.py: The agent lost 2 consecutive packets! Is syncmode disabled?
{Mon 01:01:38 Step:3180} Server_Comm.py: The agent lost 1 packet! Is syncmode enabled?
{Mon 01:01:38 Step:3183} Server_Comm.py: The agent lost 1 packet! Is syncmode enabled?
{Mon 01:01:38 Step:3185} Server_Comm.py: The agent lost 1 packet! Is syncmode enabled?
{Mon 01:01:38 Step:3187} Server_Comm.py: The agent lost 1 packet! Is syncmode enabled?
{Mon 01:01:38 Step:3190} Server_Comm.py: The agent lost 2 consecutive packets! Is syncmode disabled?
{Mon 01:01:38 Step:3195} Server_Comm.py: The agent lost 1 packet! Is syncmode enabled?
{Mon 01:01:38 Step:3197} Server_Comm.py: The agent lost 1 packet! Is syncmode enabled?
{Mon 01:01:38 Step:3199} Server_Comm.py: The agent lost 1 packet! Is syncmode enabled?
{Mon 01:01:38 Step:3201} Server_Comm.py: The agent lost 1 packet! Is syncmode enabled?
{Mon 01:01:38 Step:3203} Server_Comm.py: The agent lost 1 packet! Is syncmode enabled?
{Mon 01:01:38 Step:3205} Server_Comm.py: The agent lost 1 packet! Is syncmode enabled?
{Mon 01:01:38 Step:3209} Server_Comm.py: The agent lost 3 consecutive packets! Is syncmode disabled?
{Mon 01:01:38 Step:3212} Server_Comm.py: The agent lost 2 consecutive packets! Is syncmode disabled?
{Mon 01:01:38 Step:3214} Server_Comm.py: The agent lost 1 packet! Is syncmode enabled?
{Mon 01:01:38 Step:3216} Server_Comm.py: The agent lost 1 packet! Is syncmode enabled?
{Mon 01:01:38 Step:3220} Server_Comm.py: The agent lost 2 consecutive packets! Is syncmode disabled?
{Mon 01:01:38 Step:3222} Server_Comm.py: The agent lost 1 packet! Is syncmode enabled?
{Mon 01:01:38 Step:3224} Server_Comm.py: The agent lost 1 packet! Is syncmode enabled?
{Mon 01:01:38 Step:3228} Server_Comm.py: The agent lost 2 consecutive packets! Is syncmode disabled?
{Mon 01:01:38 Step:3232} Server_Comm.py: The agent lost 2 consecutive packets! Is syncmode disabled?
{Mon 01:01:38 Step:3234} Server_Comm.py: The agent lost 1 packet! Is syncmode enabled?
{Mon 01:01:38 Step:3238} Server_Comm.py: The agent lost 2 consecutive packets! Is syncmode disabled?
{Mon 01:01:38 Step:3240} Server_Comm.py: The agent lost 1 packet! Is syncmode enabled?
{Mon 01:01:38 Step:3245} Server_Comm.py: The agent lost 3 consecutive packets! Is syncmode disabled?
{Mon 01:01:38 Step:3248} Server_Comm.py: The agent lost 2 consecutive packets! Is syncmode disabled?
{Mon 01:01:38 Step:3250} Server_Comm.py: The agent lost 1 packet! Is syncmode enabled?
{Mon 01:01:38 Step:3254} Server_Comm.py: The agent lost 2 consecutive packets! Is syncmode disabled?
{Mon 01:01:38 Step:3258} Server_Comm.py: The agent lost 2 consecutive packets! Is syncmode disabled?
{Mon 01:01:38 Step:3265} Server_Comm.py: The agent lost 5 consecutive packets! Is syncmode disabled?
{Mon 01:01:38 Step:3271} Server_Comm.py: The agent lost 5 consecutive packets! Is syncmode disabled?
{Mon 01:01:38 Step:3277} Server_Comm.py: The agent lost 5 consecutive packets! Is syncmode disabled?
{Mon 01:01:38 Step:3281} Server_Comm.py: The agent lost 3 consecutive packets! Is syncmode disabled?
{Mon 01:01:38 Step:3285} Server_Comm.py: The agent lost 3 consecutive packets! Is syncmode disabled?
{Mon 01:01:38 Step:3289} Server_Comm.py: The agent lost 3 consecutive packets! Is syncmode disabled?
{Mon 01:01:38 Step:3292} Server_Comm.py: The agent lost 2 consecutive packets! Is syncmode disabled?
{Mon 01:01:38 Step:3294} Server_Comm.py: The agent lost 1 packet! Is syncmode enabled?
{Mon 01:01:38 Step:3299} Server_Comm.py: The agent lost 3 consecutive packets! Is syncmode disabled?
{Mon 01:01:38 Step:3304} Server_Comm.py: The agent lost 4 consecutive packets! Is syncmode disabled?
{Mon 01:01:38 Step:3306} Server_Comm.py: The agent lost 1 packet! Is syncmode enabled?
{Mon 01:01:38 Step:3340} Server_Comm.py: The agent lost 33 consecutive packets! Is syncmode disabled?
{Mon 01:01:38 Step:3350} Server_Comm.py: The agent lost 9 consecutive packets! Is syncmode disabled?
{Mon 01:01:38 Step:3353} Server_Comm.py: The agent lost 2 consecutive packets! Is syncmode disabled?
{Mon 01:01:38 Step:3356} Server_Comm.py: The agent lost 2 consecutive packets! Is syncmode disabled?
{Mon 01:01:38 Step:3360} Server_Comm.py: The agent lost 2 consecutive packets! Is syncmode disabled?
{Mon 01:01:38 Step:3364} Server_Comm.py: The agent lost 2 consecutive packets! Is syncmode disabled?
{Mon 01:01:38 Step:3366} Server_Comm.py: The agent lost 1 packet! Is syncmode enabled?
{Mon 01:01:38 Step:3367} Server_Comm.py: Received a new packet while thinking!
{Mon 01:01:38 Step:3509} Server_Comm.py: The agent lost 141 consecutive packets! Is syncmode disabled?
{Mon 01:01:38 Step:3509} Server_Comm.py: Received a new packet while on world.update()!
{Mon 01:01:38 Step:3510} Server_Comm.py: Received a new packet while on world.update()!
{Mon 01:01:38 Step:3511} Server_Comm.py: Received a new packet while on world.update()!
{Mon 01:01:38 Step:3512} Server_Comm.py: Received a new packet while thinking!
{Mon 01:01:38 Step:3513} Server_Comm.py: Received a new packet while on world.update()!
{Mon 01:01:38 Step:3515} Server_Comm.py: The agent lost 1 packet! Is syncmode enabled?
{Mon 01:01:38 Step:3515} Server_Comm.py: Received a new packet while on world.update()!
{Mon 01:01:38 Step:3516} Server_Comm.py: Received a new packet while thinking!
{Mon 01:01:38 Step:3517} Server_Comm.py: Received a new packet while on world.update()!
{Mon 01:01:38 Step:3519} Server_Comm.py: The agent lost 1 packet! Is syncmode enabled?
{Mon 01:01:38 Step:3519} Server_Comm.py: Received a new packet while on world.update()!
{Mon 01:01:38 Step:3520} Server_Comm.py: Received a new packet while on world.update()!
{Mon 01:01:38 Step:3521} Server_Comm.py: Received a new packet while on world.update()!
{Mon 01:01:38 Step:3523} Server_Comm.py: The agent lost 1 packet! Is syncmode enabled?
{Mon 01:01:38 Step:3523} Server_Comm.py: Received a new packet while thinking!
{Mon 01:01:38 Step:3524} Server_Comm.py: Received a new packet while thinking!
{Mon 01:01:38 Step:3525} Server_Comm.py: Received a new packet while on world.update()!
{Mon 01:01:38 Step:3526} Server_Comm.py: Received a new packet while on world.update()!
{Mon 01:01:38 Step:3527} Server_Comm.py: Received a new packet while on world.update()!
{Mon 01:01:38 Step:3528} Server_Comm.py: Received a new packet while on world.update()!
{Mon 01:01:38 Step:3529} Server_Comm.py: Received a new packet while on world.update()!
{Mon 01:01:38 Step:3530} Server_Comm.py: Received a new packet while on world.update()!
{Mon 01:01:38 Step:3531} Server_Comm.py: Received a new packet while on world.update()!
{Mon 01:01:38 Step:3533} Server_Comm.py: The agent lost 1 packet! Is syncmode enabled?
{Mon 01:01:38 Step:3533} Server_Comm.py: Received a new packet while on world.update()!
{Mon 01:01:38 Step:3534} Server_Comm.py: Received a new packet while on world.update()!
{Mon 01:01:38 Step:3535} Server_Comm.py: Received a new packet while on world.update()!
{Mon 01:01:38 Step:3537} Server_Comm.py: The agent lost 1 packet! Is syncmode enabled?
{Mon 01:01:38 Step:3537} Server_Comm.py: Received a new packet while on world.update()!
{Mon 01:01:38 Step:3591} Server_Comm.py: The agent lost 51 consecutive packets! Is syncmode disabled?
{Mon 01:01:38 Step:3605} Server_Comm.py: The agent lost 13 consecutive packets! Is syncmode disabled?
{Mon 01:01:38 Step:3614} Server_Comm.py: The agent lost 8 consecutive packets! Is syncmode disabled?
{Mon 01:01:38 Step:3617} Server_Comm.py: The agent lost 2 consecutive packets! Is syncmode disabled?
{Mon 01:01:38 Step:3620} Server_Comm.py: The agent lost 2 consecutive packets! Is syncmode disabled?
{Mon 01:01:38 Step:3624} Server_Comm.py: The agent lost 2 consecutive packets! Is syncmode disabled?
{Mon 01:01:38 Step:3626} Server_Comm.py: The agent lost 1 packet! Is syncmode enabled?
{Mon 01:01:38 Step:3629} Server_Comm.py: The agent lost 1 packet! Is syncmode enabled?
{Mon 01:01:38 Step:3631} Server_Comm.py: The agent lost 1 packet! Is syncmode enabled?
{Mon 01:01:38 Step:3633} Server_Comm.py: The agent lost 1 packet! Is syncmode enabled?
{Mon 01:01:38 Step:3636} Server_Comm.py: The agent lost 2 consecutive packets! Is syncmode disabled?
{Mon 01:01:38 Step:3638} Server_Comm.py: The agent lost 1 packet! Is syncmode enabled?
{Mon 01:01:38 Step:3640} Server_Comm.py: The agent lost 1 packet! Is syncmode enabled?
{Mon 01:01:38 Step:3645} Server_Comm.py: The agent lost 4 consecutive packets! Is syncmode disabled?
{Mon 01:01:38 Step:3649} Server_Comm.py: The agent lost 3 consecutive packets! Is syncmode disabled?
{Mon 01:01:38 Step:3652} Server_Comm.py: The agent lost 2 consecutive packets! Is syncmode disabled?
{Mon 01:01:38 Step:3654} Server_Comm.py: The agent lost 1 packet! Is syncmode enabled?
{Mon 01:01:38 Step:3659} Server_Comm.py: The agent lost 3 consecutive packets! Is syncmode disabled?
{Mon 01:01:38 Step:3663} Server_Comm.py: The agent lost 3 consecutive packets! Is syncmode disabled?
{Mon 01:01:38 Step:3667} Server_Comm.py: The agent lost 3 consecutive packets! Is syncmode disabled?
{Mon 01:01:38 Step:3672} Server_Comm.py: The agent lost 4 consecutive packets! Is syncmode disabled?
{Mon 01:01:38 Step:3674} Server_Comm.py: The agent lost 1 packet! Is syncmode enabled?
{Mon 01:01:38 Step:3685} Server_Comm.py: The agent lost 3 consecutive packets! Is syncmode disabled?
{Mon 01:01:38 Step:3689} Server_Comm.py: The agent lost 3 consecutive packets! Is syncmode disabled?
{Mon 01:01:38 Step:3692} Server_Comm.py: The agent lost 2 consecutive packets! Is syncmode disabled?
{Mon 01:01:38 Step:3694} Server_Comm.py: The agent lost 1 packet! Is syncmode enabled?
{Mon 01:01:38 Step:3697} Server_Comm.py: The agent lost 1 packet! Is syncmode enabled?
{Mon 01:01:38 Step:3745} Server_Comm.py: The agent lost 1 packet! Is syncmode enabled?
{Mon 01:01:38 Step:3747} Server_Comm.py: The agent lost 1 packet! Is syncmode enabled?
{Mon 01:01:38 Step:3753} Server_Comm.py: The agent lost 1 packet! Is syncmode enabled?
{Mon 01:01:38 Step:3759} Server_Comm.py: The agent lost 1 packet! Is syncmode enabled?
{Mon 01:01:38 Step:3762} Server_Comm.py: The agent lost 1 packet! Is syncmode enabled?
{Mon 01:01:38 Step:3771} Server_Comm.py: The agent lost 1 packet! Is syncmode enabled?
{Mon 01:01:38 Step:3774} Server_Comm.py: The agent lost 2 consecutive packets! Is syncmode disabled?
{Mon 01:01:38 Step:3776} Server_Comm.py: The agent lost 1 packet! Is syncmode enabled?
{Mon 01:01:38 Step:3783} Server_Comm.py: The agent lost 6 consecutive packets! Is syncmode disabled?
{Mon 01:01:38 Step:3788} Server_Comm.py: The agent lost 4 consecutive packets! Is syncmode disabled?
{Mon 01:01:38 Step:3791} Server_Comm.py: The agent lost 2 consecutive packets! Is syncmode disabled?
{Mon 01:01:38 Step:3795} Server_Comm.py: The agent lost 3 consecutive packets! Is syncmode disabled?
{Mon 01:01:38 Step:3798} Server_Comm.py: The agent lost 2 consecutive packets! Is syncmode disabled?
{Mon 01:01:38 Step:3802} Server_Comm.py: The agent lost 2 consecutive packets! Is syncmode disabled?
{Mon 01:01:38 Step:3806} Server_Comm.py: The agent lost 2 consecutive packets! Is syncmode disabled?
{Mon 01:01:38 Step:3808} Server_Comm.py: The agent lost 1 packet! Is syncmode enabled?
{Mon 01:01:38 Step:3812} Server_Comm.py: The agent lost 2 consecutive packets! Is syncmode disabled?
{Mon 01:01:38 Step:3816} Server_Comm.py: The agent lost 2 consecutive packets! Is syncmode disabled?
{Mon 01:01:38 Step:3819} Server_Comm.py: The agent lost 2 consecutive packets! Is syncmode disabled?
{Mon 01:01:38 Step:3823} Server_Comm.py: The agent lost 3 consecutive packets! Is syncmode disabled?
{Mon 01:01:38 Step:3827} Server_Comm.py: The agent lost 3 consecutive packets! Is syncmode disabled?
{Mon 01:01:38 Step:3832} Server_Comm.py: The agent lost 4 consecutive packets! Is syncmode disabled?
{Mon 01:01:38 Step:3835} Server_Comm.py: The agent lost 2 consecutive packets! Is syncmode disabled?
{Mon 01:01:38 Step:3840} Server_Comm.py: The agent lost 4 consecutive packets! Is syncmode disabled?
{Mon 01:01:38 Step:3842} Server_Comm.py: The agent lost 1 packet! Is syncmode enabled?
{Mon 01:01:38 Step:3846} Server_Comm.py: The agent lost 2 consecutive packets! Is syncmode disabled?
{Mon 01:01:38 Step:3849} Server_Comm.py: The agent lost 1 packet! Is syncmode enabled?
{Mon 01:01:38 Step:3851} Server_Comm.py: The agent lost 1 packet! Is syncmode enabled?
{Mon 01:01:38 Step:3853} Server_Comm.py: The agent lost 1 packet! Is syncmode enabled?
{Mon 01:01:38 Step:3856} Server_Comm.py: The agent lost 2 consecutive packets! Is syncmode disabled?
{Mon 01:01:38 Step:3858} Server_Comm.py: The agent lost 1 packet! Is syncmode enabled?
{Mon 01:01:38 Step:3861} Server_Comm.py: The agent lost 1 packet! Is syncmode enabled?
{Mon 01:01:38 Step:3863} Server_Comm.py: The agent lost 1 packet! Is syncmode enabled?
{Mon 01:01:38 Step:3865} Server_Comm.py: The agent lost 1 packet! Is syncmode enabled?
{Mon 01:01:38 Step:3867} Server_Comm.py: The agent lost 1 packet! Is syncmode enabled?
{Mon 01:01:38 Step:3869} Server_Comm.py: The agent lost 1 packet! Is syncmode enabled?
{Mon 01:01:38 Step:3871} Server_Comm.py: The agent lost 1 packet! Is syncmode enabled?
{Mon 01:01:38 Step:3873} Server_Comm.py: The agent lost 1 packet! Is syncmode enabled?
{Mon 01:01:38 Step:3875} Server_Comm.py: The agent lost 1 packet! Is syncmode enabled?
{Mon 01:01:38 Step:3878} Server_Comm.py: The agent lost 2 consecutive packets! Is syncmode disabled?
{Mon 01:01:38 Step:3882} Server_Comm.py: The agent lost 2 consecutive packets! Is syncmode disabled?
{Mon 01:01:38 Step:3884} Server_Comm.py: The agent lost 1 packet! Is syncmode enabled?
{Mon 01:01:38 Step:3887} Server_Comm.py: The agent lost 1 packet! Is syncmode enabled?
{Mon 01:01:38 Step:3889} Server_Comm.py: The agent lost 1 packet! Is syncmode enabled?
{Mon 01:01:38 Step:3891} Server_Comm.py: The agent lost 1 packet! Is syncmode enabled?
{Mon 01:01:38 Step:3894} Server_Comm.py: The agent lost 2 consecutive packets! Is syncmode disabled?
{Mon 01:01:38 Step:3896} Server_Comm.py: The agent lost 1 packet! Is syncmode enabled?
{Mon 01:01:38 Step:3899} Server_Comm.py: The agent lost 1 packet! Is syncmode enabled?
{Mon 01:01:38 Step:3902} Server_Comm.py: The agent lost 2 consecutive packets! Is syncmode disabled?
{Mon 01:01:38 Step:3904} Server_Comm.py: The agent lost 1 packet! Is syncmode enabled?
{Mon 01:01:38 Step:3908} Server_Comm.py: The agent lost 2 consecutive packets! Is syncmode disabled?
{Mon 01:01:38 Step:3911} Server_Comm.py: The agent lost 1 packet! Is syncmode enabled?
{Mon 01:01:38 Step:3913} Server_Comm.py: The agent lost 1 packet! Is syncmode enabled?
{Mon 01:01:38 Step:3917} Server_Comm.py: The agent lost 1 packet! Is syncmode enabled?
{Mon 01:01:38 Step:3920} Server_Comm.py: The agent lost 2 consecutive packets! Is syncmode disabled?
{Mon 01:01:38 Step:3923} Server_Comm.py: The agent lost 1 packet! Is syncmode enabled?
{Mon 01:01:38 Step:3928} Server_Comm.py: The agent lost 2 consecutive packets! Is syncmode disabled?
{Mon 01:01:38 Step:3931} Server_Comm.py: The agent lost 1 packet! Is syncmode enabled?
{Mon 01:01:38 Step:3934} Server_Comm.py: The agent lost 2 consecutive packets! Is syncmode disabled?
{Mon 01:01:38 Step:3936} Server_Comm.py: The agent lost 1 packet! Is syncmode enabled?
{Mon 01:01:38 Step:3939} Server_Comm.py: The agent lost 1 packet! Is syncmode enabled?
{Mon 01:01:38 Step:3941} Server_Comm.py: The agent lost 1 packet! Is syncmode enabled?
{Mon 01:01:38 Step:3944} Server_Comm.py: The agent lost 2 consecutive packets! Is syncmode disabled?
{Mon 01:01:38 Step:3948} Server_Comm.py: The agent lost 2 consecutive packets! Is syncmode disabled?
{Mon 01:01:38 Step:3951} Server_Comm.py: The agent lost 1 packet! Is syncmode enabled?
{Mon 01:01:38 Step:3953} Server_Comm.py: The agent lost 1 packet! Is syncmode enabled?
{Mon 01:01:38 Step:3955} Server_Comm.py: The agent lost 1 packet! Is syncmode enabled?
{Mon 01:01:38 Step:3957} Server_Comm.py: The agent lost 1 packet! Is syncmode enabled?
{Mon 01:01:38 Step:3960} Server_Comm.py: The agent lost 2 consecutive packets! Is syncmode disabled?
{Mon 01:01:38 Step:3963} Server_Comm.py: The agent lost 1 packet! Is syncmode enabled?
{Mon 01:01:38 Step:3965} Server_Comm.py: The agent lost 1 packet! Is syncmode enabled?
{Mon 01:01:38 Step:3968} Server_Comm.py: The agent lost 2 consecutive packets! Is syncmode disabled?
{Mon 01:01:38 Step:3970} Server_Comm.py: The agent lost 1 packet! Is syncmode enabled?
{Mon 01:01:38 Step:3973} Server_Comm.py: The agent lost 1 packet! Is syncmode enabled?
{Mon 01:01:38 Step:3977} Server_Comm.py: The agent lost 3 consecutive packets! Is syncmode disabled?
{Mon 01:01:38 Step:3980} Server_Comm.py: The agent lost 2 consecutive packets! Is syncmode disabled?
{Mon 01:01:38 Step:3987} Server_Comm.py: The agent lost 6 consecutive packets! Is syncmode disabled?
{Mon 01:01:38 Step:3992} Server_Comm.py: The agent lost 4 consecutive packets! Is syncmode disabled?
{Mon 01:01:38 Step:3995} Server_Comm.py: The agent lost 2 consecutive packets! Is syncmode disabled?
{Mon 01:01:38 Step:3998} Server_Comm.py: The agent lost 2 consecutive packets! Is syncmode disabled?
{Mon 01:01:38 Step:4000} Server_Comm.py: The agent lost 1 packet! Is syncmode enabled?
{Mon 01:01:38 Step:4002} Server_Comm.py: The agent lost 1 packet! Is syncmode enabled?
{Mon 01:01:38 Step:4006} Server_Comm.py: The agent lost 2 consecutive packets! Is syncmode disabled?
{Mon 01:01:38 Step:4008} Server_Comm.py: The agent lost 1 packet! Is syncmode enabled?
{Mon 01:01:38 Step:4012} Server_Comm.py: The agent lost 2 consecutive packets! Is syncmode disabled?
{Mon 01:01:38 Step:4014} Server_Comm.py: The agent lost 1 packet! Is syncmode enabled?
{Mon 01:01:38 Step:4019} Server_Comm.py: The agent lost 3 consecutive packets! Is syncmode disabled?
{Mon 01:01:38 Step:4023} Server_Comm.py: The agent lost 3 consecutive packets! Is syncmode disabled?
{Mon 01:01:38 Step:4028} Server_Comm.py: The agent lost 4 consecutive packets! Is syncmode disabled?
{Mon 01:01:38 Step:4031} Server_Comm.py: The agent lost 2 consecutive packets! Is syncmode disabled?
{Mon 01:01:38 Step:4034} Server_Comm.py: The agent lost 2 consecutive packets! Is syncmode disabled?
{Mon 01:01:38 Step:4037} Server_Comm.py: The agent lost 2 consecutive packets! Is syncmode disabled?
{Mon 01:01:38 Step:4039} Server_Comm.py: The agent lost 1 packet! Is syncmode enabled?
{Mon 01:01:38 Step:4042} Server_Comm.py: The agent lost 2 consecutive packets! Is syncmode disabled?
{Mon 01:01:38 Step:4045} Server_Comm.py: The agent lost 1 packet! Is syncmode enabled?
{Mon 01:01:38 Step:4047} Server_Comm.py: The agent lost 1 packet! Is syncmode enabled?
{Mon 01:01:38 Step:4051} Server_Comm.py: The agent lost 3 consecutive packets! Is syncmode disabled?
{Mon 01:01:38 Step:4054} Server_Comm.py: The agent lost 2 consecutive packets! Is syncmode disabled?
{Mon 01:01:38 Step:4056} Server_Comm.py: The agent lost 1 packet! Is syncmode enabled?
{Mon 01:01:38 Step:4059} Server_Comm.py: The agent lost 1 packet! Is syncmode enabled?
{Mon 01:01:38 Step:4070} Server_Comm.py: The agent lost 1 packet! Is syncmode enabled?
{Mon 01:01:38 Step:4073} Server_Comm.py: The agent lost 1 packet! Is syncmode enabled?
{Mon 01:01:38 Step:4077} Server_Comm.py: The agent lost 1 packet! Is syncmode enabled?
{Mon 01:01:38 Step:4079} Server_Comm.py: The agent lost 1 packet! Is syncmode enabled?
{Mon 01:01:38 Step:4087} Server_Comm.py: The agent lost 1 packet! Is syncmode enabled?
{Mon 01:01:38 Step:4109} Server_Comm.py: The agent lost 1 packet! Is syncmode enabled?
{Mon 01:01:38 Step:4113} Server_Comm.py: The agent lost 1 packet! Is syncmode enabled?
{Mon 01:01:38 Step:4121} Server_Comm.py: The agent lost 1 packet! Is syncmode enabled?
{Mon 01:01:38 Step:4129} Server_Comm.py: The agent lost 1 packet! Is syncmode enabled?
{Mon 01:01:38 Step:4132} Server_Comm.py: The agent lost 2 consecutive packets! Is syncmode disabled?
