{Mon 01:10:51 Step:1} Server_Comm.py: Received a new packet while on world.update()!
{Mon 01:10:51 Step:8} Server_Comm.py: The agent lost 6 consecutive packets! Is syncmode disabled?
{Mon 01:10:51 Step:8} Server_Comm.py: Received a new packet while on world.update()!
{Mon 01:10:51 Step:12} Server_Comm.py: The agent lost 3 consecutive packets! Is syncmode disabled?
{Mon 01:10:51 Step:12} Server_Comm.py: Received a new packet while on world.update()!
{Mon 01:10:51 Step:14} Server_Comm.py: The agent lost 1 packet! Is syncmode enabled?
{Mon 01:10:51 Step:14} Server_Comm.py: Received a new packet while on world.update()!
{Mon 01:10:51 Step:16} Server_Comm.py: The agent lost 1 packet! Is syncmode enabled?
{Mon 01:10:51 Step:22} Server_Comm.py: The agent lost 2 consecutive packets! Is syncmode disabled?
{Mon 01:10:51 Step:22} Server_Comm.py: Received a new packet while thinking!
{Mon 01:10:51 Step:56} Server_Comm.py: The agent lost 33 consecutive packets! Is syncmode disabled?
{Mon 01:10:51 Step:76} Server_Comm.py: The agent lost 19 consecutive packets! Is syncmode disabled?
{Mon 01:10:51 Step:82} Server_Comm.py: The agent lost 5 consecutive packets! Is syncmode disabled?
{Mon 01:10:51 Step:86} Server_Comm.py: The agent lost 3 consecutive packets! Is syncmode disabled?
{Mon 01:10:51 Step:88} Server_Comm.py: The agent lost 1 packet! Is syncmode enabled?
{Mon 01:10:51 Step:96} Server_Comm.py: The agent lost 6 consecutive packets! Is syncmode disabled?
{Mon 01:10:51 Step:100} Server_Comm.py: The agent lost 3 consecutive packets! Is syncmode disabled?
{Mon 01:10:51 Step:103} Server_Comm.py: The agent lost 2 consecutive packets! Is syncmode disabled?
{Mon 01:10:51 Step:107} Server_Comm.py: The agent lost 3 consecutive packets! Is syncmode disabled?
{Mon 01:10:51 Step:111} Server_Comm.py: The agent lost 3 consecutive packets! Is syncmode disabled?
{Mon 01:10:51 Step:114} Server_Comm.py: The agent lost 2 consecutive packets! Is syncmode disabled?
{Mon 01:10:51 Step:116} Server_Comm.py: The agent lost 1 packet! Is syncmode enabled?
{Mon 01:10:51 Step:119} Server_Comm.py: The agent lost 1 packet! Is syncmode enabled?
{Mon 01:10:51 Step:122} Server_Comm.py: The agent lost 2 consecutive packets! Is syncmode disabled?
{Mon 01:10:51 Step:124} Server_Comm.py: The agent lost 1 packet! Is syncmode enabled?
{Mon 01:10:51 Step:126} Server_Comm.py: The agent lost 1 packet! Is syncmode enabled?
{Mon 01:10:51 Step:128} Server_Comm.py: The agent lost 1 packet! Is syncmode enabled?
{Mon 01:10:51 Step:130} Server_Comm.py: The agent lost 1 packet! Is syncmode enabled?
{Mon 01:10:51 Step:134} Server_Comm.py: The agent lost 2 consecutive packets! Is syncmode disabled?
{Mon 01:10:51 Step:136} Server_Comm.py: The agent lost 1 packet! Is syncmode enabled?
{Mon 01:10:51 Step:138} Server_Comm.py: The agent lost 1 packet! Is syncmode enabled?
{Mon 01:10:51 Step:140} Server_Comm.py: The agent lost 1 packet! Is syncmode enabled?
{Mon 01:10:51 Step:142} Server_Comm.py: The agent lost 1 packet! Is syncmode enabled?
{Mon 01:10:51 Step:146} Server_Comm.py: The agent lost 2 consecutive packets! Is syncmode disabled?
{Mon 01:10:51 Step:148} Server_Comm.py: The agent lost 1 packet! Is syncmode enabled?
{Mon 01:10:51 Step:150} Server_Comm.py: The agent lost 1 packet! Is syncmode enabled?
{Mon 01:10:51 Step:154} Server_Comm.py: The agent lost 1 packet! Is syncmode enabled?
{Mon 01:10:51 Step:166} Server_Comm.py: The agent lost 1 packet! Is syncmode enabled?
{Mon 01:10:51 Step:168} Server_Comm.py: The agent lost 1 packet! Is syncmode enabled?
{Mon 01:10:51 Step:173} Server_Comm.py: The agent lost 1 packet! Is syncmode enabled?
{Mon 01:10:51 Step:180} Server_Comm.py: The agent lost 1 packet! Is syncmode enabled?
{Mon 01:10:51 Step:186} Server_Comm.py: The agent lost 1 packet! Is syncmode enabled?
{Mon 01:10:51 Step:188} Server_Comm.py: The agent lost 1 packet! Is syncmode enabled?
{Mon 01:10:52 Step:191} Server_Comm.py: The agent lost 1 packet! Is syncmode enabled?
{Mon 01:10:52 Step:193} Server_Comm.py: The agent lost 1 packet! Is syncmode enabled?
{Mon 01:10:52 Step:196} Server_Comm.py: The agent lost 1 packet! Is syncmode enabled?
{Mon 01:10:52 Step:221} Server_Comm.py: The agent lost 1 packet! Is syncmode enabled?
{Mon 01:10:52 Step:228} Server_Comm.py: The agent lost 2 consecutive packets! Is syncmode disabled?
{Mon 01:10:52 Step:230} Server_Comm.py: The agent lost 1 packet! Is syncmode enabled?
{Mon 01:10:52 Step:232} Server_Comm.py: The agent lost 1 packet! Is syncmode enabled?
{Mon 01:10:52 Step:236} Server_Comm.py: The agent lost 3 consecutive packets! Is syncmode disabled?
{Mon 01:10:52 Step:238} Server_Comm.py: The agent lost 1 packet! Is syncmode enabled?
{Mon 01:10:52 Step:240} Server_Comm.py: The agent lost 1 packet! Is syncmode enabled?
{Mon 01:10:52 Step:244} Server_Comm.py: The agent lost 2 consecutive packets! Is syncmode disabled?
{Mon 01:10:52 Step:246} Server_Comm.py: The agent lost 1 packet! Is syncmode enabled?
{Mon 01:10:52 Step:248} Server_Comm.py: The agent lost 1 packet! Is syncmode enabled?
{Mon 01:10:52 Step:250} Server_Comm.py: The agent lost 1 packet! Is syncmode enabled?
{Mon 01:10:52 Step:252} Server_Comm.py: The agent lost 1 packet! Is syncmode enabled?
{Mon 01:10:52 Step:256} Server_Comm.py: The agent lost 2 consecutive packets! Is syncmode disabled?
{Mon 01:10:52 Step:258} Server_Comm.py: The agent lost 1 packet! Is syncmode enabled?
{Mon 01:10:52 Step:262} Server_Comm.py: The agent lost 2 consecutive packets! Is syncmode disabled?
{Mon 01:10:52 Step:264} Server_Comm.py: The agent lost 1 packet! Is syncmode enabled?
{Mon 01:10:52 Step:266} Server_Comm.py: The agent lost 1 packet! Is syncmode enabled?
{Mon 01:10:52 Step:268} Server_Comm.py: The agent lost 1 packet! Is syncmode enabled?
{Mon 01:10:52 Step:271} Server_Comm.py: The agent lost 1 packet! Is syncmode enabled?
{Mon 01:10:52 Step:274} Server_Comm.py: The agent lost 2 consecutive packets! Is syncmode disabled?
{Mon 01:10:52 Step:276} Server_Comm.py: The agent lost 1 packet! Is syncmode enabled?
{Mon 01:10:52 Step:280} Server_Comm.py: The agent lost 2 consecutive packets! Is syncmode disabled?
{Mon 01:10:52 Step:282} Server_Comm.py: The agent lost 1 packet! Is syncmode enabled?
{Mon 01:10:52 Step:284} Server_Comm.py: The agent lost 1 packet! Is syncmode enabled?
{Mon 01:10:52 Step:304} Server_Comm.py: The agent lost 1 packet! Is syncmode enabled?
{Mon 01:10:52 Step:318} Server_Comm.py: The agent lost 1 packet! Is syncmode enabled?
{Mon 01:10:52 Step:340} Server_Comm.py: The agent lost 2 consecutive packets! Is syncmode disabled?
{Mon 01:10:52 Step:342} Server_Comm.py: The agent lost 1 packet! Is syncmode enabled?
{Mon 01:10:52 Step:346} Server_Comm.py: The agent lost 1 packet! Is syncmode enabled?
{Mon 01:10:52 Step:350} Server_Comm.py: The agent lost 1 packet! Is syncmode enabled?
{Mon 01:10:52 Step:352} Server_Comm.py: The agent lost 1 packet! Is syncmode enabled?
{Mon 01:10:52 Step:354} Server_Comm.py: The agent lost 1 packet! Is syncmode enabled?
{Mon 01:10:52 Step:356} Server_Comm.py: The agent lost 1 packet! Is syncmode enabled?
{Mon 01:10:52 Step:359} Server_Comm.py: The agent lost 2 consecutive packets! Is syncmode disabled?
{Mon 01:10:52 Step:361} Server_Comm.py: The agent lost 1 packet! Is syncmode enabled?
{Mon 01:10:52 Step:363} Server_Comm.py: The agent lost 1 packet! Is syncmode enabled?
{Mon 01:10:52 Step:368} Server_Comm.py: The agent lost 4 consecutive packets! Is syncmode disabled?
{Mon 01:10:52 Step:373} Server_Comm.py: The agent lost 4 consecutive packets! Is syncmode disabled?
{Mon 01:10:52 Step:382} Server_Comm.py: The agent lost 8 consecutive packets! Is syncmode disabled?
{Mon 01:10:52 Step:390} Server_Comm.py: The agent lost 7 consecutive packets! Is syncmode disabled?
{Mon 01:10:52 Step:404} Server_Comm.py: The agent lost 13 consecutive packets! Is syncmode disabled?
{Mon 01:10:52 Step:412} Server_Comm.py: The agent lost 7 consecutive packets! Is syncmode disabled?
{Mon 01:10:52 Step:416} Server_Comm.py: The agent lost 3 consecutive packets! Is syncmode disabled?
{Mon 01:10:52 Step:420} Server_Comm.py: The agent lost 2 consecutive packets! Is syncmode disabled?
{Mon 01:10:52 Step:422} Server_Comm.py: The agent lost 1 packet! Is syncmode enabled?
{Mon 01:10:52 Step:424} Server_Comm.py: The agent lost 1 packet! Is syncmode enabled?
{Mon 01:10:52 Step:426} Server_Comm.py: The agent lost 1 packet! Is syncmode enabled?
{Mon 01:10:52 Step:430} Server_Comm.py: The agent lost 2 consecutive packets! Is syncmode disabled?
{Mon 01:10:52 Step:430} Server_Comm.py: Received a new packet while thinking!
{Mon 01:10:52 Step:582} Server_Comm.py: The agent lost 151 consecutive packets! Is syncmode disabled?
{Mon 01:10:52 Step:582} Server_Comm.py: Received a new packet while on world.update()!
{Mon 01:10:52 Step:584} Server_Comm.py: The agent lost 1 packet! Is syncmode enabled?
{Mon 01:10:52 Step:584} Server_Comm.py: Received a new packet while on world.update()!
{Mon 01:10:52 Step:586} Server_Comm.py: The agent lost 1 packet! Is syncmode enabled?
{Mon 01:10:52 Step:586} Server_Comm.py: Received a new packet while on world.update()!
{Mon 01:10:52 Step:588} Server_Comm.py: The agent lost 1 packet! Is syncmode enabled?
{Mon 01:10:52 Step:588} Server_Comm.py: Received a new packet while thinking!
{Mon 01:10:52 Step:589} Server_Comm.py: Received a new packet while on world.update()!
{Mon 01:10:52 Step:592} Server_Comm.py: The agent lost 2 consecutive packets! Is syncmode disabled?
{Mon 01:10:52 Step:592} Server_Comm.py: Received a new packet while on world.update()!
{Mon 01:10:52 Step:594} Server_Comm.py: The agent lost 1 packet! Is syncmode enabled?
{Mon 01:10:52 Step:594} Server_Comm.py: Received a new packet while thinking!
{Mon 01:10:52 Step:595} Server_Comm.py: Received a new packet while on world.update()!
{Mon 01:10:52 Step:598} Server_Comm.py: The agent lost 2 consecutive packets! Is syncmode disabled?
{Mon 01:10:52 Step:598} Server_Comm.py: Received a new packet while on world.update()!
{Mon 01:10:52 Step:600} Server_Comm.py: The agent lost 1 packet! Is syncmode enabled?
{Mon 01:10:52 Step:600} Server_Comm.py: Received a new packet while thinking!
{Mon 01:10:52 Step:602} Server_Comm.py: The agent lost 1 packet! Is syncmode enabled?
{Mon 01:10:52 Step:606} Server_Comm.py: The agent lost 2 consecutive packets! Is syncmode disabled?
{Mon 01:10:52 Step:608} Server_Comm.py: The agent lost 1 packet! Is syncmode enabled?
{Mon 01:10:52 Step:610} Server_Comm.py: The agent lost 1 packet! Is syncmode enabled?
{Mon 01:10:52 Step:614} Server_Comm.py: The agent lost 2 consecutive packets! Is syncmode disabled?
{Mon 01:10:52 Step:617} Server_Comm.py: The agent lost 2 consecutive packets! Is syncmode disabled?
{Mon 01:10:52 Step:621} Server_Comm.py: The agent lost 3 consecutive packets! Is syncmode disabled?
{Mon 01:10:52 Step:623} Server_Comm.py: The agent lost 1 packet! Is syncmode enabled?
{Mon 01:10:52 Step:626} Server_Comm.py: The agent lost 1 packet! Is syncmode enabled?
{Mon 01:10:52 Step:631} Server_Comm.py: The agent lost 2 consecutive packets! Is syncmode disabled?
{Mon 01:10:52 Step:633} Server_Comm.py: The agent lost 1 packet! Is syncmode enabled?
{Mon 01:10:52 Step:635} Server_Comm.py: The agent lost 1 packet! Is syncmode enabled?
{Mon 01:10:52 Step:640} Server_Comm.py: The agent lost 1 packet! Is syncmode enabled?
{Mon 01:10:52 Step:642} Server_Comm.py: The agent lost 1 packet! Is syncmode enabled?
{Mon 01:10:52 Step:644} Server_Comm.py: The agent lost 1 packet! Is syncmode enabled?
{Mon 01:10:52 Step:647} Server_Comm.py: The agent lost 1 packet! Is syncmode enabled?
{Mon 01:10:52 Step:651} Server_Comm.py: The agent lost 1 packet! Is syncmode enabled?
{Mon 01:10:52 Step:662} Server_Comm.py: The agent lost 1 packet! Is syncmode enabled?
{Mon 01:10:52 Step:666} Server_Comm.py: The agent lost 1 packet! Is syncmode enabled?
{Mon 01:10:52 Step:679} Server_Comm.py: The agent lost 1 packet! Is syncmode enabled?
{Mon 01:10:52 Step:693} Server_Comm.py: The agent lost 1 packet! Is syncmode enabled?
{Mon 01:10:52 Step:696} Server_Comm.py: The agent lost 1 packet! Is syncmode enabled?
{Mon 01:10:52 Step:700} Server_Comm.py: The agent lost 1 packet! Is syncmode enabled?
{Mon 01:10:52 Step:709} Server_Comm.py: The agent lost 1 packet! Is syncmode enabled?
{Mon 01:10:52 Step:712} Server_Comm.py: The agent lost 1 packet! Is syncmode enabled?
{Mon 01:10:52 Step:718} Server_Comm.py: The agent lost 2 consecutive packets! Is syncmode disabled?
{Mon 01:10:52 Step:720} Server_Comm.py: The agent lost 1 packet! Is syncmode enabled?
{Mon 01:10:52 Step:725} Server_Comm.py: The agent lost 4 consecutive packets! Is syncmode disabled?
{Mon 01:10:52 Step:727} Server_Comm.py: The agent lost 1 packet! Is syncmode enabled?
{Mon 01:10:52 Step:730} Server_Comm.py: The agent lost 2 consecutive packets! Is syncmode disabled?
{Mon 01:10:52 Step:732} Server_Comm.py: The agent lost 1 packet! Is syncmode enabled?
{Mon 01:10:52 Step:734} Server_Comm.py: The agent lost 1 packet! Is syncmode enabled?
{Mon 01:10:52 Step:738} Server_Comm.py: The agent lost 2 consecutive packets! Is syncmode disabled?
{Mon 01:10:52 Step:741} Server_Comm.py: The agent lost 2 consecutive packets! Is syncmode disabled?
{Mon 01:10:52 Step:744} Server_Comm.py: The agent lost 2 consecutive packets! Is syncmode disabled?
{Mon 01:10:52 Step:746} Server_Comm.py: The agent lost 1 packet! Is syncmode enabled?
{Mon 01:10:52 Step:750} Server_Comm.py: The agent lost 2 consecutive packets! Is syncmode disabled?
{Mon 01:10:52 Step:753} Server_Comm.py: The agent lost 2 consecutive packets! Is syncmode disabled?
{Mon 01:10:52 Step:756} Server_Comm.py: The agent lost 2 consecutive packets! Is syncmode disabled?
{Mon 01:10:52 Step:758} Server_Comm.py: The agent lost 1 packet! Is syncmode enabled?
{Mon 01:10:52 Step:761} Server_Comm.py: The agent lost 2 consecutive packets! Is syncmode disabled?
{Mon 01:10:52 Step:768} Server_Comm.py: The agent lost 6 consecutive packets! Is syncmode disabled?
{Mon 01:10:52 Step:773} Server_Comm.py: The agent lost 4 consecutive packets! Is syncmode disabled?
{Mon 01:10:52 Step:778} Server_Comm.py: The agent lost 4 consecutive packets! Is syncmode disabled?
{Mon 01:10:52 Step:782} Server_Comm.py: The agent lost 3 consecutive packets! Is syncmode disabled?
{Mon 01:10:52 Step:784} Server_Comm.py: The agent lost 1 packet! Is syncmode enabled?
{Mon 01:10:52 Step:786} Server_Comm.py: The agent lost 1 packet! Is syncmode enabled?
{Mon 01:10:52 Step:788} Server_Comm.py: The agent lost 1 packet! Is syncmode enabled?
{Mon 01:10:52 Step:791} Server_Comm.py: The agent lost 1 packet! Is syncmode enabled?
{Mon 01:10:52 Step:796} Server_Comm.py: The agent lost 1 packet! Is syncmode enabled?
{Mon 01:10:52 Step:802} Server_Comm.py: The agent lost 1 packet! Is syncmode enabled?
{Mon 01:10:52 Step:805} Server_Comm.py: The agent lost 2 consecutive packets! Is syncmode disabled?
{Mon 01:10:52 Step:808} Server_Comm.py: The agent lost 2 consecutive packets! Is syncmode disabled?
{Mon 01:10:52 Step:812} Server_Comm.py: The agent lost 3 consecutive packets! Is syncmode disabled?
{Mon 01:10:52 Step:815} Server_Comm.py: The agent lost 2 consecutive packets! Is syncmode disabled?
{Mon 01:10:52 Step:845} Server_Comm.py: The agent lost 1 packet! Is syncmode enabled?
{Mon 01:10:52 Step:847} Server_Comm.py: The agent lost 1 packet! Is syncmode enabled?
{Mon 01:10:52 Step:850} Server_Comm.py: The agent lost 2 consecutive packets! Is syncmode disabled?
{Mon 01:10:52 Step:852} Server_Comm.py: The agent lost 1 packet! Is syncmode enabled?
{Mon 01:10:52 Step:855} Server_Comm.py: The agent lost 2 consecutive packets! Is syncmode disabled?
{Mon 01:10:52 Step:858} Server_Comm.py: The agent lost 2 consecutive packets! Is syncmode disabled?
{Mon 01:10:52 Step:861} Server_Comm.py: The agent lost 2 consecutive packets! Is syncmode disabled?
{Mon 01:10:52 Step:864} Server_Comm.py: The agent lost 2 consecutive packets! Is syncmode disabled?
{Mon 01:10:52 Step:867} Server_Comm.py: The agent lost 1 packet! Is syncmode enabled?
{Mon 01:10:52 Step:870} Server_Comm.py: The agent lost 1 packet! Is syncmode enabled?
{Mon 01:10:52 Step:872} Server_Comm.py: The agent lost 1 packet! Is syncmode enabled?
{Mon 01:10:52 Step:874} Server_Comm.py: The agent lost 1 packet! Is syncmode enabled?
{Mon 01:10:52 Step:876} Server_Comm.py: The agent lost 1 packet! Is syncmode enabled?
{Mon 01:10:52 Step:878} Server_Comm.py: The agent lost 1 packet! Is syncmode enabled?
{Mon 01:10:52 Step:880} Server_Comm.py: The agent lost 1 packet! Is syncmode enabled?
{Mon 01:10:52 Step:882} Server_Comm.py: The agent lost 1 packet! Is syncmode enabled?
{Mon 01:10:52 Step:884} Server_Comm.py: The agent lost 1 packet! Is syncmode enabled?
{Mon 01:10:52 Step:886} Server_Comm.py: The agent lost 1 packet! Is syncmode enabled?
{Mon 01:10:52 Step:889} Server_Comm.py: The agent lost 2 consecutive packets! Is syncmode disabled?
{Mon 01:10:52 Step:891} Server_Comm.py: The agent lost 1 packet! Is syncmode enabled?
{Mon 01:10:52 Step:896} Server_Comm.py: The agent lost 4 consecutive packets! Is syncmode disabled?
{Mon 01:10:52 Step:900} Server_Comm.py: The agent lost 3 consecutive packets! Is syncmode disabled?
{Mon 01:10:52 Step:905} Server_Comm.py: The agent lost 4 consecutive packets! Is syncmode disabled?
{Mon 01:10:52 Step:912} Server_Comm.py: The agent lost 6 consecutive packets! Is syncmode disabled?
{Mon 01:10:52 Step:922} Server_Comm.py: The agent lost 9 consecutive packets! Is syncmode disabled?
{Mon 01:10:52 Step:926} Server_Comm.py: The agent lost 3 consecutive packets! Is syncmode disabled?
{Mon 01:10:52 Step:928} Server_Comm.py: The agent lost 1 packet! Is syncmode enabled?
{Mon 01:10:52 Step:930} Server_Comm.py: The agent lost 1 packet! Is syncmode enabled?
{Mon 01:10:52 Step:934} Server_Comm.py: The agent lost 2 consecutive packets! Is syncmode disabled?
{Mon 01:10:52 Step:936} Server_Comm.py: The agent lost 1 packet! Is syncmode enabled?
{Mon 01:10:52 Step:940} Server_Comm.py: The agent lost 2 consecutive packets! Is syncmode disabled?
{Mon 01:10:52 Step:943} Server_Comm.py: The agent lost 2 consecutive packets! Is syncmode disabled?
{Mon 01:10:52 Step:946} Server_Comm.py: The agent lost 2 consecutive packets! Is syncmode disabled?
{Mon 01:10:52 Step:946} Server_Comm.py: Received a new packet while thinking!
{Mon 01:10:52 Step:1133} Server_Comm.py: The agent lost 186 consecutive packets! Is syncmode disabled?
{Mon 01:10:52 Step:1133} Server_Comm.py: Received a new packet while on world.update()!
{Mon 01:10:52 Step:1137} Server_Comm.py: The agent lost 3 consecutive packets! Is syncmode disabled?
{Mon 01:10:52 Step:1137} Server_Comm.py: Received a new packet while on world.update()!
{Mon 01:10:52 Step:1140} Server_Comm.py: The agent lost 2 consecutive packets! Is syncmode disabled?
{Mon 01:10:52 Step:1140} Server_Comm.py: Received a new packet while on world.update()!
{Mon 01:10:52 Step:1142} Server_Comm.py: The agent lost 1 packet! Is syncmode enabled?
{Mon 01:10:52 Step:1142} Server_Comm.py: Received a new packet while thinking!
{Mon 01:10:52 Step:1144} Server_Comm.py: The agent lost 1 packet! Is syncmode enabled?
{Mon 01:10:52 Step:1144} Server_Comm.py: Received a new packet while thinking!
{Mon 01:10:52 Step:1145} Server_Comm.py: Received a new packet while on world.update()!
{Mon 01:10:52 Step:1148} Server_Comm.py: The agent lost 2 consecutive packets! Is syncmode disabled?
{Mon 01:10:52 Step:1148} Server_Comm.py: Received a new packet while thinking!
{Mon 01:10:52 Step:1149} Server_Comm.py: Received a new packet while on world.update()!
{Mon 01:10:52 Step:1153} Server_Comm.py: The agent lost 3 consecutive packets! Is syncmode disabled?
{Mon 01:10:52 Step:1153} Server_Comm.py: Received a new packet while on world.update()!
{Mon 01:10:52 Step:1155} Server_Comm.py: The agent lost 1 packet! Is syncmode enabled?
{Mon 01:10:52 Step:1155} Server_Comm.py: Received a new packet while on world.update()!
{Mon 01:10:52 Step:1158} Server_Comm.py: The agent lost 2 consecutive packets! Is syncmode disabled?
{Mon 01:10:52 Step:1158} Server_Comm.py: Received a new packet while thinking!
{Mon 01:10:52 Step:1159} Server_Comm.py: Received a new packet while on world.update()!
{Mon 01:10:52 Step:1162} Server_Comm.py: The agent lost 2 consecutive packets! Is syncmode disabled?
{Mon 01:10:52 Step:1162} Server_Comm.py: Received a new packet while on world.update()!
{Mon 01:10:52 Step:1164} Server_Comm.py: The agent lost 1 packet! Is syncmode enabled?
{Mon 01:10:52 Step:1167} Server_Comm.py: The agent lost 1 packet! Is syncmode enabled?
{Mon 01:10:52 Step:1170} Server_Comm.py: The agent lost 2 consecutive packets! Is syncmode disabled?
{Mon 01:10:52 Step:1172} Server_Comm.py: The agent lost 1 packet! Is syncmode enabled?
{Mon 01:10:52 Step:1174} Server_Comm.py: The agent lost 1 packet! Is syncmode enabled?
{Mon 01:10:52 Step:1177} Server_Comm.py: The agent lost 2 consecutive packets! Is syncmode disabled?
{Mon 01:10:52 Step:1179} Server_Comm.py: The agent lost 1 packet! Is syncmode enabled?
{Mon 01:10:52 Step:1182} Server_Comm.py: The agent lost 1 packet! Is syncmode enabled?
{Mon 01:10:52 Step:1202} Server_Comm.py: The agent lost 1 packet! Is syncmode enabled?
{Mon 01:10:52 Step:1214} Server_Comm.py: The agent lost 1 packet! Is syncmode enabled?
{Mon 01:10:52 Step:1216} Server_Comm.py: The agent lost 1 packet! Is syncmode enabled?
{Mon 01:10:52 Step:1218} Server_Comm.py: The agent lost 1 packet! Is syncmode enabled?
{Mon 01:10:52 Step:1220} Server_Comm.py: The agent lost 1 packet! Is syncmode enabled?
{Mon 01:10:52 Step:1222} Server_Comm.py: The agent lost 1 packet! Is syncmode enabled?
{Mon 01:10:52 Step:1224} Server_Comm.py: The agent lost 1 packet! Is syncmode enabled?
{Mon 01:10:52 Step:1226} Server_Comm.py: The agent lost 1 packet! Is syncmode enabled?
{Mon 01:10:52 Step:1232} Server_Comm.py: The agent lost 1 packet! Is syncmode enabled?
{Mon 01:10:52 Step:1235} Server_Comm.py: The agent lost 1 packet! Is syncmode enabled?
{Mon 01:10:52 Step:1238} Server_Comm.py: The agent lost 1 packet! Is syncmode enabled?
{Mon 01:10:52 Step:1246} Server_Comm.py: The agent lost 1 packet! Is syncmode enabled?
{Mon 01:10:52 Step:1255} Server_Comm.py: The agent lost 1 packet! Is syncmode enabled?
{Mon 01:10:52 Step:1257} Server_Comm.py: The agent lost 1 packet! Is syncmode enabled?
{Mon 01:10:52 Step:1259} Server_Comm.py: The agent lost 1 packet! Is syncmode enabled?
{Mon 01:10:52 Step:1270} Server_Comm.py: The agent lost 1 packet! Is syncmode enabled?
{Mon 01:10:52 Step:1273} Server_Comm.py: The agent lost 1 packet! Is syncmode enabled?
{Mon 01:10:52 Step:1277} Server_Comm.py: The agent lost 3 consecutive packets! Is syncmode disabled?
{Mon 01:10:52 Step:1280} Server_Comm.py: The agent lost 2 consecutive packets! Is syncmode disabled?
{Mon 01:10:52 Step:1288} Server_Comm.py: The agent lost 7 consecutive packets! Is syncmode disabled?
{Mon 01:10:52 Step:1293} Server_Comm.py: The agent lost 4 consecutive packets! Is syncmode disabled?
{Mon 01:10:52 Step:1297} Server_Comm.py: The agent lost 3 consecutive packets! Is syncmode disabled?
{Mon 01:10:52 Step:1302} Server_Comm.py: The agent lost 4 consecutive packets! Is syncmode disabled?
{Mon 01:10:52 Step:1306} Server_Comm.py: The agent lost 3 consecutive packets! Is syncmode disabled?
{Mon 01:10:52 Step:1308} Server_Comm.py: The agent lost 1 packet! Is syncmode enabled?
{Mon 01:10:52 Step:1310} Server_Comm.py: The agent lost 1 packet! Is syncmode enabled?
{Mon 01:10:52 Step:1312} Server_Comm.py: The agent lost 1 packet! Is syncmode enabled?
{Mon 01:10:52 Step:1314} Server_Comm.py: The agent lost 1 packet! Is syncmode enabled?
{Mon 01:10:52 Step:1316} Server_Comm.py: The agent lost 1 packet! Is syncmode enabled?
{Mon 01:10:52 Step:1318} Server_Comm.py: The agent lost 1 packet! Is syncmode enabled?
{Mon 01:10:52 Step:1320} Server_Comm.py: The agent lost 1 packet! Is syncmode enabled?
{Mon 01:10:52 Step:1322} Server_Comm.py: The agent lost 1 packet! Is syncmode enabled?
{Mon 01:10:52 Step:1325} Server_Comm.py: The agent lost 1 packet! Is syncmode enabled?
{Mon 01:10:52 Step:1328} Server_Comm.py: The agent lost 2 consecutive packets! Is syncmode disabled?
{Mon 01:10:52 Step:1330} Server_Comm.py: The agent lost 1 packet! Is syncmode enabled?
{Mon 01:10:52 Step:1338} Server_Comm.py: The agent lost 1 packet! Is syncmode enabled?
{Mon 01:10:52 Step:1348} Server_Comm.py: The agent lost 1 packet! Is syncmode enabled?
{Mon 01:10:52 Step:1350} Server_Comm.py: The agent lost 1 packet! Is syncmode enabled?
{Mon 01:10:52 Step:1352} Server_Comm.py: The agent lost 1 packet! Is syncmode enabled?
{Mon 01:10:52 Step:1357} Server_Comm.py: The agent lost 1 packet! Is syncmode enabled?
{Mon 01:10:52 Step:1384} Server_Comm.py: The agent lost 1 packet! Is syncmode enabled?
{Mon 01:10:52 Step:1396} Server_Comm.py: The agent lost 1 packet! Is syncmode enabled?
{Mon 01:10:52 Step:1401} Server_Comm.py: The agent lost 1 packet! Is syncmode enabled?
{Mon 01:10:52 Step:1408} Server_Comm.py: The agent lost 1 packet! Is syncmode enabled?
{Mon 01:10:52 Step:1411} Server_Comm.py: The agent lost 1 packet! Is syncmode enabled?
{Mon 01:10:52 Step:1414} Server_Comm.py: The agent lost 2 consecutive packets! Is syncmode disabled?
{Mon 01:10:52 Step:1416} Server_Comm.py: The agent lost 1 packet! Is syncmode enabled?
{Mon 01:10:52 Step:1447} Server_Comm.py: The agent lost 30 consecutive packets! Is syncmode disabled?
{Mon 01:10:52 Step:1462} Server_Comm.py: The agent lost 14 consecutive packets! Is syncmode disabled?
{Mon 01:10:52 Step:1471} Server_Comm.py: The agent lost 8 consecutive packets! Is syncmode disabled?
{Mon 01:10:52 Step:1480} Server_Comm.py: The agent lost 8 consecutive packets! Is syncmode disabled?
{Mon 01:10:52 Step:1484} Server_Comm.py: The agent lost 3 consecutive packets! Is syncmode disabled?
{Mon 01:10:52 Step:1486} Server_Comm.py: The agent lost 1 packet! Is syncmode enabled?
{Mon 01:10:52 Step:1488} Server_Comm.py: The agent lost 1 packet! Is syncmode enabled?
{Mon 01:10:52 Step:1491} Server_Comm.py: The agent lost 2 consecutive packets! Is syncmode disabled?
{Mon 01:10:52 Step:1493} Server_Comm.py: The agent lost 1 packet! Is syncmode enabled?
{Mon 01:10:52 Step:1496} Server_Comm.py: The agent lost 2 consecutive packets! Is syncmode disabled?
{Mon 01:10:52 Step:1496} Server_Comm.py: Received a new packet while thinking!
{Mon 01:10:52 Step:1601} Server_Comm.py: The agent lost 104 consecutive packets! Is syncmode disabled?
{Mon 01:10:52 Step:1608} Server_Comm.py: The agent lost 6 consecutive packets! Is syncmode disabled?
{Mon 01:10:52 Step:1610} Server_Comm.py: The agent lost 1 packet! Is syncmode enabled?
{Mon 01:10:52 Step:1612} Server_Comm.py: The agent lost 1 packet! Is syncmode enabled?
{Mon 01:10:52 Step:1615} Server_Comm.py: The agent lost 2 consecutive packets! Is syncmode disabled?
{Mon 01:10:52 Step:1617} Server_Comm.py: The agent lost 1 packet! Is syncmode enabled?
{Mon 01:10:52 Step:1620} Server_Comm.py: The agent lost 2 consecutive packets! Is syncmode disabled?
{Mon 01:10:52 Step:1625} Server_Comm.py: The agent lost 3 consecutive packets! Is syncmode disabled?
{Mon 01:10:52 Step:1628} Server_Comm.py: The agent lost 2 consecutive packets! Is syncmode disabled?
{Mon 01:10:52 Step:1628} Server_Comm.py: Received a new packet while thinking!
{Mon 01:10:52 Step:1679} Server_Comm.py: The agent lost 50 consecutive packets! Is syncmode disabled?
{Mon 01:10:53 Step:1686} Server_Comm.py: The agent lost 6 consecutive packets! Is syncmode disabled?
{Mon 01:10:53 Step:1689} Server_Comm.py: The agent lost 2 consecutive packets! Is syncmode disabled?
{Mon 01:10:53 Step:1692} Server_Comm.py: The agent lost 2 consecutive packets! Is syncmode disabled?
{Mon 01:10:53 Step:1695} Server_Comm.py: The agent lost 1 packet! Is syncmode enabled?
{Mon 01:10:53 Step:1697} Server_Comm.py: The agent lost 1 packet! Is syncmode enabled?
{Mon 01:10:53 Step:1700} Server_Comm.py: The agent lost 2 consecutive packets! Is syncmode disabled?
{Mon 01:10:53 Step:1704} Server_Comm.py: The agent lost 2 consecutive packets! Is syncmode disabled?
{Mon 01:10:53 Step:1706} Server_Comm.py: The agent lost 1 packet! Is syncmode enabled?
{Mon 01:10:53 Step:1708} Server_Comm.py: The agent lost 1 packet! Is syncmode enabled?
{Mon 01:10:53 Step:1709} Server_Comm.py: Received a new packet while thinking!
{Mon 01:10:53 Step:1845} Server_Comm.py: The agent lost 135 consecutive packets! Is syncmode disabled?
{Mon 01:10:53 Step:1857} Server_Comm.py: The agent lost 11 consecutive packets! Is syncmode disabled?
{Mon 01:10:53 Step:1863} Server_Comm.py: The agent lost 5 consecutive packets! Is syncmode disabled?
{Mon 01:10:53 Step:1868} Server_Comm.py: The agent lost 4 consecutive packets! Is syncmode disabled?
{Mon 01:10:53 Step:1871} Server_Comm.py: The agent lost 2 consecutive packets! Is syncmode disabled?
{Mon 01:10:53 Step:1873} Server_Comm.py: The agent lost 1 packet! Is syncmode enabled?
{Mon 01:10:53 Step:1877} Server_Comm.py: The agent lost 3 consecutive packets! Is syncmode disabled?
{Mon 01:10:53 Step:1880} Server_Comm.py: The agent lost 2 consecutive packets! Is syncmode disabled?
{Mon 01:10:53 Step:1882} Server_Comm.py: The agent lost 1 packet! Is syncmode enabled?
{Mon 01:10:53 Step:1884} Server_Comm.py: The agent lost 1 packet! Is syncmode enabled?
{Mon 01:10:53 Step:1886} Server_Comm.py: The agent lost 1 packet! Is syncmode enabled?
{Mon 01:10:53 Step:1888} Server_Comm.py: The agent lost 1 packet! Is syncmode enabled?
{Mon 01:10:53 Step:1890} Server_Comm.py: The agent lost 1 packet! Is syncmode enabled?
{Mon 01:10:53 Step:1894} Server_Comm.py: The agent lost 2 consecutive packets! Is syncmode disabled?
{Mon 01:10:53 Step:1896} Server_Comm.py: The agent lost 1 packet! Is syncmode enabled?
{Mon 01:10:53 Step:1898} Server_Comm.py: The agent lost 1 packet! Is syncmode enabled?
{Mon 01:10:53 Step:1902} Server_Comm.py: The agent lost 2 consecutive packets! Is syncmode disabled?
{Mon 01:10:53 Step:1904} Server_Comm.py: The agent lost 1 packet! Is syncmode enabled?
{Mon 01:10:53 Step:1906} Server_Comm.py: The agent lost 1 packet! Is syncmode enabled?
{Mon 01:10:53 Step:1910} Server_Comm.py: The agent lost 2 consecutive packets! Is syncmode disabled?
{Mon 01:10:53 Step:1912} Server_Comm.py: The agent lost 1 packet! Is syncmode enabled?
{Mon 01:10:53 Step:1914} Server_Comm.py: The agent lost 1 packet! Is syncmode enabled?
{Mon 01:10:53 Step:1916} Server_Comm.py: The agent lost 1 packet! Is syncmode enabled?
{Mon 01:10:53 Step:1920} Server_Comm.py: The agent lost 2 consecutive packets! Is syncmode disabled?
{Mon 01:10:53 Step:1922} Server_Comm.py: The agent lost 1 packet! Is syncmode enabled?
{Mon 01:10:53 Step:1924} Server_Comm.py: The agent lost 1 packet! Is syncmode enabled?
{Mon 01:10:53 Step:1926} Server_Comm.py: The agent lost 1 packet! Is syncmode enabled?
{Mon 01:10:53 Step:1930} Server_Comm.py: The agent lost 2 consecutive packets! Is syncmode disabled?
{Mon 01:10:53 Step:1932} Server_Comm.py: The agent lost 1 packet! Is syncmode enabled?
{Mon 01:10:53 Step:1934} Server_Comm.py: The agent lost 1 packet! Is syncmode enabled?
{Mon 01:10:53 Step:1936} Server_Comm.py: The agent lost 1 packet! Is syncmode enabled?
{Mon 01:10:53 Step:1940} Server_Comm.py: The agent lost 2 consecutive packets! Is syncmode disabled?
{Mon 01:10:53 Step:1942} Server_Comm.py: The agent lost 1 packet! Is syncmode enabled?
{Mon 01:10:53 Step:1944} Server_Comm.py: The agent lost 1 packet! Is syncmode enabled?
{Mon 01:10:53 Step:1946} Server_Comm.py: The agent lost 1 packet! Is syncmode enabled?
{Mon 01:10:53 Step:1950} Server_Comm.py: The agent lost 2 consecutive packets! Is syncmode disabled?
{Mon 01:10:53 Step:1952} Server_Comm.py: The agent lost 1 packet! Is syncmode enabled?
{Mon 01:10:53 Step:1956} Server_Comm.py: The agent lost 1 packet! Is syncmode enabled?
{Mon 01:10:53 Step:1965} Server_Comm.py: The agent lost 7 consecutive packets! Is syncmode disabled?
{Mon 01:10:53 Step:1971} Server_Comm.py: The agent lost 5 consecutive packets! Is syncmode disabled?
{Mon 01:10:53 Step:1975} Server_Comm.py: The agent lost 3 consecutive packets! Is syncmode disabled?
{Mon 01:10:53 Step:1978} Server_Comm.py: The agent lost 2 consecutive packets! Is syncmode disabled?
{Mon 01:10:53 Step:1982} Server_Comm.py: The agent lost 2 consecutive packets! Is syncmode disabled?
{Mon 01:10:53 Step:1984} Server_Comm.py: The agent lost 1 packet! Is syncmode enabled?
{Mon 01:10:53 Step:1988} Server_Comm.py: The agent lost 2 consecutive packets! Is syncmode disabled?
{Mon 01:10:53 Step:1990} Server_Comm.py: The agent lost 1 packet! Is syncmode enabled?
{Mon 01:10:53 Step:1992} Server_Comm.py: The agent lost 1 packet! Is syncmode enabled?
{Mon 01:10:53 Step:1994} Server_Comm.py: The agent lost 1 packet! Is syncmode enabled?
{Mon 01:10:53 Step:1996} Server_Comm.py: The agent lost 1 packet! Is syncmode enabled?
{Mon 01:10:53 Step:1998} Server_Comm.py: The agent lost 1 packet! Is syncmode enabled?
{Mon 01:10:53 Step:2000} Server_Comm.py: The agent lost 1 packet! Is syncmode enabled?
{Mon 01:10:53 Step:2004} Server_Comm.py: The agent lost 1 packet! Is syncmode enabled?
{Mon 01:10:53 Step:2008} Server_Comm.py: The agent lost 1 packet! Is syncmode enabled?
{Mon 01:10:53 Step:2015} Server_Comm.py: The agent lost 1 packet! Is syncmode enabled?
{Mon 01:10:53 Step:2026} Server_Comm.py: The agent lost 1 packet! Is syncmode enabled?
{Mon 01:10:53 Step:2036} Server_Comm.py: The agent lost 1 packet! Is syncmode enabled?
{Mon 01:10:53 Step:2062} Server_Comm.py: The agent lost 1 packet! Is syncmode enabled?
{Mon 01:10:53 Step:2064} Server_Comm.py: The agent lost 1 packet! Is syncmode enabled?
{Mon 01:10:53 Step:2067} Server_Comm.py: The agent lost 1 packet! Is syncmode enabled?
{Mon 01:10:53 Step:2071} Server_Comm.py: The agent lost 1 packet! Is syncmode enabled?
{Mon 01:10:53 Step:2083} Server_Comm.py: The agent lost 1 packet! Is syncmode enabled?
{Mon 01:10:53 Step:2086} Server_Comm.py: The agent lost 2 consecutive packets! Is syncmode disabled?
{Mon 01:10:53 Step:2088} Server_Comm.py: The agent lost 1 packet! Is syncmode enabled?
{Mon 01:10:53 Step:2114} Server_Comm.py: The agent lost 25 consecutive packets! Is syncmode disabled?
{Mon 01:10:53 Step:2123} Server_Comm.py: The agent lost 8 consecutive packets! Is syncmode disabled?
{Mon 01:10:53 Step:2129} Server_Comm.py: The agent lost 5 consecutive packets! Is syncmode disabled?
{Mon 01:10:53 Step:2134} Server_Comm.py: The agent lost 4 consecutive packets! Is syncmode disabled?
{Mon 01:10:53 Step:2136} Server_Comm.py: The agent lost 1 packet! Is syncmode enabled?
{Mon 01:10:53 Step:2138} Server_Comm.py: The agent lost 1 packet! Is syncmode enabled?
{Mon 01:10:53 Step:2142} Server_Comm.py: The agent lost 2 consecutive packets! Is syncmode disabled?
{Mon 01:10:53 Step:2146} Server_Comm.py: The agent lost 2 consecutive packets! Is syncmode disabled?
{Mon 01:10:53 Step:2149} Server_Comm.py: The agent lost 1 packet! Is syncmode enabled?
{Mon 01:10:53 Step:2152} Server_Comm.py: The agent lost 2 consecutive packets! Is syncmode disabled?
{Mon 01:10:53 Step:2154} Server_Comm.py: The agent lost 1 packet! Is syncmode enabled?
{Mon 01:10:53 Step:2158} Server_Comm.py: The agent lost 2 consecutive packets! Is syncmode disabled?
{Mon 01:10:53 Step:2160} Server_Comm.py: The agent lost 1 packet! Is syncmode enabled?
{Mon 01:10:53 Step:2163} Server_Comm.py: The agent lost 1 packet! Is syncmode enabled?
{Mon 01:10:53 Step:2166} Server_Comm.py: The agent lost 2 consecutive packets! Is syncmode disabled?
{Mon 01:10:53 Step:2168} Server_Comm.py: The agent lost 1 packet! Is syncmode enabled?
{Mon 01:10:53 Step:2170} Server_Comm.py: The agent lost 1 packet! Is syncmode enabled?
{Mon 01:10:53 Step:2172} Server_Comm.py: The agent lost 1 packet! Is syncmode enabled?
{Mon 01:10:53 Step:2174} Server_Comm.py: The agent lost 1 packet! Is syncmode enabled?
{Mon 01:10:53 Step:2178} Server_Comm.py: The agent lost 2 consecutive packets! Is syncmode disabled?
{Mon 01:10:53 Step:2181} Server_Comm.py: The agent lost 2 consecutive packets! Is syncmode disabled?
{Mon 01:10:53 Step:2183} Server_Comm.py: The agent lost 1 packet! Is syncmode enabled?
{Mon 01:10:53 Step:2185} Server_Comm.py: The agent lost 1 packet! Is syncmode enabled?
{Mon 01:10:53 Step:2188} Server_Comm.py: The agent lost 1 packet! Is syncmode enabled?
{Mon 01:10:53 Step:2200} Server_Comm.py: The agent lost 1 packet! Is syncmode enabled?
{Mon 01:10:53 Step:2202} Server_Comm.py: The agent lost 1 packet! Is syncmode enabled?
{Mon 01:10:53 Step:2204} Server_Comm.py: The agent lost 1 packet! Is syncmode enabled?
{Mon 01:10:53 Step:2216} Server_Comm.py: The agent lost 1 packet! Is syncmode enabled?
{Mon 01:10:53 Step:2226} Server_Comm.py: The agent lost 2 consecutive packets! Is syncmode disabled?
{Mon 01:10:53 Step:2247} Server_Comm.py: The agent lost 2 consecutive packets! Is syncmode disabled?
{Mon 01:10:53 Step:2253} Server_Comm.py: The agent lost 1 packet! Is syncmode enabled?
{Mon 01:10:53 Step:2256} Server_Comm.py: The agent lost 2 consecutive packets! Is syncmode disabled?
{Mon 01:10:53 Step:2258} Server_Comm.py: The agent lost 1 packet! Is syncmode enabled?
{Mon 01:10:53 Step:2263} Server_Comm.py: The agent lost 4 consecutive packets! Is syncmode disabled?
{Mon 01:10:53 Step:2268} Server_Comm.py: The agent lost 4 consecutive packets! Is syncmode disabled?
{Mon 01:10:53 Step:2271} Server_Comm.py: The agent lost 2 consecutive packets! Is syncmode disabled?
{Mon 01:10:53 Step:2275} Server_Comm.py: The agent lost 3 consecutive packets! Is syncmode disabled?
{Mon 01:10:53 Step:2278} Server_Comm.py: The agent lost 2 consecutive packets! Is syncmode disabled?
{Mon 01:10:53 Step:2280} Server_Comm.py: The agent lost 1 packet! Is syncmode enabled?
{Mon 01:10:53 Step:2282} Server_Comm.py: The agent lost 1 packet! Is syncmode enabled?
{Mon 01:10:53 Step:2286} Server_Comm.py: The agent lost 2 consecutive packets! Is syncmode disabled?
{Mon 01:10:53 Step:2288} Server_Comm.py: The agent lost 1 packet! Is syncmode enabled?
{Mon 01:10:53 Step:2292} Server_Comm.py: The agent lost 2 consecutive packets! Is syncmode disabled?
{Mon 01:10:53 Step:2294} Server_Comm.py: The agent lost 1 packet! Is syncmode enabled?
{Mon 01:10:53 Step:2298} Server_Comm.py: The agent lost 2 consecutive packets! Is syncmode disabled?
{Mon 01:10:53 Step:2300} Server_Comm.py: The agent lost 1 packet! Is syncmode enabled?
{Mon 01:10:53 Step:2304} Server_Comm.py: The agent lost 2 consecutive packets! Is syncmode disabled?
{Mon 01:10:53 Step:2308} Server_Comm.py: The agent lost 2 consecutive packets! Is syncmode disabled?
{Mon 01:10:53 Step:2310} Server_Comm.py: The agent lost 1 packet! Is syncmode enabled?
{Mon 01:10:53 Step:2314} Server_Comm.py: The agent lost 2 consecutive packets! Is syncmode disabled?
{Mon 01:10:53 Step:2316} Server_Comm.py: The agent lost 1 packet! Is syncmode enabled?
{Mon 01:10:53 Step:2318} Server_Comm.py: The agent lost 1 packet! Is syncmode enabled?
{Mon 01:10:53 Step:2321} Server_Comm.py: The agent lost 1 packet! Is syncmode enabled?
{Mon 01:10:53 Step:2326} Server_Comm.py: The agent lost 4 consecutive packets! Is syncmode disabled?
{Mon 01:10:53 Step:2328} Server_Comm.py: The agent lost 1 packet! Is syncmode enabled?
{Mon 01:10:53 Step:2347} Server_Comm.py: The agent lost 1 packet! Is syncmode enabled?
{Mon 01:10:53 Step:2352} Server_Comm.py: The agent lost 1 packet! Is syncmode enabled?
{Mon 01:10:53 Step:2356} Server_Comm.py: The agent lost 1 packet! Is syncmode enabled?
{Mon 01:10:53 Step:2365} Server_Comm.py: The agent lost 1 packet! Is syncmode enabled?
{Mon 01:10:53 Step:2367} Server_Comm.py: The agent lost 1 packet! Is syncmode enabled?
{Mon 01:10:53 Step:2370} Server_Comm.py: The agent lost 2 consecutive packets! Is syncmode disabled?
{Mon 01:10:53 Step:2372} Server_Comm.py: The agent lost 1 packet! Is syncmode enabled?
{Mon 01:10:53 Step:2376} Server_Comm.py: The agent lost 1 packet! Is syncmode enabled?
{Mon 01:10:53 Step:2378} Server_Comm.py: The agent lost 1 packet! Is syncmode enabled?
{Mon 01:10:53 Step:2380} Server_Comm.py: The agent lost 1 packet! Is syncmode enabled?
{Mon 01:10:53 Step:2382} Server_Comm.py: The agent lost 1 packet! Is syncmode enabled?
{Mon 01:10:53 Step:2384} Server_Comm.py: The agent lost 1 packet! Is syncmode enabled?
{Mon 01:10:53 Step:2386} Server_Comm.py: The agent lost 1 packet! Is syncmode enabled?
{Mon 01:10:53 Step:2388} Server_Comm.py: The agent lost 1 packet! Is syncmode enabled?
{Mon 01:10:53 Step:2390} Server_Comm.py: The agent lost 1 packet! Is syncmode enabled?
{Mon 01:10:53 Step:2392} Server_Comm.py: The agent lost 1 packet! Is syncmode enabled?
{Mon 01:10:53 Step:2394} Server_Comm.py: The agent lost 1 packet! Is syncmode enabled?
{Mon 01:10:53 Step:2396} Server_Comm.py: The agent lost 1 packet! Is syncmode enabled?
{Mon 01:10:53 Step:2398} Server_Comm.py: The agent lost 1 packet! Is syncmode enabled?
{Mon 01:10:53 Step:2400} Server_Comm.py: The agent lost 1 packet! Is syncmode enabled?
{Mon 01:10:53 Step:2402} Server_Comm.py: The agent lost 1 packet! Is syncmode enabled?
{Mon 01:10:53 Step:2405} Server_Comm.py: The agent lost 1 packet! Is syncmode enabled?
{Mon 01:10:53 Step:2408} Server_Comm.py: The agent lost 1 packet! Is syncmode enabled?
{Mon 01:10:53 Step:2410} Server_Comm.py: The agent lost 1 packet! Is syncmode enabled?
{Mon 01:10:53 Step:2412} Server_Comm.py: The agent lost 1 packet! Is syncmode enabled?
{Mon 01:10:53 Step:2414} Server_Comm.py: The agent lost 1 packet! Is syncmode enabled?
{Mon 01:10:53 Step:2416} Server_Comm.py: The agent lost 1 packet! Is syncmode enabled?
{Mon 01:10:53 Step:2418} Server_Comm.py: The agent lost 1 packet! Is syncmode enabled?
{Mon 01:10:53 Step:2425} Server_Comm.py: The agent lost 5 consecutive packets! Is syncmode disabled?
{Mon 01:10:53 Step:2429} Server_Comm.py: The agent lost 3 consecutive packets! Is syncmode disabled?
{Mon 01:10:53 Step:2433} Server_Comm.py: The agent lost 3 consecutive packets! Is syncmode disabled?
{Mon 01:10:53 Step:2438} Server_Comm.py: The agent lost 4 consecutive packets! Is syncmode disabled?
{Mon 01:10:53 Step:2440} Server_Comm.py: The agent lost 1 packet! Is syncmode enabled?
{Mon 01:10:53 Step:2442} Server_Comm.py: The agent lost 1 packet! Is syncmode enabled?
{Mon 01:10:53 Step:2444} Server_Comm.py: The agent lost 1 packet! Is syncmode enabled?
{Mon 01:10:53 Step:2448} Server_Comm.py: The agent lost 2 consecutive packets! Is syncmode disabled?
{Mon 01:10:53 Step:2452} Server_Comm.py: The agent lost 2 consecutive packets! Is syncmode disabled?
{Mon 01:10:53 Step:2454} Server_Comm.py: The agent lost 1 packet! Is syncmode enabled?
{Mon 01:10:53 Step:2456} Server_Comm.py: The agent lost 1 packet! Is syncmode enabled?
{Mon 01:10:53 Step:2459} Server_Comm.py: The agent lost 1 packet! Is syncmode enabled?
{Mon 01:10:53 Step:2463} Server_Comm.py: The agent lost 3 consecutive packets! Is syncmode disabled?
{Mon 01:10:53 Step:2474} Server_Comm.py: The agent lost 1 packet! Is syncmode enabled?
{Mon 01:10:53 Step:2483} Server_Comm.py: The agent lost 1 packet! Is syncmode enabled?
{Mon 01:10:53 Step:2492} Server_Comm.py: The agent lost 1 packet! Is syncmode enabled?
{Mon 01:10:53 Step:2496} Server_Comm.py: The agent lost 1 packet! Is syncmode enabled?
{Mon 01:10:53 Step:2508} Server_Comm.py: The agent lost 1 packet! Is syncmode enabled?
{Mon 01:10:53 Step:2511} Server_Comm.py: The agent lost 1 packet! Is syncmode enabled?
{Mon 01:10:53 Step:2514} Server_Comm.py: The agent lost 1 packet! Is syncmode enabled?
{Mon 01:10:53 Step:2516} Server_Comm.py: The agent lost 1 packet! Is syncmode enabled?
{Mon 01:10:53 Step:2521} Server_Comm.py: The agent lost 1 packet! Is syncmode enabled?
{Mon 01:10:53 Step:2529} Server_Comm.py: The agent lost 1 packet! Is syncmode enabled?
{Mon 01:10:53 Step:2532} Server_Comm.py: The agent lost 1 packet! Is syncmode enabled?
{Mon 01:10:53 Step:2536} Server_Comm.py: The agent lost 1 packet! Is syncmode enabled?
{Mon 01:10:53 Step:2544} Server_Comm.py: The agent lost 1 packet! Is syncmode enabled?
{Mon 01:10:53 Step:2550} Server_Comm.py: The agent lost 2 consecutive packets! Is syncmode disabled?
{Mon 01:10:53 Step:2552} Server_Comm.py: The agent lost 1 packet! Is syncmode enabled?
{Mon 01:10:53 Step:2554} Server_Comm.py: The agent lost 1 packet! Is syncmode enabled?
{Mon 01:10:53 Step:2584} Server_Comm.py: The agent lost 29 consecutive packets! Is syncmode disabled?
{Mon 01:10:53 Step:2596} Server_Comm.py: The agent lost 11 consecutive packets! Is syncmode disabled?
{Mon 01:10:53 Step:2601} Server_Comm.py: The agent lost 4 consecutive packets! Is syncmode disabled?
{Mon 01:10:53 Step:2606} Server_Comm.py: The agent lost 4 consecutive packets! Is syncmode disabled?
{Mon 01:10:53 Step:2608} Server_Comm.py: The agent lost 1 packet! Is syncmode enabled?
{Mon 01:10:53 Step:2610} Server_Comm.py: The agent lost 1 packet! Is syncmode enabled?
{Mon 01:10:53 Step:2614} Server_Comm.py: The agent lost 2 consecutive packets! Is syncmode disabled?
{Mon 01:10:53 Step:2616} Server_Comm.py: The agent lost 1 packet! Is syncmode enabled?
{Mon 01:10:53 Step:2618} Server_Comm.py: The agent lost 1 packet! Is syncmode enabled?
{Mon 01:10:53 Step:2618} Server_Comm.py: Received a new packet while thinking!
