{Mon 01:05:10 Step:1} Server_Comm.py: Received a new packet while on world.update()!
{Mon 01:05:10 Step:17} Server_Comm.py: The agent lost 15 consecutive packets! Is syncmode disabled?
{Mon 01:05:10 Step:17} Server_Comm.py: Received a new packet while on world.update()!
{Mon 01:05:10 Step:20} Server_Comm.py: The agent lost 2 consecutive packets! Is syncmode disabled?
{Mon 01:05:10 Step:23} Server_Comm.py: The agent lost 1 packet! Is syncmode enabled?
{Mon 01:05:10 Step:26} Server_Comm.py: The agent lost 2 consecutive packets! Is syncmode disabled?
{Mon 01:05:10 Step:58} Server_Comm.py: The agent lost 30 consecutive packets! Is syncmode disabled?
{Mon 01:05:10 Step:68} Server_Comm.py: The agent lost 9 consecutive packets! Is syncmode disabled?
{Mon 01:05:10 Step:72} Server_Comm.py: The agent lost 3 consecutive packets! Is syncmode disabled?
{Mon 01:05:10 Step:74} Server_Comm.py: The agent lost 1 packet! Is syncmode enabled?
{Mon 01:05:10 Step:76} Server_Comm.py: The agent lost 1 packet! Is syncmode enabled?
{Mon 01:05:10 Step:77} Server_Comm.py: Received a new packet while thinking!
{Mon 01:05:10 Step:231} Server_Comm.py: The agent lost 153 consecutive packets! Is syncmode disabled?
{Mon 01:05:10 Step:243} Server_Comm.py: The agent lost 11 consecutive packets! Is syncmode disabled?
{Mon 01:05:10 Step:247} Server_Comm.py: The agent lost 3 consecutive packets! Is syncmode disabled?
{Mon 01:05:10 Step:249} Server_Comm.py: The agent lost 1 packet! Is syncmode enabled?
{Mon 01:05:10 Step:251} Server_Comm.py: The agent lost 1 packet! Is syncmode enabled?
{Mon 01:05:10 Step:255} Server_Comm.py: The agent lost 1 packet! Is syncmode enabled?
{Mon 01:05:11 Step:275} Server_Comm.py: The agent lost 1 packet! Is syncmode enabled?
{Mon 01:05:11 Step:286} Server_Comm.py: The agent lost 1 packet! Is syncmode enabled?
{Mon 01:05:11 Step:337} Server_Comm.py: The agent lost 1 packet! Is syncmode enabled?
{Mon 01:05:11 Step:339} Server_Comm.py: The agent lost 1 packet! Is syncmode enabled?
{Mon 01:05:11 Step:341} Server_Comm.py: The agent lost 1 packet! Is syncmode enabled?
{Mon 01:05:11 Step:360} Server_Comm.py: The agent lost 18 consecutive packets! Is syncmode disabled?
{Mon 01:05:11 Step:366} Server_Comm.py: The agent lost 5 consecutive packets! Is syncmode disabled?
{Mon 01:05:11 Step:369} Server_Comm.py: The agent lost 2 consecutive packets! Is syncmode disabled?
{Mon 01:05:11 Step:390} Server_Comm.py: The agent lost 2 consecutive packets! Is syncmode disabled?
{Mon 01:05:11 Step:393} Server_Comm.py: The agent lost 2 consecutive packets! Is syncmode disabled?
{Mon 01:05:11 Step:395} Server_Comm.py: The agent lost 1 packet! Is syncmode enabled?
{Mon 01:05:11 Step:411} Server_Comm.py: The agent lost 1 packet! Is syncmode enabled?
{Mon 01:05:11 Step:439} Server_Comm.py: The agent lost 1 packet! Is syncmode enabled?
{Mon 01:05:11 Step:441} Server_Comm.py: The agent lost 1 packet! Is syncmode enabled?
{Mon 01:05:11 Step:443} Server_Comm.py: The agent lost 1 packet! Is syncmode enabled?
{Mon 01:05:11 Step:449} Server_Comm.py: The agent lost 1 packet! Is syncmode enabled?
{Mon 01:05:11 Step:457} Server_Comm.py: The agent lost 1 packet! Is syncmode enabled?
{Mon 01:05:11 Step:465} Server_Comm.py: The agent lost 1 packet! Is syncmode enabled?
{Mon 01:05:11 Step:467} Server_Comm.py: The agent lost 1 packet! Is syncmode enabled?
{Mon 01:05:11 Step:470} Server_Comm.py: The agent lost 2 consecutive packets! Is syncmode disabled?
{Mon 01:05:11 Step:476} Server_Comm.py: The agent lost 5 consecutive packets! Is syncmode disabled?
{Mon 01:05:11 Step:479} Server_Comm.py: The agent lost 2 consecutive packets! Is syncmode disabled?
{Mon 01:05:11 Step:481} Server_Comm.py: The agent lost 1 packet! Is syncmode enabled?
{Mon 01:05:11 Step:485} Server_Comm.py: The agent lost 3 consecutive packets! Is syncmode disabled?
{Mon 01:05:11 Step:488} Server_Comm.py: The agent lost 2 consecutive packets! Is syncmode disabled?
{Mon 01:05:11 Step:492} Server_Comm.py: The agent lost 2 consecutive packets! Is syncmode disabled?
{Mon 01:05:11 Step:494} Server_Comm.py: The agent lost 1 packet! Is syncmode enabled?
{Mon 01:05:11 Step:497} Server_Comm.py: The agent lost 1 packet! Is syncmode enabled?
{Mon 01:05:11 Step:500} Server_Comm.py: The agent lost 2 consecutive packets! Is syncmode disabled?
{Mon 01:05:11 Step:503} Server_Comm.py: The agent lost 2 consecutive packets! Is syncmode disabled?
{Mon 01:05:11 Step:505} Server_Comm.py: The agent lost 1 packet! Is syncmode enabled?
{Mon 01:05:11 Step:508} Server_Comm.py: The agent lost 2 consecutive packets! Is syncmode disabled?
{Mon 01:05:11 Step:511} Server_Comm.py: The agent lost 1 packet! Is syncmode enabled?
{Mon 01:05:11 Step:514} Server_Comm.py: The agent lost 2 consecutive packets! Is syncmode disabled?
{Mon 01:05:11 Step:516} Server_Comm.py: The agent lost 1 packet! Is syncmode enabled?
{Mon 01:05:11 Step:516} Server_Comm.py: Received a new packet while thinking!
{Mon 01:05:11 Step:670} Server_Comm.py: The agent lost 153 consecutive packets! Is syncmode disabled?
{Mon 01:05:11 Step:670} Server_Comm.py: Received a new packet while on world.update()!
{Mon 01:05:11 Step:672} Server_Comm.py: The agent lost 1 packet! Is syncmode enabled?
{Mon 01:05:11 Step:672} Server_Comm.py: Received a new packet while thinking!
{Mon 01:05:11 Step:673} Server_Comm.py: Received a new packet while on world.update()!
{Mon 01:05:11 Step:675} Server_Comm.py: The agent lost 1 packet! Is syncmode enabled?
{Mon 01:05:11 Step:685} Server_Comm.py: The agent lost 1 packet! Is syncmode enabled?
{Mon 01:05:11 Step:703} Server_Comm.py: The agent lost 1 packet! Is syncmode enabled?
{Mon 01:05:11 Step:707} Server_Comm.py: The agent lost 1 packet! Is syncmode enabled?
{Mon 01:05:11 Step:713} Server_Comm.py: The agent lost 1 packet! Is syncmode enabled?
{Mon 01:05:11 Step:715} Server_Comm.py: The agent lost 1 packet! Is syncmode enabled?
{Mon 01:05:11 Step:723} Server_Comm.py: The agent lost 1 packet! Is syncmode enabled?
{Mon 01:05:11 Step:726} Server_Comm.py: The agent lost 2 consecutive packets! Is syncmode disabled?
{Mon 01:05:11 Step:728} Server_Comm.py: The agent lost 1 packet! Is syncmode enabled?
{Mon 01:05:11 Step:731} Server_Comm.py: The agent lost 1 packet! Is syncmode enabled?
{Mon 01:05:11 Step:734} Server_Comm.py: The agent lost 2 consecutive packets! Is syncmode disabled?
{Mon 01:05:11 Step:736} Server_Comm.py: The agent lost 1 packet! Is syncmode enabled?
{Mon 01:05:11 Step:738} Server_Comm.py: The agent lost 1 packet! Is syncmode enabled?
{Mon 01:05:11 Step:740} Server_Comm.py: The agent lost 1 packet! Is syncmode enabled?
{Mon 01:05:11 Step:742} Server_Comm.py: The agent lost 1 packet! Is syncmode enabled?
{Mon 01:05:11 Step:744} Server_Comm.py: The agent lost 1 packet! Is syncmode enabled?
{Mon 01:05:11 Step:746} Server_Comm.py: The agent lost 1 packet! Is syncmode enabled?
{Mon 01:05:11 Step:749} Server_Comm.py: The agent lost 2 consecutive packets! Is syncmode disabled?
{Mon 01:05:11 Step:751} Server_Comm.py: The agent lost 1 packet! Is syncmode enabled?
{Mon 01:05:11 Step:753} Server_Comm.py: The agent lost 1 packet! Is syncmode enabled?
{Mon 01:05:11 Step:755} Server_Comm.py: The agent lost 1 packet! Is syncmode enabled?
{Mon 01:05:11 Step:757} Server_Comm.py: The agent lost 1 packet! Is syncmode enabled?
{Mon 01:05:11 Step:759} Server_Comm.py: The agent lost 1 packet! Is syncmode enabled?
{Mon 01:05:11 Step:763} Server_Comm.py: The agent lost 1 packet! Is syncmode enabled?
{Mon 01:05:11 Step:766} Server_Comm.py: The agent lost 2 consecutive packets! Is syncmode disabled?
{Mon 01:05:11 Step:769} Server_Comm.py: The agent lost 2 consecutive packets! Is syncmode disabled?
{Mon 01:05:11 Step:772} Server_Comm.py: The agent lost 1 packet! Is syncmode enabled?
{Mon 01:05:11 Step:775} Server_Comm.py: The agent lost 1 packet! Is syncmode enabled?
{Mon 01:05:11 Step:777} Server_Comm.py: The agent lost 1 packet! Is syncmode enabled?
{Mon 01:05:11 Step:782} Server_Comm.py: The agent lost 1 packet! Is syncmode enabled?
{Mon 01:05:11 Step:784} Server_Comm.py: The agent lost 1 packet! Is syncmode enabled?
{Mon 01:05:11 Step:786} Server_Comm.py: The agent lost 1 packet! Is syncmode enabled?
{Mon 01:05:11 Step:788} Server_Comm.py: The agent lost 1 packet! Is syncmode enabled?
{Mon 01:05:11 Step:790} Server_Comm.py: The agent lost 1 packet! Is syncmode enabled?
{Mon 01:05:11 Step:792} Server_Comm.py: The agent lost 1 packet! Is syncmode enabled?
{Mon 01:05:11 Step:795} Server_Comm.py: The agent lost 1 packet! Is syncmode enabled?
{Mon 01:05:11 Step:797} Server_Comm.py: The agent lost 1 packet! Is syncmode enabled?
{Mon 01:05:11 Step:799} Server_Comm.py: The agent lost 1 packet! Is syncmode enabled?
{Mon 01:05:11 Step:802} Server_Comm.py: The agent lost 2 consecutive packets! Is syncmode disabled?
{Mon 01:05:11 Step:804} Server_Comm.py: The agent lost 1 packet! Is syncmode enabled?
{Mon 01:05:11 Step:809} Server_Comm.py: The agent lost 3 consecutive packets! Is syncmode disabled?
{Mon 01:05:11 Step:813} Server_Comm.py: The agent lost 3 consecutive packets! Is syncmode disabled?
{Mon 01:05:11 Step:819} Server_Comm.py: The agent lost 5 consecutive packets! Is syncmode disabled?
{Mon 01:05:11 Step:833} Server_Comm.py: The agent lost 13 consecutive packets! Is syncmode disabled?
{Mon 01:05:11 Step:840} Server_Comm.py: The agent lost 6 consecutive packets! Is syncmode disabled?
{Mon 01:05:11 Step:842} Server_Comm.py: The agent lost 1 packet! Is syncmode enabled?
{Mon 01:05:11 Step:844} Server_Comm.py: The agent lost 1 packet! Is syncmode enabled?
{Mon 01:05:11 Step:849} Server_Comm.py: The agent lost 3 consecutive packets! Is syncmode disabled?
{Mon 01:05:11 Step:851} Server_Comm.py: The agent lost 1 packet! Is syncmode enabled?
{Mon 01:05:11 Step:853} Server_Comm.py: The agent lost 1 packet! Is syncmode enabled?
{Mon 01:05:11 Step:856} Server_Comm.py: The agent lost 2 consecutive packets! Is syncmode disabled?
{Mon 01:05:11 Step:858} Server_Comm.py: The agent lost 1 packet! Is syncmode enabled?
{Mon 01:05:11 Step:862} Server_Comm.py: The agent lost 2 consecutive packets! Is syncmode disabled?
{Mon 01:05:11 Step:864} Server_Comm.py: The agent lost 1 packet! Is syncmode enabled?
{Mon 01:05:11 Step:869} Server_Comm.py: The agent lost 3 consecutive packets! Is syncmode disabled?
{Mon 01:05:11 Step:874} Server_Comm.py: The agent lost 4 consecutive packets! Is syncmode disabled?
{Mon 01:05:11 Step:876} Server_Comm.py: The agent lost 1 packet! Is syncmode enabled?
{Mon 01:05:11 Step:879} Server_Comm.py: The agent lost 1 packet! Is syncmode enabled?
{Mon 01:05:11 Step:881} Server_Comm.py: The agent lost 1 packet! Is syncmode enabled?
{Mon 01:05:11 Step:883} Server_Comm.py: The agent lost 1 packet! Is syncmode enabled?
{Mon 01:05:11 Step:885} Server_Comm.py: The agent lost 1 packet! Is syncmode enabled?
{Mon 01:05:11 Step:888} Server_Comm.py: The agent lost 2 consecutive packets! Is syncmode disabled?
{Mon 01:05:11 Step:892} Server_Comm.py: The agent lost 2 consecutive packets! Is syncmode disabled?
{Mon 01:05:11 Step:895} Server_Comm.py: The agent lost 2 consecutive packets! Is syncmode disabled?
{Mon 01:05:11 Step:900} Server_Comm.py: The agent lost 4 consecutive packets! Is syncmode disabled?
{Mon 01:05:11 Step:902} Server_Comm.py: The agent lost 1 packet! Is syncmode enabled?
{Mon 01:05:11 Step:904} Server_Comm.py: The agent lost 1 packet! Is syncmode enabled?
{Mon 01:05:11 Step:908} Server_Comm.py: The agent lost 2 consecutive packets! Is syncmode disabled?
{Mon 01:05:11 Step:912} Server_Comm.py: The agent lost 2 consecutive packets! Is syncmode disabled?
{Mon 01:05:11 Step:917} Server_Comm.py: The agent lost 1 packet! Is syncmode enabled?
{Mon 01:05:11 Step:919} Server_Comm.py: The agent lost 1 packet! Is syncmode enabled?
{Mon 01:05:11 Step:922} Server_Comm.py: The agent lost 2 consecutive packets! Is syncmode disabled?
{Mon 01:05:11 Step:925} Server_Comm.py: The agent lost 1 packet! Is syncmode enabled?
{Mon 01:05:11 Step:931} Server_Comm.py: The agent lost 1 packet! Is syncmode enabled?
{Mon 01:05:11 Step:933} Server_Comm.py: The agent lost 1 packet! Is syncmode enabled?
{Mon 01:05:11 Step:936} Server_Comm.py: The agent lost 2 consecutive packets! Is syncmode disabled?
{Mon 01:05:11 Step:939} Server_Comm.py: The agent lost 1 packet! Is syncmode enabled?
{Mon 01:05:11 Step:941} Server_Comm.py: The agent lost 1 packet! Is syncmode enabled?
{Mon 01:05:11 Step:943} Server_Comm.py: The agent lost 1 packet! Is syncmode enabled?
{Mon 01:05:11 Step:947} Server_Comm.py: The agent lost 1 packet! Is syncmode enabled?
{Mon 01:05:11 Step:949} Server_Comm.py: Received a new packet while thinking!
{Mon 01:05:11 Step:983} Server_Comm.py: The agent lost 33 consecutive packets! Is syncmode disabled?
{Mon 01:05:11 Step:996} Server_Comm.py: The agent lost 12 consecutive packets! Is syncmode disabled?
{Mon 01:05:11 Step:1000} Server_Comm.py: The agent lost 3 consecutive packets! Is syncmode disabled?
{Mon 01:05:11 Step:1004} Server_Comm.py: The agent lost 3 consecutive packets! Is syncmode disabled?
{Mon 01:05:11 Step:1006} Server_Comm.py: The agent lost 1 packet! Is syncmode enabled?
{Mon 01:05:11 Step:1010} Server_Comm.py: The agent lost 2 consecutive packets! Is syncmode disabled?
{Mon 01:05:11 Step:1012} Server_Comm.py: The agent lost 1 packet! Is syncmode enabled?
{Mon 01:05:11 Step:1014} Server_Comm.py: The agent lost 1 packet! Is syncmode enabled?
{Mon 01:05:11 Step:1017} Server_Comm.py: The agent lost 1 packet! Is syncmode enabled?
{Mon 01:05:11 Step:1019} Server_Comm.py: The agent lost 1 packet! Is syncmode enabled?
{Mon 01:05:11 Step:1022} Server_Comm.py: The agent lost 2 consecutive packets! Is syncmode disabled?
{Mon 01:05:11 Step:1025} Server_Comm.py: The agent lost 1 packet! Is syncmode enabled?
{Mon 01:05:11 Step:1028} Server_Comm.py: The agent lost 2 consecutive packets! Is syncmode disabled?
{Mon 01:05:11 Step:1032} Server_Comm.py: The agent lost 2 consecutive packets! Is syncmode disabled?
{Mon 01:05:11 Step:1035} Server_Comm.py: The agent lost 2 consecutive packets! Is syncmode disabled?
{Mon 01:05:11 Step:1037} Server_Comm.py: The agent lost 1 packet! Is syncmode enabled?
{Mon 01:05:11 Step:1040} Server_Comm.py: The agent lost 2 consecutive packets! Is syncmode disabled?
{Mon 01:05:11 Step:1044} Server_Comm.py: The agent lost 2 consecutive packets! Is syncmode disabled?
{Mon 01:05:11 Step:1052} Server_Comm.py: The agent lost 1 packet! Is syncmode enabled?
{Mon 01:05:11 Step:1105} Server_Comm.py: The agent lost 1 packet! Is syncmode enabled?
{Mon 01:05:11 Step:1107} Server_Comm.py: The agent lost 1 packet! Is syncmode enabled?
{Mon 01:05:11 Step:1109} Server_Comm.py: The agent lost 1 packet! Is syncmode enabled?
{Mon 01:05:11 Step:1115} Server_Comm.py: The agent lost 3 consecutive packets! Is syncmode disabled?
{Mon 01:05:11 Step:1120} Server_Comm.py: The agent lost 4 consecutive packets! Is syncmode disabled?
{Mon 01:05:11 Step:1123} Server_Comm.py: The agent lost 2 consecutive packets! Is syncmode disabled?
{Mon 01:05:11 Step:1123} Server_Comm.py: Received a new packet while thinking!
{Mon 01:05:11 Step:1164} Server_Comm.py: The agent lost 40 consecutive packets! Is syncmode disabled?
{Mon 01:05:11 Step:1182} Server_Comm.py: The agent lost 17 consecutive packets! Is syncmode disabled?
{Mon 01:05:11 Step:1188} Server_Comm.py: The agent lost 5 consecutive packets! Is syncmode disabled?
{Mon 01:05:11 Step:1190} Server_Comm.py: The agent lost 1 packet! Is syncmode enabled?
{Mon 01:05:11 Step:1193} Server_Comm.py: The agent lost 1 packet! Is syncmode enabled?
{Mon 01:05:11 Step:1196} Server_Comm.py: The agent lost 2 consecutive packets! Is syncmode disabled?
{Mon 01:05:11 Step:1199} Server_Comm.py: The agent lost 2 consecutive packets! Is syncmode disabled?
{Mon 01:05:11 Step:1202} Server_Comm.py: The agent lost 2 consecutive packets! Is syncmode disabled?
{Mon 01:05:11 Step:1205} Server_Comm.py: The agent lost 1 packet! Is syncmode enabled?
{Mon 01:05:11 Step:1207} Server_Comm.py: The agent lost 1 packet! Is syncmode enabled?
{Mon 01:05:11 Step:1209} Server_Comm.py: The agent lost 1 packet! Is syncmode enabled?
{Mon 01:05:11 Step:1211} Server_Comm.py: The agent lost 1 packet! Is syncmode enabled?
{Mon 01:05:11 Step:1214} Server_Comm.py: The agent lost 2 consecutive packets! Is syncmode disabled?
{Mon 01:05:11 Step:1216} Server_Comm.py: The agent lost 1 packet! Is syncmode enabled?
{Mon 01:05:11 Step:1219} Server_Comm.py: The agent lost 1 packet! Is syncmode enabled?
{Mon 01:05:11 Step:1221} Server_Comm.py: The agent lost 1 packet! Is syncmode enabled?
{Mon 01:05:11 Step:1223} Server_Comm.py: The agent lost 1 packet! Is syncmode enabled?
{Mon 01:05:11 Step:1225} Server_Comm.py: The agent lost 1 packet! Is syncmode enabled?
{Mon 01:05:11 Step:1228} Server_Comm.py: The agent lost 2 consecutive packets! Is syncmode disabled?
{Mon 01:05:11 Step:1233} Server_Comm.py: The agent lost 1 packet! Is syncmode enabled?
{Mon 01:05:11 Step:1235} Server_Comm.py: The agent lost 1 packet! Is syncmode enabled?
{Mon 01:05:11 Step:1237} Server_Comm.py: The agent lost 1 packet! Is syncmode enabled?
{Mon 01:05:11 Step:1239} Server_Comm.py: The agent lost 1 packet! Is syncmode enabled?
{Mon 01:05:11 Step:1243} Server_Comm.py: The agent lost 1 packet! Is syncmode enabled?
{Mon 01:05:11 Step:1245} Server_Comm.py: The agent lost 1 packet! Is syncmode enabled?
{Mon 01:05:11 Step:1247} Server_Comm.py: The agent lost 1 packet! Is syncmode enabled?
{Mon 01:05:11 Step:1249} Server_Comm.py: The agent lost 1 packet! Is syncmode enabled?
{Mon 01:05:11 Step:1251} Server_Comm.py: The agent lost 1 packet! Is syncmode enabled?
{Mon 01:05:11 Step:1253} Server_Comm.py: The agent lost 1 packet! Is syncmode enabled?
{Mon 01:05:11 Step:1256} Server_Comm.py: The agent lost 2 consecutive packets! Is syncmode disabled?
{Mon 01:05:11 Step:1258} Server_Comm.py: The agent lost 1 packet! Is syncmode enabled?
{Mon 01:05:11 Step:1262} Server_Comm.py: The agent lost 3 consecutive packets! Is syncmode disabled?
{Mon 01:05:11 Step:1266} Server_Comm.py: The agent lost 3 consecutive packets! Is syncmode disabled?
{Mon 01:05:11 Step:1268} Server_Comm.py: The agent lost 1 packet! Is syncmode enabled?
{Mon 01:05:11 Step:1271} Server_Comm.py: The agent lost 1 packet! Is syncmode enabled?
{Mon 01:05:11 Step:1274} Server_Comm.py: The agent lost 2 consecutive packets! Is syncmode disabled?
{Mon 01:05:11 Step:1276} Server_Comm.py: The agent lost 1 packet! Is syncmode enabled?
{Mon 01:05:11 Step:1279} Server_Comm.py: The agent lost 1 packet! Is syncmode enabled?
{Mon 01:05:11 Step:1281} Server_Comm.py: The agent lost 1 packet! Is syncmode enabled?
{Mon 01:05:11 Step:1284} Server_Comm.py: The agent lost 2 consecutive packets! Is syncmode disabled?
{Mon 01:05:11 Step:1289} Server_Comm.py: The agent lost 3 consecutive packets! Is syncmode disabled?
{Mon 01:05:11 Step:1293} Server_Comm.py: The agent lost 3 consecutive packets! Is syncmode disabled?
{Mon 01:05:11 Step:1296} Server_Comm.py: The agent lost 2 consecutive packets! Is syncmode disabled?
{Mon 01:05:11 Step:1298} Server_Comm.py: The agent lost 1 packet! Is syncmode enabled?
{Mon 01:05:11 Step:1302} Server_Comm.py: The agent lost 2 consecutive packets! Is syncmode disabled?
{Mon 01:05:11 Step:1304} Server_Comm.py: The agent lost 1 packet! Is syncmode enabled?
{Mon 01:05:11 Step:1307} Server_Comm.py: The agent lost 1 packet! Is syncmode enabled?
{Mon 01:05:11 Step:1310} Server_Comm.py: The agent lost 2 consecutive packets! Is syncmode disabled?
{Mon 01:05:11 Step:1312} Server_Comm.py: The agent lost 1 packet! Is syncmode enabled?
{Mon 01:05:11 Step:1314} Server_Comm.py: The agent lost 1 packet! Is syncmode enabled?
{Mon 01:05:11 Step:1318} Server_Comm.py: The agent lost 2 consecutive packets! Is syncmode disabled?
{Mon 01:05:11 Step:1320} Server_Comm.py: The agent lost 1 packet! Is syncmode enabled?
{Mon 01:05:11 Step:1323} Server_Comm.py: The agent lost 1 packet! Is syncmode enabled?
{Mon 01:05:11 Step:1326} Server_Comm.py: The agent lost 2 consecutive packets! Is syncmode disabled?
{Mon 01:05:11 Step:1328} Server_Comm.py: The agent lost 1 packet! Is syncmode enabled?
{Mon 01:05:11 Step:1330} Server_Comm.py: The agent lost 1 packet! Is syncmode enabled?
{Mon 01:05:11 Step:1335} Server_Comm.py: The agent lost 3 consecutive packets! Is syncmode disabled?
{Mon 01:05:11 Step:1337} Server_Comm.py: The agent lost 1 packet! Is syncmode enabled?
{Mon 01:05:11 Step:1339} Server_Comm.py: The agent lost 1 packet! Is syncmode enabled?
{Mon 01:05:11 Step:1341} Server_Comm.py: The agent lost 1 packet! Is syncmode enabled?
{Mon 01:05:11 Step:1353} Server_Comm.py: The agent lost 1 packet! Is syncmode enabled?
{Mon 01:05:11 Step:1356} Server_Comm.py: The agent lost 2 consecutive packets! Is syncmode disabled?
{Mon 01:05:11 Step:1358} Server_Comm.py: The agent lost 1 packet! Is syncmode enabled?
{Mon 01:05:11 Step:1363} Server_Comm.py: The agent lost 4 consecutive packets! Is syncmode disabled?
{Mon 01:05:11 Step:1368} Server_Comm.py: The agent lost 4 consecutive packets! Is syncmode disabled?
{Mon 01:05:11 Step:1371} Server_Comm.py: The agent lost 2 consecutive packets! Is syncmode disabled?
{Mon 01:05:11 Step:1374} Server_Comm.py: The agent lost 2 consecutive packets! Is syncmode disabled?
{Mon 01:05:11 Step:1377} Server_Comm.py: The agent lost 2 consecutive packets! Is syncmode disabled?
{Mon 01:05:11 Step:1381} Server_Comm.py: The agent lost 3 consecutive packets! Is syncmode disabled?
{Mon 01:05:11 Step:1384} Server_Comm.py: The agent lost 2 consecutive packets! Is syncmode disabled?
{Mon 01:05:11 Step:1388} Server_Comm.py: The agent lost 2 consecutive packets! Is syncmode disabled?
{Mon 01:05:11 Step:1392} Server_Comm.py: The agent lost 2 consecutive packets! Is syncmode disabled?
{Mon 01:05:11 Step:1396} Server_Comm.py: The agent lost 2 consecutive packets! Is syncmode disabled?
{Mon 01:05:11 Step:1398} Server_Comm.py: The agent lost 1 packet! Is syncmode enabled?
{Mon 01:05:11 Step:1400} Server_Comm.py: The agent lost 1 packet! Is syncmode enabled?
{Mon 01:05:11 Step:1404} Server_Comm.py: The agent lost 2 consecutive packets! Is syncmode disabled?
{Mon 01:05:11 Step:1406} Server_Comm.py: The agent lost 1 packet! Is syncmode enabled?
{Mon 01:05:11 Step:1411} Server_Comm.py: The agent lost 1 packet! Is syncmode enabled?
{Mon 01:05:11 Step:1417} Server_Comm.py: The agent lost 1 packet! Is syncmode enabled?
{Mon 01:05:11 Step:1420} Server_Comm.py: The agent lost 2 consecutive packets! Is syncmode disabled?
{Mon 01:05:11 Step:1433} Server_Comm.py: The agent lost 1 packet! Is syncmode enabled?
{Mon 01:05:11 Step:1445} Server_Comm.py: The agent lost 1 packet! Is syncmode enabled?
{Mon 01:05:11 Step:1452} Server_Comm.py: The agent lost 1 packet! Is syncmode enabled?
{Mon 01:05:11 Step:1454} Server_Comm.py: The agent lost 1 packet! Is syncmode enabled?
{Mon 01:05:11 Step:1463} Server_Comm.py: The agent lost 1 packet! Is syncmode enabled?
{Mon 01:05:11 Step:1471} Server_Comm.py: The agent lost 1 packet! Is syncmode enabled?
{Mon 01:05:11 Step:1473} Server_Comm.py: The agent lost 1 packet! Is syncmode enabled?
{Mon 01:05:11 Step:1477} Server_Comm.py: The agent lost 1 packet! Is syncmode enabled?
{Mon 01:05:11 Step:1485} Server_Comm.py: The agent lost 1 packet! Is syncmode enabled?
{Mon 01:05:11 Step:1492} Server_Comm.py: The agent lost 2 consecutive packets! Is syncmode disabled?
{Mon 01:05:11 Step:1496} Server_Comm.py: The agent lost 2 consecutive packets! Is syncmode disabled?
{Mon 01:05:11 Step:1502} Server_Comm.py: The agent lost 5 consecutive packets! Is syncmode disabled?
{Mon 01:05:11 Step:1505} Server_Comm.py: The agent lost 2 consecutive packets! Is syncmode disabled?
{Mon 01:05:11 Step:1509} Server_Comm.py: The agent lost 3 consecutive packets! Is syncmode disabled?
{Mon 01:05:11 Step:1512} Server_Comm.py: The agent lost 2 consecutive packets! Is syncmode disabled?
{Mon 01:05:11 Step:1515} Server_Comm.py: The agent lost 2 consecutive packets! Is syncmode disabled?
{Mon 01:05:11 Step:1519} Server_Comm.py: The agent lost 3 consecutive packets! Is syncmode disabled?
{Mon 01:05:11 Step:1521} Server_Comm.py: The agent lost 1 packet! Is syncmode enabled?
{Mon 01:05:11 Step:1524} Server_Comm.py: The agent lost 2 consecutive packets! Is syncmode disabled?
{Mon 01:05:11 Step:1527} Server_Comm.py: The agent lost 2 consecutive packets! Is syncmode disabled?
{Mon 01:05:11 Step:1530} Server_Comm.py: The agent lost 2 consecutive packets! Is syncmode disabled?
{Mon 01:05:11 Step:1533} Server_Comm.py: The agent lost 1 packet! Is syncmode enabled?
{Mon 01:05:11 Step:1536} Server_Comm.py: The agent lost 2 consecutive packets! Is syncmode disabled?
{Mon 01:05:11 Step:1538} Server_Comm.py: The agent lost 1 packet! Is syncmode enabled?
{Mon 01:05:11 Step:1540} Server_Comm.py: The agent lost 1 packet! Is syncmode enabled?
{Mon 01:05:11 Step:1545} Server_Comm.py: The agent lost 3 consecutive packets! Is syncmode disabled?
{Mon 01:05:11 Step:1549} Server_Comm.py: The agent lost 3 consecutive packets! Is syncmode disabled?
{Mon 01:05:11 Step:1553} Server_Comm.py: The agent lost 3 consecutive packets! Is syncmode disabled?
{Mon 01:05:11 Step:1557} Server_Comm.py: The agent lost 3 consecutive packets! Is syncmode disabled?
{Mon 01:05:11 Step:1561} Server_Comm.py: The agent lost 3 consecutive packets! Is syncmode disabled?
{Mon 01:05:11 Step:1565} Server_Comm.py: The agent lost 3 consecutive packets! Is syncmode disabled?
{Mon 01:05:12 Step:1565} Server_Comm.py: Received a new packet while thinking!
{Mon 01:05:12 Step:1723} Server_Comm.py: The agent lost 157 consecutive packets! Is syncmode disabled?
{Mon 01:05:12 Step:1732} Server_Comm.py: The agent lost 8 consecutive packets! Is syncmode disabled?
{Mon 01:05:12 Step:1735} Server_Comm.py: The agent lost 2 consecutive packets! Is syncmode disabled?
{Mon 01:05:12 Step:1738} Server_Comm.py: The agent lost 2 consecutive packets! Is syncmode disabled?
{Mon 01:05:12 Step:1740} Server_Comm.py: The agent lost 1 packet! Is syncmode enabled?
{Mon 01:05:12 Step:1744} Server_Comm.py: The agent lost 2 consecutive packets! Is syncmode disabled?
{Mon 01:05:12 Step:1748} Server_Comm.py: The agent lost 2 consecutive packets! Is syncmode disabled?
{Mon 01:05:12 Step:1750} Server_Comm.py: The agent lost 1 packet! Is syncmode enabled?
{Mon 01:05:12 Step:1771} Server_Comm.py: The agent lost 1 packet! Is syncmode enabled?
{Mon 01:05:12 Step:1779} Server_Comm.py: The agent lost 1 packet! Is syncmode enabled?
{Mon 01:05:12 Step:1781} Server_Comm.py: The agent lost 1 packet! Is syncmode enabled?
{Mon 01:05:12 Step:1784} Server_Comm.py: The agent lost 1 packet! Is syncmode enabled?
{Mon 01:05:12 Step:1799} Server_Comm.py: The agent lost 1 packet! Is syncmode enabled?
{Mon 01:05:12 Step:1805} Server_Comm.py: The agent lost 1 packet! Is syncmode enabled?
{Mon 01:05:12 Step:1809} Server_Comm.py: The agent lost 1 packet! Is syncmode enabled?
{Mon 01:05:12 Step:1811} Server_Comm.py: The agent lost 1 packet! Is syncmode enabled?
{Mon 01:05:12 Step:1813} Server_Comm.py: The agent lost 1 packet! Is syncmode enabled?
{Mon 01:05:12 Step:1815} Server_Comm.py: The agent lost 1 packet! Is syncmode enabled?
{Mon 01:05:12 Step:1817} Server_Comm.py: The agent lost 1 packet! Is syncmode enabled?
{Mon 01:05:12 Step:1819} Server_Comm.py: The agent lost 1 packet! Is syncmode enabled?
{Mon 01:05:12 Step:1821} Server_Comm.py: The agent lost 1 packet! Is syncmode enabled?
{Mon 01:05:12 Step:1823} Server_Comm.py: The agent lost 1 packet! Is syncmode enabled?
{Mon 01:05:12 Step:1827} Server_Comm.py: The agent lost 1 packet! Is syncmode enabled?
{Mon 01:05:12 Step:1829} Server_Comm.py: The agent lost 1 packet! Is syncmode enabled?
{Mon 01:05:12 Step:1831} Server_Comm.py: The agent lost 1 packet! Is syncmode enabled?
{Mon 01:05:12 Step:1835} Server_Comm.py: The agent lost 1 packet! Is syncmode enabled?
{Mon 01:05:12 Step:1841} Server_Comm.py: The agent lost 1 packet! Is syncmode enabled?
{Mon 01:05:12 Step:1848} Server_Comm.py: The agent lost 2 consecutive packets! Is syncmode disabled?
{Mon 01:05:12 Step:1850} Server_Comm.py: The agent lost 1 packet! Is syncmode enabled?
{Mon 01:05:12 Step:1858} Server_Comm.py: The agent lost 6 consecutive packets! Is syncmode disabled?
{Mon 01:05:12 Step:1861} Server_Comm.py: The agent lost 2 consecutive packets! Is syncmode disabled?
{Mon 01:05:12 Step:1865} Server_Comm.py: The agent lost 3 consecutive packets! Is syncmode disabled?
{Mon 01:05:12 Step:1868} Server_Comm.py: The agent lost 2 consecutive packets! Is syncmode disabled?
{Mon 01:05:12 Step:1870} Server_Comm.py: The agent lost 1 packet! Is syncmode enabled?
{Mon 01:05:12 Step:1873} Server_Comm.py: The agent lost 1 packet! Is syncmode enabled?
{Mon 01:05:12 Step:1875} Server_Comm.py: The agent lost 1 packet! Is syncmode enabled?
{Mon 01:05:12 Step:1878} Server_Comm.py: The agent lost 2 consecutive packets! Is syncmode disabled?
{Mon 01:05:12 Step:1880} Server_Comm.py: The agent lost 1 packet! Is syncmode enabled?
{Mon 01:05:12 Step:1882} Server_Comm.py: The agent lost 1 packet! Is syncmode enabled?
{Mon 01:05:12 Step:1887} Server_Comm.py: The agent lost 3 consecutive packets! Is syncmode disabled?
{Mon 01:05:12 Step:1891} Server_Comm.py: The agent lost 3 consecutive packets! Is syncmode disabled?
{Mon 01:05:12 Step:1894} Server_Comm.py: The agent lost 2 consecutive packets! Is syncmode disabled?
{Mon 01:05:12 Step:1899} Server_Comm.py: The agent lost 3 consecutive packets! Is syncmode disabled?
{Mon 01:05:12 Step:1903} Server_Comm.py: The agent lost 3 consecutive packets! Is syncmode disabled?
{Mon 01:05:12 Step:1906} Server_Comm.py: The agent lost 2 consecutive packets! Is syncmode disabled?
{Mon 01:05:12 Step:1908} Server_Comm.py: The agent lost 1 packet! Is syncmode enabled?
{Mon 01:05:12 Step:1910} Server_Comm.py: The agent lost 1 packet! Is syncmode enabled?
{Mon 01:05:12 Step:1912} Server_Comm.py: The agent lost 1 packet! Is syncmode enabled?
{Mon 01:05:12 Step:1916} Server_Comm.py: The agent lost 2 consecutive packets! Is syncmode disabled?
{Mon 01:05:12 Step:1920} Server_Comm.py: The agent lost 2 consecutive packets! Is syncmode disabled?
{Mon 01:05:12 Step:1922} Server_Comm.py: The agent lost 1 packet! Is syncmode enabled?
{Mon 01:05:12 Step:1924} Server_Comm.py: The agent lost 1 packet! Is syncmode enabled?
{Mon 01:05:12 Step:1928} Server_Comm.py: The agent lost 2 consecutive packets! Is syncmode disabled?
{Mon 01:05:12 Step:1932} Server_Comm.py: The agent lost 2 consecutive packets! Is syncmode disabled?
{Mon 01:05:12 Step:1934} Server_Comm.py: The agent lost 1 packet! Is syncmode enabled?
{Mon 01:05:12 Step:1937} Server_Comm.py: The agent lost 1 packet! Is syncmode enabled?
{Mon 01:05:12 Step:1940} Server_Comm.py: The agent lost 2 consecutive packets! Is syncmode disabled?
{Mon 01:05:12 Step:1942} Server_Comm.py: The agent lost 1 packet! Is syncmode enabled?
{Mon 01:05:12 Step:1946} Server_Comm.py: The agent lost 2 consecutive packets! Is syncmode disabled?
{Mon 01:05:12 Step:1948} Server_Comm.py: The agent lost 1 packet! Is syncmode enabled?
{Mon 01:05:12 Step:1952} Server_Comm.py: The agent lost 2 consecutive packets! Is syncmode disabled?
{Mon 01:05:12 Step:1954} Server_Comm.py: The agent lost 1 packet! Is syncmode enabled?
{Mon 01:05:12 Step:1956} Server_Comm.py: The agent lost 1 packet! Is syncmode enabled?
{Mon 01:05:12 Step:1958} Server_Comm.py: The agent lost 1 packet! Is syncmode enabled?
{Mon 01:05:12 Step:1962} Server_Comm.py: The agent lost 2 consecutive packets! Is syncmode disabled?
{Mon 01:05:12 Step:1964} Server_Comm.py: The agent lost 1 packet! Is syncmode enabled?
{Mon 01:05:12 Step:1968} Server_Comm.py: The agent lost 2 consecutive packets! Is syncmode disabled?
{Mon 01:05:12 Step:1970} Server_Comm.py: The agent lost 1 packet! Is syncmode enabled?
{Mon 01:05:12 Step:1972} Server_Comm.py: The agent lost 1 packet! Is syncmode enabled?
{Mon 01:05:12 Step:1976} Server_Comm.py: The agent lost 2 consecutive packets! Is syncmode disabled?
{Mon 01:05:12 Step:1978} Server_Comm.py: The agent lost 1 packet! Is syncmode enabled?
{Mon 01:05:12 Step:1983} Server_Comm.py: The agent lost 4 consecutive packets! Is syncmode disabled?
{Mon 01:05:12 Step:1988} Server_Comm.py: The agent lost 4 consecutive packets! Is syncmode disabled?
{Mon 01:05:12 Step:1990} Server_Comm.py: The agent lost 1 packet! Is syncmode enabled?
{Mon 01:05:12 Step:1993} Server_Comm.py: The agent lost 1 packet! Is syncmode enabled?
{Mon 01:05:12 Step:1996} Server_Comm.py: The agent lost 2 consecutive packets! Is syncmode disabled?
{Mon 01:05:12 Step:1998} Server_Comm.py: The agent lost 1 packet! Is syncmode enabled?
{Mon 01:05:12 Step:2003} Server_Comm.py: The agent lost 3 consecutive packets! Is syncmode disabled?
{Mon 01:05:12 Step:2007} Server_Comm.py: The agent lost 3 consecutive packets! Is syncmode disabled?
{Mon 01:05:12 Step:2011} Server_Comm.py: The agent lost 3 consecutive packets! Is syncmode disabled?
{Mon 01:05:12 Step:2014} Server_Comm.py: The agent lost 2 consecutive packets! Is syncmode disabled?
{Mon 01:05:12 Step:2016} Server_Comm.py: The agent lost 1 packet! Is syncmode enabled?
{Mon 01:05:12 Step:2020} Server_Comm.py: The agent lost 2 consecutive packets! Is syncmode disabled?
{Mon 01:05:12 Step:2022} Server_Comm.py: The agent lost 1 packet! Is syncmode enabled?
{Mon 01:05:12 Step:2025} Server_Comm.py: The agent lost 1 packet! Is syncmode enabled?
{Mon 01:05:12 Step:2028} Server_Comm.py: The agent lost 2 consecutive packets! Is syncmode disabled?
{Mon 01:05:12 Step:2030} Server_Comm.py: The agent lost 1 packet! Is syncmode enabled?
{Mon 01:05:12 Step:2032} Server_Comm.py: The agent lost 1 packet! Is syncmode enabled?
{Mon 01:05:12 Step:2037} Server_Comm.py: The agent lost 3 consecutive packets! Is syncmode disabled?
{Mon 01:05:12 Step:2040} Server_Comm.py: The agent lost 2 consecutive packets! Is syncmode disabled?
{Mon 01:05:12 Step:2042} Server_Comm.py: The agent lost 1 packet! Is syncmode enabled?
{Mon 01:05:12 Step:2046} Server_Comm.py: The agent lost 2 consecutive packets! Is syncmode disabled?
{Mon 01:05:12 Step:2051} Server_Comm.py: The agent lost 1 packet! Is syncmode enabled?
{Mon 01:05:12 Step:2057} Server_Comm.py: The agent lost 1 packet! Is syncmode enabled?
{Mon 01:05:12 Step:2063} Server_Comm.py: The agent lost 2 consecutive packets! Is syncmode disabled?
{Mon 01:05:12 Step:2065} Server_Comm.py: The agent lost 1 packet! Is syncmode enabled?
{Mon 01:05:12 Step:2069} Server_Comm.py: The agent lost 1 packet! Is syncmode enabled?
{Mon 01:05:12 Step:2073} Server_Comm.py: The agent lost 1 packet! Is syncmode enabled?
{Mon 01:05:12 Step:2077} Server_Comm.py: The agent lost 1 packet! Is syncmode enabled?
{Mon 01:05:12 Step:2093} Server_Comm.py: The agent lost 1 packet! Is syncmode enabled?
{Mon 01:05:12 Step:2119} Server_Comm.py: The agent lost 1 packet! Is syncmode enabled?
{Mon 01:05:12 Step:2122} Server_Comm.py: The agent lost 2 consecutive packets! Is syncmode disabled?
{Mon 01:05:12 Step:2140} Server_Comm.py: The agent lost 16 consecutive packets! Is syncmode disabled?
{Mon 01:05:12 Step:2146} Server_Comm.py: The agent lost 5 consecutive packets! Is syncmode disabled?
{Mon 01:05:12 Step:2148} Server_Comm.py: The agent lost 1 packet! Is syncmode enabled?
{Mon 01:05:12 Step:2152} Server_Comm.py: The agent lost 2 consecutive packets! Is syncmode disabled?
{Mon 01:05:12 Step:2154} Server_Comm.py: The agent lost 1 packet! Is syncmode enabled?
{Mon 01:05:12 Step:2157} Server_Comm.py: The agent lost 1 packet! Is syncmode enabled?
{Mon 01:05:12 Step:2160} Server_Comm.py: The agent lost 2 consecutive packets! Is syncmode disabled?
{Mon 01:05:12 Step:2161} Server_Comm.py: Received a new packet while thinking!
{Mon 01:05:12 Step:2307} Server_Comm.py: The agent lost 145 consecutive packets! Is syncmode disabled?
{Mon 01:05:12 Step:2317} Server_Comm.py: The agent lost 9 consecutive packets! Is syncmode disabled?
{Mon 01:05:12 Step:2323} Server_Comm.py: The agent lost 5 consecutive packets! Is syncmode disabled?
{Mon 01:05:12 Step:2325} Server_Comm.py: The agent lost 1 packet! Is syncmode enabled?
{Mon 01:05:12 Step:2327} Server_Comm.py: The agent lost 1 packet! Is syncmode enabled?
{Mon 01:05:12 Step:2331} Server_Comm.py: The agent lost 1 packet! Is syncmode enabled?
{Mon 01:05:12 Step:2339} Server_Comm.py: The agent lost 1 packet! Is syncmode enabled?
{Mon 01:05:12 Step:2343} Server_Comm.py: The agent lost 1 packet! Is syncmode enabled?
{Mon 01:05:12 Step:2351} Server_Comm.py: The agent lost 1 packet! Is syncmode enabled?
{Mon 01:05:12 Step:2361} Server_Comm.py: The agent lost 1 packet! Is syncmode enabled?
{Mon 01:05:12 Step:2418} Server_Comm.py: The agent lost 4 consecutive packets! Is syncmode disabled?
{Mon 01:05:12 Step:2423} Server_Comm.py: The agent lost 4 consecutive packets! Is syncmode disabled?
{Mon 01:05:12 Step:2430} Server_Comm.py: The agent lost 6 consecutive packets! Is syncmode disabled?
{Mon 01:05:12 Step:2445} Server_Comm.py: The agent lost 14 consecutive packets! Is syncmode disabled?
{Mon 01:05:12 Step:2451} Server_Comm.py: The agent lost 5 consecutive packets! Is syncmode disabled?
{Mon 01:05:12 Step:2455} Server_Comm.py: The agent lost 3 consecutive packets! Is syncmode disabled?
{Mon 01:05:12 Step:2460} Server_Comm.py: The agent lost 4 consecutive packets! Is syncmode disabled?
{Mon 01:05:12 Step:2463} Server_Comm.py: The agent lost 2 consecutive packets! Is syncmode disabled?
{Mon 01:05:12 Step:2466} Server_Comm.py: The agent lost 2 consecutive packets! Is syncmode disabled?
{Mon 01:05:12 Step:2468} Server_Comm.py: The agent lost 1 packet! Is syncmode enabled?
{Mon 01:05:12 Step:2470} Server_Comm.py: The agent lost 1 packet! Is syncmode enabled?
{Mon 01:05:12 Step:2472} Server_Comm.py: The agent lost 1 packet! Is syncmode enabled?
{Mon 01:05:12 Step:2476} Server_Comm.py: The agent lost 2 consecutive packets! Is syncmode disabled?
{Mon 01:05:12 Step:2478} Server_Comm.py: The agent lost 1 packet! Is syncmode enabled?
{Mon 01:05:12 Step:2482} Server_Comm.py: The agent lost 2 consecutive packets! Is syncmode disabled?
{Mon 01:05:12 Step:2484} Server_Comm.py: The agent lost 1 packet! Is syncmode enabled?
{Mon 01:05:12 Step:2487} Server_Comm.py: The agent lost 1 packet! Is syncmode enabled?
{Mon 01:05:12 Step:2489} Server_Comm.py: The agent lost 1 packet! Is syncmode enabled?
{Mon 01:05:12 Step:2493} Server_Comm.py: The agent lost 3 consecutive packets! Is syncmode disabled?
{Mon 01:05:12 Step:2497} Server_Comm.py: The agent lost 3 consecutive packets! Is syncmode disabled?
{Mon 01:05:12 Step:2499} Server_Comm.py: The agent lost 1 packet! Is syncmode enabled?
{Mon 01:05:12 Step:2502} Server_Comm.py: The agent lost 2 consecutive packets! Is syncmode disabled?
{Mon 01:05:12 Step:2507} Server_Comm.py: The agent lost 1 packet! Is syncmode enabled?
{Mon 01:05:12 Step:2557} Server_Comm.py: The agent lost 1 packet! Is syncmode enabled?
{Mon 01:05:12 Step:2559} Server_Comm.py: The agent lost 1 packet! Is syncmode enabled?
{Mon 01:05:12 Step:2566} Server_Comm.py: The agent lost 1 packet! Is syncmode enabled?
{Mon 01:05:12 Step:2605} Server_Comm.py: The agent lost 31 consecutive packets! Is syncmode disabled?
{Mon 01:05:12 Step:2617} Server_Comm.py: The agent lost 11 consecutive packets! Is syncmode disabled?
{Mon 01:05:12 Step:2624} Server_Comm.py: The agent lost 6 consecutive packets! Is syncmode disabled?
{Mon 01:05:12 Step:2629} Server_Comm.py: The agent lost 4 consecutive packets! Is syncmode disabled?
{Mon 01:05:12 Step:2633} Server_Comm.py: The agent lost 3 consecutive packets! Is syncmode disabled?
{Mon 01:05:12 Step:2635} Server_Comm.py: The agent lost 1 packet! Is syncmode enabled?
{Mon 01:05:12 Step:2637} Server_Comm.py: The agent lost 1 packet! Is syncmode enabled?
{Mon 01:05:12 Step:2639} Server_Comm.py: The agent lost 1 packet! Is syncmode enabled?
{Mon 01:05:12 Step:2643} Server_Comm.py: The agent lost 1 packet! Is syncmode enabled?
{Mon 01:05:12 Step:2649} Server_Comm.py: The agent lost 1 packet! Is syncmode enabled?
{Mon 01:05:12 Step:2654} Server_Comm.py: The agent lost 2 consecutive packets! Is syncmode disabled?
{Mon 01:05:12 Step:2667} Server_Comm.py: The agent lost 1 packet! Is syncmode enabled?
{Mon 01:05:12 Step:2669} Server_Comm.py: The agent lost 1 packet! Is syncmode enabled?
{Mon 01:05:12 Step:2674} Server_Comm.py: The agent lost 1 packet! Is syncmode enabled?
{Mon 01:05:12 Step:2677} Server_Comm.py: The agent lost 1 packet! Is syncmode enabled?
{Mon 01:05:12 Step:2679} Server_Comm.py: The agent lost 1 packet! Is syncmode enabled?
{Mon 01:05:12 Step:2729} Server_Comm.py: The agent lost 1 packet! Is syncmode enabled?
{Mon 01:05:12 Step:2731} Server_Comm.py: The agent lost 1 packet! Is syncmode enabled?
{Mon 01:05:12 Step:2737} Server_Comm.py: The agent lost 5 consecutive packets! Is syncmode disabled?
{Mon 01:05:12 Step:2741} Server_Comm.py: The agent lost 3 consecutive packets! Is syncmode disabled?
{Mon 01:05:12 Step:2744} Server_Comm.py: The agent lost 2 consecutive packets! Is syncmode disabled?
{Mon 01:05:12 Step:2747} Server_Comm.py: The agent lost 1 packet! Is syncmode enabled?
{Mon 01:05:12 Step:2751} Server_Comm.py: The agent lost 3 consecutive packets! Is syncmode disabled?
{Mon 01:05:12 Step:2754} Server_Comm.py: The agent lost 2 consecutive packets! Is syncmode disabled?
{Mon 01:05:12 Step:2756} Server_Comm.py: The agent lost 1 packet! Is syncmode enabled?
{Mon 01:05:12 Step:2758} Server_Comm.py: The agent lost 1 packet! Is syncmode enabled?
{Mon 01:05:12 Step:2760} Server_Comm.py: The agent lost 1 packet! Is syncmode enabled?
{Mon 01:05:12 Step:2763} Server_Comm.py: The agent lost 1 packet! Is syncmode enabled?
{Mon 01:05:12 Step:2765} Server_Comm.py: The agent lost 1 packet! Is syncmode enabled?
{Mon 01:05:12 Step:2768} Server_Comm.py: The agent lost 2 consecutive packets! Is syncmode disabled?
{Mon 01:05:12 Step:2772} Server_Comm.py: The agent lost 2 consecutive packets! Is syncmode disabled?
{Mon 01:05:12 Step:2774} Server_Comm.py: The agent lost 1 packet! Is syncmode enabled?
{Mon 01:05:12 Step:2777} Server_Comm.py: The agent lost 1 packet! Is syncmode enabled?
{Mon 01:05:12 Step:2779} Server_Comm.py: The agent lost 1 packet! Is syncmode enabled?
{Mon 01:05:12 Step:2782} Server_Comm.py: The agent lost 2 consecutive packets! Is syncmode disabled?
{Mon 01:05:12 Step:2784} Server_Comm.py: The agent lost 1 packet! Is syncmode enabled?
{Mon 01:05:12 Step:2787} Server_Comm.py: The agent lost 1 packet! Is syncmode enabled?
{Mon 01:05:12 Step:2791} Server_Comm.py: The agent lost 3 consecutive packets! Is syncmode disabled?
{Mon 01:05:12 Step:2797} Server_Comm.py: The agent lost 1 packet! Is syncmode enabled?
{Mon 01:05:12 Step:2806} Server_Comm.py: The agent lost 1 packet! Is syncmode enabled?
{Mon 01:05:12 Step:2808} Server_Comm.py: The agent lost 1 packet! Is syncmode enabled?
{Mon 01:05:12 Step:2828} Server_Comm.py: The agent lost 1 packet! Is syncmode enabled?
{Mon 01:05:12 Step:2830} Server_Comm.py: The agent lost 1 packet! Is syncmode enabled?
{Mon 01:05:12 Step:2832} Server_Comm.py: The agent lost 1 packet! Is syncmode enabled?
{Mon 01:05:12 Step:2842} Server_Comm.py: The agent lost 1 packet! Is syncmode enabled?
{Mon 01:05:12 Step:2844} Server_Comm.py: The agent lost 1 packet! Is syncmode enabled?
{Mon 01:05:12 Step:2852} Server_Comm.py: The agent lost 2 consecutive packets! Is syncmode disabled?
{Mon 01:05:12 Step:2854} Server_Comm.py: The agent lost 1 packet! Is syncmode enabled?
{Mon 01:05:12 Step:2856} Server_Comm.py: The agent lost 1 packet! Is syncmode enabled?
{Mon 01:05:12 Step:2859} Server_Comm.py: The agent lost 1 packet! Is syncmode enabled?
{Mon 01:05:12 Step:2863} Server_Comm.py: The agent lost 1 packet! Is syncmode enabled?
{Mon 01:05:12 Step:2866} Server_Comm.py: The agent lost 2 consecutive packets! Is syncmode disabled?
{Mon 01:05:12 Step:2868} Server_Comm.py: The agent lost 1 packet! Is syncmode enabled?
{Mon 01:05:12 Step:2871} Server_Comm.py: The agent lost 1 packet! Is syncmode enabled?
{Mon 01:05:12 Step:2874} Server_Comm.py: The agent lost 1 packet! Is syncmode enabled?
{Mon 01:05:12 Step:2877} Server_Comm.py: The agent lost 2 consecutive packets! Is syncmode disabled?
{Mon 01:05:12 Step:2883} Server_Comm.py: The agent lost 5 consecutive packets! Is syncmode disabled?
{Mon 01:05:12 Step:2883} Server_Comm.py: Received a new packet while thinking!
{Mon 01:05:12 Step:3110} Server_Comm.py: The agent lost 226 consecutive packets! Is syncmode disabled?
{Mon 01:05:12 Step:3110} Server_Comm.py: Received a new packet while on world.update()!
{Mon 01:05:12 Step:3114} Server_Comm.py: The agent lost 3 consecutive packets! Is syncmode disabled?
{Mon 01:05:13 Step:3114} Server_Comm.py: Received a new packet while on world.update()!
{Mon 01:05:13 Step:3116} Server_Comm.py: The agent lost 1 packet! Is syncmode enabled?
{Mon 01:05:13 Step:3116} Server_Comm.py: Received a new packet while on world.update()!
{Mon 01:05:13 Step:3119} Server_Comm.py: The agent lost 2 consecutive packets! Is syncmode disabled?
{Mon 01:05:13 Step:3119} Server_Comm.py: Received a new packet while on world.update()!
{Mon 01:05:13 Step:3124} Server_Comm.py: The agent lost 4 consecutive packets! Is syncmode disabled?
{Mon 01:05:13 Step:3124} Server_Comm.py: Received a new packet while on world.update()!
{Mon 01:05:13 Step:3126} Server_Comm.py: The agent lost 1 packet! Is syncmode enabled?
{Mon 01:05:13 Step:3126} Server_Comm.py: Received a new packet while on world.update()!
{Mon 01:05:13 Step:3128} Server_Comm.py: The agent lost 1 packet! Is syncmode enabled?
{Mon 01:05:13 Step:3128} Server_Comm.py: Received a new packet while on world.update()!
{Mon 01:05:13 Step:3130} Server_Comm.py: The agent lost 1 packet! Is syncmode enabled?
{Mon 01:05:13 Step:3130} Server_Comm.py: Received a new packet while on world.update()!
{Mon 01:05:13 Step:3134} Server_Comm.py: The agent lost 3 consecutive packets! Is syncmode disabled?
{Mon 01:05:13 Step:3134} Server_Comm.py: Received a new packet while on world.update()!
{Mon 01:05:13 Step:3136} Server_Comm.py: The agent lost 1 packet! Is syncmode enabled?
{Mon 01:05:13 Step:3136} Server_Comm.py: Received a new packet while on world.update()!
{Mon 01:05:13 Step:3140} Server_Comm.py: The agent lost 3 consecutive packets! Is syncmode disabled?
{Mon 01:05:13 Step:3140} Server_Comm.py: Received a new packet while on world.update()!
{Mon 01:05:13 Step:3142} Server_Comm.py: The agent lost 1 packet! Is syncmode enabled?
{Mon 01:05:13 Step:3142} Server_Comm.py: Received a new packet while on world.update()!
{Mon 01:05:13 Step:3143} Server_Comm.py: Received a new packet while on world.update()!
{Mon 01:05:13 Step:3150} Server_Comm.py: The agent lost 6 consecutive packets! Is syncmode disabled?
{Mon 01:05:13 Step:3150} Server_Comm.py: Received a new packet while on world.update()!
{Mon 01:05:13 Step:3153} Server_Comm.py: The agent lost 2 consecutive packets! Is syncmode disabled?
{Mon 01:05:13 Step:3153} Server_Comm.py: Received a new packet while on world.update()!
{Mon 01:05:13 Step:3157} Server_Comm.py: The agent lost 3 consecutive packets! Is syncmode disabled?
{Mon 01:05:13 Step:3157} Server_Comm.py: Received a new packet while on world.update()!
{Mon 01:05:13 Step:3162} Server_Comm.py: The agent lost 4 consecutive packets! Is syncmode disabled?
{Mon 01:05:13 Step:3165} Server_Comm.py: The agent lost 2 consecutive packets! Is syncmode disabled?
{Mon 01:05:13 Step:3169} Server_Comm.py: The agent lost 3 consecutive packets! Is syncmode disabled?
{Mon 01:05:13 Step:3172} Server_Comm.py: The agent lost 2 consecutive packets! Is syncmode disabled?
{Mon 01:05:13 Step:3174} Server_Comm.py: The agent lost 1 packet! Is syncmode enabled?
{Mon 01:05:13 Step:3177} Server_Comm.py: The agent lost 1 packet! Is syncmode enabled?
{Mon 01:05:13 Step:3179} Server_Comm.py: The agent lost 1 packet! Is syncmode enabled?
{Mon 01:05:13 Step:3181} Server_Comm.py: The agent lost 1 packet! Is syncmode enabled?
{Mon 01:05:13 Step:3184} Server_Comm.py: The agent lost 2 consecutive packets! Is syncmode disabled?
{Mon 01:05:13 Step:3186} Server_Comm.py: The agent lost 1 packet! Is syncmode enabled?
{Mon 01:05:13 Step:3189} Server_Comm.py: The agent lost 1 packet! Is syncmode enabled?
{Mon 01:05:13 Step:3192} Server_Comm.py: The agent lost 2 consecutive packets! Is syncmode disabled?
{Mon 01:05:13 Step:3194} Server_Comm.py: The agent lost 1 packet! Is syncmode enabled?
{Mon 01:05:13 Step:3196} Server_Comm.py: The agent lost 1 packet! Is syncmode enabled?
{Mon 01:05:13 Step:3200} Server_Comm.py: The agent lost 2 consecutive packets! Is syncmode disabled?
{Mon 01:05:13 Step:3203} Server_Comm.py: The agent lost 1 packet! Is syncmode enabled?
{Mon 01:05:13 Step:3205} Server_Comm.py: The agent lost 1 packet! Is syncmode enabled?
{Mon 01:05:13 Step:3208} Server_Comm.py: The agent lost 2 consecutive packets! Is syncmode disabled?
{Mon 01:05:13 Step:3211} Server_Comm.py: The agent lost 1 packet! Is syncmode enabled?
{Mon 01:05:13 Step:3246} Server_Comm.py: The agent lost 1 packet! Is syncmode enabled?
{Mon 01:05:13 Step:3248} Server_Comm.py: The agent lost 1 packet! Is syncmode enabled?
{Mon 01:05:13 Step:3251} Server_Comm.py: The agent lost 2 consecutive packets! Is syncmode disabled?
{Mon 01:05:13 Step:3253} Server_Comm.py: The agent lost 1 packet! Is syncmode enabled?
{Mon 01:05:13 Step:3255} Server_Comm.py: The agent lost 1 packet! Is syncmode enabled?
{Mon 01:05:13 Step:3257} Server_Comm.py: The agent lost 1 packet! Is syncmode enabled?
{Mon 01:05:13 Step:3260} Server_Comm.py: The agent lost 2 consecutive packets! Is syncmode disabled?
{Mon 01:05:13 Step:3262} Server_Comm.py: The agent lost 1 packet! Is syncmode enabled?
{Mon 01:05:13 Step:3265} Server_Comm.py: The agent lost 2 consecutive packets! Is syncmode disabled?
{Mon 01:05:13 Step:3268} Server_Comm.py: The agent lost 2 consecutive packets! Is syncmode disabled?
{Mon 01:05:13 Step:3270} Server_Comm.py: The agent lost 1 packet! Is syncmode enabled?
{Mon 01:05:13 Step:3273} Server_Comm.py: The agent lost 2 consecutive packets! Is syncmode disabled?
{Mon 01:05:13 Step:3276} Server_Comm.py: The agent lost 2 consecutive packets! Is syncmode disabled?
{Mon 01:05:13 Step:3278} Server_Comm.py: The agent lost 1 packet! Is syncmode enabled?
{Mon 01:05:13 Step:3281} Server_Comm.py: The agent lost 2 consecutive packets! Is syncmode disabled?
{Mon 01:05:13 Step:3284} Server_Comm.py: The agent lost 2 consecutive packets! Is syncmode disabled?
{Mon 01:05:13 Step:3287} Server_Comm.py: The agent lost 2 consecutive packets! Is syncmode disabled?
{Mon 01:05:13 Step:3289} Server_Comm.py: The agent lost 1 packet! Is syncmode enabled?
{Mon 01:05:13 Step:3292} Server_Comm.py: The agent lost 2 consecutive packets! Is syncmode disabled?
{Mon 01:05:13 Step:3294} Server_Comm.py: The agent lost 1 packet! Is syncmode enabled?
{Mon 01:05:13 Step:3297} Server_Comm.py: The agent lost 2 consecutive packets! Is syncmode disabled?
{Mon 01:05:13 Step:3300} Server_Comm.py: The agent lost 2 consecutive packets! Is syncmode disabled?
{Mon 01:05:13 Step:3303} Server_Comm.py: The agent lost 2 consecutive packets! Is syncmode disabled?
{Mon 01:05:13 Step:3306} Server_Comm.py: The agent lost 2 consecutive packets! Is syncmode disabled?
{Mon 01:05:13 Step:3309} Server_Comm.py: The agent lost 2 consecutive packets! Is syncmode disabled?
{Mon 01:05:13 Step:3312} Server_Comm.py: The agent lost 2 consecutive packets! Is syncmode disabled?
{Mon 01:05:13 Step:3314} Server_Comm.py: The agent lost 1 packet! Is syncmode enabled?
{Mon 01:05:13 Step:3316} Server_Comm.py: The agent lost 1 packet! Is syncmode enabled?
{Mon 01:05:13 Step:3318} Server_Comm.py: The agent lost 1 packet! Is syncmode enabled?
{Mon 01:05:13 Step:3320} Server_Comm.py: The agent lost 1 packet! Is syncmode enabled?
{Mon 01:05:13 Step:3322} Server_Comm.py: The agent lost 1 packet! Is syncmode enabled?
{Mon 01:05:13 Step:3325} Server_Comm.py: The agent lost 2 consecutive packets! Is syncmode disabled?
{Mon 01:05:13 Step:3331} Server_Comm.py: The agent lost 5 consecutive packets! Is syncmode disabled?
{Mon 01:05:13 Step:3348} Server_Comm.py: The agent lost 16 consecutive packets! Is syncmode disabled?
{Mon 01:05:13 Step:3352} Server_Comm.py: The agent lost 3 consecutive packets! Is syncmode disabled?
{Mon 01:05:13 Step:3354} Server_Comm.py: The agent lost 1 packet! Is syncmode enabled?
{Mon 01:05:13 Step:3358} Server_Comm.py: The agent lost 2 consecutive packets! Is syncmode disabled?
{Mon 01:05:13 Step:3361} Server_Comm.py: The agent lost 1 packet! Is syncmode enabled?
{Mon 01:05:13 Step:3363} Server_Comm.py: The agent lost 1 packet! Is syncmode enabled?
{Mon 01:05:13 Step:3365} Server_Comm.py: The agent lost 1 packet! Is syncmode enabled?
{Mon 01:05:13 Step:3368} Server_Comm.py: The agent lost 2 consecutive packets! Is syncmode disabled?
{Mon 01:05:13 Step:3368} Server_Comm.py: Received a new packet while thinking!
{Mon 01:05:13 Step:3451} Server_Comm.py: The agent lost 82 consecutive packets! Is syncmode disabled?
{Mon 01:05:13 Step:3451} Server_Comm.py: Received a new packet while on world.update()!
{Mon 01:05:13 Step:3453} Server_Comm.py: The agent lost 1 packet! Is syncmode enabled?
{Mon 01:05:13 Step:3453} Server_Comm.py: Received a new packet while on world.update()!
{Mon 01:05:13 Step:3455} Server_Comm.py: The agent lost 1 packet! Is syncmode enabled?
{Mon 01:05:13 Step:3455} Server_Comm.py: Received a new packet while on world.update()!
{Mon 01:05:13 Step:3457} Server_Comm.py: The agent lost 1 packet! Is syncmode enabled?
{Mon 01:05:13 Step:3457} Server_Comm.py: Received a new packet while on world.update()!
{Mon 01:05:13 Step:3459} Server_Comm.py: The agent lost 1 packet! Is syncmode enabled?
{Mon 01:05:13 Step:3459} Server_Comm.py: Received a new packet while thinking!
{Mon 01:05:13 Step:3465} Server_Comm.py: The agent lost 1 packet! Is syncmode enabled?
{Mon 01:05:13 Step:3476} Server_Comm.py: The agent lost 1 packet! Is syncmode enabled?
{Mon 01:05:13 Step:3489} Server_Comm.py: The agent lost 1 packet! Is syncmode enabled?
{Mon 01:05:13 Step:3492} Server_Comm.py: The agent lost 1 packet! Is syncmode enabled?
{Mon 01:05:13 Step:3494} Server_Comm.py: The agent lost 1 packet! Is syncmode enabled?
{Mon 01:05:13 Step:3535} Server_Comm.py: The agent lost 1 packet! Is syncmode enabled?
{Mon 01:05:13 Step:3548} Server_Comm.py: The agent lost 2 consecutive packets! Is syncmode disabled?
{Mon 01:05:13 Step:3551} Server_Comm.py: The agent lost 2 consecutive packets! Is syncmode disabled?
{Mon 01:05:13 Step:3553} Server_Comm.py: The agent lost 1 packet! Is syncmode enabled?
{Mon 01:05:13 Step:3555} Server_Comm.py: The agent lost 1 packet! Is syncmode enabled?
{Mon 01:05:13 Step:3557} Server_Comm.py: The agent lost 1 packet! Is syncmode enabled?
{Mon 01:05:13 Step:3559} Server_Comm.py: The agent lost 1 packet! Is syncmode enabled?
{Mon 01:05:13 Step:3561} Server_Comm.py: The agent lost 1 packet! Is syncmode enabled?
{Mon 01:05:13 Step:3565} Server_Comm.py: The agent lost 3 consecutive packets! Is syncmode disabled?
{Mon 01:05:13 Step:3570} Server_Comm.py: The agent lost 4 consecutive packets! Is syncmode disabled?
{Mon 01:05:13 Step:3574} Server_Comm.py: The agent lost 3 consecutive packets! Is syncmode disabled?
{Mon 01:05:13 Step:3577} Server_Comm.py: The agent lost 2 consecutive packets! Is syncmode disabled?
{Mon 01:05:13 Step:3587} Server_Comm.py: The agent lost 9 consecutive packets! Is syncmode disabled?
{Mon 01:05:13 Step:3591} Server_Comm.py: The agent lost 3 consecutive packets! Is syncmode disabled?
{Mon 01:05:13 Step:3594} Server_Comm.py: The agent lost 2 consecutive packets! Is syncmode disabled?
{Mon 01:05:13 Step:3596} Server_Comm.py: The agent lost 1 packet! Is syncmode enabled?
{Mon 01:05:13 Step:3600} Server_Comm.py: The agent lost 2 consecutive packets! Is syncmode disabled?
{Mon 01:05:13 Step:3602} Server_Comm.py: The agent lost 1 packet! Is syncmode enabled?
{Mon 01:05:13 Step:3606} Server_Comm.py: The agent lost 2 consecutive packets! Is syncmode disabled?
{Mon 01:05:13 Step:3608} Server_Comm.py: The agent lost 1 packet! Is syncmode enabled?
{Mon 01:05:13 Step:3612} Server_Comm.py: The agent lost 2 consecutive packets! Is syncmode disabled?
{Mon 01:05:13 Step:3615} Server_Comm.py: The agent lost 1 packet! Is syncmode enabled?
{Mon 01:05:13 Step:3618} Server_Comm.py: The agent lost 2 consecutive packets! Is syncmode disabled?
{Mon 01:05:13 Step:3620} Server_Comm.py: The agent lost 1 packet! Is syncmode enabled?
{Mon 01:05:13 Step:3624} Server_Comm.py: The agent lost 2 consecutive packets! Is syncmode disabled?
{Mon 01:05:13 Step:3626} Server_Comm.py: The agent lost 1 packet! Is syncmode enabled?
{Mon 01:05:13 Step:3632} Server_Comm.py: The agent lost 4 consecutive packets! Is syncmode disabled?
{Mon 01:05:13 Step:3634} Server_Comm.py: The agent lost 1 packet! Is syncmode enabled?
{Mon 01:05:13 Step:3637} Server_Comm.py: The agent lost 1 packet! Is syncmode enabled?
{Mon 01:05:13 Step:3640} Server_Comm.py: The agent lost 2 consecutive packets! Is syncmode disabled?
{Mon 01:05:13 Step:3642} Server_Comm.py: The agent lost 1 packet! Is syncmode enabled?
{Mon 01:05:13 Step:3645} Server_Comm.py: The agent lost 1 packet! Is syncmode enabled?
{Mon 01:05:13 Step:3657} Server_Comm.py: The agent lost 11 consecutive packets! Is syncmode disabled?
{Mon 01:05:13 Step:3665} Server_Comm.py: The agent lost 7 consecutive packets! Is syncmode disabled?
{Mon 01:05:13 Step:3670} Server_Comm.py: The agent lost 4 consecutive packets! Is syncmode disabled?
{Mon 01:05:13 Step:3672} Server_Comm.py: The agent lost 1 packet! Is syncmode enabled?
{Mon 01:05:13 Step:3676} Server_Comm.py: The agent lost 2 consecutive packets! Is syncmode disabled?
{Mon 01:05:13 Step:3678} Server_Comm.py: The agent lost 1 packet! Is syncmode enabled?
{Mon 01:05:13 Step:3682} Server_Comm.py: The agent lost 2 consecutive packets! Is syncmode disabled?
{Mon 01:05:13 Step:3684} Server_Comm.py: The agent lost 1 packet! Is syncmode enabled?
{Mon 01:05:13 Step:3688} Server_Comm.py: The agent lost 2 consecutive packets! Is syncmode disabled?
{Mon 01:05:13 Step:3690} Server_Comm.py: The agent lost 1 packet! Is syncmode enabled?
{Mon 01:05:13 Step:3692} Server_Comm.py: The agent lost 1 packet! Is syncmode enabled?
{Mon 01:05:13 Step:3694} Server_Comm.py: The agent lost 1 packet! Is syncmode enabled?
{Mon 01:05:13 Step:3698} Server_Comm.py: The agent lost 2 consecutive packets! Is syncmode disabled?
{Mon 01:05:13 Step:3700} Server_Comm.py: The agent lost 1 packet! Is syncmode enabled?
{Mon 01:05:13 Step:3704} Server_Comm.py: The agent lost 2 consecutive packets! Is syncmode disabled?
{Mon 01:05:13 Step:3706} Server_Comm.py: The agent lost 1 packet! Is syncmode enabled?
{Mon 01:05:13 Step:3708} Server_Comm.py: The agent lost 1 packet! Is syncmode enabled?
{Mon 01:05:13 Step:3710} Server_Comm.py: The agent lost 1 packet! Is syncmode enabled?
{Mon 01:05:13 Step:3714} Server_Comm.py: The agent lost 2 consecutive packets! Is syncmode disabled?
{Mon 01:05:13 Step:3716} Server_Comm.py: The agent lost 1 packet! Is syncmode enabled?
{Mon 01:05:13 Step:3718} Server_Comm.py: The agent lost 1 packet! Is syncmode enabled?
{Mon 01:05:13 Step:3722} Server_Comm.py: The agent lost 2 consecutive packets! Is syncmode disabled?
{Mon 01:05:13 Step:3726} Server_Comm.py: The agent lost 2 consecutive packets! Is syncmode disabled?
{Mon 01:05:13 Step:3730} Server_Comm.py: The agent lost 2 consecutive packets! Is syncmode disabled?
{Mon 01:05:13 Step:3732} Server_Comm.py: The agent lost 1 packet! Is syncmode enabled?
{Mon 01:05:13 Step:3736} Server_Comm.py: The agent lost 2 consecutive packets! Is syncmode disabled?
{Mon 01:05:13 Step:3739} Server_Comm.py: The agent lost 1 packet! Is syncmode enabled?
{Mon 01:05:13 Step:3743} Server_Comm.py: The agent lost 3 consecutive packets! Is syncmode disabled?
{Mon 01:05:13 Step:3747} Server_Comm.py: The agent lost 3 consecutive packets! Is syncmode disabled?
{Mon 01:05:13 Step:3750} Server_Comm.py: The agent lost 2 consecutive packets! Is syncmode disabled?
{Mon 01:05:13 Step:3752} Server_Comm.py: The agent lost 1 packet! Is syncmode enabled?
{Mon 01:05:13 Step:3756} Server_Comm.py: The agent lost 2 consecutive packets! Is syncmode disabled?
{Mon 01:05:13 Step:3758} Server_Comm.py: The agent lost 1 packet! Is syncmode enabled?
{Mon 01:05:13 Step:3761} Server_Comm.py: The agent lost 1 packet! Is syncmode enabled?
{Mon 01:05:13 Step:3764} Server_Comm.py: The agent lost 2 consecutive packets! Is syncmode disabled?
{Mon 01:05:13 Step:3772} Server_Comm.py: The agent lost 6 consecutive packets! Is syncmode disabled?
{Mon 01:05:13 Step:3775} Server_Comm.py: The agent lost 2 consecutive packets! Is syncmode disabled?
{Mon 01:05:13 Step:3780} Server_Comm.py: The agent lost 4 consecutive packets! Is syncmode disabled?
{Mon 01:05:13 Step:3783} Server_Comm.py: The agent lost 2 consecutive packets! Is syncmode disabled?
{Mon 01:05:13 Step:3786} Server_Comm.py: The agent lost 2 consecutive packets! Is syncmode disabled?
{Mon 01:05:13 Step:3790} Server_Comm.py: The agent lost 2 consecutive packets! Is syncmode disabled?
{Mon 01:05:13 Step:3793} Server_Comm.py: The agent lost 2 consecutive packets! Is syncmode disabled?
{Mon 01:05:13 Step:3796} Server_Comm.py: The agent lost 2 consecutive packets! Is syncmode disabled?
{Mon 01:05:13 Step:3800} Server_Comm.py: The agent lost 2 consecutive packets! Is syncmode disabled?
{Mon 01:05:13 Step:3804} Server_Comm.py: The agent lost 2 consecutive packets! Is syncmode disabled?
{Mon 01:05:13 Step:3806} Server_Comm.py: The agent lost 1 packet! Is syncmode enabled?
{Mon 01:05:13 Step:3810} Server_Comm.py: The agent lost 2 consecutive packets! Is syncmode disabled?
{Mon 01:05:13 Step:3813} Server_Comm.py: The agent lost 1 packet! Is syncmode enabled?
{Mon 01:05:13 Step:3817} Server_Comm.py: The agent lost 1 packet! Is syncmode enabled?
{Mon 01:05:13 Step:3825} Server_Comm.py: The agent lost 1 packet! Is syncmode enabled?
{Mon 01:05:13 Step:3843} Server_Comm.py: The agent lost 1 packet! Is syncmode enabled?
{Mon 01:05:13 Step:3857} Server_Comm.py: The agent lost 1 packet! Is syncmode enabled?
{Mon 01:05:13 Step:3887} Server_Comm.py: The agent lost 2 consecutive packets! Is syncmode disabled?
{Mon 01:05:13 Step:3889} Server_Comm.py: The agent lost 1 packet! Is syncmode enabled?
{Mon 01:05:13 Step:3891} Server_Comm.py: The agent lost 1 packet! Is syncmode enabled?
{Mon 01:05:13 Step:3894} Server_Comm.py: The agent lost 2 consecutive packets! Is syncmode disabled?
{Mon 01:05:13 Step:3896} Server_Comm.py: The agent lost 1 packet! Is syncmode enabled?
{Mon 01:05:13 Step:3896} Server_Comm.py: Received a new packet while thinking!
