{Mon 01:11:24 Step:2} Server_Comm.py: The agent lost 1 packet! Is syncmode enabled?
{Mon 01:11:24 Step:2} Server_Comm.py: Received a new packet while on world.update()!
{Mon 01:11:24 Step:9} Server_Comm.py: The agent lost 6 consecutive packets! Is syncmode disabled?
{Mon 01:11:24 Step:9} Server_Comm.py: Received a new packet while on world.update()!
{Mon 01:11:24 Step:17} Server_Comm.py: The agent lost 7 consecutive packets! Is syncmode disabled?
{Mon 01:11:24 Step:17} Server_Comm.py: Received a new packet while on world.update()!
{Mon 01:11:24 Step:20} Server_Comm.py: The agent lost 2 consecutive packets! Is syncmode disabled?
{Mon 01:11:24 Step:20} Server_Comm.py: Received a new packet while on world.update()!
{Mon 01:11:24 Step:22} Server_Comm.py: The agent lost 1 packet! Is syncmode enabled?
{Mon 01:11:24 Step:25} Server_Comm.py: The agent lost 1 packet! Is syncmode enabled?
{Mon 01:11:24 Step:28} Server_Comm.py: The agent lost 2 consecutive packets! Is syncmode disabled?
{Mon 01:11:24 Step:29} Server_Comm.py: Received a new packet while thinking!
{Mon 01:11:24 Step:149} Server_Comm.py: The agent lost 119 consecutive packets! Is syncmode disabled?
{Mon 01:11:24 Step:149} Server_Comm.py: Received a new packet while on world.update()!
{Mon 01:11:24 Step:183} Server_Comm.py: The agent lost 33 consecutive packets! Is syncmode disabled?
{Mon 01:11:24 Step:211} Server_Comm.py: The agent lost 27 consecutive packets! Is syncmode disabled?
{Mon 01:11:24 Step:221} Server_Comm.py: The agent lost 9 consecutive packets! Is syncmode disabled?
{Mon 01:11:24 Step:226} Server_Comm.py: The agent lost 4 consecutive packets! Is syncmode disabled?
{Mon 01:11:24 Step:229} Server_Comm.py: The agent lost 2 consecutive packets! Is syncmode disabled?
{Mon 01:11:24 Step:231} Server_Comm.py: The agent lost 1 packet! Is syncmode enabled?
{Mon 01:11:24 Step:242} Server_Comm.py: The agent lost 10 consecutive packets! Is syncmode disabled?
{Mon 01:11:24 Step:247} Server_Comm.py: The agent lost 4 consecutive packets! Is syncmode disabled?
{Mon 01:11:24 Step:251} Server_Comm.py: The agent lost 3 consecutive packets! Is syncmode disabled?
{Mon 01:11:24 Step:255} Server_Comm.py: The agent lost 3 consecutive packets! Is syncmode disabled?
{Mon 01:11:24 Step:260} Server_Comm.py: The agent lost 4 consecutive packets! Is syncmode disabled?
{Mon 01:11:24 Step:263} Server_Comm.py: The agent lost 2 consecutive packets! Is syncmode disabled?
{Mon 01:11:24 Step:268} Server_Comm.py: The agent lost 4 consecutive packets! Is syncmode disabled?
{Mon 01:11:24 Step:270} Server_Comm.py: The agent lost 1 packet! Is syncmode enabled?
{Mon 01:11:24 Step:272} Server_Comm.py: The agent lost 1 packet! Is syncmode enabled?
{Mon 01:11:24 Step:274} Server_Comm.py: The agent lost 1 packet! Is syncmode enabled?
{Mon 01:11:24 Step:279} Server_Comm.py: The agent lost 3 consecutive packets! Is syncmode disabled?
{Mon 01:11:24 Step:283} Server_Comm.py: The agent lost 3 consecutive packets! Is syncmode disabled?
{Mon 01:11:24 Step:287} Server_Comm.py: The agent lost 3 consecutive packets! Is syncmode disabled?
{Mon 01:11:24 Step:290} Server_Comm.py: The agent lost 2 consecutive packets! Is syncmode disabled?
{Mon 01:11:24 Step:292} Server_Comm.py: The agent lost 1 packet! Is syncmode enabled?
{Mon 01:11:24 Step:294} Server_Comm.py: The agent lost 1 packet! Is syncmode enabled?
{Mon 01:11:24 Step:296} Server_Comm.py: The agent lost 1 packet! Is syncmode enabled?
{Mon 01:11:24 Step:298} Server_Comm.py: The agent lost 1 packet! Is syncmode enabled?
{Mon 01:11:24 Step:303} Server_Comm.py: The agent lost 3 consecutive packets! Is syncmode disabled?
{Mon 01:11:24 Step:307} Server_Comm.py: The agent lost 3 consecutive packets! Is syncmode disabled?
{Mon 01:11:24 Step:312} Server_Comm.py: The agent lost 4 consecutive packets! Is syncmode disabled?
{Mon 01:11:24 Step:314} Server_Comm.py: The agent lost 1 packet! Is syncmode enabled?
{Mon 01:11:24 Step:316} Server_Comm.py: The agent lost 1 packet! Is syncmode enabled?
{Mon 01:11:24 Step:318} Server_Comm.py: The agent lost 1 packet! Is syncmode enabled?
{Mon 01:11:24 Step:321} Server_Comm.py: The agent lost 1 packet! Is syncmode enabled?
{Mon 01:11:24 Step:327} Server_Comm.py: The agent lost 1 packet! Is syncmode enabled?
{Mon 01:11:24 Step:334} Server_Comm.py: The agent lost 1 packet! Is syncmode enabled?
{Mon 01:11:24 Step:337} Server_Comm.py: The agent lost 1 packet! Is syncmode enabled?
{Mon 01:11:24 Step:341} Server_Comm.py: The agent lost 1 packet! Is syncmode enabled?
{Mon 01:11:24 Step:349} Server_Comm.py: The agent lost 1 packet! Is syncmode enabled?
{Mon 01:11:24 Step:357} Server_Comm.py: The agent lost 1 packet! Is syncmode enabled?
{Mon 01:11:24 Step:365} Server_Comm.py: The agent lost 1 packet! Is syncmode enabled?
{Mon 01:11:24 Step:371} Server_Comm.py: The agent lost 1 packet! Is syncmode enabled?
{Mon 01:11:24 Step:390} Server_Comm.py: The agent lost 2 consecutive packets! Is syncmode disabled?
{Mon 01:11:24 Step:392} Server_Comm.py: The agent lost 1 packet! Is syncmode enabled?
{Mon 01:11:24 Step:394} Server_Comm.py: The agent lost 1 packet! Is syncmode enabled?
{Mon 01:11:24 Step:400} Server_Comm.py: The agent lost 5 consecutive packets! Is syncmode disabled?
{Mon 01:11:24 Step:403} Server_Comm.py: The agent lost 2 consecutive packets! Is syncmode disabled?
{Mon 01:11:24 Step:406} Server_Comm.py: The agent lost 2 consecutive packets! Is syncmode disabled?
{Mon 01:11:24 Step:408} Server_Comm.py: The agent lost 1 packet! Is syncmode enabled?
{Mon 01:11:24 Step:410} Server_Comm.py: The agent lost 1 packet! Is syncmode enabled?
{Mon 01:11:24 Step:412} Server_Comm.py: The agent lost 1 packet! Is syncmode enabled?
{Mon 01:11:24 Step:414} Server_Comm.py: The agent lost 1 packet! Is syncmode enabled?
{Mon 01:11:24 Step:416} Server_Comm.py: The agent lost 1 packet! Is syncmode enabled?
{Mon 01:11:24 Step:418} Server_Comm.py: The agent lost 1 packet! Is syncmode enabled?
{Mon 01:11:24 Step:420} Server_Comm.py: The agent lost 1 packet! Is syncmode enabled?
{Mon 01:11:24 Step:422} Server_Comm.py: The agent lost 1 packet! Is syncmode enabled?
{Mon 01:11:24 Step:426} Server_Comm.py: The agent lost 2 consecutive packets! Is syncmode disabled?
{Mon 01:11:24 Step:428} Server_Comm.py: The agent lost 1 packet! Is syncmode enabled?
{Mon 01:11:24 Step:430} Server_Comm.py: The agent lost 1 packet! Is syncmode enabled?
{Mon 01:11:24 Step:434} Server_Comm.py: The agent lost 2 consecutive packets! Is syncmode disabled?
{Mon 01:11:24 Step:436} Server_Comm.py: The agent lost 1 packet! Is syncmode enabled?
{Mon 01:11:24 Step:440} Server_Comm.py: The agent lost 2 consecutive packets! Is syncmode disabled?
{Mon 01:11:24 Step:442} Server_Comm.py: The agent lost 1 packet! Is syncmode enabled?
{Mon 01:11:24 Step:444} Server_Comm.py: The agent lost 1 packet! Is syncmode enabled?
{Mon 01:11:24 Step:446} Server_Comm.py: The agent lost 1 packet! Is syncmode enabled?
{Mon 01:11:24 Step:448} Server_Comm.py: The agent lost 1 packet! Is syncmode enabled?
{Mon 01:11:24 Step:451} Server_Comm.py: The agent lost 1 packet! Is syncmode enabled?
{Mon 01:11:24 Step:455} Server_Comm.py: The agent lost 3 consecutive packets! Is syncmode disabled?
{Mon 01:11:24 Step:459} Server_Comm.py: The agent lost 3 consecutive packets! Is syncmode disabled?
{Mon 01:11:24 Step:464} Server_Comm.py: The agent lost 4 consecutive packets! Is syncmode disabled?
{Mon 01:11:24 Step:467} Server_Comm.py: The agent lost 2 consecutive packets! Is syncmode disabled?
{Mon 01:11:24 Step:469} Server_Comm.py: The agent lost 1 packet! Is syncmode enabled?
{Mon 01:11:24 Step:475} Server_Comm.py: The agent lost 1 packet! Is syncmode enabled?
{Mon 01:11:24 Step:491} Server_Comm.py: The agent lost 1 packet! Is syncmode enabled?
{Mon 01:11:24 Step:503} Server_Comm.py: The agent lost 1 packet! Is syncmode enabled?
{Mon 01:11:24 Step:507} Server_Comm.py: The agent lost 1 packet! Is syncmode enabled?
{Mon 01:11:24 Step:531} Server_Comm.py: The agent lost 1 packet! Is syncmode enabled?
{Mon 01:11:24 Step:533} Server_Comm.py: The agent lost 1 packet! Is syncmode enabled?
{Mon 01:11:24 Step:536} Server_Comm.py: The agent lost 2 consecutive packets! Is syncmode disabled?
{Mon 01:11:24 Step:538} Server_Comm.py: The agent lost 1 packet! Is syncmode enabled?
{Mon 01:11:24 Step:540} Server_Comm.py: The agent lost 1 packet! Is syncmode enabled?
{Mon 01:11:24 Step:546} Server_Comm.py: The agent lost 5 consecutive packets! Is syncmode disabled?
{Mon 01:11:24 Step:550} Server_Comm.py: The agent lost 3 consecutive packets! Is syncmode disabled?
{Mon 01:11:24 Step:552} Server_Comm.py: The agent lost 1 packet! Is syncmode enabled?
{Mon 01:11:24 Step:554} Server_Comm.py: The agent lost 1 packet! Is syncmode enabled?
{Mon 01:11:24 Step:556} Server_Comm.py: The agent lost 1 packet! Is syncmode enabled?
{Mon 01:11:24 Step:558} Server_Comm.py: The agent lost 1 packet! Is syncmode enabled?
{Mon 01:11:24 Step:560} Server_Comm.py: The agent lost 1 packet! Is syncmode enabled?
{Mon 01:11:24 Step:562} Server_Comm.py: The agent lost 1 packet! Is syncmode enabled?
{Mon 01:11:24 Step:564} Server_Comm.py: The agent lost 1 packet! Is syncmode enabled?
{Mon 01:11:24 Step:566} Server_Comm.py: The agent lost 1 packet! Is syncmode enabled?
{Mon 01:11:24 Step:570} Server_Comm.py: The agent lost 2 consecutive packets! Is syncmode disabled?
{Mon 01:11:24 Step:572} Server_Comm.py: The agent lost 1 packet! Is syncmode enabled?
{Mon 01:11:24 Step:574} Server_Comm.py: The agent lost 1 packet! Is syncmode enabled?
{Mon 01:11:24 Step:578} Server_Comm.py: The agent lost 2 consecutive packets! Is syncmode disabled?
{Mon 01:11:24 Step:580} Server_Comm.py: The agent lost 1 packet! Is syncmode enabled?
{Mon 01:11:24 Step:580} Server_Comm.py: Received a new packet while thinking!
{Mon 01:11:24 Step:728} Server_Comm.py: The agent lost 147 consecutive packets! Is syncmode disabled?
{Mon 01:11:24 Step:728} Server_Comm.py: Received a new packet while on world.update()!
{Mon 01:11:24 Step:730} Server_Comm.py: The agent lost 1 packet! Is syncmode enabled?
{Mon 01:11:24 Step:740} Server_Comm.py: The agent lost 2 consecutive packets! Is syncmode disabled?
{Mon 01:11:24 Step:742} Server_Comm.py: The agent lost 1 packet! Is syncmode enabled?
{Mon 01:11:24 Step:744} Server_Comm.py: The agent lost 1 packet! Is syncmode enabled?
{Mon 01:11:24 Step:747} Server_Comm.py: The agent lost 1 packet! Is syncmode enabled?
{Mon 01:11:24 Step:750} Server_Comm.py: The agent lost 2 consecutive packets! Is syncmode disabled?
{Mon 01:11:24 Step:754} Server_Comm.py: The agent lost 2 consecutive packets! Is syncmode disabled?
{Mon 01:11:24 Step:768} Server_Comm.py: The agent lost 1 packet! Is syncmode enabled?
{Mon 01:11:24 Step:772} Server_Comm.py: The agent lost 1 packet! Is syncmode enabled?
{Mon 01:11:24 Step:775} Server_Comm.py: The agent lost 1 packet! Is syncmode enabled?
{Mon 01:11:24 Step:825} Server_Comm.py: The agent lost 1 packet! Is syncmode enabled?
{Mon 01:11:24 Step:834} Server_Comm.py: The agent lost 2 consecutive packets! Is syncmode disabled?
{Mon 01:11:24 Step:838} Server_Comm.py: The agent lost 2 consecutive packets! Is syncmode disabled?
{Mon 01:11:24 Step:843} Server_Comm.py: The agent lost 4 consecutive packets! Is syncmode disabled?
{Mon 01:11:24 Step:847} Server_Comm.py: The agent lost 3 consecutive packets! Is syncmode disabled?
{Mon 01:11:24 Step:851} Server_Comm.py: The agent lost 3 consecutive packets! Is syncmode disabled?
{Mon 01:11:24 Step:855} Server_Comm.py: The agent lost 3 consecutive packets! Is syncmode disabled?
{Mon 01:11:24 Step:859} Server_Comm.py: The agent lost 3 consecutive packets! Is syncmode disabled?
{Mon 01:11:24 Step:862} Server_Comm.py: The agent lost 2 consecutive packets! Is syncmode disabled?
{Mon 01:11:24 Step:864} Server_Comm.py: The agent lost 1 packet! Is syncmode enabled?
{Mon 01:11:24 Step:866} Server_Comm.py: The agent lost 1 packet! Is syncmode enabled?
{Mon 01:11:24 Step:868} Server_Comm.py: The agent lost 1 packet! Is syncmode enabled?
{Mon 01:11:24 Step:870} Server_Comm.py: The agent lost 1 packet! Is syncmode enabled?
{Mon 01:11:24 Step:872} Server_Comm.py: The agent lost 1 packet! Is syncmode enabled?
{Mon 01:11:24 Step:875} Server_Comm.py: The agent lost 1 packet! Is syncmode enabled?
{Mon 01:11:24 Step:879} Server_Comm.py: The agent lost 3 consecutive packets! Is syncmode disabled?
{Mon 01:11:24 Step:882} Server_Comm.py: The agent lost 2 consecutive packets! Is syncmode disabled?
{Mon 01:11:24 Step:884} Server_Comm.py: The agent lost 1 packet! Is syncmode enabled?
{Mon 01:11:24 Step:889} Server_Comm.py: The agent lost 3 consecutive packets! Is syncmode disabled?
{Mon 01:11:24 Step:893} Server_Comm.py: The agent lost 3 consecutive packets! Is syncmode disabled?
{Mon 01:11:24 Step:897} Server_Comm.py: The agent lost 3 consecutive packets! Is syncmode disabled?
{Mon 01:11:24 Step:899} Server_Comm.py: The agent lost 1 packet! Is syncmode enabled?
{Mon 01:11:24 Step:901} Server_Comm.py: The agent lost 1 packet! Is syncmode enabled?
{Mon 01:11:24 Step:903} Server_Comm.py: The agent lost 1 packet! Is syncmode enabled?
{Mon 01:11:24 Step:915} Server_Comm.py: The agent lost 1 packet! Is syncmode enabled?
{Mon 01:11:24 Step:926} Server_Comm.py: The agent lost 2 consecutive packets! Is syncmode disabled?
{Mon 01:11:24 Step:928} Server_Comm.py: The agent lost 1 packet! Is syncmode enabled?
{Mon 01:11:24 Step:941} Server_Comm.py: The agent lost 1 packet! Is syncmode enabled?
{Mon 01:11:24 Step:976} Server_Comm.py: The agent lost 2 consecutive packets! Is syncmode disabled?
{Mon 01:11:24 Step:980} Server_Comm.py: The agent lost 2 consecutive packets! Is syncmode disabled?
{Mon 01:11:24 Step:986} Server_Comm.py: The agent lost 5 consecutive packets! Is syncmode disabled?
{Mon 01:11:24 Step:989} Server_Comm.py: The agent lost 2 consecutive packets! Is syncmode disabled?
{Mon 01:11:24 Step:994} Server_Comm.py: The agent lost 4 consecutive packets! Is syncmode disabled?
{Mon 01:11:24 Step:996} Server_Comm.py: The agent lost 1 packet! Is syncmode enabled?
{Mon 01:11:24 Step:1001} Server_Comm.py: The agent lost 3 consecutive packets! Is syncmode disabled?
{Mon 01:11:24 Step:1005} Server_Comm.py: The agent lost 3 consecutive packets! Is syncmode disabled?
{Mon 01:11:24 Step:1009} Server_Comm.py: The agent lost 3 consecutive packets! Is syncmode disabled?
{Mon 01:11:24 Step:1012} Server_Comm.py: The agent lost 2 consecutive packets! Is syncmode disabled?
{Mon 01:11:24 Step:1014} Server_Comm.py: The agent lost 1 packet! Is syncmode enabled?
{Mon 01:11:24 Step:1043} Server_Comm.py: The agent lost 1 packet! Is syncmode enabled?
{Mon 01:11:24 Step:1055} Server_Comm.py: The agent lost 1 packet! Is syncmode enabled?
{Mon 01:11:25 Step:1081} Server_Comm.py: The agent lost 1 packet! Is syncmode enabled?
{Mon 01:11:25 Step:1096} Server_Comm.py: The agent lost 1 packet! Is syncmode enabled?
{Mon 01:11:25 Step:1101} Server_Comm.py: The agent lost 1 packet! Is syncmode enabled?
{Mon 01:11:25 Step:1104} Server_Comm.py: The agent lost 2 consecutive packets! Is syncmode disabled?
{Mon 01:11:25 Step:1116} Server_Comm.py: The agent lost 11 consecutive packets! Is syncmode disabled?
{Mon 01:11:25 Step:1121} Server_Comm.py: The agent lost 4 consecutive packets! Is syncmode disabled?
{Mon 01:11:25 Step:1126} Server_Comm.py: The agent lost 4 consecutive packets! Is syncmode disabled?
{Mon 01:11:25 Step:1130} Server_Comm.py: The agent lost 3 consecutive packets! Is syncmode disabled?
{Mon 01:11:25 Step:1132} Server_Comm.py: The agent lost 1 packet! Is syncmode enabled?
{Mon 01:11:25 Step:1136} Server_Comm.py: The agent lost 2 consecutive packets! Is syncmode disabled?
{Mon 01:11:25 Step:1138} Server_Comm.py: The agent lost 1 packet! Is syncmode enabled?
{Mon 01:11:25 Step:1140} Server_Comm.py: The agent lost 1 packet! Is syncmode enabled?
{Mon 01:11:25 Step:1171} Server_Comm.py: The agent lost 29 consecutive packets! Is syncmode disabled?
{Mon 01:11:25 Step:1183} Server_Comm.py: The agent lost 11 consecutive packets! Is syncmode disabled?
{Mon 01:11:25 Step:1188} Server_Comm.py: The agent lost 4 consecutive packets! Is syncmode disabled?
{Mon 01:11:25 Step:1191} Server_Comm.py: The agent lost 2 consecutive packets! Is syncmode disabled?
{Mon 01:11:25 Step:1193} Server_Comm.py: The agent lost 1 packet! Is syncmode enabled?
{Mon 01:11:25 Step:1196} Server_Comm.py: The agent lost 2 consecutive packets! Is syncmode disabled?
{Mon 01:11:25 Step:1198} Server_Comm.py: The agent lost 1 packet! Is syncmode enabled?
{Mon 01:11:25 Step:1201} Server_Comm.py: The agent lost 1 packet! Is syncmode enabled?
{Mon 01:11:25 Step:1205} Server_Comm.py: The agent lost 1 packet! Is syncmode enabled?
{Mon 01:11:25 Step:1209} Server_Comm.py: The agent lost 1 packet! Is syncmode enabled?
{Mon 01:11:25 Step:1217} Server_Comm.py: The agent lost 1 packet! Is syncmode enabled?
{Mon 01:11:25 Step:1221} Server_Comm.py: The agent lost 1 packet! Is syncmode enabled?
{Mon 01:11:25 Step:1225} Server_Comm.py: The agent lost 1 packet! Is syncmode enabled?
{Mon 01:11:25 Step:1227} Server_Comm.py: The agent lost 1 packet! Is syncmode enabled?
{Mon 01:11:25 Step:1237} Server_Comm.py: The agent lost 1 packet! Is syncmode enabled?
{Mon 01:11:25 Step:1241} Server_Comm.py: The agent lost 1 packet! Is syncmode enabled?
{Mon 01:11:25 Step:1255} Server_Comm.py: The agent lost 1 packet! Is syncmode enabled?
{Mon 01:11:25 Step:1282} Server_Comm.py: The agent lost 2 consecutive packets! Is syncmode disabled?
{Mon 01:11:25 Step:1285} Server_Comm.py: The agent lost 1 packet! Is syncmode enabled?
{Mon 01:11:25 Step:1292} Server_Comm.py: The agent lost 2 consecutive packets! Is syncmode disabled?
{Mon 01:11:25 Step:1296} Server_Comm.py: The agent lost 2 consecutive packets! Is syncmode disabled?
{Mon 01:11:25 Step:1298} Server_Comm.py: The agent lost 1 packet! Is syncmode enabled?
{Mon 01:11:25 Step:1311} Server_Comm.py: The agent lost 12 consecutive packets! Is syncmode disabled?
{Mon 01:11:25 Step:1318} Server_Comm.py: The agent lost 6 consecutive packets! Is syncmode disabled?
{Mon 01:11:25 Step:1321} Server_Comm.py: The agent lost 2 consecutive packets! Is syncmode disabled?
{Mon 01:11:25 Step:1325} Server_Comm.py: The agent lost 3 consecutive packets! Is syncmode disabled?
{Mon 01:11:25 Step:1329} Server_Comm.py: The agent lost 3 consecutive packets! Is syncmode disabled?
{Mon 01:11:25 Step:1333} Server_Comm.py: The agent lost 3 consecutive packets! Is syncmode disabled?
{Mon 01:11:25 Step:1336} Server_Comm.py: The agent lost 2 consecutive packets! Is syncmode disabled?
{Mon 01:11:25 Step:1338} Server_Comm.py: The agent lost 1 packet! Is syncmode enabled?
{Mon 01:11:25 Step:1340} Server_Comm.py: The agent lost 1 packet! Is syncmode enabled?
{Mon 01:11:25 Step:1342} Server_Comm.py: The agent lost 1 packet! Is syncmode enabled?
{Mon 01:11:25 Step:1344} Server_Comm.py: The agent lost 1 packet! Is syncmode enabled?
{Mon 01:11:25 Step:1346} Server_Comm.py: The agent lost 1 packet! Is syncmode enabled?
{Mon 01:11:25 Step:1351} Server_Comm.py: The agent lost 3 consecutive packets! Is syncmode disabled?
{Mon 01:11:25 Step:1355} Server_Comm.py: The agent lost 3 consecutive packets! Is syncmode disabled?
{Mon 01:11:25 Step:1359} Server_Comm.py: The agent lost 3 consecutive packets! Is syncmode disabled?
{Mon 01:11:25 Step:1363} Server_Comm.py: The agent lost 3 consecutive packets! Is syncmode disabled?
{Mon 01:11:25 Step:1368} Server_Comm.py: The agent lost 4 consecutive packets! Is syncmode disabled?
{Mon 01:11:25 Step:1371} Server_Comm.py: The agent lost 2 consecutive packets! Is syncmode disabled?
{Mon 01:11:25 Step:1387} Server_Comm.py: The agent lost 1 packet! Is syncmode enabled?
{Mon 01:11:25 Step:1396} Server_Comm.py: The agent lost 1 packet! Is syncmode enabled?
{Mon 01:11:25 Step:1401} Server_Comm.py: The agent lost 1 packet! Is syncmode enabled?
{Mon 01:11:25 Step:1405} Server_Comm.py: The agent lost 1 packet! Is syncmode enabled?
{Mon 01:11:25 Step:1419} Server_Comm.py: The agent lost 1 packet! Is syncmode enabled?
{Mon 01:11:25 Step:1422} Server_Comm.py: The agent lost 2 consecutive packets! Is syncmode disabled?
{Mon 01:11:25 Step:1424} Server_Comm.py: The agent lost 1 packet! Is syncmode enabled?
{Mon 01:11:25 Step:1426} Server_Comm.py: The agent lost 1 packet! Is syncmode enabled?
{Mon 01:11:25 Step:1430} Server_Comm.py: The agent lost 1 packet! Is syncmode enabled?
{Mon 01:11:25 Step:1433} Server_Comm.py: The agent lost 1 packet! Is syncmode enabled?
{Mon 01:11:25 Step:1439} Server_Comm.py: The agent lost 1 packet! Is syncmode enabled?
{Mon 01:11:25 Step:1451} Server_Comm.py: The agent lost 1 packet! Is syncmode enabled?
{Mon 01:11:25 Step:1454} Server_Comm.py: The agent lost 2 consecutive packets! Is syncmode disabled?
{Mon 01:11:25 Step:1456} Server_Comm.py: The agent lost 1 packet! Is syncmode enabled?
{Mon 01:11:25 Step:1458} Server_Comm.py: The agent lost 1 packet! Is syncmode enabled?
{Mon 01:11:25 Step:1465} Server_Comm.py: The agent lost 6 consecutive packets! Is syncmode disabled?
{Mon 01:11:25 Step:1470} Server_Comm.py: The agent lost 4 consecutive packets! Is syncmode disabled?
{Mon 01:11:25 Step:1473} Server_Comm.py: The agent lost 2 consecutive packets! Is syncmode disabled?
{Mon 01:11:25 Step:1477} Server_Comm.py: The agent lost 3 consecutive packets! Is syncmode disabled?
{Mon 01:11:25 Step:1481} Server_Comm.py: The agent lost 3 consecutive packets! Is syncmode disabled?
{Mon 01:11:25 Step:1485} Server_Comm.py: The agent lost 3 consecutive packets! Is syncmode disabled?
{Mon 01:11:25 Step:1489} Server_Comm.py: The agent lost 3 consecutive packets! Is syncmode disabled?
{Mon 01:11:25 Step:1492} Server_Comm.py: The agent lost 2 consecutive packets! Is syncmode disabled?
{Mon 01:11:25 Step:1495} Server_Comm.py: The agent lost 2 consecutive packets! Is syncmode disabled?
{Mon 01:11:25 Step:1499} Server_Comm.py: The agent lost 3 consecutive packets! Is syncmode disabled?
{Mon 01:11:25 Step:1503} Server_Comm.py: The agent lost 3 consecutive packets! Is syncmode disabled?
{Mon 01:11:25 Step:1507} Server_Comm.py: The agent lost 3 consecutive packets! Is syncmode disabled?
{Mon 01:11:25 Step:1511} Server_Comm.py: The agent lost 3 consecutive packets! Is syncmode disabled?
{Mon 01:11:25 Step:1515} Server_Comm.py: The agent lost 3 consecutive packets! Is syncmode disabled?
{Mon 01:11:25 Step:1518} Server_Comm.py: The agent lost 2 consecutive packets! Is syncmode disabled?
{Mon 01:11:25 Step:1521} Server_Comm.py: The agent lost 2 consecutive packets! Is syncmode disabled?
{Mon 01:11:25 Step:1523} Server_Comm.py: The agent lost 1 packet! Is syncmode enabled?
{Mon 01:11:25 Step:1527} Server_Comm.py: The agent lost 3 consecutive packets! Is syncmode disabled?
{Mon 01:11:25 Step:1531} Server_Comm.py: The agent lost 3 consecutive packets! Is syncmode disabled?
{Mon 01:11:25 Step:1535} Server_Comm.py: The agent lost 3 consecutive packets! Is syncmode disabled?
{Mon 01:11:25 Step:1538} Server_Comm.py: The agent lost 2 consecutive packets! Is syncmode disabled?
{Mon 01:11:25 Step:1540} Server_Comm.py: The agent lost 1 packet! Is syncmode enabled?
{Mon 01:11:25 Step:1542} Server_Comm.py: The agent lost 1 packet! Is syncmode enabled?
{Mon 01:11:25 Step:1546} Server_Comm.py: The agent lost 2 consecutive packets! Is syncmode disabled?
{Mon 01:11:25 Step:1548} Server_Comm.py: The agent lost 1 packet! Is syncmode enabled?
{Mon 01:11:25 Step:1550} Server_Comm.py: The agent lost 1 packet! Is syncmode enabled?
{Mon 01:11:25 Step:1554} Server_Comm.py: The agent lost 2 consecutive packets! Is syncmode disabled?
{Mon 01:11:25 Step:1556} Server_Comm.py: The agent lost 1 packet! Is syncmode enabled?
{Mon 01:11:25 Step:1560} Server_Comm.py: The agent lost 2 consecutive packets! Is syncmode disabled?
{Mon 01:11:25 Step:1562} Server_Comm.py: The agent lost 1 packet! Is syncmode enabled?
{Mon 01:11:25 Step:1567} Server_Comm.py: The agent lost 3 consecutive packets! Is syncmode disabled?
{Mon 01:11:25 Step:1570} Server_Comm.py: The agent lost 2 consecutive packets! Is syncmode disabled?
{Mon 01:11:25 Step:1572} Server_Comm.py: The agent lost 1 packet! Is syncmode enabled?
{Mon 01:11:25 Step:1576} Server_Comm.py: The agent lost 2 consecutive packets! Is syncmode disabled?
{Mon 01:11:25 Step:1578} Server_Comm.py: The agent lost 1 packet! Is syncmode enabled?
{Mon 01:11:25 Step:1582} Server_Comm.py: The agent lost 2 consecutive packets! Is syncmode disabled?
{Mon 01:11:25 Step:1585} Server_Comm.py: The agent lost 2 consecutive packets! Is syncmode disabled?
{Mon 01:11:25 Step:1588} Server_Comm.py: The agent lost 2 consecutive packets! Is syncmode disabled?
{Mon 01:11:25 Step:1593} Server_Comm.py: The agent lost 3 consecutive packets! Is syncmode disabled?
{Mon 01:11:25 Step:1596} Server_Comm.py: The agent lost 2 consecutive packets! Is syncmode disabled?
{Mon 01:11:25 Step:1599} Server_Comm.py: The agent lost 2 consecutive packets! Is syncmode disabled?
{Mon 01:11:25 Step:1602} Server_Comm.py: The agent lost 2 consecutive packets! Is syncmode disabled?
{Mon 01:11:25 Step:1604} Server_Comm.py: The agent lost 1 packet! Is syncmode enabled?
{Mon 01:11:25 Step:1606} Server_Comm.py: The agent lost 1 packet! Is syncmode enabled?
{Mon 01:11:25 Step:1608} Server_Comm.py: The agent lost 1 packet! Is syncmode enabled?
{Mon 01:11:25 Step:1612} Server_Comm.py: The agent lost 2 consecutive packets! Is syncmode disabled?
{Mon 01:11:25 Step:1615} Server_Comm.py: The agent lost 2 consecutive packets! Is syncmode disabled?
{Mon 01:11:25 Step:1618} Server_Comm.py: The agent lost 2 consecutive packets! Is syncmode disabled?
{Mon 01:11:25 Step:1620} Server_Comm.py: The agent lost 1 packet! Is syncmode enabled?
{Mon 01:11:25 Step:1622} Server_Comm.py: The agent lost 1 packet! Is syncmode enabled?
{Mon 01:11:25 Step:1624} Server_Comm.py: The agent lost 1 packet! Is syncmode enabled?
{Mon 01:11:25 Step:1628} Server_Comm.py: The agent lost 2 consecutive packets! Is syncmode disabled?
{Mon 01:11:25 Step:1630} Server_Comm.py: The agent lost 1 packet! Is syncmode enabled?
{Mon 01:11:25 Step:1632} Server_Comm.py: The agent lost 1 packet! Is syncmode enabled?
{Mon 01:11:25 Step:1636} Server_Comm.py: The agent lost 2 consecutive packets! Is syncmode disabled?
{Mon 01:11:25 Step:1638} Server_Comm.py: The agent lost 1 packet! Is syncmode enabled?
{Mon 01:11:25 Step:1640} Server_Comm.py: The agent lost 1 packet! Is syncmode enabled?
{Mon 01:11:25 Step:1644} Server_Comm.py: The agent lost 2 consecutive packets! Is syncmode disabled?
{Mon 01:11:25 Step:1646} Server_Comm.py: The agent lost 1 packet! Is syncmode enabled?
{Mon 01:11:25 Step:1648} Server_Comm.py: The agent lost 1 packet! Is syncmode enabled?
{Mon 01:11:25 Step:1652} Server_Comm.py: The agent lost 2 consecutive packets! Is syncmode disabled?
{Mon 01:11:25 Step:1654} Server_Comm.py: The agent lost 1 packet! Is syncmode enabled?
{Mon 01:11:25 Step:1656} Server_Comm.py: The agent lost 1 packet! Is syncmode enabled?
{Mon 01:11:25 Step:1661} Server_Comm.py: The agent lost 3 consecutive packets! Is syncmode disabled?
{Mon 01:11:25 Step:1664} Server_Comm.py: The agent lost 2 consecutive packets! Is syncmode disabled?
{Mon 01:11:25 Step:1666} Server_Comm.py: The agent lost 1 packet! Is syncmode enabled?
{Mon 01:11:25 Step:1668} Server_Comm.py: The agent lost 1 packet! Is syncmode enabled?
{Mon 01:11:25 Step:1670} Server_Comm.py: The agent lost 1 packet! Is syncmode enabled?
{Mon 01:11:25 Step:1672} Server_Comm.py: The agent lost 1 packet! Is syncmode enabled?
{Mon 01:11:25 Step:1674} Server_Comm.py: The agent lost 1 packet! Is syncmode enabled?
{Mon 01:11:25 Step:1678} Server_Comm.py: The agent lost 2 consecutive packets! Is syncmode disabled?
{Mon 01:11:25 Step:1680} Server_Comm.py: The agent lost 1 packet! Is syncmode enabled?
{Mon 01:11:25 Step:1682} Server_Comm.py: The agent lost 1 packet! Is syncmode enabled?
{Mon 01:11:25 Step:1686} Server_Comm.py: The agent lost 2 consecutive packets! Is syncmode disabled?
{Mon 01:11:25 Step:1688} Server_Comm.py: The agent lost 1 packet! Is syncmode enabled?
{Mon 01:11:25 Step:1694} Server_Comm.py: The agent lost 5 consecutive packets! Is syncmode disabled?
{Mon 01:11:25 Step:1697} Server_Comm.py: The agent lost 2 consecutive packets! Is syncmode disabled?
{Mon 01:11:25 Step:1702} Server_Comm.py: The agent lost 4 consecutive packets! Is syncmode disabled?
{Mon 01:11:25 Step:1704} Server_Comm.py: The agent lost 1 packet! Is syncmode enabled?
{Mon 01:11:25 Step:1706} Server_Comm.py: The agent lost 1 packet! Is syncmode enabled?
{Mon 01:11:25 Step:1711} Server_Comm.py: The agent lost 3 consecutive packets! Is syncmode disabled?
{Mon 01:11:25 Step:1715} Server_Comm.py: The agent lost 3 consecutive packets! Is syncmode disabled?
{Mon 01:11:25 Step:1719} Server_Comm.py: The agent lost 3 consecutive packets! Is syncmode disabled?
{Mon 01:11:25 Step:1723} Server_Comm.py: The agent lost 3 consecutive packets! Is syncmode disabled?
{Mon 01:11:25 Step:1726} Server_Comm.py: The agent lost 2 consecutive packets! Is syncmode disabled?
{Mon 01:11:25 Step:1730} Server_Comm.py: The agent lost 2 consecutive packets! Is syncmode disabled?
{Mon 01:11:25 Step:1734} Server_Comm.py: The agent lost 2 consecutive packets! Is syncmode disabled?
{Mon 01:11:25 Step:1739} Server_Comm.py: The agent lost 3 consecutive packets! Is syncmode disabled?
{Mon 01:11:25 Step:1741} Server_Comm.py: The agent lost 1 packet! Is syncmode enabled?
{Mon 01:11:25 Step:1777} Server_Comm.py: The agent lost 1 packet! Is syncmode enabled?
{Mon 01:11:25 Step:1780} Server_Comm.py: The agent lost 1 packet! Is syncmode enabled?
{Mon 01:11:25 Step:1783} Server_Comm.py: The agent lost 1 packet! Is syncmode enabled?
{Mon 01:11:25 Step:1785} Server_Comm.py: The agent lost 1 packet! Is syncmode enabled?
{Mon 01:11:25 Step:1793} Server_Comm.py: The agent lost 1 packet! Is syncmode enabled?
{Mon 01:11:25 Step:1795} Server_Comm.py: The agent lost 1 packet! Is syncmode enabled?
{Mon 01:11:25 Step:1798} Server_Comm.py: The agent lost 1 packet! Is syncmode enabled?
{Mon 01:11:25 Step:1815} Server_Comm.py: The agent lost 1 packet! Is syncmode enabled?
{Mon 01:11:25 Step:1824} Server_Comm.py: The agent lost 2 consecutive packets! Is syncmode disabled?
{Mon 01:11:25 Step:1826} Server_Comm.py: The agent lost 1 packet! Is syncmode enabled?
{Mon 01:11:25 Step:1840} Server_Comm.py: The agent lost 13 consecutive packets! Is syncmode disabled?
{Mon 01:11:25 Step:1846} Server_Comm.py: The agent lost 5 consecutive packets! Is syncmode disabled?
{Mon 01:11:25 Step:1849} Server_Comm.py: The agent lost 2 consecutive packets! Is syncmode disabled?
{Mon 01:11:25 Step:1853} Server_Comm.py: The agent lost 3 consecutive packets! Is syncmode disabled?
{Mon 01:11:25 Step:1857} Server_Comm.py: The agent lost 3 consecutive packets! Is syncmode disabled?
{Mon 01:11:25 Step:1859} Server_Comm.py: The agent lost 1 packet! Is syncmode enabled?
{Mon 01:11:25 Step:1866} Server_Comm.py: The agent lost 2 consecutive packets! Is syncmode disabled?
{Mon 01:11:25 Step:1868} Server_Comm.py: The agent lost 1 packet! Is syncmode enabled?
{Mon 01:11:25 Step:1872} Server_Comm.py: The agent lost 2 consecutive packets! Is syncmode disabled?
{Mon 01:11:25 Step:1874} Server_Comm.py: The agent lost 1 packet! Is syncmode enabled?
{Mon 01:11:25 Step:1877} Server_Comm.py: The agent lost 1 packet! Is syncmode enabled?
{Mon 01:11:25 Step:1881} Server_Comm.py: The agent lost 1 packet! Is syncmode enabled?
{Mon 01:11:25 Step:1887} Server_Comm.py: The agent lost 1 packet! Is syncmode enabled?
{Mon 01:11:25 Step:1895} Server_Comm.py: The agent lost 1 packet! Is syncmode enabled?
{Mon 01:11:25 Step:1899} Server_Comm.py: The agent lost 1 packet! Is syncmode enabled?
{Mon 01:11:25 Step:1903} Server_Comm.py: The agent lost 1 packet! Is syncmode enabled?
{Mon 01:11:25 Step:1925} Server_Comm.py: The agent lost 1 packet! Is syncmode enabled?
{Mon 01:11:25 Step:1929} Server_Comm.py: The agent lost 1 packet! Is syncmode enabled?
{Mon 01:11:25 Step:1934} Server_Comm.py: The agent lost 1 packet! Is syncmode enabled?
{Mon 01:11:25 Step:1937} Server_Comm.py: The agent lost 1 packet! Is syncmode enabled?
{Mon 01:11:25 Step:1945} Server_Comm.py: The agent lost 1 packet! Is syncmode enabled?
{Mon 01:11:25 Step:1957} Server_Comm.py: The agent lost 1 packet! Is syncmode enabled?
{Mon 01:11:25 Step:1959} Server_Comm.py: The agent lost 1 packet! Is syncmode enabled?
{Mon 01:11:25 Step:1962} Server_Comm.py: The agent lost 2 consecutive packets! Is syncmode disabled?
{Mon 01:11:25 Step:1964} Server_Comm.py: The agent lost 1 packet! Is syncmode enabled?
{Mon 01:11:25 Step:1971} Server_Comm.py: The agent lost 6 consecutive packets! Is syncmode disabled?
{Mon 01:11:25 Step:1977} Server_Comm.py: The agent lost 5 consecutive packets! Is syncmode disabled?
{Mon 01:11:25 Step:1982} Server_Comm.py: The agent lost 4 consecutive packets! Is syncmode disabled?
{Mon 01:11:25 Step:1985} Server_Comm.py: The agent lost 2 consecutive packets! Is syncmode disabled?
{Mon 01:11:25 Step:1989} Server_Comm.py: The agent lost 3 consecutive packets! Is syncmode disabled?
{Mon 01:11:25 Step:1994} Server_Comm.py: The agent lost 4 consecutive packets! Is syncmode disabled?
{Mon 01:11:25 Step:1996} Server_Comm.py: The agent lost 1 packet! Is syncmode enabled?
{Mon 01:11:25 Step:1998} Server_Comm.py: The agent lost 1 packet! Is syncmode enabled?
{Mon 01:11:25 Step:2001} Server_Comm.py: The agent lost 2 consecutive packets! Is syncmode disabled?
{Mon 01:11:25 Step:2005} Server_Comm.py: The agent lost 3 consecutive packets! Is syncmode disabled?
{Mon 01:11:25 Step:2009} Server_Comm.py: The agent lost 3 consecutive packets! Is syncmode disabled?
{Mon 01:11:25 Step:2013} Server_Comm.py: The agent lost 3 consecutive packets! Is syncmode disabled?
{Mon 01:11:25 Step:2016} Server_Comm.py: The agent lost 2 consecutive packets! Is syncmode disabled?
{Mon 01:11:25 Step:2019} Server_Comm.py: The agent lost 1 packet! Is syncmode enabled?
{Mon 01:11:25 Step:2022} Server_Comm.py: The agent lost 1 packet! Is syncmode enabled?
{Mon 01:11:25 Step:2031} Server_Comm.py: The agent lost 1 packet! Is syncmode enabled?
{Mon 01:11:25 Step:2035} Server_Comm.py: The agent lost 1 packet! Is syncmode enabled?
{Mon 01:11:25 Step:2048} Server_Comm.py: The agent lost 1 packet! Is syncmode enabled?
{Mon 01:11:25 Step:2055} Server_Comm.py: The agent lost 1 packet! Is syncmode enabled?
{Mon 01:11:25 Step:2062} Server_Comm.py: The agent lost 1 packet! Is syncmode enabled?
{Mon 01:11:25 Step:2079} Server_Comm.py: The agent lost 1 packet! Is syncmode enabled?
{Mon 01:11:25 Step:2082} Server_Comm.py: The agent lost 1 packet! Is syncmode enabled?
{Mon 01:11:25 Step:2087} Server_Comm.py: The agent lost 1 packet! Is syncmode enabled?
{Mon 01:11:25 Step:2098} Server_Comm.py: The agent lost 1 packet! Is syncmode enabled?
{Mon 01:11:25 Step:2101} Server_Comm.py: The agent lost 1 packet! Is syncmode enabled?
{Mon 01:11:25 Step:2104} Server_Comm.py: The agent lost 2 consecutive packets! Is syncmode disabled?
{Mon 01:11:25 Step:2106} Server_Comm.py: The agent lost 1 packet! Is syncmode enabled?
{Mon 01:11:25 Step:2110} Server_Comm.py: The agent lost 2 consecutive packets! Is syncmode disabled?
{Mon 01:11:25 Step:2116} Server_Comm.py: The agent lost 5 consecutive packets! Is syncmode disabled?
{Mon 01:11:25 Step:2119} Server_Comm.py: The agent lost 2 consecutive packets! Is syncmode disabled?
{Mon 01:11:25 Step:2123} Server_Comm.py: The agent lost 3 consecutive packets! Is syncmode disabled?
{Mon 01:11:25 Step:2127} Server_Comm.py: The agent lost 3 consecutive packets! Is syncmode disabled?
{Mon 01:11:25 Step:2132} Server_Comm.py: The agent lost 4 consecutive packets! Is syncmode disabled?
{Mon 01:11:25 Step:2137} Server_Comm.py: The agent lost 3 consecutive packets! Is syncmode disabled?
{Mon 01:11:25 Step:2141} Server_Comm.py: The agent lost 3 consecutive packets! Is syncmode disabled?
{Mon 01:11:25 Step:2144} Server_Comm.py: The agent lost 2 consecutive packets! Is syncmode disabled?
{Mon 01:11:25 Step:2146} Server_Comm.py: The agent lost 1 packet! Is syncmode enabled?
{Mon 01:11:25 Step:2148} Server_Comm.py: The agent lost 1 packet! Is syncmode enabled?
{Mon 01:11:25 Step:2153} Server_Comm.py: The agent lost 1 packet! Is syncmode enabled?
{Mon 01:11:25 Step:2157} Server_Comm.py: The agent lost 1 packet! Is syncmode enabled?
{Mon 01:11:25 Step:2159} Server_Comm.py: The agent lost 1 packet! Is syncmode enabled?
{Mon 01:11:25 Step:2161} Server_Comm.py: The agent lost 1 packet! Is syncmode enabled?
{Mon 01:11:25 Step:2163} Server_Comm.py: The agent lost 1 packet! Is syncmode enabled?
{Mon 01:11:25 Step:2171} Server_Comm.py: The agent lost 1 packet! Is syncmode enabled?
{Mon 01:11:25 Step:2175} Server_Comm.py: The agent lost 1 packet! Is syncmode enabled?
{Mon 01:11:25 Step:2177} Server_Comm.py: The agent lost 1 packet! Is syncmode enabled?
{Mon 01:11:25 Step:2179} Server_Comm.py: The agent lost 1 packet! Is syncmode enabled?
{Mon 01:11:25 Step:2181} Server_Comm.py: The agent lost 1 packet! Is syncmode enabled?
{Mon 01:11:25 Step:2186} Server_Comm.py: The agent lost 1 packet! Is syncmode enabled?
{Mon 01:11:25 Step:2188} Server_Comm.py: The agent lost 1 packet! Is syncmode enabled?
{Mon 01:11:25 Step:2195} Server_Comm.py: The agent lost 1 packet! Is syncmode enabled?
{Mon 01:11:25 Step:2198} Server_Comm.py: The agent lost 1 packet! Is syncmode enabled?
{Mon 01:11:25 Step:2205} Server_Comm.py: The agent lost 1 packet! Is syncmode enabled?
{Mon 01:11:25 Step:2209} Server_Comm.py: The agent lost 1 packet! Is syncmode enabled?
{Mon 01:11:25 Step:2217} Server_Comm.py: The agent lost 1 packet! Is syncmode enabled?
{Mon 01:11:25 Step:2223} Server_Comm.py: The agent lost 1 packet! Is syncmode enabled?
{Mon 01:11:25 Step:2227} Server_Comm.py: The agent lost 1 packet! Is syncmode enabled?
{Mon 01:11:25 Step:2237} Server_Comm.py: The agent lost 1 packet! Is syncmode enabled?
{Mon 01:11:25 Step:2248} Server_Comm.py: The agent lost 2 consecutive packets! Is syncmode disabled?
{Mon 01:11:25 Step:2251} Server_Comm.py: The agent lost 1 packet! Is syncmode enabled?
{Mon 01:11:25 Step:2263} Server_Comm.py: The agent lost 11 consecutive packets! Is syncmode disabled?
{Mon 01:11:25 Step:2269} Server_Comm.py: The agent lost 5 consecutive packets! Is syncmode disabled?
{Mon 01:11:25 Step:2274} Server_Comm.py: The agent lost 4 consecutive packets! Is syncmode disabled?
{Mon 01:11:25 Step:2277} Server_Comm.py: The agent lost 2 consecutive packets! Is syncmode disabled?
{Mon 01:11:25 Step:2281} Server_Comm.py: The agent lost 3 consecutive packets! Is syncmode disabled?
{Mon 01:11:25 Step:2284} Server_Comm.py: The agent lost 2 consecutive packets! Is syncmode disabled?
{Mon 01:11:25 Step:2288} Server_Comm.py: The agent lost 2 consecutive packets! Is syncmode disabled?
{Mon 01:11:25 Step:2290} Server_Comm.py: The agent lost 1 packet! Is syncmode enabled?
{Mon 01:11:25 Step:2292} Server_Comm.py: The agent lost 1 packet! Is syncmode enabled?
{Mon 01:11:25 Step:2296} Server_Comm.py: The agent lost 2 consecutive packets! Is syncmode disabled?
{Mon 01:11:25 Step:2298} Server_Comm.py: The agent lost 1 packet! Is syncmode enabled?
{Mon 01:11:25 Step:2305} Server_Comm.py: The agent lost 1 packet! Is syncmode enabled?
{Mon 01:11:25 Step:2319} Server_Comm.py: The agent lost 1 packet! Is syncmode enabled?
{Mon 01:11:25 Step:2321} Server_Comm.py: The agent lost 1 packet! Is syncmode enabled?
{Mon 01:11:25 Step:2324} Server_Comm.py: The agent lost 1 packet! Is syncmode enabled?
{Mon 01:11:25 Step:2329} Server_Comm.py: The agent lost 1 packet! Is syncmode enabled?
{Mon 01:11:25 Step:2337} Server_Comm.py: The agent lost 1 packet! Is syncmode enabled?
{Mon 01:11:25 Step:2342} Server_Comm.py: The agent lost 1 packet! Is syncmode enabled?
{Mon 01:11:25 Step:2347} Server_Comm.py: The agent lost 1 packet! Is syncmode enabled?
{Mon 01:11:25 Step:2355} Server_Comm.py: The agent lost 1 packet! Is syncmode enabled?
{Mon 01:11:25 Step:2361} Server_Comm.py: The agent lost 1 packet! Is syncmode enabled?
{Mon 01:11:25 Step:2365} Server_Comm.py: The agent lost 1 packet! Is syncmode enabled?
{Mon 01:11:25 Step:2376} Server_Comm.py: The agent lost 1 packet! Is syncmode enabled?
{Mon 01:11:25 Step:2378} Server_Comm.py: The agent lost 1 packet! Is syncmode enabled?
{Mon 01:11:25 Step:2381} Server_Comm.py: The agent lost 1 packet! Is syncmode enabled?
{Mon 01:11:25 Step:2388} Server_Comm.py: The agent lost 2 consecutive packets! Is syncmode disabled?
{Mon 01:11:25 Step:2392} Server_Comm.py: The agent lost 2 consecutive packets! Is syncmode disabled?
{Mon 01:11:25 Step:2437} Server_Comm.py: The agent lost 44 consecutive packets! Is syncmode disabled?
{Mon 01:11:25 Step:2449} Server_Comm.py: The agent lost 11 consecutive packets! Is syncmode disabled?
{Mon 01:11:25 Step:2453} Server_Comm.py: The agent lost 3 consecutive packets! Is syncmode disabled?
{Mon 01:11:25 Step:2455} Server_Comm.py: The agent lost 1 packet! Is syncmode enabled?
{Mon 01:11:25 Step:2457} Server_Comm.py: The agent lost 1 packet! Is syncmode enabled?
{Mon 01:11:25 Step:2459} Server_Comm.py: The agent lost 1 packet! Is syncmode enabled?
{Mon 01:11:25 Step:2461} Server_Comm.py: The agent lost 1 packet! Is syncmode enabled?
{Mon 01:11:25 Step:2465} Server_Comm.py: The agent lost 3 consecutive packets! Is syncmode disabled?
{Mon 01:11:25 Step:2468} Server_Comm.py: The agent lost 2 consecutive packets! Is syncmode disabled?
{Mon 01:11:25 Step:2470} Server_Comm.py: The agent lost 1 packet! Is syncmode enabled?
{Mon 01:11:25 Step:2470} Server_Comm.py: Received a new packet while thinking!
{Mon 01:11:25 Step:2524} Server_Comm.py: The agent lost 53 consecutive packets! Is syncmode disabled?
{Mon 01:11:25 Step:2576} Server_Comm.py: The agent lost 51 consecutive packets! Is syncmode disabled?
{Mon 01:11:25 Step:2587} Server_Comm.py: The agent lost 10 consecutive packets! Is syncmode disabled?
{Mon 01:11:25 Step:2592} Server_Comm.py: The agent lost 4 consecutive packets! Is syncmode disabled?
{Mon 01:11:25 Step:2594} Server_Comm.py: The agent lost 1 packet! Is syncmode enabled?
{Mon 01:11:25 Step:2596} Server_Comm.py: The agent lost 1 packet! Is syncmode enabled?
{Mon 01:11:25 Step:2599} Server_Comm.py: The agent lost 1 packet! Is syncmode enabled?
{Mon 01:11:25 Step:2603} Server_Comm.py: The agent lost 3 consecutive packets! Is syncmode disabled?
{Mon 01:11:25 Step:2608} Server_Comm.py: The agent lost 4 consecutive packets! Is syncmode disabled?
{Mon 01:11:26 Step:2608} Server_Comm.py: Received a new packet while thinking!
{Mon 01:11:26 Step:2729} Server_Comm.py: The agent lost 120 consecutive packets! Is syncmode disabled?
{Mon 01:11:26 Step:2737} Server_Comm.py: The agent lost 7 consecutive packets! Is syncmode disabled?
{Mon 01:11:26 Step:2740} Server_Comm.py: The agent lost 2 consecutive packets! Is syncmode disabled?
{Mon 01:11:26 Step:2742} Server_Comm.py: The agent lost 1 packet! Is syncmode enabled?
{Mon 01:11:26 Step:2746} Server_Comm.py: The agent lost 2 consecutive packets! Is syncmode disabled?
{Mon 01:11:26 Step:2748} Server_Comm.py: The agent lost 1 packet! Is syncmode enabled?
{Mon 01:11:26 Step:2755} Server_Comm.py: The agent lost 1 packet! Is syncmode enabled?
{Mon 01:11:26 Step:2757} Server_Comm.py: The agent lost 1 packet! Is syncmode enabled?
{Mon 01:11:26 Step:2763} Server_Comm.py: The agent lost 1 packet! Is syncmode enabled?
{Mon 01:11:26 Step:2795} Server_Comm.py: The agent lost 1 packet! Is syncmode enabled?
{Mon 01:11:26 Step:2797} Server_Comm.py: The agent lost 1 packet! Is syncmode enabled?
{Mon 01:11:26 Step:2827} Server_Comm.py: The agent lost 1 packet! Is syncmode enabled?
{Mon 01:11:26 Step:2833} Server_Comm.py: The agent lost 1 packet! Is syncmode enabled?
{Mon 01:11:26 Step:2836} Server_Comm.py: The agent lost 2 consecutive packets! Is syncmode disabled?
{Mon 01:11:26 Step:2840} Server_Comm.py: The agent lost 2 consecutive packets! Is syncmode disabled?
{Mon 01:11:26 Step:2842} Server_Comm.py: The agent lost 1 packet! Is syncmode enabled?
{Mon 01:11:26 Step:2846} Server_Comm.py: The agent lost 3 consecutive packets! Is syncmode disabled?
{Mon 01:11:26 Step:2849} Server_Comm.py: The agent lost 2 consecutive packets! Is syncmode disabled?
{Mon 01:11:26 Step:2852} Server_Comm.py: The agent lost 2 consecutive packets! Is syncmode disabled?
{Mon 01:11:26 Step:2854} Server_Comm.py: The agent lost 1 packet! Is syncmode enabled?
{Mon 01:11:26 Step:2856} Server_Comm.py: The agent lost 1 packet! Is syncmode enabled?
{Mon 01:11:26 Step:2861} Server_Comm.py: The agent lost 3 consecutive packets! Is syncmode disabled?
{Mon 01:11:26 Step:2865} Server_Comm.py: The agent lost 3 consecutive packets! Is syncmode disabled?
{Mon 01:11:26 Step:2870} Server_Comm.py: The agent lost 4 consecutive packets! Is syncmode disabled?
{Mon 01:11:26 Step:2872} Server_Comm.py: The agent lost 1 packet! Is syncmode enabled?
{Mon 01:11:26 Step:2874} Server_Comm.py: The agent lost 1 packet! Is syncmode enabled?
{Mon 01:11:26 Step:2879} Server_Comm.py: The agent lost 3 consecutive packets! Is syncmode disabled?
{Mon 01:11:26 Step:2882} Server_Comm.py: The agent lost 2 consecutive packets! Is syncmode disabled?
{Mon 01:11:26 Step:2884} Server_Comm.py: The agent lost 1 packet! Is syncmode enabled?
{Mon 01:11:26 Step:2887} Server_Comm.py: The agent lost 2 consecutive packets! Is syncmode disabled?
{Mon 01:11:26 Step:2891} Server_Comm.py: The agent lost 3 consecutive packets! Is syncmode disabled?
{Mon 01:11:26 Step:2895} Server_Comm.py: The agent lost 3 consecutive packets! Is syncmode disabled?
{Mon 01:11:26 Step:2895} Server_Comm.py: Received a new packet while thinking!
{Mon 01:11:26 Step:3069} Server_Comm.py: The agent lost 173 consecutive packets! Is syncmode disabled?
{Mon 01:11:26 Step:3069} Server_Comm.py: Received a new packet while on world.update()!
{Mon 01:11:26 Step:3071} Server_Comm.py: The agent lost 1 packet! Is syncmode enabled?
{Mon 01:11:26 Step:3072} Server_Comm.py: Received a new packet while thinking!
{Mon 01:11:26 Step:3077} Server_Comm.py: The agent lost 1 packet! Is syncmode enabled?
{Mon 01:11:26 Step:3079} Server_Comm.py: The agent lost 1 packet! Is syncmode enabled?
{Mon 01:11:26 Step:3083} Server_Comm.py: The agent lost 1 packet! Is syncmode enabled?
{Mon 01:11:26 Step:3088} Server_Comm.py: The agent lost 2 consecutive packets! Is syncmode disabled?
{Mon 01:11:26 Step:3090} Server_Comm.py: The agent lost 1 packet! Is syncmode enabled?
{Mon 01:11:26 Step:3094} Server_Comm.py: The agent lost 2 consecutive packets! Is syncmode disabled?
{Mon 01:11:26 Step:3097} Server_Comm.py: The agent lost 1 packet! Is syncmode enabled?
{Mon 01:11:26 Step:3097} Server_Comm.py: Received a new packet while thinking!
{Mon 01:11:26 Step:3161} Server_Comm.py: The agent lost 63 consecutive packets! Is syncmode disabled?
{Mon 01:11:26 Step:3182} Server_Comm.py: The agent lost 20 consecutive packets! Is syncmode disabled?
{Mon 01:11:26 Step:3189} Server_Comm.py: The agent lost 6 consecutive packets! Is syncmode disabled?
{Mon 01:11:26 Step:3193} Server_Comm.py: The agent lost 3 consecutive packets! Is syncmode disabled?
{Mon 01:11:26 Step:3197} Server_Comm.py: The agent lost 3 consecutive packets! Is syncmode disabled?
{Mon 01:11:26 Step:3200} Server_Comm.py: The agent lost 2 consecutive packets! Is syncmode disabled?
{Mon 01:11:26 Step:3202} Server_Comm.py: The agent lost 1 packet! Is syncmode enabled?
{Mon 01:11:26 Step:3204} Server_Comm.py: The agent lost 1 packet! Is syncmode enabled?
{Mon 01:11:26 Step:3209} Server_Comm.py: The agent lost 3 consecutive packets! Is syncmode disabled?
{Mon 01:11:26 Step:3212} Server_Comm.py: The agent lost 2 consecutive packets! Is syncmode disabled?
{Mon 01:11:26 Step:3214} Server_Comm.py: The agent lost 1 packet! Is syncmode enabled?
{Mon 01:11:26 Step:3216} Server_Comm.py: The agent lost 1 packet! Is syncmode enabled?
{Mon 01:11:26 Step:3218} Server_Comm.py: The agent lost 1 packet! Is syncmode enabled?
{Mon 01:11:26 Step:3221} Server_Comm.py: The agent lost 1 packet! Is syncmode enabled?
{Mon 01:11:26 Step:3245} Server_Comm.py: The agent lost 1 packet! Is syncmode enabled?
{Mon 01:11:26 Step:3253} Server_Comm.py: The agent lost 1 packet! Is syncmode enabled?
{Mon 01:11:26 Step:3263} Server_Comm.py: The agent lost 1 packet! Is syncmode enabled?
{Mon 01:11:26 Step:3283} Server_Comm.py: The agent lost 1 packet! Is syncmode enabled?
{Mon 01:11:26 Step:3287} Server_Comm.py: The agent lost 1 packet! Is syncmode enabled?
{Mon 01:11:26 Step:3297} Server_Comm.py: The agent lost 1 packet! Is syncmode enabled?
{Mon 01:11:26 Step:3300} Server_Comm.py: The agent lost 2 consecutive packets! Is syncmode disabled?
{Mon 01:11:26 Step:3302} Server_Comm.py: The agent lost 1 packet! Is syncmode enabled?
{Mon 01:11:26 Step:3310} Server_Comm.py: The agent lost 6 consecutive packets! Is syncmode disabled?
{Mon 01:11:26 Step:3313} Server_Comm.py: The agent lost 2 consecutive packets! Is syncmode disabled?
{Mon 01:11:26 Step:3317} Server_Comm.py: The agent lost 3 consecutive packets! Is syncmode disabled?
{Mon 01:11:26 Step:3320} Server_Comm.py: The agent lost 2 consecutive packets! Is syncmode disabled?
{Mon 01:11:26 Step:3323} Server_Comm.py: The agent lost 2 consecutive packets! Is syncmode disabled?
{Mon 01:11:26 Step:3327} Server_Comm.py: The agent lost 3 consecutive packets! Is syncmode disabled?
{Mon 01:11:26 Step:3331} Server_Comm.py: The agent lost 3 consecutive packets! Is syncmode disabled?
{Mon 01:11:26 Step:3336} Server_Comm.py: The agent lost 4 consecutive packets! Is syncmode disabled?
{Mon 01:11:26 Step:3338} Server_Comm.py: The agent lost 1 packet! Is syncmode enabled?
{Mon 01:11:26 Step:3340} Server_Comm.py: The agent lost 1 packet! Is syncmode enabled?
{Mon 01:11:26 Step:3342} Server_Comm.py: The agent lost 1 packet! Is syncmode enabled?
{Mon 01:11:26 Step:3344} Server_Comm.py: The agent lost 1 packet! Is syncmode enabled?
{Mon 01:11:26 Step:3349} Server_Comm.py: The agent lost 3 consecutive packets! Is syncmode disabled?
{Mon 01:11:26 Step:3353} Server_Comm.py: The agent lost 3 consecutive packets! Is syncmode disabled?
{Mon 01:11:26 Step:3358} Server_Comm.py: The agent lost 4 consecutive packets! Is syncmode disabled?
{Mon 01:11:26 Step:3360} Server_Comm.py: The agent lost 1 packet! Is syncmode enabled?
{Mon 01:11:26 Step:3362} Server_Comm.py: The agent lost 1 packet! Is syncmode enabled?
{Mon 01:11:26 Step:3366} Server_Comm.py: The agent lost 2 consecutive packets! Is syncmode disabled?
{Mon 01:11:26 Step:3368} Server_Comm.py: The agent lost 1 packet! Is syncmode enabled?
{Mon 01:11:26 Step:3370} Server_Comm.py: The agent lost 1 packet! Is syncmode enabled?
{Mon 01:11:26 Step:3397} Server_Comm.py: The agent lost 1 packet! Is syncmode enabled?
{Mon 01:11:26 Step:3403} Server_Comm.py: The agent lost 1 packet! Is syncmode enabled?
{Mon 01:11:26 Step:3407} Server_Comm.py: The agent lost 1 packet! Is syncmode enabled?
{Mon 01:11:26 Step:3413} Server_Comm.py: The agent lost 1 packet! Is syncmode enabled?
{Mon 01:11:26 Step:3417} Server_Comm.py: The agent lost 1 packet! Is syncmode enabled?
{Mon 01:11:26 Step:3425} Server_Comm.py: The agent lost 1 packet! Is syncmode enabled?
{Mon 01:11:26 Step:3444} Server_Comm.py: The agent lost 2 consecutive packets! Is syncmode disabled?
{Mon 01:11:26 Step:3448} Server_Comm.py: The agent lost 2 consecutive packets! Is syncmode disabled?
{Mon 01:11:26 Step:3454} Server_Comm.py: The agent lost 5 consecutive packets! Is syncmode disabled?
{Mon 01:11:26 Step:3458} Server_Comm.py: The agent lost 3 consecutive packets! Is syncmode disabled?
{Mon 01:11:26 Step:3460} Server_Comm.py: The agent lost 1 packet! Is syncmode enabled?
{Mon 01:11:26 Step:3462} Server_Comm.py: The agent lost 1 packet! Is syncmode enabled?
{Mon 01:11:26 Step:3464} Server_Comm.py: The agent lost 1 packet! Is syncmode enabled?
{Mon 01:11:26 Step:3466} Server_Comm.py: The agent lost 1 packet! Is syncmode enabled?
{Mon 01:11:26 Step:3468} Server_Comm.py: The agent lost 1 packet! Is syncmode enabled?
{Mon 01:11:26 Step:3473} Server_Comm.py: The agent lost 3 consecutive packets! Is syncmode disabled?
{Mon 01:11:26 Step:3477} Server_Comm.py: The agent lost 3 consecutive packets! Is syncmode disabled?
{Mon 01:11:26 Step:3481} Server_Comm.py: The agent lost 3 consecutive packets! Is syncmode disabled?
{Mon 01:11:26 Step:3486} Server_Comm.py: The agent lost 4 consecutive packets! Is syncmode disabled?
{Mon 01:11:26 Step:3488} Server_Comm.py: The agent lost 1 packet! Is syncmode enabled?
{Mon 01:11:26 Step:3490} Server_Comm.py: The agent lost 1 packet! Is syncmode enabled?
{Mon 01:11:26 Step:3494} Server_Comm.py: The agent lost 2 consecutive packets! Is syncmode disabled?
{Mon 01:11:26 Step:3496} Server_Comm.py: The agent lost 1 packet! Is syncmode enabled?
{Mon 01:11:26 Step:3498} Server_Comm.py: The agent lost 1 packet! Is syncmode enabled?
{Mon 01:11:26 Step:3502} Server_Comm.py: The agent lost 2 consecutive packets! Is syncmode disabled?
{Mon 01:11:26 Step:3506} Server_Comm.py: The agent lost 2 consecutive packets! Is syncmode disabled?
{Mon 01:11:26 Step:3508} Server_Comm.py: The agent lost 1 packet! Is syncmode enabled?
{Mon 01:11:26 Step:3510} Server_Comm.py: The agent lost 1 packet! Is syncmode enabled?
{Mon 01:11:26 Step:3512} Server_Comm.py: The agent lost 1 packet! Is syncmode enabled?
{Mon 01:11:26 Step:3514} Server_Comm.py: The agent lost 1 packet! Is syncmode enabled?
{Mon 01:11:26 Step:3516} Server_Comm.py: The agent lost 1 packet! Is syncmode enabled?
{Mon 01:11:26 Step:3520} Server_Comm.py: The agent lost 2 consecutive packets! Is syncmode disabled?
{Mon 01:11:26 Step:3522} Server_Comm.py: The agent lost 1 packet! Is syncmode enabled?
{Mon 01:11:26 Step:3526} Server_Comm.py: The agent lost 2 consecutive packets! Is syncmode disabled?
{Mon 01:11:26 Step:3530} Server_Comm.py: The agent lost 2 consecutive packets! Is syncmode disabled?
{Mon 01:11:26 Step:3532} Server_Comm.py: The agent lost 1 packet! Is syncmode enabled?
{Mon 01:11:26 Step:3536} Server_Comm.py: The agent lost 2 consecutive packets! Is syncmode disabled?
{Mon 01:11:26 Step:3539} Server_Comm.py: The agent lost 1 packet! Is syncmode enabled?
{Mon 01:11:26 Step:3545} Server_Comm.py: The agent lost 1 packet! Is syncmode enabled?
{Mon 01:11:26 Step:3566} Server_Comm.py: The agent lost 1 packet! Is syncmode enabled?
{Mon 01:11:26 Step:3581} Server_Comm.py: The agent lost 1 packet! Is syncmode enabled?
{Mon 01:11:26 Step:3585} Server_Comm.py: The agent lost 1 packet! Is syncmode enabled?
{Mon 01:11:26 Step:3589} Server_Comm.py: The agent lost 1 packet! Is syncmode enabled?
{Mon 01:11:26 Step:3594} Server_Comm.py: The agent lost 1 packet! Is syncmode enabled?
{Mon 01:11:26 Step:3598} Server_Comm.py: The agent lost 2 consecutive packets! Is syncmode disabled?
{Mon 01:11:26 Step:3600} Server_Comm.py: The agent lost 1 packet! Is syncmode enabled?
{Mon 01:11:26 Step:3605} Server_Comm.py: The agent lost 4 consecutive packets! Is syncmode disabled?
{Mon 01:11:26 Step:3610} Server_Comm.py: The agent lost 4 consecutive packets! Is syncmode disabled?
{Mon 01:11:26 Step:3613} Server_Comm.py: The agent lost 2 consecutive packets! Is syncmode disabled?
{Mon 01:11:26 Step:3616} Server_Comm.py: The agent lost 2 consecutive packets! Is syncmode disabled?
{Mon 01:11:26 Step:3618} Server_Comm.py: The agent lost 1 packet! Is syncmode enabled?
{Mon 01:11:26 Step:3622} Server_Comm.py: The agent lost 2 consecutive packets! Is syncmode disabled?
{Mon 01:11:26 Step:3624} Server_Comm.py: The agent lost 1 packet! Is syncmode enabled?
{Mon 01:11:26 Step:3626} Server_Comm.py: The agent lost 1 packet! Is syncmode enabled?
{Mon 01:11:26 Step:3630} Server_Comm.py: The agent lost 2 consecutive packets! Is syncmode disabled?
{Mon 01:11:26 Step:3632} Server_Comm.py: The agent lost 1 packet! Is syncmode enabled?
{Mon 01:11:26 Step:3634} Server_Comm.py: The agent lost 1 packet! Is syncmode enabled?
{Mon 01:11:26 Step:3637} Server_Comm.py: The agent lost 2 consecutive packets! Is syncmode disabled?
{Mon 01:11:26 Step:3641} Server_Comm.py: The agent lost 3 consecutive packets! Is syncmode disabled?
{Mon 01:11:26 Step:3645} Server_Comm.py: The agent lost 3 consecutive packets! Is syncmode disabled?
{Mon 01:11:26 Step:3649} Server_Comm.py: The agent lost 3 consecutive packets! Is syncmode disabled?
{Mon 01:11:26 Step:3653} Server_Comm.py: The agent lost 3 consecutive packets! Is syncmode disabled?
{Mon 01:11:26 Step:3657} Server_Comm.py: The agent lost 3 consecutive packets! Is syncmode disabled?
{Mon 01:11:26 Step:3661} Server_Comm.py: The agent lost 3 consecutive packets! Is syncmode disabled?
{Mon 01:11:26 Step:3665} Server_Comm.py: The agent lost 3 consecutive packets! Is syncmode disabled?
{Mon 01:11:26 Step:3669} Server_Comm.py: The agent lost 3 consecutive packets! Is syncmode disabled?
{Mon 01:11:26 Step:3673} Server_Comm.py: The agent lost 3 consecutive packets! Is syncmode disabled?
{Mon 01:11:26 Step:3677} Server_Comm.py: The agent lost 3 consecutive packets! Is syncmode disabled?
{Mon 01:11:26 Step:3681} Server_Comm.py: The agent lost 3 consecutive packets! Is syncmode disabled?
{Mon 01:11:26 Step:3685} Server_Comm.py: The agent lost 3 consecutive packets! Is syncmode disabled?
{Mon 01:11:26 Step:3689} Server_Comm.py: The agent lost 3 consecutive packets! Is syncmode disabled?
{Mon 01:11:26 Step:3692} Server_Comm.py: The agent lost 2 consecutive packets! Is syncmode disabled?
{Mon 01:11:26 Step:3694} Server_Comm.py: The agent lost 1 packet! Is syncmode enabled?
{Mon 01:11:26 Step:3696} Server_Comm.py: The agent lost 1 packet! Is syncmode enabled?
{Mon 01:11:26 Step:3698} Server_Comm.py: The agent lost 1 packet! Is syncmode enabled?
{Mon 01:11:26 Step:3702} Server_Comm.py: The agent lost 2 consecutive packets! Is syncmode disabled?
{Mon 01:11:26 Step:3704} Server_Comm.py: The agent lost 1 packet! Is syncmode enabled?
{Mon 01:11:26 Step:3708} Server_Comm.py: The agent lost 2 consecutive packets! Is syncmode disabled?
{Mon 01:11:26 Step:3710} Server_Comm.py: The agent lost 1 packet! Is syncmode enabled?
{Mon 01:11:26 Step:3712} Server_Comm.py: The agent lost 1 packet! Is syncmode enabled?
{Mon 01:11:26 Step:3714} Server_Comm.py: The agent lost 1 packet! Is syncmode enabled?
{Mon 01:11:26 Step:3718} Server_Comm.py: The agent lost 2 consecutive packets! Is syncmode disabled?
{Mon 01:11:26 Step:3720} Server_Comm.py: The agent lost 1 packet! Is syncmode enabled?
{Mon 01:11:26 Step:3724} Server_Comm.py: The agent lost 2 consecutive packets! Is syncmode disabled?
{Mon 01:11:26 Step:3726} Server_Comm.py: The agent lost 1 packet! Is syncmode enabled?
{Mon 01:11:26 Step:3728} Server_Comm.py: The agent lost 1 packet! Is syncmode enabled?
{Mon 01:11:26 Step:3731} Server_Comm.py: The agent lost 1 packet! Is syncmode enabled?
{Mon 01:11:26 Step:3735} Server_Comm.py: The agent lost 3 consecutive packets! Is syncmode disabled?
{Mon 01:11:26 Step:3739} Server_Comm.py: The agent lost 3 consecutive packets! Is syncmode disabled?
{Mon 01:11:26 Step:3742} Server_Comm.py: The agent lost 2 consecutive packets! Is syncmode disabled?
{Mon 01:11:26 Step:3744} Server_Comm.py: The agent lost 1 packet! Is syncmode enabled?
{Mon 01:11:26 Step:3746} Server_Comm.py: The agent lost 1 packet! Is syncmode enabled?
{Mon 01:11:26 Step:3750} Server_Comm.py: The agent lost 2 consecutive packets! Is syncmode disabled?
{Mon 01:11:26 Step:3752} Server_Comm.py: The agent lost 1 packet! Is syncmode enabled?
{Mon 01:11:26 Step:3754} Server_Comm.py: The agent lost 1 packet! Is syncmode enabled?
{Mon 01:11:26 Step:3758} Server_Comm.py: The agent lost 2 consecutive packets! Is syncmode disabled?
{Mon 01:11:26 Step:3760} Server_Comm.py: The agent lost 1 packet! Is syncmode enabled?
{Mon 01:11:26 Step:3764} Server_Comm.py: The agent lost 2 consecutive packets! Is syncmode disabled?
{Mon 01:11:26 Step:3766} Server_Comm.py: The agent lost 1 packet! Is syncmode enabled?
{Mon 01:11:26 Step:3770} Server_Comm.py: The agent lost 2 consecutive packets! Is syncmode disabled?
{Mon 01:11:26 Step:3772} Server_Comm.py: The agent lost 1 packet! Is syncmode enabled?
{Mon 01:11:26 Step:3774} Server_Comm.py: The agent lost 1 packet! Is syncmode enabled?
{Mon 01:11:26 Step:3778} Server_Comm.py: The agent lost 2 consecutive packets! Is syncmode disabled?
{Mon 01:11:26 Step:3782} Server_Comm.py: The agent lost 2 consecutive packets! Is syncmode disabled?
{Mon 01:11:26 Step:3784} Server_Comm.py: The agent lost 1 packet! Is syncmode enabled?
{Mon 01:11:26 Step:3786} Server_Comm.py: The agent lost 1 packet! Is syncmode enabled?
{Mon 01:11:26 Step:3790} Server_Comm.py: The agent lost 2 consecutive packets! Is syncmode disabled?
{Mon 01:11:26 Step:3792} Server_Comm.py: The agent lost 1 packet! Is syncmode enabled?
{Mon 01:11:26 Step:3794} Server_Comm.py: The agent lost 1 packet! Is syncmode enabled?
{Mon 01:11:26 Step:3798} Server_Comm.py: The agent lost 2 consecutive packets! Is syncmode disabled?
{Mon 01:11:26 Step:3800} Server_Comm.py: The agent lost 1 packet! Is syncmode enabled?
{Mon 01:11:26 Step:3802} Server_Comm.py: The agent lost 1 packet! Is syncmode enabled?
{Mon 01:11:26 Step:3805} Server_Comm.py: The agent lost 1 packet! Is syncmode enabled?
{Mon 01:11:26 Step:3807} Server_Comm.py: The agent lost 1 packet! Is syncmode enabled?
{Mon 01:11:26 Step:3810} Server_Comm.py: The agent lost 2 consecutive packets! Is syncmode disabled?
{Mon 01:11:26 Step:3812} Server_Comm.py: The agent lost 1 packet! Is syncmode enabled?
{Mon 01:11:26 Step:3816} Server_Comm.py: The agent lost 2 consecutive packets! Is syncmode disabled?
{Mon 01:11:26 Step:3818} Server_Comm.py: The agent lost 1 packet! Is syncmode enabled?
{Mon 01:11:26 Step:3822} Server_Comm.py: The agent lost 2 consecutive packets! Is syncmode disabled?
{Mon 01:11:26 Step:3828} Server_Comm.py: The agent lost 5 consecutive packets! Is syncmode disabled?
{Mon 01:11:26 Step:3831} Server_Comm.py: The agent lost 2 consecutive packets! Is syncmode disabled?
{Mon 01:11:26 Step:3834} Server_Comm.py: The agent lost 2 consecutive packets! Is syncmode disabled?
{Mon 01:11:26 Step:3836} Server_Comm.py: The agent lost 1 packet! Is syncmode enabled?
{Mon 01:11:26 Step:3838} Server_Comm.py: The agent lost 1 packet! Is syncmode enabled?
{Mon 01:11:26 Step:3842} Server_Comm.py: The agent lost 2 consecutive packets! Is syncmode disabled?
{Mon 01:11:26 Step:3845} Server_Comm.py: The agent lost 2 consecutive packets! Is syncmode disabled?
{Mon 01:11:26 Step:3849} Server_Comm.py: The agent lost 3 consecutive packets! Is syncmode disabled?
{Mon 01:11:26 Step:3851} Server_Comm.py: The agent lost 1 packet! Is syncmode enabled?
{Mon 01:11:26 Step:3855} Server_Comm.py: The agent lost 1 packet! Is syncmode enabled?
{Mon 01:11:26 Step:3893} Server_Comm.py: The agent lost 1 packet! Is syncmode enabled?
{Mon 01:11:26 Step:3909} Server_Comm.py: The agent lost 1 packet! Is syncmode enabled?
{Mon 01:11:26 Step:3915} Server_Comm.py: The agent lost 1 packet! Is syncmode enabled?
{Mon 01:11:26 Step:3917} Server_Comm.py: The agent lost 1 packet! Is syncmode enabled?
{Mon 01:11:26 Step:3921} Server_Comm.py: The agent lost 1 packet! Is syncmode enabled?
{Mon 01:11:26 Step:3940} Server_Comm.py: The agent lost 2 consecutive packets! Is syncmode disabled?
{Mon 01:11:26 Step:3942} Server_Comm.py: The agent lost 1 packet! Is syncmode enabled?
