{Wed 20:13:49 Step:108} Server_Comm.py: The agent lost 1 packet! Is syncmode enabled?
{Wed 20:13:49 Step:120} Server_Comm.py: The agent lost 1 packet! Is syncmode enabled?
{Wed 20:13:49 Step:121} Server_Comm.py: Received a new packet while thinking!
{Wed 20:13:49 Step:123} Server_Comm.py: Received a new packet while thinking!
{Wed 20:13:49 Step:124} Server_Comm.py: Received a new packet while thinking!
{Wed 20:13:49 Step:127} Server_Comm.py: The agent lost 2 consecutive packets! Is syncmode disabled?
{Wed 20:13:49 Step:127} Server_Comm.py: Received a new packet while thinking!
{Wed 20:13:49 Step:130} Server_Comm.py: The agent lost 2 consecutive packets! Is syncmode disabled?
{Wed 20:13:50 Step:131} Server_Comm.py: Received a new packet while thinking!
{Wed 20:13:50 Step:133} Server_Comm.py: The agent lost 1 packet! Is syncmode enabled?
{Wed 20:13:50 Step:133} Server_Comm.py: Received a new packet while thinking!
{Wed 20:13:50 Step:136} Server_Comm.py: The agent lost 2 consecutive packets! Is syncmode disabled?
{Wed 20:13:50 Step:136} Server_Comm.py: Received a new packet while thinking!
{Wed 20:13:50 Step:139} Server_Comm.py: The agent lost 2 consecutive packets! Is syncmode disabled?
{Wed 20:13:50 Step:139} Server_Comm.py: Received a new packet while thinking!
{Wed 20:13:50 Step:141} Server_Comm.py: The agent lost 1 packet! Is syncmode enabled?
{Wed 20:13:50 Step:141} Server_Comm.py: Received a new packet while thinking!
{Wed 20:13:50 Step:143} Server_Comm.py: The agent lost 1 packet! Is syncmode enabled?
{Wed 20:13:50 Step:143} Server_Comm.py: Received a new packet while thinking!
{Wed 20:13:50 Step:145} Server_Comm.py: The agent lost 1 packet! Is syncmode enabled?
{Wed 20:13:50 Step:145} Server_Comm.py: Received a new packet while thinking!
{Wed 20:13:50 Step:147} Server_Comm.py: The agent lost 1 packet! Is syncmode enabled?
{Wed 20:13:50 Step:147} Server_Comm.py: Received a new packet while thinking!
{Wed 20:13:50 Step:149} Server_Comm.py: The agent lost 1 packet! Is syncmode enabled?
{Wed 20:13:51 Step:149} Server_Comm.py: Received a new packet while thinking!
{Wed 20:13:51 Step:152} Server_Comm.py: The agent lost 2 consecutive packets! Is syncmode disabled?
{Wed 20:13:51 Step:152} Server_Comm.py: Received a new packet while thinking!
{Wed 20:13:51 Step:155} Server_Comm.py: The agent lost 2 consecutive packets! Is syncmode disabled?
{Wed 20:13:51 Step:155} Server_Comm.py: Received a new packet while thinking!
{Wed 20:13:51 Step:157} Server_Comm.py: The agent lost 1 packet! Is syncmode enabled?
{Wed 20:13:51 Step:157} Server_Comm.py: Received a new packet while thinking!
{Wed 20:13:51 Step:160} Server_Comm.py: The agent lost 2 consecutive packets! Is syncmode disabled?
{Wed 20:13:51 Step:160} Server_Comm.py: Received a new packet while thinking!
{Wed 20:13:51 Step:163} Server_Comm.py: The agent lost 2 consecutive packets! Is syncmode disabled?
{Wed 20:13:51 Step:163} Server_Comm.py: Received a new packet while thinking!
{Wed 20:13:51 Step:165} Server_Comm.py: The agent lost 1 packet! Is syncmode enabled?
{Wed 20:13:51 Step:165} Server_Comm.py: Received a new packet while thinking!
{Wed 20:13:51 Step:167} Server_Comm.py: The agent lost 1 packet! Is syncmode enabled?
{Wed 20:13:51 Step:167} Server_Comm.py: Received a new packet while thinking!
{Wed 20:13:51 Step:168} Server_Comm.py: Received a new packet while thinking!
{Wed 20:13:51 Step:171} Server_Comm.py: The agent lost 2 consecutive packets! Is syncmode disabled?
{Wed 20:13:51 Step:171} Server_Comm.py: Received a new packet while thinking!
{Wed 20:13:51 Step:173} Server_Comm.py: The agent lost 1 packet! Is syncmode enabled?
{Wed 20:13:51 Step:173} Server_Comm.py: Received a new packet while thinking!
{Wed 20:13:51 Step:175} Server_Comm.py: The agent lost 1 packet! Is syncmode enabled?
{Wed 20:13:52 Step:175} Server_Comm.py: Received a new packet while thinking!
{Wed 20:13:52 Step:177} Server_Comm.py: The agent lost 1 packet! Is syncmode enabled?
{Wed 20:13:52 Step:177} Server_Comm.py: Received a new packet while thinking!
{Wed 20:13:52 Step:179} Server_Comm.py: The agent lost 1 packet! Is syncmode enabled?
{Wed 20:13:52 Step:179} Server_Comm.py: Received a new packet while thinking!
{Wed 20:13:52 Step:180} Server_Comm.py: Received a new packet while thinking!
{Wed 20:13:52 Step:182} Server_Comm.py: The agent lost 1 packet! Is syncmode enabled?
{Wed 20:13:52 Step:182} Server_Comm.py: Received a new packet while thinking!
{Wed 20:13:52 Step:184} Server_Comm.py: The agent lost 1 packet! Is syncmode enabled?
{Wed 20:13:52 Step:184} Server_Comm.py: Received a new packet while thinking!
{Wed 20:13:52 Step:186} Server_Comm.py: The agent lost 1 packet! Is syncmode enabled?
{Wed 20:13:52 Step:186} Server_Comm.py: Received a new packet while thinking!
{Wed 20:13:52 Step:187} Server_Comm.py: Received a new packet while thinking!
{Wed 20:13:52 Step:189} Server_Comm.py: The agent lost 1 packet! Is syncmode enabled?
{Wed 20:13:52 Step:189} Server_Comm.py: Received a new packet while thinking!
{Wed 20:13:52 Step:190} Server_Comm.py: Received a new packet while thinking!
{Wed 20:13:52 Step:192} Server_Comm.py: The agent lost 1 packet! Is syncmode enabled?
{Wed 20:13:52 Step:192} Server_Comm.py: Received a new packet while thinking!
{Wed 20:13:52 Step:193} Server_Comm.py: Received a new packet while thinking!
{Wed 20:13:52 Step:195} Server_Comm.py: The agent lost 1 packet! Is syncmode enabled?
{Wed 20:13:52 Step:195} Server_Comm.py: Received a new packet while thinking!
{Wed 20:13:52 Step:196} Server_Comm.py: Received a new packet while thinking!
{Wed 20:13:52 Step:198} Server_Comm.py: The agent lost 1 packet! Is syncmode enabled?
{Wed 20:13:52 Step:199} Server_Comm.py: Received a new packet while thinking!
{Wed 20:13:52 Step:202} Server_Comm.py: The agent lost 1 packet! Is syncmode enabled?
{Wed 20:13:52 Step:205} Server_Comm.py: The agent lost 1 packet! Is syncmode enabled?
{Wed 20:13:52 Step:206} Server_Comm.py: Received a new packet while thinking!
{Wed 20:13:52 Step:208} Server_Comm.py: The agent lost 1 packet! Is syncmode enabled?
{Wed 20:13:52 Step:209} Server_Comm.py: Received a new packet while thinking!
{Wed 20:13:52 Step:211} Server_Comm.py: The agent lost 1 packet! Is syncmode enabled?
{Wed 20:13:52 Step:211} Server_Comm.py: Received a new packet while thinking!
{Wed 20:13:52 Step:213} Server_Comm.py: The agent lost 1 packet! Is syncmode enabled?
{Wed 20:13:52 Step:213} Server_Comm.py: Received a new packet while thinking!
{Wed 20:13:52 Step:214} Server_Comm.py: Received a new packet while thinking!
{Wed 20:13:52 Step:217} Server_Comm.py: The agent lost 2 consecutive packets! Is syncmode disabled?
{Wed 20:13:52 Step:218} Server_Comm.py: Received a new packet while thinking!
{Wed 20:13:52 Step:220} Server_Comm.py: The agent lost 1 packet! Is syncmode enabled?
{Wed 20:13:52 Step:220} Server_Comm.py: Received a new packet while thinking!
{Wed 20:13:52 Step:223} Server_Comm.py: The agent lost 2 consecutive packets! Is syncmode disabled?
{Wed 20:13:52 Step:223} Server_Comm.py: Received a new packet while thinking!
{Wed 20:13:53 Step:225} Server_Comm.py: The agent lost 1 packet! Is syncmode enabled?
{Wed 20:13:53 Step:225} Server_Comm.py: Received a new packet while thinking!
{Wed 20:13:53 Step:227} Server_Comm.py: The agent lost 1 packet! Is syncmode enabled?
{Wed 20:13:53 Step:227} Server_Comm.py: Received a new packet while thinking!
{Wed 20:13:53 Step:229} Server_Comm.py: The agent lost 1 packet! Is syncmode enabled?
{Wed 20:13:53 Step:229} Server_Comm.py: Received a new packet while thinking!
{Wed 20:13:53 Step:231} Server_Comm.py: The agent lost 1 packet! Is syncmode enabled?
{Wed 20:13:53 Step:231} Server_Comm.py: Received a new packet while thinking!
{Wed 20:13:53 Step:233} Server_Comm.py: The agent lost 1 packet! Is syncmode enabled?
{Wed 20:13:53 Step:233} Server_Comm.py: Received a new packet while thinking!
{Wed 20:13:53 Step:234} Server_Comm.py: Received a new packet while thinking!
{Wed 20:13:53 Step:236} Server_Comm.py: The agent lost 1 packet! Is syncmode enabled?
{Wed 20:13:53 Step:236} Server_Comm.py: Received a new packet while thinking!
{Wed 20:13:53 Step:238} Server_Comm.py: The agent lost 1 packet! Is syncmode enabled?
{Wed 20:13:53 Step:238} Server_Comm.py: Received a new packet while thinking!
{Wed 20:13:53 Step:240} Server_Comm.py: The agent lost 1 packet! Is syncmode enabled?
{Wed 20:13:53 Step:240} Server_Comm.py: Received a new packet while thinking!
{Wed 20:13:53 Step:242} Server_Comm.py: The agent lost 1 packet! Is syncmode enabled?
{Wed 20:13:53 Step:242} Server_Comm.py: Received a new packet while thinking!
{Wed 20:13:53 Step:244} Server_Comm.py: The agent lost 1 packet! Is syncmode enabled?
{Wed 20:13:53 Step:244} Server_Comm.py: Received a new packet while thinking!
{Wed 20:13:53 Step:246} Server_Comm.py: The agent lost 1 packet! Is syncmode enabled?
{Wed 20:13:53 Step:246} Server_Comm.py: Received a new packet while thinking!
{Wed 20:13:53 Step:248} Server_Comm.py: The agent lost 1 packet! Is syncmode enabled?
{Wed 20:13:53 Step:248} Server_Comm.py: Received a new packet while thinking!
{Wed 20:13:53 Step:250} Server_Comm.py: The agent lost 1 packet! Is syncmode enabled?
{Wed 20:13:53 Step:250} Server_Comm.py: Received a new packet while thinking!
{Wed 20:13:53 Step:251} Server_Comm.py: Received a new packet while thinking!
{Wed 20:13:53 Step:253} Server_Comm.py: The agent lost 1 packet! Is syncmode enabled?
{Wed 20:13:53 Step:253} Server_Comm.py: Received a new packet while thinking!
{Wed 20:13:53 Step:255} Server_Comm.py: The agent lost 1 packet! Is syncmode enabled?
{Wed 20:13:53 Step:255} Server_Comm.py: Received a new packet while thinking!
{Wed 20:13:53 Step:257} Server_Comm.py: The agent lost 1 packet! Is syncmode enabled?
{Wed 20:13:53 Step:257} Server_Comm.py: Received a new packet while thinking!
{Wed 20:13:53 Step:259} Server_Comm.py: The agent lost 1 packet! Is syncmode enabled?
{Wed 20:13:53 Step:259} Server_Comm.py: Received a new packet while thinking!
{Wed 20:13:53 Step:261} Server_Comm.py: The agent lost 1 packet! Is syncmode enabled?
{Wed 20:13:53 Step:261} Server_Comm.py: Received a new packet while thinking!
{Wed 20:13:53 Step:263} Server_Comm.py: The agent lost 1 packet! Is syncmode enabled?
{Wed 20:13:53 Step:263} Server_Comm.py: Received a new packet while thinking!
{Wed 20:13:53 Step:264} Server_Comm.py: Received a new packet while thinking!
{Wed 20:13:53 Step:266} Server_Comm.py: The agent lost 1 packet! Is syncmode enabled?
{Wed 20:13:53 Step:266} Server_Comm.py: Received a new packet while thinking!
{Wed 20:13:53 Step:267} Server_Comm.py: Received a new packet while thinking!
{Wed 20:13:53 Step:269} Server_Comm.py: The agent lost 1 packet! Is syncmode enabled?
{Wed 20:13:53 Step:269} Server_Comm.py: Received a new packet while thinking!
{Wed 20:13:53 Step:271} Server_Comm.py: The agent lost 1 packet! Is syncmode enabled?
{Wed 20:13:53 Step:271} Server_Comm.py: Received a new packet while thinking!
{Wed 20:13:53 Step:273} Server_Comm.py: The agent lost 1 packet! Is syncmode enabled?
{Wed 20:13:53 Step:273} Server_Comm.py: Received a new packet while thinking!
{Wed 20:13:54 Step:275} Server_Comm.py: The agent lost 1 packet! Is syncmode enabled?
{Wed 20:13:54 Step:275} Server_Comm.py: Received a new packet while thinking!
{Wed 20:13:54 Step:276} Server_Comm.py: Received a new packet while thinking!
{Wed 20:13:54 Step:278} Server_Comm.py: The agent lost 1 packet! Is syncmode enabled?
{Wed 20:13:54 Step:278} Server_Comm.py: Received a new packet while thinking!
{Wed 20:13:54 Step:280} Server_Comm.py: The agent lost 1 packet! Is syncmode enabled?
{Wed 20:13:54 Step:280} Server_Comm.py: Received a new packet while thinking!
{Wed 20:13:54 Step:281} Server_Comm.py: Received a new packet while thinking!
{Wed 20:13:54 Step:282} Server_Comm.py: Received a new packet while thinking!
{Wed 20:13:54 Step:284} Server_Comm.py: The agent lost 1 packet! Is syncmode enabled?
{Wed 20:13:54 Step:284} Server_Comm.py: Received a new packet while thinking!
{Wed 20:13:54 Step:286} Server_Comm.py: The agent lost 1 packet! Is syncmode enabled?
{Wed 20:13:54 Step:286} Server_Comm.py: Received a new packet while thinking!
{Wed 20:13:54 Step:288} Server_Comm.py: The agent lost 1 packet! Is syncmode enabled?
{Wed 20:13:54 Step:290} Server_Comm.py: Received a new packet while thinking!
{Wed 20:13:54 Step:292} Server_Comm.py: The agent lost 1 packet! Is syncmode enabled?
{Wed 20:13:54 Step:292} Server_Comm.py: Received a new packet while thinking!
{Wed 20:13:54 Step:294} Server_Comm.py: The agent lost 1 packet! Is syncmode enabled?
{Wed 20:13:54 Step:294} Server_Comm.py: Received a new packet while thinking!
{Wed 20:13:54 Step:295} Server_Comm.py: Received a new packet while thinking!
{Wed 20:13:54 Step:298} Server_Comm.py: The agent lost 2 consecutive packets! Is syncmode disabled?
{Wed 20:13:54 Step:298} Server_Comm.py: Received a new packet while thinking!
{Wed 20:13:54 Step:301} Server_Comm.py: The agent lost 2 consecutive packets! Is syncmode disabled?
{Wed 20:13:54 Step:302} Server_Comm.py: Received a new packet while thinking!
{Wed 20:13:54 Step:306} Server_Comm.py: The agent lost 3 consecutive packets! Is syncmode disabled?
{Wed 20:13:54 Step:306} Server_Comm.py: Received a new packet while thinking!
{Wed 20:13:54 Step:308} Server_Comm.py: The agent lost 1 packet! Is syncmode enabled?
{Wed 20:13:54 Step:308} Server_Comm.py: Received a new packet while thinking!
{Wed 20:13:54 Step:310} Server_Comm.py: The agent lost 1 packet! Is syncmode enabled?
{Wed 20:13:54 Step:310} Server_Comm.py: Received a new packet while thinking!
{Wed 20:13:54 Step:312} Server_Comm.py: The agent lost 1 packet! Is syncmode enabled?
{Wed 20:13:54 Step:312} Server_Comm.py: Received a new packet while thinking!
{Wed 20:13:54 Step:314} Server_Comm.py: The agent lost 1 packet! Is syncmode enabled?
{Wed 20:13:54 Step:314} Server_Comm.py: Received a new packet while thinking!
{Wed 20:13:54 Step:316} Server_Comm.py: The agent lost 1 packet! Is syncmode enabled?
{Wed 20:13:54 Step:316} Server_Comm.py: Received a new packet while thinking!
{Wed 20:13:54 Step:318} Server_Comm.py: The agent lost 1 packet! Is syncmode enabled?
{Wed 20:13:54 Step:318} Server_Comm.py: Received a new packet while thinking!
{Wed 20:13:54 Step:320} Server_Comm.py: The agent lost 1 packet! Is syncmode enabled?
{Wed 20:13:54 Step:320} Server_Comm.py: Received a new packet while thinking!
{Wed 20:13:54 Step:322} Server_Comm.py: The agent lost 1 packet! Is syncmode enabled?
{Wed 20:13:54 Step:322} Server_Comm.py: Received a new packet while thinking!
{Wed 20:13:54 Step:324} Server_Comm.py: The agent lost 1 packet! Is syncmode enabled?
{Wed 20:13:55 Step:324} Server_Comm.py: Received a new packet while thinking!
{Wed 20:13:55 Step:326} Server_Comm.py: The agent lost 1 packet! Is syncmode enabled?
{Wed 20:13:55 Step:326} Server_Comm.py: Received a new packet while thinking!
{Wed 20:13:55 Step:328} Server_Comm.py: The agent lost 1 packet! Is syncmode enabled?
{Wed 20:13:55 Step:328} Server_Comm.py: Received a new packet while thinking!
{Wed 20:13:55 Step:330} Server_Comm.py: The agent lost 1 packet! Is syncmode enabled?
{Wed 20:13:55 Step:330} Server_Comm.py: Received a new packet while thinking!
{Wed 20:13:55 Step:331} Server_Comm.py: Received a new packet while thinking!
{Wed 20:13:55 Step:333} Server_Comm.py: The agent lost 1 packet! Is syncmode enabled?
{Wed 20:13:55 Step:333} Server_Comm.py: Received a new packet while thinking!
{Wed 20:13:55 Step:335} Server_Comm.py: The agent lost 1 packet! Is syncmode enabled?
{Wed 20:13:55 Step:335} Server_Comm.py: Received a new packet while thinking!
{Wed 20:13:55 Step:336} Server_Comm.py: Received a new packet while thinking!
{Wed 20:13:55 Step:338} Server_Comm.py: The agent lost 1 packet! Is syncmode enabled?
{Wed 20:13:55 Step:338} Server_Comm.py: Received a new packet while thinking!
{Wed 20:13:55 Step:339} Server_Comm.py: Received a new packet while thinking!
{Wed 20:13:55 Step:341} Server_Comm.py: The agent lost 1 packet! Is syncmode enabled?
{Wed 20:13:55 Step:341} Server_Comm.py: Received a new packet while thinking!
{Wed 20:13:55 Step:342} Server_Comm.py: Received a new packet while thinking!
{Wed 20:13:55 Step:344} Server_Comm.py: The agent lost 1 packet! Is syncmode enabled?
{Wed 20:13:55 Step:345} Server_Comm.py: Received a new packet while thinking!
{Wed 20:13:55 Step:346} Server_Comm.py: Received a new packet while thinking!
{Wed 20:13:55 Step:348} Server_Comm.py: The agent lost 1 packet! Is syncmode enabled?
{Wed 20:13:55 Step:348} Server_Comm.py: Received a new packet while thinking!
{Wed 20:13:55 Step:350} Server_Comm.py: Received a new packet while thinking!
{Wed 20:13:55 Step:352} Server_Comm.py: The agent lost 1 packet! Is syncmode enabled?
{Wed 20:13:55 Step:355} Server_Comm.py: The agent lost 1 packet! Is syncmode enabled?
{Wed 20:13:55 Step:358} Server_Comm.py: The agent lost 1 packet! Is syncmode enabled?
{Wed 20:13:55 Step:360} Server_Comm.py: Received a new packet while thinking!
{Wed 20:13:55 Step:372} Server_Comm.py: Received a new packet while thinking!
{Wed 20:13:55 Step:374} Server_Comm.py: The agent lost 1 packet! Is syncmode enabled?
{Wed 20:13:56 Step:384} Server_Comm.py: Received a new packet while thinking!
{Wed 20:13:56 Step:386} Server_Comm.py: The agent lost 1 packet! Is syncmode enabled?
{Wed 20:14:00 Step:577} Server_Comm.py: Received a new packet while thinking!
{Wed 20:14:00 Step:579} Server_Comm.py: The agent lost 1 packet! Is syncmode enabled?
{Wed 20:14:00 Step:587} Server_Comm.py: Received a new packet while thinking!
{Wed 20:14:00 Step:589} Server_Comm.py: The agent lost 1 packet! Is syncmode enabled?
{Wed 20:14:00 Step:589} Server_Comm.py: Received a new packet while thinking!
{Wed 20:14:00 Step:592} Server_Comm.py: The agent lost 2 consecutive packets! Is syncmode disabled?
{Wed 20:14:00 Step:597} Server_Comm.py: The agent lost 1 packet! Is syncmode enabled?
{Wed 20:14:00 Step:599} Server_Comm.py: Received a new packet while thinking!
{Wed 20:14:00 Step:601} Server_Comm.py: The agent lost 1 packet! Is syncmode enabled?
{Wed 20:14:00 Step:603} Server_Comm.py: Received a new packet while thinking!
{Wed 20:14:00 Step:605} Server_Comm.py: The agent lost 1 packet! Is syncmode enabled?
{Wed 20:14:00 Step:605} Server_Comm.py: Received a new packet while thinking!
{Wed 20:14:00 Step:607} Server_Comm.py: The agent lost 1 packet! Is syncmode enabled?
{Wed 20:14:00 Step:607} Server_Comm.py: Received a new packet while thinking!
{Wed 20:14:00 Step:610} Server_Comm.py: The agent lost 2 consecutive packets! Is syncmode disabled?
{Wed 20:14:00 Step:613} Server_Comm.py: The agent lost 1 packet! Is syncmode enabled?
{Wed 20:14:00 Step:614} Server_Comm.py: Received a new packet while thinking!
{Wed 20:14:00 Step:616} Server_Comm.py: The agent lost 1 packet! Is syncmode enabled?
{Wed 20:14:00 Step:616} Server_Comm.py: Received a new packet while thinking!
{Wed 20:14:00 Step:619} Server_Comm.py: The agent lost 2 consecutive packets! Is syncmode disabled?
{Wed 20:14:00 Step:622} Server_Comm.py: The agent lost 1 packet! Is syncmode enabled?
{Wed 20:14:01 Step:625} Server_Comm.py: The agent lost 1 packet! Is syncmode enabled?
{Wed 20:14:01 Step:626} Server_Comm.py: Received a new packet while thinking!
{Wed 20:14:01 Step:628} Server_Comm.py: The agent lost 1 packet! Is syncmode enabled?
{Wed 20:14:01 Step:628} Server_Comm.py: Received a new packet while thinking!
{Wed 20:14:01 Step:630} Server_Comm.py: The agent lost 1 packet! Is syncmode enabled?
{Wed 20:14:01 Step:630} Server_Comm.py: Received a new packet while thinking!
{Wed 20:14:01 Step:632} Server_Comm.py: The agent lost 1 packet! Is syncmode enabled?
{Wed 20:14:01 Step:632} Server_Comm.py: Received a new packet while thinking!
{Wed 20:14:01 Step:633} Server_Comm.py: Received a new packet while thinking!
{Wed 20:14:01 Step:635} Server_Comm.py: The agent lost 1 packet! Is syncmode enabled?
{Wed 20:14:01 Step:636} Server_Comm.py: Received a new packet while thinking!
{Wed 20:14:01 Step:637} Server_Comm.py: Received a new packet while thinking!
{Wed 20:14:01 Step:638} Server_Comm.py: Received a new packet while thinking!
{Wed 20:14:01 Step:640} Server_Comm.py: The agent lost 1 packet! Is syncmode enabled?
{Wed 20:14:01 Step:641} Server_Comm.py: Received a new packet while thinking!
{Wed 20:14:01 Step:643} Server_Comm.py: The agent lost 1 packet! Is syncmode enabled?
{Wed 20:14:01 Step:645} Server_Comm.py: Received a new packet while thinking!
{Wed 20:14:01 Step:649} Server_Comm.py: The agent lost 1 packet! Is syncmode enabled?
{Wed 20:14:01 Step:652} Server_Comm.py: Received a new packet while thinking!
{Wed 20:14:01 Step:657} Server_Comm.py: Received a new packet while thinking!
{Wed 20:14:01 Step:660} Server_Comm.py: Received a new packet while thinking!
{Wed 20:14:01 Step:663} Server_Comm.py: Received a new packet while thinking!
{Wed 20:14:01 Step:666} Server_Comm.py: Received a new packet while thinking!
{Wed 20:14:06 Step:910} Server_Comm.py: Received a new packet while thinking!
{Wed 20:14:06 Step:912} Server_Comm.py: The agent lost 1 packet! Is syncmode enabled?
{Wed 20:14:06 Step:914} Server_Comm.py: Received a new packet while thinking!
{Wed 20:14:06 Step:916} Server_Comm.py: The agent lost 1 packet! Is syncmode enabled?
{Wed 20:14:06 Step:921} Server_Comm.py: The agent lost 1 packet! Is syncmode enabled?
{Wed 20:14:07 Step:925} Server_Comm.py: The agent lost 1 packet! Is syncmode enabled?
{Wed 20:14:07 Step:926} Server_Comm.py: Received a new packet while thinking!
{Wed 20:14:07 Step:928} Server_Comm.py: The agent lost 1 packet! Is syncmode enabled?
{Wed 20:14:07 Step:929} Server_Comm.py: Received a new packet while thinking!
{Wed 20:14:07 Step:931} Server_Comm.py: The agent lost 1 packet! Is syncmode enabled?
{Wed 20:14:07 Step:932} Server_Comm.py: Received a new packet while thinking!
{Wed 20:14:07 Step:934} Server_Comm.py: The agent lost 1 packet! Is syncmode enabled?
{Wed 20:14:07 Step:936} Server_Comm.py: Received a new packet while thinking!
{Wed 20:14:07 Step:938} Server_Comm.py: The agent lost 1 packet! Is syncmode enabled?
{Wed 20:14:07 Step:939} Server_Comm.py: Received a new packet while thinking!
{Wed 20:14:07 Step:941} Server_Comm.py: The agent lost 1 packet! Is syncmode enabled?
{Wed 20:14:07 Step:943} Server_Comm.py: Received a new packet while thinking!
{Wed 20:14:07 Step:945} Server_Comm.py: The agent lost 1 packet! Is syncmode enabled?
{Wed 20:14:07 Step:948} Server_Comm.py: Received a new packet while thinking!
{Wed 20:14:07 Step:950} Server_Comm.py: The agent lost 1 packet! Is syncmode enabled?
{Wed 20:14:07 Step:952} Server_Comm.py: Received a new packet while thinking!
{Wed 20:14:07 Step:954} Server_Comm.py: The agent lost 1 packet! Is syncmode enabled?
{Wed 20:14:07 Step:963} Server_Comm.py: Received a new packet while thinking!
{Wed 20:14:07 Step:965} Server_Comm.py: The agent lost 1 packet! Is syncmode enabled?
{Wed 20:14:09 Step:1057} Server_Comm.py: Received a new packet while thinking!
{Wed 20:14:09 Step:1059} Server_Comm.py: The agent lost 1 packet! Is syncmode enabled?
{Wed 20:14:11 Step:1132} Server_Comm.py: Received a new packet while thinking!
{Wed 20:14:11 Step:1134} Server_Comm.py: The agent lost 1 packet! Is syncmode enabled?
{Wed 20:14:11 Step:1142} Server_Comm.py: Received a new packet while thinking!
{Wed 20:14:11 Step:1144} Server_Comm.py: The agent lost 1 packet! Is syncmode enabled?
{Wed 20:14:11 Step:1151} Server_Comm.py: Received a new packet while thinking!
{Wed 20:14:11 Step:1153} Server_Comm.py: The agent lost 1 packet! Is syncmode enabled?
{Wed 20:14:11 Step:1156} Server_Comm.py: Received a new packet while thinking!
{Wed 20:14:11 Step:1158} Server_Comm.py: The agent lost 1 packet! Is syncmode enabled?
{Wed 20:14:11 Step:1162} Server_Comm.py: Received a new packet while thinking!
{Wed 20:14:11 Step:1164} Server_Comm.py: The agent lost 1 packet! Is syncmode enabled?
{Wed 20:14:11 Step:1166} Server_Comm.py: Received a new packet while thinking!
{Wed 20:14:11 Step:1168} Server_Comm.py: The agent lost 1 packet! Is syncmode enabled?
{Wed 20:14:12 Step:1173} Server_Comm.py: The agent lost 1 packet! Is syncmode enabled?
{Wed 20:14:12 Step:1178} Server_Comm.py: The agent lost 1 packet! Is syncmode enabled?
{Wed 20:14:12 Step:1182} Server_Comm.py: The agent lost 1 packet! Is syncmode enabled?
{Wed 20:14:12 Step:1184} Server_Comm.py: Received a new packet while thinking!
{Wed 20:14:12 Step:1186} Server_Comm.py: The agent lost 1 packet! Is syncmode enabled?
{Wed 20:14:12 Step:1191} Server_Comm.py: The agent lost 1 packet! Is syncmode enabled?
{Wed 20:14:12 Step:1191} Server_Comm.py: Received a new packet while thinking!
{Wed 20:14:12 Step:1193} Server_Comm.py: The agent lost 1 packet! Is syncmode enabled?
{Wed 20:14:12 Step:1195} Server_Comm.py: The agent lost 1 packet! Is syncmode enabled?
{Wed 20:14:12 Step:1198} Server_Comm.py: The agent lost 1 packet! Is syncmode enabled?
{Wed 20:14:12 Step:1200} Server_Comm.py: Received a new packet while thinking!
{Wed 20:14:12 Step:1201} Server_Comm.py: Received a new packet while thinking!
{Wed 20:14:12 Step:1203} Server_Comm.py: The agent lost 1 packet! Is syncmode enabled?
{Wed 20:14:12 Step:1203} Server_Comm.py: Received a new packet while thinking!
{Wed 20:14:12 Step:1204} Server_Comm.py: Received a new packet while thinking!
{Wed 20:14:12 Step:1206} Server_Comm.py: The agent lost 1 packet! Is syncmode enabled?
{Wed 20:14:12 Step:1206} Server_Comm.py: Received a new packet while thinking!
{Wed 20:14:12 Step:1207} Server_Comm.py: Received a new packet while thinking!
{Wed 20:14:12 Step:1210} Server_Comm.py: The agent lost 2 consecutive packets! Is syncmode disabled?
{Wed 20:14:12 Step:1213} Server_Comm.py: The agent lost 1 packet! Is syncmode enabled?
{Wed 20:14:12 Step:1214} Server_Comm.py: Received a new packet while thinking!
{Wed 20:14:12 Step:1216} Server_Comm.py: The agent lost 1 packet! Is syncmode enabled?
{Wed 20:14:12 Step:1216} Server_Comm.py: Received a new packet while thinking!
{Wed 20:14:12 Step:1218} Server_Comm.py: The agent lost 1 packet! Is syncmode enabled?
{Wed 20:14:12 Step:1218} Server_Comm.py: Received a new packet while thinking!
{Wed 20:14:12 Step:1220} Server_Comm.py: The agent lost 1 packet! Is syncmode enabled?
{Wed 20:14:13 Step:1220} Server_Comm.py: Received a new packet while thinking!
{Wed 20:14:13 Step:1222} Server_Comm.py: The agent lost 1 packet! Is syncmode enabled?
{Wed 20:14:13 Step:1222} Server_Comm.py: Received a new packet while thinking!
{Wed 20:14:13 Step:1224} Server_Comm.py: The agent lost 1 packet! Is syncmode enabled?
{Wed 20:14:13 Step:1224} Server_Comm.py: Received a new packet while thinking!
{Wed 20:14:13 Step:1225} Server_Comm.py: Received a new packet while on world.update()!
{Wed 20:14:13 Step:1226} Server_Comm.py: Received a new packet while thinking!
{Wed 20:14:13 Step:1227} Server_Comm.py: Received a new packet while thinking!
{Wed 20:14:13 Step:1229} Server_Comm.py: The agent lost 1 packet! Is syncmode enabled?
{Wed 20:14:13 Step:1229} Server_Comm.py: Received a new packet while thinking!
{Wed 20:14:13 Step:1230} Server_Comm.py: Received a new packet while thinking!
{Wed 20:14:13 Step:1232} Server_Comm.py: The agent lost 1 packet! Is syncmode enabled?
{Wed 20:14:13 Step:1233} Server_Comm.py: Received a new packet while thinking!
{Wed 20:14:13 Step:1237} Server_Comm.py: The agent lost 1 packet! Is syncmode enabled?
{Wed 20:14:13 Step:1239} Server_Comm.py: Received a new packet while thinking!
{Wed 20:14:13 Step:1243} Server_Comm.py: The agent lost 1 packet! Is syncmode enabled?
{Wed 20:14:13 Step:1245} Server_Comm.py: Received a new packet while thinking!
{Wed 20:14:13 Step:1248} Server_Comm.py: Received a new packet while thinking!
{Wed 20:14:14 Step:1291} Server_Comm.py: Received a new packet while thinking!
{Wed 20:14:14 Step:1293} Server_Comm.py: The agent lost 1 packet! Is syncmode enabled?
{Wed 20:14:14 Step:1300} Server_Comm.py: Received a new packet while thinking!
{Wed 20:14:14 Step:1302} Server_Comm.py: The agent lost 1 packet! Is syncmode enabled?
{Wed 20:14:14 Step:1304} Server_Comm.py: Received a new packet while thinking!
{Wed 20:14:14 Step:1306} Server_Comm.py: The agent lost 1 packet! Is syncmode enabled?
{Wed 20:14:14 Step:1308} Server_Comm.py: Received a new packet while thinking!
{Wed 20:14:14 Step:1310} Server_Comm.py: The agent lost 1 packet! Is syncmode enabled?
{Wed 20:14:14 Step:1310} Server_Comm.py: Received a new packet while thinking!
{Wed 20:14:14 Step:1312} Server_Comm.py: The agent lost 1 packet! Is syncmode enabled?
{Wed 20:14:14 Step:1313} Server_Comm.py: Received a new packet while thinking!
{Wed 20:14:14 Step:1315} Server_Comm.py: The agent lost 1 packet! Is syncmode enabled?
{Wed 20:14:14 Step:1315} Server_Comm.py: Received a new packet while thinking!
{Wed 20:14:14 Step:1317} Server_Comm.py: The agent lost 1 packet! Is syncmode enabled?
{Wed 20:14:14 Step:1317} Server_Comm.py: Received a new packet while thinking!
{Wed 20:14:14 Step:1319} Server_Comm.py: The agent lost 1 packet! Is syncmode enabled?
{Wed 20:14:15 Step:1319} Server_Comm.py: Received a new packet while thinking!
{Wed 20:14:15 Step:1322} Server_Comm.py: The agent lost 2 consecutive packets! Is syncmode disabled?
{Wed 20:14:15 Step:1322} Server_Comm.py: Received a new packet while thinking!
{Wed 20:14:15 Step:1323} Server_Comm.py: Received a new packet while thinking!
{Wed 20:14:15 Step:1326} Server_Comm.py: The agent lost 2 consecutive packets! Is syncmode disabled?
{Wed 20:14:15 Step:1326} Server_Comm.py: Received a new packet while thinking!
{Wed 20:14:15 Step:1328} Server_Comm.py: The agent lost 1 packet! Is syncmode enabled?
{Wed 20:14:15 Step:1328} Server_Comm.py: Received a new packet while thinking!
{Wed 20:14:15 Step:1330} Server_Comm.py: The agent lost 1 packet! Is syncmode enabled?
{Wed 20:14:15 Step:1330} Server_Comm.py: Received a new packet while thinking!
{Wed 20:14:15 Step:1332} Server_Comm.py: The agent lost 1 packet! Is syncmode enabled?
{Wed 20:14:15 Step:1332} Server_Comm.py: Received a new packet while thinking!
{Wed 20:14:15 Step:1334} Server_Comm.py: The agent lost 1 packet! Is syncmode enabled?
{Wed 20:14:15 Step:1334} Server_Comm.py: Received a new packet while thinking!
{Wed 20:14:15 Step:1336} Server_Comm.py: The agent lost 1 packet! Is syncmode enabled?
{Wed 20:14:15 Step:1336} Server_Comm.py: Received a new packet while thinking!
{Wed 20:14:15 Step:1337} Server_Comm.py: Received a new packet while thinking!
{Wed 20:14:15 Step:1338} Server_Comm.py: Received a new packet while thinking!
{Wed 20:14:15 Step:1341} Server_Comm.py: The agent lost 2 consecutive packets! Is syncmode disabled?
{Wed 20:14:15 Step:1341} Server_Comm.py: Received a new packet while thinking!
{Wed 20:14:15 Step:1343} Server_Comm.py: The agent lost 1 packet! Is syncmode enabled?
{Wed 20:14:15 Step:1343} Server_Comm.py: Received a new packet while thinking!
{Wed 20:14:15 Step:1345} Server_Comm.py: The agent lost 1 packet! Is syncmode enabled?
{Wed 20:14:15 Step:1345} Server_Comm.py: Received a new packet while thinking!
{Wed 20:14:15 Step:1347} Server_Comm.py: The agent lost 1 packet! Is syncmode enabled?
{Wed 20:14:15 Step:1347} Server_Comm.py: Received a new packet while thinking!
{Wed 20:14:15 Step:1349} Server_Comm.py: The agent lost 1 packet! Is syncmode enabled?
{Wed 20:14:15 Step:1349} Server_Comm.py: Received a new packet while thinking!
{Wed 20:14:15 Step:1350} Server_Comm.py: Received a new packet while thinking!
{Wed 20:14:15 Step:1352} Server_Comm.py: The agent lost 1 packet! Is syncmode enabled?
{Wed 20:14:15 Step:1352} Server_Comm.py: Received a new packet while thinking!
{Wed 20:14:15 Step:1354} Server_Comm.py: The agent lost 1 packet! Is syncmode enabled?
{Wed 20:14:15 Step:1354} Server_Comm.py: Received a new packet while thinking!
{Wed 20:14:15 Step:1356} Server_Comm.py: The agent lost 1 packet! Is syncmode enabled?
{Wed 20:14:15 Step:1356} Server_Comm.py: Received a new packet while thinking!
{Wed 20:14:15 Step:1357} Server_Comm.py: Received a new packet while thinking!
{Wed 20:14:15 Step:1359} Server_Comm.py: The agent lost 1 packet! Is syncmode enabled?
{Wed 20:14:15 Step:1359} Server_Comm.py: Received a new packet while thinking!
{Wed 20:14:15 Step:1360} Server_Comm.py: Received a new packet while thinking!
{Wed 20:14:15 Step:1362} Server_Comm.py: The agent lost 1 packet! Is syncmode enabled?
{Wed 20:14:15 Step:1362} Server_Comm.py: Received a new packet while thinking!
{Wed 20:14:15 Step:1363} Server_Comm.py: Received a new packet while thinking!
{Wed 20:14:15 Step:1365} Server_Comm.py: The agent lost 1 packet! Is syncmode enabled?
{Wed 20:14:15 Step:1365} Server_Comm.py: Received a new packet while thinking!
{Wed 20:14:15 Step:1366} Server_Comm.py: Received a new packet while thinking!
{Wed 20:14:15 Step:1367} Server_Comm.py: Received a new packet while thinking!
{Wed 20:14:15 Step:1368} Server_Comm.py: Received a new packet while thinking!
{Wed 20:14:16 Step:1369} Server_Comm.py: Received a new packet while thinking!
{Wed 20:14:16 Step:1370} Server_Comm.py: Received a new packet while thinking!
{Wed 20:14:16 Step:1372} Server_Comm.py: The agent lost 1 packet! Is syncmode enabled?
{Wed 20:14:17 Step:1444} Server_Comm.py: Received a new packet while thinking!
{Wed 20:14:17 Step:1446} Server_Comm.py: The agent lost 1 packet! Is syncmode enabled?
{Wed 20:14:17 Step:1450} Server_Comm.py: Received a new packet while thinking!
{Wed 20:14:17 Step:1452} Server_Comm.py: The agent lost 1 packet! Is syncmode enabled?
{Wed 20:14:17 Step:1456} Server_Comm.py: Received a new packet while thinking!
{Wed 20:14:17 Step:1458} Server_Comm.py: The agent lost 1 packet! Is syncmode enabled?
{Wed 20:14:17 Step:1460} Server_Comm.py: Received a new packet while thinking!
{Wed 20:14:17 Step:1462} Server_Comm.py: The agent lost 1 packet! Is syncmode enabled?
{Wed 20:14:17 Step:1465} Server_Comm.py: Received a new packet while thinking!
{Wed 20:14:17 Step:1467} Server_Comm.py: The agent lost 1 packet! Is syncmode enabled?
{Wed 20:14:18 Step:1470} Server_Comm.py: Received a new packet while thinking!
{Wed 20:14:18 Step:1472} Server_Comm.py: The agent lost 1 packet! Is syncmode enabled?
{Wed 20:14:18 Step:1474} Server_Comm.py: Received a new packet while thinking!
{Wed 20:14:18 Step:1476} Server_Comm.py: The agent lost 1 packet! Is syncmode enabled?
{Wed 20:14:18 Step:1480} Server_Comm.py: The agent lost 1 packet! Is syncmode enabled?
{Wed 20:14:18 Step:1483} Server_Comm.py: Received a new packet while thinking!
{Wed 20:14:18 Step:1485} Server_Comm.py: The agent lost 1 packet! Is syncmode enabled?
{Wed 20:14:18 Step:1488} Server_Comm.py: Received a new packet while thinking!
{Wed 20:14:18 Step:1490} Server_Comm.py: The agent lost 1 packet! Is syncmode enabled?
{Wed 20:14:18 Step:1493} Server_Comm.py: Received a new packet while thinking!
{Wed 20:14:18 Step:1495} Server_Comm.py: The agent lost 1 packet! Is syncmode enabled?
{Wed 20:14:18 Step:1499} Server_Comm.py: Received a new packet while thinking!
{Wed 20:14:18 Step:1501} Server_Comm.py: The agent lost 1 packet! Is syncmode enabled?
{Wed 20:14:18 Step:1503} Server_Comm.py: Received a new packet while thinking!
{Wed 20:14:18 Step:1505} Server_Comm.py: The agent lost 1 packet! Is syncmode enabled?
{Wed 20:14:18 Step:1512} Server_Comm.py: The agent lost 1 packet! Is syncmode enabled?
{Wed 20:14:18 Step:1516} Server_Comm.py: Received a new packet while thinking!
{Wed 20:14:18 Step:1518} Server_Comm.py: The agent lost 1 packet! Is syncmode enabled?
{Wed 20:14:19 Step:1527} Server_Comm.py: The agent lost 1 packet! Is syncmode enabled?
{Wed 20:14:19 Step:1538} Server_Comm.py: Received a new packet while thinking!
{Wed 20:14:19 Step:1540} Server_Comm.py: The agent lost 1 packet! Is syncmode enabled?
{Wed 20:14:20 Step:1595} Server_Comm.py: Received a new packet while thinking!
{Wed 20:14:20 Step:1597} Server_Comm.py: The agent lost 1 packet! Is syncmode enabled?
{Wed 20:14:20 Step:1616} Server_Comm.py: Received a new packet while thinking!
{Wed 20:14:20 Step:1618} Server_Comm.py: The agent lost 1 packet! Is syncmode enabled?
{Wed 20:14:21 Step:1624} Server_Comm.py: The agent lost 1 packet! Is syncmode enabled?
{Wed 20:14:21 Step:1628} Server_Comm.py: Received a new packet while thinking!
{Wed 20:14:21 Step:1630} Server_Comm.py: The agent lost 1 packet! Is syncmode enabled?
{Wed 20:14:21 Step:1636} Server_Comm.py: Received a new packet while thinking!
{Wed 20:14:21 Step:1638} Server_Comm.py: The agent lost 1 packet! Is syncmode enabled?
{Wed 20:14:21 Step:1640} Server_Comm.py: Received a new packet while thinking!
{Wed 20:14:21 Step:1642} Server_Comm.py: The agent lost 1 packet! Is syncmode enabled?
{Wed 20:14:21 Step:1646} Server_Comm.py: Received a new packet while thinking!
{Wed 20:14:21 Step:1648} Server_Comm.py: The agent lost 1 packet! Is syncmode enabled?
{Wed 20:14:21 Step:1650} Server_Comm.py: Received a new packet while thinking!
{Wed 20:14:21 Step:1652} Server_Comm.py: The agent lost 1 packet! Is syncmode enabled?
{Wed 20:14:21 Step:1656} Server_Comm.py: Received a new packet while thinking!
{Wed 20:14:21 Step:1658} Server_Comm.py: The agent lost 1 packet! Is syncmode enabled?
{Wed 20:14:21 Step:1661} Server_Comm.py: Received a new packet while thinking!
{Wed 20:14:21 Step:1663} Server_Comm.py: The agent lost 1 packet! Is syncmode enabled?
{Wed 20:14:21 Step:1664} Server_Comm.py: Received a new packet while thinking!
{Wed 20:14:21 Step:1666} Server_Comm.py: The agent lost 1 packet! Is syncmode enabled?
{Wed 20:14:22 Step:1669} Server_Comm.py: The agent lost 1 packet! Is syncmode enabled?
{Wed 20:14:22 Step:1671} Server_Comm.py: Received a new packet while thinking!
{Wed 20:14:22 Step:1673} Server_Comm.py: Received a new packet while thinking!
{Wed 20:14:22 Step:1675} Server_Comm.py: The agent lost 1 packet! Is syncmode enabled?
{Wed 20:14:22 Step:1678} Server_Comm.py: The agent lost 1 packet! Is syncmode enabled?
{Wed 20:14:22 Step:1680} Server_Comm.py: Received a new packet while thinking!
{Wed 20:14:22 Step:1684} Server_Comm.py: The agent lost 1 packet! Is syncmode enabled?
{Wed 20:14:22 Step:1686} Server_Comm.py: Received a new packet while thinking!
{Wed 20:14:22 Step:1690} Server_Comm.py: The agent lost 1 packet! Is syncmode enabled?
{Wed 20:14:22 Step:1693} Server_Comm.py: Received a new packet while thinking!
{Wed 20:14:22 Step:1695} Server_Comm.py: Received a new packet while thinking!
{Wed 20:14:22 Step:1702} Server_Comm.py: Received a new packet while thinking!
{Wed 20:14:22 Step:1707} Server_Comm.py: Received a new packet while thinking!
{Wed 20:14:22 Step:1710} Server_Comm.py: Received a new packet while thinking!
{Wed 20:14:22 Step:1713} Server_Comm.py: Received a new packet while thinking!
{Wed 20:14:22 Step:1716} Server_Comm.py: Received a new packet while thinking!
{Wed 20:14:23 Step:1720} Server_Comm.py: The agent lost 1 packet! Is syncmode enabled?
{Wed 20:14:23 Step:1725} Server_Comm.py: Received a new packet while thinking!
{Wed 20:14:23 Step:1728} Server_Comm.py: Received a new packet while thinking!
{Wed 20:14:23 Step:1731} Server_Comm.py: Received a new packet while thinking!
{Wed 20:14:23 Step:1734} Server_Comm.py: Received a new packet while thinking!
{Wed 20:14:23 Step:1737} Server_Comm.py: Received a new packet while thinking!
{Wed 20:14:23 Step:1740} Server_Comm.py: Received a new packet while thinking!
{Wed 20:14:23 Step:1746} Server_Comm.py: Received a new packet while thinking!
{Wed 20:14:23 Step:1748} Server_Comm.py: The agent lost 1 packet! Is syncmode enabled?
{Wed 20:14:24 Step:1759} Server_Comm.py: Received a new packet while thinking!
{Wed 20:14:24 Step:1761} Server_Comm.py: The agent lost 1 packet! Is syncmode enabled?
{Wed 20:14:25 Step:1772} Server_Comm.py: Received a new packet while thinking!
{Wed 20:14:25 Step:1774} Server_Comm.py: The agent lost 1 packet! Is syncmode enabled?
{Wed 20:14:25 Step:1782} Server_Comm.py: The agent lost 1 packet! Is syncmode enabled?
{Wed 20:14:25 Step:1789} Server_Comm.py: Received a new packet while thinking!
{Wed 20:14:25 Step:1791} Server_Comm.py: The agent lost 1 packet! Is syncmode enabled?
{Wed 20:14:25 Step:1793} Server_Comm.py: Received a new packet while thinking!
{Wed 20:14:25 Step:1795} Server_Comm.py: The agent lost 1 packet! Is syncmode enabled?
{Wed 20:14:25 Step:1804} Server_Comm.py: Received a new packet while thinking!
{Wed 20:14:25 Step:1806} Server_Comm.py: The agent lost 1 packet! Is syncmode enabled?
{Wed 20:14:26 Step:1824} Server_Comm.py: Received a new packet while thinking!
{Wed 20:14:26 Step:1826} Server_Comm.py: The agent lost 1 packet! Is syncmode enabled?
{Wed 20:14:26 Step:1838} Server_Comm.py: Received a new packet while thinking!
{Wed 20:14:26 Step:1840} Server_Comm.py: The agent lost 1 packet! Is syncmode enabled?
{Wed 20:14:26 Step:1846} Server_Comm.py: Received a new packet while thinking!
{Wed 20:14:26 Step:1848} Server_Comm.py: The agent lost 1 packet! Is syncmode enabled?
{Wed 20:14:26 Step:1856} Server_Comm.py: Received a new packet while thinking!
{Wed 20:14:26 Step:1858} Server_Comm.py: The agent lost 1 packet! Is syncmode enabled?
{Wed 20:14:27 Step:1881} Server_Comm.py: Received a new packet while thinking!
{Wed 20:14:27 Step:1884} Server_Comm.py: Received a new packet while thinking!
{Wed 20:14:27 Step:1887} Server_Comm.py: Received a new packet while thinking!
{Wed 20:14:27 Step:1894} Server_Comm.py: The agent lost 1 packet! Is syncmode enabled?
{Wed 20:14:27 Step:1896} Server_Comm.py: Received a new packet while thinking!
{Wed 20:14:27 Step:1900} Server_Comm.py: The agent lost 1 packet! Is syncmode enabled?
{Wed 20:14:27 Step:1902} Server_Comm.py: Received a new packet while thinking!
{Wed 20:14:27 Step:1904} Server_Comm.py: Received a new packet while thinking!
{Wed 20:14:27 Step:1906} Server_Comm.py: The agent lost 1 packet! Is syncmode enabled?
{Wed 20:14:27 Step:1908} Server_Comm.py: Received a new packet while on world.update()!
{Wed 20:14:28 Step:1914} Server_Comm.py: Received a new packet while thinking!
{Wed 20:14:28 Step:1918} Server_Comm.py: The agent lost 1 packet! Is syncmode enabled?
{Wed 20:14:28 Step:1920} Server_Comm.py: Received a new packet while thinking!
{Wed 20:14:28 Step:1923} Server_Comm.py: Received a new packet while thinking!
{Wed 20:14:28 Step:1926} Server_Comm.py: The agent lost 1 packet! Is syncmode enabled?
{Wed 20:14:28 Step:1926} Server_Comm.py: Received a new packet while thinking!
{Wed 20:14:28 Step:1927} Server_Comm.py: Received a new packet while thinking!
{Wed 20:14:28 Step:1929} Server_Comm.py: The agent lost 1 packet! Is syncmode enabled?
{Wed 20:14:28 Step:1929} Server_Comm.py: Received a new packet while thinking!
{Wed 20:14:28 Step:1930} Server_Comm.py: Received a new packet while thinking!
{Wed 20:14:28 Step:1933} Server_Comm.py: The agent lost 2 consecutive packets! Is syncmode disabled?
{Wed 20:14:28 Step:1934} Server_Comm.py: Received a new packet while thinking!
{Wed 20:14:28 Step:1936} Server_Comm.py: The agent lost 1 packet! Is syncmode enabled?
{Wed 20:14:28 Step:1936} Server_Comm.py: Received a new packet while thinking!
{Wed 20:14:28 Step:1939} Server_Comm.py: The agent lost 2 consecutive packets! Is syncmode disabled?
{Wed 20:14:28 Step:1940} Server_Comm.py: Received a new packet while thinking!
{Wed 20:14:28 Step:1942} Server_Comm.py: The agent lost 1 packet! Is syncmode enabled?
{Wed 20:14:28 Step:1943} Server_Comm.py: Received a new packet while thinking!
{Wed 20:14:28 Step:1945} Server_Comm.py: The agent lost 1 packet! Is syncmode enabled?
{Wed 20:14:28 Step:1945} Server_Comm.py: Received a new packet while thinking!
{Wed 20:14:28 Step:1948} Server_Comm.py: The agent lost 2 consecutive packets! Is syncmode disabled?
{Wed 20:14:28 Step:1951} Server_Comm.py: The agent lost 1 packet! Is syncmode enabled?
{Wed 20:14:28 Step:1952} Server_Comm.py: Received a new packet while thinking!
{Wed 20:14:28 Step:1954} Server_Comm.py: The agent lost 1 packet! Is syncmode enabled?
{Wed 20:14:28 Step:1955} Server_Comm.py: Received a new packet while thinking!
{Wed 20:14:28 Step:1957} Server_Comm.py: The agent lost 1 packet! Is syncmode enabled?
{Wed 20:14:28 Step:1957} Server_Comm.py: Received a new packet while thinking!
{Wed 20:14:28 Step:1960} Server_Comm.py: The agent lost 2 consecutive packets! Is syncmode disabled?
{Wed 20:14:28 Step:1960} Server_Comm.py: Received a new packet while thinking!
{Wed 20:14:29 Step:1961} Server_Comm.py: Received a new packet while thinking!
{Wed 20:14:29 Step:1963} Server_Comm.py: The agent lost 1 packet! Is syncmode enabled?
{Wed 20:14:29 Step:1970} Server_Comm.py: Received a new packet while thinking!
{Wed 20:14:29 Step:1972} Server_Comm.py: The agent lost 1 packet! Is syncmode enabled?
{Wed 20:14:33 Step:2191} Server_Comm.py: Received a new packet while thinking!
{Wed 20:14:33 Step:2193} Server_Comm.py: The agent lost 1 packet! Is syncmode enabled?
{Wed 20:14:33 Step:2198} Server_Comm.py: Received a new packet while thinking!
{Wed 20:14:33 Step:2200} Server_Comm.py: The agent lost 1 packet! Is syncmode enabled?
{Wed 20:14:33 Step:2201} Server_Comm.py: Received a new packet while thinking!
{Wed 20:14:33 Step:2203} Server_Comm.py: The agent lost 1 packet! Is syncmode enabled?
{Wed 20:14:33 Step:2204} Server_Comm.py: Received a new packet while thinking!
{Wed 20:14:33 Step:2206} Server_Comm.py: The agent lost 1 packet! Is syncmode enabled?
{Wed 20:14:33 Step:2207} Server_Comm.py: Received a new packet while thinking!
{Wed 20:14:33 Step:2209} Server_Comm.py: The agent lost 1 packet! Is syncmode enabled?
{Wed 20:14:34 Step:2210} Server_Comm.py: Received a new packet while thinking!
{Wed 20:14:34 Step:2212} Server_Comm.py: The agent lost 1 packet! Is syncmode enabled?
{Wed 20:14:34 Step:2213} Server_Comm.py: Received a new packet while thinking!
{Wed 20:14:34 Step:2215} Server_Comm.py: The agent lost 1 packet! Is syncmode enabled?
{Wed 20:14:34 Step:2216} Server_Comm.py: Received a new packet while thinking!
{Wed 20:14:34 Step:2218} Server_Comm.py: The agent lost 1 packet! Is syncmode enabled?
{Wed 20:14:34 Step:2219} Server_Comm.py: Received a new packet while thinking!
{Wed 20:14:34 Step:2221} Server_Comm.py: The agent lost 1 packet! Is syncmode enabled?
{Wed 20:14:34 Step:2221} Server_Comm.py: Received a new packet while thinking!
{Wed 20:14:34 Step:2223} Server_Comm.py: The agent lost 1 packet! Is syncmode enabled?
{Wed 20:14:34 Step:2224} Server_Comm.py: Received a new packet while thinking!
{Wed 20:14:34 Step:2227} Server_Comm.py: The agent lost 2 consecutive packets! Is syncmode disabled?
{Wed 20:14:34 Step:2227} Server_Comm.py: Received a new packet while thinking!
{Wed 20:14:34 Step:2228} Server_Comm.py: Received a new packet while thinking!
{Wed 20:14:34 Step:2230} Server_Comm.py: The agent lost 1 packet! Is syncmode enabled?
{Wed 20:14:34 Step:2230} Server_Comm.py: Received a new packet while thinking!
{Wed 20:14:34 Step:2232} Server_Comm.py: The agent lost 1 packet! Is syncmode enabled?
{Wed 20:14:34 Step:2233} Server_Comm.py: Received a new packet while thinking!
{Wed 20:14:34 Step:2235} Server_Comm.py: The agent lost 1 packet! Is syncmode enabled?
{Wed 20:14:34 Step:2235} Server_Comm.py: Received a new packet while thinking!
{Wed 20:14:34 Step:2237} Server_Comm.py: The agent lost 1 packet! Is syncmode enabled?
{Wed 20:14:34 Step:2237} Server_Comm.py: Received a new packet while thinking!
{Wed 20:14:34 Step:2239} Server_Comm.py: The agent lost 1 packet! Is syncmode enabled?
{Wed 20:14:34 Step:2240} Server_Comm.py: Received a new packet while thinking!
{Wed 20:14:34 Step:2242} Server_Comm.py: The agent lost 1 packet! Is syncmode enabled?
{Wed 20:14:34 Step:2242} Server_Comm.py: Received a new packet while thinking!
{Wed 20:14:34 Step:2244} Server_Comm.py: The agent lost 1 packet! Is syncmode enabled?
{Wed 20:14:34 Step:2244} Server_Comm.py: Received a new packet while thinking!
{Wed 20:14:34 Step:2246} Server_Comm.py: The agent lost 1 packet! Is syncmode enabled?
{Wed 20:14:34 Step:2246} Server_Comm.py: Received a new packet while thinking!
{Wed 20:14:34 Step:2248} Server_Comm.py: The agent lost 1 packet! Is syncmode enabled?
{Wed 20:14:34 Step:2248} Server_Comm.py: Received a new packet while thinking!
{Wed 20:14:34 Step:2250} Server_Comm.py: The agent lost 1 packet! Is syncmode enabled?
{Wed 20:14:34 Step:2250} Server_Comm.py: Received a new packet while thinking!
{Wed 20:14:34 Step:2251} Server_Comm.py: Received a new packet while thinking!
{Wed 20:14:34 Step:2253} Server_Comm.py: The agent lost 1 packet! Is syncmode enabled?
{Wed 20:14:34 Step:2253} Server_Comm.py: Received a new packet while thinking!
{Wed 20:14:34 Step:2254} Server_Comm.py: Received a new packet while thinking!
{Wed 20:14:34 Step:2256} Server_Comm.py: The agent lost 1 packet! Is syncmode enabled?
{Wed 20:14:34 Step:2257} Server_Comm.py: Received a new packet while thinking!
{Wed 20:14:35 Step:2260} Server_Comm.py: The agent lost 1 packet! Is syncmode enabled?
{Wed 20:14:35 Step:2262} Server_Comm.py: Received a new packet while thinking!
{Wed 20:14:35 Step:2264} Server_Comm.py: Received a new packet while thinking!
{Wed 20:14:35 Step:2266} Server_Comm.py: The agent lost 1 packet! Is syncmode enabled?
{Wed 20:14:35 Step:2270} Server_Comm.py: Received a new packet while thinking!
{Wed 20:14:35 Step:2272} Server_Comm.py: The agent lost 1 packet! Is syncmode enabled?
{Wed 20:14:35 Step:2277} Server_Comm.py: The agent lost 1 packet! Is syncmode enabled?
{Wed 20:14:35 Step:2282} Server_Comm.py: Received a new packet while thinking!
{Wed 20:14:35 Step:2284} Server_Comm.py: The agent lost 1 packet! Is syncmode enabled?
{Wed 20:14:38 Step:2419} Server_Comm.py: Received a new packet while thinking!
{Wed 20:14:38 Step:2421} Server_Comm.py: The agent lost 1 packet! Is syncmode enabled?
{Wed 20:14:38 Step:2431} Server_Comm.py: Received a new packet while thinking!
{Wed 20:14:38 Step:2433} Server_Comm.py: The agent lost 1 packet! Is syncmode enabled?
{Wed 20:14:38 Step:2440} Server_Comm.py: Received a new packet while thinking!
{Wed 20:14:38 Step:2442} Server_Comm.py: The agent lost 1 packet! Is syncmode enabled?
{Wed 20:14:38 Step:2444} Server_Comm.py: Received a new packet while thinking!
{Wed 20:14:38 Step:2446} Server_Comm.py: The agent lost 1 packet! Is syncmode enabled?
{Wed 20:14:38 Step:2448} Server_Comm.py: Received a new packet while thinking!
{Wed 20:14:38 Step:2450} Server_Comm.py: The agent lost 1 packet! Is syncmode enabled?
{Wed 20:14:38 Step:2452} Server_Comm.py: Received a new packet while thinking!
{Wed 20:14:38 Step:2454} Server_Comm.py: The agent lost 1 packet! Is syncmode enabled?
{Wed 20:14:38 Step:2456} Server_Comm.py: Received a new packet while thinking!
{Wed 20:14:38 Step:2458} Server_Comm.py: The agent lost 1 packet! Is syncmode enabled?
{Wed 20:14:39 Step:2458} Server_Comm.py: Received a new packet while thinking!
{Wed 20:14:39 Step:2460} Server_Comm.py: The agent lost 1 packet! Is syncmode enabled?
{Wed 20:14:39 Step:2462} Server_Comm.py: Received a new packet while thinking!
{Wed 20:14:39 Step:2464} Server_Comm.py: The agent lost 1 packet! Is syncmode enabled?
{Wed 20:14:39 Step:2465} Server_Comm.py: Received a new packet while thinking!
{Wed 20:14:39 Step:2467} Server_Comm.py: The agent lost 1 packet! Is syncmode enabled?
{Wed 20:14:39 Step:2467} Server_Comm.py: Received a new packet while thinking!
{Wed 20:14:39 Step:2469} Server_Comm.py: The agent lost 1 packet! Is syncmode enabled?
{Wed 20:14:39 Step:2471} Server_Comm.py: Received a new packet while thinking!
{Wed 20:14:39 Step:2473} Server_Comm.py: The agent lost 1 packet! Is syncmode enabled?
{Wed 20:14:39 Step:2473} Server_Comm.py: Received a new packet while thinking!
{Wed 20:14:39 Step:2475} Server_Comm.py: The agent lost 1 packet! Is syncmode enabled?
{Wed 20:14:39 Step:2476} Server_Comm.py: Received a new packet while thinking!
{Wed 20:14:39 Step:2478} Server_Comm.py: The agent lost 1 packet! Is syncmode enabled?
{Wed 20:14:39 Step:2479} Server_Comm.py: Received a new packet while thinking!
{Wed 20:14:39 Step:2481} Server_Comm.py: The agent lost 1 packet! Is syncmode enabled?
{Wed 20:14:39 Step:2482} Server_Comm.py: Received a new packet while thinking!
{Wed 20:14:39 Step:2484} Server_Comm.py: The agent lost 1 packet! Is syncmode enabled?
{Wed 20:14:39 Step:2485} Server_Comm.py: Received a new packet while thinking!
{Wed 20:14:39 Step:2487} Server_Comm.py: The agent lost 1 packet! Is syncmode enabled?
{Wed 20:14:39 Step:2488} Server_Comm.py: Received a new packet while thinking!
{Wed 20:14:39 Step:2490} Server_Comm.py: The agent lost 1 packet! Is syncmode enabled?
{Wed 20:14:39 Step:2492} Server_Comm.py: Received a new packet while thinking!
{Wed 20:14:39 Step:2494} Server_Comm.py: The agent lost 1 packet! Is syncmode enabled?
{Wed 20:14:39 Step:2497} Server_Comm.py: Received a new packet while thinking!
{Wed 20:14:39 Step:2499} Server_Comm.py: The agent lost 1 packet! Is syncmode enabled?
{Wed 20:14:39 Step:2501} Server_Comm.py: Received a new packet while thinking!
{Wed 20:14:39 Step:2503} Server_Comm.py: The agent lost 1 packet! Is syncmode enabled?
