{Wed 20:13:49 Step:92} Server_Comm.py: The agent lost 1 packet! Is syncmode enabled?
{Wed 20:13:49 Step:104} Server_Comm.py: The agent lost 1 packet! Is syncmode enabled?
{Wed 20:13:49 Step:105} Server_Comm.py: Received a new packet while thinking!
{Wed 20:13:49 Step:109} Server_Comm.py: The agent lost 1 packet! Is syncmode enabled?
{Wed 20:13:49 Step:110} Server_Comm.py: Received a new packet while thinking!
{Wed 20:13:49 Step:114} Server_Comm.py: The agent lost 3 consecutive packets! Is syncmode disabled?
{Wed 20:13:49 Step:114} Server_Comm.py: Received a new packet while thinking!
{Wed 20:13:50 Step:115} Server_Comm.py: Received a new packet while thinking!
{Wed 20:13:50 Step:118} Server_Comm.py: The agent lost 2 consecutive packets! Is syncmode disabled?
{Wed 20:13:50 Step:118} Server_Comm.py: Received a new packet while thinking!
{Wed 20:13:50 Step:121} Server_Comm.py: The agent lost 2 consecutive packets! Is syncmode disabled?
{Wed 20:13:50 Step:122} Server_Comm.py: Received a new packet while thinking!
{Wed 20:13:50 Step:124} Server_Comm.py: The agent lost 1 packet! Is syncmode enabled?
{Wed 20:13:50 Step:124} Server_Comm.py: Received a new packet while thinking!
{Wed 20:13:50 Step:127} Server_Comm.py: The agent lost 2 consecutive packets! Is syncmode disabled?
{Wed 20:13:50 Step:128} Server_Comm.py: Received a new packet while thinking!
{Wed 20:13:50 Step:130} Server_Comm.py: The agent lost 1 packet! Is syncmode enabled?
{Wed 20:13:50 Step:130} Server_Comm.py: Received a new packet while thinking!
{Wed 20:13:50 Step:133} Server_Comm.py: The agent lost 2 consecutive packets! Is syncmode disabled?
{Wed 20:13:51 Step:133} Server_Comm.py: Received a new packet while thinking!
{Wed 20:13:51 Step:136} Server_Comm.py: The agent lost 2 consecutive packets! Is syncmode disabled?
{Wed 20:13:51 Step:136} Server_Comm.py: Received a new packet while thinking!
{Wed 20:13:51 Step:139} Server_Comm.py: The agent lost 2 consecutive packets! Is syncmode disabled?
{Wed 20:13:51 Step:142} Server_Comm.py: The agent lost 2 consecutive packets! Is syncmode disabled?
{Wed 20:13:51 Step:142} Server_Comm.py: Received a new packet while thinking!
{Wed 20:13:51 Step:145} Server_Comm.py: The agent lost 2 consecutive packets! Is syncmode disabled?
{Wed 20:13:51 Step:146} Server_Comm.py: Received a new packet while thinking!
{Wed 20:13:51 Step:148} Server_Comm.py: The agent lost 1 packet! Is syncmode enabled?
{Wed 20:13:51 Step:148} Server_Comm.py: Received a new packet while thinking!
{Wed 20:13:51 Step:151} Server_Comm.py: The agent lost 2 consecutive packets! Is syncmode disabled?
{Wed 20:13:51 Step:152} Server_Comm.py: Received a new packet while thinking!
{Wed 20:13:51 Step:154} Server_Comm.py: The agent lost 1 packet! Is syncmode enabled?
{Wed 20:13:51 Step:154} Server_Comm.py: Received a new packet while thinking!
{Wed 20:13:51 Step:157} Server_Comm.py: The agent lost 2 consecutive packets! Is syncmode disabled?
{Wed 20:13:51 Step:157} Server_Comm.py: Received a new packet while thinking!
{Wed 20:13:51 Step:159} Server_Comm.py: The agent lost 1 packet! Is syncmode enabled?
{Wed 20:13:52 Step:159} Server_Comm.py: Received a new packet while thinking!
{Wed 20:13:52 Step:161} Server_Comm.py: The agent lost 1 packet! Is syncmode enabled?
{Wed 20:13:52 Step:161} Server_Comm.py: Received a new packet while thinking!
{Wed 20:13:52 Step:163} Server_Comm.py: The agent lost 1 packet! Is syncmode enabled?
{Wed 20:13:52 Step:163} Server_Comm.py: Received a new packet while thinking!
{Wed 20:13:52 Step:165} Server_Comm.py: The agent lost 1 packet! Is syncmode enabled?
{Wed 20:13:52 Step:165} Server_Comm.py: Received a new packet while thinking!
{Wed 20:13:52 Step:166} Server_Comm.py: Received a new packet while thinking!
{Wed 20:13:52 Step:168} Server_Comm.py: The agent lost 1 packet! Is syncmode enabled?
{Wed 20:13:52 Step:168} Server_Comm.py: Received a new packet while thinking!
{Wed 20:13:52 Step:170} Server_Comm.py: The agent lost 1 packet! Is syncmode enabled?
{Wed 20:13:52 Step:170} Server_Comm.py: Received a new packet while thinking!
{Wed 20:13:52 Step:171} Server_Comm.py: Received a new packet while thinking!
{Wed 20:13:52 Step:173} Server_Comm.py: The agent lost 1 packet! Is syncmode enabled?
{Wed 20:13:52 Step:173} Server_Comm.py: Received a new packet while thinking!
{Wed 20:13:52 Step:174} Server_Comm.py: Received a new packet while thinking!
{Wed 20:13:52 Step:176} Server_Comm.py: The agent lost 1 packet! Is syncmode enabled?
{Wed 20:13:52 Step:176} Server_Comm.py: Received a new packet while thinking!
{Wed 20:13:52 Step:177} Server_Comm.py: Received a new packet while thinking!
{Wed 20:13:52 Step:179} Server_Comm.py: The agent lost 1 packet! Is syncmode enabled?
{Wed 20:13:52 Step:179} Server_Comm.py: Received a new packet while thinking!
{Wed 20:13:52 Step:180} Server_Comm.py: Received a new packet while thinking!
{Wed 20:13:52 Step:182} Server_Comm.py: The agent lost 1 packet! Is syncmode enabled?
{Wed 20:13:52 Step:183} Server_Comm.py: Received a new packet while thinking!
{Wed 20:13:52 Step:187} Server_Comm.py: The agent lost 1 packet! Is syncmode enabled?
{Wed 20:13:52 Step:188} Server_Comm.py: Received a new packet while thinking!
{Wed 20:13:52 Step:190} Server_Comm.py: The agent lost 1 packet! Is syncmode enabled?
{Wed 20:13:52 Step:190} Server_Comm.py: Received a new packet while thinking!
{Wed 20:13:52 Step:192} Server_Comm.py: The agent lost 1 packet! Is syncmode enabled?
{Wed 20:13:52 Step:192} Server_Comm.py: Received a new packet while thinking!
{Wed 20:13:52 Step:193} Server_Comm.py: Received a new packet while thinking!
{Wed 20:13:52 Step:195} Server_Comm.py: The agent lost 1 packet! Is syncmode enabled?
{Wed 20:13:52 Step:195} Server_Comm.py: Received a new packet while thinking!
{Wed 20:13:52 Step:196} Server_Comm.py: Received a new packet while thinking!
{Wed 20:13:52 Step:199} Server_Comm.py: The agent lost 2 consecutive packets! Is syncmode disabled?
{Wed 20:13:52 Step:199} Server_Comm.py: Received a new packet while thinking!
{Wed 20:13:52 Step:201} Server_Comm.py: The agent lost 1 packet! Is syncmode enabled?
{Wed 20:13:52 Step:201} Server_Comm.py: Received a new packet while thinking!
{Wed 20:13:52 Step:202} Server_Comm.py: Received a new packet while thinking!
{Wed 20:13:52 Step:205} Server_Comm.py: The agent lost 2 consecutive packets! Is syncmode disabled?
{Wed 20:13:52 Step:205} Server_Comm.py: Received a new packet while thinking!
{Wed 20:13:52 Step:207} Server_Comm.py: The agent lost 1 packet! Is syncmode enabled?
{Wed 20:13:52 Step:207} Server_Comm.py: Received a new packet while thinking!
{Wed 20:13:53 Step:210} Server_Comm.py: The agent lost 2 consecutive packets! Is syncmode disabled?
{Wed 20:13:53 Step:210} Server_Comm.py: Received a new packet while thinking!
{Wed 20:13:53 Step:212} Server_Comm.py: Received a new packet while thinking!
{Wed 20:13:53 Step:214} Server_Comm.py: The agent lost 1 packet! Is syncmode enabled?
{Wed 20:13:53 Step:214} Server_Comm.py: Received a new packet while thinking!
{Wed 20:13:53 Step:217} Server_Comm.py: The agent lost 2 consecutive packets! Is syncmode disabled?
{Wed 20:13:53 Step:220} Server_Comm.py: The agent lost 1 packet! Is syncmode enabled?
{Wed 20:13:53 Step:221} Server_Comm.py: Received a new packet while thinking!
{Wed 20:13:53 Step:223} Server_Comm.py: The agent lost 1 packet! Is syncmode enabled?
{Wed 20:13:53 Step:223} Server_Comm.py: Received a new packet while thinking!
{Wed 20:13:53 Step:226} Server_Comm.py: The agent lost 2 consecutive packets! Is syncmode disabled?
{Wed 20:13:53 Step:227} Server_Comm.py: Received a new packet while thinking!
{Wed 20:13:53 Step:229} Server_Comm.py: The agent lost 1 packet! Is syncmode enabled?
{Wed 20:13:53 Step:229} Server_Comm.py: Received a new packet while thinking!
{Wed 20:13:53 Step:232} Server_Comm.py: The agent lost 2 consecutive packets! Is syncmode disabled?
{Wed 20:13:53 Step:233} Server_Comm.py: Received a new packet while thinking!
{Wed 20:13:53 Step:235} Server_Comm.py: The agent lost 1 packet! Is syncmode enabled?
{Wed 20:13:53 Step:235} Server_Comm.py: Received a new packet while thinking!
{Wed 20:13:53 Step:237} Server_Comm.py: The agent lost 1 packet! Is syncmode enabled?
{Wed 20:13:53 Step:237} Server_Comm.py: Received a new packet while thinking!
{Wed 20:13:53 Step:238} Server_Comm.py: Received a new packet while thinking!
{Wed 20:13:53 Step:241} Server_Comm.py: The agent lost 2 consecutive packets! Is syncmode disabled?
{Wed 20:13:53 Step:242} Server_Comm.py: Received a new packet while thinking!
{Wed 20:13:53 Step:244} Server_Comm.py: The agent lost 1 packet! Is syncmode enabled?
{Wed 20:13:53 Step:244} Server_Comm.py: Received a new packet while thinking!
{Wed 20:13:53 Step:247} Server_Comm.py: The agent lost 2 consecutive packets! Is syncmode disabled?
{Wed 20:13:53 Step:248} Server_Comm.py: Received a new packet while thinking!
{Wed 20:13:53 Step:250} Server_Comm.py: The agent lost 1 packet! Is syncmode enabled?
{Wed 20:13:53 Step:252} Server_Comm.py: The agent lost 1 packet! Is syncmode enabled?
{Wed 20:13:53 Step:252} Server_Comm.py: Received a new packet while thinking!
{Wed 20:13:53 Step:253} Server_Comm.py: Received a new packet while thinking!
{Wed 20:13:53 Step:255} Server_Comm.py: The agent lost 1 packet! Is syncmode enabled?
{Wed 20:13:53 Step:255} Server_Comm.py: Received a new packet while thinking!
{Wed 20:13:53 Step:256} Server_Comm.py: Received a new packet while on world.update()!
{Wed 20:13:53 Step:258} Server_Comm.py: The agent lost 1 packet! Is syncmode enabled?
{Wed 20:13:54 Step:259} Server_Comm.py: Received a new packet while thinking!
{Wed 20:13:54 Step:260} Server_Comm.py: Received a new packet while thinking!
{Wed 20:13:54 Step:262} Server_Comm.py: The agent lost 1 packet! Is syncmode enabled?
{Wed 20:13:54 Step:263} Server_Comm.py: Received a new packet while thinking!
{Wed 20:13:54 Step:265} Server_Comm.py: The agent lost 1 packet! Is syncmode enabled?
{Wed 20:13:54 Step:266} Server_Comm.py: Received a new packet while thinking!
{Wed 20:13:54 Step:268} Server_Comm.py: The agent lost 1 packet! Is syncmode enabled?
{Wed 20:13:54 Step:268} Server_Comm.py: Received a new packet while thinking!
{Wed 20:13:54 Step:270} Server_Comm.py: The agent lost 1 packet! Is syncmode enabled?
{Wed 20:13:54 Step:270} Server_Comm.py: Received a new packet while thinking!
{Wed 20:13:54 Step:271} Server_Comm.py: Received a new packet while thinking!
{Wed 20:13:54 Step:273} Server_Comm.py: The agent lost 1 packet! Is syncmode enabled?
{Wed 20:13:54 Step:273} Server_Comm.py: Received a new packet while thinking!
{Wed 20:13:54 Step:274} Server_Comm.py: Received a new packet while thinking!
{Wed 20:13:54 Step:277} Server_Comm.py: The agent lost 2 consecutive packets! Is syncmode disabled?
{Wed 20:13:54 Step:278} Server_Comm.py: Received a new packet while thinking!
{Wed 20:13:54 Step:280} Server_Comm.py: The agent lost 1 packet! Is syncmode enabled?
{Wed 20:13:54 Step:280} Server_Comm.py: Received a new packet while thinking!
{Wed 20:13:54 Step:282} Server_Comm.py: The agent lost 1 packet! Is syncmode enabled?
{Wed 20:13:54 Step:282} Server_Comm.py: Received a new packet while thinking!
{Wed 20:13:54 Step:285} Server_Comm.py: The agent lost 2 consecutive packets! Is syncmode disabled?
{Wed 20:13:54 Step:285} Server_Comm.py: Received a new packet while thinking!
{Wed 20:13:54 Step:286} Server_Comm.py: Received a new packet while on world.update()!
{Wed 20:13:54 Step:288} Server_Comm.py: The agent lost 1 packet! Is syncmode enabled?
{Wed 20:13:54 Step:288} Server_Comm.py: Received a new packet while thinking!
{Wed 20:13:54 Step:289} Server_Comm.py: Received a new packet while thinking!
{Wed 20:13:54 Step:292} Server_Comm.py: The agent lost 2 consecutive packets! Is syncmode disabled?
{Wed 20:13:54 Step:293} Server_Comm.py: Received a new packet while thinking!
{Wed 20:13:54 Step:295} Server_Comm.py: The agent lost 1 packet! Is syncmode enabled?
{Wed 20:13:54 Step:295} Server_Comm.py: Received a new packet while thinking!
{Wed 20:13:54 Step:298} Server_Comm.py: The agent lost 2 consecutive packets! Is syncmode disabled?
{Wed 20:13:54 Step:299} Server_Comm.py: Received a new packet while thinking!
{Wed 20:13:54 Step:301} Server_Comm.py: The agent lost 1 packet! Is syncmode enabled?
{Wed 20:13:54 Step:301} Server_Comm.py: Received a new packet while thinking!
{Wed 20:13:54 Step:304} Server_Comm.py: The agent lost 2 consecutive packets! Is syncmode disabled?
{Wed 20:13:54 Step:304} Server_Comm.py: Received a new packet while thinking!
{Wed 20:13:54 Step:306} Server_Comm.py: The agent lost 1 packet! Is syncmode enabled?
{Wed 20:13:54 Step:306} Server_Comm.py: Received a new packet while thinking!
{Wed 20:13:54 Step:308} Server_Comm.py: The agent lost 1 packet! Is syncmode enabled?
{Wed 20:13:55 Step:308} Server_Comm.py: Received a new packet while thinking!
{Wed 20:13:55 Step:310} Server_Comm.py: The agent lost 1 packet! Is syncmode enabled?
{Wed 20:13:55 Step:310} Server_Comm.py: Received a new packet while thinking!
{Wed 20:13:55 Step:312} Server_Comm.py: The agent lost 1 packet! Is syncmode enabled?
{Wed 20:13:55 Step:312} Server_Comm.py: Received a new packet while thinking!
{Wed 20:13:55 Step:314} Server_Comm.py: The agent lost 1 packet! Is syncmode enabled?
{Wed 20:13:55 Step:314} Server_Comm.py: Received a new packet while thinking!
{Wed 20:13:55 Step:315} Server_Comm.py: Received a new packet while thinking!
{Wed 20:13:55 Step:317} Server_Comm.py: The agent lost 1 packet! Is syncmode enabled?
{Wed 20:13:55 Step:317} Server_Comm.py: Received a new packet while on world.update()!
{Wed 20:13:55 Step:319} Server_Comm.py: Received a new packet while thinking!
{Wed 20:13:55 Step:321} Server_Comm.py: Received a new packet while thinking!
{Wed 20:13:55 Step:323} Server_Comm.py: The agent lost 1 packet! Is syncmode enabled?
{Wed 20:13:55 Step:325} Server_Comm.py: The agent lost 1 packet! Is syncmode enabled?
{Wed 20:13:55 Step:328} Server_Comm.py: The agent lost 1 packet! Is syncmode enabled?
{Wed 20:13:55 Step:331} Server_Comm.py: The agent lost 1 packet! Is syncmode enabled?
{Wed 20:13:55 Step:334} Server_Comm.py: The agent lost 1 packet! Is syncmode enabled?
{Wed 20:13:55 Step:338} Server_Comm.py: Received a new packet while thinking!
{Wed 20:13:55 Step:340} Server_Comm.py: The agent lost 1 packet! Is syncmode enabled?
{Wed 20:13:55 Step:343} Server_Comm.py: Received a new packet while thinking!
{Wed 20:13:55 Step:345} Server_Comm.py: The agent lost 1 packet! Is syncmode enabled?
{Wed 20:13:55 Step:356} Server_Comm.py: Received a new packet while thinking!
{Wed 20:13:55 Step:358} Server_Comm.py: The agent lost 1 packet! Is syncmode enabled?
{Wed 20:13:56 Step:368} Server_Comm.py: Received a new packet while thinking!
{Wed 20:13:56 Step:370} Server_Comm.py: The agent lost 1 packet! Is syncmode enabled?
{Wed 20:14:00 Step:561} Server_Comm.py: Received a new packet while thinking!
{Wed 20:14:00 Step:563} Server_Comm.py: The agent lost 1 packet! Is syncmode enabled?
{Wed 20:14:00 Step:564} Server_Comm.py: Received a new packet while thinking!
{Wed 20:14:00 Step:567} Server_Comm.py: Received a new packet while thinking!
{Wed 20:14:00 Step:571} Server_Comm.py: The agent lost 1 packet! Is syncmode enabled?
{Wed 20:14:00 Step:574} Server_Comm.py: The agent lost 1 packet! Is syncmode enabled?
{Wed 20:14:00 Step:577} Server_Comm.py: The agent lost 1 packet! Is syncmode enabled?
{Wed 20:14:00 Step:580} Server_Comm.py: The agent lost 1 packet! Is syncmode enabled?
{Wed 20:14:00 Step:582} Server_Comm.py: Received a new packet while thinking!
{Wed 20:14:00 Step:583} Server_Comm.py: Received a new packet while thinking!
{Wed 20:14:00 Step:585} Server_Comm.py: The agent lost 1 packet! Is syncmode enabled?
{Wed 20:14:00 Step:585} Server_Comm.py: Received a new packet while thinking!
{Wed 20:14:00 Step:587} Server_Comm.py: Received a new packet while thinking!
{Wed 20:14:00 Step:589} Server_Comm.py: The agent lost 1 packet! Is syncmode enabled?
{Wed 20:14:00 Step:589} Server_Comm.py: Received a new packet while thinking!
{Wed 20:14:00 Step:592} Server_Comm.py: The agent lost 2 consecutive packets! Is syncmode disabled?
{Wed 20:14:00 Step:593} Server_Comm.py: Received a new packet while thinking!
{Wed 20:14:00 Step:595} Server_Comm.py: The agent lost 1 packet! Is syncmode enabled?
{Wed 20:14:00 Step:597} Server_Comm.py: The agent lost 1 packet! Is syncmode enabled?
{Wed 20:14:00 Step:597} Server_Comm.py: Received a new packet while thinking!
{Wed 20:14:00 Step:600} Server_Comm.py: The agent lost 2 consecutive packets! Is syncmode disabled?
{Wed 20:14:00 Step:601} Server_Comm.py: Received a new packet while thinking!
{Wed 20:14:00 Step:602} Server_Comm.py: Received a new packet while thinking!
{Wed 20:14:00 Step:604} Server_Comm.py: The agent lost 1 packet! Is syncmode enabled?
{Wed 20:14:00 Step:605} Server_Comm.py: Received a new packet while thinking!
{Wed 20:14:01 Step:607} Server_Comm.py: The agent lost 1 packet! Is syncmode enabled?
{Wed 20:14:01 Step:608} Server_Comm.py: Received a new packet while thinking!
{Wed 20:14:01 Step:610} Server_Comm.py: The agent lost 1 packet! Is syncmode enabled?
{Wed 20:14:01 Step:610} Server_Comm.py: Received a new packet while thinking!
{Wed 20:14:01 Step:613} Server_Comm.py: The agent lost 2 consecutive packets! Is syncmode disabled?
{Wed 20:14:01 Step:616} Server_Comm.py: The agent lost 1 packet! Is syncmode enabled?
{Wed 20:14:01 Step:619} Server_Comm.py: The agent lost 1 packet! Is syncmode enabled?
{Wed 20:14:01 Step:622} Server_Comm.py: Received a new packet while thinking!
{Wed 20:14:01 Step:624} Server_Comm.py: The agent lost 1 packet! Is syncmode enabled?
{Wed 20:14:01 Step:624} Server_Comm.py: Received a new packet while thinking!
{Wed 20:14:01 Step:626} Server_Comm.py: The agent lost 1 packet! Is syncmode enabled?
{Wed 20:14:01 Step:632} Server_Comm.py: Received a new packet while thinking!
{Wed 20:14:01 Step:634} Server_Comm.py: The agent lost 1 packet! Is syncmode enabled?
{Wed 20:14:05 Step:855} Server_Comm.py: Received a new packet while thinking!
{Wed 20:14:06 Step:858} Server_Comm.py: Received a new packet while thinking!
{Wed 20:14:06 Step:861} Server_Comm.py: Received a new packet while thinking!
{Wed 20:14:06 Step:864} Server_Comm.py: Received a new packet while thinking!
{Wed 20:14:06 Step:867} Server_Comm.py: Received a new packet while thinking!
{Wed 20:14:06 Step:870} Server_Comm.py: Received a new packet while thinking!
{Wed 20:14:06 Step:873} Server_Comm.py: Received a new packet while thinking!
{Wed 20:14:06 Step:876} Server_Comm.py: Received a new packet while thinking!
{Wed 20:14:06 Step:879} Server_Comm.py: Received a new packet while thinking!
{Wed 20:14:06 Step:882} Server_Comm.py: Received a new packet while thinking!
{Wed 20:14:06 Step:885} Server_Comm.py: Received a new packet while thinking!
{Wed 20:14:06 Step:888} Server_Comm.py: Received a new packet while thinking!
{Wed 20:14:06 Step:892} Server_Comm.py: The agent lost 1 packet! Is syncmode enabled?
{Wed 20:14:06 Step:894} Server_Comm.py: Received a new packet while thinking!
{Wed 20:14:06 Step:898} Server_Comm.py: The agent lost 1 packet! Is syncmode enabled?
{Wed 20:14:06 Step:900} Server_Comm.py: Received a new packet while thinking!
{Wed 20:14:06 Step:902} Server_Comm.py: Received a new packet while thinking!
{Wed 20:14:06 Step:904} Server_Comm.py: The agent lost 1 packet! Is syncmode enabled?
{Wed 20:14:07 Step:907} Server_Comm.py: The agent lost 1 packet! Is syncmode enabled?
{Wed 20:14:07 Step:909} Server_Comm.py: Received a new packet while thinking!
{Wed 20:14:07 Step:910} Server_Comm.py: Received a new packet while thinking!
{Wed 20:14:07 Step:912} Server_Comm.py: The agent lost 1 packet! Is syncmode enabled?
{Wed 20:14:07 Step:912} Server_Comm.py: Received a new packet while thinking!
{Wed 20:14:07 Step:913} Server_Comm.py: Received a new packet while thinking!
{Wed 20:14:07 Step:915} Server_Comm.py: The agent lost 1 packet! Is syncmode enabled?
{Wed 20:14:07 Step:915} Server_Comm.py: Received a new packet while thinking!
{Wed 20:14:07 Step:916} Server_Comm.py: Received a new packet while thinking!
{Wed 20:14:07 Step:918} Server_Comm.py: The agent lost 1 packet! Is syncmode enabled?
{Wed 20:14:07 Step:918} Server_Comm.py: Received a new packet while thinking!
{Wed 20:14:07 Step:920} Server_Comm.py: Received a new packet while thinking!
{Wed 20:14:07 Step:922} Server_Comm.py: The agent lost 1 packet! Is syncmode enabled?
{Wed 20:14:07 Step:922} Server_Comm.py: Received a new packet while thinking!
{Wed 20:14:07 Step:924} Server_Comm.py: The agent lost 1 packet! Is syncmode enabled?
{Wed 20:14:07 Step:924} Server_Comm.py: Received a new packet while thinking!
{Wed 20:14:07 Step:928} Server_Comm.py: The agent lost 1 packet! Is syncmode enabled?
{Wed 20:14:07 Step:930} Server_Comm.py: Received a new packet while thinking!
{Wed 20:14:07 Step:932} Server_Comm.py: Received a new packet while thinking!
{Wed 20:14:07 Step:934} Server_Comm.py: The agent lost 1 packet! Is syncmode enabled?
{Wed 20:14:07 Step:937} Server_Comm.py: The agent lost 1 packet! Is syncmode enabled?
{Wed 20:14:07 Step:939} Server_Comm.py: Received a new packet while thinking!
{Wed 20:14:07 Step:943} Server_Comm.py: The agent lost 1 packet! Is syncmode enabled?
{Wed 20:14:07 Step:948} Server_Comm.py: Received a new packet while thinking!
{Wed 20:14:07 Step:951} Server_Comm.py: Received a new packet while thinking!
{Wed 20:14:07 Step:954} Server_Comm.py: Received a new packet while thinking!
{Wed 20:14:08 Step:957} Server_Comm.py: Received a new packet while thinking!
{Wed 20:14:08 Step:960} Server_Comm.py: Received a new packet while thinking!
{Wed 20:14:08 Step:963} Server_Comm.py: Received a new packet while thinking!
{Wed 20:14:08 Step:966} Server_Comm.py: Received a new packet while thinking!
{Wed 20:14:08 Step:969} Server_Comm.py: Received a new packet while thinking!
{Wed 20:14:08 Step:972} Server_Comm.py: Received a new packet while thinking!
{Wed 20:14:08 Step:975} Server_Comm.py: Received a new packet while thinking!
{Wed 20:14:08 Step:978} Server_Comm.py: Received a new packet while thinking!
{Wed 20:14:08 Step:981} Server_Comm.py: Received a new packet while thinking!
{Wed 20:14:08 Step:984} Server_Comm.py: Received a new packet while thinking!
{Wed 20:14:08 Step:987} Server_Comm.py: Received a new packet while thinking!
{Wed 20:14:08 Step:990} Server_Comm.py: Received a new packet while thinking!
{Wed 20:14:08 Step:993} Server_Comm.py: Received a new packet while thinking!
{Wed 20:14:08 Step:996} Server_Comm.py: Received a new packet while thinking!
{Wed 20:14:08 Step:999} Server_Comm.py: Received a new packet while thinking!
{Wed 20:14:08 Step:1002} Server_Comm.py: Received a new packet while thinking!
{Wed 20:14:09 Step:1005} Server_Comm.py: Received a new packet while thinking!
{Wed 20:14:09 Step:1008} Server_Comm.py: Received a new packet while thinking!
{Wed 20:14:09 Step:1011} Server_Comm.py: Received a new packet while thinking!
{Wed 20:14:09 Step:1014} Server_Comm.py: Received a new packet while thinking!
{Wed 20:14:09 Step:1017} Server_Comm.py: Received a new packet while thinking!
{Wed 20:14:09 Step:1020} Server_Comm.py: Received a new packet while thinking!
{Wed 20:14:09 Step:1023} Server_Comm.py: Received a new packet while thinking!
{Wed 20:14:09 Step:1026} Server_Comm.py: Received a new packet while thinking!
{Wed 20:14:09 Step:1029} Server_Comm.py: Received a new packet while thinking!
{Wed 20:14:09 Step:1033} Server_Comm.py: The agent lost 1 packet! Is syncmode enabled?
{Wed 20:14:09 Step:1042} Server_Comm.py: Received a new packet while thinking!
{Wed 20:14:09 Step:1045} Server_Comm.py: Received a new packet while thinking!
{Wed 20:14:09 Step:1048} Server_Comm.py: Received a new packet while thinking!
{Wed 20:14:09 Step:1051} Server_Comm.py: Received a new packet while thinking!
{Wed 20:14:09 Step:1054} Server_Comm.py: Received a new packet while thinking!
{Wed 20:14:10 Step:1060} Server_Comm.py: Received a new packet while thinking!
{Wed 20:14:10 Step:1063} Server_Comm.py: Received a new packet while thinking!
{Wed 20:14:10 Step:1065} Server_Comm.py: Received a new packet while thinking!
{Wed 20:14:10 Step:1068} Server_Comm.py: Received a new packet while thinking!
{Wed 20:14:11 Step:1116} Server_Comm.py: Received a new packet while thinking!
{Wed 20:14:11 Step:1118} Server_Comm.py: The agent lost 1 packet! Is syncmode enabled?
{Wed 20:14:11 Step:1126} Server_Comm.py: Received a new packet while thinking!
{Wed 20:14:11 Step:1128} Server_Comm.py: The agent lost 1 packet! Is syncmode enabled?
{Wed 20:14:11 Step:1135} Server_Comm.py: Received a new packet while thinking!
{Wed 20:14:11 Step:1137} Server_Comm.py: The agent lost 1 packet! Is syncmode enabled?
{Wed 20:14:11 Step:1140} Server_Comm.py: Received a new packet while thinking!
{Wed 20:14:11 Step:1142} Server_Comm.py: The agent lost 1 packet! Is syncmode enabled?
{Wed 20:14:11 Step:1146} Server_Comm.py: Received a new packet while thinking!
{Wed 20:14:11 Step:1148} Server_Comm.py: The agent lost 1 packet! Is syncmode enabled?
{Wed 20:14:11 Step:1150} Server_Comm.py: Received a new packet while thinking!
{Wed 20:14:11 Step:1152} Server_Comm.py: The agent lost 1 packet! Is syncmode enabled?
{Wed 20:14:12 Step:1155} Server_Comm.py: Received a new packet while thinking!
{Wed 20:14:12 Step:1157} Server_Comm.py: The agent lost 1 packet! Is syncmode enabled?
{Wed 20:14:12 Step:1160} Server_Comm.py: Received a new packet while thinking!
{Wed 20:14:12 Step:1162} Server_Comm.py: The agent lost 1 packet! Is syncmode enabled?
{Wed 20:14:12 Step:1164} Server_Comm.py: Received a new packet while thinking!
{Wed 20:14:12 Step:1166} Server_Comm.py: The agent lost 1 packet! Is syncmode enabled?
{Wed 20:14:12 Step:1168} Server_Comm.py: Received a new packet while thinking!
{Wed 20:14:12 Step:1170} Server_Comm.py: The agent lost 1 packet! Is syncmode enabled?
{Wed 20:14:12 Step:1173} Server_Comm.py: Received a new packet while thinking!
{Wed 20:14:12 Step:1175} Server_Comm.py: The agent lost 1 packet! Is syncmode enabled?
{Wed 20:14:12 Step:1175} Server_Comm.py: Received a new packet while thinking!
{Wed 20:14:12 Step:1177} Server_Comm.py: The agent lost 1 packet! Is syncmode enabled?
{Wed 20:14:12 Step:1179} Server_Comm.py: Received a new packet while thinking!
{Wed 20:14:12 Step:1181} Server_Comm.py: The agent lost 1 packet! Is syncmode enabled?
{Wed 20:14:12 Step:1182} Server_Comm.py: Received a new packet while thinking!
{Wed 20:14:12 Step:1184} Server_Comm.py: The agent lost 1 packet! Is syncmode enabled?
{Wed 20:14:12 Step:1185} Server_Comm.py: Received a new packet while thinking!
{Wed 20:14:12 Step:1187} Server_Comm.py: The agent lost 1 packet! Is syncmode enabled?
{Wed 20:14:12 Step:1189} Server_Comm.py: The agent lost 1 packet! Is syncmode enabled?
{Wed 20:14:12 Step:1192} Server_Comm.py: The agent lost 1 packet! Is syncmode enabled?
{Wed 20:14:12 Step:1195} Server_Comm.py: The agent lost 1 packet! Is syncmode enabled?
{Wed 20:14:12 Step:1196} Server_Comm.py: Received a new packet while thinking!
{Wed 20:14:12 Step:1198} Server_Comm.py: The agent lost 1 packet! Is syncmode enabled?
{Wed 20:14:12 Step:1198} Server_Comm.py: Received a new packet while thinking!
{Wed 20:14:12 Step:1200} Server_Comm.py: The agent lost 1 packet! Is syncmode enabled?
{Wed 20:14:12 Step:1200} Server_Comm.py: Received a new packet while thinking!
{Wed 20:14:12 Step:1202} Server_Comm.py: The agent lost 1 packet! Is syncmode enabled?
{Wed 20:14:13 Step:1203} Server_Comm.py: Received a new packet while thinking!
{Wed 20:14:13 Step:1205} Server_Comm.py: The agent lost 1 packet! Is syncmode enabled?
{Wed 20:14:13 Step:1205} Server_Comm.py: Received a new packet while thinking!
{Wed 20:14:13 Step:1207} Server_Comm.py: The agent lost 1 packet! Is syncmode enabled?
{Wed 20:14:13 Step:1207} Server_Comm.py: Received a new packet while thinking!
{Wed 20:14:13 Step:1210} Server_Comm.py: The agent lost 2 consecutive packets! Is syncmode disabled?
{Wed 20:14:13 Step:1210} Server_Comm.py: Received a new packet while thinking!
{Wed 20:14:13 Step:1211} Server_Comm.py: Received a new packet while thinking!
{Wed 20:14:13 Step:1213} Server_Comm.py: The agent lost 1 packet! Is syncmode enabled?
{Wed 20:14:13 Step:1213} Server_Comm.py: Received a new packet while thinking!
{Wed 20:14:13 Step:1214} Server_Comm.py: Received a new packet while thinking!
{Wed 20:14:13 Step:1216} Server_Comm.py: The agent lost 1 packet! Is syncmode enabled?
{Wed 20:14:13 Step:1220} Server_Comm.py: Received a new packet while thinking!
{Wed 20:14:13 Step:1222} Server_Comm.py: The agent lost 1 packet! Is syncmode enabled?
{Wed 20:14:13 Step:1228} Server_Comm.py: Received a new packet while thinking!
{Wed 20:14:13 Step:1230} Server_Comm.py: The agent lost 1 packet! Is syncmode enabled?
{Wed 20:14:14 Step:1275} Server_Comm.py: Received a new packet while thinking!
{Wed 20:14:14 Step:1277} Server_Comm.py: The agent lost 1 packet! Is syncmode enabled?
{Wed 20:14:14 Step:1284} Server_Comm.py: Received a new packet while thinking!
{Wed 20:14:14 Step:1286} Server_Comm.py: The agent lost 1 packet! Is syncmode enabled?
{Wed 20:14:14 Step:1288} Server_Comm.py: Received a new packet while thinking!
{Wed 20:14:14 Step:1290} Server_Comm.py: The agent lost 1 packet! Is syncmode enabled?
{Wed 20:14:14 Step:1292} Server_Comm.py: Received a new packet while thinking!
{Wed 20:14:14 Step:1294} Server_Comm.py: The agent lost 1 packet! Is syncmode enabled?
{Wed 20:14:14 Step:1294} Server_Comm.py: Received a new packet while thinking!
{Wed 20:14:14 Step:1296} Server_Comm.py: The agent lost 1 packet! Is syncmode enabled?
{Wed 20:14:14 Step:1297} Server_Comm.py: Received a new packet while thinking!
{Wed 20:14:14 Step:1299} Server_Comm.py: The agent lost 1 packet! Is syncmode enabled?
{Wed 20:14:14 Step:1299} Server_Comm.py: Received a new packet while thinking!
{Wed 20:14:14 Step:1301} Server_Comm.py: The agent lost 1 packet! Is syncmode enabled?
{Wed 20:14:14 Step:1301} Server_Comm.py: Received a new packet while thinking!
{Wed 20:14:14 Step:1303} Server_Comm.py: The agent lost 1 packet! Is syncmode enabled?
{Wed 20:14:15 Step:1303} Server_Comm.py: Received a new packet while thinking!
{Wed 20:14:15 Step:1305} Server_Comm.py: The agent lost 1 packet! Is syncmode enabled?
{Wed 20:14:15 Step:1305} Server_Comm.py: Received a new packet while thinking!
{Wed 20:14:15 Step:1307} Server_Comm.py: The agent lost 1 packet! Is syncmode enabled?
{Wed 20:14:15 Step:1307} Server_Comm.py: Received a new packet while thinking!
{Wed 20:14:15 Step:1309} Server_Comm.py: The agent lost 1 packet! Is syncmode enabled?
{Wed 20:14:15 Step:1309} Server_Comm.py: Received a new packet while thinking!
{Wed 20:14:15 Step:1311} Server_Comm.py: The agent lost 1 packet! Is syncmode enabled?
{Wed 20:14:15 Step:1311} Server_Comm.py: Received a new packet while thinking!
{Wed 20:14:15 Step:1313} Server_Comm.py: The agent lost 1 packet! Is syncmode enabled?
{Wed 20:14:15 Step:1313} Server_Comm.py: Received a new packet while thinking!
{Wed 20:14:15 Step:1315} Server_Comm.py: The agent lost 1 packet! Is syncmode enabled?
{Wed 20:14:15 Step:1315} Server_Comm.py: Received a new packet while thinking!
{Wed 20:14:15 Step:1317} Server_Comm.py: The agent lost 1 packet! Is syncmode enabled?
{Wed 20:14:15 Step:1317} Server_Comm.py: Received a new packet while thinking!
{Wed 20:14:15 Step:1319} Server_Comm.py: The agent lost 1 packet! Is syncmode enabled?
{Wed 20:14:15 Step:1319} Server_Comm.py: Received a new packet while thinking!
{Wed 20:14:15 Step:1321} Server_Comm.py: The agent lost 1 packet! Is syncmode enabled?
{Wed 20:14:15 Step:1321} Server_Comm.py: Received a new packet while on world.update()!
{Wed 20:14:15 Step:1322} Server_Comm.py: Received a new packet while thinking!
{Wed 20:14:15 Step:1323} Server_Comm.py: Received a new packet while thinking!
{Wed 20:14:15 Step:1326} Server_Comm.py: The agent lost 2 consecutive packets! Is syncmode disabled?
{Wed 20:14:15 Step:1328} Server_Comm.py: Received a new packet while thinking!
{Wed 20:14:15 Step:1330} Server_Comm.py: The agent lost 1 packet! Is syncmode enabled?
{Wed 20:14:15 Step:1330} Server_Comm.py: Received a new packet while thinking!
{Wed 20:14:15 Step:1333} Server_Comm.py: The agent lost 2 consecutive packets! Is syncmode disabled?
{Wed 20:14:15 Step:1333} Server_Comm.py: Received a new packet while thinking!
{Wed 20:14:15 Step:1334} Server_Comm.py: Received a new packet while thinking!
{Wed 20:14:15 Step:1336} Server_Comm.py: The agent lost 1 packet! Is syncmode enabled?
{Wed 20:14:15 Step:1336} Server_Comm.py: Received a new packet while thinking!
{Wed 20:14:15 Step:1338} Server_Comm.py: The agent lost 1 packet! Is syncmode enabled?
{Wed 20:14:15 Step:1338} Server_Comm.py: Received a new packet while thinking!
{Wed 20:14:15 Step:1340} Server_Comm.py: The agent lost 1 packet! Is syncmode enabled?
{Wed 20:14:15 Step:1340} Server_Comm.py: Received a new packet while thinking!
{Wed 20:14:15 Step:1341} Server_Comm.py: Received a new packet while thinking!
{Wed 20:14:15 Step:1343} Server_Comm.py: The agent lost 1 packet! Is syncmode enabled?
{Wed 20:14:15 Step:1343} Server_Comm.py: Received a new packet while thinking!
{Wed 20:14:15 Step:1344} Server_Comm.py: Received a new packet while thinking!
{Wed 20:14:15 Step:1346} Server_Comm.py: The agent lost 1 packet! Is syncmode enabled?
{Wed 20:14:15 Step:1346} Server_Comm.py: Received a new packet while thinking!
{Wed 20:14:15 Step:1347} Server_Comm.py: Received a new packet while thinking!
{Wed 20:14:15 Step:1349} Server_Comm.py: The agent lost 1 packet! Is syncmode enabled?
{Wed 20:14:15 Step:1349} Server_Comm.py: Received a new packet while thinking!
{Wed 20:14:15 Step:1350} Server_Comm.py: Received a new packet while thinking!
{Wed 20:14:15 Step:1351} Server_Comm.py: Received a new packet while thinking!
{Wed 20:14:15 Step:1352} Server_Comm.py: Received a new packet while thinking!
{Wed 20:14:15 Step:1353} Server_Comm.py: Received a new packet while on world.update()!
{Wed 20:14:17 Step:1428} Server_Comm.py: Received a new packet while thinking!
{Wed 20:14:17 Step:1430} Server_Comm.py: The agent lost 1 packet! Is syncmode enabled?
{Wed 20:14:17 Step:1434} Server_Comm.py: Received a new packet while thinking!
{Wed 20:14:17 Step:1436} Server_Comm.py: The agent lost 1 packet! Is syncmode enabled?
{Wed 20:14:17 Step:1440} Server_Comm.py: Received a new packet while thinking!
{Wed 20:14:17 Step:1442} Server_Comm.py: The agent lost 1 packet! Is syncmode enabled?
{Wed 20:14:17 Step:1444} Server_Comm.py: Received a new packet while thinking!
{Wed 20:14:17 Step:1446} Server_Comm.py: The agent lost 1 packet! Is syncmode enabled?
{Wed 20:14:17 Step:1449} Server_Comm.py: Received a new packet while thinking!
{Wed 20:14:17 Step:1451} Server_Comm.py: The agent lost 1 packet! Is syncmode enabled?
{Wed 20:14:18 Step:1454} Server_Comm.py: Received a new packet while thinking!
{Wed 20:14:18 Step:1456} Server_Comm.py: The agent lost 1 packet! Is syncmode enabled?
{Wed 20:14:18 Step:1458} Server_Comm.py: Received a new packet while thinking!
{Wed 20:14:18 Step:1460} Server_Comm.py: The agent lost 1 packet! Is syncmode enabled?
{Wed 20:14:18 Step:1462} Server_Comm.py: Received a new packet while thinking!
{Wed 20:14:18 Step:1464} Server_Comm.py: The agent lost 1 packet! Is syncmode enabled?
{Wed 20:14:18 Step:1467} Server_Comm.py: Received a new packet while thinking!
{Wed 20:14:18 Step:1469} Server_Comm.py: The agent lost 1 packet! Is syncmode enabled?
{Wed 20:14:18 Step:1472} Server_Comm.py: Received a new packet while thinking!
{Wed 20:14:18 Step:1474} Server_Comm.py: The agent lost 1 packet! Is syncmode enabled?
{Wed 20:14:18 Step:1477} Server_Comm.py: Received a new packet while thinking!
{Wed 20:14:18 Step:1479} Server_Comm.py: The agent lost 1 packet! Is syncmode enabled?
{Wed 20:14:18 Step:1482} Server_Comm.py: Received a new packet while thinking!
{Wed 20:14:18 Step:1484} Server_Comm.py: The agent lost 1 packet! Is syncmode enabled?
{Wed 20:14:18 Step:1487} Server_Comm.py: Received a new packet while thinking!
{Wed 20:14:18 Step:1489} Server_Comm.py: The agent lost 1 packet! Is syncmode enabled?
{Wed 20:14:18 Step:1495} Server_Comm.py: The agent lost 1 packet! Is syncmode enabled?
{Wed 20:14:18 Step:1495} Server_Comm.py: Received a new packet while thinking!
{Wed 20:14:18 Step:1500} Server_Comm.py: Received a new packet while thinking!
{Wed 20:14:18 Step:1502} Server_Comm.py: The agent lost 1 packet! Is syncmode enabled?
{Wed 20:14:19 Step:1509} Server_Comm.py: Received a new packet while thinking!
{Wed 20:14:19 Step:1511} Server_Comm.py: The agent lost 1 packet! Is syncmode enabled?
{Wed 20:14:19 Step:1523} Server_Comm.py: The agent lost 1 packet! Is syncmode enabled?
{Wed 20:14:20 Step:1578} Server_Comm.py: Received a new packet while thinking!
{Wed 20:14:20 Step:1580} Server_Comm.py: The agent lost 1 packet! Is syncmode enabled?
{Wed 20:14:20 Step:1600} Server_Comm.py: The agent lost 1 packet! Is syncmode enabled?
{Wed 20:14:20 Step:1602} Server_Comm.py: Received a new packet while thinking!
{Wed 20:14:21 Step:1606} Server_Comm.py: The agent lost 1 packet! Is syncmode enabled?
{Wed 20:14:21 Step:1609} Server_Comm.py: Received a new packet while thinking!
{Wed 20:14:21 Step:1612} Server_Comm.py: The agent lost 1 packet! Is syncmode enabled?
{Wed 20:14:21 Step:1620} Server_Comm.py: Received a new packet while thinking!
{Wed 20:14:21 Step:1622} Server_Comm.py: The agent lost 1 packet! Is syncmode enabled?
{Wed 20:14:21 Step:1623} Server_Comm.py: Received a new packet while thinking!
{Wed 20:14:21 Step:1624} Server_Comm.py: Received a new packet while thinking!
{Wed 20:14:21 Step:1626} Server_Comm.py: The agent lost 1 packet! Is syncmode enabled?
{Wed 20:14:21 Step:1626} Server_Comm.py: Received a new packet while thinking!
{Wed 20:14:21 Step:1630} Server_Comm.py: The agent lost 1 packet! Is syncmode enabled?
{Wed 20:14:21 Step:1632} Server_Comm.py: Received a new packet while thinking!
{Wed 20:14:21 Step:1635} Server_Comm.py: The agent lost 1 packet! Is syncmode enabled?
{Wed 20:14:21 Step:1635} Server_Comm.py: Received a new packet while thinking!
{Wed 20:14:21 Step:1636} Server_Comm.py: Received a new packet while thinking!
{Wed 20:14:21 Step:1639} Server_Comm.py: The agent lost 1 packet! Is syncmode enabled?
{Wed 20:14:21 Step:1641} Server_Comm.py: Received a new packet while thinking!
{Wed 20:14:21 Step:1645} Server_Comm.py: The agent lost 1 packet! Is syncmode enabled?
{Wed 20:14:21 Step:1647} Server_Comm.py: Received a new packet while thinking!
{Wed 20:14:21 Step:1648} Server_Comm.py: Received a new packet while thinking!
{Wed 20:14:21 Step:1650} Server_Comm.py: The agent lost 1 packet! Is syncmode enabled?
{Wed 20:14:21 Step:1650} Server_Comm.py: Received a new packet while thinking!
{Wed 20:14:22 Step:1654} Server_Comm.py: The agent lost 1 packet! Is syncmode enabled?
{Wed 20:14:22 Step:1656} Server_Comm.py: Received a new packet while thinking!
{Wed 20:14:22 Step:1657} Server_Comm.py: Received a new packet while thinking!
{Wed 20:14:22 Step:1659} Server_Comm.py: The agent lost 1 packet! Is syncmode enabled?
{Wed 20:14:22 Step:1659} Server_Comm.py: Received a new packet while thinking!
{Wed 20:14:22 Step:1663} Server_Comm.py: The agent lost 1 packet! Is syncmode enabled?
{Wed 20:14:22 Step:1665} Server_Comm.py: Received a new packet while thinking!
{Wed 20:14:22 Step:1669} Server_Comm.py: The agent lost 1 packet! Is syncmode enabled?
{Wed 20:14:22 Step:1671} Server_Comm.py: Received a new packet while thinking!
{Wed 20:14:22 Step:1673} Server_Comm.py: Received a new packet while thinking!
{Wed 20:14:22 Step:1675} Server_Comm.py: The agent lost 1 packet! Is syncmode enabled?
{Wed 20:14:22 Step:1677} Server_Comm.py: Received a new packet while thinking!
{Wed 20:14:22 Step:1680} Server_Comm.py: Received a new packet while thinking!
{Wed 20:14:22 Step:1686} Server_Comm.py: Received a new packet while thinking!
{Wed 20:14:22 Step:1689} Server_Comm.py: Received a new packet while thinking!
{Wed 20:14:22 Step:1692} Server_Comm.py: Received a new packet while thinking!
{Wed 20:14:22 Step:1695} Server_Comm.py: Received a new packet while thinking!
{Wed 20:14:22 Step:1698} Server_Comm.py: Received a new packet while thinking!
{Wed 20:14:22 Step:1701} Server_Comm.py: Received a new packet while thinking!
{Wed 20:14:23 Step:1705} Server_Comm.py: The agent lost 1 packet! Is syncmode enabled?
{Wed 20:14:23 Step:1707} Server_Comm.py: Received a new packet while thinking!
{Wed 20:14:23 Step:1710} Server_Comm.py: Received a new packet while thinking!
{Wed 20:14:23 Step:1713} Server_Comm.py: Received a new packet while thinking!
{Wed 20:14:23 Step:1716} Server_Comm.py: Received a new packet while thinking!
{Wed 20:14:23 Step:1719} Server_Comm.py: Received a new packet while thinking!
{Wed 20:14:23 Step:1722} Server_Comm.py: Received a new packet while thinking!
{Wed 20:14:23 Step:1726} Server_Comm.py: The agent lost 1 packet! Is syncmode enabled?
{Wed 20:14:23 Step:1729} Server_Comm.py: Received a new packet while thinking!
{Wed 20:14:23 Step:1731} Server_Comm.py: Received a new packet while thinking!
{Wed 20:14:23 Step:1734} Server_Comm.py: Received a new packet while thinking!
{Wed 20:14:23 Step:1737} Server_Comm.py: Received a new packet while thinking!
{Wed 20:14:24 Step:1741} Server_Comm.py: The agent lost 1 packet! Is syncmode enabled?
{Wed 20:14:24 Step:1743} Server_Comm.py: Received a new packet while thinking!
{Wed 20:14:25 Step:1746} Server_Comm.py: Received a new packet while thinking!
{Wed 20:14:25 Step:1749} Server_Comm.py: Received a new packet while thinking!
{Wed 20:14:25 Step:1752} Server_Comm.py: Received a new packet while thinking!
{Wed 20:14:25 Step:1756} Server_Comm.py: The agent lost 1 packet! Is syncmode enabled?
{Wed 20:14:25 Step:1758} Server_Comm.py: Received a new packet while thinking!
{Wed 20:14:25 Step:1761} Server_Comm.py: Received a new packet while thinking!
{Wed 20:14:25 Step:1765} Server_Comm.py: The agent lost 1 packet! Is syncmode enabled?
{Wed 20:14:25 Step:1767} Server_Comm.py: Received a new packet while thinking!
{Wed 20:14:25 Step:1770} Server_Comm.py: Received a new packet while thinking!
{Wed 20:14:25 Step:1774} Server_Comm.py: The agent lost 1 packet! Is syncmode enabled?
{Wed 20:14:25 Step:1777} Server_Comm.py: The agent lost 1 packet! Is syncmode enabled?
{Wed 20:14:25 Step:1779} Server_Comm.py: Received a new packet while thinking!
{Wed 20:14:25 Step:1782} Server_Comm.py: Received a new packet while thinking!
{Wed 20:14:25 Step:1786} Server_Comm.py: The agent lost 1 packet! Is syncmode enabled?
{Wed 20:14:25 Step:1789} Server_Comm.py: Received a new packet while thinking!
{Wed 20:14:25 Step:1791} Server_Comm.py: Received a new packet while thinking!
{Wed 20:14:25 Step:1794} Server_Comm.py: Received a new packet while thinking!
{Wed 20:14:26 Step:1798} Server_Comm.py: The agent lost 1 packet! Is syncmode enabled?
{Wed 20:14:26 Step:1809} Server_Comm.py: Received a new packet while thinking!
{Wed 20:14:26 Step:1812} Server_Comm.py: Received a new packet while thinking!
{Wed 20:14:26 Step:1816} Server_Comm.py: The agent lost 1 packet! Is syncmode enabled?
{Wed 20:14:26 Step:1824} Server_Comm.py: Received a new packet while thinking!
{Wed 20:14:26 Step:1828} Server_Comm.py: The agent lost 1 packet! Is syncmode enabled?
{Wed 20:14:26 Step:1831} Server_Comm.py: Received a new packet while thinking!
{Wed 20:14:26 Step:1833} Server_Comm.py: Received a new packet while thinking!
{Wed 20:14:26 Step:1840} Server_Comm.py: The agent lost 1 packet! Is syncmode enabled?
{Wed 20:14:26 Step:1842} Server_Comm.py: Received a new packet while thinking!
{Wed 20:14:27 Step:1845} Server_Comm.py: Received a new packet while thinking!
{Wed 20:14:27 Step:1848} Server_Comm.py: Received a new packet while thinking!
{Wed 20:14:27 Step:1852} Server_Comm.py: Received a new packet while thinking!
{Wed 20:14:27 Step:1855} Server_Comm.py: Received a new packet while thinking!
{Wed 20:14:27 Step:1864} Server_Comm.py: Received a new packet while thinking!
{Wed 20:14:27 Step:1867} Server_Comm.py: Received a new packet while thinking!
{Wed 20:14:27 Step:1870} Server_Comm.py: Received a new packet while thinking!
{Wed 20:14:27 Step:1872} Server_Comm.py: Received a new packet while thinking!
{Wed 20:14:27 Step:1875} Server_Comm.py: Received a new packet while thinking!
{Wed 20:14:27 Step:1879} Server_Comm.py: The agent lost 1 packet! Is syncmode enabled?
{Wed 20:14:27 Step:1881} Server_Comm.py: Received a new packet while thinking!
{Wed 20:14:27 Step:1885} Server_Comm.py: The agent lost 1 packet! Is syncmode enabled?
{Wed 20:14:27 Step:1888} Server_Comm.py: The agent lost 1 packet! Is syncmode enabled?
{Wed 20:14:27 Step:1890} Server_Comm.py: Received a new packet while thinking!
{Wed 20:14:27 Step:1894} Server_Comm.py: The agent lost 1 packet! Is syncmode enabled?
{Wed 20:14:28 Step:1897} Server_Comm.py: Received a new packet while thinking!
{Wed 20:14:28 Step:1899} Server_Comm.py: Received a new packet while thinking!
{Wed 20:14:28 Step:1903} Server_Comm.py: The agent lost 1 packet! Is syncmode enabled?
{Wed 20:14:28 Step:1905} Server_Comm.py: Received a new packet while thinking!
{Wed 20:14:28 Step:1909} Server_Comm.py: The agent lost 1 packet! Is syncmode enabled?
{Wed 20:14:28 Step:1912} Server_Comm.py: The agent lost 1 packet! Is syncmode enabled?
{Wed 20:14:28 Step:1915} Server_Comm.py: The agent lost 1 packet! Is syncmode enabled?
{Wed 20:14:28 Step:1915} Server_Comm.py: Received a new packet while thinking!
{Wed 20:14:28 Step:1918} Server_Comm.py: The agent lost 2 consecutive packets! Is syncmode disabled?
{Wed 20:14:28 Step:1921} Server_Comm.py: The agent lost 1 packet! Is syncmode enabled?
{Wed 20:14:28 Step:1922} Server_Comm.py: Received a new packet while thinking!
{Wed 20:14:28 Step:1924} Server_Comm.py: The agent lost 1 packet! Is syncmode enabled?
{Wed 20:14:28 Step:1924} Server_Comm.py: Received a new packet while thinking!
{Wed 20:14:28 Step:1926} Server_Comm.py: The agent lost 1 packet! Is syncmode enabled?
{Wed 20:14:28 Step:1926} Server_Comm.py: Received a new packet while thinking!
{Wed 20:14:28 Step:1927} Server_Comm.py: Received a new packet while thinking!
{Wed 20:14:28 Step:1930} Server_Comm.py: The agent lost 2 consecutive packets! Is syncmode disabled?
{Wed 20:14:28 Step:1933} Server_Comm.py: The agent lost 1 packet! Is syncmode enabled?
{Wed 20:14:28 Step:1934} Server_Comm.py: Received a new packet while thinking!
{Wed 20:14:28 Step:1936} Server_Comm.py: The agent lost 1 packet! Is syncmode enabled?
{Wed 20:14:28 Step:1936} Server_Comm.py: Received a new packet while thinking!
{Wed 20:14:28 Step:1938} Server_Comm.py: The agent lost 1 packet! Is syncmode enabled?
{Wed 20:14:28 Step:1938} Server_Comm.py: Received a new packet while thinking!
{Wed 20:14:28 Step:1941} Server_Comm.py: The agent lost 2 consecutive packets! Is syncmode disabled?
{Wed 20:14:28 Step:1943} Server_Comm.py: Received a new packet while thinking!
{Wed 20:14:29 Step:1945} Server_Comm.py: The agent lost 1 packet! Is syncmode enabled?
{Wed 20:14:29 Step:1947} Server_Comm.py: Received a new packet while thinking!
{Wed 20:14:29 Step:1949} Server_Comm.py: The agent lost 1 packet! Is syncmode enabled?
{Wed 20:14:29 Step:1954} Server_Comm.py: Received a new packet while thinking!
{Wed 20:14:29 Step:1956} Server_Comm.py: The agent lost 1 packet! Is syncmode enabled?
{Wed 20:14:31 Step:2052} Server_Comm.py: Received a new packet while thinking!
{Wed 20:14:31 Step:2055} Server_Comm.py: Received a new packet while thinking!
{Wed 20:14:31 Step:2058} Server_Comm.py: Received a new packet while thinking!
{Wed 20:14:31 Step:2061} Server_Comm.py: Received a new packet while thinking!
{Wed 20:14:31 Step:2064} Server_Comm.py: Received a new packet while thinking!
{Wed 20:14:33 Step:2176} Server_Comm.py: The agent lost 1 packet! Is syncmode enabled?
{Wed 20:14:33 Step:2176} Server_Comm.py: Received a new packet while thinking!
{Wed 20:14:33 Step:2182} Server_Comm.py: Received a new packet while thinking!
{Wed 20:14:33 Step:2184} Server_Comm.py: The agent lost 1 packet! Is syncmode enabled?
{Wed 20:14:33 Step:2185} Server_Comm.py: Received a new packet while thinking!
{Wed 20:14:33 Step:2187} Server_Comm.py: The agent lost 1 packet! Is syncmode enabled?
{Wed 20:14:33 Step:2188} Server_Comm.py: Received a new packet while thinking!
{Wed 20:14:33 Step:2190} Server_Comm.py: The agent lost 1 packet! Is syncmode enabled?
{Wed 20:14:33 Step:2191} Server_Comm.py: Received a new packet while thinking!
{Wed 20:14:33 Step:2193} Server_Comm.py: The agent lost 1 packet! Is syncmode enabled?
{Wed 20:14:34 Step:2194} Server_Comm.py: Received a new packet while thinking!
{Wed 20:14:34 Step:2196} Server_Comm.py: The agent lost 1 packet! Is syncmode enabled?
{Wed 20:14:34 Step:2197} Server_Comm.py: Received a new packet while thinking!
{Wed 20:14:34 Step:2199} Server_Comm.py: The agent lost 1 packet! Is syncmode enabled?
{Wed 20:14:34 Step:2200} Server_Comm.py: Received a new packet while thinking!
{Wed 20:14:34 Step:2202} Server_Comm.py: The agent lost 1 packet! Is syncmode enabled?
{Wed 20:14:34 Step:2203} Server_Comm.py: Received a new packet while thinking!
{Wed 20:14:34 Step:2205} Server_Comm.py: The agent lost 1 packet! Is syncmode enabled?
{Wed 20:14:34 Step:2205} Server_Comm.py: Received a new packet while thinking!
{Wed 20:14:34 Step:2207} Server_Comm.py: The agent lost 1 packet! Is syncmode enabled?
{Wed 20:14:34 Step:2209} Server_Comm.py: The agent lost 1 packet! Is syncmode enabled?
{Wed 20:14:34 Step:2210} Server_Comm.py: Received a new packet while thinking!
{Wed 20:14:34 Step:2212} Server_Comm.py: The agent lost 1 packet! Is syncmode enabled?
{Wed 20:14:34 Step:2212} Server_Comm.py: Received a new packet while thinking!
{Wed 20:14:34 Step:2214} Server_Comm.py: The agent lost 1 packet! Is syncmode enabled?
{Wed 20:14:34 Step:2214} Server_Comm.py: Received a new packet while thinking!
{Wed 20:14:34 Step:2215} Server_Comm.py: Received a new packet while thinking!
{Wed 20:14:34 Step:2218} Server_Comm.py: The agent lost 2 consecutive packets! Is syncmode disabled?
{Wed 20:14:34 Step:2218} Server_Comm.py: Received a new packet while thinking!
{Wed 20:14:34 Step:2220} Server_Comm.py: The agent lost 1 packet! Is syncmode enabled?
{Wed 20:14:34 Step:2220} Server_Comm.py: Received a new packet while thinking!
{Wed 20:14:34 Step:2222} Server_Comm.py: The agent lost 1 packet! Is syncmode enabled?
{Wed 20:14:34 Step:2222} Server_Comm.py: Received a new packet while thinking!
{Wed 20:14:34 Step:2223} Server_Comm.py: Received a new packet while thinking!
{Wed 20:14:34 Step:2225} Server_Comm.py: The agent lost 1 packet! Is syncmode enabled?
{Wed 20:14:34 Step:2225} Server_Comm.py: Received a new packet while thinking!
{Wed 20:14:34 Step:2227} Server_Comm.py: The agent lost 1 packet! Is syncmode enabled?
{Wed 20:14:34 Step:2227} Server_Comm.py: Received a new packet while thinking!
{Wed 20:14:34 Step:2228} Server_Comm.py: Received a new packet while thinking!
{Wed 20:14:34 Step:2230} Server_Comm.py: The agent lost 1 packet! Is syncmode enabled?
{Wed 20:14:34 Step:2230} Server_Comm.py: Received a new packet while thinking!
{Wed 20:14:34 Step:2232} Server_Comm.py: The agent lost 1 packet! Is syncmode enabled?
{Wed 20:14:34 Step:2232} Server_Comm.py: Received a new packet while thinking!
{Wed 20:14:34 Step:2234} Server_Comm.py: The agent lost 1 packet! Is syncmode enabled?
{Wed 20:14:34 Step:2234} Server_Comm.py: Received a new packet while thinking!
{Wed 20:14:34 Step:2235} Server_Comm.py: Received a new packet while thinking!
{Wed 20:14:34 Step:2237} Server_Comm.py: The agent lost 1 packet! Is syncmode enabled?
{Wed 20:14:34 Step:2237} Server_Comm.py: Received a new packet while thinking!
{Wed 20:14:34 Step:2238} Server_Comm.py: Received a new packet while thinking!
{Wed 20:14:34 Step:2240} Server_Comm.py: The agent lost 1 packet! Is syncmode enabled?
{Wed 20:14:35 Step:2245} Server_Comm.py: The agent lost 1 packet! Is syncmode enabled?
{Wed 20:14:35 Step:2245} Server_Comm.py: Received a new packet while thinking!
{Wed 20:14:35 Step:2248} Server_Comm.py: Received a new packet while thinking!
{Wed 20:14:35 Step:2250} Server_Comm.py: The agent lost 1 packet! Is syncmode enabled?
{Wed 20:14:35 Step:2255} Server_Comm.py: The agent lost 1 packet! Is syncmode enabled?
{Wed 20:14:35 Step:2255} Server_Comm.py: Received a new packet while thinking!
{Wed 20:14:35 Step:2259} Server_Comm.py: Received a new packet while thinking!
{Wed 20:14:35 Step:2261} Server_Comm.py: The agent lost 1 packet! Is syncmode enabled?
{Wed 20:14:35 Step:2266} Server_Comm.py: Received a new packet while thinking!
{Wed 20:14:35 Step:2268} Server_Comm.py: The agent lost 1 packet! Is syncmode enabled?
{Wed 20:14:35 Step:2278} Server_Comm.py: The agent lost 1 packet! Is syncmode enabled?
{Wed 20:14:38 Step:2404} Server_Comm.py: Received a new packet while thinking!
{Wed 20:14:38 Step:2406} Server_Comm.py: Received a new packet while thinking!
{Wed 20:14:38 Step:2409} Server_Comm.py: Received a new packet while thinking!
{Wed 20:14:38 Step:2413} Server_Comm.py: The agent lost 1 packet! Is syncmode enabled?
{Wed 20:14:38 Step:2415} Server_Comm.py: Received a new packet while thinking!
{Wed 20:14:38 Step:2418} Server_Comm.py: Received a new packet while thinking!
{Wed 20:14:38 Step:2421} Server_Comm.py: Received a new packet while thinking!
{Wed 20:14:38 Step:2423} Server_Comm.py: Received a new packet while thinking!
{Wed 20:14:38 Step:2425} Server_Comm.py: The agent lost 1 packet! Is syncmode enabled?
{Wed 20:14:38 Step:2428} Server_Comm.py: The agent lost 1 packet! Is syncmode enabled?
{Wed 20:14:38 Step:2430} Server_Comm.py: Received a new packet while thinking!
{Wed 20:14:38 Step:2432} Server_Comm.py: Received a new packet while thinking!
{Wed 20:14:38 Step:2434} Server_Comm.py: The agent lost 1 packet! Is syncmode enabled?
{Wed 20:14:38 Step:2437} Server_Comm.py: The agent lost 1 packet! Is syncmode enabled?
{Wed 20:14:38 Step:2440} Server_Comm.py: The agent lost 1 packet! Is syncmode enabled?
{Wed 20:14:38 Step:2443} Server_Comm.py: The agent lost 1 packet! Is syncmode enabled?
{Wed 20:14:39 Step:2446} Server_Comm.py: The agent lost 1 packet! Is syncmode enabled?
{Wed 20:14:39 Step:2449} Server_Comm.py: The agent lost 1 packet! Is syncmode enabled?
{Wed 20:14:39 Step:2452} Server_Comm.py: The agent lost 1 packet! Is syncmode enabled?
{Wed 20:14:39 Step:2455} Server_Comm.py: The agent lost 1 packet! Is syncmode enabled?
{Wed 20:14:39 Step:2458} Server_Comm.py: The agent lost 1 packet! Is syncmode enabled?
{Wed 20:14:39 Step:2461} Server_Comm.py: The agent lost 1 packet! Is syncmode enabled?
{Wed 20:14:39 Step:2462} Server_Comm.py: Received a new packet while thinking!
{Wed 20:14:39 Step:2464} Server_Comm.py: The agent lost 1 packet! Is syncmode enabled?
{Wed 20:14:39 Step:2465} Server_Comm.py: Received a new packet while thinking!
{Wed 20:14:39 Step:2467} Server_Comm.py: The agent lost 1 packet! Is syncmode enabled?
{Wed 20:14:39 Step:2470} Server_Comm.py: The agent lost 1 packet! Is syncmode enabled?
{Wed 20:14:39 Step:2473} Server_Comm.py: The agent lost 1 packet! Is syncmode enabled?
{Wed 20:14:39 Step:2475} Server_Comm.py: Received a new packet while thinking!
{Wed 20:14:39 Step:2476} Server_Comm.py: Received a new packet while thinking!
{Wed 20:14:39 Step:2478} Server_Comm.py: The agent lost 1 packet! Is syncmode enabled?
{Wed 20:14:39 Step:2478} Server_Comm.py: Received a new packet while thinking!
{Wed 20:14:39 Step:2482} Server_Comm.py: The agent lost 1 packet! Is syncmode enabled?
{Wed 20:14:39 Step:2485} Server_Comm.py: The agent lost 1 packet! Is syncmode enabled?
{Wed 20:14:39 Step:2487} Server_Comm.py: Received a new packet while thinking!
{Wed 20:14:39 Step:2491} Server_Comm.py: The agent lost 1 packet! Is syncmode enabled?
{Wed 20:14:39 Step:2491} Server_Comm.py: Received a new packet while thinking!
