{Wed 20:13:49 Step:7} Server_Comm.py: Received a new packet while on world.update()!
{Wed 20:13:49 Step:15} Server_Comm.py: Received a new packet while thinking!
{Wed 20:13:49 Step:19} Server_Comm.py: The agent lost 1 packet! Is syncmode enabled?
{Wed 20:13:49 Step:19} Server_Comm.py: Received a new packet while thinking!
{Wed 20:13:49 Step:22} Server_Comm.py: The agent lost 2 consecutive packets! Is syncmode disabled?
{Wed 20:13:49 Step:22} Server_Comm.py: Received a new packet while thinking!
{Wed 20:13:49 Step:25} Server_Comm.py: The agent lost 2 consecutive packets! Is syncmode disabled?
{Wed 20:13:50 Step:26} Server_Comm.py: Received a new packet while thinking!
{Wed 20:13:50 Step:30} Server_Comm.py: The agent lost 3 consecutive packets! Is syncmode disabled?
{Wed 20:13:50 Step:32} Server_Comm.py: The agent lost 1 packet! Is syncmode enabled?
{Wed 20:13:50 Step:34} Server_Comm.py: The agent lost 1 packet! Is syncmode enabled?
{Wed 20:13:50 Step:37} Server_Comm.py: The agent lost 1 packet! Is syncmode enabled?
{Wed 20:13:50 Step:40} Server_Comm.py: The agent lost 2 consecutive packets! Is syncmode disabled?
{Wed 20:13:50 Step:41} Server_Comm.py: Received a new packet while thinking!
{Wed 20:13:51 Step:45} Server_Comm.py: The agent lost 3 consecutive packets! Is syncmode disabled?
{Wed 20:13:51 Step:47} Server_Comm.py: The agent lost 1 packet! Is syncmode enabled?
{Wed 20:13:51 Step:49} Server_Comm.py: The agent lost 1 packet! Is syncmode enabled?
{Wed 20:13:51 Step:49} Server_Comm.py: Received a new packet while thinking!
{Wed 20:13:51 Step:52} Server_Comm.py: The agent lost 2 consecutive packets! Is syncmode disabled?
{Wed 20:13:51 Step:52} Server_Comm.py: Received a new packet while thinking!
{Wed 20:13:51 Step:55} Server_Comm.py: The agent lost 2 consecutive packets! Is syncmode disabled?
{Wed 20:13:51 Step:58} Server_Comm.py: The agent lost 2 consecutive packets! Is syncmode disabled?
{Wed 20:13:51 Step:61} Server_Comm.py: The agent lost 1 packet! Is syncmode enabled?
{Wed 20:13:51 Step:62} Server_Comm.py: Received a new packet while on world.update()!
{Wed 20:13:51 Step:64} Server_Comm.py: The agent lost 1 packet! Is syncmode enabled?
{Wed 20:13:51 Step:67} Server_Comm.py: The agent lost 1 packet! Is syncmode enabled?
{Wed 20:13:52 Step:70} Server_Comm.py: The agent lost 2 consecutive packets! Is syncmode disabled?
{Wed 20:13:52 Step:73} Server_Comm.py: The agent lost 1 packet! Is syncmode enabled?
{Wed 20:13:52 Step:74} Server_Comm.py: Received a new packet while thinking!
{Wed 20:13:52 Step:76} Server_Comm.py: The agent lost 1 packet! Is syncmode enabled?
{Wed 20:13:52 Step:76} Server_Comm.py: Received a new packet while thinking!
{Wed 20:13:52 Step:79} Server_Comm.py: The agent lost 2 consecutive packets! Is syncmode disabled?
{Wed 20:13:52 Step:82} Server_Comm.py: The agent lost 1 packet! Is syncmode enabled?
{Wed 20:13:52 Step:85} Server_Comm.py: The agent lost 1 packet! Is syncmode enabled?
{Wed 20:13:52 Step:88} Server_Comm.py: The agent lost 1 packet! Is syncmode enabled?
{Wed 20:13:52 Step:91} Server_Comm.py: The agent lost 1 packet! Is syncmode enabled?
{Wed 20:13:52 Step:93} Server_Comm.py: Received a new packet while thinking!
{Wed 20:13:52 Step:95} Server_Comm.py: Received a new packet while thinking!
{Wed 20:13:52 Step:97} Server_Comm.py: The agent lost 1 packet! Is syncmode enabled?
{Wed 20:13:52 Step:98} Server_Comm.py: Received a new packet while thinking!
{Wed 20:13:52 Step:100} Server_Comm.py: The agent lost 1 packet! Is syncmode enabled?
{Wed 20:13:52 Step:100} Server_Comm.py: Received a new packet while thinking!
{Wed 20:13:52 Step:103} Server_Comm.py: The agent lost 2 consecutive packets! Is syncmode disabled?
{Wed 20:13:52 Step:106} Server_Comm.py: The agent lost 1 packet! Is syncmode enabled?
{Wed 20:13:52 Step:107} Server_Comm.py: Received a new packet while thinking!
{Wed 20:13:52 Step:109} Server_Comm.py: The agent lost 1 packet! Is syncmode enabled?
{Wed 20:13:52 Step:109} Server_Comm.py: Received a new packet while thinking!
{Wed 20:13:52 Step:112} Server_Comm.py: The agent lost 2 consecutive packets! Is syncmode disabled?
{Wed 20:13:52 Step:113} Server_Comm.py: Received a new packet while thinking!
{Wed 20:13:52 Step:115} Server_Comm.py: The agent lost 1 packet! Is syncmode enabled?
{Wed 20:13:52 Step:115} Server_Comm.py: Received a new packet while thinking!
{Wed 20:13:52 Step:118} Server_Comm.py: The agent lost 2 consecutive packets! Is syncmode disabled?
{Wed 20:13:53 Step:119} Server_Comm.py: Received a new packet while thinking!
{Wed 20:13:53 Step:121} Server_Comm.py: The agent lost 1 packet! Is syncmode enabled?
{Wed 20:13:53 Step:124} Server_Comm.py: The agent lost 2 consecutive packets! Is syncmode disabled?
{Wed 20:13:53 Step:127} Server_Comm.py: The agent lost 1 packet! Is syncmode enabled?
{Wed 20:13:53 Step:128} Server_Comm.py: Received a new packet while thinking!
{Wed 20:13:53 Step:130} Server_Comm.py: The agent lost 1 packet! Is syncmode enabled?
{Wed 20:13:53 Step:133} Server_Comm.py: The agent lost 2 consecutive packets! Is syncmode disabled?
{Wed 20:13:53 Step:136} Server_Comm.py: The agent lost 1 packet! Is syncmode enabled?
{Wed 20:13:53 Step:139} Server_Comm.py: The agent lost 2 consecutive packets! Is syncmode disabled?
{Wed 20:13:53 Step:140} Server_Comm.py: Received a new packet while thinking!
{Wed 20:13:53 Step:142} Server_Comm.py: The agent lost 1 packet! Is syncmode enabled?
{Wed 20:13:53 Step:143} Server_Comm.py: Received a new packet while thinking!
{Wed 20:13:53 Step:145} Server_Comm.py: The agent lost 1 packet! Is syncmode enabled?
{Wed 20:13:53 Step:145} Server_Comm.py: Received a new packet while thinking!
{Wed 20:13:53 Step:148} Server_Comm.py: The agent lost 2 consecutive packets! Is syncmode disabled?
{Wed 20:13:53 Step:152} Server_Comm.py: The agent lost 2 consecutive packets! Is syncmode disabled?
{Wed 20:13:53 Step:154} Server_Comm.py: The agent lost 1 packet! Is syncmode enabled?
{Wed 20:13:53 Step:157} Server_Comm.py: The agent lost 1 packet! Is syncmode enabled?
{Wed 20:13:53 Step:158} Server_Comm.py: Received a new packet while thinking!
{Wed 20:13:53 Step:160} Server_Comm.py: The agent lost 1 packet! Is syncmode enabled?
{Wed 20:13:53 Step:160} Server_Comm.py: Received a new packet while thinking!
{Wed 20:13:53 Step:163} Server_Comm.py: The agent lost 2 consecutive packets! Is syncmode disabled?
{Wed 20:13:53 Step:166} Server_Comm.py: The agent lost 1 packet! Is syncmode enabled?
{Wed 20:13:53 Step:167} Server_Comm.py: Received a new packet while thinking!
{Wed 20:13:54 Step:169} Server_Comm.py: The agent lost 1 packet! Is syncmode enabled?
{Wed 20:13:54 Step:170} Server_Comm.py: Received a new packet while thinking!
{Wed 20:13:54 Step:172} Server_Comm.py: The agent lost 1 packet! Is syncmode enabled?
{Wed 20:13:54 Step:175} Server_Comm.py: The agent lost 2 consecutive packets! Is syncmode disabled?
{Wed 20:13:54 Step:178} Server_Comm.py: The agent lost 1 packet! Is syncmode enabled?
{Wed 20:13:54 Step:181} Server_Comm.py: The agent lost 1 packet! Is syncmode enabled?
{Wed 20:13:54 Step:184} Server_Comm.py: The agent lost 1 packet! Is syncmode enabled?
{Wed 20:13:54 Step:187} Server_Comm.py: The agent lost 1 packet! Is syncmode enabled?
{Wed 20:13:54 Step:188} Server_Comm.py: Received a new packet while thinking!
{Wed 20:13:54 Step:190} Server_Comm.py: The agent lost 1 packet! Is syncmode enabled?
{Wed 20:13:54 Step:190} Server_Comm.py: Received a new packet while thinking!
{Wed 20:13:54 Step:193} Server_Comm.py: The agent lost 2 consecutive packets! Is syncmode disabled?
{Wed 20:13:54 Step:196} Server_Comm.py: The agent lost 2 consecutive packets! Is syncmode disabled?
{Wed 20:13:54 Step:197} Server_Comm.py: Received a new packet while thinking!
{Wed 20:13:54 Step:201} Server_Comm.py: The agent lost 3 consecutive packets! Is syncmode disabled?
{Wed 20:13:54 Step:202} Server_Comm.py: Received a new packet while on world.update()!
{Wed 20:13:54 Step:205} Server_Comm.py: The agent lost 1 packet! Is syncmode enabled?
{Wed 20:13:54 Step:206} Server_Comm.py: Received a new packet while thinking!
{Wed 20:13:54 Step:208} Server_Comm.py: The agent lost 1 packet! Is syncmode enabled?
{Wed 20:13:54 Step:211} Server_Comm.py: The agent lost 2 consecutive packets! Is syncmode disabled?
{Wed 20:13:54 Step:214} Server_Comm.py: The agent lost 1 packet! Is syncmode enabled?
{Wed 20:13:54 Step:217} Server_Comm.py: The agent lost 2 consecutive packets! Is syncmode disabled?
{Wed 20:13:55 Step:220} Server_Comm.py: The agent lost 1 packet! Is syncmode enabled?
{Wed 20:13:55 Step:221} Server_Comm.py: Received a new packet while thinking!
{Wed 20:13:55 Step:223} Server_Comm.py: The agent lost 1 packet! Is syncmode enabled?
{Wed 20:13:55 Step:223} Server_Comm.py: Received a new packet while thinking!
{Wed 20:13:55 Step:226} Server_Comm.py: The agent lost 2 consecutive packets! Is syncmode disabled?
{Wed 20:13:55 Step:226} Server_Comm.py: Received a new packet while thinking!
{Wed 20:13:55 Step:228} Server_Comm.py: The agent lost 1 packet! Is syncmode enabled?
{Wed 20:13:55 Step:228} Server_Comm.py: Received a new packet while thinking!
{Wed 20:13:55 Step:230} Server_Comm.py: The agent lost 1 packet! Is syncmode enabled?
{Wed 20:13:55 Step:235} Server_Comm.py: The agent lost 1 packet! Is syncmode enabled?
{Wed 20:13:55 Step:238} Server_Comm.py: The agent lost 1 packet! Is syncmode enabled?
{Wed 20:13:55 Step:241} Server_Comm.py: The agent lost 1 packet! Is syncmode enabled?
{Wed 20:13:55 Step:244} Server_Comm.py: The agent lost 1 packet! Is syncmode enabled?
{Wed 20:13:55 Step:247} Server_Comm.py: The agent lost 1 packet! Is syncmode enabled?
{Wed 20:13:55 Step:252} Server_Comm.py: Received a new packet while thinking!
{Wed 20:13:55 Step:254} Server_Comm.py: The agent lost 1 packet! Is syncmode enabled?
{Wed 20:13:55 Step:264} Server_Comm.py: Received a new packet while thinking!
{Wed 20:13:55 Step:266} Server_Comm.py: The agent lost 1 packet! Is syncmode enabled?
{Wed 20:13:56 Step:278} Server_Comm.py: Received a new packet while thinking!
{Wed 20:13:56 Step:280} Server_Comm.py: The agent lost 1 packet! Is syncmode enabled?
{Wed 20:14:00 Step:468} Server_Comm.py: Received a new packet while thinking!
{Wed 20:14:00 Step:470} Server_Comm.py: The agent lost 1 packet! Is syncmode enabled?
{Wed 20:14:00 Step:480} Server_Comm.py: Received a new packet while thinking!
{Wed 20:14:00 Step:482} Server_Comm.py: The agent lost 1 packet! Is syncmode enabled?
{Wed 20:14:00 Step:483} Server_Comm.py: Received a new packet while thinking!
{Wed 20:14:00 Step:485} Server_Comm.py: The agent lost 1 packet! Is syncmode enabled?
{Wed 20:14:00 Step:485} Server_Comm.py: Received a new packet while thinking!
{Wed 20:14:00 Step:487} Server_Comm.py: The agent lost 1 packet! Is syncmode enabled?
{Wed 20:14:00 Step:489} Server_Comm.py: Received a new packet while thinking!
{Wed 20:14:00 Step:491} Server_Comm.py: The agent lost 1 packet! Is syncmode enabled?
{Wed 20:14:00 Step:493} Server_Comm.py: Received a new packet while thinking!
{Wed 20:14:00 Step:495} Server_Comm.py: The agent lost 1 packet! Is syncmode enabled?
{Wed 20:14:00 Step:496} Server_Comm.py: Received a new packet while thinking!
{Wed 20:14:00 Step:498} Server_Comm.py: The agent lost 1 packet! Is syncmode enabled?
{Wed 20:14:00 Step:501} Server_Comm.py: The agent lost 2 consecutive packets! Is syncmode disabled?
{Wed 20:14:00 Step:505} Server_Comm.py: The agent lost 2 consecutive packets! Is syncmode disabled?
{Wed 20:14:00 Step:507} Server_Comm.py: Received a new packet while thinking!
{Wed 20:14:00 Step:509} Server_Comm.py: The agent lost 1 packet! Is syncmode enabled?
{Wed 20:14:00 Step:509} Server_Comm.py: Received a new packet while thinking!
{Wed 20:14:00 Step:511} Server_Comm.py: The agent lost 1 packet! Is syncmode enabled?
{Wed 20:14:00 Step:512} Server_Comm.py: Received a new packet while thinking!
{Wed 20:14:00 Step:514} Server_Comm.py: The agent lost 1 packet! Is syncmode enabled?
{Wed 20:14:00 Step:515} Server_Comm.py: Received a new packet while thinking!
{Wed 20:14:01 Step:517} Server_Comm.py: The agent lost 1 packet! Is syncmode enabled?
{Wed 20:14:01 Step:517} Server_Comm.py: Received a new packet while thinking!
{Wed 20:14:01 Step:519} Server_Comm.py: The agent lost 1 packet! Is syncmode enabled?
{Wed 20:14:01 Step:519} Server_Comm.py: Received a new packet while thinking!
{Wed 20:14:01 Step:521} Server_Comm.py: The agent lost 1 packet! Is syncmode enabled?
{Wed 20:14:01 Step:522} Server_Comm.py: Received a new packet while thinking!
{Wed 20:14:01 Step:524} Server_Comm.py: The agent lost 1 packet! Is syncmode enabled?
{Wed 20:14:01 Step:524} Server_Comm.py: Received a new packet while thinking!
{Wed 20:14:01 Step:526} Server_Comm.py: The agent lost 1 packet! Is syncmode enabled?
{Wed 20:14:01 Step:528} Server_Comm.py: Received a new packet while thinking!
{Wed 20:14:01 Step:530} Server_Comm.py: The agent lost 1 packet! Is syncmode enabled?
{Wed 20:14:01 Step:531} Server_Comm.py: Received a new packet while thinking!
{Wed 20:14:01 Step:533} Server_Comm.py: The agent lost 1 packet! Is syncmode enabled?
{Wed 20:14:01 Step:534} Server_Comm.py: Received a new packet while thinking!
{Wed 20:14:01 Step:536} Server_Comm.py: The agent lost 1 packet! Is syncmode enabled?
{Wed 20:14:01 Step:542} Server_Comm.py: Received a new packet while thinking!
{Wed 20:14:01 Step:544} Server_Comm.py: The agent lost 1 packet! Is syncmode enabled?
{Wed 20:14:06 Step:803} Server_Comm.py: Received a new packet while thinking!
{Wed 20:14:06 Step:805} Server_Comm.py: The agent lost 1 packet! Is syncmode enabled?
{Wed 20:14:06 Step:808} Server_Comm.py: The agent lost 1 packet! Is syncmode enabled?
{Wed 20:14:06 Step:811} Server_Comm.py: The agent lost 1 packet! Is syncmode enabled?
{Wed 20:14:06 Step:813} Server_Comm.py: Received a new packet while thinking!
{Wed 20:14:07 Step:817} Server_Comm.py: The agent lost 1 packet! Is syncmode enabled?
{Wed 20:14:07 Step:820} Server_Comm.py: Received a new packet while thinking!
{Wed 20:14:07 Step:822} Server_Comm.py: The agent lost 1 packet! Is syncmode enabled?
{Wed 20:14:07 Step:822} Server_Comm.py: Received a new packet while thinking!
{Wed 20:14:07 Step:824} Server_Comm.py: The agent lost 1 packet! Is syncmode enabled?
{Wed 20:14:07 Step:826} Server_Comm.py: Received a new packet while thinking!
{Wed 20:14:07 Step:828} Server_Comm.py: The agent lost 1 packet! Is syncmode enabled?
{Wed 20:14:07 Step:829} Server_Comm.py: Received a new packet while thinking!
{Wed 20:14:07 Step:832} Server_Comm.py: The agent lost 2 consecutive packets! Is syncmode disabled?
{Wed 20:14:07 Step:834} Server_Comm.py: Received a new packet while on world.update()!
{Wed 20:14:07 Step:837} Server_Comm.py: Received a new packet while thinking!
{Wed 20:14:07 Step:841} Server_Comm.py: The agent lost 1 packet! Is syncmode enabled?
{Wed 20:14:07 Step:847} Server_Comm.py: The agent lost 1 packet! Is syncmode enabled?
{Wed 20:14:07 Step:849} Server_Comm.py: Received a new packet while on world.update()!
{Wed 20:14:09 Step:948} Server_Comm.py: The agent lost 1 packet! Is syncmode enabled?
{Wed 20:14:11 Step:1026} Server_Comm.py: The agent lost 1 packet! Is syncmode enabled?
{Wed 20:14:11 Step:1035} Server_Comm.py: Received a new packet while thinking!
{Wed 20:14:11 Step:1037} Server_Comm.py: The agent lost 1 packet! Is syncmode enabled?
{Wed 20:14:11 Step:1044} Server_Comm.py: Received a new packet while thinking!
{Wed 20:14:11 Step:1046} Server_Comm.py: The agent lost 1 packet! Is syncmode enabled?
{Wed 20:14:11 Step:1051} Server_Comm.py: The agent lost 1 packet! Is syncmode enabled?
{Wed 20:14:11 Step:1054} Server_Comm.py: The agent lost 1 packet! Is syncmode enabled?
{Wed 20:14:11 Step:1056} Server_Comm.py: Received a new packet while thinking!
{Wed 20:14:11 Step:1060} Server_Comm.py: The agent lost 1 packet! Is syncmode enabled?
{Wed 20:14:11 Step:1062} Server_Comm.py: Received a new packet while thinking!
{Wed 20:14:12 Step:1066} Server_Comm.py: The agent lost 1 packet! Is syncmode enabled?
{Wed 20:14:12 Step:1069} Server_Comm.py: The agent lost 1 packet! Is syncmode enabled?
{Wed 20:14:12 Step:1071} Server_Comm.py: Received a new packet while thinking!
{Wed 20:14:12 Step:1073} Server_Comm.py: Received a new packet while thinking!
{Wed 20:14:12 Step:1075} Server_Comm.py: The agent lost 1 packet! Is syncmode enabled?
{Wed 20:14:12 Step:1078} Server_Comm.py: The agent lost 1 packet! Is syncmode enabled?
{Wed 20:14:12 Step:1080} Server_Comm.py: Received a new packet while on world.update()!
{Wed 20:14:12 Step:1083} Server_Comm.py: Received a new packet while thinking!
{Wed 20:14:12 Step:1085} Server_Comm.py: Received a new packet while thinking!
{Wed 20:14:12 Step:1087} Server_Comm.py: The agent lost 1 packet! Is syncmode enabled?
{Wed 20:14:12 Step:1088} Server_Comm.py: Received a new packet while thinking!
{Wed 20:14:12 Step:1090} Server_Comm.py: The agent lost 1 packet! Is syncmode enabled?
{Wed 20:14:12 Step:1091} Server_Comm.py: Received a new packet while thinking!
{Wed 20:14:12 Step:1093} Server_Comm.py: The agent lost 1 packet! Is syncmode enabled?
{Wed 20:14:12 Step:1094} Server_Comm.py: Received a new packet while thinking!
{Wed 20:14:12 Step:1096} Server_Comm.py: The agent lost 1 packet! Is syncmode enabled?
{Wed 20:14:12 Step:1099} Server_Comm.py: The agent lost 1 packet! Is syncmode enabled?
{Wed 20:14:12 Step:1100} Server_Comm.py: Received a new packet while thinking!
{Wed 20:14:12 Step:1102} Server_Comm.py: The agent lost 1 packet! Is syncmode enabled?
{Wed 20:14:12 Step:1103} Server_Comm.py: Received a new packet while thinking!
{Wed 20:14:12 Step:1105} Server_Comm.py: The agent lost 1 packet! Is syncmode enabled?
{Wed 20:14:12 Step:1108} Server_Comm.py: The agent lost 2 consecutive packets! Is syncmode disabled?
{Wed 20:14:12 Step:1111} Server_Comm.py: The agent lost 1 packet! Is syncmode enabled?
{Wed 20:14:12 Step:1112} Server_Comm.py: Received a new packet while thinking!
{Wed 20:14:13 Step:1114} Server_Comm.py: The agent lost 1 packet! Is syncmode enabled?
{Wed 20:14:13 Step:1117} Server_Comm.py: The agent lost 2 consecutive packets! Is syncmode disabled?
{Wed 20:14:13 Step:1120} Server_Comm.py: The agent lost 1 packet! Is syncmode enabled?
{Wed 20:14:13 Step:1123} Server_Comm.py: The agent lost 1 packet! Is syncmode enabled?
{Wed 20:14:13 Step:1126} Server_Comm.py: The agent lost 1 packet! Is syncmode enabled?
{Wed 20:14:13 Step:1129} Server_Comm.py: The agent lost 1 packet! Is syncmode enabled?
{Wed 20:14:13 Step:1131} Server_Comm.py: Received a new packet while thinking!
{Wed 20:14:13 Step:1135} Server_Comm.py: The agent lost 1 packet! Is syncmode enabled?
{Wed 20:14:13 Step:1138} Server_Comm.py: Received a new packet while thinking!
{Wed 20:14:13 Step:1140} Server_Comm.py: Received a new packet while thinking!
{Wed 20:14:13 Step:1143} Server_Comm.py: Received a new packet while thinking!
{Wed 20:14:13 Step:1147} Server_Comm.py: Received a new packet while thinking!
{Wed 20:14:13 Step:1153} Server_Comm.py: Received a new packet while thinking!
{Wed 20:14:14 Step:1168} Server_Comm.py: Received a new packet while thinking!
{Wed 20:14:14 Step:1171} Server_Comm.py: Received a new packet while thinking!
{Wed 20:14:14 Step:1177} Server_Comm.py: Received a new packet while thinking!
{Wed 20:14:14 Step:1180} Server_Comm.py: The agent lost 1 packet! Is syncmode enabled?
{Wed 20:14:14 Step:1186} Server_Comm.py: Received a new packet while thinking!
{Wed 20:14:14 Step:1189} Server_Comm.py: The agent lost 1 packet! Is syncmode enabled?
{Wed 20:14:14 Step:1194} Server_Comm.py: Received a new packet while thinking!
{Wed 20:14:14 Step:1198} Server_Comm.py: Received a new packet while thinking!
{Wed 20:14:14 Step:1200} Server_Comm.py: The agent lost 1 packet! Is syncmode enabled?
{Wed 20:14:14 Step:1201} Server_Comm.py: Received a new packet while thinking!
{Wed 20:14:14 Step:1203} Server_Comm.py: The agent lost 1 packet! Is syncmode enabled?
{Wed 20:14:14 Step:1204} Server_Comm.py: Received a new packet while thinking!
{Wed 20:14:14 Step:1206} Server_Comm.py: The agent lost 1 packet! Is syncmode enabled?
{Wed 20:14:14 Step:1209} Server_Comm.py: The agent lost 2 consecutive packets! Is syncmode disabled?
{Wed 20:14:14 Step:1211} Server_Comm.py: Received a new packet while on world.update()!
{Wed 20:14:14 Step:1213} Server_Comm.py: The agent lost 1 packet! Is syncmode enabled?
{Wed 20:14:15 Step:1215} Server_Comm.py: Received a new packet while thinking!
{Wed 20:14:15 Step:1217} Server_Comm.py: The agent lost 1 packet! Is syncmode enabled?
{Wed 20:14:15 Step:1217} Server_Comm.py: Received a new packet while thinking!
{Wed 20:14:15 Step:1219} Server_Comm.py: The agent lost 1 packet! Is syncmode enabled?
{Wed 20:14:15 Step:1219} Server_Comm.py: Received a new packet while thinking!
{Wed 20:14:15 Step:1221} Server_Comm.py: The agent lost 1 packet! Is syncmode enabled?
{Wed 20:14:15 Step:1221} Server_Comm.py: Received a new packet while thinking!
{Wed 20:14:15 Step:1225} Server_Comm.py: The agent lost 3 consecutive packets! Is syncmode disabled?
{Wed 20:14:15 Step:1227} Server_Comm.py: Received a new packet while thinking!
{Wed 20:14:15 Step:1229} Server_Comm.py: The agent lost 1 packet! Is syncmode enabled?
{Wed 20:14:15 Step:1229} Server_Comm.py: Received a new packet while thinking!
{Wed 20:14:15 Step:1231} Server_Comm.py: The agent lost 1 packet! Is syncmode enabled?
{Wed 20:14:15 Step:1231} Server_Comm.py: Received a new packet while thinking!
{Wed 20:14:15 Step:1234} Server_Comm.py: The agent lost 2 consecutive packets! Is syncmode disabled?
{Wed 20:14:15 Step:1234} Server_Comm.py: Received a new packet while thinking!
{Wed 20:14:15 Step:1236} Server_Comm.py: The agent lost 1 packet! Is syncmode enabled?
{Wed 20:14:15 Step:1236} Server_Comm.py: Received a new packet while thinking!
{Wed 20:14:15 Step:1238} Server_Comm.py: The agent lost 1 packet! Is syncmode enabled?
{Wed 20:14:15 Step:1242} Server_Comm.py: The agent lost 2 consecutive packets! Is syncmode disabled?
{Wed 20:14:15 Step:1244} Server_Comm.py: Received a new packet while thinking!
{Wed 20:14:15 Step:1246} Server_Comm.py: The agent lost 1 packet! Is syncmode enabled?
{Wed 20:14:15 Step:1246} Server_Comm.py: Received a new packet while thinking!
{Wed 20:14:15 Step:1248} Server_Comm.py: The agent lost 1 packet! Is syncmode enabled?
{Wed 20:14:15 Step:1251} Server_Comm.py: The agent lost 2 consecutive packets! Is syncmode disabled?
{Wed 20:14:15 Step:1254} Server_Comm.py: Received a new packet while thinking!
{Wed 20:14:15 Step:1256} Server_Comm.py: The agent lost 1 packet! Is syncmode enabled?
{Wed 20:14:15 Step:1258} Server_Comm.py: Received a new packet while thinking!
{Wed 20:14:15 Step:1260} Server_Comm.py: The agent lost 1 packet! Is syncmode enabled?
{Wed 20:14:16 Step:1270} Server_Comm.py: Received a new packet while thinking!
{Wed 20:14:16 Step:1272} Server_Comm.py: The agent lost 1 packet! Is syncmode enabled?
{Wed 20:14:16 Step:1299} Server_Comm.py: Received a new packet while thinking!
{Wed 20:14:16 Step:1306} Server_Comm.py: Received a new packet while thinking!
{Wed 20:14:16 Step:1309} Server_Comm.py: Received a new packet while thinking!
{Wed 20:14:16 Step:1312} Server_Comm.py: Received a new packet while thinking!
{Wed 20:14:17 Step:1315} Server_Comm.py: Received a new packet while thinking!
{Wed 20:14:17 Step:1321} Server_Comm.py: Received a new packet while thinking!
{Wed 20:14:17 Step:1324} Server_Comm.py: Received a new packet while thinking!
{Wed 20:14:17 Step:1326} Server_Comm.py: Received a new packet while thinking!
{Wed 20:14:17 Step:1329} Server_Comm.py: Received a new packet while thinking!
{Wed 20:14:17 Step:1332} Server_Comm.py: Received a new packet while thinking!
{Wed 20:14:17 Step:1336} Server_Comm.py: The agent lost 1 packet! Is syncmode enabled?
{Wed 20:14:17 Step:1339} Server_Comm.py: Received a new packet while thinking!
{Wed 20:14:17 Step:1342} Server_Comm.py: The agent lost 1 packet! Is syncmode enabled?
{Wed 20:14:17 Step:1344} Server_Comm.py: Received a new packet while thinking!
{Wed 20:14:17 Step:1348} Server_Comm.py: The agent lost 1 packet! Is syncmode enabled?
{Wed 20:14:17 Step:1350} Server_Comm.py: Received a new packet while thinking!
{Wed 20:14:17 Step:1354} Server_Comm.py: The agent lost 1 packet! Is syncmode enabled?
{Wed 20:14:17 Step:1356} Server_Comm.py: Received a new packet while thinking!
{Wed 20:14:17 Step:1358} Server_Comm.py: Received a new packet while thinking!
{Wed 20:14:17 Step:1360} Server_Comm.py: The agent lost 1 packet! Is syncmode enabled?
{Wed 20:14:17 Step:1363} Server_Comm.py: The agent lost 1 packet! Is syncmode enabled?
{Wed 20:14:18 Step:1366} Server_Comm.py: The agent lost 1 packet! Is syncmode enabled?
{Wed 20:14:18 Step:1368} Server_Comm.py: Received a new packet while thinking!
{Wed 20:14:18 Step:1372} Server_Comm.py: The agent lost 1 packet! Is syncmode enabled?
{Wed 20:14:18 Step:1375} Server_Comm.py: The agent lost 1 packet! Is syncmode enabled?
{Wed 20:14:18 Step:1377} Server_Comm.py: Received a new packet while thinking!
{Wed 20:14:18 Step:1381} Server_Comm.py: The agent lost 1 packet! Is syncmode enabled?
{Wed 20:14:18 Step:1383} Server_Comm.py: Received a new packet while thinking!
{Wed 20:14:18 Step:1387} Server_Comm.py: The agent lost 1 packet! Is syncmode enabled?
{Wed 20:14:18 Step:1390} Server_Comm.py: The agent lost 1 packet! Is syncmode enabled?
{Wed 20:14:18 Step:1393} Server_Comm.py: Received a new packet while thinking!
{Wed 20:14:18 Step:1396} Server_Comm.py: The agent lost 1 packet! Is syncmode enabled?
{Wed 20:14:18 Step:1398} Server_Comm.py: Received a new packet while thinking!
{Wed 20:14:18 Step:1402} Server_Comm.py: The agent lost 1 packet! Is syncmode enabled?
{Wed 20:14:18 Step:1404} Server_Comm.py: Received a new packet while thinking!
{Wed 20:14:18 Step:1408} Server_Comm.py: The agent lost 1 packet! Is syncmode enabled?
{Wed 20:14:18 Step:1411} Server_Comm.py: Received a new packet while thinking!
{Wed 20:14:19 Step:1414} Server_Comm.py: The agent lost 1 packet! Is syncmode enabled?
{Wed 20:14:19 Step:1419} Server_Comm.py: Received a new packet while thinking!
{Wed 20:14:19 Step:1423} Server_Comm.py: The agent lost 1 packet! Is syncmode enabled?
{Wed 20:14:19 Step:1429} Server_Comm.py: Received a new packet while thinking!
{Wed 20:14:19 Step:1431} Server_Comm.py: Received a new packet while thinking!
{Wed 20:14:19 Step:1434} Server_Comm.py: Received a new packet while thinking!
{Wed 20:14:19 Step:1438} Server_Comm.py: The agent lost 1 packet! Is syncmode enabled?
{Wed 20:14:20 Step:1483} Server_Comm.py: Received a new packet while thinking!
{Wed 20:14:20 Step:1486} Server_Comm.py: Received a new packet while thinking!
{Wed 20:14:20 Step:1488} Server_Comm.py: Received a new packet while thinking!
{Wed 20:14:20 Step:1510} Server_Comm.py: Received a new packet while thinking!
{Wed 20:14:20 Step:1512} Server_Comm.py: The agent lost 1 packet! Is syncmode enabled?
{Wed 20:14:21 Step:1516} Server_Comm.py: Received a new packet while thinking!
{Wed 20:14:21 Step:1518} Server_Comm.py: The agent lost 1 packet! Is syncmode enabled?
{Wed 20:14:21 Step:1522} Server_Comm.py: Received a new packet while thinking!
{Wed 20:14:21 Step:1524} Server_Comm.py: The agent lost 1 packet! Is syncmode enabled?
{Wed 20:14:21 Step:1528} Server_Comm.py: Received a new packet while thinking!
{Wed 20:14:21 Step:1530} Server_Comm.py: The agent lost 1 packet! Is syncmode enabled?
{Wed 20:14:21 Step:1534} Server_Comm.py: Received a new packet while thinking!
{Wed 20:14:21 Step:1536} Server_Comm.py: The agent lost 1 packet! Is syncmode enabled?
{Wed 20:14:21 Step:1540} Server_Comm.py: Received a new packet while thinking!
{Wed 20:14:21 Step:1542} Server_Comm.py: The agent lost 1 packet! Is syncmode enabled?
{Wed 20:14:21 Step:1543} Server_Comm.py: Received a new packet while thinking!
{Wed 20:14:21 Step:1545} Server_Comm.py: The agent lost 1 packet! Is syncmode enabled?
{Wed 20:14:21 Step:1549} Server_Comm.py: Received a new packet while thinking!
{Wed 20:14:21 Step:1551} Server_Comm.py: The agent lost 1 packet! Is syncmode enabled?
{Wed 20:14:21 Step:1554} Server_Comm.py: Received a new packet while thinking!
{Wed 20:14:21 Step:1556} Server_Comm.py: The agent lost 1 packet! Is syncmode enabled?
{Wed 20:14:21 Step:1558} Server_Comm.py: Received a new packet while thinking!
{Wed 20:14:21 Step:1560} Server_Comm.py: The agent lost 1 packet! Is syncmode enabled?
{Wed 20:14:22 Step:1562} Server_Comm.py: Received a new packet while thinking!
{Wed 20:14:22 Step:1564} Server_Comm.py: The agent lost 1 packet! Is syncmode enabled?
{Wed 20:14:22 Step:1567} Server_Comm.py: Received a new packet while thinking!
{Wed 20:14:22 Step:1569} Server_Comm.py: The agent lost 1 packet! Is syncmode enabled?
{Wed 20:14:22 Step:1570} Server_Comm.py: Received a new packet while thinking!
{Wed 20:14:22 Step:1572} Server_Comm.py: The agent lost 1 packet! Is syncmode enabled?
{Wed 20:14:22 Step:1576} Server_Comm.py: Received a new packet while thinking!
{Wed 20:14:22 Step:1578} Server_Comm.py: The agent lost 1 packet! Is syncmode enabled?
{Wed 20:14:22 Step:1582} Server_Comm.py: Received a new packet while thinking!
{Wed 20:14:22 Step:1584} Server_Comm.py: The agent lost 1 packet! Is syncmode enabled?
{Wed 20:14:23 Step:1614} Server_Comm.py: Received a new packet while thinking!
{Wed 20:14:23 Step:1616} Server_Comm.py: The agent lost 1 packet! Is syncmode enabled?
{Wed 20:14:23 Step:1637} Server_Comm.py: Received a new packet while thinking!
{Wed 20:14:23 Step:1639} Server_Comm.py: The agent lost 1 packet! Is syncmode enabled?
{Wed 20:14:24 Step:1650} Server_Comm.py: Received a new packet while thinking!
{Wed 20:14:24 Step:1652} Server_Comm.py: The agent lost 1 packet! Is syncmode enabled?
{Wed 20:14:25 Step:1665} Server_Comm.py: Received a new packet while thinking!
{Wed 20:14:25 Step:1667} Server_Comm.py: The agent lost 1 packet! Is syncmode enabled?
{Wed 20:14:25 Step:1673} Server_Comm.py: Received a new packet while thinking!
{Wed 20:14:25 Step:1675} Server_Comm.py: The agent lost 1 packet! Is syncmode enabled?
{Wed 20:14:25 Step:1681} Server_Comm.py: Received a new packet while thinking!
{Wed 20:14:25 Step:1683} Server_Comm.py: The agent lost 1 packet! Is syncmode enabled?
{Wed 20:14:25 Step:1686} Server_Comm.py: Received a new packet while thinking!
{Wed 20:14:25 Step:1688} Server_Comm.py: The agent lost 1 packet! Is syncmode enabled?
{Wed 20:14:25 Step:1696} Server_Comm.py: Received a new packet while thinking!
{Wed 20:14:25 Step:1698} Server_Comm.py: The agent lost 1 packet! Is syncmode enabled?
{Wed 20:14:26 Step:1708} Server_Comm.py: Received a new packet while thinking!
{Wed 20:14:26 Step:1710} Server_Comm.py: The agent lost 1 packet! Is syncmode enabled?
{Wed 20:14:26 Step:1728} Server_Comm.py: Received a new packet while thinking!
{Wed 20:14:26 Step:1730} Server_Comm.py: The agent lost 1 packet! Is syncmode enabled?
{Wed 20:14:26 Step:1738} Server_Comm.py: Received a new packet while thinking!
{Wed 20:14:26 Step:1740} Server_Comm.py: The agent lost 1 packet! Is syncmode enabled?
{Wed 20:14:26 Step:1749} Server_Comm.py: Received a new packet while thinking!
{Wed 20:14:26 Step:1751} Server_Comm.py: The agent lost 1 packet! Is syncmode enabled?
{Wed 20:14:27 Step:1786} Server_Comm.py: The agent lost 1 packet! Is syncmode enabled?
{Wed 20:14:27 Step:1788} Server_Comm.py: Received a new packet while thinking!
{Wed 20:14:27 Step:1792} Server_Comm.py: The agent lost 1 packet! Is syncmode enabled?
{Wed 20:14:27 Step:1794} Server_Comm.py: Received a new packet while thinking!
{Wed 20:14:27 Step:1797} Server_Comm.py: Received a new packet while thinking!
{Wed 20:14:27 Step:1799} Server_Comm.py: The agent lost 1 packet! Is syncmode enabled?
{Wed 20:14:28 Step:1804} Server_Comm.py: Received a new packet while thinking!
{Wed 20:14:28 Step:1806} Server_Comm.py: The agent lost 1 packet! Is syncmode enabled?
{Wed 20:14:28 Step:1806} Server_Comm.py: Received a new packet while thinking!
{Wed 20:14:28 Step:1810} Server_Comm.py: The agent lost 1 packet! Is syncmode enabled?
{Wed 20:14:28 Step:1812} Server_Comm.py: Received a new packet while thinking!
{Wed 20:14:28 Step:1816} Server_Comm.py: The agent lost 1 packet! Is syncmode enabled?
{Wed 20:14:28 Step:1819} Server_Comm.py: Received a new packet while thinking!
{Wed 20:14:28 Step:1822} Server_Comm.py: The agent lost 1 packet! Is syncmode enabled?
{Wed 20:14:28 Step:1823} Server_Comm.py: Received a new packet while thinking!
{Wed 20:14:28 Step:1825} Server_Comm.py: The agent lost 1 packet! Is syncmode enabled?
{Wed 20:14:28 Step:1825} Server_Comm.py: Received a new packet while thinking!
{Wed 20:14:28 Step:1828} Server_Comm.py: The agent lost 2 consecutive packets! Is syncmode disabled?
{Wed 20:14:28 Step:1831} Server_Comm.py: The agent lost 1 packet! Is syncmode enabled?
{Wed 20:14:28 Step:1832} Server_Comm.py: Received a new packet while thinking!
{Wed 20:14:28 Step:1834} Server_Comm.py: The agent lost 1 packet! Is syncmode enabled?
{Wed 20:14:28 Step:1834} Server_Comm.py: Received a new packet while thinking!
{Wed 20:14:28 Step:1837} Server_Comm.py: The agent lost 2 consecutive packets! Is syncmode disabled?
{Wed 20:14:28 Step:1840} Server_Comm.py: The agent lost 1 packet! Is syncmode enabled?
{Wed 20:14:28 Step:1841} Server_Comm.py: Received a new packet while thinking!
{Wed 20:14:28 Step:1843} Server_Comm.py: The agent lost 1 packet! Is syncmode enabled?
{Wed 20:14:28 Step:1843} Server_Comm.py: Received a new packet while thinking!
{Wed 20:14:28 Step:1845} Server_Comm.py: The agent lost 1 packet! Is syncmode enabled?
{Wed 20:14:28 Step:1845} Server_Comm.py: Received a new packet while thinking!
{Wed 20:14:28 Step:1846} Server_Comm.py: Received a new packet while thinking!
{Wed 20:14:28 Step:1849} Server_Comm.py: The agent lost 2 consecutive packets! Is syncmode disabled?
{Wed 20:14:28 Step:1850} Server_Comm.py: Received a new packet while thinking!
{Wed 20:14:28 Step:1852} Server_Comm.py: The agent lost 1 packet! Is syncmode enabled?
{Wed 20:14:28 Step:1853} Server_Comm.py: Received a new packet while thinking!
{Wed 20:14:29 Step:1855} Server_Comm.py: The agent lost 1 packet! Is syncmode enabled?
{Wed 20:14:29 Step:1856} Server_Comm.py: Received a new packet while thinking!
{Wed 20:14:29 Step:1858} Server_Comm.py: The agent lost 1 packet! Is syncmode enabled?
{Wed 20:14:29 Step:1861} Server_Comm.py: The agent lost 1 packet! Is syncmode enabled?
{Wed 20:14:33 Step:2083} Server_Comm.py: Received a new packet while thinking!
{Wed 20:14:33 Step:2085} Server_Comm.py: The agent lost 1 packet! Is syncmode enabled?
{Wed 20:14:33 Step:2091} Server_Comm.py: Received a new packet while thinking!
{Wed 20:14:33 Step:2093} Server_Comm.py: The agent lost 1 packet! Is syncmode enabled?
{Wed 20:14:33 Step:2094} Server_Comm.py: Received a new packet while thinking!
{Wed 20:14:33 Step:2096} Server_Comm.py: The agent lost 1 packet! Is syncmode enabled?
{Wed 20:14:33 Step:2100} Server_Comm.py: The agent lost 2 consecutive packets! Is syncmode disabled?
{Wed 20:14:33 Step:2104} Server_Comm.py: The agent lost 1 packet! Is syncmode enabled?
{Wed 20:14:34 Step:2107} Server_Comm.py: The agent lost 1 packet! Is syncmode enabled?
{Wed 20:14:34 Step:2110} Server_Comm.py: The agent lost 1 packet! Is syncmode enabled?
{Wed 20:14:34 Step:2113} Server_Comm.py: The agent lost 1 packet! Is syncmode enabled?
{Wed 20:14:34 Step:2116} Server_Comm.py: The agent lost 1 packet! Is syncmode enabled?
{Wed 20:14:34 Step:2117} Server_Comm.py: Received a new packet while thinking!
{Wed 20:14:34 Step:2119} Server_Comm.py: The agent lost 1 packet! Is syncmode enabled?
{Wed 20:14:34 Step:2122} Server_Comm.py: The agent lost 2 consecutive packets! Is syncmode disabled?
{Wed 20:14:34 Step:2125} Server_Comm.py: The agent lost 1 packet! Is syncmode enabled?
{Wed 20:14:34 Step:2129} Server_Comm.py: The agent lost 2 consecutive packets! Is syncmode disabled?
{Wed 20:14:34 Step:2131} Server_Comm.py: The agent lost 1 packet! Is syncmode enabled?
{Wed 20:14:34 Step:2134} Server_Comm.py: The agent lost 1 packet! Is syncmode enabled?
{Wed 20:14:34 Step:2137} Server_Comm.py: The agent lost 1 packet! Is syncmode enabled?
{Wed 20:14:34 Step:2138} Server_Comm.py: Received a new packet while thinking!
{Wed 20:14:34 Step:2140} Server_Comm.py: The agent lost 1 packet! Is syncmode enabled?
{Wed 20:14:34 Step:2143} Server_Comm.py: The agent lost 2 consecutive packets! Is syncmode disabled?
{Wed 20:14:34 Step:2146} Server_Comm.py: The agent lost 1 packet! Is syncmode enabled?
{Wed 20:14:34 Step:2149} Server_Comm.py: The agent lost 1 packet! Is syncmode enabled?
{Wed 20:14:34 Step:2152} Server_Comm.py: The agent lost 1 packet! Is syncmode enabled?
{Wed 20:14:35 Step:2157} Server_Comm.py: Received a new packet while thinking!
{Wed 20:14:35 Step:2159} Server_Comm.py: The agent lost 1 packet! Is syncmode enabled?
{Wed 20:14:35 Step:2162} Server_Comm.py: Received a new packet while thinking!
{Wed 20:14:35 Step:2164} Server_Comm.py: The agent lost 1 packet! Is syncmode enabled?
{Wed 20:14:35 Step:2169} Server_Comm.py: The agent lost 1 packet! Is syncmode enabled?
{Wed 20:14:35 Step:2169} Server_Comm.py: Received a new packet while thinking!
{Wed 20:14:35 Step:2175} Server_Comm.py: Received a new packet while thinking!
{Wed 20:14:35 Step:2177} Server_Comm.py: The agent lost 1 packet! Is syncmode enabled?
{Wed 20:14:37 Step:2286} Server_Comm.py: Received a new packet while thinking!
{Wed 20:14:37 Step:2288} Server_Comm.py: The agent lost 1 packet! Is syncmode enabled?
{Wed 20:14:38 Step:2313} Server_Comm.py: Received a new packet while thinking!
{Wed 20:14:38 Step:2316} Server_Comm.py: Received a new packet while thinking!
{Wed 20:14:38 Step:2320} Server_Comm.py: The agent lost 1 packet! Is syncmode enabled?
{Wed 20:14:38 Step:2323} Server_Comm.py: Received a new packet while thinking!
{Wed 20:14:38 Step:2325} Server_Comm.py: Received a new packet while thinking!
{Wed 20:14:38 Step:2328} Server_Comm.py: Received a new packet while thinking!
{Wed 20:14:38 Step:2332} Server_Comm.py: The agent lost 1 packet! Is syncmode enabled?
{Wed 20:14:38 Step:2334} Server_Comm.py: Received a new packet while thinking!
{Wed 20:14:38 Step:2338} Server_Comm.py: The agent lost 1 packet! Is syncmode enabled?
{Wed 20:14:38 Step:2341} Server_Comm.py: The agent lost 1 packet! Is syncmode enabled?
{Wed 20:14:38 Step:2343} Server_Comm.py: Received a new packet while thinking!
{Wed 20:14:38 Step:2347} Server_Comm.py: The agent lost 1 packet! Is syncmode enabled?
{Wed 20:14:38 Step:2350} Server_Comm.py: The agent lost 1 packet! Is syncmode enabled?
{Wed 20:14:39 Step:2353} Server_Comm.py: The agent lost 1 packet! Is syncmode enabled?
{Wed 20:14:39 Step:2356} Server_Comm.py: The agent lost 1 packet! Is syncmode enabled?
{Wed 20:14:39 Step:2359} Server_Comm.py: The agent lost 1 packet! Is syncmode enabled?
{Wed 20:14:39 Step:2362} Server_Comm.py: The agent lost 1 packet! Is syncmode enabled?
{Wed 20:14:39 Step:2365} Server_Comm.py: The agent lost 1 packet! Is syncmode enabled?
{Wed 20:14:39 Step:2368} Server_Comm.py: The agent lost 1 packet! Is syncmode enabled?
{Wed 20:14:39 Step:2369} Server_Comm.py: Received a new packet while thinking!
{Wed 20:14:39 Step:2371} Server_Comm.py: The agent lost 1 packet! Is syncmode enabled?
{Wed 20:14:39 Step:2372} Server_Comm.py: Received a new packet while thinking!
{Wed 20:14:39 Step:2374} Server_Comm.py: The agent lost 1 packet! Is syncmode enabled?
{Wed 20:14:39 Step:2375} Server_Comm.py: Received a new packet while thinking!
{Wed 20:14:39 Step:2377} Server_Comm.py: The agent lost 1 packet! Is syncmode enabled?
{Wed 20:14:39 Step:2378} Server_Comm.py: Received a new packet while thinking!
{Wed 20:14:39 Step:2380} Server_Comm.py: The agent lost 1 packet! Is syncmode enabled?
{Wed 20:14:39 Step:2381} Server_Comm.py: Received a new packet while thinking!
{Wed 20:14:39 Step:2383} Server_Comm.py: The agent lost 1 packet! Is syncmode enabled?
{Wed 20:14:39 Step:2386} Server_Comm.py: The agent lost 1 packet! Is syncmode enabled?
{Wed 20:14:39 Step:2388} Server_Comm.py: Received a new packet while thinking!
{Wed 20:14:39 Step:2390} Server_Comm.py: Received a new packet while thinking!
{Wed 20:14:39 Step:2392} Server_Comm.py: The agent lost 1 packet! Is syncmode enabled?
{Wed 20:14:39 Step:2395} Server_Comm.py: The agent lost 1 packet! Is syncmode enabled?
{Wed 20:14:39 Step:2398} Server_Comm.py: The agent lost 1 packet! Is syncmode enabled?
{Wed 20:14:39 Step:2401} Server_Comm.py: Received a new packet while thinking!
