{Mon 01:00:53 Step:2} Server_Comm.py: The agent lost 1 packet! Is syncmode enabled?
{Mon 01:00:53 Step:2} Server_Comm.py: Received a new packet while on world.update()!
{Mon 01:00:53 Step:5} Server_Comm.py: The agent lost 2 consecutive packets! Is syncmode disabled?
{Mon 01:00:53 Step:5} Server_Comm.py: Received a new packet while on world.update()!
{Mon 01:00:53 Step:10} Server_Comm.py: The agent lost 4 consecutive packets! Is syncmode disabled?
{Mon 01:00:53 Step:10} Server_Comm.py: Received a new packet while on world.update()!
{Mon 01:00:53 Step:12} Server_Comm.py: The agent lost 1 packet! Is syncmode enabled?
{Mon 01:00:53 Step:15} Server_Comm.py: The agent lost 1 packet! Is syncmode enabled?
{Mon 01:00:53 Step:17} Server_Comm.py: The agent lost 1 packet! Is syncmode enabled?
{Mon 01:00:53 Step:20} Server_Comm.py: The agent lost 2 consecutive packets! Is syncmode disabled?
{Mon 01:00:53 Step:34} Server_Comm.py: The agent lost 13 consecutive packets! Is syncmode disabled?
{Mon 01:00:53 Step:39} Server_Comm.py: The agent lost 4 consecutive packets! Is syncmode disabled?
{Mon 01:00:53 Step:42} Server_Comm.py: The agent lost 2 consecutive packets! Is syncmode disabled?
{Mon 01:00:53 Step:46} Server_Comm.py: The agent lost 2 consecutive packets! Is syncmode disabled?
{Mon 01:00:53 Step:47} Server_Comm.py: Received a new packet while thinking!
{Mon 01:00:53 Step:148} Server_Comm.py: The agent lost 100 consecutive packets! Is syncmode disabled?
{Mon 01:00:53 Step:155} Server_Comm.py: The agent lost 6 consecutive packets! Is syncmode disabled?
{Mon 01:00:53 Step:161} Server_Comm.py: The agent lost 5 consecutive packets! Is syncmode disabled?
{Mon 01:00:53 Step:165} Server_Comm.py: The agent lost 3 consecutive packets! Is syncmode disabled?
{Mon 01:00:53 Step:169} Server_Comm.py: The agent lost 3 consecutive packets! Is syncmode disabled?
{Mon 01:00:53 Step:172} Server_Comm.py: The agent lost 2 consecutive packets! Is syncmode disabled?
{Mon 01:00:53 Step:174} Server_Comm.py: The agent lost 1 packet! Is syncmode enabled?
{Mon 01:00:53 Step:178} Server_Comm.py: The agent lost 2 consecutive packets! Is syncmode disabled?
{Mon 01:00:53 Step:180} Server_Comm.py: The agent lost 1 packet! Is syncmode enabled?
{Mon 01:00:53 Step:182} Server_Comm.py: The agent lost 1 packet! Is syncmode enabled?
{Mon 01:00:53 Step:186} Server_Comm.py: The agent lost 2 consecutive packets! Is syncmode disabled?
{Mon 01:00:53 Step:188} Server_Comm.py: The agent lost 1 packet! Is syncmode enabled?
{Mon 01:00:53 Step:190} Server_Comm.py: The agent lost 1 packet! Is syncmode enabled?
{Mon 01:00:53 Step:194} Server_Comm.py: The agent lost 2 consecutive packets! Is syncmode disabled?
{Mon 01:00:53 Step:196} Server_Comm.py: The agent lost 1 packet! Is syncmode enabled?
{Mon 01:00:53 Step:198} Server_Comm.py: The agent lost 1 packet! Is syncmode enabled?
{Mon 01:00:53 Step:200} Server_Comm.py: The agent lost 1 packet! Is syncmode enabled?
{Mon 01:00:53 Step:203} Server_Comm.py: The agent lost 1 packet! Is syncmode enabled?
{Mon 01:00:53 Step:206} Server_Comm.py: The agent lost 2 consecutive packets! Is syncmode disabled?
{Mon 01:00:53 Step:208} Server_Comm.py: The agent lost 1 packet! Is syncmode enabled?
{Mon 01:00:53 Step:210} Server_Comm.py: The agent lost 1 packet! Is syncmode enabled?
{Mon 01:00:53 Step:214} Server_Comm.py: The agent lost 2 consecutive packets! Is syncmode disabled?
{Mon 01:00:53 Step:216} Server_Comm.py: The agent lost 1 packet! Is syncmode enabled?
{Mon 01:00:53 Step:220} Server_Comm.py: The agent lost 2 consecutive packets! Is syncmode disabled?
{Mon 01:00:53 Step:222} Server_Comm.py: The agent lost 1 packet! Is syncmode enabled?
{Mon 01:00:53 Step:224} Server_Comm.py: The agent lost 1 packet! Is syncmode enabled?
{Mon 01:00:53 Step:228} Server_Comm.py: The agent lost 2 consecutive packets! Is syncmode disabled?
{Mon 01:00:53 Step:230} Server_Comm.py: The agent lost 1 packet! Is syncmode enabled?
{Mon 01:00:53 Step:232} Server_Comm.py: The agent lost 1 packet! Is syncmode enabled?
{Mon 01:00:53 Step:236} Server_Comm.py: The agent lost 2 consecutive packets! Is syncmode disabled?
{Mon 01:00:53 Step:238} Server_Comm.py: The agent lost 1 packet! Is syncmode enabled?
{Mon 01:00:53 Step:240} Server_Comm.py: The agent lost 1 packet! Is syncmode enabled?
{Mon 01:00:53 Step:244} Server_Comm.py: The agent lost 2 consecutive packets! Is syncmode disabled?
{Mon 01:00:53 Step:246} Server_Comm.py: The agent lost 1 packet! Is syncmode enabled?
{Mon 01:00:53 Step:249} Server_Comm.py: The agent lost 1 packet! Is syncmode enabled?
{Mon 01:00:53 Step:251} Server_Comm.py: The agent lost 1 packet! Is syncmode enabled?
{Mon 01:00:53 Step:254} Server_Comm.py: The agent lost 2 consecutive packets! Is syncmode disabled?
{Mon 01:00:53 Step:256} Server_Comm.py: The agent lost 1 packet! Is syncmode enabled?
{Mon 01:00:53 Step:260} Server_Comm.py: The agent lost 2 consecutive packets! Is syncmode disabled?
{Mon 01:00:53 Step:262} Server_Comm.py: The agent lost 1 packet! Is syncmode enabled?
{Mon 01:00:53 Step:266} Server_Comm.py: The agent lost 2 consecutive packets! Is syncmode disabled?
{Mon 01:00:53 Step:268} Server_Comm.py: The agent lost 1 packet! Is syncmode enabled?
{Mon 01:00:53 Step:271} Server_Comm.py: The agent lost 1 packet! Is syncmode enabled?
{Mon 01:00:53 Step:274} Server_Comm.py: The agent lost 2 consecutive packets! Is syncmode disabled?
{Mon 01:00:53 Step:276} Server_Comm.py: The agent lost 1 packet! Is syncmode enabled?
{Mon 01:00:53 Step:278} Server_Comm.py: The agent lost 1 packet! Is syncmode enabled?
{Mon 01:00:53 Step:282} Server_Comm.py: The agent lost 2 consecutive packets! Is syncmode disabled?
{Mon 01:00:53 Step:284} Server_Comm.py: The agent lost 1 packet! Is syncmode enabled?
{Mon 01:00:53 Step:286} Server_Comm.py: The agent lost 1 packet! Is syncmode enabled?
{Mon 01:00:53 Step:290} Server_Comm.py: The agent lost 2 consecutive packets! Is syncmode disabled?
{Mon 01:00:53 Step:292} Server_Comm.py: The agent lost 1 packet! Is syncmode enabled?
{Mon 01:00:53 Step:296} Server_Comm.py: The agent lost 2 consecutive packets! Is syncmode disabled?
{Mon 01:00:53 Step:298} Server_Comm.py: The agent lost 1 packet! Is syncmode enabled?
{Mon 01:00:53 Step:302} Server_Comm.py: The agent lost 2 consecutive packets! Is syncmode disabled?
{Mon 01:00:53 Step:304} Server_Comm.py: The agent lost 1 packet! Is syncmode enabled?
{Mon 01:00:53 Step:308} Server_Comm.py: The agent lost 2 consecutive packets! Is syncmode disabled?
{Mon 01:00:53 Step:310} Server_Comm.py: The agent lost 1 packet! Is syncmode enabled?
{Mon 01:00:53 Step:312} Server_Comm.py: The agent lost 1 packet! Is syncmode enabled?
{Mon 01:00:53 Step:316} Server_Comm.py: The agent lost 2 consecutive packets! Is syncmode disabled?
{Mon 01:00:53 Step:318} Server_Comm.py: The agent lost 1 packet! Is syncmode enabled?
{Mon 01:00:53 Step:320} Server_Comm.py: The agent lost 1 packet! Is syncmode enabled?
{Mon 01:00:53 Step:324} Server_Comm.py: The agent lost 2 consecutive packets! Is syncmode disabled?
{Mon 01:00:53 Step:326} Server_Comm.py: The agent lost 1 packet! Is syncmode enabled?
{Mon 01:00:53 Step:328} Server_Comm.py: The agent lost 1 packet! Is syncmode enabled?
{Mon 01:00:53 Step:330} Server_Comm.py: The agent lost 1 packet! Is syncmode enabled?
{Mon 01:00:53 Step:334} Server_Comm.py: The agent lost 2 consecutive packets! Is syncmode disabled?
{Mon 01:00:53 Step:336} Server_Comm.py: The agent lost 1 packet! Is syncmode enabled?
{Mon 01:00:53 Step:338} Server_Comm.py: The agent lost 1 packet! Is syncmode enabled?
{Mon 01:00:53 Step:344} Server_Comm.py: The agent lost 5 consecutive packets! Is syncmode disabled?
{Mon 01:00:53 Step:347} Server_Comm.py: The agent lost 2 consecutive packets! Is syncmode disabled?
{Mon 01:00:53 Step:350} Server_Comm.py: The agent lost 2 consecutive packets! Is syncmode disabled?
{Mon 01:00:53 Step:352} Server_Comm.py: The agent lost 1 packet! Is syncmode enabled?
{Mon 01:00:53 Step:354} Server_Comm.py: The agent lost 1 packet! Is syncmode enabled?
{Mon 01:00:53 Step:356} Server_Comm.py: The agent lost 1 packet! Is syncmode enabled?
{Mon 01:00:53 Step:360} Server_Comm.py: The agent lost 2 consecutive packets! Is syncmode disabled?
{Mon 01:00:53 Step:362} Server_Comm.py: The agent lost 1 packet! Is syncmode enabled?
{Mon 01:00:53 Step:364} Server_Comm.py: The agent lost 1 packet! Is syncmode enabled?
{Mon 01:00:53 Step:368} Server_Comm.py: The agent lost 2 consecutive packets! Is syncmode disabled?
{Mon 01:00:53 Step:370} Server_Comm.py: The agent lost 1 packet! Is syncmode enabled?
{Mon 01:00:53 Step:372} Server_Comm.py: The agent lost 1 packet! Is syncmode enabled?
{Mon 01:00:53 Step:377} Server_Comm.py: The agent lost 3 consecutive packets! Is syncmode disabled?
{Mon 01:00:53 Step:381} Server_Comm.py: The agent lost 3 consecutive packets! Is syncmode disabled?
{Mon 01:00:53 Step:385} Server_Comm.py: The agent lost 3 consecutive packets! Is syncmode disabled?
{Mon 01:00:53 Step:389} Server_Comm.py: The agent lost 3 consecutive packets! Is syncmode disabled?
{Mon 01:00:53 Step:393} Server_Comm.py: The agent lost 3 consecutive packets! Is syncmode disabled?
{Mon 01:00:53 Step:396} Server_Comm.py: The agent lost 2 consecutive packets! Is syncmode disabled?
{Mon 01:00:53 Step:400} Server_Comm.py: The agent lost 2 consecutive packets! Is syncmode disabled?
{Mon 01:00:53 Step:402} Server_Comm.py: The agent lost 1 packet! Is syncmode enabled?
{Mon 01:00:53 Step:404} Server_Comm.py: The agent lost 1 packet! Is syncmode enabled?
{Mon 01:00:53 Step:406} Server_Comm.py: The agent lost 1 packet! Is syncmode enabled?
{Mon 01:00:53 Step:410} Server_Comm.py: The agent lost 2 consecutive packets! Is syncmode disabled?
{Mon 01:00:53 Step:413} Server_Comm.py: The agent lost 2 consecutive packets! Is syncmode disabled?
{Mon 01:00:53 Step:417} Server_Comm.py: The agent lost 3 consecutive packets! Is syncmode disabled?
{Mon 01:00:53 Step:419} Server_Comm.py: The agent lost 1 packet! Is syncmode enabled?
{Mon 01:00:53 Step:421} Server_Comm.py: The agent lost 1 packet! Is syncmode enabled?
{Mon 01:00:53 Step:424} Server_Comm.py: The agent lost 2 consecutive packets! Is syncmode disabled?
{Mon 01:00:53 Step:426} Server_Comm.py: The agent lost 1 packet! Is syncmode enabled?
{Mon 01:00:53 Step:429} Server_Comm.py: The agent lost 1 packet! Is syncmode enabled?
{Mon 01:00:53 Step:437} Server_Comm.py: The agent lost 1 packet! Is syncmode enabled?
{Mon 01:00:53 Step:439} Server_Comm.py: The agent lost 1 packet! Is syncmode enabled?
{Mon 01:00:54 Step:473} Server_Comm.py: The agent lost 1 packet! Is syncmode enabled?
{Mon 01:00:54 Step:477} Server_Comm.py: The agent lost 1 packet! Is syncmode enabled?
{Mon 01:00:54 Step:485} Server_Comm.py: The agent lost 1 packet! Is syncmode enabled?
{Mon 01:00:54 Step:490} Server_Comm.py: The agent lost 2 consecutive packets! Is syncmode disabled?
{Mon 01:00:54 Step:493} Server_Comm.py: The agent lost 2 consecutive packets! Is syncmode disabled?
{Mon 01:00:54 Step:495} Server_Comm.py: The agent lost 1 packet! Is syncmode enabled?
{Mon 01:00:54 Step:502} Server_Comm.py: The agent lost 6 consecutive packets! Is syncmode disabled?
{Mon 01:00:54 Step:504} Server_Comm.py: The agent lost 1 packet! Is syncmode enabled?
{Mon 01:00:54 Step:506} Server_Comm.py: The agent lost 1 packet! Is syncmode enabled?
{Mon 01:00:54 Step:509} Server_Comm.py: The agent lost 1 packet! Is syncmode enabled?
{Mon 01:00:54 Step:512} Server_Comm.py: The agent lost 2 consecutive packets! Is syncmode disabled?
{Mon 01:00:54 Step:515} Server_Comm.py: The agent lost 2 consecutive packets! Is syncmode disabled?
{Mon 01:00:54 Step:519} Server_Comm.py: The agent lost 3 consecutive packets! Is syncmode disabled?
{Mon 01:00:54 Step:522} Server_Comm.py: The agent lost 2 consecutive packets! Is syncmode disabled?
{Mon 01:00:54 Step:525} Server_Comm.py: The agent lost 1 packet! Is syncmode enabled?
{Mon 01:00:54 Step:528} Server_Comm.py: The agent lost 2 consecutive packets! Is syncmode disabled?
{Mon 01:00:54 Step:531} Server_Comm.py: The agent lost 1 packet! Is syncmode enabled?
{Mon 01:00:54 Step:533} Server_Comm.py: The agent lost 1 packet! Is syncmode enabled?
{Mon 01:00:54 Step:547} Server_Comm.py: The agent lost 1 packet! Is syncmode enabled?
{Mon 01:00:54 Step:557} Server_Comm.py: The agent lost 1 packet! Is syncmode enabled?
{Mon 01:00:54 Step:561} Server_Comm.py: The agent lost 1 packet! Is syncmode enabled?
{Mon 01:00:54 Step:565} Server_Comm.py: The agent lost 1 packet! Is syncmode enabled?
{Mon 01:00:54 Step:575} Server_Comm.py: The agent lost 1 packet! Is syncmode enabled?
{Mon 01:00:54 Step:581} Server_Comm.py: The agent lost 1 packet! Is syncmode enabled?
{Mon 01:00:54 Step:585} Server_Comm.py: The agent lost 1 packet! Is syncmode enabled?
{Mon 01:00:54 Step:595} Server_Comm.py: The agent lost 1 packet! Is syncmode enabled?
{Mon 01:00:54 Step:603} Server_Comm.py: The agent lost 1 packet! Is syncmode enabled?
{Mon 01:00:54 Step:610} Server_Comm.py: The agent lost 1 packet! Is syncmode enabled?
{Mon 01:00:54 Step:621} Server_Comm.py: The agent lost 1 packet! Is syncmode enabled?
{Mon 01:00:54 Step:625} Server_Comm.py: The agent lost 3 consecutive packets! Is syncmode disabled?
{Mon 01:00:54 Step:634} Server_Comm.py: The agent lost 8 consecutive packets! Is syncmode disabled?
{Mon 01:00:54 Step:638} Server_Comm.py: The agent lost 3 consecutive packets! Is syncmode disabled?
{Mon 01:00:54 Step:641} Server_Comm.py: The agent lost 2 consecutive packets! Is syncmode disabled?
{Mon 01:00:54 Step:645} Server_Comm.py: The agent lost 3 consecutive packets! Is syncmode disabled?
{Mon 01:00:54 Step:648} Server_Comm.py: The agent lost 2 consecutive packets! Is syncmode disabled?
{Mon 01:00:54 Step:650} Server_Comm.py: The agent lost 1 packet! Is syncmode enabled?
{Mon 01:00:54 Step:655} Server_Comm.py: The agent lost 3 consecutive packets! Is syncmode disabled?
{Mon 01:00:54 Step:659} Server_Comm.py: The agent lost 3 consecutive packets! Is syncmode disabled?
{Mon 01:00:54 Step:661} Server_Comm.py: The agent lost 1 packet! Is syncmode enabled?
{Mon 01:00:54 Step:663} Server_Comm.py: The agent lost 1 packet! Is syncmode enabled?
{Mon 01:00:54 Step:669} Server_Comm.py: The agent lost 1 packet! Is syncmode enabled?
{Mon 01:00:54 Step:673} Server_Comm.py: The agent lost 1 packet! Is syncmode enabled?
{Mon 01:00:54 Step:675} Server_Comm.py: The agent lost 1 packet! Is syncmode enabled?
{Mon 01:00:54 Step:679} Server_Comm.py: The agent lost 1 packet! Is syncmode enabled?
{Mon 01:00:54 Step:703} Server_Comm.py: The agent lost 1 packet! Is syncmode enabled?
{Mon 01:00:54 Step:705} Server_Comm.py: The agent lost 1 packet! Is syncmode enabled?
{Mon 01:00:54 Step:709} Server_Comm.py: The agent lost 1 packet! Is syncmode enabled?
{Mon 01:00:54 Step:713} Server_Comm.py: The agent lost 1 packet! Is syncmode enabled?
{Mon 01:00:54 Step:715} Server_Comm.py: The agent lost 1 packet! Is syncmode enabled?
{Mon 01:00:54 Step:719} Server_Comm.py: The agent lost 1 packet! Is syncmode enabled?
{Mon 01:00:54 Step:723} Server_Comm.py: The agent lost 1 packet! Is syncmode enabled?
{Mon 01:00:54 Step:727} Server_Comm.py: The agent lost 1 packet! Is syncmode enabled?
{Mon 01:00:54 Step:731} Server_Comm.py: The agent lost 1 packet! Is syncmode enabled?
{Mon 01:00:54 Step:735} Server_Comm.py: The agent lost 1 packet! Is syncmode enabled?
{Mon 01:00:54 Step:739} Server_Comm.py: The agent lost 1 packet! Is syncmode enabled?
{Mon 01:00:54 Step:749} Server_Comm.py: The agent lost 1 packet! Is syncmode enabled?
{Mon 01:00:54 Step:760} Server_Comm.py: The agent lost 2 consecutive packets! Is syncmode disabled?
{Mon 01:00:54 Step:762} Server_Comm.py: The agent lost 1 packet! Is syncmode enabled?
{Mon 01:00:54 Step:762} Server_Comm.py: Received a new packet while thinking!
{Mon 01:00:54 Step:887} Server_Comm.py: The agent lost 124 consecutive packets! Is syncmode disabled?
{Mon 01:00:54 Step:891} Server_Comm.py: The agent lost 3 consecutive packets! Is syncmode disabled?
{Mon 01:00:54 Step:893} Server_Comm.py: The agent lost 1 packet! Is syncmode enabled?
{Mon 01:00:54 Step:900} Server_Comm.py: The agent lost 2 consecutive packets! Is syncmode disabled?
{Mon 01:00:54 Step:902} Server_Comm.py: The agent lost 1 packet! Is syncmode enabled?
{Mon 01:00:54 Step:904} Server_Comm.py: The agent lost 1 packet! Is syncmode enabled?
{Mon 01:00:54 Step:904} Server_Comm.py: Received a new packet while thinking!
{Mon 01:00:54 Step:1035} Server_Comm.py: The agent lost 130 consecutive packets! Is syncmode disabled?
{Mon 01:00:54 Step:1035} Server_Comm.py: Received a new packet while on world.update()!
{Mon 01:00:54 Step:1037} Server_Comm.py: The agent lost 1 packet! Is syncmode enabled?
{Mon 01:00:54 Step:1037} Server_Comm.py: Received a new packet while on world.update()!
{Mon 01:00:54 Step:1038} Server_Comm.py: Received a new packet while thinking!
{Mon 01:00:54 Step:1039} Server_Comm.py: Received a new packet while on world.update()!
{Mon 01:00:54 Step:1040} Server_Comm.py: Received a new packet while on world.update()!
{Mon 01:00:54 Step:1041} Server_Comm.py: Received a new packet while on world.update()!
{Mon 01:00:54 Step:1042} Server_Comm.py: Received a new packet while on world.update()!
{Mon 01:00:54 Step:1043} Server_Comm.py: Received a new packet while on world.update()!
{Mon 01:00:54 Step:1044} Server_Comm.py: Received a new packet while on world.update()!
{Mon 01:00:54 Step:1045} Server_Comm.py: Received a new packet while on world.update()!
{Mon 01:00:54 Step:1046} Server_Comm.py: Received a new packet while on world.update()!
{Mon 01:00:54 Step:1047} Server_Comm.py: Received a new packet while on world.update()!
{Mon 01:00:54 Step:1049} Server_Comm.py: The agent lost 1 packet! Is syncmode enabled?
{Mon 01:00:54 Step:1049} Server_Comm.py: Received a new packet while on world.update()!
{Mon 01:00:54 Step:1050} Server_Comm.py: Received a new packet while on world.update()!
{Mon 01:00:54 Step:1051} Server_Comm.py: Received a new packet while on world.update()!
{Mon 01:00:54 Step:1053} Server_Comm.py: The agent lost 1 packet! Is syncmode enabled?
{Mon 01:00:54 Step:1053} Server_Comm.py: Received a new packet while on world.update()!
{Mon 01:00:54 Step:1055} Server_Comm.py: The agent lost 1 packet! Is syncmode enabled?
{Mon 01:00:54 Step:1055} Server_Comm.py: Received a new packet while on world.update()!
{Mon 01:00:54 Step:1056} Server_Comm.py: Received a new packet while on world.update()!
{Mon 01:00:54 Step:1057} Server_Comm.py: Received a new packet while on world.update()!
{Mon 01:00:54 Step:1058} Server_Comm.py: Received a new packet while on world.update()!
{Mon 01:00:54 Step:1059} Server_Comm.py: Received a new packet while on world.update()!
{Mon 01:00:54 Step:1061} Server_Comm.py: The agent lost 1 packet! Is syncmode enabled?
{Mon 01:00:54 Step:1061} Server_Comm.py: Received a new packet while on world.update()!
{Mon 01:00:54 Step:1063} Server_Comm.py: The agent lost 1 packet! Is syncmode enabled?
{Mon 01:00:54 Step:1063} Server_Comm.py: Received a new packet while on world.update()!
{Mon 01:00:54 Step:1064} Server_Comm.py: Received a new packet while on world.update()!
{Mon 01:00:54 Step:1065} Server_Comm.py: Received a new packet while thinking!
{Mon 01:00:54 Step:1066} Server_Comm.py: Received a new packet while on world.update()!
{Mon 01:00:54 Step:1067} Server_Comm.py: Received a new packet while on world.update()!
{Mon 01:00:54 Step:1068} Server_Comm.py: Received a new packet while thinking!
{Mon 01:00:54 Step:1069} Server_Comm.py: Received a new packet while on world.update()!
{Mon 01:00:54 Step:1070} Server_Comm.py: Received a new packet while on world.update()!
{Mon 01:00:54 Step:1071} Server_Comm.py: Received a new packet while on world.update()!
{Mon 01:00:54 Step:1073} Server_Comm.py: Received a new packet while on world.update()!
{Mon 01:00:54 Step:1078} Server_Comm.py: The agent lost 2 consecutive packets! Is syncmode disabled?
{Mon 01:00:54 Step:1080} Server_Comm.py: The agent lost 1 packet! Is syncmode enabled?
{Mon 01:00:54 Step:1084} Server_Comm.py: The agent lost 2 consecutive packets! Is syncmode disabled?
{Mon 01:00:54 Step:1084} Server_Comm.py: Received a new packet while thinking!
{Mon 01:00:54 Step:1204} Server_Comm.py: The agent lost 119 consecutive packets! Is syncmode disabled?
{Mon 01:00:54 Step:1210} Server_Comm.py: The agent lost 5 consecutive packets! Is syncmode disabled?
{Mon 01:00:54 Step:1212} Server_Comm.py: The agent lost 1 packet! Is syncmode enabled?
{Mon 01:00:54 Step:1215} Server_Comm.py: The agent lost 1 packet! Is syncmode enabled?
{Mon 01:00:54 Step:1217} Server_Comm.py: The agent lost 1 packet! Is syncmode enabled?
{Mon 01:00:54 Step:1220} Server_Comm.py: The agent lost 2 consecutive packets! Is syncmode disabled?
{Mon 01:00:54 Step:1222} Server_Comm.py: The agent lost 1 packet! Is syncmode enabled?
{Mon 01:00:54 Step:1225} Server_Comm.py: The agent lost 1 packet! Is syncmode enabled?
{Mon 01:00:54 Step:1227} Server_Comm.py: Received a new packet while thinking!
{Mon 01:00:54 Step:1362} Server_Comm.py: The agent lost 134 consecutive packets! Is syncmode disabled?
{Mon 01:00:54 Step:1362} Server_Comm.py: Received a new packet while on world.update()!
{Mon 01:00:54 Step:1364} Server_Comm.py: The agent lost 1 packet! Is syncmode enabled?
{Mon 01:00:54 Step:1364} Server_Comm.py: Received a new packet while on world.update()!
{Mon 01:00:54 Step:1365} Server_Comm.py: Received a new packet while on world.update()!
{Mon 01:00:54 Step:1367} Server_Comm.py: The agent lost 1 packet! Is syncmode enabled?
{Mon 01:00:54 Step:1367} Server_Comm.py: Received a new packet while on world.update()!
{Mon 01:00:54 Step:1368} Server_Comm.py: Received a new packet while on world.update()!
{Mon 01:00:54 Step:1369} Server_Comm.py: Received a new packet while on world.update()!
{Mon 01:00:54 Step:1371} Server_Comm.py: The agent lost 1 packet! Is syncmode enabled?
{Mon 01:00:54 Step:1371} Server_Comm.py: Received a new packet while on world.update()!
{Mon 01:00:54 Step:1373} Server_Comm.py: The agent lost 1 packet! Is syncmode enabled?
{Mon 01:00:54 Step:1373} Server_Comm.py: Received a new packet while on world.update()!
{Mon 01:00:54 Step:1375} Server_Comm.py: The agent lost 1 packet! Is syncmode enabled?
{Mon 01:00:54 Step:1375} Server_Comm.py: Received a new packet while on world.update()!
{Mon 01:00:54 Step:1377} Server_Comm.py: The agent lost 1 packet! Is syncmode enabled?
{Mon 01:00:54 Step:1377} Server_Comm.py: Received a new packet while on world.update()!
{Mon 01:00:54 Step:1379} Server_Comm.py: The agent lost 1 packet! Is syncmode enabled?
{Mon 01:00:54 Step:1379} Server_Comm.py: Received a new packet while on world.update()!
{Mon 01:00:54 Step:1381} Server_Comm.py: The agent lost 1 packet! Is syncmode enabled?
{Mon 01:00:54 Step:1381} Server_Comm.py: Received a new packet while on world.update()!
{Mon 01:00:54 Step:1382} Server_Comm.py: Received a new packet while on world.update()!
{Mon 01:00:54 Step:1383} Server_Comm.py: Received a new packet while on world.update()!
{Mon 01:00:54 Step:1385} Server_Comm.py: The agent lost 1 packet! Is syncmode enabled?
{Mon 01:00:54 Step:1385} Server_Comm.py: Received a new packet while on world.update()!
{Mon 01:00:54 Step:1387} Server_Comm.py: The agent lost 1 packet! Is syncmode enabled?
{Mon 01:00:54 Step:1387} Server_Comm.py: Received a new packet while on world.update()!
{Mon 01:00:54 Step:1389} Server_Comm.py: The agent lost 1 packet! Is syncmode enabled?
{Mon 01:00:54 Step:1389} Server_Comm.py: Received a new packet while on world.update()!
{Mon 01:00:54 Step:1391} Server_Comm.py: The agent lost 1 packet! Is syncmode enabled?
{Mon 01:00:54 Step:1391} Server_Comm.py: Received a new packet while on world.update()!
{Mon 01:00:54 Step:1394} Server_Comm.py: The agent lost 2 consecutive packets! Is syncmode disabled?
{Mon 01:00:54 Step:1394} Server_Comm.py: Received a new packet while on world.update()!
{Mon 01:00:54 Step:1395} Server_Comm.py: Received a new packet while on world.update()!
{Mon 01:00:54 Step:1397} Server_Comm.py: The agent lost 1 packet! Is syncmode enabled?
{Mon 01:00:54 Step:1397} Server_Comm.py: Received a new packet while thinking!
{Mon 01:00:54 Step:1398} Server_Comm.py: Received a new packet while on world.update()!
{Mon 01:00:54 Step:1399} Server_Comm.py: Received a new packet while on world.update()!
{Mon 01:00:54 Step:1401} Server_Comm.py: The agent lost 1 packet! Is syncmode enabled?
{Mon 01:00:54 Step:1401} Server_Comm.py: Received a new packet while on world.update()!
{Mon 01:00:54 Step:1402} Server_Comm.py: Received a new packet while on world.update()!
{Mon 01:00:54 Step:1403} Server_Comm.py: Received a new packet while on world.update()!
{Mon 01:00:54 Step:1405} Server_Comm.py: The agent lost 1 packet! Is syncmode enabled?
{Mon 01:00:54 Step:1405} Server_Comm.py: Received a new packet while on world.update()!
{Mon 01:00:54 Step:1407} Server_Comm.py: The agent lost 1 packet! Is syncmode enabled?
{Mon 01:00:54 Step:1407} Server_Comm.py: Received a new packet while on world.update()!
{Mon 01:00:54 Step:1409} Server_Comm.py: The agent lost 1 packet! Is syncmode enabled?
{Mon 01:00:54 Step:1409} Server_Comm.py: Received a new packet while on world.update()!
{Mon 01:00:54 Step:1412} Server_Comm.py: The agent lost 2 consecutive packets! Is syncmode disabled?
{Mon 01:00:54 Step:1412} Server_Comm.py: Received a new packet while on world.update()!
{Mon 01:00:54 Step:1413} Server_Comm.py: Received a new packet while on world.update()!
{Mon 01:00:54 Step:1415} Server_Comm.py: The agent lost 1 packet! Is syncmode enabled?
{Mon 01:00:54 Step:1415} Server_Comm.py: Received a new packet while on world.update()!
{Mon 01:00:54 Step:1416} Server_Comm.py: Received a new packet while on world.update()!
{Mon 01:00:54 Step:1417} Server_Comm.py: Received a new packet while on world.update()!
{Mon 01:00:54 Step:1420} Server_Comm.py: The agent lost 2 consecutive packets! Is syncmode disabled?
{Mon 01:00:54 Step:1420} Server_Comm.py: Received a new packet while on world.update()!
{Mon 01:00:54 Step:1421} Server_Comm.py: Received a new packet while on world.update()!
{Mon 01:00:54 Step:1423} Server_Comm.py: The agent lost 1 packet! Is syncmode enabled?
{Mon 01:00:54 Step:1423} Server_Comm.py: Received a new packet while on world.update()!
{Mon 01:00:54 Step:1425} Server_Comm.py: The agent lost 1 packet! Is syncmode enabled?
{Mon 01:00:54 Step:1425} Server_Comm.py: Received a new packet while on world.update()!
{Mon 01:00:54 Step:1427} Server_Comm.py: The agent lost 1 packet! Is syncmode enabled?
{Mon 01:00:54 Step:1427} Server_Comm.py: Received a new packet while on world.update()!
{Mon 01:00:54 Step:1429} Server_Comm.py: The agent lost 1 packet! Is syncmode enabled?
{Mon 01:00:54 Step:1429} Server_Comm.py: Received a new packet while on world.update()!
{Mon 01:00:54 Step:1431} Server_Comm.py: The agent lost 1 packet! Is syncmode enabled?
{Mon 01:00:54 Step:1431} Server_Comm.py: Received a new packet while on world.update()!
{Mon 01:00:54 Step:1433} Server_Comm.py: The agent lost 1 packet! Is syncmode enabled?
{Mon 01:00:54 Step:1433} Server_Comm.py: Received a new packet while on world.update()!
{Mon 01:00:54 Step:1435} Server_Comm.py: The agent lost 1 packet! Is syncmode enabled?
{Mon 01:00:54 Step:1435} Server_Comm.py: Received a new packet while on world.update()!
{Mon 01:00:54 Step:1437} Server_Comm.py: The agent lost 1 packet! Is syncmode enabled?
{Mon 01:00:54 Step:1437} Server_Comm.py: Received a new packet while on world.update()!
{Mon 01:00:54 Step:1438} Server_Comm.py: Received a new packet while on world.update()!
{Mon 01:00:54 Step:1439} Server_Comm.py: Received a new packet while on world.update()!
{Mon 01:00:54 Step:1441} Server_Comm.py: The agent lost 1 packet! Is syncmode enabled?
{Mon 01:00:54 Step:1441} Server_Comm.py: Received a new packet while on world.update()!
{Mon 01:00:54 Step:1443} Server_Comm.py: The agent lost 1 packet! Is syncmode enabled?
{Mon 01:00:54 Step:1443} Server_Comm.py: Received a new packet while on world.update()!
{Mon 01:00:54 Step:1445} Server_Comm.py: The agent lost 1 packet! Is syncmode enabled?
{Mon 01:00:54 Step:1445} Server_Comm.py: Received a new packet while on world.update()!
{Mon 01:00:54 Step:1447} Server_Comm.py: The agent lost 1 packet! Is syncmode enabled?
{Mon 01:00:54 Step:1447} Server_Comm.py: Received a new packet while on world.update()!
{Mon 01:00:54 Step:1449} Server_Comm.py: The agent lost 1 packet! Is syncmode enabled?
{Mon 01:00:54 Step:1449} Server_Comm.py: Received a new packet while on world.update()!
{Mon 01:00:54 Step:1452} Server_Comm.py: The agent lost 2 consecutive packets! Is syncmode disabled?
{Mon 01:00:54 Step:1452} Server_Comm.py: Received a new packet while on world.update()!
{Mon 01:00:54 Step:1454} Server_Comm.py: The agent lost 1 packet! Is syncmode enabled?
{Mon 01:00:54 Step:1454} Server_Comm.py: Received a new packet while on world.update()!
{Mon 01:00:54 Step:1455} Server_Comm.py: Received a new packet while on world.update()!
{Mon 01:00:54 Step:1456} Server_Comm.py: Received a new packet while on world.update()!
{Mon 01:00:54 Step:1457} Server_Comm.py: Received a new packet while on world.update()!
{Mon 01:00:54 Step:1459} Server_Comm.py: The agent lost 1 packet! Is syncmode enabled?
{Mon 01:00:54 Step:1459} Server_Comm.py: Received a new packet while on world.update()!
{Mon 01:00:54 Step:1461} Server_Comm.py: The agent lost 1 packet! Is syncmode enabled?
{Mon 01:00:54 Step:1461} Server_Comm.py: Received a new packet while on world.update()!
{Mon 01:00:54 Step:1464} Server_Comm.py: The agent lost 2 consecutive packets! Is syncmode disabled?
{Mon 01:00:54 Step:1464} Server_Comm.py: Received a new packet while on world.update()!
{Mon 01:00:54 Step:1465} Server_Comm.py: Received a new packet while on world.update()!
{Mon 01:00:54 Step:1467} Server_Comm.py: The agent lost 1 packet! Is syncmode enabled?
{Mon 01:00:54 Step:1467} Server_Comm.py: Received a new packet while on world.update()!
{Mon 01:00:54 Step:1469} Server_Comm.py: The agent lost 1 packet! Is syncmode enabled?
{Mon 01:00:54 Step:1469} Server_Comm.py: Received a new packet while on world.update()!
{Mon 01:00:54 Step:1471} Server_Comm.py: The agent lost 1 packet! Is syncmode enabled?
{Mon 01:00:54 Step:1471} Server_Comm.py: Received a new packet while on world.update()!
{Mon 01:00:54 Step:1473} Server_Comm.py: The agent lost 1 packet! Is syncmode enabled?
{Mon 01:00:54 Step:1473} Server_Comm.py: Received a new packet while on world.update()!
{Mon 01:00:54 Step:1476} Server_Comm.py: The agent lost 2 consecutive packets! Is syncmode disabled?
{Mon 01:00:54 Step:1476} Server_Comm.py: Received a new packet while on world.update()!
{Mon 01:00:54 Step:1477} Server_Comm.py: Received a new packet while on world.update()!
{Mon 01:00:54 Step:1479} Server_Comm.py: The agent lost 1 packet! Is syncmode enabled?
{Mon 01:00:54 Step:1479} Server_Comm.py: Received a new packet while on world.update()!
{Mon 01:00:54 Step:1480} Server_Comm.py: Received a new packet while on world.update()!
{Mon 01:00:54 Step:1481} Server_Comm.py: Received a new packet while on world.update()!
{Mon 01:00:54 Step:1483} Server_Comm.py: The agent lost 1 packet! Is syncmode enabled?
{Mon 01:00:54 Step:1483} Server_Comm.py: Received a new packet while on world.update()!
{Mon 01:00:54 Step:1486} Server_Comm.py: The agent lost 2 consecutive packets! Is syncmode disabled?
{Mon 01:00:54 Step:1486} Server_Comm.py: Received a new packet while thinking!
{Mon 01:00:54 Step:1487} Server_Comm.py: Received a new packet while on world.update()!
{Mon 01:00:54 Step:1488} Server_Comm.py: Received a new packet while on world.update()!
{Mon 01:00:54 Step:1489} Server_Comm.py: Received a new packet while on world.update()!
{Mon 01:00:54 Step:1491} Server_Comm.py: The agent lost 1 packet! Is syncmode enabled?
{Mon 01:00:54 Step:1491} Server_Comm.py: Received a new packet while on world.update()!
{Mon 01:00:54 Step:1493} Server_Comm.py: The agent lost 1 packet! Is syncmode enabled?
{Mon 01:00:54 Step:1493} Server_Comm.py: Received a new packet while on world.update()!
{Mon 01:00:54 Step:1494} Server_Comm.py: Received a new packet while on world.update()!
{Mon 01:00:54 Step:1495} Server_Comm.py: Received a new packet while on world.update()!
{Mon 01:00:54 Step:1497} Server_Comm.py: The agent lost 1 packet! Is syncmode enabled?
{Mon 01:00:54 Step:1497} Server_Comm.py: Received a new packet while on world.update()!
{Mon 01:00:54 Step:1498} Server_Comm.py: Received a new packet while on world.update()!
{Mon 01:00:54 Step:1499} Server_Comm.py: Received a new packet while on world.update()!
{Mon 01:00:54 Step:1501} Server_Comm.py: The agent lost 1 packet! Is syncmode enabled?
{Mon 01:00:54 Step:1501} Server_Comm.py: Received a new packet while on world.update()!
{Mon 01:00:54 Step:1503} Server_Comm.py: The agent lost 1 packet! Is syncmode enabled?
{Mon 01:00:54 Step:1503} Server_Comm.py: Received a new packet while on world.update()!
{Mon 01:00:54 Step:1505} Server_Comm.py: The agent lost 1 packet! Is syncmode enabled?
{Mon 01:00:54 Step:1505} Server_Comm.py: Received a new packet while on world.update()!
{Mon 01:00:54 Step:1507} Server_Comm.py: The agent lost 1 packet! Is syncmode enabled?
{Mon 01:00:54 Step:1507} Server_Comm.py: Received a new packet while on world.update()!
{Mon 01:00:54 Step:1509} Server_Comm.py: The agent lost 1 packet! Is syncmode enabled?
{Mon 01:00:54 Step:1509} Server_Comm.py: Received a new packet while on world.update()!
{Mon 01:00:54 Step:1511} Server_Comm.py: The agent lost 1 packet! Is syncmode enabled?
{Mon 01:00:54 Step:1511} Server_Comm.py: Received a new packet while on world.update()!
{Mon 01:00:54 Step:1512} Server_Comm.py: Received a new packet while on world.update()!
{Mon 01:00:54 Step:1513} Server_Comm.py: Received a new packet while on world.update()!
{Mon 01:00:54 Step:1515} Server_Comm.py: The agent lost 1 packet! Is syncmode enabled?
{Mon 01:00:54 Step:1515} Server_Comm.py: Received a new packet while on world.update()!
{Mon 01:00:54 Step:1517} Server_Comm.py: The agent lost 1 packet! Is syncmode enabled?
{Mon 01:00:54 Step:1517} Server_Comm.py: Received a new packet while on world.update()!
{Mon 01:00:54 Step:1519} Server_Comm.py: The agent lost 1 packet! Is syncmode enabled?
{Mon 01:00:54 Step:1519} Server_Comm.py: Received a new packet while on world.update()!
{Mon 01:00:54 Step:1521} Server_Comm.py: The agent lost 1 packet! Is syncmode enabled?
{Mon 01:00:54 Step:1521} Server_Comm.py: Received a new packet while on world.update()!
{Mon 01:00:54 Step:1523} Server_Comm.py: The agent lost 1 packet! Is syncmode enabled?
{Mon 01:00:54 Step:1523} Server_Comm.py: Received a new packet while on world.update()!
{Mon 01:00:54 Step:1525} Server_Comm.py: The agent lost 1 packet! Is syncmode enabled?
{Mon 01:00:54 Step:1525} Server_Comm.py: Received a new packet while on world.update()!
{Mon 01:00:54 Step:1527} Server_Comm.py: The agent lost 1 packet! Is syncmode enabled?
{Mon 01:00:54 Step:1527} Server_Comm.py: Received a new packet while on world.update()!
{Mon 01:00:54 Step:1529} Server_Comm.py: The agent lost 1 packet! Is syncmode enabled?
{Mon 01:00:54 Step:1529} Server_Comm.py: Received a new packet while on world.update()!
{Mon 01:00:54 Step:1531} Server_Comm.py: The agent lost 1 packet! Is syncmode enabled?
{Mon 01:00:54 Step:1531} Server_Comm.py: Received a new packet while on world.update()!
{Mon 01:00:54 Step:1533} Server_Comm.py: The agent lost 1 packet! Is syncmode enabled?
{Mon 01:00:54 Step:1533} Server_Comm.py: Received a new packet while on world.update()!
{Mon 01:00:54 Step:1535} Server_Comm.py: The agent lost 1 packet! Is syncmode enabled?
{Mon 01:00:54 Step:1535} Server_Comm.py: Received a new packet while on world.update()!
{Mon 01:00:54 Step:1536} Server_Comm.py: Received a new packet while on world.update()!
{Mon 01:00:54 Step:1537} Server_Comm.py: Received a new packet while on world.update()!
{Mon 01:00:54 Step:1539} Server_Comm.py: The agent lost 1 packet! Is syncmode enabled?
{Mon 01:00:54 Step:1539} Server_Comm.py: Received a new packet while on world.update()!
{Mon 01:00:54 Step:1541} Server_Comm.py: The agent lost 1 packet! Is syncmode enabled?
{Mon 01:00:54 Step:1541} Server_Comm.py: Received a new packet while on world.update()!
{Mon 01:00:54 Step:1543} Server_Comm.py: The agent lost 1 packet! Is syncmode enabled?
{Mon 01:00:54 Step:1543} Server_Comm.py: Received a new packet while on world.update()!
{Mon 01:00:54 Step:1545} Server_Comm.py: The agent lost 1 packet! Is syncmode enabled?
{Mon 01:00:54 Step:1545} Server_Comm.py: Received a new packet while on world.update()!
{Mon 01:00:54 Step:1548} Server_Comm.py: The agent lost 2 consecutive packets! Is syncmode disabled?
{Mon 01:00:54 Step:1548} Server_Comm.py: Received a new packet while on world.update()!
{Mon 01:00:54 Step:1549} Server_Comm.py: Received a new packet while on world.update()!
{Mon 01:00:54 Step:1551} Server_Comm.py: The agent lost 1 packet! Is syncmode enabled?
{Mon 01:00:54 Step:1551} Server_Comm.py: Received a new packet while on world.update()!
{Mon 01:00:54 Step:1553} Server_Comm.py: The agent lost 1 packet! Is syncmode enabled?
{Mon 01:00:54 Step:1553} Server_Comm.py: Received a new packet while on world.update()!
{Mon 01:00:54 Step:1555} Server_Comm.py: The agent lost 1 packet! Is syncmode enabled?
{Mon 01:00:54 Step:1555} Server_Comm.py: Received a new packet while on world.update()!
{Mon 01:00:54 Step:1557} Server_Comm.py: The agent lost 1 packet! Is syncmode enabled?
{Mon 01:00:54 Step:1557} Server_Comm.py: Received a new packet while on world.update()!
{Mon 01:00:54 Step:1558} Server_Comm.py: Received a new packet while on world.update()!
{Mon 01:00:54 Step:1559} Server_Comm.py: Received a new packet while on world.update()!
{Mon 01:00:54 Step:1560} Server_Comm.py: Received a new packet while on world.update()!
{Mon 01:00:54 Step:1561} Server_Comm.py: Received a new packet while on world.update()!
{Mon 01:00:54 Step:1563} Server_Comm.py: The agent lost 1 packet! Is syncmode enabled?
{Mon 01:00:54 Step:1563} Server_Comm.py: Received a new packet while on world.update()!
{Mon 01:00:54 Step:1566} Server_Comm.py: The agent lost 2 consecutive packets! Is syncmode disabled?
{Mon 01:00:54 Step:1566} Server_Comm.py: Received a new packet while on world.update()!
{Mon 01:00:54 Step:1567} Server_Comm.py: Received a new packet while on world.update()!
{Mon 01:00:54 Step:1569} Server_Comm.py: The agent lost 1 packet! Is syncmode enabled?
{Mon 01:00:54 Step:1569} Server_Comm.py: Received a new packet while on world.update()!
{Mon 01:00:54 Step:1571} Server_Comm.py: The agent lost 1 packet! Is syncmode enabled?
{Mon 01:00:54 Step:1571} Server_Comm.py: Received a new packet while on world.update()!
{Mon 01:00:54 Step:1573} Server_Comm.py: The agent lost 1 packet! Is syncmode enabled?
{Mon 01:00:54 Step:1573} Server_Comm.py: Received a new packet while on world.update()!
{Mon 01:00:54 Step:1575} Server_Comm.py: The agent lost 1 packet! Is syncmode enabled?
{Mon 01:00:54 Step:1575} Server_Comm.py: Received a new packet while on world.update()!
{Mon 01:00:54 Step:1576} Server_Comm.py: Received a new packet while on world.update()!
{Mon 01:00:54 Step:1577} Server_Comm.py: Received a new packet while on world.update()!
{Mon 01:00:54 Step:1579} Server_Comm.py: The agent lost 1 packet! Is syncmode enabled?
{Mon 01:00:54 Step:1579} Server_Comm.py: Received a new packet while on world.update()!
{Mon 01:00:54 Step:1582} Server_Comm.py: The agent lost 2 consecutive packets! Is syncmode disabled?
{Mon 01:00:54 Step:1582} Server_Comm.py: Received a new packet while thinking!
{Mon 01:00:54 Step:1583} Server_Comm.py: Received a new packet while on world.update()!
{Mon 01:00:54 Step:1584} Server_Comm.py: Received a new packet while on world.update()!
{Mon 01:00:54 Step:1585} Server_Comm.py: Received a new packet while on world.update()!
{Mon 01:00:54 Step:1587} Server_Comm.py: The agent lost 1 packet! Is syncmode enabled?
{Mon 01:00:54 Step:1587} Server_Comm.py: Received a new packet while on world.update()!
{Mon 01:00:54 Step:1589} Server_Comm.py: The agent lost 1 packet! Is syncmode enabled?
{Mon 01:00:54 Step:1589} Server_Comm.py: Received a new packet while on world.update()!
{Mon 01:00:54 Step:1590} Server_Comm.py: Received a new packet while on world.update()!
{Mon 01:00:54 Step:1591} Server_Comm.py: Received a new packet while on world.update()!
{Mon 01:00:54 Step:1593} Server_Comm.py: The agent lost 1 packet! Is syncmode enabled?
{Mon 01:00:54 Step:1593} Server_Comm.py: Received a new packet while on world.update()!
{Mon 01:00:54 Step:1594} Server_Comm.py: Received a new packet while on world.update()!
{Mon 01:00:54 Step:1595} Server_Comm.py: Received a new packet while on world.update()!
{Mon 01:00:54 Step:1597} Server_Comm.py: The agent lost 1 packet! Is syncmode enabled?
{Mon 01:00:54 Step:1597} Server_Comm.py: Received a new packet while on world.update()!
{Mon 01:00:54 Step:1599} Server_Comm.py: The agent lost 1 packet! Is syncmode enabled?
{Mon 01:00:54 Step:1599} Server_Comm.py: Received a new packet while on world.update()!
{Mon 01:00:54 Step:1601} Server_Comm.py: The agent lost 1 packet! Is syncmode enabled?
{Mon 01:00:54 Step:1601} Server_Comm.py: Received a new packet while on world.update()!
{Mon 01:00:54 Step:1603} Server_Comm.py: The agent lost 1 packet! Is syncmode enabled?
{Mon 01:00:54 Step:1603} Server_Comm.py: Received a new packet while on world.update()!
{Mon 01:00:54 Step:1604} Server_Comm.py: Received a new packet while on world.update()!
{Mon 01:00:54 Step:1605} Server_Comm.py: Received a new packet while on world.update()!
{Mon 01:00:54 Step:1607} Server_Comm.py: The agent lost 1 packet! Is syncmode enabled?
{Mon 01:00:54 Step:1607} Server_Comm.py: Received a new packet while on world.update()!
{Mon 01:00:54 Step:1608} Server_Comm.py: Received a new packet while on world.update()!
{Mon 01:00:54 Step:1610} Server_Comm.py: The agent lost 1 packet! Is syncmode enabled?
{Mon 01:00:54 Step:1610} Server_Comm.py: Received a new packet while on world.update()!
{Mon 01:00:54 Step:1611} Server_Comm.py: Received a new packet while on world.update()!
{Mon 01:00:54 Step:1612} Server_Comm.py: Received a new packet while on world.update()!
{Mon 01:00:54 Step:1613} Server_Comm.py: Received a new packet while on world.update()!
{Mon 01:00:54 Step:1615} Server_Comm.py: The agent lost 1 packet! Is syncmode enabled?
{Mon 01:00:54 Step:1615} Server_Comm.py: Received a new packet while on world.update()!
{Mon 01:00:54 Step:1617} Server_Comm.py: The agent lost 1 packet! Is syncmode enabled?
{Mon 01:00:54 Step:1617} Server_Comm.py: Received a new packet while on world.update()!
{Mon 01:00:54 Step:1619} Server_Comm.py: The agent lost 1 packet! Is syncmode enabled?
{Mon 01:00:54 Step:1619} Server_Comm.py: Received a new packet while on world.update()!
{Mon 01:00:54 Step:1621} Server_Comm.py: The agent lost 1 packet! Is syncmode enabled?
{Mon 01:00:54 Step:1621} Server_Comm.py: Received a new packet while on world.update()!
{Mon 01:00:54 Step:1623} Server_Comm.py: The agent lost 1 packet! Is syncmode enabled?
{Mon 01:00:54 Step:1623} Server_Comm.py: Received a new packet while on world.update()!
{Mon 01:00:54 Step:1625} Server_Comm.py: The agent lost 1 packet! Is syncmode enabled?
{Mon 01:00:54 Step:1625} Server_Comm.py: Received a new packet while on world.update()!
{Mon 01:00:54 Step:1627} Server_Comm.py: The agent lost 1 packet! Is syncmode enabled?
{Mon 01:00:54 Step:1627} Server_Comm.py: Received a new packet while on world.update()!
{Mon 01:00:54 Step:1629} Server_Comm.py: The agent lost 1 packet! Is syncmode enabled?
{Mon 01:00:54 Step:1629} Server_Comm.py: Received a new packet while on world.update()!
{Mon 01:00:54 Step:1631} Server_Comm.py: The agent lost 1 packet! Is syncmode enabled?
{Mon 01:00:54 Step:1631} Server_Comm.py: Received a new packet while on world.update()!
{Mon 01:00:54 Step:1632} Server_Comm.py: Received a new packet while on world.update()!
{Mon 01:00:54 Step:1633} Server_Comm.py: Received a new packet while on world.update()!
{Mon 01:00:54 Step:1635} Server_Comm.py: The agent lost 1 packet! Is syncmode enabled?
{Mon 01:00:54 Step:1635} Server_Comm.py: Received a new packet while on world.update()!
{Mon 01:00:54 Step:1637} Server_Comm.py: The agent lost 1 packet! Is syncmode enabled?
{Mon 01:00:54 Step:1637} Server_Comm.py: Received a new packet while on world.update()!
{Mon 01:00:54 Step:1639} Server_Comm.py: The agent lost 1 packet! Is syncmode enabled?
{Mon 01:00:54 Step:1639} Server_Comm.py: Received a new packet while on world.update()!
{Mon 01:00:54 Step:1641} Server_Comm.py: The agent lost 1 packet! Is syncmode enabled?
{Mon 01:00:54 Step:1641} Server_Comm.py: Received a new packet while on world.update()!
{Mon 01:00:54 Step:1642} Server_Comm.py: Received a new packet while on world.update()!
{Mon 01:00:54 Step:1643} Server_Comm.py: Received a new packet while on world.update()!
{Mon 01:00:54 Step:1645} Server_Comm.py: The agent lost 1 packet! Is syncmode enabled?
{Mon 01:00:54 Step:1645} Server_Comm.py: Received a new packet while on world.update()!
{Mon 01:00:54 Step:1646} Server_Comm.py: Received a new packet while on world.update()!
{Mon 01:00:54 Step:1647} Server_Comm.py: Received a new packet while on world.update()!
{Mon 01:00:54 Step:1649} Server_Comm.py: The agent lost 1 packet! Is syncmode enabled?
{Mon 01:00:54 Step:1649} Server_Comm.py: Received a new packet while on world.update()!
{Mon 01:00:54 Step:1651} Server_Comm.py: The agent lost 1 packet! Is syncmode enabled?
{Mon 01:00:54 Step:1651} Server_Comm.py: Received a new packet while on world.update()!
{Mon 01:00:54 Step:1653} Server_Comm.py: The agent lost 1 packet! Is syncmode enabled?
{Mon 01:00:54 Step:1653} Server_Comm.py: Received a new packet while on world.update()!
{Mon 01:00:54 Step:1655} Server_Comm.py: The agent lost 1 packet! Is syncmode enabled?
{Mon 01:00:54 Step:1655} Server_Comm.py: Received a new packet while on world.update()!
{Mon 01:00:54 Step:1657} Server_Comm.py: The agent lost 1 packet! Is syncmode enabled?
{Mon 01:00:54 Step:1657} Server_Comm.py: Received a new packet while on world.update()!
{Mon 01:00:54 Step:1659} Server_Comm.py: The agent lost 1 packet! Is syncmode enabled?
{Mon 01:00:54 Step:1659} Server_Comm.py: Received a new packet while on world.update()!
{Mon 01:00:54 Step:1660} Server_Comm.py: Received a new packet while on world.update()!
{Mon 01:00:54 Step:1661} Server_Comm.py: Received a new packet while on world.update()!
{Mon 01:00:54 Step:1663} Server_Comm.py: The agent lost 1 packet! Is syncmode enabled?
{Mon 01:00:54 Step:1663} Server_Comm.py: Received a new packet while on world.update()!
{Mon 01:00:54 Step:1665} Server_Comm.py: The agent lost 1 packet! Is syncmode enabled?
{Mon 01:00:54 Step:1665} Server_Comm.py: Received a new packet while on world.update()!
{Mon 01:00:54 Step:1667} Server_Comm.py: The agent lost 1 packet! Is syncmode enabled?
{Mon 01:00:54 Step:1667} Server_Comm.py: Received a new packet while on world.update()!
{Mon 01:00:54 Step:1668} Server_Comm.py: Received a new packet while on world.update()!
{Mon 01:00:54 Step:1669} Server_Comm.py: Received a new packet while on world.update()!
{Mon 01:00:54 Step:1671} Server_Comm.py: The agent lost 1 packet! Is syncmode enabled?
{Mon 01:00:54 Step:1671} Server_Comm.py: Received a new packet while on world.update()!
{Mon 01:00:54 Step:1673} Server_Comm.py: The agent lost 1 packet! Is syncmode enabled?
{Mon 01:00:54 Step:1673} Server_Comm.py: Received a new packet while on world.update()!
{Mon 01:00:54 Step:1675} Server_Comm.py: The agent lost 1 packet! Is syncmode enabled?
{Mon 01:00:54 Step:1675} Server_Comm.py: Received a new packet while on world.update()!
{Mon 01:00:54 Step:1676} Server_Comm.py: Received a new packet while on world.update()!
{Mon 01:00:54 Step:1677} Server_Comm.py: Received a new packet while on world.update()!
{Mon 01:00:54 Step:1679} Server_Comm.py: The agent lost 1 packet! Is syncmode enabled?
{Mon 01:00:54 Step:1679} Server_Comm.py: Received a new packet while on world.update()!
{Mon 01:00:54 Step:1681} Server_Comm.py: The agent lost 1 packet! Is syncmode enabled?
{Mon 01:00:54 Step:1681} Server_Comm.py: Received a new packet while on world.update()!
{Mon 01:00:54 Step:1683} Server_Comm.py: The agent lost 1 packet! Is syncmode enabled?
{Mon 01:00:54 Step:1683} Server_Comm.py: Received a new packet while on world.update()!
{Mon 01:00:54 Step:1685} Server_Comm.py: The agent lost 1 packet! Is syncmode enabled?
{Mon 01:00:54 Step:1685} Server_Comm.py: Received a new packet while on world.update()!
{Mon 01:00:54 Step:1687} Server_Comm.py: The agent lost 1 packet! Is syncmode enabled?
{Mon 01:00:54 Step:1687} Server_Comm.py: Received a new packet while on world.update()!
{Mon 01:00:54 Step:1688} Server_Comm.py: Received a new packet while on world.update()!
{Mon 01:00:54 Step:1689} Server_Comm.py: Received a new packet while on world.update()!
{Mon 01:00:54 Step:1691} Server_Comm.py: The agent lost 1 packet! Is syncmode enabled?
{Mon 01:00:54 Step:1691} Server_Comm.py: Received a new packet while on world.update()!
{Mon 01:00:54 Step:1693} Server_Comm.py: The agent lost 1 packet! Is syncmode enabled?
{Mon 01:00:54 Step:1693} Server_Comm.py: Received a new packet while on world.update()!
{Mon 01:00:54 Step:1695} Server_Comm.py: The agent lost 1 packet! Is syncmode enabled?
{Mon 01:00:54 Step:1695} Server_Comm.py: Received a new packet while on world.update()!
{Mon 01:00:54 Step:1697} Server_Comm.py: The agent lost 1 packet! Is syncmode enabled?
{Mon 01:00:54 Step:1697} Server_Comm.py: Received a new packet while on world.update()!
{Mon 01:00:54 Step:1698} Server_Comm.py: Received a new packet while on world.update()!
{Mon 01:00:54 Step:1699} Server_Comm.py: Received a new packet while on world.update()!
{Mon 01:00:54 Step:1701} Server_Comm.py: The agent lost 1 packet! Is syncmode enabled?
{Mon 01:00:54 Step:1701} Server_Comm.py: Received a new packet while on world.update()!
{Mon 01:00:54 Step:1703} Server_Comm.py: The agent lost 1 packet! Is syncmode enabled?
{Mon 01:00:54 Step:1703} Server_Comm.py: Received a new packet while on world.update()!
