{Mon 01:09:59 Step:2} Server_Comm.py: The agent lost 1 packet! Is syncmode enabled?
{Mon 01:09:59 Step:2} Server_Comm.py: Received a new packet while on world.update()!
{Mon 01:09:59 Step:9} Server_Comm.py: The agent lost 6 consecutive packets! Is syncmode disabled?
{Mon 01:09:59 Step:9} Server_Comm.py: Received a new packet while on world.update()!
{Mon 01:09:59 Step:16} Server_Comm.py: The agent lost 6 consecutive packets! Is syncmode disabled?
{Mon 01:10:00 Step:16} Server_Comm.py: Received a new packet while on world.update()!
{Mon 01:10:00 Step:17} Server_Comm.py: Received a new packet while on world.update()!
{Mon 01:10:00 Step:22} Server_Comm.py: The agent lost 4 consecutive packets! Is syncmode disabled?
{Mon 01:10:00 Step:25} Server_Comm.py: The agent lost 1 packet! Is syncmode enabled?
{Mon 01:10:00 Step:28} Server_Comm.py: The agent lost 2 consecutive packets! Is syncmode disabled?
{Mon 01:10:00 Step:30} Server_Comm.py: The agent lost 1 packet! Is syncmode enabled?
{Mon 01:10:00 Step:30} Server_Comm.py: Received a new packet while thinking!
{Mon 01:10:00 Step:116} Server_Comm.py: The agent lost 85 consecutive packets! Is syncmode disabled?
{Mon 01:10:00 Step:132} Server_Comm.py: The agent lost 15 consecutive packets! Is syncmode disabled?
{Mon 01:10:00 Step:138} Server_Comm.py: The agent lost 5 consecutive packets! Is syncmode disabled?
{Mon 01:10:00 Step:140} Server_Comm.py: The agent lost 1 packet! Is syncmode enabled?
{Mon 01:10:00 Step:143} Server_Comm.py: The agent lost 2 consecutive packets! Is syncmode disabled?
{Mon 01:10:00 Step:146} Server_Comm.py: The agent lost 2 consecutive packets! Is syncmode disabled?
{Mon 01:10:00 Step:154} Server_Comm.py: The agent lost 7 consecutive packets! Is syncmode disabled?
{Mon 01:10:00 Step:158} Server_Comm.py: The agent lost 3 consecutive packets! Is syncmode disabled?
{Mon 01:10:00 Step:160} Server_Comm.py: The agent lost 1 packet! Is syncmode enabled?
{Mon 01:10:00 Step:162} Server_Comm.py: The agent lost 1 packet! Is syncmode enabled?
{Mon 01:10:00 Step:165} Server_Comm.py: The agent lost 2 consecutive packets! Is syncmode disabled?
{Mon 01:10:00 Step:168} Server_Comm.py: The agent lost 2 consecutive packets! Is syncmode disabled?
{Mon 01:10:00 Step:170} Server_Comm.py: The agent lost 1 packet! Is syncmode enabled?
{Mon 01:10:00 Step:172} Server_Comm.py: The agent lost 1 packet! Is syncmode enabled?
{Mon 01:10:00 Step:174} Server_Comm.py: The agent lost 1 packet! Is syncmode enabled?
{Mon 01:10:00 Step:177} Server_Comm.py: The agent lost 1 packet! Is syncmode enabled?
{Mon 01:10:00 Step:180} Server_Comm.py: The agent lost 2 consecutive packets! Is syncmode disabled?
{Mon 01:10:00 Step:180} Server_Comm.py: Received a new packet while thinking!
{Mon 01:10:00 Step:402} Server_Comm.py: The agent lost 221 consecutive packets! Is syncmode disabled?
{Mon 01:10:00 Step:402} Server_Comm.py: Received a new packet while on world.update()!
{Mon 01:10:00 Step:404} Server_Comm.py: The agent lost 1 packet! Is syncmode enabled?
{Mon 01:10:00 Step:404} Server_Comm.py: Received a new packet while on world.update()!
{Mon 01:10:00 Step:406} Server_Comm.py: The agent lost 1 packet! Is syncmode enabled?
{Mon 01:10:00 Step:406} Server_Comm.py: Received a new packet while thinking!
{Mon 01:10:00 Step:408} Server_Comm.py: The agent lost 1 packet! Is syncmode enabled?
{Mon 01:10:00 Step:408} Server_Comm.py: Received a new packet while thinking!
{Mon 01:10:00 Step:410} Server_Comm.py: The agent lost 1 packet! Is syncmode enabled?
{Mon 01:10:00 Step:410} Server_Comm.py: Received a new packet while on world.update()!
{Mon 01:10:00 Step:411} Server_Comm.py: Received a new packet while on world.update()!
{Mon 01:10:00 Step:414} Server_Comm.py: The agent lost 2 consecutive packets! Is syncmode disabled?
{Mon 01:10:00 Step:414} Server_Comm.py: Received a new packet while on world.update()!
{Mon 01:10:00 Step:415} Server_Comm.py: Received a new packet while on world.update()!
{Mon 01:10:00 Step:418} Server_Comm.py: The agent lost 2 consecutive packets! Is syncmode disabled?
{Mon 01:10:00 Step:418} Server_Comm.py: Received a new packet while on world.update()!
{Mon 01:10:00 Step:420} Server_Comm.py: The agent lost 1 packet! Is syncmode enabled?
{Mon 01:10:00 Step:423} Server_Comm.py: The agent lost 1 packet! Is syncmode enabled?
{Mon 01:10:00 Step:426} Server_Comm.py: The agent lost 2 consecutive packets! Is syncmode disabled?
{Mon 01:10:00 Step:430} Server_Comm.py: The agent lost 2 consecutive packets! Is syncmode disabled?
{Mon 01:10:00 Step:432} Server_Comm.py: The agent lost 1 packet! Is syncmode enabled?
{Mon 01:10:00 Step:436} Server_Comm.py: The agent lost 2 consecutive packets! Is syncmode disabled?
{Mon 01:10:00 Step:438} Server_Comm.py: The agent lost 1 packet! Is syncmode enabled?
{Mon 01:10:00 Step:440} Server_Comm.py: The agent lost 1 packet! Is syncmode enabled?
{Mon 01:10:00 Step:442} Server_Comm.py: The agent lost 1 packet! Is syncmode enabled?
{Mon 01:10:00 Step:446} Server_Comm.py: The agent lost 2 consecutive packets! Is syncmode disabled?
{Mon 01:10:00 Step:450} Server_Comm.py: The agent lost 2 consecutive packets! Is syncmode disabled?
{Mon 01:10:00 Step:452} Server_Comm.py: The agent lost 1 packet! Is syncmode enabled?
{Mon 01:10:00 Step:454} Server_Comm.py: The agent lost 1 packet! Is syncmode enabled?
{Mon 01:10:00 Step:456} Server_Comm.py: The agent lost 1 packet! Is syncmode enabled?
{Mon 01:10:00 Step:460} Server_Comm.py: The agent lost 2 consecutive packets! Is syncmode disabled?
{Mon 01:10:00 Step:462} Server_Comm.py: The agent lost 1 packet! Is syncmode enabled?
{Mon 01:10:00 Step:466} Server_Comm.py: The agent lost 2 consecutive packets! Is syncmode disabled?
{Mon 01:10:00 Step:468} Server_Comm.py: The agent lost 1 packet! Is syncmode enabled?
{Mon 01:10:00 Step:472} Server_Comm.py: The agent lost 2 consecutive packets! Is syncmode disabled?
{Mon 01:10:00 Step:476} Server_Comm.py: The agent lost 3 consecutive packets! Is syncmode disabled?
{Mon 01:10:00 Step:480} Server_Comm.py: The agent lost 3 consecutive packets! Is syncmode disabled?
{Mon 01:10:00 Step:484} Server_Comm.py: The agent lost 3 consecutive packets! Is syncmode disabled?
{Mon 01:10:00 Step:488} Server_Comm.py: The agent lost 3 consecutive packets! Is syncmode disabled?
{Mon 01:10:00 Step:491} Server_Comm.py: The agent lost 2 consecutive packets! Is syncmode disabled?
{Mon 01:10:00 Step:495} Server_Comm.py: The agent lost 3 consecutive packets! Is syncmode disabled?
{Mon 01:10:00 Step:501} Server_Comm.py: The agent lost 5 consecutive packets! Is syncmode disabled?
{Mon 01:10:00 Step:505} Server_Comm.py: The agent lost 3 consecutive packets! Is syncmode disabled?
{Mon 01:10:00 Step:509} Server_Comm.py: The agent lost 3 consecutive packets! Is syncmode disabled?
{Mon 01:10:00 Step:511} Server_Comm.py: The agent lost 1 packet! Is syncmode enabled?
{Mon 01:10:00 Step:513} Server_Comm.py: The agent lost 1 packet! Is syncmode enabled?
{Mon 01:10:00 Step:516} Server_Comm.py: The agent lost 2 consecutive packets! Is syncmode disabled?
{Mon 01:10:00 Step:520} Server_Comm.py: The agent lost 2 consecutive packets! Is syncmode disabled?
{Mon 01:10:00 Step:522} Server_Comm.py: The agent lost 1 packet! Is syncmode enabled?
{Mon 01:10:00 Step:524} Server_Comm.py: The agent lost 1 packet! Is syncmode enabled?
{Mon 01:10:00 Step:529} Server_Comm.py: The agent lost 3 consecutive packets! Is syncmode disabled?
{Mon 01:10:00 Step:536} Server_Comm.py: The agent lost 6 consecutive packets! Is syncmode disabled?
{Mon 01:10:00 Step:542} Server_Comm.py: The agent lost 5 consecutive packets! Is syncmode disabled?
{Mon 01:10:00 Step:548} Server_Comm.py: The agent lost 5 consecutive packets! Is syncmode disabled?
{Mon 01:10:00 Step:553} Server_Comm.py: The agent lost 4 consecutive packets! Is syncmode disabled?
{Mon 01:10:00 Step:558} Server_Comm.py: The agent lost 4 consecutive packets! Is syncmode disabled?
{Mon 01:10:00 Step:562} Server_Comm.py: The agent lost 3 consecutive packets! Is syncmode disabled?
{Mon 01:10:00 Step:565} Server_Comm.py: The agent lost 2 consecutive packets! Is syncmode disabled?
{Mon 01:10:00 Step:568} Server_Comm.py: The agent lost 2 consecutive packets! Is syncmode disabled?
{Mon 01:10:00 Step:570} Server_Comm.py: The agent lost 1 packet! Is syncmode enabled?
{Mon 01:10:00 Step:573} Server_Comm.py: The agent lost 2 consecutive packets! Is syncmode disabled?
{Mon 01:10:00 Step:576} Server_Comm.py: The agent lost 2 consecutive packets! Is syncmode disabled?
{Mon 01:10:00 Step:578} Server_Comm.py: The agent lost 1 packet! Is syncmode enabled?
{Mon 01:10:00 Step:580} Server_Comm.py: The agent lost 1 packet! Is syncmode enabled?
{Mon 01:10:00 Step:583} Server_Comm.py: The agent lost 2 consecutive packets! Is syncmode disabled?
{Mon 01:10:00 Step:586} Server_Comm.py: The agent lost 2 consecutive packets! Is syncmode disabled?
{Mon 01:10:00 Step:589} Server_Comm.py: The agent lost 2 consecutive packets! Is syncmode disabled?
{Mon 01:10:00 Step:591} Server_Comm.py: The agent lost 1 packet! Is syncmode enabled?
{Mon 01:10:00 Step:593} Server_Comm.py: The agent lost 1 packet! Is syncmode enabled?
{Mon 01:10:00 Step:596} Server_Comm.py: The agent lost 2 consecutive packets! Is syncmode disabled?
{Mon 01:10:00 Step:598} Server_Comm.py: The agent lost 1 packet! Is syncmode enabled?
{Mon 01:10:00 Step:601} Server_Comm.py: The agent lost 2 consecutive packets! Is syncmode disabled?
{Mon 01:10:00 Step:604} Server_Comm.py: The agent lost 2 consecutive packets! Is syncmode disabled?
{Mon 01:10:00 Step:606} Server_Comm.py: The agent lost 1 packet! Is syncmode enabled?
{Mon 01:10:00 Step:608} Server_Comm.py: The agent lost 1 packet! Is syncmode enabled?
{Mon 01:10:00 Step:610} Server_Comm.py: The agent lost 1 packet! Is syncmode enabled?
{Mon 01:10:00 Step:613} Server_Comm.py: The agent lost 2 consecutive packets! Is syncmode disabled?
{Mon 01:10:00 Step:615} Server_Comm.py: The agent lost 1 packet! Is syncmode enabled?
{Mon 01:10:00 Step:617} Server_Comm.py: The agent lost 1 packet! Is syncmode enabled?
{Mon 01:10:00 Step:620} Server_Comm.py: The agent lost 2 consecutive packets! Is syncmode disabled?
{Mon 01:10:00 Step:622} Server_Comm.py: The agent lost 1 packet! Is syncmode enabled?
{Mon 01:10:00 Step:624} Server_Comm.py: The agent lost 1 packet! Is syncmode enabled?
{Mon 01:10:00 Step:636} Server_Comm.py: The agent lost 2 consecutive packets! Is syncmode disabled?
{Mon 01:10:00 Step:638} Server_Comm.py: The agent lost 1 packet! Is syncmode enabled?
{Mon 01:10:00 Step:648} Server_Comm.py: The agent lost 8 consecutive packets! Is syncmode disabled?
{Mon 01:10:00 Step:651} Server_Comm.py: The agent lost 2 consecutive packets! Is syncmode disabled?
{Mon 01:10:00 Step:655} Server_Comm.py: The agent lost 3 consecutive packets! Is syncmode disabled?
{Mon 01:10:00 Step:659} Server_Comm.py: The agent lost 3 consecutive packets! Is syncmode disabled?
{Mon 01:10:00 Step:666} Server_Comm.py: The agent lost 6 consecutive packets! Is syncmode disabled?
{Mon 01:10:00 Step:673} Server_Comm.py: The agent lost 6 consecutive packets! Is syncmode disabled?
{Mon 01:10:00 Step:680} Server_Comm.py: The agent lost 6 consecutive packets! Is syncmode disabled?
{Mon 01:10:00 Step:686} Server_Comm.py: The agent lost 5 consecutive packets! Is syncmode disabled?
{Mon 01:10:00 Step:690} Server_Comm.py: The agent lost 3 consecutive packets! Is syncmode disabled?
{Mon 01:10:00 Step:692} Server_Comm.py: The agent lost 1 packet! Is syncmode enabled?
{Mon 01:10:00 Step:694} Server_Comm.py: The agent lost 1 packet! Is syncmode enabled?
{Mon 01:10:00 Step:699} Server_Comm.py: The agent lost 1 packet! Is syncmode enabled?
{Mon 01:10:00 Step:701} Server_Comm.py: The agent lost 1 packet! Is syncmode enabled?
{Mon 01:10:00 Step:704} Server_Comm.py: The agent lost 2 consecutive packets! Is syncmode disabled?
{Mon 01:10:00 Step:706} Server_Comm.py: The agent lost 1 packet! Is syncmode enabled?
{Mon 01:10:00 Step:709} Server_Comm.py: The agent lost 1 packet! Is syncmode enabled?
{Mon 01:10:00 Step:716} Server_Comm.py: The agent lost 1 packet! Is syncmode enabled?
{Mon 01:10:00 Step:720} Server_Comm.py: The agent lost 1 packet! Is syncmode enabled?
{Mon 01:10:00 Step:722} Server_Comm.py: The agent lost 1 packet! Is syncmode enabled?
{Mon 01:10:00 Step:725} Server_Comm.py: The agent lost 2 consecutive packets! Is syncmode disabled?
{Mon 01:10:00 Step:728} Server_Comm.py: The agent lost 2 consecutive packets! Is syncmode disabled?
{Mon 01:10:00 Step:730} Server_Comm.py: The agent lost 1 packet! Is syncmode enabled?
{Mon 01:10:00 Step:732} Server_Comm.py: The agent lost 1 packet! Is syncmode enabled?
{Mon 01:10:00 Step:734} Server_Comm.py: The agent lost 1 packet! Is syncmode enabled?
{Mon 01:10:00 Step:738} Server_Comm.py: The agent lost 1 packet! Is syncmode enabled?
{Mon 01:10:00 Step:745} Server_Comm.py: The agent lost 1 packet! Is syncmode enabled?
{Mon 01:10:00 Step:752} Server_Comm.py: The agent lost 1 packet! Is syncmode enabled?
{Mon 01:10:00 Step:756} Server_Comm.py: The agent lost 1 packet! Is syncmode enabled?
{Mon 01:10:00 Step:775} Server_Comm.py: The agent lost 1 packet! Is syncmode enabled?
{Mon 01:10:00 Step:786} Server_Comm.py: The agent lost 1 packet! Is syncmode enabled?
{Mon 01:10:00 Step:798} Server_Comm.py: The agent lost 4 consecutive packets! Is syncmode disabled?
{Mon 01:10:00 Step:802} Server_Comm.py: The agent lost 3 consecutive packets! Is syncmode disabled?
{Mon 01:10:00 Step:802} Server_Comm.py: Received a new packet while thinking!
{Mon 01:10:00 Step:1022} Server_Comm.py: The agent lost 219 consecutive packets! Is syncmode disabled?
{Mon 01:10:00 Step:1022} Server_Comm.py: Received a new packet while on world.update()!
{Mon 01:10:00 Step:1024} Server_Comm.py: The agent lost 1 packet! Is syncmode enabled?
{Mon 01:10:00 Step:1024} Server_Comm.py: Received a new packet while thinking!
{Mon 01:10:00 Step:1025} Server_Comm.py: Received a new packet while on world.update()!
{Mon 01:10:00 Step:1028} Server_Comm.py: The agent lost 2 consecutive packets! Is syncmode disabled?
{Mon 01:10:00 Step:1028} Server_Comm.py: Received a new packet while on world.update()!
{Mon 01:10:00 Step:1030} Server_Comm.py: The agent lost 1 packet! Is syncmode enabled?
{Mon 01:10:00 Step:1030} Server_Comm.py: Received a new packet while thinking!
{Mon 01:10:00 Step:1031} Server_Comm.py: Received a new packet while on world.update()!
{Mon 01:10:00 Step:1034} Server_Comm.py: The agent lost 2 consecutive packets! Is syncmode disabled?
{Mon 01:10:00 Step:1034} Server_Comm.py: Received a new packet while on world.update()!
{Mon 01:10:00 Step:1035} Server_Comm.py: Received a new packet while on world.update()!
{Mon 01:10:00 Step:1038} Server_Comm.py: The agent lost 2 consecutive packets! Is syncmode disabled?
{Mon 01:10:00 Step:1038} Server_Comm.py: Received a new packet while on world.update()!
{Mon 01:10:00 Step:1040} Server_Comm.py: The agent lost 1 packet! Is syncmode enabled?
{Mon 01:10:00 Step:1040} Server_Comm.py: Received a new packet while thinking!
{Mon 01:10:00 Step:1041} Server_Comm.py: Received a new packet while on world.update()!
{Mon 01:10:00 Step:1044} Server_Comm.py: The agent lost 2 consecutive packets! Is syncmode disabled?
{Mon 01:10:00 Step:1044} Server_Comm.py: Received a new packet while on world.update()!
{Mon 01:10:00 Step:1045} Server_Comm.py: Received a new packet while on world.update()!
{Mon 01:10:00 Step:1048} Server_Comm.py: The agent lost 2 consecutive packets! Is syncmode disabled?
{Mon 01:10:00 Step:1052} Server_Comm.py: The agent lost 2 consecutive packets! Is syncmode disabled?
{Mon 01:10:00 Step:1056} Server_Comm.py: The agent lost 2 consecutive packets! Is syncmode disabled?
{Mon 01:10:00 Step:1058} Server_Comm.py: The agent lost 1 packet! Is syncmode enabled?
{Mon 01:10:00 Step:1060} Server_Comm.py: The agent lost 1 packet! Is syncmode enabled?
{Mon 01:10:00 Step:1064} Server_Comm.py: The agent lost 2 consecutive packets! Is syncmode disabled?
{Mon 01:10:00 Step:1066} Server_Comm.py: The agent lost 1 packet! Is syncmode enabled?
{Mon 01:10:00 Step:1068} Server_Comm.py: The agent lost 1 packet! Is syncmode enabled?
{Mon 01:10:00 Step:1072} Server_Comm.py: The agent lost 2 consecutive packets! Is syncmode disabled?
{Mon 01:10:00 Step:1074} Server_Comm.py: The agent lost 1 packet! Is syncmode enabled?
{Mon 01:10:00 Step:1078} Server_Comm.py: The agent lost 2 consecutive packets! Is syncmode disabled?
{Mon 01:10:00 Step:1080} Server_Comm.py: The agent lost 1 packet! Is syncmode enabled?
{Mon 01:10:00 Step:1082} Server_Comm.py: The agent lost 1 packet! Is syncmode enabled?
{Mon 01:10:00 Step:1084} Server_Comm.py: The agent lost 1 packet! Is syncmode enabled?
{Mon 01:10:00 Step:1086} Server_Comm.py: The agent lost 1 packet! Is syncmode enabled?
{Mon 01:10:00 Step:1092} Server_Comm.py: The agent lost 1 packet! Is syncmode enabled?
{Mon 01:10:00 Step:1095} Server_Comm.py: The agent lost 1 packet! Is syncmode enabled?
{Mon 01:10:00 Step:1106} Server_Comm.py: The agent lost 1 packet! Is syncmode enabled?
{Mon 01:10:00 Step:1117} Server_Comm.py: The agent lost 1 packet! Is syncmode enabled?
{Mon 01:10:00 Step:1121} Server_Comm.py: The agent lost 1 packet! Is syncmode enabled?
{Mon 01:10:00 Step:1124} Server_Comm.py: The agent lost 1 packet! Is syncmode enabled?
{Mon 01:10:00 Step:1150} Server_Comm.py: The agent lost 1 packet! Is syncmode enabled?
{Mon 01:10:00 Step:1153} Server_Comm.py: The agent lost 1 packet! Is syncmode enabled?
{Mon 01:10:00 Step:1156} Server_Comm.py: The agent lost 1 packet! Is syncmode enabled?
{Mon 01:10:00 Step:1160} Server_Comm.py: The agent lost 1 packet! Is syncmode enabled?
{Mon 01:10:00 Step:1163} Server_Comm.py: The agent lost 1 packet! Is syncmode enabled?
{Mon 01:10:00 Step:1170} Server_Comm.py: The agent lost 6 consecutive packets! Is syncmode disabled?
{Mon 01:10:00 Step:1173} Server_Comm.py: The agent lost 2 consecutive packets! Is syncmode disabled?
{Mon 01:10:00 Step:1177} Server_Comm.py: The agent lost 3 consecutive packets! Is syncmode disabled?
{Mon 01:10:00 Step:1180} Server_Comm.py: The agent lost 2 consecutive packets! Is syncmode disabled?
{Mon 01:10:00 Step:1182} Server_Comm.py: The agent lost 1 packet! Is syncmode enabled?
{Mon 01:10:00 Step:1184} Server_Comm.py: The agent lost 1 packet! Is syncmode enabled?
{Mon 01:10:00 Step:1187} Server_Comm.py: The agent lost 1 packet! Is syncmode enabled?
{Mon 01:10:00 Step:1190} Server_Comm.py: The agent lost 2 consecutive packets! Is syncmode disabled?
{Mon 01:10:00 Step:1194} Server_Comm.py: The agent lost 2 consecutive packets! Is syncmode disabled?
{Mon 01:10:00 Step:1198} Server_Comm.py: The agent lost 2 consecutive packets! Is syncmode disabled?
{Mon 01:10:00 Step:1200} Server_Comm.py: The agent lost 1 packet! Is syncmode enabled?
{Mon 01:10:00 Step:1204} Server_Comm.py: The agent lost 2 consecutive packets! Is syncmode disabled?
{Mon 01:10:00 Step:1206} Server_Comm.py: The agent lost 1 packet! Is syncmode enabled?
{Mon 01:10:00 Step:1208} Server_Comm.py: The agent lost 1 packet! Is syncmode enabled?
{Mon 01:10:00 Step:1210} Server_Comm.py: The agent lost 1 packet! Is syncmode enabled?
{Mon 01:10:00 Step:1214} Server_Comm.py: The agent lost 2 consecutive packets! Is syncmode disabled?
{Mon 01:10:00 Step:1217} Server_Comm.py: The agent lost 1 packet! Is syncmode enabled?
{Mon 01:10:00 Step:1220} Server_Comm.py: The agent lost 2 consecutive packets! Is syncmode disabled?
{Mon 01:10:00 Step:1222} Server_Comm.py: The agent lost 1 packet! Is syncmode enabled?
{Mon 01:10:00 Step:1225} Server_Comm.py: The agent lost 1 packet! Is syncmode enabled?
{Mon 01:10:00 Step:1228} Server_Comm.py: The agent lost 2 consecutive packets! Is syncmode disabled?
{Mon 01:10:00 Step:1230} Server_Comm.py: The agent lost 1 packet! Is syncmode enabled?
{Mon 01:10:00 Step:1233} Server_Comm.py: The agent lost 1 packet! Is syncmode enabled?
{Mon 01:10:00 Step:1236} Server_Comm.py: The agent lost 2 consecutive packets! Is syncmode disabled?
{Mon 01:10:00 Step:1244} Server_Comm.py: The agent lost 1 packet! Is syncmode enabled?
{Mon 01:10:00 Step:1255} Server_Comm.py: The agent lost 1 packet! Is syncmode enabled?
{Mon 01:10:00 Step:1258} Server_Comm.py: The agent lost 2 consecutive packets! Is syncmode disabled?
{Mon 01:10:00 Step:1260} Server_Comm.py: The agent lost 1 packet! Is syncmode enabled?
{Mon 01:10:00 Step:1262} Server_Comm.py: The agent lost 1 packet! Is syncmode enabled?
{Mon 01:10:00 Step:1266} Server_Comm.py: The agent lost 1 packet! Is syncmode enabled?
{Mon 01:10:00 Step:1298} Server_Comm.py: The agent lost 1 packet! Is syncmode enabled?
{Mon 01:10:00 Step:1302} Server_Comm.py: The agent lost 2 consecutive packets! Is syncmode disabled?
{Mon 01:10:00 Step:1304} Server_Comm.py: The agent lost 1 packet! Is syncmode enabled?
{Mon 01:10:00 Step:1312} Server_Comm.py: The agent lost 6 consecutive packets! Is syncmode disabled?
{Mon 01:10:00 Step:1315} Server_Comm.py: The agent lost 2 consecutive packets! Is syncmode disabled?
{Mon 01:10:00 Step:1318} Server_Comm.py: The agent lost 2 consecutive packets! Is syncmode disabled?
{Mon 01:10:00 Step:1320} Server_Comm.py: The agent lost 1 packet! Is syncmode enabled?
{Mon 01:10:00 Step:1322} Server_Comm.py: The agent lost 1 packet! Is syncmode enabled?
{Mon 01:10:00 Step:1326} Server_Comm.py: The agent lost 2 consecutive packets! Is syncmode disabled?
{Mon 01:10:00 Step:1328} Server_Comm.py: The agent lost 1 packet! Is syncmode enabled?
{Mon 01:10:00 Step:1331} Server_Comm.py: The agent lost 1 packet! Is syncmode enabled?
{Mon 01:10:00 Step:1334} Server_Comm.py: The agent lost 2 consecutive packets! Is syncmode disabled?
{Mon 01:10:00 Step:1336} Server_Comm.py: The agent lost 1 packet! Is syncmode enabled?
{Mon 01:10:00 Step:1340} Server_Comm.py: The agent lost 2 consecutive packets! Is syncmode disabled?
{Mon 01:10:00 Step:1342} Server_Comm.py: The agent lost 1 packet! Is syncmode enabled?
{Mon 01:10:00 Step:1346} Server_Comm.py: The agent lost 2 consecutive packets! Is syncmode disabled?
{Mon 01:10:00 Step:1348} Server_Comm.py: The agent lost 1 packet! Is syncmode enabled?
{Mon 01:10:00 Step:1350} Server_Comm.py: The agent lost 1 packet! Is syncmode enabled?
{Mon 01:10:00 Step:1353} Server_Comm.py: The agent lost 1 packet! Is syncmode enabled?
{Mon 01:10:00 Step:1356} Server_Comm.py: The agent lost 2 consecutive packets! Is syncmode disabled?
{Mon 01:10:00 Step:1358} Server_Comm.py: The agent lost 1 packet! Is syncmode enabled?
{Mon 01:10:00 Step:1361} Server_Comm.py: The agent lost 1 packet! Is syncmode enabled?
{Mon 01:10:00 Step:1364} Server_Comm.py: The agent lost 1 packet! Is syncmode enabled?
{Mon 01:10:00 Step:1379} Server_Comm.py: The agent lost 1 packet! Is syncmode enabled?
{Mon 01:10:00 Step:1382} Server_Comm.py: The agent lost 1 packet! Is syncmode enabled?
{Mon 01:10:00 Step:1385} Server_Comm.py: The agent lost 2 consecutive packets! Is syncmode disabled?
{Mon 01:10:00 Step:1388} Server_Comm.py: The agent lost 2 consecutive packets! Is syncmode disabled?
{Mon 01:10:00 Step:1391} Server_Comm.py: The agent lost 2 consecutive packets! Is syncmode disabled?
{Mon 01:10:00 Step:1393} Server_Comm.py: The agent lost 1 packet! Is syncmode enabled?
{Mon 01:10:00 Step:1396} Server_Comm.py: The agent lost 2 consecutive packets! Is syncmode disabled?
{Mon 01:10:00 Step:1399} Server_Comm.py: The agent lost 2 consecutive packets! Is syncmode disabled?
{Mon 01:10:00 Step:1401} Server_Comm.py: The agent lost 1 packet! Is syncmode enabled?
{Mon 01:10:00 Step:1404} Server_Comm.py: The agent lost 2 consecutive packets! Is syncmode disabled?
{Mon 01:10:00 Step:1407} Server_Comm.py: The agent lost 2 consecutive packets! Is syncmode disabled?
{Mon 01:10:00 Step:1409} Server_Comm.py: The agent lost 1 packet! Is syncmode enabled?
{Mon 01:10:01 Step:1412} Server_Comm.py: The agent lost 2 consecutive packets! Is syncmode disabled?
{Mon 01:10:01 Step:1414} Server_Comm.py: The agent lost 1 packet! Is syncmode enabled?
{Mon 01:10:01 Step:1417} Server_Comm.py: The agent lost 2 consecutive packets! Is syncmode disabled?
{Mon 01:10:01 Step:1419} Server_Comm.py: The agent lost 1 packet! Is syncmode enabled?
{Mon 01:10:01 Step:1422} Server_Comm.py: The agent lost 1 packet! Is syncmode enabled?
{Mon 01:10:01 Step:1425} Server_Comm.py: The agent lost 1 packet! Is syncmode enabled?
{Mon 01:10:01 Step:1442} Server_Comm.py: The agent lost 1 packet! Is syncmode enabled?
{Mon 01:10:01 Step:1446} Server_Comm.py: The agent lost 1 packet! Is syncmode enabled?
{Mon 01:10:01 Step:1450} Server_Comm.py: The agent lost 1 packet! Is syncmode enabled?
{Mon 01:10:01 Step:1454} Server_Comm.py: The agent lost 1 packet! Is syncmode enabled?
{Mon 01:10:01 Step:1460} Server_Comm.py: The agent lost 2 consecutive packets! Is syncmode disabled?
{Mon 01:10:01 Step:1468} Server_Comm.py: The agent lost 6 consecutive packets! Is syncmode disabled?
{Mon 01:10:01 Step:1472} Server_Comm.py: The agent lost 3 consecutive packets! Is syncmode disabled?
{Mon 01:10:01 Step:1474} Server_Comm.py: The agent lost 1 packet! Is syncmode enabled?
{Mon 01:10:01 Step:1476} Server_Comm.py: The agent lost 1 packet! Is syncmode enabled?
{Mon 01:10:01 Step:1478} Server_Comm.py: The agent lost 1 packet! Is syncmode enabled?
{Mon 01:10:01 Step:1482} Server_Comm.py: The agent lost 2 consecutive packets! Is syncmode disabled?
{Mon 01:10:01 Step:1484} Server_Comm.py: The agent lost 1 packet! Is syncmode enabled?
{Mon 01:10:01 Step:1486} Server_Comm.py: The agent lost 1 packet! Is syncmode enabled?
{Mon 01:10:01 Step:1490} Server_Comm.py: The agent lost 2 consecutive packets! Is syncmode disabled?
{Mon 01:10:01 Step:1492} Server_Comm.py: The agent lost 1 packet! Is syncmode enabled?
{Mon 01:10:01 Step:1492} Server_Comm.py: Received a new packet while thinking!
{Mon 01:10:01 Step:1654} Server_Comm.py: The agent lost 161 consecutive packets! Is syncmode disabled?
{Mon 01:10:01 Step:1667} Server_Comm.py: The agent lost 12 consecutive packets! Is syncmode disabled?
{Mon 01:10:01 Step:1672} Server_Comm.py: The agent lost 4 consecutive packets! Is syncmode disabled?
{Mon 01:10:01 Step:1675} Server_Comm.py: The agent lost 1 packet! Is syncmode enabled?
{Mon 01:10:01 Step:1680} Server_Comm.py: The agent lost 1 packet! Is syncmode enabled?
{Mon 01:10:01 Step:1686} Server_Comm.py: The agent lost 1 packet! Is syncmode enabled?
{Mon 01:10:01 Step:1693} Server_Comm.py: The agent lost 1 packet! Is syncmode enabled?
{Mon 01:10:01 Step:1702} Server_Comm.py: The agent lost 1 packet! Is syncmode enabled?
{Mon 01:10:01 Step:1706} Server_Comm.py: The agent lost 1 packet! Is syncmode enabled?
{Mon 01:10:01 Step:1725} Server_Comm.py: The agent lost 1 packet! Is syncmode enabled?
{Mon 01:10:01 Step:1728} Server_Comm.py: The agent lost 2 consecutive packets! Is syncmode disabled?
{Mon 01:10:01 Step:1730} Server_Comm.py: The agent lost 1 packet! Is syncmode enabled?
{Mon 01:10:01 Step:1733} Server_Comm.py: The agent lost 2 consecutive packets! Is syncmode disabled?
{Mon 01:10:01 Step:1735} Server_Comm.py: The agent lost 1 packet! Is syncmode enabled?
{Mon 01:10:01 Step:1737} Server_Comm.py: The agent lost 1 packet! Is syncmode enabled?
{Mon 01:10:01 Step:1739} Server_Comm.py: The agent lost 1 packet! Is syncmode enabled?
{Mon 01:10:01 Step:1742} Server_Comm.py: The agent lost 2 consecutive packets! Is syncmode disabled?
{Mon 01:10:01 Step:1744} Server_Comm.py: The agent lost 1 packet! Is syncmode enabled?
{Mon 01:10:01 Step:1746} Server_Comm.py: The agent lost 1 packet! Is syncmode enabled?
{Mon 01:10:01 Step:1748} Server_Comm.py: The agent lost 1 packet! Is syncmode enabled?
{Mon 01:10:01 Step:1751} Server_Comm.py: The agent lost 2 consecutive packets! Is syncmode disabled?
{Mon 01:10:01 Step:1754} Server_Comm.py: The agent lost 2 consecutive packets! Is syncmode disabled?
{Mon 01:10:01 Step:1757} Server_Comm.py: The agent lost 1 packet! Is syncmode enabled?
{Mon 01:10:01 Step:1760} Server_Comm.py: The agent lost 1 packet! Is syncmode enabled?
{Mon 01:10:01 Step:1762} Server_Comm.py: The agent lost 1 packet! Is syncmode enabled?
{Mon 01:10:01 Step:1764} Server_Comm.py: The agent lost 1 packet! Is syncmode enabled?
{Mon 01:10:01 Step:1766} Server_Comm.py: The agent lost 1 packet! Is syncmode enabled?
{Mon 01:10:01 Step:1769} Server_Comm.py: The agent lost 2 consecutive packets! Is syncmode disabled?
{Mon 01:10:01 Step:1772} Server_Comm.py: The agent lost 2 consecutive packets! Is syncmode disabled?
{Mon 01:10:01 Step:1774} Server_Comm.py: The agent lost 1 packet! Is syncmode enabled?
{Mon 01:10:01 Step:1777} Server_Comm.py: The agent lost 2 consecutive packets! Is syncmode disabled?
{Mon 01:10:01 Step:1780} Server_Comm.py: The agent lost 2 consecutive packets! Is syncmode disabled?
{Mon 01:10:01 Step:1782} Server_Comm.py: The agent lost 1 packet! Is syncmode enabled?
{Mon 01:10:01 Step:1786} Server_Comm.py: The agent lost 1 packet! Is syncmode enabled?
{Mon 01:10:01 Step:1788} Server_Comm.py: The agent lost 1 packet! Is syncmode enabled?
{Mon 01:10:01 Step:1790} Server_Comm.py: The agent lost 1 packet! Is syncmode enabled?
{Mon 01:10:01 Step:1792} Server_Comm.py: The agent lost 1 packet! Is syncmode enabled?
{Mon 01:10:01 Step:1795} Server_Comm.py: The agent lost 2 consecutive packets! Is syncmode disabled?
{Mon 01:10:01 Step:1798} Server_Comm.py: The agent lost 2 consecutive packets! Is syncmode disabled?
{Mon 01:10:01 Step:1801} Server_Comm.py: The agent lost 2 consecutive packets! Is syncmode disabled?
{Mon 01:10:01 Step:1804} Server_Comm.py: The agent lost 2 consecutive packets! Is syncmode disabled?
{Mon 01:10:01 Step:1807} Server_Comm.py: The agent lost 2 consecutive packets! Is syncmode disabled?
{Mon 01:10:01 Step:1814} Server_Comm.py: The agent lost 6 consecutive packets! Is syncmode disabled?
{Mon 01:10:01 Step:1818} Server_Comm.py: The agent lost 3 consecutive packets! Is syncmode disabled?
{Mon 01:10:01 Step:1822} Server_Comm.py: The agent lost 3 consecutive packets! Is syncmode disabled?
{Mon 01:10:01 Step:1826} Server_Comm.py: The agent lost 3 consecutive packets! Is syncmode disabled?
{Mon 01:10:01 Step:1826} Server_Comm.py: Received a new packet while thinking!
{Mon 01:10:01 Step:2052} Server_Comm.py: The agent lost 225 consecutive packets! Is syncmode disabled?
{Mon 01:10:01 Step:2068} Server_Comm.py: The agent lost 15 consecutive packets! Is syncmode disabled?
{Mon 01:10:01 Step:2074} Server_Comm.py: The agent lost 5 consecutive packets! Is syncmode disabled?
{Mon 01:10:01 Step:2077} Server_Comm.py: The agent lost 2 consecutive packets! Is syncmode disabled?
{Mon 01:10:01 Step:2081} Server_Comm.py: The agent lost 3 consecutive packets! Is syncmode disabled?
{Mon 01:10:01 Step:2084} Server_Comm.py: The agent lost 2 consecutive packets! Is syncmode disabled?
{Mon 01:10:01 Step:2086} Server_Comm.py: The agent lost 1 packet! Is syncmode enabled?
{Mon 01:10:01 Step:2088} Server_Comm.py: The agent lost 1 packet! Is syncmode enabled?
{Mon 01:10:01 Step:2090} Server_Comm.py: The agent lost 1 packet! Is syncmode enabled?
{Mon 01:10:01 Step:2092} Server_Comm.py: The agent lost 1 packet! Is syncmode enabled?
{Mon 01:10:01 Step:2092} Server_Comm.py: Received a new packet while thinking!
{Mon 01:10:01 Step:2282} Server_Comm.py: The agent lost 189 consecutive packets! Is syncmode disabled?
{Mon 01:10:01 Step:2282} Server_Comm.py: Received a new packet while on world.update()!
{Mon 01:10:01 Step:2284} Server_Comm.py: The agent lost 1 packet! Is syncmode enabled?
{Mon 01:10:01 Step:2284} Server_Comm.py: Received a new packet while on world.update()!
{Mon 01:10:01 Step:2285} Server_Comm.py: Received a new packet while on world.update()!
{Mon 01:10:01 Step:2288} Server_Comm.py: The agent lost 2 consecutive packets! Is syncmode disabled?
{Mon 01:10:01 Step:2288} Server_Comm.py: Received a new packet while thinking!
{Mon 01:10:01 Step:2290} Server_Comm.py: The agent lost 1 packet! Is syncmode enabled?
{Mon 01:10:01 Step:2290} Server_Comm.py: Received a new packet while thinking!
{Mon 01:10:01 Step:2292} Server_Comm.py: The agent lost 1 packet! Is syncmode enabled?
{Mon 01:10:01 Step:2296} Server_Comm.py: The agent lost 2 consecutive packets! Is syncmode disabled?
{Mon 01:10:01 Step:2299} Server_Comm.py: The agent lost 2 consecutive packets! Is syncmode disabled?
{Mon 01:10:01 Step:2303} Server_Comm.py: The agent lost 3 consecutive packets! Is syncmode disabled?
{Mon 01:10:01 Step:2307} Server_Comm.py: The agent lost 3 consecutive packets! Is syncmode disabled?
{Mon 01:10:01 Step:2310} Server_Comm.py: The agent lost 2 consecutive packets! Is syncmode disabled?
{Mon 01:10:01 Step:2313} Server_Comm.py: The agent lost 1 packet! Is syncmode enabled?
{Mon 01:10:01 Step:2315} Server_Comm.py: The agent lost 1 packet! Is syncmode enabled?
{Mon 01:10:01 Step:2318} Server_Comm.py: The agent lost 2 consecutive packets! Is syncmode disabled?
{Mon 01:10:01 Step:2320} Server_Comm.py: The agent lost 1 packet! Is syncmode enabled?
{Mon 01:10:01 Step:2327} Server_Comm.py: The agent lost 1 packet! Is syncmode enabled?
{Mon 01:10:01 Step:2329} Server_Comm.py: The agent lost 1 packet! Is syncmode enabled?
{Mon 01:10:01 Step:2331} Server_Comm.py: The agent lost 1 packet! Is syncmode enabled?
{Mon 01:10:01 Step:2333} Server_Comm.py: The agent lost 1 packet! Is syncmode enabled?
{Mon 01:10:01 Step:2337} Server_Comm.py: The agent lost 1 packet! Is syncmode enabled?
{Mon 01:10:01 Step:2339} Server_Comm.py: The agent lost 1 packet! Is syncmode enabled?
{Mon 01:10:01 Step:2343} Server_Comm.py: The agent lost 1 packet! Is syncmode enabled?
{Mon 01:10:01 Step:2347} Server_Comm.py: The agent lost 1 packet! Is syncmode enabled?
{Mon 01:10:01 Step:2350} Server_Comm.py: The agent lost 1 packet! Is syncmode enabled?
{Mon 01:10:01 Step:2353} Server_Comm.py: The agent lost 1 packet! Is syncmode enabled?
{Mon 01:10:01 Step:2357} Server_Comm.py: The agent lost 1 packet! Is syncmode enabled?
{Mon 01:10:01 Step:2362} Server_Comm.py: The agent lost 1 packet! Is syncmode enabled?
{Mon 01:10:01 Step:2368} Server_Comm.py: The agent lost 1 packet! Is syncmode enabled?
{Mon 01:10:01 Step:2389} Server_Comm.py: The agent lost 1 packet! Is syncmode enabled?
{Mon 01:10:01 Step:2393} Server_Comm.py: The agent lost 1 packet! Is syncmode enabled?
{Mon 01:10:01 Step:2398} Server_Comm.py: The agent lost 1 packet! Is syncmode enabled?
{Mon 01:10:01 Step:2411} Server_Comm.py: The agent lost 1 packet! Is syncmode enabled?
{Mon 01:10:01 Step:2414} Server_Comm.py: The agent lost 2 consecutive packets! Is syncmode disabled?
{Mon 01:10:01 Step:2416} Server_Comm.py: The agent lost 1 packet! Is syncmode enabled?
{Mon 01:10:01 Step:2422} Server_Comm.py: The agent lost 5 consecutive packets! Is syncmode disabled?
{Mon 01:10:01 Step:2425} Server_Comm.py: The agent lost 2 consecutive packets! Is syncmode disabled?
{Mon 01:10:01 Step:2428} Server_Comm.py: The agent lost 2 consecutive packets! Is syncmode disabled?
{Mon 01:10:01 Step:2432} Server_Comm.py: The agent lost 2 consecutive packets! Is syncmode disabled?
{Mon 01:10:01 Step:2435} Server_Comm.py: The agent lost 2 consecutive packets! Is syncmode disabled?
{Mon 01:10:01 Step:2439} Server_Comm.py: The agent lost 3 consecutive packets! Is syncmode disabled?
{Mon 01:10:01 Step:2442} Server_Comm.py: The agent lost 2 consecutive packets! Is syncmode disabled?
{Mon 01:10:01 Step:2444} Server_Comm.py: The agent lost 1 packet! Is syncmode enabled?
{Mon 01:10:01 Step:2446} Server_Comm.py: The agent lost 1 packet! Is syncmode enabled?
{Mon 01:10:01 Step:2448} Server_Comm.py: The agent lost 1 packet! Is syncmode enabled?
{Mon 01:10:01 Step:2452} Server_Comm.py: The agent lost 2 consecutive packets! Is syncmode disabled?
{Mon 01:10:01 Step:2454} Server_Comm.py: The agent lost 1 packet! Is syncmode enabled?
{Mon 01:10:01 Step:2458} Server_Comm.py: The agent lost 2 consecutive packets! Is syncmode disabled?
{Mon 01:10:01 Step:2460} Server_Comm.py: The agent lost 1 packet! Is syncmode enabled?
{Mon 01:10:01 Step:2462} Server_Comm.py: The agent lost 1 packet! Is syncmode enabled?
{Mon 01:10:01 Step:2464} Server_Comm.py: The agent lost 1 packet! Is syncmode enabled?
{Mon 01:10:01 Step:2468} Server_Comm.py: The agent lost 2 consecutive packets! Is syncmode disabled?
{Mon 01:10:01 Step:2470} Server_Comm.py: The agent lost 1 packet! Is syncmode enabled?
{Mon 01:10:01 Step:2474} Server_Comm.py: The agent lost 2 consecutive packets! Is syncmode disabled?
{Mon 01:10:01 Step:2476} Server_Comm.py: The agent lost 1 packet! Is syncmode enabled?
{Mon 01:10:01 Step:2479} Server_Comm.py: The agent lost 1 packet! Is syncmode enabled?
{Mon 01:10:01 Step:2482} Server_Comm.py: The agent lost 2 consecutive packets! Is syncmode disabled?
{Mon 01:10:01 Step:2484} Server_Comm.py: The agent lost 1 packet! Is syncmode enabled?
{Mon 01:10:01 Step:2486} Server_Comm.py: The agent lost 1 packet! Is syncmode enabled?
{Mon 01:10:01 Step:2488} Server_Comm.py: The agent lost 1 packet! Is syncmode enabled?
{Mon 01:10:01 Step:2490} Server_Comm.py: The agent lost 1 packet! Is syncmode enabled?
{Mon 01:10:01 Step:2492} Server_Comm.py: The agent lost 1 packet! Is syncmode enabled?
{Mon 01:10:01 Step:2495} Server_Comm.py: The agent lost 1 packet! Is syncmode enabled?
{Mon 01:10:01 Step:2498} Server_Comm.py: The agent lost 2 consecutive packets! Is syncmode disabled?
{Mon 01:10:01 Step:2500} Server_Comm.py: The agent lost 1 packet! Is syncmode enabled?
{Mon 01:10:01 Step:2504} Server_Comm.py: The agent lost 2 consecutive packets! Is syncmode disabled?
{Mon 01:10:01 Step:2506} Server_Comm.py: The agent lost 1 packet! Is syncmode enabled?
{Mon 01:10:01 Step:2510} Server_Comm.py: The agent lost 2 consecutive packets! Is syncmode disabled?
{Mon 01:10:01 Step:2512} Server_Comm.py: The agent lost 1 packet! Is syncmode enabled?
{Mon 01:10:01 Step:2514} Server_Comm.py: The agent lost 1 packet! Is syncmode enabled?
{Mon 01:10:01 Step:2516} Server_Comm.py: The agent lost 1 packet! Is syncmode enabled?
{Mon 01:10:01 Step:2518} Server_Comm.py: The agent lost 1 packet! Is syncmode enabled?
{Mon 01:10:01 Step:2520} Server_Comm.py: The agent lost 1 packet! Is syncmode enabled?
{Mon 01:10:01 Step:2524} Server_Comm.py: The agent lost 2 consecutive packets! Is syncmode disabled?
{Mon 01:10:01 Step:2528} Server_Comm.py: The agent lost 2 consecutive packets! Is syncmode disabled?
{Mon 01:10:01 Step:2530} Server_Comm.py: The agent lost 1 packet! Is syncmode enabled?
{Mon 01:10:01 Step:2534} Server_Comm.py: The agent lost 2 consecutive packets! Is syncmode disabled?
{Mon 01:10:01 Step:2536} Server_Comm.py: The agent lost 1 packet! Is syncmode enabled?
{Mon 01:10:01 Step:2540} Server_Comm.py: The agent lost 2 consecutive packets! Is syncmode disabled?
{Mon 01:10:01 Step:2542} Server_Comm.py: The agent lost 1 packet! Is syncmode enabled?
{Mon 01:10:01 Step:2544} Server_Comm.py: The agent lost 1 packet! Is syncmode enabled?
{Mon 01:10:01 Step:2548} Server_Comm.py: The agent lost 2 consecutive packets! Is syncmode disabled?
{Mon 01:10:01 Step:2550} Server_Comm.py: The agent lost 1 packet! Is syncmode enabled?
{Mon 01:10:01 Step:2554} Server_Comm.py: The agent lost 2 consecutive packets! Is syncmode disabled?
{Mon 01:10:01 Step:2556} Server_Comm.py: The agent lost 1 packet! Is syncmode enabled?
{Mon 01:10:01 Step:2558} Server_Comm.py: The agent lost 1 packet! Is syncmode enabled?
{Mon 01:10:01 Step:2562} Server_Comm.py: The agent lost 2 consecutive packets! Is syncmode disabled?
{Mon 01:10:01 Step:2564} Server_Comm.py: The agent lost 1 packet! Is syncmode enabled?
{Mon 01:10:01 Step:2566} Server_Comm.py: The agent lost 1 packet! Is syncmode enabled?
{Mon 01:10:01 Step:2568} Server_Comm.py: The agent lost 1 packet! Is syncmode enabled?
{Mon 01:10:01 Step:2570} Server_Comm.py: The agent lost 1 packet! Is syncmode enabled?
{Mon 01:10:01 Step:2573} Server_Comm.py: The agent lost 1 packet! Is syncmode enabled?
{Mon 01:10:01 Step:2577} Server_Comm.py: The agent lost 3 consecutive packets! Is syncmode disabled?
{Mon 01:10:01 Step:2581} Server_Comm.py: The agent lost 3 consecutive packets! Is syncmode disabled?
{Mon 01:10:01 Step:2586} Server_Comm.py: The agent lost 4 consecutive packets! Is syncmode disabled?
{Mon 01:10:01 Step:2588} Server_Comm.py: The agent lost 1 packet! Is syncmode enabled?
{Mon 01:10:01 Step:2590} Server_Comm.py: The agent lost 1 packet! Is syncmode enabled?
{Mon 01:10:01 Step:2592} Server_Comm.py: The agent lost 1 packet! Is syncmode enabled?
{Mon 01:10:01 Step:2594} Server_Comm.py: The agent lost 1 packet! Is syncmode enabled?
{Mon 01:10:01 Step:2596} Server_Comm.py: The agent lost 1 packet! Is syncmode enabled?
{Mon 01:10:01 Step:2600} Server_Comm.py: The agent lost 2 consecutive packets! Is syncmode disabled?
{Mon 01:10:01 Step:2602} Server_Comm.py: The agent lost 1 packet! Is syncmode enabled?
{Mon 01:10:01 Step:2604} Server_Comm.py: The agent lost 1 packet! Is syncmode enabled?
{Mon 01:10:01 Step:2609} Server_Comm.py: The agent lost 3 consecutive packets! Is syncmode disabled?
{Mon 01:10:01 Step:2612} Server_Comm.py: The agent lost 2 consecutive packets! Is syncmode disabled?
{Mon 01:10:01 Step:2614} Server_Comm.py: The agent lost 1 packet! Is syncmode enabled?
{Mon 01:10:01 Step:2616} Server_Comm.py: The agent lost 1 packet! Is syncmode enabled?
{Mon 01:10:01 Step:2618} Server_Comm.py: The agent lost 1 packet! Is syncmode enabled?
{Mon 01:10:01 Step:2623} Server_Comm.py: The agent lost 4 consecutive packets! Is syncmode disabled?
{Mon 01:10:01 Step:2628} Server_Comm.py: The agent lost 4 consecutive packets! Is syncmode disabled?
{Mon 01:10:01 Step:2631} Server_Comm.py: The agent lost 2 consecutive packets! Is syncmode disabled?
{Mon 01:10:01 Step:2635} Server_Comm.py: The agent lost 3 consecutive packets! Is syncmode disabled?
{Mon 01:10:01 Step:2639} Server_Comm.py: The agent lost 3 consecutive packets! Is syncmode disabled?
{Mon 01:10:01 Step:2642} Server_Comm.py: The agent lost 2 consecutive packets! Is syncmode disabled?
{Mon 01:10:01 Step:2644} Server_Comm.py: The agent lost 1 packet! Is syncmode enabled?
{Mon 01:10:01 Step:2646} Server_Comm.py: The agent lost 1 packet! Is syncmode enabled?
{Mon 01:10:01 Step:2650} Server_Comm.py: The agent lost 2 consecutive packets! Is syncmode disabled?
{Mon 01:10:01 Step:2652} Server_Comm.py: The agent lost 1 packet! Is syncmode enabled?
{Mon 01:10:01 Step:2654} Server_Comm.py: The agent lost 1 packet! Is syncmode enabled?
{Mon 01:10:01 Step:2659} Server_Comm.py: The agent lost 3 consecutive packets! Is syncmode disabled?
{Mon 01:10:01 Step:2663} Server_Comm.py: The agent lost 3 consecutive packets! Is syncmode disabled?
{Mon 01:10:01 Step:2668} Server_Comm.py: The agent lost 4 consecutive packets! Is syncmode disabled?
{Mon 01:10:01 Step:2670} Server_Comm.py: The agent lost 1 packet! Is syncmode enabled?
{Mon 01:10:01 Step:2672} Server_Comm.py: The agent lost 1 packet! Is syncmode enabled?
{Mon 01:10:01 Step:2700} Server_Comm.py: The agent lost 1 packet! Is syncmode enabled?
{Mon 01:10:01 Step:2714} Server_Comm.py: The agent lost 1 packet! Is syncmode enabled?
{Mon 01:10:01 Step:2718} Server_Comm.py: The agent lost 1 packet! Is syncmode enabled?
{Mon 01:10:01 Step:2738} Server_Comm.py: The agent lost 1 packet! Is syncmode enabled?
{Mon 01:10:01 Step:2745} Server_Comm.py: The agent lost 1 packet! Is syncmode enabled?
{Mon 01:10:01 Step:2750} Server_Comm.py: The agent lost 2 consecutive packets! Is syncmode disabled?
{Mon 01:10:01 Step:2753} Server_Comm.py: The agent lost 1 packet! Is syncmode enabled?
{Mon 01:10:01 Step:2793} Server_Comm.py: The agent lost 39 consecutive packets! Is syncmode disabled?
{Mon 01:10:01 Step:2808} Server_Comm.py: The agent lost 14 consecutive packets! Is syncmode disabled?
{Mon 01:10:01 Step:2814} Server_Comm.py: The agent lost 5 consecutive packets! Is syncmode disabled?
{Mon 01:10:01 Step:2818} Server_Comm.py: The agent lost 3 consecutive packets! Is syncmode disabled?
{Mon 01:10:01 Step:2820} Server_Comm.py: The agent lost 1 packet! Is syncmode enabled?
{Mon 01:10:01 Step:2822} Server_Comm.py: The agent lost 1 packet! Is syncmode enabled?
{Mon 01:10:01 Step:2826} Server_Comm.py: The agent lost 2 consecutive packets! Is syncmode disabled?
{Mon 01:10:01 Step:2830} Server_Comm.py: The agent lost 2 consecutive packets! Is syncmode disabled?
{Mon 01:10:01 Step:2830} Server_Comm.py: Received a new packet while thinking!
{Mon 01:10:01 Step:2956} Server_Comm.py: The agent lost 125 consecutive packets! Is syncmode disabled?
{Mon 01:10:01 Step:2956} Server_Comm.py: Received a new packet while thinking!
{Mon 01:10:01 Step:2957} Server_Comm.py: Received a new packet while on world.update()!
{Mon 01:10:01 Step:2958} Server_Comm.py: Received a new packet while thinking!
{Mon 01:10:01 Step:2959} Server_Comm.py: Received a new packet while on world.update()!
{Mon 01:10:01 Step:2960} Server_Comm.py: Received a new packet while on world.update()!
{Mon 01:10:01 Step:2961} Server_Comm.py: Received a new packet while on world.update()!
{Mon 01:10:01 Step:2963} Server_Comm.py: The agent lost 1 packet! Is syncmode enabled?
{Mon 01:10:01 Step:2963} Server_Comm.py: Received a new packet while on world.update()!
{Mon 01:10:01 Step:2964} Server_Comm.py: Received a new packet while on world.update()!
{Mon 01:10:01 Step:2965} Server_Comm.py: Received a new packet while on world.update()!
{Mon 01:10:01 Step:2967} Server_Comm.py: The agent lost 1 packet! Is syncmode enabled?
{Mon 01:10:01 Step:2967} Server_Comm.py: Received a new packet while on world.update()!
{Mon 01:10:01 Step:2969} Server_Comm.py: The agent lost 1 packet! Is syncmode enabled?
{Mon 01:10:01 Step:2969} Server_Comm.py: Received a new packet while on world.update()!
{Mon 01:10:01 Step:2970} Server_Comm.py: Received a new packet while on world.update()!
{Mon 01:10:01 Step:2971} Server_Comm.py: Received a new packet while on world.update()!
{Mon 01:10:01 Step:2972} Server_Comm.py: Received a new packet while on world.update()!
{Mon 01:10:01 Step:2973} Server_Comm.py: Received a new packet while on world.update()!
{Mon 01:10:01 Step:2975} Server_Comm.py: The agent lost 1 packet! Is syncmode enabled?
{Mon 01:10:01 Step:2975} Server_Comm.py: Received a new packet while on world.update()!
{Mon 01:10:01 Step:2976} Server_Comm.py: Received a new packet while on world.update()!
{Mon 01:10:01 Step:2978} Server_Comm.py: The agent lost 1 packet! Is syncmode enabled?
{Mon 01:10:01 Step:2978} Server_Comm.py: Received a new packet while thinking!
{Mon 01:10:01 Step:2979} Server_Comm.py: Received a new packet while on world.update()!
{Mon 01:10:01 Step:2980} Server_Comm.py: Received a new packet while on world.update()!
{Mon 01:10:01 Step:2981} Server_Comm.py: Received a new packet while on world.update()!
{Mon 01:10:01 Step:2982} Server_Comm.py: Received a new packet while on world.update()!
{Mon 01:10:01 Step:2983} Server_Comm.py: Received a new packet while on world.update()!
{Mon 01:10:01 Step:2989} Server_Comm.py: The agent lost 1 packet! Is syncmode enabled?
{Mon 01:10:01 Step:2991} Server_Comm.py: The agent lost 1 packet! Is syncmode enabled?
{Mon 01:10:01 Step:2994} Server_Comm.py: The agent lost 2 consecutive packets! Is syncmode disabled?
{Mon 01:10:01 Step:2997} Server_Comm.py: The agent lost 1 packet! Is syncmode enabled?
{Mon 01:10:01 Step:3000} Server_Comm.py: The agent lost 1 packet! Is syncmode enabled?
{Mon 01:10:01 Step:3004} Server_Comm.py: The agent lost 1 packet! Is syncmode enabled?
{Mon 01:10:01 Step:3007} Server_Comm.py: The agent lost 1 packet! Is syncmode enabled?
{Mon 01:10:01 Step:3009} Server_Comm.py: The agent lost 1 packet! Is syncmode enabled?
{Mon 01:10:01 Step:3012} Server_Comm.py: The agent lost 1 packet! Is syncmode enabled?
{Mon 01:10:01 Step:3042} Server_Comm.py: The agent lost 1 packet! Is syncmode enabled?
{Mon 01:10:01 Step:3048} Server_Comm.py: The agent lost 1 packet! Is syncmode enabled?
{Mon 01:10:01 Step:3052} Server_Comm.py: The agent lost 1 packet! Is syncmode enabled?
{Mon 01:10:01 Step:3058} Server_Comm.py: The agent lost 1 packet! Is syncmode enabled?
{Mon 01:10:01 Step:3072} Server_Comm.py: The agent lost 1 packet! Is syncmode enabled?
{Mon 01:10:01 Step:3080} Server_Comm.py: The agent lost 1 packet! Is syncmode enabled?
{Mon 01:10:01 Step:3082} Server_Comm.py: The agent lost 1 packet! Is syncmode enabled?
{Mon 01:10:01 Step:3088} Server_Comm.py: The agent lost 2 consecutive packets! Is syncmode disabled?
{Mon 01:10:01 Step:3090} Server_Comm.py: The agent lost 1 packet! Is syncmode enabled?
{Mon 01:10:01 Step:3096} Server_Comm.py: The agent lost 5 consecutive packets! Is syncmode disabled?
{Mon 01:10:01 Step:3100} Server_Comm.py: The agent lost 3 consecutive packets! Is syncmode disabled?
{Mon 01:10:01 Step:3103} Server_Comm.py: The agent lost 2 consecutive packets! Is syncmode disabled?
{Mon 01:10:01 Step:3107} Server_Comm.py: The agent lost 3 consecutive packets! Is syncmode disabled?
{Mon 01:10:01 Step:3110} Server_Comm.py: The agent lost 2 consecutive packets! Is syncmode disabled?
{Mon 01:10:01 Step:3112} Server_Comm.py: The agent lost 1 packet! Is syncmode enabled?
{Mon 01:10:01 Step:3114} Server_Comm.py: The agent lost 1 packet! Is syncmode enabled?
{Mon 01:10:01 Step:3116} Server_Comm.py: The agent lost 1 packet! Is syncmode enabled?
{Mon 01:10:01 Step:3118} Server_Comm.py: The agent lost 1 packet! Is syncmode enabled?
{Mon 01:10:02 Step:3122} Server_Comm.py: The agent lost 2 consecutive packets! Is syncmode disabled?
{Mon 01:10:02 Step:3124} Server_Comm.py: The agent lost 1 packet! Is syncmode enabled?
{Mon 01:10:02 Step:3126} Server_Comm.py: The agent lost 1 packet! Is syncmode enabled?
{Mon 01:10:02 Step:3128} Server_Comm.py: The agent lost 1 packet! Is syncmode enabled?
{Mon 01:10:02 Step:3130} Server_Comm.py: The agent lost 1 packet! Is syncmode enabled?
{Mon 01:10:02 Step:3134} Server_Comm.py: The agent lost 2 consecutive packets! Is syncmode disabled?
{Mon 01:10:02 Step:3136} Server_Comm.py: The agent lost 1 packet! Is syncmode enabled?
{Mon 01:10:02 Step:3138} Server_Comm.py: The agent lost 1 packet! Is syncmode enabled?
{Mon 01:10:02 Step:3140} Server_Comm.py: The agent lost 1 packet! Is syncmode enabled?
{Mon 01:10:02 Step:3144} Server_Comm.py: The agent lost 2 consecutive packets! Is syncmode disabled?
{Mon 01:10:02 Step:3146} Server_Comm.py: The agent lost 1 packet! Is syncmode enabled?
{Mon 01:10:02 Step:3148} Server_Comm.py: The agent lost 1 packet! Is syncmode enabled?
{Mon 01:10:02 Step:3150} Server_Comm.py: The agent lost 1 packet! Is syncmode enabled?
{Mon 01:10:02 Step:3152} Server_Comm.py: The agent lost 1 packet! Is syncmode enabled?
{Mon 01:10:02 Step:3154} Server_Comm.py: The agent lost 1 packet! Is syncmode enabled?
{Mon 01:10:02 Step:3158} Server_Comm.py: The agent lost 2 consecutive packets! Is syncmode disabled?
{Mon 01:10:02 Step:3162} Server_Comm.py: The agent lost 2 consecutive packets! Is syncmode disabled?
{Mon 01:10:02 Step:3164} Server_Comm.py: The agent lost 1 packet! Is syncmode enabled?
{Mon 01:10:02 Step:3166} Server_Comm.py: The agent lost 1 packet! Is syncmode enabled?
{Mon 01:10:02 Step:3170} Server_Comm.py: The agent lost 2 consecutive packets! Is syncmode disabled?
{Mon 01:10:02 Step:3174} Server_Comm.py: The agent lost 2 consecutive packets! Is syncmode disabled?
{Mon 01:10:02 Step:3176} Server_Comm.py: The agent lost 1 packet! Is syncmode enabled?
{Mon 01:10:02 Step:3178} Server_Comm.py: The agent lost 1 packet! Is syncmode enabled?
{Mon 01:10:02 Step:3182} Server_Comm.py: The agent lost 2 consecutive packets! Is syncmode disabled?
{Mon 01:10:02 Step:3184} Server_Comm.py: The agent lost 1 packet! Is syncmode enabled?
{Mon 01:10:02 Step:3186} Server_Comm.py: The agent lost 1 packet! Is syncmode enabled?
{Mon 01:10:02 Step:3188} Server_Comm.py: The agent lost 1 packet! Is syncmode enabled?
{Mon 01:10:02 Step:3190} Server_Comm.py: The agent lost 1 packet! Is syncmode enabled?
{Mon 01:10:02 Step:3192} Server_Comm.py: The agent lost 1 packet! Is syncmode enabled?
{Mon 01:10:02 Step:3196} Server_Comm.py: The agent lost 2 consecutive packets! Is syncmode disabled?
{Mon 01:10:02 Step:3198} Server_Comm.py: The agent lost 1 packet! Is syncmode enabled?
{Mon 01:10:02 Step:3200} Server_Comm.py: The agent lost 1 packet! Is syncmode enabled?
{Mon 01:10:02 Step:3203} Server_Comm.py: The agent lost 1 packet! Is syncmode enabled?
{Mon 01:10:02 Step:3206} Server_Comm.py: The agent lost 2 consecutive packets! Is syncmode disabled?
{Mon 01:10:02 Step:3208} Server_Comm.py: The agent lost 1 packet! Is syncmode enabled?
{Mon 01:10:02 Step:3210} Server_Comm.py: The agent lost 1 packet! Is syncmode enabled?
{Mon 01:10:02 Step:3212} Server_Comm.py: The agent lost 1 packet! Is syncmode enabled?
{Mon 01:10:02 Step:3214} Server_Comm.py: The agent lost 1 packet! Is syncmode enabled?
{Mon 01:10:02 Step:3216} Server_Comm.py: The agent lost 1 packet! Is syncmode enabled?
{Mon 01:10:02 Step:3218} Server_Comm.py: The agent lost 1 packet! Is syncmode enabled?
{Mon 01:10:02 Step:3225} Server_Comm.py: The agent lost 1 packet! Is syncmode enabled?
{Mon 01:10:02 Step:3235} Server_Comm.py: The agent lost 1 packet! Is syncmode enabled?
{Mon 01:10:02 Step:3238} Server_Comm.py: The agent lost 1 packet! Is syncmode enabled?
{Mon 01:10:02 Step:3241} Server_Comm.py: The agent lost 1 packet! Is syncmode enabled?
{Mon 01:10:02 Step:3243} Server_Comm.py: The agent lost 1 packet! Is syncmode enabled?
{Mon 01:10:02 Step:3246} Server_Comm.py: The agent lost 2 consecutive packets! Is syncmode disabled?
{Mon 01:10:02 Step:3248} Server_Comm.py: The agent lost 1 packet! Is syncmode enabled?
{Mon 01:10:02 Step:3251} Server_Comm.py: The agent lost 1 packet! Is syncmode enabled?
{Mon 01:10:02 Step:3255} Server_Comm.py: The agent lost 1 packet! Is syncmode enabled?
{Mon 01:10:02 Step:3259} Server_Comm.py: The agent lost 1 packet! Is syncmode enabled?
{Mon 01:10:02 Step:3262} Server_Comm.py: The agent lost 2 consecutive packets! Is syncmode disabled?
{Mon 01:10:02 Step:3271} Server_Comm.py: The agent lost 7 consecutive packets! Is syncmode disabled?
{Mon 01:10:02 Step:3277} Server_Comm.py: The agent lost 5 consecutive packets! Is syncmode disabled?
{Mon 01:10:02 Step:3282} Server_Comm.py: The agent lost 4 consecutive packets! Is syncmode disabled?
{Mon 01:10:02 Step:3284} Server_Comm.py: The agent lost 1 packet! Is syncmode enabled?
{Mon 01:10:02 Step:3286} Server_Comm.py: The agent lost 1 packet! Is syncmode enabled?
{Mon 01:10:02 Step:3288} Server_Comm.py: The agent lost 1 packet! Is syncmode enabled?
{Mon 01:10:02 Step:3292} Server_Comm.py: The agent lost 2 consecutive packets! Is syncmode disabled?
{Mon 01:10:02 Step:3294} Server_Comm.py: The agent lost 1 packet! Is syncmode enabled?
{Mon 01:10:02 Step:3296} Server_Comm.py: The agent lost 1 packet! Is syncmode enabled?
{Mon 01:10:02 Step:3298} Server_Comm.py: The agent lost 1 packet! Is syncmode enabled?
{Mon 01:10:02 Step:3300} Server_Comm.py: The agent lost 1 packet! Is syncmode enabled?
{Mon 01:10:02 Step:3304} Server_Comm.py: The agent lost 1 packet! Is syncmode enabled?
{Mon 01:10:02 Step:3308} Server_Comm.py: The agent lost 2 consecutive packets! Is syncmode disabled?
{Mon 01:10:02 Step:3310} Server_Comm.py: The agent lost 1 packet! Is syncmode enabled?
{Mon 01:10:02 Step:3314} Server_Comm.py: The agent lost 2 consecutive packets! Is syncmode disabled?
{Mon 01:10:02 Step:3316} Server_Comm.py: The agent lost 1 packet! Is syncmode enabled?
{Mon 01:10:02 Step:3320} Server_Comm.py: The agent lost 2 consecutive packets! Is syncmode disabled?
{Mon 01:10:02 Step:3323} Server_Comm.py: The agent lost 2 consecutive packets! Is syncmode disabled?
{Mon 01:10:02 Step:3326} Server_Comm.py: The agent lost 2 consecutive packets! Is syncmode disabled?
{Mon 01:10:02 Step:3328} Server_Comm.py: The agent lost 1 packet! Is syncmode enabled?
{Mon 01:10:02 Step:3330} Server_Comm.py: The agent lost 1 packet! Is syncmode enabled?
{Mon 01:10:02 Step:3332} Server_Comm.py: The agent lost 1 packet! Is syncmode enabled?
{Mon 01:10:02 Step:3334} Server_Comm.py: The agent lost 1 packet! Is syncmode enabled?
{Mon 01:10:02 Step:3338} Server_Comm.py: The agent lost 2 consecutive packets! Is syncmode disabled?
{Mon 01:10:02 Step:3342} Server_Comm.py: The agent lost 2 consecutive packets! Is syncmode disabled?
{Mon 01:10:02 Step:3344} Server_Comm.py: The agent lost 1 packet! Is syncmode enabled?
{Mon 01:10:02 Step:3346} Server_Comm.py: The agent lost 1 packet! Is syncmode enabled?
{Mon 01:10:02 Step:3348} Server_Comm.py: The agent lost 1 packet! Is syncmode enabled?
{Mon 01:10:02 Step:3352} Server_Comm.py: The agent lost 2 consecutive packets! Is syncmode disabled?
{Mon 01:10:02 Step:3354} Server_Comm.py: The agent lost 1 packet! Is syncmode enabled?
{Mon 01:10:02 Step:3356} Server_Comm.py: The agent lost 1 packet! Is syncmode enabled?
{Mon 01:10:02 Step:3359} Server_Comm.py: The agent lost 1 packet! Is syncmode enabled?
{Mon 01:10:02 Step:3362} Server_Comm.py: The agent lost 2 consecutive packets! Is syncmode disabled?
{Mon 01:10:02 Step:3364} Server_Comm.py: The agent lost 1 packet! Is syncmode enabled?
{Mon 01:10:02 Step:3366} Server_Comm.py: The agent lost 1 packet! Is syncmode enabled?
{Mon 01:10:02 Step:3370} Server_Comm.py: The agent lost 1 packet! Is syncmode enabled?
{Mon 01:10:02 Step:3372} Server_Comm.py: The agent lost 1 packet! Is syncmode enabled?
{Mon 01:10:02 Step:3374} Server_Comm.py: The agent lost 1 packet! Is syncmode enabled?
{Mon 01:10:02 Step:3378} Server_Comm.py: The agent lost 2 consecutive packets! Is syncmode disabled?
{Mon 01:10:02 Step:3380} Server_Comm.py: The agent lost 1 packet! Is syncmode enabled?
{Mon 01:10:02 Step:3384} Server_Comm.py: The agent lost 2 consecutive packets! Is syncmode disabled?
{Mon 01:10:02 Step:3388} Server_Comm.py: The agent lost 2 consecutive packets! Is syncmode disabled?
{Mon 01:10:02 Step:3391} Server_Comm.py: The agent lost 1 packet! Is syncmode enabled?
{Mon 01:10:02 Step:3395} Server_Comm.py: The agent lost 3 consecutive packets! Is syncmode disabled?
{Mon 01:10:02 Step:3402} Server_Comm.py: The agent lost 6 consecutive packets! Is syncmode disabled?
{Mon 01:10:02 Step:3406} Server_Comm.py: The agent lost 3 consecutive packets! Is syncmode disabled?
{Mon 01:10:02 Step:3408} Server_Comm.py: The agent lost 1 packet! Is syncmode enabled?
{Mon 01:10:02 Step:3410} Server_Comm.py: The agent lost 1 packet! Is syncmode enabled?
{Mon 01:10:02 Step:3412} Server_Comm.py: The agent lost 1 packet! Is syncmode enabled?
{Mon 01:10:02 Step:3414} Server_Comm.py: The agent lost 1 packet! Is syncmode enabled?
{Mon 01:10:02 Step:3419} Server_Comm.py: The agent lost 3 consecutive packets! Is syncmode disabled?
{Mon 01:10:02 Step:3422} Server_Comm.py: The agent lost 2 consecutive packets! Is syncmode disabled?
{Mon 01:10:02 Step:3424} Server_Comm.py: The agent lost 1 packet! Is syncmode enabled?
{Mon 01:10:02 Step:3426} Server_Comm.py: The agent lost 1 packet! Is syncmode enabled?
{Mon 01:10:02 Step:3429} Server_Comm.py: The agent lost 1 packet! Is syncmode enabled?
{Mon 01:10:02 Step:3432} Server_Comm.py: The agent lost 2 consecutive packets! Is syncmode disabled?
{Mon 01:10:02 Step:3435} Server_Comm.py: The agent lost 2 consecutive packets! Is syncmode disabled?
{Mon 01:10:02 Step:3440} Server_Comm.py: The agent lost 4 consecutive packets! Is syncmode disabled?
{Mon 01:10:02 Step:3442} Server_Comm.py: The agent lost 1 packet! Is syncmode enabled?
{Mon 01:10:02 Step:3456} Server_Comm.py: The agent lost 2 consecutive packets! Is syncmode disabled?
{Mon 01:10:02 Step:3466} Server_Comm.py: The agent lost 8 consecutive packets! Is syncmode disabled?
{Mon 01:10:02 Step:3469} Server_Comm.py: The agent lost 2 consecutive packets! Is syncmode disabled?
{Mon 01:10:02 Step:3472} Server_Comm.py: The agent lost 2 consecutive packets! Is syncmode disabled?
{Mon 01:10:02 Step:3474} Server_Comm.py: The agent lost 1 packet! Is syncmode enabled?
{Mon 01:10:02 Step:3476} Server_Comm.py: The agent lost 1 packet! Is syncmode enabled?
{Mon 01:10:02 Step:3480} Server_Comm.py: The agent lost 2 consecutive packets! Is syncmode disabled?
{Mon 01:10:02 Step:3482} Server_Comm.py: The agent lost 1 packet! Is syncmode enabled?
{Mon 01:10:02 Step:3487} Server_Comm.py: The agent lost 3 consecutive packets! Is syncmode disabled?
{Mon 01:10:02 Step:3493} Server_Comm.py: The agent lost 5 consecutive packets! Is syncmode disabled?
{Mon 01:10:02 Step:3499} Server_Comm.py: The agent lost 5 consecutive packets! Is syncmode disabled?
{Mon 01:10:02 Step:3502} Server_Comm.py: The agent lost 2 consecutive packets! Is syncmode disabled?
{Mon 01:10:02 Step:3505} Server_Comm.py: The agent lost 2 consecutive packets! Is syncmode disabled?
{Mon 01:10:02 Step:3507} Server_Comm.py: The agent lost 1 packet! Is syncmode enabled?
{Mon 01:10:02 Step:3510} Server_Comm.py: The agent lost 2 consecutive packets! Is syncmode disabled?
{Mon 01:10:02 Step:3529} Server_Comm.py: The agent lost 1 packet! Is syncmode enabled?
{Mon 01:10:02 Step:3531} Server_Comm.py: The agent lost 1 packet! Is syncmode enabled?
{Mon 01:10:02 Step:3533} Server_Comm.py: The agent lost 1 packet! Is syncmode enabled?
{Mon 01:10:02 Step:3535} Server_Comm.py: The agent lost 1 packet! Is syncmode enabled?
{Mon 01:10:02 Step:3539} Server_Comm.py: The agent lost 1 packet! Is syncmode enabled?
{Mon 01:10:02 Step:3541} Server_Comm.py: The agent lost 1 packet! Is syncmode enabled?
{Mon 01:10:02 Step:3543} Server_Comm.py: The agent lost 1 packet! Is syncmode enabled?
{Mon 01:10:02 Step:3545} Server_Comm.py: The agent lost 1 packet! Is syncmode enabled?
{Mon 01:10:02 Step:3548} Server_Comm.py: The agent lost 2 consecutive packets! Is syncmode disabled?
{Mon 01:10:02 Step:3552} Server_Comm.py: The agent lost 2 consecutive packets! Is syncmode disabled?
{Mon 01:10:02 Step:3555} Server_Comm.py: The agent lost 2 consecutive packets! Is syncmode disabled?
{Mon 01:10:02 Step:3557} Server_Comm.py: The agent lost 1 packet! Is syncmode enabled?
{Mon 01:10:02 Step:3559} Server_Comm.py: The agent lost 1 packet! Is syncmode enabled?
{Mon 01:10:02 Step:3561} Server_Comm.py: The agent lost 1 packet! Is syncmode enabled?
{Mon 01:10:02 Step:3563} Server_Comm.py: The agent lost 1 packet! Is syncmode enabled?
{Mon 01:10:02 Step:3565} Server_Comm.py: The agent lost 1 packet! Is syncmode enabled?
{Mon 01:10:02 Step:3568} Server_Comm.py: The agent lost 1 packet! Is syncmode enabled?
{Mon 01:10:02 Step:3571} Server_Comm.py: The agent lost 1 packet! Is syncmode enabled?
{Mon 01:10:02 Step:3573} Server_Comm.py: The agent lost 1 packet! Is syncmode enabled?
{Mon 01:10:02 Step:3583} Server_Comm.py: The agent lost 1 packet! Is syncmode enabled?
{Mon 01:10:02 Step:3586} Server_Comm.py: The agent lost 1 packet! Is syncmode enabled?
{Mon 01:10:02 Step:3588} Server_Comm.py: The agent lost 1 packet! Is syncmode enabled?
{Mon 01:10:02 Step:3590} Server_Comm.py: The agent lost 1 packet! Is syncmode enabled?
{Mon 01:10:02 Step:3593} Server_Comm.py: The agent lost 2 consecutive packets! Is syncmode disabled?
{Mon 01:10:02 Step:3599} Server_Comm.py: The agent lost 1 packet! Is syncmode enabled?
{Mon 01:10:02 Step:3602} Server_Comm.py: The agent lost 2 consecutive packets! Is syncmode disabled?
{Mon 01:10:02 Step:3604} Server_Comm.py: The agent lost 1 packet! Is syncmode enabled?
{Mon 01:10:02 Step:3606} Server_Comm.py: The agent lost 1 packet! Is syncmode enabled?
{Mon 01:10:02 Step:3608} Server_Comm.py: The agent lost 1 packet! Is syncmode enabled?
{Mon 01:10:02 Step:3615} Server_Comm.py: The agent lost 1 packet! Is syncmode enabled?
{Mon 01:10:02 Step:3618} Server_Comm.py: The agent lost 2 consecutive packets! Is syncmode disabled?
{Mon 01:10:02 Step:3622} Server_Comm.py: The agent lost 2 consecutive packets! Is syncmode disabled?
{Mon 01:10:02 Step:3624} Server_Comm.py: The agent lost 1 packet! Is syncmode enabled?
{Mon 01:10:02 Step:3634} Server_Comm.py: The agent lost 8 consecutive packets! Is syncmode disabled?
{Mon 01:10:02 Step:3638} Server_Comm.py: The agent lost 3 consecutive packets! Is syncmode disabled?
{Mon 01:10:02 Step:3642} Server_Comm.py: The agent lost 3 consecutive packets! Is syncmode disabled?
{Mon 01:10:02 Step:3644} Server_Comm.py: The agent lost 1 packet! Is syncmode enabled?
{Mon 01:10:02 Step:3646} Server_Comm.py: The agent lost 1 packet! Is syncmode enabled?
{Mon 01:10:02 Step:3648} Server_Comm.py: The agent lost 1 packet! Is syncmode enabled?
{Mon 01:10:02 Step:3652} Server_Comm.py: The agent lost 2 consecutive packets! Is syncmode disabled?
{Mon 01:10:02 Step:3654} Server_Comm.py: The agent lost 1 packet! Is syncmode enabled?
{Mon 01:10:02 Step:3657} Server_Comm.py: The agent lost 1 packet! Is syncmode enabled?
{Mon 01:10:02 Step:3660} Server_Comm.py: The agent lost 2 consecutive packets! Is syncmode disabled?
{Mon 01:10:02 Step:3662} Server_Comm.py: The agent lost 1 packet! Is syncmode enabled?
{Mon 01:10:02 Step:3664} Server_Comm.py: The agent lost 1 packet! Is syncmode enabled?
{Mon 01:10:02 Step:3666} Server_Comm.py: The agent lost 1 packet! Is syncmode enabled?
{Mon 01:10:02 Step:3669} Server_Comm.py: The agent lost 1 packet! Is syncmode enabled?
{Mon 01:10:02 Step:3672} Server_Comm.py: The agent lost 2 consecutive packets! Is syncmode disabled?
{Mon 01:10:02 Step:3675} Server_Comm.py: The agent lost 2 consecutive packets! Is syncmode disabled?
{Mon 01:10:02 Step:3678} Server_Comm.py: The agent lost 2 consecutive packets! Is syncmode disabled?
{Mon 01:10:02 Step:3681} Server_Comm.py: The agent lost 1 packet! Is syncmode enabled?
{Mon 01:10:02 Step:3684} Server_Comm.py: The agent lost 2 consecutive packets! Is syncmode disabled?
{Mon 01:10:02 Step:3687} Server_Comm.py: The agent lost 2 consecutive packets! Is syncmode disabled?
{Mon 01:10:02 Step:3691} Server_Comm.py: The agent lost 3 consecutive packets! Is syncmode disabled?
{Mon 01:10:02 Step:3695} Server_Comm.py: The agent lost 3 consecutive packets! Is syncmode disabled?
{Mon 01:10:02 Step:3699} Server_Comm.py: The agent lost 3 consecutive packets! Is syncmode disabled?
{Mon 01:10:02 Step:3702} Server_Comm.py: The agent lost 2 consecutive packets! Is syncmode disabled?
{Mon 01:10:02 Step:3704} Server_Comm.py: The agent lost 1 packet! Is syncmode enabled?
{Mon 01:10:02 Step:3709} Server_Comm.py: The agent lost 3 consecutive packets! Is syncmode disabled?
{Mon 01:10:02 Step:3712} Server_Comm.py: The agent lost 2 consecutive packets! Is syncmode disabled?
{Mon 01:10:02 Step:3714} Server_Comm.py: The agent lost 1 packet! Is syncmode enabled?
{Mon 01:10:02 Step:3716} Server_Comm.py: The agent lost 1 packet! Is syncmode enabled?
{Mon 01:10:02 Step:3718} Server_Comm.py: The agent lost 1 packet! Is syncmode enabled?
{Mon 01:10:02 Step:3722} Server_Comm.py: The agent lost 2 consecutive packets! Is syncmode disabled?
{Mon 01:10:02 Step:3724} Server_Comm.py: The agent lost 1 packet! Is syncmode enabled?
{Mon 01:10:02 Step:3726} Server_Comm.py: The agent lost 1 packet! Is syncmode enabled?
{Mon 01:10:02 Step:3729} Server_Comm.py: The agent lost 2 consecutive packets! Is syncmode disabled?
{Mon 01:10:02 Step:3731} Server_Comm.py: The agent lost 1 packet! Is syncmode enabled?
{Mon 01:10:02 Step:3733} Server_Comm.py: The agent lost 1 packet! Is syncmode enabled?
{Mon 01:10:02 Step:3736} Server_Comm.py: The agent lost 1 packet! Is syncmode enabled?
{Mon 01:10:02 Step:3748} Server_Comm.py: The agent lost 1 packet! Is syncmode enabled?
{Mon 01:10:02 Step:3760} Server_Comm.py: The agent lost 1 packet! Is syncmode enabled?
{Mon 01:10:02 Step:3762} Server_Comm.py: The agent lost 1 packet! Is syncmode enabled?
{Mon 01:10:02 Step:3765} Server_Comm.py: The agent lost 1 packet! Is syncmode enabled?
{Mon 01:10:02 Step:3767} Server_Comm.py: The agent lost 1 packet! Is syncmode enabled?
{Mon 01:10:02 Step:3769} Server_Comm.py: The agent lost 1 packet! Is syncmode enabled?
{Mon 01:10:02 Step:3771} Server_Comm.py: The agent lost 1 packet! Is syncmode enabled?
{Mon 01:10:02 Step:3773} Server_Comm.py: The agent lost 1 packet! Is syncmode enabled?
{Mon 01:10:02 Step:3776} Server_Comm.py: The agent lost 2 consecutive packets! Is syncmode disabled?
{Mon 01:10:02 Step:3778} Server_Comm.py: The agent lost 1 packet! Is syncmode enabled?
{Mon 01:10:02 Step:3782} Server_Comm.py: The agent lost 1 packet! Is syncmode enabled?
{Mon 01:10:02 Step:3791} Server_Comm.py: The agent lost 1 packet! Is syncmode enabled?
{Mon 01:10:02 Step:3794} Server_Comm.py: The agent lost 2 consecutive packets! Is syncmode disabled?
{Mon 01:10:02 Step:3796} Server_Comm.py: The agent lost 1 packet! Is syncmode enabled?
{Mon 01:10:02 Step:3800} Server_Comm.py: The agent lost 2 consecutive packets! Is syncmode disabled?
{Mon 01:10:02 Step:3800} Server_Comm.py: Received a new packet while thinking!
{Mon 01:10:02 Step:3982} Server_Comm.py: The agent lost 181 consecutive packets! Is syncmode disabled?
{Mon 01:10:02 Step:3982} Server_Comm.py: Received a new packet while on world.update()!
{Mon 01:10:02 Step:3984} Server_Comm.py: The agent lost 1 packet! Is syncmode enabled?
{Mon 01:10:02 Step:3984} Server_Comm.py: Received a new packet while on world.update()!
{Mon 01:10:02 Step:3985} Server_Comm.py: Received a new packet while on world.update()!
{Mon 01:10:02 Step:3986} Server_Comm.py: Received a new packet while thinking!
{Mon 01:10:02 Step:3987} Server_Comm.py: Received a new packet while on world.update()!
{Mon 01:10:02 Step:3988} Server_Comm.py: Received a new packet while thinking!
{Mon 01:10:02 Step:3989} Server_Comm.py: Received a new packet while on world.update()!
{Mon 01:10:02 Step:3990} Server_Comm.py: Received a new packet while on world.update()!
{Mon 01:10:02 Step:3991} Server_Comm.py: Received a new packet while on world.update()!
{Mon 01:10:02 Step:3992} Server_Comm.py: Received a new packet while on world.update()!
{Mon 01:10:02 Step:3993} Server_Comm.py: Received a new packet while on world.update()!
{Mon 01:10:02 Step:3994} Server_Comm.py: Received a new packet while thinking!
{Mon 01:10:02 Step:3995} Server_Comm.py: Received a new packet while on world.update()!
{Mon 01:10:02 Step:3996} Server_Comm.py: Received a new packet while thinking!
{Mon 01:10:02 Step:3997} Server_Comm.py: Received a new packet while on world.update()!
{Mon 01:10:02 Step:3998} Server_Comm.py: Received a new packet while on world.update()!
{Mon 01:10:02 Step:3999} Server_Comm.py: Received a new packet while on world.update()!
{Mon 01:10:02 Step:4000} Server_Comm.py: Received a new packet while on world.update()!
{Mon 01:10:02 Step:4001} Server_Comm.py: Received a new packet while on world.update()!
{Mon 01:10:02 Step:4002} Server_Comm.py: Received a new packet while thinking!
{Mon 01:10:02 Step:4003} Server_Comm.py: Received a new packet while on world.update()!
{Mon 01:10:02 Step:4004} Server_Comm.py: Received a new packet while thinking!
{Mon 01:10:02 Step:4005} Server_Comm.py: Received a new packet while on world.update()!
{Mon 01:10:02 Step:4006} Server_Comm.py: Received a new packet while thinking!
{Mon 01:10:02 Step:4007} Server_Comm.py: Received a new packet while on world.update()!
{Mon 01:10:02 Step:4008} Server_Comm.py: Received a new packet while on world.update()!
{Mon 01:10:02 Step:4009} Server_Comm.py: Received a new packet while on world.update()!
{Mon 01:10:02 Step:4010} Server_Comm.py: Received a new packet while on world.update()!
{Mon 01:10:02 Step:4011} Server_Comm.py: Received a new packet while on world.update()!
{Mon 01:10:02 Step:4012} Server_Comm.py: Received a new packet while on world.update()!
{Mon 01:10:02 Step:4013} Server_Comm.py: Received a new packet while on world.update()!
{Mon 01:10:02 Step:4014} Server_Comm.py: Received a new packet while on world.update()!
{Mon 01:10:02 Step:4016} Server_Comm.py: The agent lost 1 packet! Is syncmode enabled?
{Mon 01:10:02 Step:4016} Server_Comm.py: Received a new packet while thinking!
{Mon 01:10:02 Step:4017} Server_Comm.py: Received a new packet while on world.update()!
{Mon 01:10:02 Step:4018} Server_Comm.py: Received a new packet while thinking!
{Mon 01:10:02 Step:4019} Server_Comm.py: Received a new packet while on world.update()!
{Mon 01:10:02 Step:4020} Server_Comm.py: Received a new packet while on world.update()!
{Mon 01:10:02 Step:4021} Server_Comm.py: Received a new packet while thinking!
{Mon 01:10:02 Step:4022} Server_Comm.py: Received a new packet while on world.update()!
{Mon 01:10:02 Step:4023} Server_Comm.py: Received a new packet while on world.update()!
{Mon 01:10:02 Step:4118} Server_Comm.py: The agent lost 92 consecutive packets! Is syncmode disabled?
{Mon 01:10:02 Step:4118} Server_Comm.py: Received a new packet while on world.update()!
{Mon 01:10:02 Step:4120} Server_Comm.py: The agent lost 1 packet! Is syncmode enabled?
{Mon 01:10:02 Step:4120} Server_Comm.py: Received a new packet while on world.update()!
{Mon 01:10:02 Step:4122} Server_Comm.py: The agent lost 1 packet! Is syncmode enabled?
{Mon 01:10:02 Step:4122} Server_Comm.py: Received a new packet while on world.update()!
{Mon 01:10:02 Step:4123} Server_Comm.py: Received a new packet while on world.update()!
{Mon 01:10:02 Step:4126} Server_Comm.py: The agent lost 2 consecutive packets! Is syncmode disabled?
{Mon 01:10:02 Step:4126} Server_Comm.py: Received a new packet while on world.update()!
{Mon 01:10:02 Step:4128} Server_Comm.py: The agent lost 1 packet! Is syncmode enabled?
{Mon 01:10:02 Step:4132} Server_Comm.py: The agent lost 2 consecutive packets! Is syncmode disabled?
{Mon 01:10:02 Step:4134} Server_Comm.py: The agent lost 1 packet! Is syncmode enabled?
{Mon 01:10:02 Step:4136} Server_Comm.py: The agent lost 1 packet! Is syncmode enabled?
{Mon 01:10:02 Step:4140} Server_Comm.py: The agent lost 2 consecutive packets! Is syncmode disabled?
{Mon 01:10:02 Step:4147} Server_Comm.py: The agent lost 6 consecutive packets! Is syncmode disabled?
{Mon 01:10:02 Step:4152} Server_Comm.py: The agent lost 4 consecutive packets! Is syncmode disabled?
{Mon 01:10:02 Step:4154} Server_Comm.py: The agent lost 1 packet! Is syncmode enabled?
{Mon 01:10:02 Step:4158} Server_Comm.py: The agent lost 1 packet! Is syncmode enabled?
{Mon 01:10:02 Step:4162} Server_Comm.py: The agent lost 1 packet! Is syncmode enabled?
{Mon 01:10:02 Step:4166} Server_Comm.py: The agent lost 2 consecutive packets! Is syncmode disabled?
{Mon 01:10:02 Step:4169} Server_Comm.py: The agent lost 2 consecutive packets! Is syncmode disabled?
{Mon 01:10:02 Step:4172} Server_Comm.py: The agent lost 2 consecutive packets! Is syncmode disabled?
{Mon 01:10:02 Step:4175} Server_Comm.py: The agent lost 2 consecutive packets! Is syncmode disabled?
{Mon 01:10:02 Step:4178} Server_Comm.py: The agent lost 2 consecutive packets! Is syncmode disabled?
{Mon 01:10:02 Step:4181} Server_Comm.py: The agent lost 2 consecutive packets! Is syncmode disabled?
{Mon 01:10:02 Step:4184} Server_Comm.py: The agent lost 2 consecutive packets! Is syncmode disabled?
{Mon 01:10:02 Step:4187} Server_Comm.py: The agent lost 2 consecutive packets! Is syncmode disabled?
{Mon 01:10:02 Step:4190} Server_Comm.py: The agent lost 2 consecutive packets! Is syncmode disabled?
{Mon 01:10:02 Step:4193} Server_Comm.py: The agent lost 2 consecutive packets! Is syncmode disabled?
{Mon 01:10:02 Step:4196} Server_Comm.py: The agent lost 2 consecutive packets! Is syncmode disabled?
{Mon 01:10:02 Step:4198} Server_Comm.py: The agent lost 1 packet! Is syncmode enabled?
{Mon 01:10:02 Step:4201} Server_Comm.py: The agent lost 1 packet! Is syncmode enabled?
{Mon 01:10:02 Step:4203} Server_Comm.py: The agent lost 1 packet! Is syncmode enabled?
{Mon 01:10:02 Step:4205} Server_Comm.py: The agent lost 1 packet! Is syncmode enabled?
{Mon 01:10:02 Step:4207} Server_Comm.py: The agent lost 1 packet! Is syncmode enabled?
{Mon 01:10:02 Step:4217} Server_Comm.py: The agent lost 1 packet! Is syncmode enabled?
{Mon 01:10:02 Step:4220} Server_Comm.py: The agent lost 2 consecutive packets! Is syncmode disabled?
{Mon 01:10:02 Step:4223} Server_Comm.py: The agent lost 2 consecutive packets! Is syncmode disabled?
{Mon 01:10:02 Step:4226} Server_Comm.py: The agent lost 2 consecutive packets! Is syncmode disabled?
{Mon 01:10:02 Step:4228} Server_Comm.py: The agent lost 1 packet! Is syncmode enabled?
{Mon 01:10:02 Step:4231} Server_Comm.py: The agent lost 1 packet! Is syncmode enabled?
{Mon 01:10:02 Step:4234} Server_Comm.py: The agent lost 1 packet! Is syncmode enabled?
{Mon 01:10:02 Step:4236} Server_Comm.py: The agent lost 1 packet! Is syncmode enabled?
{Mon 01:10:02 Step:4248} Server_Comm.py: The agent lost 1 packet! Is syncmode enabled?
{Mon 01:10:02 Step:4254} Server_Comm.py: The agent lost 1 packet! Is syncmode enabled?
{Mon 01:10:02 Step:4274} Server_Comm.py: The agent lost 1 packet! Is syncmode enabled?
{Mon 01:10:02 Step:4278} Server_Comm.py: The agent lost 1 packet! Is syncmode enabled?
{Mon 01:10:02 Step:4288} Server_Comm.py: The agent lost 2 consecutive packets! Is syncmode disabled?
{Mon 01:10:02 Step:4290} Server_Comm.py: The agent lost 1 packet! Is syncmode enabled?
