{Mon 01:07:44 Step:2} Server_Comm.py: The agent lost 1 packet! Is syncmode enabled?
{Mon 01:07:44 Step:2} Server_Comm.py: Received a new packet while on world.update()!
{Mon 01:07:44 Step:14} Server_Comm.py: The agent lost 11 consecutive packets! Is syncmode disabled?
{Mon 01:07:44 Step:14} Server_Comm.py: Received a new packet while on world.update()!
{Mon 01:07:44 Step:16} Server_Comm.py: The agent lost 1 packet! Is syncmode enabled?
{Mon 01:07:44 Step:16} Server_Comm.py: Received a new packet while on world.update()!
{Mon 01:07:44 Step:17} Server_Comm.py: Received a new packet while on world.update()!
{Mon 01:07:44 Step:22} Server_Comm.py: The agent lost 4 consecutive packets! Is syncmode disabled?
{Mon 01:07:44 Step:25} Server_Comm.py: The agent lost 1 packet! Is syncmode enabled?
{Mon 01:07:44 Step:28} Server_Comm.py: The agent lost 2 consecutive packets! Is syncmode disabled?
{Mon 01:07:44 Step:30} Server_Comm.py: The agent lost 1 packet! Is syncmode enabled?
{Mon 01:07:44 Step:30} Server_Comm.py: Received a new packet while thinking!
{Mon 01:07:44 Step:384} Server_Comm.py: The agent lost 353 consecutive packets! Is syncmode disabled?
{Mon 01:07:44 Step:384} Server_Comm.py: Received a new packet while on world.update()!
{Mon 01:07:44 Step:390} Server_Comm.py: The agent lost 5 consecutive packets! Is syncmode disabled?
{Mon 01:07:44 Step:390} Server_Comm.py: Received a new packet while on world.update()!
{Mon 01:07:44 Step:394} Server_Comm.py: The agent lost 3 consecutive packets! Is syncmode disabled?
{Mon 01:07:44 Step:394} Server_Comm.py: Received a new packet while on world.update()!
{Mon 01:07:44 Step:398} Server_Comm.py: The agent lost 3 consecutive packets! Is syncmode disabled?
{Mon 01:07:44 Step:398} Server_Comm.py: Received a new packet while on world.update()!
{Mon 01:07:44 Step:405} Server_Comm.py: The agent lost 6 consecutive packets! Is syncmode disabled?
{Mon 01:07:44 Step:405} Server_Comm.py: Received a new packet while on world.update()!
{Mon 01:07:44 Step:420} Server_Comm.py: The agent lost 14 consecutive packets! Is syncmode disabled?
{Mon 01:07:44 Step:420} Server_Comm.py: Received a new packet while on world.update()!
{Mon 01:07:44 Step:426} Server_Comm.py: The agent lost 5 consecutive packets! Is syncmode disabled?
{Mon 01:07:44 Step:426} Server_Comm.py: Received a new packet while on world.update()!
{Mon 01:07:44 Step:429} Server_Comm.py: The agent lost 2 consecutive packets! Is syncmode disabled?
{Mon 01:07:44 Step:429} Server_Comm.py: Received a new packet while on world.update()!
{Mon 01:07:44 Step:442} Server_Comm.py: The agent lost 12 consecutive packets! Is syncmode disabled?
{Mon 01:07:44 Step:442} Server_Comm.py: Received a new packet while on world.update()!
{Mon 01:07:44 Step:446} Server_Comm.py: The agent lost 3 consecutive packets! Is syncmode disabled?
{Mon 01:07:44 Step:446} Server_Comm.py: Received a new packet while on world.update()!
{Mon 01:07:44 Step:449} Server_Comm.py: The agent lost 2 consecutive packets! Is syncmode disabled?
{Mon 01:07:44 Step:449} Server_Comm.py: Received a new packet while on world.update()!
{Mon 01:07:44 Step:460} Server_Comm.py: The agent lost 10 consecutive packets! Is syncmode disabled?
{Mon 01:07:44 Step:460} Server_Comm.py: Received a new packet while on world.update()!
{Mon 01:07:44 Step:463} Server_Comm.py: The agent lost 2 consecutive packets! Is syncmode disabled?
{Mon 01:07:44 Step:463} Server_Comm.py: Received a new packet while on world.update()!
{Mon 01:07:44 Step:470} Server_Comm.py: The agent lost 6 consecutive packets! Is syncmode disabled?
{Mon 01:07:44 Step:470} Server_Comm.py: Received a new packet while thinking!
{Mon 01:07:44 Step:474} Server_Comm.py: The agent lost 3 consecutive packets! Is syncmode disabled?
{Mon 01:07:44 Step:474} Server_Comm.py: Received a new packet while on world.update()!
{Mon 01:07:44 Step:475} Server_Comm.py: Received a new packet while on world.update()!
{Mon 01:07:44 Step:480} Server_Comm.py: The agent lost 4 consecutive packets! Is syncmode disabled?
{Mon 01:07:44 Step:480} Server_Comm.py: Received a new packet while on world.update()!
{Mon 01:07:44 Step:514} Server_Comm.py: The agent lost 33 consecutive packets! Is syncmode disabled?
{Mon 01:07:44 Step:514} Server_Comm.py: Received a new packet while on world.update()!
{Mon 01:07:44 Step:520} Server_Comm.py: The agent lost 5 consecutive packets! Is syncmode disabled?
{Mon 01:07:44 Step:520} Server_Comm.py: Received a new packet while on world.update()!
{Mon 01:07:44 Step:524} Server_Comm.py: The agent lost 3 consecutive packets! Is syncmode disabled?
{Mon 01:07:44 Step:524} Server_Comm.py: Received a new packet while on world.update()!
{Mon 01:07:44 Step:528} Server_Comm.py: The agent lost 3 consecutive packets! Is syncmode disabled?
{Mon 01:07:44 Step:528} Server_Comm.py: Received a new packet while on world.update()!
{Mon 01:07:44 Step:531} Server_Comm.py: The agent lost 2 consecutive packets! Is syncmode disabled?
{Mon 01:07:44 Step:531} Server_Comm.py: Received a new packet while on world.update()!
{Mon 01:07:44 Step:540} Server_Comm.py: The agent lost 8 consecutive packets! Is syncmode disabled?
{Mon 01:07:44 Step:544} Server_Comm.py: The agent lost 3 consecutive packets! Is syncmode disabled?
{Mon 01:07:44 Step:547} Server_Comm.py: The agent lost 2 consecutive packets! Is syncmode disabled?
{Mon 01:07:44 Step:551} Server_Comm.py: The agent lost 3 consecutive packets! Is syncmode disabled?
{Mon 01:07:44 Step:555} Server_Comm.py: The agent lost 3 consecutive packets! Is syncmode disabled?
{Mon 01:07:44 Step:567} Server_Comm.py: The agent lost 11 consecutive packets! Is syncmode disabled?
{Mon 01:07:44 Step:575} Server_Comm.py: The agent lost 7 consecutive packets! Is syncmode disabled?
{Mon 01:07:44 Step:580} Server_Comm.py: The agent lost 4 consecutive packets! Is syncmode disabled?
{Mon 01:07:44 Step:583} Server_Comm.py: The agent lost 2 consecutive packets! Is syncmode disabled?
{Mon 01:07:44 Step:587} Server_Comm.py: The agent lost 3 consecutive packets! Is syncmode disabled?
{Mon 01:07:44 Step:591} Server_Comm.py: The agent lost 3 consecutive packets! Is syncmode disabled?
{Mon 01:07:44 Step:595} Server_Comm.py: The agent lost 3 consecutive packets! Is syncmode disabled?
{Mon 01:07:44 Step:599} Server_Comm.py: The agent lost 3 consecutive packets! Is syncmode disabled?
{Mon 01:07:44 Step:603} Server_Comm.py: The agent lost 3 consecutive packets! Is syncmode disabled?
{Mon 01:07:44 Step:606} Server_Comm.py: The agent lost 2 consecutive packets! Is syncmode disabled?
{Mon 01:07:44 Step:609} Server_Comm.py: The agent lost 1 packet! Is syncmode enabled?
{Mon 01:07:44 Step:613} Server_Comm.py: The agent lost 3 consecutive packets! Is syncmode disabled?
{Mon 01:07:44 Step:618} Server_Comm.py: The agent lost 1 packet! Is syncmode enabled?
{Mon 01:07:44 Step:621} Server_Comm.py: The agent lost 1 packet! Is syncmode enabled?
{Mon 01:07:44 Step:629} Server_Comm.py: The agent lost 1 packet! Is syncmode enabled?
{Mon 01:07:44 Step:633} Server_Comm.py: The agent lost 1 packet! Is syncmode enabled?
{Mon 01:07:44 Step:639} Server_Comm.py: The agent lost 1 packet! Is syncmode enabled?
{Mon 01:07:44 Step:644} Server_Comm.py: The agent lost 2 consecutive packets! Is syncmode disabled?
{Mon 01:07:44 Step:646} Server_Comm.py: The agent lost 1 packet! Is syncmode enabled?
{Mon 01:07:44 Step:649} Server_Comm.py: The agent lost 1 packet! Is syncmode enabled?
{Mon 01:07:44 Step:667} Server_Comm.py: The agent lost 1 packet! Is syncmode enabled?
{Mon 01:07:44 Step:679} Server_Comm.py: The agent lost 1 packet! Is syncmode enabled?
{Mon 01:07:44 Step:693} Server_Comm.py: The agent lost 1 packet! Is syncmode enabled?
{Mon 01:07:44 Step:702} Server_Comm.py: The agent lost 2 consecutive packets! Is syncmode disabled?
{Mon 01:07:44 Step:704} Server_Comm.py: The agent lost 1 packet! Is syncmode enabled?
{Mon 01:07:44 Step:704} Server_Comm.py: Received a new packet while thinking!
{Mon 01:07:44 Step:754} Server_Comm.py: The agent lost 49 consecutive packets! Is syncmode disabled?
{Mon 01:07:44 Step:770} Server_Comm.py: The agent lost 15 consecutive packets! Is syncmode disabled?
{Mon 01:07:44 Step:774} Server_Comm.py: The agent lost 3 consecutive packets! Is syncmode disabled?
{Mon 01:07:44 Step:776} Server_Comm.py: The agent lost 1 packet! Is syncmode enabled?
{Mon 01:07:44 Step:783} Server_Comm.py: The agent lost 3 consecutive packets! Is syncmode disabled?
{Mon 01:07:44 Step:786} Server_Comm.py: The agent lost 2 consecutive packets! Is syncmode disabled?
{Mon 01:07:44 Step:788} Server_Comm.py: The agent lost 1 packet! Is syncmode enabled?
{Mon 01:07:44 Step:797} Server_Comm.py: The agent lost 8 consecutive packets! Is syncmode disabled?
{Mon 01:07:44 Step:804} Server_Comm.py: The agent lost 6 consecutive packets! Is syncmode disabled?
{Mon 01:07:44 Step:807} Server_Comm.py: The agent lost 2 consecutive packets! Is syncmode disabled?
{Mon 01:07:44 Step:810} Server_Comm.py: The agent lost 2 consecutive packets! Is syncmode disabled?
{Mon 01:07:44 Step:812} Server_Comm.py: The agent lost 1 packet! Is syncmode enabled?
{Mon 01:07:44 Step:821} Server_Comm.py: The agent lost 1 packet! Is syncmode enabled?
{Mon 01:07:44 Step:823} Server_Comm.py: The agent lost 1 packet! Is syncmode enabled?
{Mon 01:07:44 Step:833} Server_Comm.py: The agent lost 1 packet! Is syncmode enabled?
{Mon 01:07:44 Step:843} Server_Comm.py: The agent lost 1 packet! Is syncmode enabled?
{Mon 01:07:44 Step:845} Server_Comm.py: The agent lost 1 packet! Is syncmode enabled?
{Mon 01:07:44 Step:857} Server_Comm.py: The agent lost 1 packet! Is syncmode enabled?
{Mon 01:07:44 Step:861} Server_Comm.py: The agent lost 1 packet! Is syncmode enabled?
{Mon 01:07:44 Step:863} Server_Comm.py: The agent lost 1 packet! Is syncmode enabled?
{Mon 01:07:44 Step:865} Server_Comm.py: The agent lost 1 packet! Is syncmode enabled?
{Mon 01:07:44 Step:871} Server_Comm.py: The agent lost 1 packet! Is syncmode enabled?
{Mon 01:07:44 Step:887} Server_Comm.py: The agent lost 1 packet! Is syncmode enabled?
{Mon 01:07:44 Step:897} Server_Comm.py: The agent lost 1 packet! Is syncmode enabled?
{Mon 01:07:44 Step:905} Server_Comm.py: The agent lost 1 packet! Is syncmode enabled?
{Mon 01:07:44 Step:907} Server_Comm.py: The agent lost 1 packet! Is syncmode enabled?
{Mon 01:07:44 Step:911} Server_Comm.py: The agent lost 1 packet! Is syncmode enabled?
{Mon 01:07:44 Step:914} Server_Comm.py: The agent lost 2 consecutive packets! Is syncmode disabled?
{Mon 01:07:44 Step:916} Server_Comm.py: The agent lost 1 packet! Is syncmode enabled?
{Mon 01:07:44 Step:921} Server_Comm.py: The agent lost 4 consecutive packets! Is syncmode disabled?
{Mon 01:07:44 Step:926} Server_Comm.py: The agent lost 4 consecutive packets! Is syncmode disabled?
{Mon 01:07:44 Step:928} Server_Comm.py: The agent lost 1 packet! Is syncmode enabled?
{Mon 01:07:44 Step:930} Server_Comm.py: The agent lost 1 packet! Is syncmode enabled?
{Mon 01:07:44 Step:932} Server_Comm.py: The agent lost 1 packet! Is syncmode enabled?
{Mon 01:07:44 Step:934} Server_Comm.py: The agent lost 1 packet! Is syncmode enabled?
{Mon 01:07:44 Step:938} Server_Comm.py: The agent lost 2 consecutive packets! Is syncmode disabled?
{Mon 01:07:44 Step:943} Server_Comm.py: The agent lost 3 consecutive packets! Is syncmode disabled?
{Mon 01:07:44 Step:947} Server_Comm.py: The agent lost 3 consecutive packets! Is syncmode disabled?
{Mon 01:07:44 Step:951} Server_Comm.py: The agent lost 3 consecutive packets! Is syncmode disabled?
{Mon 01:07:44 Step:954} Server_Comm.py: The agent lost 2 consecutive packets! Is syncmode disabled?
{Mon 01:07:44 Step:954} Server_Comm.py: Received a new packet while thinking!
{Mon 01:07:44 Step:1005} Server_Comm.py: The agent lost 50 consecutive packets! Is syncmode disabled?
{Mon 01:07:44 Step:1024} Server_Comm.py: The agent lost 18 consecutive packets! Is syncmode disabled?
{Mon 01:07:44 Step:1029} Server_Comm.py: The agent lost 4 consecutive packets! Is syncmode disabled?
{Mon 01:07:44 Step:1031} Server_Comm.py: The agent lost 1 packet! Is syncmode enabled?
{Mon 01:07:44 Step:1037} Server_Comm.py: The agent lost 1 packet! Is syncmode enabled?
{Mon 01:07:44 Step:1043} Server_Comm.py: The agent lost 1 packet! Is syncmode enabled?
{Mon 01:07:44 Step:1047} Server_Comm.py: The agent lost 1 packet! Is syncmode enabled?
{Mon 01:07:44 Step:1050} Server_Comm.py: The agent lost 1 packet! Is syncmode enabled?
{Mon 01:07:44 Step:1067} Server_Comm.py: The agent lost 1 packet! Is syncmode enabled?
{Mon 01:07:44 Step:1073} Server_Comm.py: The agent lost 1 packet! Is syncmode enabled?
{Mon 01:07:44 Step:1075} Server_Comm.py: The agent lost 1 packet! Is syncmode enabled?
{Mon 01:07:44 Step:1079} Server_Comm.py: The agent lost 1 packet! Is syncmode enabled?
{Mon 01:07:44 Step:1083} Server_Comm.py: The agent lost 1 packet! Is syncmode enabled?
{Mon 01:07:44 Step:1088} Server_Comm.py: The agent lost 1 packet! Is syncmode enabled?
{Mon 01:07:44 Step:1097} Server_Comm.py: The agent lost 1 packet! Is syncmode enabled?
{Mon 01:07:44 Step:1101} Server_Comm.py: The agent lost 1 packet! Is syncmode enabled?
{Mon 01:07:44 Step:1105} Server_Comm.py: The agent lost 1 packet! Is syncmode enabled?
{Mon 01:07:44 Step:1109} Server_Comm.py: The agent lost 1 packet! Is syncmode enabled?
{Mon 01:07:44 Step:1115} Server_Comm.py: The agent lost 1 packet! Is syncmode enabled?
{Mon 01:07:44 Step:1120} Server_Comm.py: The agent lost 1 packet! Is syncmode enabled?
{Mon 01:07:44 Step:1127} Server_Comm.py: The agent lost 1 packet! Is syncmode enabled?
{Mon 01:07:44 Step:1129} Server_Comm.py: The agent lost 1 packet! Is syncmode enabled?
{Mon 01:07:44 Step:1134} Server_Comm.py: The agent lost 2 consecutive packets! Is syncmode disabled?
{Mon 01:07:44 Step:1136} Server_Comm.py: The agent lost 1 packet! Is syncmode enabled?
{Mon 01:07:44 Step:1138} Server_Comm.py: The agent lost 1 packet! Is syncmode enabled?
{Mon 01:07:44 Step:1144} Server_Comm.py: The agent lost 5 consecutive packets! Is syncmode disabled?
{Mon 01:07:44 Step:1147} Server_Comm.py: The agent lost 2 consecutive packets! Is syncmode disabled?
{Mon 01:07:44 Step:1150} Server_Comm.py: The agent lost 2 consecutive packets! Is syncmode disabled?
{Mon 01:07:44 Step:1153} Server_Comm.py: The agent lost 2 consecutive packets! Is syncmode disabled?
{Mon 01:07:44 Step:1158} Server_Comm.py: The agent lost 4 consecutive packets! Is syncmode disabled?
{Mon 01:07:44 Step:1160} Server_Comm.py: The agent lost 1 packet! Is syncmode enabled?
{Mon 01:07:44 Step:1163} Server_Comm.py: The agent lost 1 packet! Is syncmode enabled?
{Mon 01:07:44 Step:1165} Server_Comm.py: The agent lost 1 packet! Is syncmode enabled?
{Mon 01:07:44 Step:1167} Server_Comm.py: The agent lost 1 packet! Is syncmode enabled?
{Mon 01:07:44 Step:1169} World_Parser.py: Received field line with NaNs [  nan   nan   nan 14.55 21.43 58.09]
{Mon 01:07:44 Step:1170} Server_Comm.py: The agent lost 2 consecutive packets! Is syncmode disabled?
{Mon 01:07:44 Step:1172} Server_Comm.py: The agent lost 1 packet! Is syncmode enabled?
{Mon 01:07:44 Step:1176} Server_Comm.py: The agent lost 2 consecutive packets! Is syncmode disabled?
{Mon 01:07:44 Step:1178} Server_Comm.py: The agent lost 1 packet! Is syncmode enabled?
{Mon 01:07:44 Step:1182} Server_Comm.py: The agent lost 2 consecutive packets! Is syncmode disabled?
{Mon 01:07:44 Step:1184} Server_Comm.py: The agent lost 1 packet! Is syncmode enabled?
{Mon 01:07:44 Step:1186} Server_Comm.py: The agent lost 1 packet! Is syncmode enabled?
{Mon 01:07:44 Step:1190} Server_Comm.py: The agent lost 2 consecutive packets! Is syncmode disabled?
{Mon 01:07:44 Step:1195} Server_Comm.py: The agent lost 1 packet! Is syncmode enabled?
{Mon 01:07:44 Step:1207} Server_Comm.py: The agent lost 1 packet! Is syncmode enabled?
{Mon 01:07:44 Step:1217} Server_Comm.py: The agent lost 1 packet! Is syncmode enabled?
{Mon 01:07:44 Step:1237} Server_Comm.py: The agent lost 1 packet! Is syncmode enabled?
{Mon 01:07:44 Step:1241} Server_Comm.py: The agent lost 1 packet! Is syncmode enabled?
{Mon 01:07:44 Step:1245} Server_Comm.py: The agent lost 1 packet! Is syncmode enabled?
{Mon 01:07:44 Step:1263} Server_Comm.py: The agent lost 1 packet! Is syncmode enabled?
{Mon 01:07:44 Step:1268} Server_Comm.py: The agent lost 2 consecutive packets! Is syncmode disabled?
{Mon 01:07:44 Step:1270} Server_Comm.py: The agent lost 1 packet! Is syncmode enabled?
{Mon 01:07:44 Step:1287} Server_Comm.py: The agent lost 15 consecutive packets! Is syncmode disabled?
{Mon 01:07:44 Step:1296} Server_Comm.py: The agent lost 8 consecutive packets! Is syncmode disabled?
{Mon 01:07:44 Step:1300} Server_Comm.py: The agent lost 3 consecutive packets! Is syncmode disabled?
{Mon 01:07:44 Step:1303} Server_Comm.py: The agent lost 2 consecutive packets! Is syncmode disabled?
{Mon 01:07:44 Step:1308} Server_Comm.py: The agent lost 4 consecutive packets! Is syncmode disabled?
{Mon 01:07:44 Step:1310} Server_Comm.py: The agent lost 1 packet! Is syncmode enabled?
{Mon 01:07:44 Step:1312} Server_Comm.py: The agent lost 1 packet! Is syncmode enabled?
{Mon 01:07:44 Step:1316} Server_Comm.py: The agent lost 2 consecutive packets! Is syncmode disabled?
{Mon 01:07:44 Step:1318} Server_Comm.py: The agent lost 1 packet! Is syncmode enabled?
{Mon 01:07:44 Step:1320} Server_Comm.py: The agent lost 1 packet! Is syncmode enabled?
{Mon 01:07:44 Step:1323} Server_Comm.py: The agent lost 1 packet! Is syncmode enabled?
{Mon 01:07:44 Step:1325} Server_Comm.py: The agent lost 1 packet! Is syncmode enabled?
{Mon 01:07:45 Step:1331} Server_Comm.py: The agent lost 1 packet! Is syncmode enabled?
{Mon 01:07:45 Step:1334} Server_Comm.py: The agent lost 1 packet! Is syncmode enabled?
{Mon 01:07:45 Step:1345} Server_Comm.py: The agent lost 1 packet! Is syncmode enabled?
{Mon 01:07:45 Step:1384} Server_Comm.py: The agent lost 1 packet! Is syncmode enabled?
{Mon 01:07:45 Step:1386} Server_Comm.py: The agent lost 1 packet! Is syncmode enabled?
{Mon 01:07:45 Step:1395} Server_Comm.py: The agent lost 1 packet! Is syncmode enabled?
{Mon 01:07:45 Step:1403} Server_Comm.py: The agent lost 1 packet! Is syncmode enabled?
{Mon 01:07:45 Step:1406} Server_Comm.py: The agent lost 2 consecutive packets! Is syncmode disabled?
{Mon 01:07:45 Step:1408} Server_Comm.py: The agent lost 1 packet! Is syncmode enabled?
{Mon 01:07:45 Step:1411} Server_Comm.py: The agent lost 1 packet! Is syncmode enabled?
{Mon 01:07:45 Step:1419} Server_Comm.py: The agent lost 7 consecutive packets! Is syncmode disabled?
{Mon 01:07:45 Step:1426} Server_Comm.py: The agent lost 6 consecutive packets! Is syncmode disabled?
{Mon 01:07:45 Step:1429} Server_Comm.py: The agent lost 2 consecutive packets! Is syncmode disabled?
{Mon 01:07:45 Step:1433} Server_Comm.py: The agent lost 3 consecutive packets! Is syncmode disabled?
{Mon 01:07:45 Step:1436} Server_Comm.py: The agent lost 2 consecutive packets! Is syncmode disabled?
{Mon 01:07:45 Step:1438} Server_Comm.py: The agent lost 1 packet! Is syncmode enabled?
{Mon 01:07:45 Step:1440} Server_Comm.py: The agent lost 1 packet! Is syncmode enabled?
{Mon 01:07:45 Step:1442} Server_Comm.py: The agent lost 1 packet! Is syncmode enabled?
{Mon 01:07:45 Step:1446} Server_Comm.py: The agent lost 2 consecutive packets! Is syncmode disabled?
{Mon 01:07:45 Step:1449} Server_Comm.py: The agent lost 2 consecutive packets! Is syncmode disabled?
{Mon 01:07:45 Step:1452} Server_Comm.py: The agent lost 2 consecutive packets! Is syncmode disabled?
{Mon 01:07:45 Step:1454} Server_Comm.py: The agent lost 1 packet! Is syncmode enabled?
{Mon 01:07:45 Step:1456} Server_Comm.py: The agent lost 1 packet! Is syncmode enabled?
{Mon 01:07:45 Step:1458} Server_Comm.py: The agent lost 1 packet! Is syncmode enabled?
{Mon 01:07:45 Step:1462} Server_Comm.py: The agent lost 2 consecutive packets! Is syncmode disabled?
{Mon 01:07:45 Step:1464} Server_Comm.py: The agent lost 1 packet! Is syncmode enabled?
{Mon 01:07:45 Step:1466} Server_Comm.py: The agent lost 1 packet! Is syncmode enabled?
{Mon 01:07:45 Step:1470} Server_Comm.py: The agent lost 2 consecutive packets! Is syncmode disabled?
{Mon 01:07:45 Step:1474} Server_Comm.py: The agent lost 2 consecutive packets! Is syncmode disabled?
{Mon 01:07:45 Step:1476} Server_Comm.py: The agent lost 1 packet! Is syncmode enabled?
{Mon 01:07:45 Step:1480} Server_Comm.py: The agent lost 2 consecutive packets! Is syncmode disabled?
{Mon 01:07:45 Step:1482} Server_Comm.py: The agent lost 1 packet! Is syncmode enabled?
{Mon 01:07:45 Step:1487} Server_Comm.py: The agent lost 3 consecutive packets! Is syncmode disabled?
{Mon 01:07:45 Step:1490} Server_Comm.py: The agent lost 2 consecutive packets! Is syncmode disabled?
{Mon 01:07:45 Step:1492} Server_Comm.py: The agent lost 1 packet! Is syncmode enabled?
{Mon 01:07:45 Step:1494} Server_Comm.py: The agent lost 1 packet! Is syncmode enabled?
{Mon 01:07:45 Step:1496} Server_Comm.py: The agent lost 1 packet! Is syncmode enabled?
{Mon 01:07:45 Step:1500} Server_Comm.py: The agent lost 2 consecutive packets! Is syncmode disabled?
{Mon 01:07:45 Step:1503} Server_Comm.py: The agent lost 1 packet! Is syncmode enabled?
{Mon 01:07:45 Step:1506} Server_Comm.py: The agent lost 2 consecutive packets! Is syncmode disabled?
{Mon 01:07:45 Step:1508} Server_Comm.py: The agent lost 1 packet! Is syncmode enabled?
{Mon 01:07:45 Step:1509} Server_Comm.py: Received a new packet while thinking!
{Mon 01:07:45 Step:1557} Server_Comm.py: The agent lost 47 consecutive packets! Is syncmode disabled?
{Mon 01:07:45 Step:1564} Server_Comm.py: The agent lost 6 consecutive packets! Is syncmode disabled?
{Mon 01:07:45 Step:1566} Server_Comm.py: The agent lost 1 packet! Is syncmode enabled?
{Mon 01:07:45 Step:1569} Server_Comm.py: The agent lost 1 packet! Is syncmode enabled?
{Mon 01:07:45 Step:1572} Server_Comm.py: The agent lost 2 consecutive packets! Is syncmode disabled?
{Mon 01:07:45 Step:1574} Server_Comm.py: The agent lost 1 packet! Is syncmode enabled?
{Mon 01:07:45 Step:1579} Server_Comm.py: The agent lost 1 packet! Is syncmode enabled?
{Mon 01:07:45 Step:1581} Server_Comm.py: The agent lost 1 packet! Is syncmode enabled?
{Mon 01:07:45 Step:1583} Server_Comm.py: The agent lost 1 packet! Is syncmode enabled?
{Mon 01:07:45 Step:1585} Server_Comm.py: The agent lost 1 packet! Is syncmode enabled?
{Mon 01:07:45 Step:1587} Server_Comm.py: The agent lost 1 packet! Is syncmode enabled?
{Mon 01:07:45 Step:1589} Server_Comm.py: The agent lost 1 packet! Is syncmode enabled?
{Mon 01:07:45 Step:1592} Server_Comm.py: The agent lost 2 consecutive packets! Is syncmode disabled?
{Mon 01:07:45 Step:1595} Server_Comm.py: The agent lost 1 packet! Is syncmode enabled?
{Mon 01:07:45 Step:1598} Server_Comm.py: The agent lost 2 consecutive packets! Is syncmode disabled?
{Mon 01:07:45 Step:1601} Server_Comm.py: The agent lost 1 packet! Is syncmode enabled?
{Mon 01:07:45 Step:1603} Server_Comm.py: The agent lost 1 packet! Is syncmode enabled?
{Mon 01:07:45 Step:1605} Server_Comm.py: The agent lost 1 packet! Is syncmode enabled?
{Mon 01:07:45 Step:1615} Server_Comm.py: The agent lost 1 packet! Is syncmode enabled?
{Mon 01:07:45 Step:1625} Server_Comm.py: The agent lost 1 packet! Is syncmode enabled?
{Mon 01:07:45 Step:1627} Server_Comm.py: The agent lost 1 packet! Is syncmode enabled?
{Mon 01:07:45 Step:1629} Server_Comm.py: The agent lost 1 packet! Is syncmode enabled?
{Mon 01:07:45 Step:1633} Server_Comm.py: The agent lost 1 packet! Is syncmode enabled?
{Mon 01:07:45 Step:1635} Server_Comm.py: The agent lost 1 packet! Is syncmode enabled?
{Mon 01:07:45 Step:1638} Server_Comm.py: The agent lost 2 consecutive packets! Is syncmode disabled?
{Mon 01:07:45 Step:1641} Server_Comm.py: The agent lost 2 consecutive packets! Is syncmode disabled?
{Mon 01:07:45 Step:1658} Server_Comm.py: The agent lost 1 packet! Is syncmode enabled?
{Mon 01:07:45 Step:1662} Server_Comm.py: The agent lost 1 packet! Is syncmode enabled?
{Mon 01:07:45 Step:1670} Server_Comm.py: The agent lost 1 packet! Is syncmode enabled?
{Mon 01:07:45 Step:1679} Server_Comm.py: The agent lost 1 packet! Is syncmode enabled?
{Mon 01:07:45 Step:1682} Server_Comm.py: The agent lost 1 packet! Is syncmode enabled?
{Mon 01:07:45 Step:1684} Server_Comm.py: The agent lost 1 packet! Is syncmode enabled?
{Mon 01:07:45 Step:1687} Server_Comm.py: The agent lost 1 packet! Is syncmode enabled?
{Mon 01:07:45 Step:1696} Server_Comm.py: The agent lost 8 consecutive packets! Is syncmode disabled?
{Mon 01:07:45 Step:1701} Server_Comm.py: The agent lost 4 consecutive packets! Is syncmode disabled?
{Mon 01:07:45 Step:1706} Server_Comm.py: The agent lost 4 consecutive packets! Is syncmode disabled?
{Mon 01:07:45 Step:1710} Server_Comm.py: The agent lost 2 consecutive packets! Is syncmode disabled?
{Mon 01:07:45 Step:1712} Server_Comm.py: The agent lost 1 packet! Is syncmode enabled?
{Mon 01:07:45 Step:1716} Server_Comm.py: The agent lost 2 consecutive packets! Is syncmode disabled?
{Mon 01:07:45 Step:1718} Server_Comm.py: The agent lost 1 packet! Is syncmode enabled?
{Mon 01:07:45 Step:1723} Server_Comm.py: The agent lost 3 consecutive packets! Is syncmode disabled?
{Mon 01:07:45 Step:1725} Server_Comm.py: The agent lost 1 packet! Is syncmode enabled?
{Mon 01:07:45 Step:1738} Server_Comm.py: The agent lost 1 packet! Is syncmode enabled?
{Mon 01:07:45 Step:1751} Server_Comm.py: The agent lost 1 packet! Is syncmode enabled?
{Mon 01:07:45 Step:1763} Server_Comm.py: The agent lost 1 packet! Is syncmode enabled?
{Mon 01:07:45 Step:1777} Server_Comm.py: The agent lost 1 packet! Is syncmode enabled?
{Mon 01:07:45 Step:1781} Server_Comm.py: The agent lost 1 packet! Is syncmode enabled?
{Mon 01:07:45 Step:1791} Server_Comm.py: The agent lost 1 packet! Is syncmode enabled?
{Mon 01:07:45 Step:1795} Server_Comm.py: The agent lost 1 packet! Is syncmode enabled?
{Mon 01:07:45 Step:1799} Server_Comm.py: The agent lost 1 packet! Is syncmode enabled?
{Mon 01:07:45 Step:1809} Server_Comm.py: The agent lost 1 packet! Is syncmode enabled?
{Mon 01:07:45 Step:1811} Server_Comm.py: The agent lost 1 packet! Is syncmode enabled?
{Mon 01:07:45 Step:1814} Server_Comm.py: The agent lost 2 consecutive packets! Is syncmode disabled?
{Mon 01:07:45 Step:1816} Server_Comm.py: The agent lost 1 packet! Is syncmode enabled?
{Mon 01:07:45 Step:1822} Server_Comm.py: The agent lost 5 consecutive packets! Is syncmode disabled?
{Mon 01:07:45 Step:1825} Server_Comm.py: The agent lost 2 consecutive packets! Is syncmode disabled?
{Mon 01:07:45 Step:1827} Server_Comm.py: The agent lost 1 packet! Is syncmode enabled?
{Mon 01:07:45 Step:1831} Server_Comm.py: The agent lost 3 consecutive packets! Is syncmode disabled?
{Mon 01:07:45 Step:1834} Server_Comm.py: The agent lost 2 consecutive packets! Is syncmode disabled?
{Mon 01:07:45 Step:1836} Server_Comm.py: The agent lost 1 packet! Is syncmode enabled?
{Mon 01:07:45 Step:1838} Server_Comm.py: The agent lost 1 packet! Is syncmode enabled?
{Mon 01:07:45 Step:1840} Server_Comm.py: The agent lost 1 packet! Is syncmode enabled?
{Mon 01:07:45 Step:1842} Server_Comm.py: The agent lost 1 packet! Is syncmode enabled?
{Mon 01:07:45 Step:1844} Server_Comm.py: The agent lost 1 packet! Is syncmode enabled?
{Mon 01:07:45 Step:1848} Server_Comm.py: The agent lost 2 consecutive packets! Is syncmode disabled?
{Mon 01:07:45 Step:1850} Server_Comm.py: The agent lost 1 packet! Is syncmode enabled?
{Mon 01:07:45 Step:1852} Server_Comm.py: The agent lost 1 packet! Is syncmode enabled?
{Mon 01:07:45 Step:1857} Server_Comm.py: The agent lost 3 consecutive packets! Is syncmode disabled?
{Mon 01:07:45 Step:1861} Server_Comm.py: The agent lost 3 consecutive packets! Is syncmode disabled?
{Mon 01:07:45 Step:1865} Server_Comm.py: The agent lost 3 consecutive packets! Is syncmode disabled?
{Mon 01:07:45 Step:1869} Server_Comm.py: The agent lost 3 consecutive packets! Is syncmode disabled?
{Mon 01:07:45 Step:1873} Server_Comm.py: The agent lost 3 consecutive packets! Is syncmode disabled?
{Mon 01:07:45 Step:1876} Server_Comm.py: The agent lost 2 consecutive packets! Is syncmode disabled?
{Mon 01:07:45 Step:1879} Server_Comm.py: The agent lost 1 packet! Is syncmode enabled?
{Mon 01:07:45 Step:1929} Server_Comm.py: The agent lost 1 packet! Is syncmode enabled?
{Mon 01:07:45 Step:1933} Server_Comm.py: The agent lost 3 consecutive packets! Is syncmode disabled?
{Mon 01:07:45 Step:1936} Server_Comm.py: The agent lost 1 packet! Is syncmode enabled?
{Mon 01:07:45 Step:1938} Server_Comm.py: The agent lost 1 packet! Is syncmode enabled?
{Mon 01:07:45 Step:1941} Server_Comm.py: The agent lost 2 consecutive packets! Is syncmode disabled?
{Mon 01:07:45 Step:1943} Server_Comm.py: The agent lost 1 packet! Is syncmode enabled?
{Mon 01:07:45 Step:1946} Server_Comm.py: The agent lost 2 consecutive packets! Is syncmode disabled?
{Mon 01:07:45 Step:1949} Server_Comm.py: The agent lost 2 consecutive packets! Is syncmode disabled?
{Mon 01:07:45 Step:1952} Server_Comm.py: The agent lost 2 consecutive packets! Is syncmode disabled?
{Mon 01:07:45 Step:1955} Server_Comm.py: The agent lost 2 consecutive packets! Is syncmode disabled?
{Mon 01:07:45 Step:1958} Server_Comm.py: The agent lost 2 consecutive packets! Is syncmode disabled?
{Mon 01:07:45 Step:1960} Server_Comm.py: The agent lost 1 packet! Is syncmode enabled?
{Mon 01:07:45 Step:1962} Server_Comm.py: The agent lost 1 packet! Is syncmode enabled?
{Mon 01:07:45 Step:1965} Server_Comm.py: The agent lost 2 consecutive packets! Is syncmode disabled?
{Mon 01:07:45 Step:1967} Server_Comm.py: The agent lost 1 packet! Is syncmode enabled?
{Mon 01:07:45 Step:1973} Server_Comm.py: The agent lost 5 consecutive packets! Is syncmode disabled?
{Mon 01:07:45 Step:1979} Server_Comm.py: The agent lost 5 consecutive packets! Is syncmode disabled?
{Mon 01:07:45 Step:1985} Server_Comm.py: The agent lost 5 consecutive packets! Is syncmode disabled?
{Mon 01:07:45 Step:1995} Server_Comm.py: The agent lost 9 consecutive packets! Is syncmode disabled?
{Mon 01:07:45 Step:2030} Server_Comm.py: The agent lost 34 consecutive packets! Is syncmode disabled?
{Mon 01:07:45 Step:2041} Server_Comm.py: The agent lost 10 consecutive packets! Is syncmode disabled?
{Mon 01:07:45 Step:2047} Server_Comm.py: The agent lost 5 consecutive packets! Is syncmode disabled?
{Mon 01:07:45 Step:2051} Server_Comm.py: The agent lost 3 consecutive packets! Is syncmode disabled?
{Mon 01:07:45 Step:2056} Server_Comm.py: The agent lost 4 consecutive packets! Is syncmode disabled?
{Mon 01:07:45 Step:2058} Server_Comm.py: The agent lost 1 packet! Is syncmode enabled?
{Mon 01:07:45 Step:2062} Server_Comm.py: The agent lost 2 consecutive packets! Is syncmode disabled?
{Mon 01:07:45 Step:2064} Server_Comm.py: The agent lost 1 packet! Is syncmode enabled?
{Mon 01:07:45 Step:2066} Server_Comm.py: The agent lost 1 packet! Is syncmode enabled?
{Mon 01:07:45 Step:2069} Server_Comm.py: The agent lost 1 packet! Is syncmode enabled?
{Mon 01:07:45 Step:2072} Server_Comm.py: The agent lost 2 consecutive packets! Is syncmode disabled?
{Mon 01:07:45 Step:2075} Server_Comm.py: The agent lost 1 packet! Is syncmode enabled?
{Mon 01:07:45 Step:2081} Server_Comm.py: The agent lost 1 packet! Is syncmode enabled?
{Mon 01:07:45 Step:2083} Server_Comm.py: The agent lost 1 packet! Is syncmode enabled?
{Mon 01:07:45 Step:2087} Server_Comm.py: The agent lost 1 packet! Is syncmode enabled?
{Mon 01:07:45 Step:2091} Server_Comm.py: The agent lost 1 packet! Is syncmode enabled?
{Mon 01:07:45 Step:2095} Server_Comm.py: The agent lost 1 packet! Is syncmode enabled?
{Mon 01:07:45 Step:2097} Server_Comm.py: The agent lost 1 packet! Is syncmode enabled?
{Mon 01:07:45 Step:2103} Server_Comm.py: The agent lost 1 packet! Is syncmode enabled?
{Mon 01:07:45 Step:2108} Server_Comm.py: The agent lost 1 packet! Is syncmode enabled?
{Mon 01:07:45 Step:2111} Server_Comm.py: The agent lost 1 packet! Is syncmode enabled?
{Mon 01:07:45 Step:2115} Server_Comm.py: The agent lost 1 packet! Is syncmode enabled?
{Mon 01:07:45 Step:2119} Server_Comm.py: The agent lost 1 packet! Is syncmode enabled?
{Mon 01:07:45 Step:2121} Server_Comm.py: The agent lost 1 packet! Is syncmode enabled?
{Mon 01:07:45 Step:2129} Server_Comm.py: The agent lost 1 packet! Is syncmode enabled?
{Mon 01:07:45 Step:2133} Server_Comm.py: The agent lost 1 packet! Is syncmode enabled?
{Mon 01:07:45 Step:2145} Server_Comm.py: The agent lost 1 packet! Is syncmode enabled?
{Mon 01:07:45 Step:2149} Server_Comm.py: The agent lost 1 packet! Is syncmode enabled?
{Mon 01:07:45 Step:2157} Server_Comm.py: The agent lost 1 packet! Is syncmode enabled?
{Mon 01:07:45 Step:2163} Server_Comm.py: The agent lost 1 packet! Is syncmode enabled?
{Mon 01:07:45 Step:2166} Server_Comm.py: The agent lost 2 consecutive packets! Is syncmode disabled?
{Mon 01:07:45 Step:2168} Server_Comm.py: The agent lost 1 packet! Is syncmode enabled?
{Mon 01:07:45 Step:2170} Server_Comm.py: The agent lost 1 packet! Is syncmode enabled?
{Mon 01:07:45 Step:2177} Server_Comm.py: The agent lost 5 consecutive packets! Is syncmode disabled?
{Mon 01:07:45 Step:2183} Server_Comm.py: The agent lost 5 consecutive packets! Is syncmode disabled?
{Mon 01:07:45 Step:2187} Server_Comm.py: The agent lost 3 consecutive packets! Is syncmode disabled?
{Mon 01:07:45 Step:2192} Server_Comm.py: The agent lost 4 consecutive packets! Is syncmode disabled?
{Mon 01:07:45 Step:2194} Server_Comm.py: The agent lost 1 packet! Is syncmode enabled?
{Mon 01:07:45 Step:2199} Server_Comm.py: The agent lost 3 consecutive packets! Is syncmode disabled?
{Mon 01:07:45 Step:2202} Server_Comm.py: The agent lost 2 consecutive packets! Is syncmode disabled?
{Mon 01:07:45 Step:2204} Server_Comm.py: The agent lost 1 packet! Is syncmode enabled?
{Mon 01:07:45 Step:2206} Server_Comm.py: The agent lost 1 packet! Is syncmode enabled?
{Mon 01:07:45 Step:2208} Server_Comm.py: The agent lost 1 packet! Is syncmode enabled?
{Mon 01:07:45 Step:2210} Server_Comm.py: The agent lost 1 packet! Is syncmode enabled?
{Mon 01:07:45 Step:2212} Server_Comm.py: The agent lost 1 packet! Is syncmode enabled?
{Mon 01:07:45 Step:2214} Server_Comm.py: The agent lost 1 packet! Is syncmode enabled?
{Mon 01:07:45 Step:2216} Server_Comm.py: The agent lost 1 packet! Is syncmode enabled?
{Mon 01:07:45 Step:2219} Server_Comm.py: The agent lost 2 consecutive packets! Is syncmode disabled?
{Mon 01:07:45 Step:2226} Server_Comm.py: The agent lost 1 packet! Is syncmode enabled?
{Mon 01:07:45 Step:2229} Server_Comm.py: The agent lost 1 packet! Is syncmode enabled?
{Mon 01:07:45 Step:2233} Server_Comm.py: The agent lost 1 packet! Is syncmode enabled?
{Mon 01:07:45 Step:2245} Server_Comm.py: The agent lost 1 packet! Is syncmode enabled?
{Mon 01:07:45 Step:2249} Server_Comm.py: The agent lost 1 packet! Is syncmode enabled?
{Mon 01:07:45 Step:2263} Server_Comm.py: The agent lost 1 packet! Is syncmode enabled?
{Mon 01:07:45 Step:2267} Server_Comm.py: The agent lost 1 packet! Is syncmode enabled?
{Mon 01:07:45 Step:2285} Server_Comm.py: The agent lost 1 packet! Is syncmode enabled?
{Mon 01:07:45 Step:2295} Server_Comm.py: The agent lost 1 packet! Is syncmode enabled?
{Mon 01:07:45 Step:2302} Server_Comm.py: The agent lost 2 consecutive packets! Is syncmode disabled?
{Mon 01:07:45 Step:2306} Server_Comm.py: The agent lost 2 consecutive packets! Is syncmode disabled?
{Mon 01:07:45 Step:2312} Server_Comm.py: The agent lost 5 consecutive packets! Is syncmode disabled?
{Mon 01:07:45 Step:2315} Server_Comm.py: The agent lost 2 consecutive packets! Is syncmode disabled?
{Mon 01:07:45 Step:2320} Server_Comm.py: The agent lost 4 consecutive packets! Is syncmode disabled?
{Mon 01:07:45 Step:2323} Server_Comm.py: The agent lost 2 consecutive packets! Is syncmode disabled?
{Mon 01:07:45 Step:2327} Server_Comm.py: The agent lost 3 consecutive packets! Is syncmode disabled?
{Mon 01:07:45 Step:2330} Server_Comm.py: The agent lost 2 consecutive packets! Is syncmode disabled?
{Mon 01:07:45 Step:2335} Server_Comm.py: The agent lost 3 consecutive packets! Is syncmode disabled?
{Mon 01:07:45 Step:2339} Server_Comm.py: The agent lost 3 consecutive packets! Is syncmode disabled?
{Mon 01:07:45 Step:2342} Server_Comm.py: The agent lost 2 consecutive packets! Is syncmode disabled?
{Mon 01:07:45 Step:2344} Server_Comm.py: The agent lost 1 packet! Is syncmode enabled?
{Mon 01:07:45 Step:2346} Server_Comm.py: The agent lost 1 packet! Is syncmode enabled?
{Mon 01:07:45 Step:2348} Server_Comm.py: The agent lost 1 packet! Is syncmode enabled?
{Mon 01:07:45 Step:2352} Server_Comm.py: The agent lost 2 consecutive packets! Is syncmode disabled?
{Mon 01:07:45 Step:2354} Server_Comm.py: The agent lost 1 packet! Is syncmode enabled?
{Mon 01:07:45 Step:2356} Server_Comm.py: The agent lost 1 packet! Is syncmode enabled?
{Mon 01:07:45 Step:2358} Server_Comm.py: The agent lost 1 packet! Is syncmode enabled?
{Mon 01:07:45 Step:2362} Server_Comm.py: The agent lost 2 consecutive packets! Is syncmode disabled?
{Mon 01:07:45 Step:2364} Server_Comm.py: The agent lost 1 packet! Is syncmode enabled?
{Mon 01:07:45 Step:2366} Server_Comm.py: The agent lost 1 packet! Is syncmode enabled?
{Mon 01:07:45 Step:2369} Server_Comm.py: The agent lost 1 packet! Is syncmode enabled?
{Mon 01:07:45 Step:2374} Server_Comm.py: The agent lost 1 packet! Is syncmode enabled?
{Mon 01:07:45 Step:2379} Server_Comm.py: The agent lost 1 packet! Is syncmode enabled?
{Mon 01:07:45 Step:2412} Server_Comm.py: The agent lost 1 packet! Is syncmode enabled?
{Mon 01:07:45 Step:2417} Server_Comm.py: The agent lost 1 packet! Is syncmode enabled?
{Mon 01:07:45 Step:2422} Server_Comm.py: The agent lost 1 packet! Is syncmode enabled?
{Mon 01:07:45 Step:2427} Server_Comm.py: The agent lost 1 packet! Is syncmode enabled?
{Mon 01:07:45 Step:2435} Server_Comm.py: The agent lost 1 packet! Is syncmode enabled?
{Mon 01:07:45 Step:2441} Server_Comm.py: The agent lost 1 packet! Is syncmode enabled?
{Mon 01:07:45 Step:2444} Server_Comm.py: The agent lost 2 consecutive packets! Is syncmode disabled?
{Mon 01:07:45 Step:2446} Server_Comm.py: The agent lost 1 packet! Is syncmode enabled?
{Mon 01:07:45 Step:2450} Server_Comm.py: The agent lost 2 consecutive packets! Is syncmode disabled?
{Mon 01:07:45 Step:2455} Server_Comm.py: The agent lost 4 consecutive packets! Is syncmode disabled?
{Mon 01:07:45 Step:2460} Server_Comm.py: The agent lost 4 consecutive packets! Is syncmode disabled?
{Mon 01:07:45 Step:2462} Server_Comm.py: The agent lost 1 packet! Is syncmode enabled?
{Mon 01:07:45 Step:2464} Server_Comm.py: The agent lost 1 packet! Is syncmode enabled?
{Mon 01:07:45 Step:2466} Server_Comm.py: The agent lost 1 packet! Is syncmode enabled?
{Mon 01:07:45 Step:2468} Server_Comm.py: The agent lost 1 packet! Is syncmode enabled?
{Mon 01:07:45 Step:2472} Server_Comm.py: The agent lost 2 consecutive packets! Is syncmode disabled?
{Mon 01:07:45 Step:2475} Server_Comm.py: The agent lost 1 packet! Is syncmode enabled?
{Mon 01:07:45 Step:2477} Server_Comm.py: The agent lost 1 packet! Is syncmode enabled?
{Mon 01:07:45 Step:2481} Server_Comm.py: The agent lost 3 consecutive packets! Is syncmode disabled?
{Mon 01:07:45 Step:2485} Server_Comm.py: The agent lost 3 consecutive packets! Is syncmode disabled?
{Mon 01:07:45 Step:2488} Server_Comm.py: The agent lost 2 consecutive packets! Is syncmode disabled?
{Mon 01:07:45 Step:2490} Server_Comm.py: The agent lost 1 packet! Is syncmode enabled?
{Mon 01:07:45 Step:2494} Server_Comm.py: The agent lost 2 consecutive packets! Is syncmode disabled?
{Mon 01:07:45 Step:2499} Server_Comm.py: The agent lost 3 consecutive packets! Is syncmode disabled?
{Mon 01:07:45 Step:2501} Server_Comm.py: The agent lost 1 packet! Is syncmode enabled?
{Mon 01:07:45 Step:2503} Server_Comm.py: The agent lost 1 packet! Is syncmode enabled?
{Mon 01:07:45 Step:2508} Server_Comm.py: The agent lost 2 consecutive packets! Is syncmode disabled?
{Mon 01:07:45 Step:2510} Server_Comm.py: The agent lost 1 packet! Is syncmode enabled?
{Mon 01:07:45 Step:2513} Server_Comm.py: The agent lost 1 packet! Is syncmode enabled?
{Mon 01:07:45 Step:2526} Server_Comm.py: The agent lost 1 packet! Is syncmode enabled?
{Mon 01:07:45 Step:2531} Server_Comm.py: The agent lost 1 packet! Is syncmode enabled?
{Mon 01:07:45 Step:2567} Server_Comm.py: The agent lost 1 packet! Is syncmode enabled?
{Mon 01:07:45 Step:2571} Server_Comm.py: The agent lost 1 packet! Is syncmode enabled?
{Mon 01:07:45 Step:2582} Server_Comm.py: The agent lost 2 consecutive packets! Is syncmode disabled?
{Mon 01:07:45 Step:2584} Server_Comm.py: The agent lost 1 packet! Is syncmode enabled?
{Mon 01:07:45 Step:2589} Server_Comm.py: The agent lost 4 consecutive packets! Is syncmode disabled?
{Mon 01:07:45 Step:2592} Server_Comm.py: The agent lost 2 consecutive packets! Is syncmode disabled?
{Mon 01:07:45 Step:2594} Server_Comm.py: The agent lost 1 packet! Is syncmode enabled?
{Mon 01:07:45 Step:2596} Server_Comm.py: The agent lost 1 packet! Is syncmode enabled?
{Mon 01:07:45 Step:2599} Server_Comm.py: The agent lost 2 consecutive packets! Is syncmode disabled?
{Mon 01:07:45 Step:2601} Server_Comm.py: The agent lost 1 packet! Is syncmode enabled?
{Mon 01:07:45 Step:2604} Server_Comm.py: The agent lost 2 consecutive packets! Is syncmode disabled?
{Mon 01:07:45 Step:2606} Server_Comm.py: The agent lost 1 packet! Is syncmode enabled?
{Mon 01:07:45 Step:2608} Server_Comm.py: The agent lost 1 packet! Is syncmode enabled?
{Mon 01:07:45 Step:2612} Server_Comm.py: The agent lost 2 consecutive packets! Is syncmode disabled?
{Mon 01:07:45 Step:2616} Server_Comm.py: The agent lost 2 consecutive packets! Is syncmode disabled?
{Mon 01:07:45 Step:2619} Server_Comm.py: The agent lost 1 packet! Is syncmode enabled?
{Mon 01:07:45 Step:2622} Server_Comm.py: The agent lost 2 consecutive packets! Is syncmode disabled?
{Mon 01:07:45 Step:2627} Server_Comm.py: The agent lost 1 packet! Is syncmode enabled?
{Mon 01:07:45 Step:2630} Server_Comm.py: The agent lost 2 consecutive packets! Is syncmode disabled?
{Mon 01:07:45 Step:2632} Server_Comm.py: The agent lost 1 packet! Is syncmode enabled?
{Mon 01:07:45 Step:2634} Server_Comm.py: The agent lost 1 packet! Is syncmode enabled?
{Mon 01:07:45 Step:2638} Server_Comm.py: The agent lost 2 consecutive packets! Is syncmode disabled?
{Mon 01:07:45 Step:2640} Server_Comm.py: The agent lost 1 packet! Is syncmode enabled?
{Mon 01:07:45 Step:2642} Server_Comm.py: The agent lost 1 packet! Is syncmode enabled?
{Mon 01:07:45 Step:2646} Server_Comm.py: The agent lost 2 consecutive packets! Is syncmode disabled?
{Mon 01:07:45 Step:2648} Server_Comm.py: The agent lost 1 packet! Is syncmode enabled?
{Mon 01:07:45 Step:2650} Server_Comm.py: The agent lost 1 packet! Is syncmode enabled?
{Mon 01:07:45 Step:2652} Server_Comm.py: The agent lost 1 packet! Is syncmode enabled?
{Mon 01:07:45 Step:2654} Server_Comm.py: The agent lost 1 packet! Is syncmode enabled?
{Mon 01:07:45 Step:2657} Server_Comm.py: The agent lost 1 packet! Is syncmode enabled?
{Mon 01:07:45 Step:2683} Server_Comm.py: The agent lost 1 packet! Is syncmode enabled?
{Mon 01:07:45 Step:2716} Server_Comm.py: The agent lost 2 consecutive packets! Is syncmode disabled?
{Mon 01:07:45 Step:2718} Server_Comm.py: The agent lost 1 packet! Is syncmode enabled?
{Mon 01:07:45 Step:2723} Server_Comm.py: The agent lost 4 consecutive packets! Is syncmode disabled?
{Mon 01:07:45 Step:2726} Server_Comm.py: The agent lost 2 consecutive packets! Is syncmode disabled?
{Mon 01:07:45 Step:2728} Server_Comm.py: The agent lost 1 packet! Is syncmode enabled?
{Mon 01:07:45 Step:2730} Server_Comm.py: The agent lost 1 packet! Is syncmode enabled?
{Mon 01:07:45 Step:2732} Server_Comm.py: The agent lost 1 packet! Is syncmode enabled?
{Mon 01:07:45 Step:2737} Server_Comm.py: The agent lost 3 consecutive packets! Is syncmode disabled?
{Mon 01:07:45 Step:2740} Server_Comm.py: The agent lost 2 consecutive packets! Is syncmode disabled?
{Mon 01:07:45 Step:2742} Server_Comm.py: The agent lost 1 packet! Is syncmode enabled?
{Mon 01:07:45 Step:2746} Server_Comm.py: The agent lost 2 consecutive packets! Is syncmode disabled?
{Mon 01:07:45 Step:2749} Server_Comm.py: The agent lost 2 consecutive packets! Is syncmode disabled?
{Mon 01:07:45 Step:2752} Server_Comm.py: The agent lost 2 consecutive packets! Is syncmode disabled?
{Mon 01:07:45 Step:2756} Server_Comm.py: The agent lost 2 consecutive packets! Is syncmode disabled?
{Mon 01:07:45 Step:2759} Server_Comm.py: The agent lost 2 consecutive packets! Is syncmode disabled?
{Mon 01:07:45 Step:2768} Server_Comm.py: The agent lost 1 packet! Is syncmode enabled?
{Mon 01:07:45 Step:2835} Server_Comm.py: The agent lost 1 packet! Is syncmode enabled?
{Mon 01:07:45 Step:2838} Server_Comm.py: The agent lost 2 consecutive packets! Is syncmode disabled?
{Mon 01:07:45 Step:2840} Server_Comm.py: The agent lost 1 packet! Is syncmode enabled?
{Mon 01:07:45 Step:2844} Server_Comm.py: The agent lost 3 consecutive packets! Is syncmode disabled?
{Mon 01:07:45 Step:2847} Server_Comm.py: The agent lost 2 consecutive packets! Is syncmode disabled?
{Mon 01:07:45 Step:2850} Server_Comm.py: The agent lost 2 consecutive packets! Is syncmode disabled?
{Mon 01:07:45 Step:2852} Server_Comm.py: The agent lost 1 packet! Is syncmode enabled?
{Mon 01:07:45 Step:2854} Server_Comm.py: The agent lost 1 packet! Is syncmode enabled?
{Mon 01:07:45 Step:2858} Server_Comm.py: The agent lost 2 consecutive packets! Is syncmode disabled?
{Mon 01:07:45 Step:2860} Server_Comm.py: The agent lost 1 packet! Is syncmode enabled?
{Mon 01:07:45 Step:2865} Server_Comm.py: The agent lost 3 consecutive packets! Is syncmode disabled?
{Mon 01:07:45 Step:2869} Server_Comm.py: The agent lost 3 consecutive packets! Is syncmode disabled?
{Mon 01:07:45 Step:2873} Server_Comm.py: The agent lost 3 consecutive packets! Is syncmode disabled?
{Mon 01:07:45 Step:2877} Server_Comm.py: The agent lost 3 consecutive packets! Is syncmode disabled?
{Mon 01:07:45 Step:2880} Server_Comm.py: The agent lost 2 consecutive packets! Is syncmode disabled?
{Mon 01:07:45 Step:2882} Server_Comm.py: The agent lost 1 packet! Is syncmode enabled?
{Mon 01:07:45 Step:2884} Server_Comm.py: The agent lost 1 packet! Is syncmode enabled?
{Mon 01:07:46 Step:2885} Server_Comm.py: Received a new packet while thinking!
{Mon 01:07:46 Step:3022} Server_Comm.py: The agent lost 136 consecutive packets! Is syncmode disabled?
{Mon 01:07:46 Step:3022} Server_Comm.py: Received a new packet while on world.update()!
{Mon 01:07:46 Step:3023} Server_Comm.py: Received a new packet while thinking!
{Mon 01:07:46 Step:3024} Server_Comm.py: Received a new packet while on world.update()!
{Mon 01:07:46 Step:3025} Server_Comm.py: Received a new packet while on world.update()!
{Mon 01:07:46 Step:3026} Server_Comm.py: Received a new packet while on world.update()!
{Mon 01:07:46 Step:3027} Server_Comm.py: Received a new packet while on world.update()!
{Mon 01:07:46 Step:3035} Server_Comm.py: The agent lost 1 packet! Is syncmode enabled?
{Mon 01:07:46 Step:3043} Server_Comm.py: The agent lost 1 packet! Is syncmode enabled?
{Mon 01:07:46 Step:3047} Server_Comm.py: The agent lost 1 packet! Is syncmode enabled?
{Mon 01:07:46 Step:3051} Server_Comm.py: The agent lost 1 packet! Is syncmode enabled?
{Mon 01:07:46 Step:3085} Server_Comm.py: The agent lost 1 packet! Is syncmode enabled?
{Mon 01:07:46 Step:3091} Server_Comm.py: The agent lost 1 packet! Is syncmode enabled?
{Mon 01:07:46 Step:3101} Server_Comm.py: The agent lost 1 packet! Is syncmode enabled?
{Mon 01:07:46 Step:3106} Server_Comm.py: The agent lost 2 consecutive packets! Is syncmode disabled?
{Mon 01:07:46 Step:3109} Server_Comm.py: The agent lost 1 packet! Is syncmode enabled?
{Mon 01:07:46 Step:3146} Server_Comm.py: The agent lost 36 consecutive packets! Is syncmode disabled?
{Mon 01:07:46 Step:3157} Server_Comm.py: The agent lost 10 consecutive packets! Is syncmode disabled?
{Mon 01:07:46 Step:3163} Server_Comm.py: The agent lost 5 consecutive packets! Is syncmode disabled?
{Mon 01:07:46 Step:3167} Server_Comm.py: The agent lost 3 consecutive packets! Is syncmode disabled?
{Mon 01:07:46 Step:3171} Server_Comm.py: The agent lost 3 consecutive packets! Is syncmode disabled?
{Mon 01:07:46 Step:3173} Server_Comm.py: The agent lost 1 packet! Is syncmode enabled?
{Mon 01:07:46 Step:3177} Server_Comm.py: The agent lost 3 consecutive packets! Is syncmode disabled?
{Mon 01:07:46 Step:3180} Server_Comm.py: The agent lost 2 consecutive packets! Is syncmode disabled?
{Mon 01:07:46 Step:3182} Server_Comm.py: The agent lost 1 packet! Is syncmode enabled?
{Mon 01:07:46 Step:3184} Server_Comm.py: The agent lost 1 packet! Is syncmode enabled?
{Mon 01:07:46 Step:3189} Server_Comm.py: The agent lost 4 consecutive packets! Is syncmode disabled?
{Mon 01:07:46 Step:3193} Server_Comm.py: The agent lost 3 consecutive packets! Is syncmode disabled?
{Mon 01:07:46 Step:3197} Server_Comm.py: The agent lost 3 consecutive packets! Is syncmode disabled?
{Mon 01:07:46 Step:3201} Server_Comm.py: The agent lost 3 consecutive packets! Is syncmode disabled?
{Mon 01:07:46 Step:3205} Server_Comm.py: The agent lost 3 consecutive packets! Is syncmode disabled?
{Mon 01:07:46 Step:3208} Server_Comm.py: The agent lost 2 consecutive packets! Is syncmode disabled?
{Mon 01:07:46 Step:3211} Server_Comm.py: The agent lost 2 consecutive packets! Is syncmode disabled?
{Mon 01:07:46 Step:3213} Server_Comm.py: The agent lost 1 packet! Is syncmode enabled?
{Mon 01:07:46 Step:3216} Server_Comm.py: The agent lost 2 consecutive packets! Is syncmode disabled?
{Mon 01:07:46 Step:3221} Server_Comm.py: The agent lost 3 consecutive packets! Is syncmode disabled?
{Mon 01:07:46 Step:3224} Server_Comm.py: The agent lost 2 consecutive packets! Is syncmode disabled?
{Mon 01:07:46 Step:3226} Server_Comm.py: The agent lost 1 packet! Is syncmode enabled?
{Mon 01:07:46 Step:3246} Server_Comm.py: The agent lost 1 packet! Is syncmode enabled?
{Mon 01:07:46 Step:3249} Server_Comm.py: The agent lost 1 packet! Is syncmode enabled?
{Mon 01:07:46 Step:3266} Server_Comm.py: The agent lost 1 packet! Is syncmode enabled?
{Mon 01:07:46 Step:3269} Server_Comm.py: The agent lost 2 consecutive packets! Is syncmode disabled?
{Mon 01:07:46 Step:3272} Server_Comm.py: The agent lost 2 consecutive packets! Is syncmode disabled?
{Mon 01:07:46 Step:3274} Server_Comm.py: The agent lost 1 packet! Is syncmode enabled?
{Mon 01:07:46 Step:3277} Server_Comm.py: The agent lost 1 packet! Is syncmode enabled?
{Mon 01:07:46 Step:3279} Server_Comm.py: The agent lost 1 packet! Is syncmode enabled?
{Mon 01:07:46 Step:3281} Server_Comm.py: The agent lost 1 packet! Is syncmode enabled?
{Mon 01:07:46 Step:3284} Server_Comm.py: The agent lost 2 consecutive packets! Is syncmode disabled?
{Mon 01:07:46 Step:3287} Server_Comm.py: The agent lost 2 consecutive packets! Is syncmode disabled?
{Mon 01:07:46 Step:3290} Server_Comm.py: The agent lost 2 consecutive packets! Is syncmode disabled?
{Mon 01:07:46 Step:3293} Server_Comm.py: The agent lost 2 consecutive packets! Is syncmode disabled?
{Mon 01:07:46 Step:3296} Server_Comm.py: The agent lost 1 packet! Is syncmode enabled?
{Mon 01:07:46 Step:3298} Server_Comm.py: The agent lost 1 packet! Is syncmode enabled?
{Mon 01:07:46 Step:3301} Server_Comm.py: The agent lost 2 consecutive packets! Is syncmode disabled?
{Mon 01:07:46 Step:3304} Server_Comm.py: The agent lost 2 consecutive packets! Is syncmode disabled?
{Mon 01:07:46 Step:3307} Server_Comm.py: The agent lost 2 consecutive packets! Is syncmode disabled?
{Mon 01:07:46 Step:3310} Server_Comm.py: The agent lost 2 consecutive packets! Is syncmode disabled?
{Mon 01:07:46 Step:3313} Server_Comm.py: The agent lost 2 consecutive packets! Is syncmode disabled?
{Mon 01:07:46 Step:3317} Server_Comm.py: The agent lost 3 consecutive packets! Is syncmode disabled?
{Mon 01:07:46 Step:3320} Server_Comm.py: The agent lost 2 consecutive packets! Is syncmode disabled?
{Mon 01:07:46 Step:3324} Server_Comm.py: The agent lost 3 consecutive packets! Is syncmode disabled?
{Mon 01:07:46 Step:3327} Server_Comm.py: The agent lost 2 consecutive packets! Is syncmode disabled?
{Mon 01:07:46 Step:3330} Server_Comm.py: The agent lost 2 consecutive packets! Is syncmode disabled?
{Mon 01:07:46 Step:3333} Server_Comm.py: The agent lost 2 consecutive packets! Is syncmode disabled?
{Mon 01:07:46 Step:3336} Server_Comm.py: The agent lost 2 consecutive packets! Is syncmode disabled?
{Mon 01:07:46 Step:3339} Server_Comm.py: The agent lost 2 consecutive packets! Is syncmode disabled?
{Mon 01:07:46 Step:3342} Server_Comm.py: The agent lost 2 consecutive packets! Is syncmode disabled?
{Mon 01:07:46 Step:3345} Server_Comm.py: The agent lost 2 consecutive packets! Is syncmode disabled?
{Mon 01:07:46 Step:3348} Server_Comm.py: The agent lost 2 consecutive packets! Is syncmode disabled?
{Mon 01:07:46 Step:3351} Server_Comm.py: The agent lost 2 consecutive packets! Is syncmode disabled?
{Mon 01:07:46 Step:3354} Server_Comm.py: The agent lost 2 consecutive packets! Is syncmode disabled?
{Mon 01:07:46 Step:3357} Server_Comm.py: The agent lost 2 consecutive packets! Is syncmode disabled?
{Mon 01:07:46 Step:3360} Server_Comm.py: The agent lost 2 consecutive packets! Is syncmode disabled?
{Mon 01:07:46 Step:3363} Server_Comm.py: The agent lost 2 consecutive packets! Is syncmode disabled?
{Mon 01:07:46 Step:3367} Server_Comm.py: The agent lost 3 consecutive packets! Is syncmode disabled?
{Mon 01:07:46 Step:3369} Server_Comm.py: The agent lost 1 packet! Is syncmode enabled?
{Mon 01:07:46 Step:3375} Server_Comm.py: The agent lost 5 consecutive packets! Is syncmode disabled?
{Mon 01:07:46 Step:3384} Server_Comm.py: The agent lost 8 consecutive packets! Is syncmode disabled?
{Mon 01:07:46 Step:3391} Server_Comm.py: The agent lost 6 consecutive packets! Is syncmode disabled?
{Mon 01:07:46 Step:3400} Server_Comm.py: The agent lost 8 consecutive packets! Is syncmode disabled?
{Mon 01:07:46 Step:3418} Server_Comm.py: The agent lost 17 consecutive packets! Is syncmode disabled?
{Mon 01:07:46 Step:3426} Server_Comm.py: The agent lost 7 consecutive packets! Is syncmode disabled?
{Mon 01:07:46 Step:3430} Server_Comm.py: The agent lost 3 consecutive packets! Is syncmode disabled?
{Mon 01:07:46 Step:3433} Server_Comm.py: The agent lost 2 consecutive packets! Is syncmode disabled?
{Mon 01:07:46 Step:3437} Server_Comm.py: The agent lost 3 consecutive packets! Is syncmode disabled?
{Mon 01:07:46 Step:3441} Server_Comm.py: The agent lost 3 consecutive packets! Is syncmode disabled?
{Mon 01:07:46 Step:3445} Server_Comm.py: The agent lost 3 consecutive packets! Is syncmode disabled?
{Mon 01:07:46 Step:3448} Server_Comm.py: The agent lost 2 consecutive packets! Is syncmode disabled?
{Mon 01:07:46 Step:3450} Server_Comm.py: The agent lost 1 packet! Is syncmode enabled?
{Mon 01:07:46 Step:3453} Server_Comm.py: The agent lost 2 consecutive packets! Is syncmode disabled?
{Mon 01:07:46 Step:3459} Server_Comm.py: The agent lost 5 consecutive packets! Is syncmode disabled?
{Mon 01:07:46 Step:3467} Server_Comm.py: The agent lost 7 consecutive packets! Is syncmode disabled?
{Mon 01:07:46 Step:3473} Server_Comm.py: The agent lost 5 consecutive packets! Is syncmode disabled?
{Mon 01:07:46 Step:3478} Server_Comm.py: The agent lost 4 consecutive packets! Is syncmode disabled?
{Mon 01:07:46 Step:3482} Server_Comm.py: The agent lost 3 consecutive packets! Is syncmode disabled?
{Mon 01:07:46 Step:3485} Server_Comm.py: The agent lost 2 consecutive packets! Is syncmode disabled?
{Mon 01:07:46 Step:3507} Server_Comm.py: The agent lost 1 packet! Is syncmode enabled?
{Mon 01:07:46 Step:3517} Server_Comm.py: The agent lost 1 packet! Is syncmode enabled?
{Mon 01:07:46 Step:3521} Server_Comm.py: The agent lost 1 packet! Is syncmode enabled?
{Mon 01:07:46 Step:3523} Server_Comm.py: The agent lost 1 packet! Is syncmode enabled?
{Mon 01:07:46 Step:3525} Server_Comm.py: The agent lost 1 packet! Is syncmode enabled?
{Mon 01:07:46 Step:3533} Server_Comm.py: The agent lost 1 packet! Is syncmode enabled?
{Mon 01:07:46 Step:3563} Server_Comm.py: The agent lost 1 packet! Is syncmode enabled?
{Mon 01:07:46 Step:3566} Server_Comm.py: The agent lost 2 consecutive packets! Is syncmode disabled?
{Mon 01:07:46 Step:3568} Server_Comm.py: The agent lost 1 packet! Is syncmode enabled?
