{Mon 01:02:06 Step:2} Server_Comm.py: The agent lost 1 packet! Is syncmode enabled?
{Mon 01:02:06 Step:2} Server_Comm.py: Received a new packet while on world.update()!
{Mon 01:02:06 Step:12} Server_Comm.py: The agent lost 9 consecutive packets! Is syncmode disabled?
{Mon 01:02:06 Step:15} Server_Comm.py: The agent lost 1 packet! Is syncmode enabled?
{Mon 01:02:06 Step:18} Server_Comm.py: The agent lost 2 consecutive packets! Is syncmode disabled?
{Mon 01:02:06 Step:37} Server_Comm.py: The agent lost 17 consecutive packets! Is syncmode disabled?
{Mon 01:02:06 Step:44} Server_Comm.py: The agent lost 6 consecutive packets! Is syncmode disabled?
{Mon 01:02:06 Step:46} Server_Comm.py: The agent lost 1 packet! Is syncmode enabled?
{Mon 01:02:06 Step:48} Server_Comm.py: The agent lost 1 packet! Is syncmode enabled?
{Mon 01:02:06 Step:52} Server_Comm.py: The agent lost 2 consecutive packets! Is syncmode disabled?
{Mon 01:02:06 Step:52} Server_Comm.py: Received a new packet while thinking!
{Mon 01:02:06 Step:590} Server_Comm.py: The agent lost 537 consecutive packets! Is syncmode disabled?
{Mon 01:02:06 Step:590} Server_Comm.py: Received a new packet while on world.update()!
{Mon 01:02:06 Step:592} Server_Comm.py: The agent lost 1 packet! Is syncmode enabled?
{Mon 01:02:06 Step:595} Server_Comm.py: The agent lost 1 packet! Is syncmode enabled?
{Mon 01:02:06 Step:598} Server_Comm.py: The agent lost 2 consecutive packets! Is syncmode disabled?
{Mon 01:02:06 Step:600} Server_Comm.py: The agent lost 1 packet! Is syncmode enabled?
{Mon 01:02:06 Step:602} Server_Comm.py: The agent lost 1 packet! Is syncmode enabled?
{Mon 01:02:06 Step:609} Server_Comm.py: The agent lost 5 consecutive packets! Is syncmode disabled?
{Mon 01:02:06 Step:613} Server_Comm.py: The agent lost 3 consecutive packets! Is syncmode disabled?
{Mon 01:02:06 Step:617} Server_Comm.py: The agent lost 3 consecutive packets! Is syncmode disabled?
{Mon 01:02:06 Step:622} Server_Comm.py: The agent lost 4 consecutive packets! Is syncmode disabled?
{Mon 01:02:06 Step:624} Server_Comm.py: The agent lost 1 packet! Is syncmode enabled?
{Mon 01:02:06 Step:626} Server_Comm.py: The agent lost 1 packet! Is syncmode enabled?
{Mon 01:02:06 Step:632} Server_Comm.py: The agent lost 5 consecutive packets! Is syncmode disabled?
{Mon 01:02:06 Step:636} Server_Comm.py: The agent lost 3 consecutive packets! Is syncmode disabled?
{Mon 01:02:06 Step:638} Server_Comm.py: The agent lost 1 packet! Is syncmode enabled?
{Mon 01:02:06 Step:640} Server_Comm.py: The agent lost 1 packet! Is syncmode enabled?
{Mon 01:02:06 Step:644} Server_Comm.py: The agent lost 2 consecutive packets! Is syncmode disabled?
{Mon 01:02:06 Step:646} Server_Comm.py: The agent lost 1 packet! Is syncmode enabled?
{Mon 01:02:06 Step:648} Server_Comm.py: The agent lost 1 packet! Is syncmode enabled?
{Mon 01:02:06 Step:651} Server_Comm.py: The agent lost 1 packet! Is syncmode enabled?
{Mon 01:02:06 Step:654} Server_Comm.py: The agent lost 2 consecutive packets! Is syncmode disabled?
{Mon 01:02:06 Step:655} Server_Comm.py: Received a new packet while thinking!
{Mon 01:02:06 Step:839} Server_Comm.py: The agent lost 183 consecutive packets! Is syncmode disabled?
{Mon 01:02:06 Step:839} Server_Comm.py: Received a new packet while on world.update()!
{Mon 01:02:06 Step:841} Server_Comm.py: The agent lost 1 packet! Is syncmode enabled?
{Mon 01:02:06 Step:841} Server_Comm.py: Received a new packet while on world.update()!
{Mon 01:02:06 Step:848} Server_Comm.py: The agent lost 1 packet! Is syncmode enabled?
{Mon 01:02:06 Step:853} Server_Comm.py: The agent lost 1 packet! Is syncmode enabled?
{Mon 01:02:06 Step:856} Server_Comm.py: The agent lost 2 consecutive packets! Is syncmode disabled?
{Mon 01:02:06 Step:859} Server_Comm.py: The agent lost 1 packet! Is syncmode enabled?
{Mon 01:02:06 Step:863} Server_Comm.py: The agent lost 1 packet! Is syncmode enabled?
{Mon 01:02:06 Step:867} Server_Comm.py: The agent lost 1 packet! Is syncmode enabled?
{Mon 01:02:06 Step:872} Server_Comm.py: The agent lost 1 packet! Is syncmode enabled?
{Mon 01:02:06 Step:878} Server_Comm.py: The agent lost 1 packet! Is syncmode enabled?
{Mon 01:02:06 Step:896} Server_Comm.py: The agent lost 1 packet! Is syncmode enabled?
{Mon 01:02:06 Step:898} Server_Comm.py: The agent lost 1 packet! Is syncmode enabled?
{Mon 01:02:06 Step:901} Server_Comm.py: The agent lost 1 packet! Is syncmode enabled?
{Mon 01:02:06 Step:905} Server_Comm.py: The agent lost 1 packet! Is syncmode enabled?
{Mon 01:02:06 Step:907} Server_Comm.py: The agent lost 1 packet! Is syncmode enabled?
{Mon 01:02:06 Step:914} Server_Comm.py: The agent lost 1 packet! Is syncmode enabled?
{Mon 01:02:06 Step:918} Server_Comm.py: The agent lost 1 packet! Is syncmode enabled?
{Mon 01:02:06 Step:920} Server_Comm.py: The agent lost 1 packet! Is syncmode enabled?
{Mon 01:02:06 Step:923} Server_Comm.py: The agent lost 1 packet! Is syncmode enabled?
{Mon 01:02:06 Step:925} Server_Comm.py: The agent lost 1 packet! Is syncmode enabled?
{Mon 01:02:06 Step:927} Server_Comm.py: The agent lost 1 packet! Is syncmode enabled?
{Mon 01:02:06 Step:929} Server_Comm.py: The agent lost 1 packet! Is syncmode enabled?
{Mon 01:02:06 Step:931} Server_Comm.py: The agent lost 1 packet! Is syncmode enabled?
{Mon 01:02:06 Step:933} Server_Comm.py: The agent lost 1 packet! Is syncmode enabled?
{Mon 01:02:06 Step:935} Server_Comm.py: The agent lost 1 packet! Is syncmode enabled?
{Mon 01:02:06 Step:938} Server_Comm.py: The agent lost 2 consecutive packets! Is syncmode disabled?
{Mon 01:02:06 Step:940} Server_Comm.py: The agent lost 1 packet! Is syncmode enabled?
{Mon 01:02:06 Step:943} Server_Comm.py: The agent lost 1 packet! Is syncmode enabled?
{Mon 01:02:06 Step:945} Server_Comm.py: The agent lost 1 packet! Is syncmode enabled?
{Mon 01:02:06 Step:947} Server_Comm.py: The agent lost 1 packet! Is syncmode enabled?
{Mon 01:02:06 Step:949} Server_Comm.py: The agent lost 1 packet! Is syncmode enabled?
{Mon 01:02:06 Step:952} Server_Comm.py: The agent lost 2 consecutive packets! Is syncmode disabled?
{Mon 01:02:06 Step:955} Server_Comm.py: The agent lost 1 packet! Is syncmode enabled?
{Mon 01:02:06 Step:957} Server_Comm.py: The agent lost 1 packet! Is syncmode enabled?
{Mon 01:02:06 Step:959} Server_Comm.py: The agent lost 1 packet! Is syncmode enabled?
{Mon 01:02:06 Step:961} Server_Comm.py: The agent lost 1 packet! Is syncmode enabled?
{Mon 01:02:06 Step:963} Server_Comm.py: The agent lost 1 packet! Is syncmode enabled?
{Mon 01:02:06 Step:965} Server_Comm.py: The agent lost 1 packet! Is syncmode enabled?
{Mon 01:02:06 Step:967} Server_Comm.py: The agent lost 1 packet! Is syncmode enabled?
{Mon 01:02:06 Step:969} Server_Comm.py: The agent lost 1 packet! Is syncmode enabled?
{Mon 01:02:06 Step:971} Server_Comm.py: The agent lost 1 packet! Is syncmode enabled?
{Mon 01:02:06 Step:974} Server_Comm.py: The agent lost 2 consecutive packets! Is syncmode disabled?
{Mon 01:02:06 Step:978} Server_Comm.py: The agent lost 2 consecutive packets! Is syncmode disabled?
{Mon 01:02:06 Step:980} Server_Comm.py: The agent lost 1 packet! Is syncmode enabled?
{Mon 01:02:06 Step:986} Server_Comm.py: The agent lost 5 consecutive packets! Is syncmode disabled?
{Mon 01:02:06 Step:991} Server_Comm.py: The agent lost 4 consecutive packets! Is syncmode disabled?
{Mon 01:02:06 Step:996} Server_Comm.py: The agent lost 4 consecutive packets! Is syncmode disabled?
{Mon 01:02:06 Step:998} Server_Comm.py: The agent lost 1 packet! Is syncmode enabled?
{Mon 01:02:06 Step:1000} Server_Comm.py: The agent lost 1 packet! Is syncmode enabled?
{Mon 01:02:06 Step:1002} Server_Comm.py: The agent lost 1 packet! Is syncmode enabled?
{Mon 01:02:06 Step:1006} Server_Comm.py: The agent lost 2 consecutive packets! Is syncmode disabled?
{Mon 01:02:06 Step:1008} Server_Comm.py: The agent lost 1 packet! Is syncmode enabled?
{Mon 01:02:06 Step:1010} Server_Comm.py: The agent lost 1 packet! Is syncmode enabled?
{Mon 01:02:06 Step:1012} Server_Comm.py: The agent lost 1 packet! Is syncmode enabled?
{Mon 01:02:06 Step:1016} Server_Comm.py: The agent lost 2 consecutive packets! Is syncmode disabled?
{Mon 01:02:06 Step:1018} Server_Comm.py: The agent lost 1 packet! Is syncmode enabled?
{Mon 01:02:06 Step:1023} Server_Comm.py: The agent lost 3 consecutive packets! Is syncmode disabled?
{Mon 01:02:06 Step:1025} Server_Comm.py: The agent lost 1 packet! Is syncmode enabled?
{Mon 01:02:06 Step:1028} Server_Comm.py: The agent lost 2 consecutive packets! Is syncmode disabled?
{Mon 01:02:06 Step:1030} Server_Comm.py: The agent lost 1 packet! Is syncmode enabled?
{Mon 01:02:06 Step:1033} Server_Comm.py: The agent lost 1 packet! Is syncmode enabled?
{Mon 01:02:06 Step:1035} Server_Comm.py: The agent lost 1 packet! Is syncmode enabled?
{Mon 01:02:06 Step:1037} Server_Comm.py: The agent lost 1 packet! Is syncmode enabled?
{Mon 01:02:06 Step:1039} Server_Comm.py: The agent lost 1 packet! Is syncmode enabled?
{Mon 01:02:06 Step:1042} Server_Comm.py: The agent lost 2 consecutive packets! Is syncmode disabled?
{Mon 01:02:06 Step:1044} Server_Comm.py: The agent lost 1 packet! Is syncmode enabled?
{Mon 01:02:06 Step:1047} Server_Comm.py: The agent lost 1 packet! Is syncmode enabled?
{Mon 01:02:06 Step:1049} Server_Comm.py: The agent lost 1 packet! Is syncmode enabled?
{Mon 01:02:06 Step:1051} Server_Comm.py: The agent lost 1 packet! Is syncmode enabled?
{Mon 01:02:06 Step:1055} Server_Comm.py: The agent lost 1 packet! Is syncmode enabled?
{Mon 01:02:06 Step:1058} Server_Comm.py: The agent lost 2 consecutive packets! Is syncmode disabled?
{Mon 01:02:06 Step:1060} Server_Comm.py: The agent lost 1 packet! Is syncmode enabled?
{Mon 01:02:06 Step:1062} Server_Comm.py: The agent lost 1 packet! Is syncmode enabled?
{Mon 01:02:06 Step:1065} Server_Comm.py: The agent lost 1 packet! Is syncmode enabled?
{Mon 01:02:06 Step:1067} Server_Comm.py: The agent lost 1 packet! Is syncmode enabled?
{Mon 01:02:06 Step:1069} Server_Comm.py: The agent lost 1 packet! Is syncmode enabled?
{Mon 01:02:06 Step:1072} Server_Comm.py: The agent lost 2 consecutive packets! Is syncmode disabled?
{Mon 01:02:06 Step:1074} Server_Comm.py: The agent lost 1 packet! Is syncmode enabled?
{Mon 01:02:06 Step:1077} Server_Comm.py: The agent lost 2 consecutive packets! Is syncmode disabled?
{Mon 01:02:06 Step:1080} Server_Comm.py: The agent lost 2 consecutive packets! Is syncmode disabled?
{Mon 01:02:06 Step:1083} Server_Comm.py: The agent lost 2 consecutive packets! Is syncmode disabled?
{Mon 01:02:06 Step:1086} Server_Comm.py: The agent lost 2 consecutive packets! Is syncmode disabled?
{Mon 01:02:06 Step:1088} Server_Comm.py: The agent lost 1 packet! Is syncmode enabled?
{Mon 01:02:06 Step:1091} Server_Comm.py: The agent lost 2 consecutive packets! Is syncmode disabled?
{Mon 01:02:06 Step:1098} Server_Comm.py: The agent lost 1 packet! Is syncmode enabled?
{Mon 01:02:06 Step:1101} Server_Comm.py: The agent lost 1 packet! Is syncmode enabled?
{Mon 01:02:06 Step:1104} Server_Comm.py: The agent lost 1 packet! Is syncmode enabled?
{Mon 01:02:06 Step:1120} Server_Comm.py: The agent lost 1 packet! Is syncmode enabled?
{Mon 01:02:06 Step:1124} Server_Comm.py: The agent lost 1 packet! Is syncmode enabled?
{Mon 01:02:06 Step:1136} Server_Comm.py: The agent lost 1 packet! Is syncmode enabled?
{Mon 01:02:06 Step:1140} Server_Comm.py: The agent lost 2 consecutive packets! Is syncmode disabled?
{Mon 01:02:06 Step:1142} Server_Comm.py: The agent lost 1 packet! Is syncmode enabled?
{Mon 01:02:06 Step:1174} Server_Comm.py: The agent lost 31 consecutive packets! Is syncmode disabled?
{Mon 01:02:07 Step:1186} Server_Comm.py: The agent lost 11 consecutive packets! Is syncmode disabled?
{Mon 01:02:07 Step:1191} Server_Comm.py: The agent lost 4 consecutive packets! Is syncmode disabled?
{Mon 01:02:07 Step:1194} Server_Comm.py: The agent lost 2 consecutive packets! Is syncmode disabled?
{Mon 01:02:07 Step:1196} Server_Comm.py: The agent lost 1 packet! Is syncmode enabled?
{Mon 01:02:07 Step:1202} Server_Comm.py: The agent lost 2 consecutive packets! Is syncmode disabled?
{Mon 01:02:07 Step:1204} Server_Comm.py: The agent lost 1 packet! Is syncmode enabled?
{Mon 01:02:07 Step:1213} Server_Comm.py: The agent lost 8 consecutive packets! Is syncmode disabled?
{Mon 01:02:07 Step:1218} Server_Comm.py: The agent lost 4 consecutive packets! Is syncmode disabled?
{Mon 01:02:07 Step:1220} Server_Comm.py: The agent lost 1 packet! Is syncmode enabled?
{Mon 01:02:07 Step:1222} Server_Comm.py: The agent lost 1 packet! Is syncmode enabled?
{Mon 01:02:07 Step:1226} Server_Comm.py: The agent lost 2 consecutive packets! Is syncmode disabled?
{Mon 01:02:07 Step:1228} Server_Comm.py: The agent lost 1 packet! Is syncmode enabled?
{Mon 01:02:07 Step:1230} Server_Comm.py: The agent lost 1 packet! Is syncmode enabled?
{Mon 01:02:07 Step:1235} Server_Comm.py: The agent lost 1 packet! Is syncmode enabled?
{Mon 01:02:07 Step:1237} Server_Comm.py: The agent lost 1 packet! Is syncmode enabled?
{Mon 01:02:07 Step:1241} Server_Comm.py: The agent lost 1 packet! Is syncmode enabled?
{Mon 01:02:07 Step:1244} Server_Comm.py: The agent lost 1 packet! Is syncmode enabled?
{Mon 01:02:07 Step:1258} Server_Comm.py: The agent lost 1 packet! Is syncmode enabled?
{Mon 01:02:07 Step:1282} Server_Comm.py: The agent lost 1 packet! Is syncmode enabled?
{Mon 01:02:07 Step:1300} Server_Comm.py: The agent lost 1 packet! Is syncmode enabled?
{Mon 01:02:07 Step:1320} Server_Comm.py: The agent lost 2 consecutive packets! Is syncmode disabled?
{Mon 01:02:07 Step:1323} Server_Comm.py: The agent lost 1 packet! Is syncmode enabled?
{Mon 01:02:07 Step:1330} Server_Comm.py: The agent lost 6 consecutive packets! Is syncmode disabled?
{Mon 01:02:07 Step:1334} Server_Comm.py: The agent lost 3 consecutive packets! Is syncmode disabled?
{Mon 01:02:07 Step:1338} Server_Comm.py: The agent lost 3 consecutive packets! Is syncmode disabled?
{Mon 01:02:07 Step:1341} Server_Comm.py: The agent lost 2 consecutive packets! Is syncmode disabled?
{Mon 01:02:07 Step:1344} Server_Comm.py: The agent lost 2 consecutive packets! Is syncmode disabled?
{Mon 01:02:07 Step:1348} Server_Comm.py: The agent lost 2 consecutive packets! Is syncmode disabled?
{Mon 01:02:07 Step:1350} Server_Comm.py: The agent lost 1 packet! Is syncmode enabled?
{Mon 01:02:07 Step:1352} Server_Comm.py: The agent lost 1 packet! Is syncmode enabled?
{Mon 01:02:07 Step:1356} Server_Comm.py: The agent lost 2 consecutive packets! Is syncmode disabled?
{Mon 01:02:07 Step:1358} Server_Comm.py: The agent lost 1 packet! Is syncmode enabled?
{Mon 01:02:07 Step:1361} Server_Comm.py: The agent lost 1 packet! Is syncmode enabled?
{Mon 01:02:07 Step:1364} Server_Comm.py: The agent lost 2 consecutive packets! Is syncmode disabled?
{Mon 01:02:07 Step:1366} Server_Comm.py: The agent lost 1 packet! Is syncmode enabled?
{Mon 01:02:07 Step:1368} Server_Comm.py: The agent lost 1 packet! Is syncmode enabled?
{Mon 01:02:07 Step:1370} Server_Comm.py: The agent lost 1 packet! Is syncmode enabled?
{Mon 01:02:07 Step:1372} Server_Comm.py: The agent lost 1 packet! Is syncmode enabled?
{Mon 01:02:07 Step:1375} Server_Comm.py: The agent lost 1 packet! Is syncmode enabled?
{Mon 01:02:07 Step:1378} Server_Comm.py: The agent lost 2 consecutive packets! Is syncmode disabled?
{Mon 01:02:07 Step:1380} Server_Comm.py: The agent lost 1 packet! Is syncmode enabled?
{Mon 01:02:07 Step:1384} Server_Comm.py: The agent lost 2 consecutive packets! Is syncmode disabled?
{Mon 01:02:07 Step:1386} Server_Comm.py: The agent lost 1 packet! Is syncmode enabled?
{Mon 01:02:07 Step:1389} Server_Comm.py: The agent lost 1 packet! Is syncmode enabled?
{Mon 01:02:07 Step:1392} Server_Comm.py: The agent lost 2 consecutive packets! Is syncmode disabled?
{Mon 01:02:07 Step:1394} Server_Comm.py: The agent lost 1 packet! Is syncmode enabled?
{Mon 01:02:07 Step:1396} Server_Comm.py: The agent lost 1 packet! Is syncmode enabled?
{Mon 01:02:07 Step:1398} Server_Comm.py: The agent lost 1 packet! Is syncmode enabled?
{Mon 01:02:07 Step:1399} Server_Comm.py: Received a new packet while thinking!
{Mon 01:02:07 Step:1558} Server_Comm.py: The agent lost 158 consecutive packets! Is syncmode disabled?
{Mon 01:02:07 Step:1558} Server_Comm.py: Received a new packet while on world.update()!
{Mon 01:02:07 Step:1560} Server_Comm.py: The agent lost 1 packet! Is syncmode enabled?
{Mon 01:02:07 Step:1560} Server_Comm.py: Received a new packet while on world.update()!
{Mon 01:02:07 Step:1562} Server_Comm.py: The agent lost 1 packet! Is syncmode enabled?
{Mon 01:02:07 Step:1566} Server_Comm.py: The agent lost 1 packet! Is syncmode enabled?
{Mon 01:02:07 Step:1569} Server_Comm.py: The agent lost 1 packet! Is syncmode enabled?
{Mon 01:02:07 Step:1571} Server_Comm.py: The agent lost 1 packet! Is syncmode enabled?
{Mon 01:02:07 Step:1573} Server_Comm.py: The agent lost 1 packet! Is syncmode enabled?
{Mon 01:02:07 Step:1575} Server_Comm.py: The agent lost 1 packet! Is syncmode enabled?
{Mon 01:02:07 Step:1577} Server_Comm.py: The agent lost 1 packet! Is syncmode enabled?
{Mon 01:02:07 Step:1579} Server_Comm.py: The agent lost 1 packet! Is syncmode enabled?
{Mon 01:02:07 Step:1581} Server_Comm.py: The agent lost 1 packet! Is syncmode enabled?
{Mon 01:02:07 Step:1585} Server_Comm.py: The agent lost 1 packet! Is syncmode enabled?
{Mon 01:02:07 Step:1587} Server_Comm.py: The agent lost 1 packet! Is syncmode enabled?
{Mon 01:02:07 Step:1589} Server_Comm.py: The agent lost 1 packet! Is syncmode enabled?
{Mon 01:02:07 Step:1596} Server_Comm.py: The agent lost 1 packet! Is syncmode enabled?
{Mon 01:02:07 Step:1608} Server_Comm.py: The agent lost 1 packet! Is syncmode enabled?
{Mon 01:02:07 Step:1640} Server_Comm.py: The agent lost 1 packet! Is syncmode enabled?
{Mon 01:02:07 Step:1643} Server_Comm.py: The agent lost 1 packet! Is syncmode enabled?
{Mon 01:02:07 Step:1645} Server_Comm.py: The agent lost 1 packet! Is syncmode enabled?
{Mon 01:02:07 Step:1648} Server_Comm.py: The agent lost 1 packet! Is syncmode enabled?
{Mon 01:02:07 Step:1654} Server_Comm.py: The agent lost 1 packet! Is syncmode enabled?
{Mon 01:02:07 Step:1658} Server_Comm.py: The agent lost 1 packet! Is syncmode enabled?
{Mon 01:02:07 Step:1671} Server_Comm.py: The agent lost 1 packet! Is syncmode enabled?
{Mon 01:02:07 Step:1674} Server_Comm.py: The agent lost 2 consecutive packets! Is syncmode disabled?
{Mon 01:02:07 Step:1680} Server_Comm.py: The agent lost 5 consecutive packets! Is syncmode disabled?
{Mon 01:02:07 Step:1683} Server_Comm.py: The agent lost 2 consecutive packets! Is syncmode disabled?
{Mon 01:02:07 Step:1686} Server_Comm.py: The agent lost 2 consecutive packets! Is syncmode disabled?
{Mon 01:02:07 Step:1689} Server_Comm.py: The agent lost 2 consecutive packets! Is syncmode disabled?
{Mon 01:02:07 Step:1692} Server_Comm.py: The agent lost 2 consecutive packets! Is syncmode disabled?
{Mon 01:02:07 Step:1694} Server_Comm.py: The agent lost 1 packet! Is syncmode enabled?
{Mon 01:02:07 Step:1696} Server_Comm.py: The agent lost 1 packet! Is syncmode enabled?
{Mon 01:02:07 Step:1699} Server_Comm.py: The agent lost 1 packet! Is syncmode enabled?
{Mon 01:02:07 Step:1701} Server_Comm.py: The agent lost 1 packet! Is syncmode enabled?
{Mon 01:02:07 Step:1704} Server_Comm.py: The agent lost 2 consecutive packets! Is syncmode disabled?
{Mon 01:02:07 Step:1706} Server_Comm.py: The agent lost 1 packet! Is syncmode enabled?
{Mon 01:02:07 Step:1708} Server_Comm.py: The agent lost 1 packet! Is syncmode enabled?
{Mon 01:02:07 Step:1710} Server_Comm.py: The agent lost 1 packet! Is syncmode enabled?
{Mon 01:02:07 Step:1712} Server_Comm.py: The agent lost 1 packet! Is syncmode enabled?
{Mon 01:02:07 Step:1714} Server_Comm.py: The agent lost 1 packet! Is syncmode enabled?
{Mon 01:02:07 Step:1716} Server_Comm.py: The agent lost 1 packet! Is syncmode enabled?
{Mon 01:02:07 Step:1718} Server_Comm.py: The agent lost 1 packet! Is syncmode enabled?
{Mon 01:02:07 Step:1736} Server_Comm.py: The agent lost 1 packet! Is syncmode enabled?
{Mon 01:02:07 Step:1792} Server_Comm.py: The agent lost 1 packet! Is syncmode enabled?
{Mon 01:02:07 Step:1795} Server_Comm.py: The agent lost 1 packet! Is syncmode enabled?
{Mon 01:02:07 Step:1795} Server_Comm.py: Received a new packet while thinking!
{Mon 01:02:07 Step:1885} Server_Comm.py: The agent lost 89 consecutive packets! Is syncmode disabled?
{Mon 01:02:07 Step:1898} Server_Comm.py: The agent lost 12 consecutive packets! Is syncmode disabled?
{Mon 01:02:07 Step:1904} Server_Comm.py: The agent lost 5 consecutive packets! Is syncmode disabled?
{Mon 01:02:07 Step:1906} Server_Comm.py: The agent lost 1 packet! Is syncmode enabled?
{Mon 01:02:07 Step:1908} Server_Comm.py: The agent lost 1 packet! Is syncmode enabled?
{Mon 01:02:07 Step:1914} Server_Comm.py: The agent lost 1 packet! Is syncmode enabled?
{Mon 01:02:07 Step:1917} Server_Comm.py: The agent lost 1 packet! Is syncmode enabled?
{Mon 01:02:07 Step:1919} Server_Comm.py: The agent lost 1 packet! Is syncmode enabled?
{Mon 01:02:07 Step:1921} Server_Comm.py: The agent lost 1 packet! Is syncmode enabled?
{Mon 01:02:07 Step:1923} Server_Comm.py: The agent lost 1 packet! Is syncmode enabled?
{Mon 01:02:07 Step:1939} Server_Comm.py: The agent lost 1 packet! Is syncmode enabled?
{Mon 01:02:07 Step:1946} Server_Comm.py: The agent lost 1 packet! Is syncmode enabled?
{Mon 01:02:07 Step:1957} Server_Comm.py: The agent lost 1 packet! Is syncmode enabled?
{Mon 01:02:07 Step:1962} Server_Comm.py: The agent lost 1 packet! Is syncmode enabled?
{Mon 01:02:07 Step:1965} Server_Comm.py: The agent lost 1 packet! Is syncmode enabled?
{Mon 01:02:07 Step:1968} Server_Comm.py: The agent lost 1 packet! Is syncmode enabled?
{Mon 01:02:07 Step:1977} Server_Comm.py: The agent lost 1 packet! Is syncmode enabled?
{Mon 01:02:07 Step:1982} Server_Comm.py: The agent lost 1 packet! Is syncmode enabled?
{Mon 01:02:07 Step:1984} Server_Comm.py: The agent lost 1 packet! Is syncmode enabled?
{Mon 01:02:07 Step:1988} Server_Comm.py: The agent lost 1 packet! Is syncmode enabled?
{Mon 01:02:07 Step:1992} Server_Comm.py: The agent lost 1 packet! Is syncmode enabled?
{Mon 01:02:07 Step:2001} Server_Comm.py: The agent lost 1 packet! Is syncmode enabled?
{Mon 01:02:07 Step:2006} Server_Comm.py: The agent lost 1 packet! Is syncmode enabled?
{Mon 01:02:07 Step:2010} Server_Comm.py: The agent lost 2 consecutive packets! Is syncmode disabled?
{Mon 01:02:07 Step:2012} Server_Comm.py: The agent lost 1 packet! Is syncmode enabled?
{Mon 01:02:07 Step:2014} Server_Comm.py: The agent lost 1 packet! Is syncmode enabled?
{Mon 01:02:07 Step:2020} Server_Comm.py: The agent lost 5 consecutive packets! Is syncmode disabled?
{Mon 01:02:07 Step:2023} Server_Comm.py: The agent lost 2 consecutive packets! Is syncmode disabled?
{Mon 01:02:07 Step:2027} Server_Comm.py: The agent lost 3 consecutive packets! Is syncmode disabled?
{Mon 01:02:07 Step:2031} Server_Comm.py: The agent lost 3 consecutive packets! Is syncmode disabled?
{Mon 01:02:07 Step:2034} Server_Comm.py: The agent lost 2 consecutive packets! Is syncmode disabled?
{Mon 01:02:07 Step:2036} Server_Comm.py: The agent lost 1 packet! Is syncmode enabled?
{Mon 01:02:07 Step:2038} Server_Comm.py: The agent lost 1 packet! Is syncmode enabled?
{Mon 01:02:07 Step:2042} Server_Comm.py: The agent lost 2 consecutive packets! Is syncmode disabled?
{Mon 01:02:07 Step:2044} Server_Comm.py: The agent lost 1 packet! Is syncmode enabled?
{Mon 01:02:07 Step:2046} Server_Comm.py: The agent lost 1 packet! Is syncmode enabled?
{Mon 01:02:07 Step:2051} Server_Comm.py: The agent lost 3 consecutive packets! Is syncmode disabled?
{Mon 01:02:07 Step:2055} Server_Comm.py: The agent lost 3 consecutive packets! Is syncmode disabled?
{Mon 01:02:07 Step:2059} Server_Comm.py: The agent lost 3 consecutive packets! Is syncmode disabled?
{Mon 01:02:07 Step:2062} Server_Comm.py: The agent lost 2 consecutive packets! Is syncmode disabled?
{Mon 01:02:07 Step:2064} Server_Comm.py: The agent lost 1 packet! Is syncmode enabled?
{Mon 01:02:07 Step:2066} Server_Comm.py: The agent lost 1 packet! Is syncmode enabled?
{Mon 01:02:07 Step:2070} Server_Comm.py: The agent lost 2 consecutive packets! Is syncmode disabled?
{Mon 01:02:07 Step:2072} Server_Comm.py: The agent lost 1 packet! Is syncmode enabled?
{Mon 01:02:07 Step:2074} Server_Comm.py: The agent lost 1 packet! Is syncmode enabled?
{Mon 01:02:07 Step:2076} Server_Comm.py: The agent lost 1 packet! Is syncmode enabled?
{Mon 01:02:07 Step:2079} Server_Comm.py: The agent lost 1 packet! Is syncmode enabled?
{Mon 01:02:07 Step:2082} Server_Comm.py: The agent lost 2 consecutive packets! Is syncmode disabled?
{Mon 01:02:07 Step:2084} Server_Comm.py: The agent lost 1 packet! Is syncmode enabled?
{Mon 01:02:07 Step:2086} Server_Comm.py: The agent lost 1 packet! Is syncmode enabled?
{Mon 01:02:07 Step:2089} Server_Comm.py: The agent lost 1 packet! Is syncmode enabled?
{Mon 01:02:07 Step:2089} Server_Comm.py: Received a new packet while thinking!
{Mon 01:02:07 Step:2319} Server_Comm.py: The agent lost 229 consecutive packets! Is syncmode disabled?
{Mon 01:02:07 Step:2319} Server_Comm.py: Received a new packet while on world.update()!
{Mon 01:02:07 Step:2322} Server_Comm.py: The agent lost 2 consecutive packets! Is syncmode disabled?
{Mon 01:02:07 Step:2322} Server_Comm.py: Received a new packet while on world.update()!
{Mon 01:02:07 Step:2323} Server_Comm.py: Received a new packet while on world.update()!
{Mon 01:02:07 Step:2326} Server_Comm.py: The agent lost 2 consecutive packets! Is syncmode disabled?
{Mon 01:02:07 Step:2326} Server_Comm.py: Received a new packet while on world.update()!
{Mon 01:02:07 Step:2328} Server_Comm.py: The agent lost 1 packet! Is syncmode enabled?
{Mon 01:02:07 Step:2328} Server_Comm.py: Received a new packet while on world.update()!
{Mon 01:02:07 Step:2330} Server_Comm.py: The agent lost 1 packet! Is syncmode enabled?
{Mon 01:02:07 Step:2330} Server_Comm.py: Received a new packet while thinking!
{Mon 01:02:07 Step:2331} Server_Comm.py: Received a new packet while on world.update()!
{Mon 01:02:07 Step:2334} Server_Comm.py: The agent lost 2 consecutive packets! Is syncmode disabled?
{Mon 01:02:07 Step:2334} Server_Comm.py: Received a new packet while thinking!
{Mon 01:02:07 Step:2336} Server_Comm.py: The agent lost 1 packet! Is syncmode enabled?
{Mon 01:02:07 Step:2336} Server_Comm.py: Received a new packet while on world.update()!
{Mon 01:02:07 Step:2337} Server_Comm.py: Received a new packet while on world.update()!
{Mon 01:02:07 Step:2340} Server_Comm.py: The agent lost 2 consecutive packets! Is syncmode disabled?
{Mon 01:02:07 Step:2344} Server_Comm.py: The agent lost 2 consecutive packets! Is syncmode disabled?
{Mon 01:02:07 Step:2346} Server_Comm.py: The agent lost 1 packet! Is syncmode enabled?
{Mon 01:02:07 Step:2348} Server_Comm.py: The agent lost 1 packet! Is syncmode enabled?
{Mon 01:02:07 Step:2352} Server_Comm.py: The agent lost 2 consecutive packets! Is syncmode disabled?
{Mon 01:02:07 Step:2355} Server_Comm.py: The agent lost 2 consecutive packets! Is syncmode disabled?
{Mon 01:02:07 Step:2358} Server_Comm.py: The agent lost 2 consecutive packets! Is syncmode disabled?
{Mon 01:02:07 Step:2360} Server_Comm.py: The agent lost 1 packet! Is syncmode enabled?
{Mon 01:02:07 Step:2362} Server_Comm.py: The agent lost 1 packet! Is syncmode enabled?
{Mon 01:02:07 Step:2364} Server_Comm.py: The agent lost 1 packet! Is syncmode enabled?
{Mon 01:02:07 Step:2370} Server_Comm.py: The agent lost 1 packet! Is syncmode enabled?
{Mon 01:02:07 Step:2372} Server_Comm.py: The agent lost 1 packet! Is syncmode enabled?
{Mon 01:02:07 Step:2374} Server_Comm.py: The agent lost 1 packet! Is syncmode enabled?
{Mon 01:02:07 Step:2377} Server_Comm.py: The agent lost 1 packet! Is syncmode enabled?
{Mon 01:02:07 Step:2380} Server_Comm.py: The agent lost 1 packet! Is syncmode enabled?
{Mon 01:02:07 Step:2384} Server_Comm.py: The agent lost 1 packet! Is syncmode enabled?
{Mon 01:02:07 Step:2394} Server_Comm.py: The agent lost 1 packet! Is syncmode enabled?
{Mon 01:02:07 Step:2396} Server_Comm.py: The agent lost 1 packet! Is syncmode enabled?
{Mon 01:02:07 Step:2399} Server_Comm.py: The agent lost 1 packet! Is syncmode enabled?
{Mon 01:02:07 Step:2403} Server_Comm.py: The agent lost 1 packet! Is syncmode enabled?
{Mon 01:02:07 Step:2405} Server_Comm.py: The agent lost 1 packet! Is syncmode enabled?
{Mon 01:02:07 Step:2421} Server_Comm.py: The agent lost 1 packet! Is syncmode enabled?
{Mon 01:02:07 Step:2425} Server_Comm.py: The agent lost 1 packet! Is syncmode enabled?
{Mon 01:02:07 Step:2428} Server_Comm.py: The agent lost 1 packet! Is syncmode enabled?
{Mon 01:02:07 Step:2434} Server_Comm.py: The agent lost 1 packet! Is syncmode enabled?
{Mon 01:02:07 Step:2436} Server_Comm.py: The agent lost 1 packet! Is syncmode enabled?
{Mon 01:02:07 Step:2444} Server_Comm.py: The agent lost 1 packet! Is syncmode enabled?
{Mon 01:02:07 Step:2446} Server_Comm.py: The agent lost 1 packet! Is syncmode enabled?
{Mon 01:02:07 Step:2449} Server_Comm.py: The agent lost 1 packet! Is syncmode enabled?
{Mon 01:02:07 Step:2451} Server_Comm.py: The agent lost 1 packet! Is syncmode enabled?
{Mon 01:02:07 Step:2456} Server_Comm.py: The agent lost 1 packet! Is syncmode enabled?
{Mon 01:02:07 Step:2459} Server_Comm.py: The agent lost 1 packet! Is syncmode enabled?
{Mon 01:02:07 Step:2463} Server_Comm.py: The agent lost 3 consecutive packets! Is syncmode disabled?
{Mon 01:02:07 Step:2467} Server_Comm.py: The agent lost 3 consecutive packets! Is syncmode disabled?
{Mon 01:02:07 Step:2474} Server_Comm.py: The agent lost 6 consecutive packets! Is syncmode disabled?
{Mon 01:02:07 Step:2479} Server_Comm.py: The agent lost 4 consecutive packets! Is syncmode disabled?
{Mon 01:02:07 Step:2484} Server_Comm.py: The agent lost 4 consecutive packets! Is syncmode disabled?
{Mon 01:02:07 Step:2488} Server_Comm.py: The agent lost 3 consecutive packets! Is syncmode disabled?
{Mon 01:02:07 Step:2493} Server_Comm.py: The agent lost 4 consecutive packets! Is syncmode disabled?
{Mon 01:02:07 Step:2497} Server_Comm.py: The agent lost 3 consecutive packets! Is syncmode disabled?
{Mon 01:02:07 Step:2501} Server_Comm.py: The agent lost 3 consecutive packets! Is syncmode disabled?
{Mon 01:02:07 Step:2507} Server_Comm.py: The agent lost 5 consecutive packets! Is syncmode disabled?
{Mon 01:02:07 Step:2515} Server_Comm.py: The agent lost 7 consecutive packets! Is syncmode disabled?
{Mon 01:02:07 Step:2520} Server_Comm.py: The agent lost 4 consecutive packets! Is syncmode disabled?
{Mon 01:02:07 Step:2524} Server_Comm.py: The agent lost 3 consecutive packets! Is syncmode disabled?
{Mon 01:02:07 Step:2528} Server_Comm.py: The agent lost 3 consecutive packets! Is syncmode disabled?
{Mon 01:02:07 Step:2531} Server_Comm.py: The agent lost 2 consecutive packets! Is syncmode disabled?
{Mon 01:02:07 Step:2534} Server_Comm.py: The agent lost 2 consecutive packets! Is syncmode disabled?
{Mon 01:02:07 Step:2538} Server_Comm.py: The agent lost 1 packet! Is syncmode enabled?
{Mon 01:02:07 Step:2550} Server_Comm.py: The agent lost 1 packet! Is syncmode enabled?
{Mon 01:02:07 Step:2562} Server_Comm.py: The agent lost 1 packet! Is syncmode enabled?
{Mon 01:02:07 Step:2573} Server_Comm.py: The agent lost 1 packet! Is syncmode enabled?
{Mon 01:02:07 Step:2575} Server_Comm.py: The agent lost 1 packet! Is syncmode enabled?
{Mon 01:02:07 Step:2578} Server_Comm.py: The agent lost 1 packet! Is syncmode enabled?
{Mon 01:02:07 Step:2592} Server_Comm.py: The agent lost 1 packet! Is syncmode enabled?
{Mon 01:02:07 Step:2595} Server_Comm.py: The agent lost 1 packet! Is syncmode enabled?
{Mon 01:02:07 Step:2598} Server_Comm.py: The agent lost 1 packet! Is syncmode enabled?
{Mon 01:02:07 Step:2616} Server_Comm.py: The agent lost 1 packet! Is syncmode enabled?
{Mon 01:02:07 Step:2618} Server_Comm.py: The agent lost 1 packet! Is syncmode enabled?
{Mon 01:02:07 Step:2620} Server_Comm.py: The agent lost 1 packet! Is syncmode enabled?
{Mon 01:02:07 Step:2622} Server_Comm.py: The agent lost 1 packet! Is syncmode enabled?
{Mon 01:02:07 Step:2624} Server_Comm.py: The agent lost 1 packet! Is syncmode enabled?
{Mon 01:02:07 Step:2632} Server_Comm.py: The agent lost 7 consecutive packets! Is syncmode disabled?
{Mon 01:02:07 Step:2636} Server_Comm.py: The agent lost 3 consecutive packets! Is syncmode disabled?
{Mon 01:02:07 Step:2638} Server_Comm.py: The agent lost 1 packet! Is syncmode enabled?
{Mon 01:02:07 Step:2640} Server_Comm.py: The agent lost 1 packet! Is syncmode enabled?
{Mon 01:02:07 Step:2642} Server_Comm.py: The agent lost 1 packet! Is syncmode enabled?
{Mon 01:02:07 Step:2644} Server_Comm.py: The agent lost 1 packet! Is syncmode enabled?
{Mon 01:02:07 Step:2646} Server_Comm.py: The agent lost 1 packet! Is syncmode enabled?
{Mon 01:02:07 Step:2648} Server_Comm.py: The agent lost 1 packet! Is syncmode enabled?
{Mon 01:02:07 Step:2653} Server_Comm.py: The agent lost 3 consecutive packets! Is syncmode disabled?
{Mon 01:02:07 Step:2656} Server_Comm.py: The agent lost 2 consecutive packets! Is syncmode disabled?
{Mon 01:02:07 Step:2658} Server_Comm.py: The agent lost 1 packet! Is syncmode enabled?
{Mon 01:02:07 Step:2660} Server_Comm.py: The agent lost 1 packet! Is syncmode enabled?
{Mon 01:02:07 Step:2663} Server_Comm.py: The agent lost 2 consecutive packets! Is syncmode disabled?
{Mon 01:02:07 Step:2666} Server_Comm.py: The agent lost 2 consecutive packets! Is syncmode disabled?
{Mon 01:02:08 Step:2666} Server_Comm.py: Received a new packet while thinking!
{Mon 01:02:08 Step:2719} Server_Comm.py: The agent lost 52 consecutive packets! Is syncmode disabled?
{Mon 01:02:08 Step:2782} Server_Comm.py: The agent lost 62 consecutive packets! Is syncmode disabled?
{Mon 01:02:08 Step:2795} Server_Comm.py: The agent lost 12 consecutive packets! Is syncmode disabled?
{Mon 01:02:08 Step:2798} Server_Comm.py: The agent lost 2 consecutive packets! Is syncmode disabled?
{Mon 01:02:08 Step:2800} Server_Comm.py: The agent lost 1 packet! Is syncmode enabled?
{Mon 01:02:08 Step:2802} Server_Comm.py: The agent lost 1 packet! Is syncmode enabled?
{Mon 01:02:08 Step:2805} Server_Comm.py: The agent lost 1 packet! Is syncmode enabled?
{Mon 01:02:08 Step:2807} Server_Comm.py: The agent lost 1 packet! Is syncmode enabled?
{Mon 01:02:08 Step:2809} Server_Comm.py: The agent lost 1 packet! Is syncmode enabled?
{Mon 01:02:08 Step:2811} Server_Comm.py: The agent lost 1 packet! Is syncmode enabled?
{Mon 01:02:08 Step:2814} Server_Comm.py: The agent lost 2 consecutive packets! Is syncmode disabled?
{Mon 01:02:08 Step:2816} Server_Comm.py: The agent lost 1 packet! Is syncmode enabled?
{Mon 01:02:08 Step:2828} Server_Comm.py: The agent lost 1 packet! Is syncmode enabled?
{Mon 01:02:08 Step:2831} Server_Comm.py: The agent lost 1 packet! Is syncmode enabled?
{Mon 01:02:08 Step:2834} Server_Comm.py: The agent lost 2 consecutive packets! Is syncmode disabled?
{Mon 01:02:08 Step:2840} Server_Comm.py: The agent lost 2 consecutive packets! Is syncmode disabled?
{Mon 01:02:08 Step:2842} Server_Comm.py: The agent lost 1 packet! Is syncmode enabled?
{Mon 01:02:08 Step:2845} Server_Comm.py: The agent lost 1 packet! Is syncmode enabled?
{Mon 01:02:08 Step:2847} Server_Comm.py: The agent lost 1 packet! Is syncmode enabled?
{Mon 01:02:08 Step:2850} Server_Comm.py: The agent lost 1 packet! Is syncmode enabled?
{Mon 01:02:08 Step:2861} Server_Comm.py: The agent lost 1 packet! Is syncmode enabled?
{Mon 01:02:08 Step:2864} Server_Comm.py: The agent lost 1 packet! Is syncmode enabled?
{Mon 01:02:08 Step:2884} Server_Comm.py: The agent lost 1 packet! Is syncmode enabled?
{Mon 01:02:08 Step:2905} Server_Comm.py: The agent lost 1 packet! Is syncmode enabled?
{Mon 01:02:08 Step:2908} Server_Comm.py: The agent lost 2 consecutive packets! Is syncmode disabled?
{Mon 01:02:08 Step:2916} Server_Comm.py: The agent lost 7 consecutive packets! Is syncmode disabled?
{Mon 01:02:08 Step:2920} Server_Comm.py: The agent lost 3 consecutive packets! Is syncmode disabled?
{Mon 01:02:08 Step:2923} Server_Comm.py: The agent lost 2 consecutive packets! Is syncmode disabled?
{Mon 01:02:08 Step:2928} Server_Comm.py: The agent lost 4 consecutive packets! Is syncmode disabled?
{Mon 01:02:08 Step:2931} Server_Comm.py: The agent lost 2 consecutive packets! Is syncmode disabled?
{Mon 01:02:08 Step:2935} Server_Comm.py: The agent lost 3 consecutive packets! Is syncmode disabled?
{Mon 01:02:08 Step:2939} Server_Comm.py: The agent lost 3 consecutive packets! Is syncmode disabled?
{Mon 01:02:08 Step:2942} Server_Comm.py: The agent lost 2 consecutive packets! Is syncmode disabled?
{Mon 01:02:08 Step:2944} Server_Comm.py: The agent lost 1 packet! Is syncmode enabled?
{Mon 01:02:08 Step:2946} Server_Comm.py: The agent lost 1 packet! Is syncmode enabled?
{Mon 01:02:08 Step:2948} Server_Comm.py: The agent lost 1 packet! Is syncmode enabled?
{Mon 01:02:08 Step:2952} Server_Comm.py: The agent lost 2 consecutive packets! Is syncmode disabled?
{Mon 01:02:08 Step:2954} Server_Comm.py: The agent lost 1 packet! Is syncmode enabled?
{Mon 01:02:08 Step:2956} Server_Comm.py: The agent lost 1 packet! Is syncmode enabled?
{Mon 01:02:08 Step:2958} Server_Comm.py: The agent lost 1 packet! Is syncmode enabled?
{Mon 01:02:08 Step:2963} Server_Comm.py: The agent lost 3 consecutive packets! Is syncmode disabled?
{Mon 01:02:08 Step:2965} Server_Comm.py: The agent lost 1 packet! Is syncmode enabled?
{Mon 01:02:08 Step:2970} Server_Comm.py: The agent lost 1 packet! Is syncmode enabled?
{Mon 01:02:08 Step:2982} Server_Comm.py: The agent lost 1 packet! Is syncmode enabled?
{Mon 01:02:08 Step:2994} Server_Comm.py: The agent lost 1 packet! Is syncmode enabled?
{Mon 01:02:08 Step:3006} Server_Comm.py: The agent lost 2 consecutive packets! Is syncmode disabled?
{Mon 01:02:08 Step:3008} Server_Comm.py: The agent lost 1 packet! Is syncmode enabled?
{Mon 01:02:08 Step:3016} Server_Comm.py: The agent lost 1 packet! Is syncmode enabled?
{Mon 01:02:08 Step:3020} Server_Comm.py: The agent lost 1 packet! Is syncmode enabled?
{Mon 01:02:08 Step:3046} Server_Comm.py: The agent lost 2 consecutive packets! Is syncmode disabled?
{Mon 01:02:08 Step:3048} Server_Comm.py: The agent lost 1 packet! Is syncmode enabled?
{Mon 01:02:08 Step:3054} Server_Comm.py: The agent lost 5 consecutive packets! Is syncmode disabled?
{Mon 01:02:08 Step:3057} Server_Comm.py: The agent lost 2 consecutive packets! Is syncmode disabled?
{Mon 01:02:08 Step:3060} Server_Comm.py: The agent lost 2 consecutive packets! Is syncmode disabled?
{Mon 01:02:08 Step:3062} Server_Comm.py: The agent lost 1 packet! Is syncmode enabled?
{Mon 01:02:08 Step:3064} Server_Comm.py: The agent lost 1 packet! Is syncmode enabled?
{Mon 01:02:08 Step:3068} Server_Comm.py: The agent lost 2 consecutive packets! Is syncmode disabled?
{Mon 01:02:08 Step:3070} Server_Comm.py: The agent lost 1 packet! Is syncmode enabled?
{Mon 01:02:08 Step:3072} Server_Comm.py: The agent lost 1 packet! Is syncmode enabled?
{Mon 01:02:08 Step:3076} Server_Comm.py: The agent lost 2 consecutive packets! Is syncmode disabled?
{Mon 01:02:08 Step:3078} Server_Comm.py: The agent lost 1 packet! Is syncmode enabled?
{Mon 01:02:08 Step:3080} Server_Comm.py: The agent lost 1 packet! Is syncmode enabled?
{Mon 01:02:08 Step:3082} Server_Comm.py: The agent lost 1 packet! Is syncmode enabled?
{Mon 01:02:08 Step:3086} Server_Comm.py: The agent lost 2 consecutive packets! Is syncmode disabled?
{Mon 01:02:08 Step:3090} Server_Comm.py: The agent lost 2 consecutive packets! Is syncmode disabled?
{Mon 01:02:08 Step:3092} Server_Comm.py: The agent lost 1 packet! Is syncmode enabled?
{Mon 01:02:08 Step:3094} Server_Comm.py: The agent lost 1 packet! Is syncmode enabled?
{Mon 01:02:08 Step:3096} Server_Comm.py: The agent lost 1 packet! Is syncmode enabled?
{Mon 01:02:08 Step:3098} Server_Comm.py: The agent lost 1 packet! Is syncmode enabled?
{Mon 01:02:08 Step:3102} Server_Comm.py: The agent lost 1 packet! Is syncmode enabled?
{Mon 01:02:08 Step:3132} Server_Comm.py: The agent lost 1 packet! Is syncmode enabled?
{Mon 01:02:08 Step:3139} Server_Comm.py: The agent lost 1 packet! Is syncmode enabled?
{Mon 01:02:08 Step:3141} Server_Comm.py: The agent lost 1 packet! Is syncmode enabled?
{Mon 01:02:08 Step:3144} Server_Comm.py: The agent lost 1 packet! Is syncmode enabled?
{Mon 01:02:08 Step:3154} Server_Comm.py: The agent lost 1 packet! Is syncmode enabled?
{Mon 01:02:08 Step:3161} Server_Comm.py: The agent lost 1 packet! Is syncmode enabled?
{Mon 01:02:08 Step:3175} Server_Comm.py: The agent lost 1 packet! Is syncmode enabled?
{Mon 01:02:08 Step:3177} Server_Comm.py: The agent lost 1 packet! Is syncmode enabled?
{Mon 01:02:08 Step:3185} Server_Comm.py: The agent lost 7 consecutive packets! Is syncmode disabled?
{Mon 01:02:08 Step:3189} Server_Comm.py: The agent lost 3 consecutive packets! Is syncmode disabled?
{Mon 01:02:08 Step:3192} Server_Comm.py: The agent lost 2 consecutive packets! Is syncmode disabled?
{Mon 01:02:08 Step:3194} Server_Comm.py: The agent lost 1 packet! Is syncmode enabled?
{Mon 01:02:08 Step:3198} Server_Comm.py: The agent lost 2 consecutive packets! Is syncmode disabled?
{Mon 01:02:08 Step:3202} Server_Comm.py: The agent lost 2 consecutive packets! Is syncmode disabled?
{Mon 01:02:08 Step:3206} Server_Comm.py: The agent lost 2 consecutive packets! Is syncmode disabled?
{Mon 01:02:08 Step:3208} Server_Comm.py: The agent lost 1 packet! Is syncmode enabled?
{Mon 01:02:08 Step:3211} Server_Comm.py: The agent lost 1 packet! Is syncmode enabled?
{Mon 01:02:08 Step:3214} Server_Comm.py: The agent lost 2 consecutive packets! Is syncmode disabled?
{Mon 01:02:08 Step:3217} Server_Comm.py: The agent lost 2 consecutive packets! Is syncmode disabled?
{Mon 01:02:08 Step:3220} Server_Comm.py: The agent lost 2 consecutive packets! Is syncmode disabled?
{Mon 01:02:08 Step:3223} Server_Comm.py: The agent lost 2 consecutive packets! Is syncmode disabled?
{Mon 01:02:08 Step:3225} Server_Comm.py: The agent lost 1 packet! Is syncmode enabled?
{Mon 01:02:08 Step:3233} Server_Comm.py: The agent lost 1 packet! Is syncmode enabled?
{Mon 01:02:08 Step:3248} Server_Comm.py: The agent lost 1 packet! Is syncmode enabled?
{Mon 01:02:08 Step:3253} Server_Comm.py: The agent lost 1 packet! Is syncmode enabled?
{Mon 01:02:08 Step:3260} Server_Comm.py: The agent lost 1 packet! Is syncmode enabled?
{Mon 01:02:08 Step:3269} Server_Comm.py: The agent lost 1 packet! Is syncmode enabled?
{Mon 01:02:08 Step:3282} Server_Comm.py: The agent lost 1 packet! Is syncmode enabled?
{Mon 01:02:08 Step:3286} Server_Comm.py: The agent lost 1 packet! Is syncmode enabled?
{Mon 01:02:08 Step:3294} Server_Comm.py: The agent lost 1 packet! Is syncmode enabled?
{Mon 01:02:08 Step:3306} Server_Comm.py: The agent lost 2 consecutive packets! Is syncmode disabled?
{Mon 01:02:08 Step:3309} Server_Comm.py: The agent lost 2 consecutive packets! Is syncmode disabled?
{Mon 01:02:08 Step:3313} Server_Comm.py: The agent lost 3 consecutive packets! Is syncmode disabled?
{Mon 01:02:08 Step:3323} Server_Comm.py: The agent lost 9 consecutive packets! Is syncmode disabled?
{Mon 01:02:08 Step:3329} Server_Comm.py: The agent lost 5 consecutive packets! Is syncmode disabled?
{Mon 01:02:08 Step:3333} Server_Comm.py: The agent lost 3 consecutive packets! Is syncmode disabled?
{Mon 01:02:08 Step:3337} Server_Comm.py: The agent lost 3 consecutive packets! Is syncmode disabled?
{Mon 01:02:08 Step:3342} Server_Comm.py: The agent lost 4 consecutive packets! Is syncmode disabled?
{Mon 01:02:08 Step:3346} Server_Comm.py: The agent lost 2 consecutive packets! Is syncmode disabled?
{Mon 01:02:08 Step:3350} Server_Comm.py: The agent lost 2 consecutive packets! Is syncmode disabled?
{Mon 01:02:08 Step:3352} Server_Comm.py: The agent lost 1 packet! Is syncmode enabled?
{Mon 01:02:08 Step:3382} Server_Comm.py: The agent lost 1 packet! Is syncmode enabled?
{Mon 01:02:08 Step:3392} Server_Comm.py: The agent lost 1 packet! Is syncmode enabled?
{Mon 01:02:08 Step:3396} Server_Comm.py: The agent lost 1 packet! Is syncmode enabled?
{Mon 01:02:08 Step:3398} Server_Comm.py: The agent lost 1 packet! Is syncmode enabled?
{Mon 01:02:08 Step:3400} Server_Comm.py: The agent lost 1 packet! Is syncmode enabled?
{Mon 01:02:08 Step:3434} Server_Comm.py: The agent lost 1 packet! Is syncmode enabled?
{Mon 01:02:08 Step:3436} Server_Comm.py: The agent lost 1 packet! Is syncmode enabled?
{Mon 01:02:08 Step:3440} Server_Comm.py: The agent lost 2 consecutive packets! Is syncmode disabled?
{Mon 01:02:08 Step:3440} Server_Comm.py: Received a new packet while thinking!
{Mon 01:02:08 Step:3495} Server_Comm.py: The agent lost 54 consecutive packets! Is syncmode disabled?
{Mon 01:02:08 Step:3524} Server_Comm.py: The agent lost 28 consecutive packets! Is syncmode disabled?
{Mon 01:02:08 Step:3531} Server_Comm.py: The agent lost 6 consecutive packets! Is syncmode disabled?
{Mon 01:02:08 Step:3536} Server_Comm.py: The agent lost 4 consecutive packets! Is syncmode disabled?
{Mon 01:02:08 Step:3538} Server_Comm.py: The agent lost 1 packet! Is syncmode enabled?
{Mon 01:02:08 Step:3540} Server_Comm.py: The agent lost 1 packet! Is syncmode enabled?
{Mon 01:02:08 Step:3544} Server_Comm.py: The agent lost 2 consecutive packets! Is syncmode disabled?
{Mon 01:02:08 Step:3547} Server_Comm.py: The agent lost 2 consecutive packets! Is syncmode disabled?
{Mon 01:02:08 Step:3551} Server_Comm.py: The agent lost 3 consecutive packets! Is syncmode disabled?
{Mon 01:02:08 Step:3574} Server_Comm.py: The agent lost 22 consecutive packets! Is syncmode disabled?
{Mon 01:02:08 Step:3581} Server_Comm.py: The agent lost 6 consecutive packets! Is syncmode disabled?
{Mon 01:02:08 Step:3584} Server_Comm.py: The agent lost 2 consecutive packets! Is syncmode disabled?
{Mon 01:02:08 Step:3586} Server_Comm.py: The agent lost 1 packet! Is syncmode enabled?
{Mon 01:02:08 Step:3591} Server_Comm.py: The agent lost 1 packet! Is syncmode enabled?
{Mon 01:02:08 Step:3593} Server_Comm.py: The agent lost 1 packet! Is syncmode enabled?
{Mon 01:02:08 Step:3595} Server_Comm.py: The agent lost 1 packet! Is syncmode enabled?
{Mon 01:02:08 Step:3597} Server_Comm.py: The agent lost 1 packet! Is syncmode enabled?
{Mon 01:02:08 Step:3599} Server_Comm.py: The agent lost 1 packet! Is syncmode enabled?
{Mon 01:02:08 Step:3601} Server_Comm.py: The agent lost 1 packet! Is syncmode enabled?
{Mon 01:02:08 Step:3603} Server_Comm.py: The agent lost 1 packet! Is syncmode enabled?
{Mon 01:02:08 Step:3607} Server_Comm.py: The agent lost 3 consecutive packets! Is syncmode disabled?
{Mon 01:02:08 Step:3609} Server_Comm.py: The agent lost 1 packet! Is syncmode enabled?
{Mon 01:02:08 Step:3612} Server_Comm.py: The agent lost 1 packet! Is syncmode enabled?
{Mon 01:02:08 Step:3616} Server_Comm.py: The agent lost 2 consecutive packets! Is syncmode disabled?
{Mon 01:02:08 Step:3620} Server_Comm.py: The agent lost 1 packet! Is syncmode enabled?
{Mon 01:02:08 Step:3622} Server_Comm.py: The agent lost 1 packet! Is syncmode enabled?
{Mon 01:02:08 Step:3624} Server_Comm.py: The agent lost 1 packet! Is syncmode enabled?
{Mon 01:02:08 Step:3627} Server_Comm.py: The agent lost 1 packet! Is syncmode enabled?
{Mon 01:02:08 Step:3630} Server_Comm.py: The agent lost 2 consecutive packets! Is syncmode disabled?
{Mon 01:02:08 Step:3633} Server_Comm.py: The agent lost 1 packet! Is syncmode enabled?
{Mon 01:02:08 Step:3640} Server_Comm.py: The agent lost 1 packet! Is syncmode enabled?
{Mon 01:02:08 Step:3646} Server_Comm.py: The agent lost 1 packet! Is syncmode enabled?
{Mon 01:02:08 Step:3650} Server_Comm.py: The agent lost 1 packet! Is syncmode enabled?
{Mon 01:02:08 Step:3654} Server_Comm.py: The agent lost 1 packet! Is syncmode enabled?
{Mon 01:02:08 Step:3657} Server_Comm.py: The agent lost 1 packet! Is syncmode enabled?
{Mon 01:02:08 Step:3660} Server_Comm.py: The agent lost 1 packet! Is syncmode enabled?
{Mon 01:02:08 Step:3664} Server_Comm.py: The agent lost 1 packet! Is syncmode enabled?
{Mon 01:02:08 Step:3673} Server_Comm.py: The agent lost 1 packet! Is syncmode enabled?
{Mon 01:02:08 Step:3675} Server_Comm.py: The agent lost 1 packet! Is syncmode enabled?
{Mon 01:02:08 Step:3684} Server_Comm.py: The agent lost 1 packet! Is syncmode enabled?
{Mon 01:02:08 Step:3695} Server_Comm.py: The agent lost 1 packet! Is syncmode enabled?
{Mon 01:02:08 Step:3700} Server_Comm.py: The agent lost 1 packet! Is syncmode enabled?
{Mon 01:02:08 Step:3703} Server_Comm.py: The agent lost 1 packet! Is syncmode enabled?
{Mon 01:02:08 Step:3706} Server_Comm.py: The agent lost 2 consecutive packets! Is syncmode disabled?
{Mon 01:02:08 Step:3708} Server_Comm.py: The agent lost 1 packet! Is syncmode enabled?
{Mon 01:02:08 Step:3714} Server_Comm.py: The agent lost 5 consecutive packets! Is syncmode disabled?
{Mon 01:02:08 Step:3717} Server_Comm.py: The agent lost 2 consecutive packets! Is syncmode disabled?
{Mon 01:02:08 Step:3722} Server_Comm.py: The agent lost 4 consecutive packets! Is syncmode disabled?
{Mon 01:02:08 Step:3726} Server_Comm.py: The agent lost 3 consecutive packets! Is syncmode disabled?
{Mon 01:02:08 Step:3729} Server_Comm.py: The agent lost 2 consecutive packets! Is syncmode disabled?
{Mon 01:02:08 Step:3733} Server_Comm.py: The agent lost 3 consecutive packets! Is syncmode disabled?
{Mon 01:02:08 Step:3738} Server_Comm.py: The agent lost 4 consecutive packets! Is syncmode disabled?
{Mon 01:02:08 Step:3741} Server_Comm.py: The agent lost 2 consecutive packets! Is syncmode disabled?
{Mon 01:02:08 Step:3745} Server_Comm.py: The agent lost 3 consecutive packets! Is syncmode disabled?
{Mon 01:02:08 Step:3748} Server_Comm.py: The agent lost 2 consecutive packets! Is syncmode disabled?
{Mon 01:02:08 Step:3750} Server_Comm.py: The agent lost 1 packet! Is syncmode enabled?
{Mon 01:02:08 Step:3752} Server_Comm.py: The agent lost 1 packet! Is syncmode enabled?
{Mon 01:02:08 Step:3755} Server_Comm.py: The agent lost 1 packet! Is syncmode enabled?
{Mon 01:02:08 Step:3758} Server_Comm.py: The agent lost 2 consecutive packets! Is syncmode disabled?
{Mon 01:02:08 Step:3760} Server_Comm.py: The agent lost 1 packet! Is syncmode enabled?
{Mon 01:02:08 Step:3764} Server_Comm.py: The agent lost 2 consecutive packets! Is syncmode disabled?
{Mon 01:02:08 Step:3766} Server_Comm.py: The agent lost 1 packet! Is syncmode enabled?
{Mon 01:02:08 Step:3768} Server_Comm.py: The agent lost 1 packet! Is syncmode enabled?
{Mon 01:02:08 Step:3773} Server_Comm.py: The agent lost 3 consecutive packets! Is syncmode disabled?
{Mon 01:02:08 Step:3775} Server_Comm.py: The agent lost 1 packet! Is syncmode enabled?
{Mon 01:02:08 Step:3777} Server_Comm.py: The agent lost 1 packet! Is syncmode enabled?
{Mon 01:02:08 Step:3804} Server_Comm.py: The agent lost 1 packet! Is syncmode enabled?
{Mon 01:02:08 Step:3806} Server_Comm.py: The agent lost 1 packet! Is syncmode enabled?
{Mon 01:02:08 Step:3810} Server_Comm.py: The agent lost 1 packet! Is syncmode enabled?
{Mon 01:02:08 Step:3820} Server_Comm.py: The agent lost 1 packet! Is syncmode enabled?
{Mon 01:02:08 Step:3824} Server_Comm.py: The agent lost 3 consecutive packets! Is syncmode disabled?
{Mon 01:02:08 Step:3827} Server_Comm.py: The agent lost 2 consecutive packets! Is syncmode disabled?
{Mon 01:02:08 Step:3829} Server_Comm.py: The agent lost 1 packet! Is syncmode enabled?
{Mon 01:02:08 Step:3850} Server_Comm.py: The agent lost 2 consecutive packets! Is syncmode disabled?
{Mon 01:02:08 Step:3856} Server_Comm.py: The agent lost 2 consecutive packets! Is syncmode disabled?
{Mon 01:02:08 Step:3858} Server_Comm.py: The agent lost 1 packet! Is syncmode enabled?
{Mon 01:02:08 Step:3860} Server_Comm.py: The agent lost 1 packet! Is syncmode enabled?
{Mon 01:02:08 Step:3866} Server_Comm.py: The agent lost 5 consecutive packets! Is syncmode disabled?
{Mon 01:02:08 Step:3870} Server_Comm.py: The agent lost 3 consecutive packets! Is syncmode disabled?
{Mon 01:02:08 Step:3872} Server_Comm.py: The agent lost 1 packet! Is syncmode enabled?
{Mon 01:02:08 Step:3876} Server_Comm.py: The agent lost 2 consecutive packets! Is syncmode disabled?
{Mon 01:02:08 Step:3880} Server_Comm.py: The agent lost 2 consecutive packets! Is syncmode disabled?
{Mon 01:02:08 Step:3882} Server_Comm.py: The agent lost 1 packet! Is syncmode enabled?
{Mon 01:02:08 Step:3886} Server_Comm.py: The agent lost 2 consecutive packets! Is syncmode disabled?
{Mon 01:02:08 Step:3888} Server_Comm.py: The agent lost 1 packet! Is syncmode enabled?
{Mon 01:02:08 Step:3891} Server_Comm.py: The agent lost 1 packet! Is syncmode enabled?
{Mon 01:02:08 Step:3894} Server_Comm.py: The agent lost 2 consecutive packets! Is syncmode disabled?
{Mon 01:02:08 Step:3896} Server_Comm.py: The agent lost 1 packet! Is syncmode enabled?
{Mon 01:02:08 Step:3900} Server_Comm.py: The agent lost 2 consecutive packets! Is syncmode disabled?
{Mon 01:02:08 Step:3903} Server_Comm.py: The agent lost 1 packet! Is syncmode enabled?
{Mon 01:02:08 Step:3906} Server_Comm.py: The agent lost 2 consecutive packets! Is syncmode disabled?
{Mon 01:02:08 Step:3908} Server_Comm.py: The agent lost 1 packet! Is syncmode enabled?
{Mon 01:02:08 Step:3910} Server_Comm.py: The agent lost 1 packet! Is syncmode enabled?
{Mon 01:02:08 Step:3914} Server_Comm.py: The agent lost 2 consecutive packets! Is syncmode disabled?
{Mon 01:02:08 Step:3916} Server_Comm.py: The agent lost 1 packet! Is syncmode enabled?
{Mon 01:02:08 Step:3918} Server_Comm.py: The agent lost 1 packet! Is syncmode enabled?
{Mon 01:02:08 Step:3920} Server_Comm.py: The agent lost 1 packet! Is syncmode enabled?
{Mon 01:02:08 Step:3924} Server_Comm.py: The agent lost 2 consecutive packets! Is syncmode disabled?
{Mon 01:02:08 Step:3926} Server_Comm.py: The agent lost 1 packet! Is syncmode enabled?
{Mon 01:02:08 Step:3930} Server_Comm.py: The agent lost 2 consecutive packets! Is syncmode disabled?
{Mon 01:02:08 Step:3932} Server_Comm.py: The agent lost 1 packet! Is syncmode enabled?
{Mon 01:02:08 Step:3934} Server_Comm.py: The agent lost 1 packet! Is syncmode enabled?
{Mon 01:02:08 Step:3938} Server_Comm.py: The agent lost 2 consecutive packets! Is syncmode disabled?
{Mon 01:02:08 Step:3940} Server_Comm.py: The agent lost 1 packet! Is syncmode enabled?
{Mon 01:02:08 Step:3945} Server_Comm.py: The agent lost 3 consecutive packets! Is syncmode disabled?
{Mon 01:02:08 Step:3949} Server_Comm.py: The agent lost 3 consecutive packets! Is syncmode disabled?
{Mon 01:02:08 Step:3951} Server_Comm.py: The agent lost 1 packet! Is syncmode enabled?
{Mon 01:02:08 Step:3954} Server_Comm.py: The agent lost 1 packet! Is syncmode enabled?
{Mon 01:02:08 Step:3959} Server_Comm.py: The agent lost 1 packet! Is syncmode enabled?
{Mon 01:02:08 Step:3963} Server_Comm.py: The agent lost 1 packet! Is syncmode enabled?
{Mon 01:02:08 Step:3965} Server_Comm.py: The agent lost 1 packet! Is syncmode enabled?
{Mon 01:02:08 Step:3968} Server_Comm.py: The agent lost 1 packet! Is syncmode enabled?
{Mon 01:02:08 Step:3973} Server_Comm.py: The agent lost 1 packet! Is syncmode enabled?
{Mon 01:02:08 Step:3976} Server_Comm.py: The agent lost 1 packet! Is syncmode enabled?
{Mon 01:02:08 Step:3982} Server_Comm.py: The agent lost 1 packet! Is syncmode enabled?
{Mon 01:02:08 Step:3984} Server_Comm.py: The agent lost 1 packet! Is syncmode enabled?
{Mon 01:02:08 Step:3988} Server_Comm.py: The agent lost 1 packet! Is syncmode enabled?
{Mon 01:02:08 Step:3990} Server_Comm.py: The agent lost 1 packet! Is syncmode enabled?
{Mon 01:02:08 Step:3992} Server_Comm.py: The agent lost 1 packet! Is syncmode enabled?
{Mon 01:02:08 Step:3994} Server_Comm.py: The agent lost 1 packet! Is syncmode enabled?
{Mon 01:02:08 Step:3997} Server_Comm.py: The agent lost 1 packet! Is syncmode enabled?
{Mon 01:02:08 Step:4005} Server_Comm.py: The agent lost 1 packet! Is syncmode enabled?
{Mon 01:02:08 Step:4008} Server_Comm.py: The agent lost 1 packet! Is syncmode enabled?
{Mon 01:02:08 Step:4016} Server_Comm.py: The agent lost 1 packet! Is syncmode enabled?
{Mon 01:02:08 Step:4018} Server_Comm.py: The agent lost 1 packet! Is syncmode enabled?
{Mon 01:02:08 Step:4020} Server_Comm.py: The agent lost 1 packet! Is syncmode enabled?
{Mon 01:02:08 Step:4022} Server_Comm.py: The agent lost 1 packet! Is syncmode enabled?
{Mon 01:02:08 Step:4027} Server_Comm.py: The agent lost 4 consecutive packets! Is syncmode disabled?
{Mon 01:02:08 Step:4032} Server_Comm.py: The agent lost 4 consecutive packets! Is syncmode disabled?
{Mon 01:02:08 Step:4034} Server_Comm.py: The agent lost 1 packet! Is syncmode enabled?
{Mon 01:02:08 Step:4036} Server_Comm.py: The agent lost 1 packet! Is syncmode enabled?
{Mon 01:02:08 Step:4040} Server_Comm.py: The agent lost 2 consecutive packets! Is syncmode disabled?
{Mon 01:02:08 Step:4042} Server_Comm.py: The agent lost 1 packet! Is syncmode enabled?
{Mon 01:02:08 Step:4044} Server_Comm.py: The agent lost 1 packet! Is syncmode enabled?
{Mon 01:02:08 Step:4046} Server_Comm.py: The agent lost 1 packet! Is syncmode enabled?
{Mon 01:02:08 Step:4048} Server_Comm.py: The agent lost 1 packet! Is syncmode enabled?
{Mon 01:02:08 Step:4052} Server_Comm.py: The agent lost 2 consecutive packets! Is syncmode disabled?
{Mon 01:02:08 Step:4054} Server_Comm.py: The agent lost 1 packet! Is syncmode enabled?
{Mon 01:02:08 Step:4056} Server_Comm.py: The agent lost 1 packet! Is syncmode enabled?
{Mon 01:02:08 Step:4059} Server_Comm.py: The agent lost 1 packet! Is syncmode enabled?
{Mon 01:02:08 Step:4062} Server_Comm.py: The agent lost 2 consecutive packets! Is syncmode disabled?
{Mon 01:02:08 Step:4066} Server_Comm.py: The agent lost 2 consecutive packets! Is syncmode disabled?
{Mon 01:02:08 Step:4068} Server_Comm.py: The agent lost 1 packet! Is syncmode enabled?
{Mon 01:02:08 Step:4070} Server_Comm.py: The agent lost 1 packet! Is syncmode enabled?
{Mon 01:02:08 Step:4074} Server_Comm.py: The agent lost 2 consecutive packets! Is syncmode disabled?
{Mon 01:02:08 Step:4076} Server_Comm.py: The agent lost 1 packet! Is syncmode enabled?
{Mon 01:02:08 Step:4078} Server_Comm.py: The agent lost 1 packet! Is syncmode enabled?
{Mon 01:02:08 Step:4080} Server_Comm.py: The agent lost 1 packet! Is syncmode enabled?
{Mon 01:02:08 Step:4084} Server_Comm.py: The agent lost 2 consecutive packets! Is syncmode disabled?
{Mon 01:02:08 Step:4088} Server_Comm.py: The agent lost 2 consecutive packets! Is syncmode disabled?
{Mon 01:02:08 Step:4093} Server_Comm.py: The agent lost 3 consecutive packets! Is syncmode disabled?
{Mon 01:02:08 Step:4095} Server_Comm.py: The agent lost 1 packet! Is syncmode enabled?
{Mon 01:02:08 Step:4100} Server_Comm.py: The agent lost 1 packet! Is syncmode enabled?
{Mon 01:02:08 Step:4128} Server_Comm.py: The agent lost 1 packet! Is syncmode enabled?
{Mon 01:02:08 Step:4150} Server_Comm.py: The agent lost 1 packet! Is syncmode enabled?
{Mon 01:02:08 Step:4155} Server_Comm.py: The agent lost 1 packet! Is syncmode enabled?
{Mon 01:02:08 Step:4157} Server_Comm.py: The agent lost 1 packet! Is syncmode enabled?
{Mon 01:02:08 Step:4162} Server_Comm.py: The agent lost 4 consecutive packets! Is syncmode disabled?
{Mon 01:02:08 Step:4170} Server_Comm.py: The agent lost 7 consecutive packets! Is syncmode disabled?
{Mon 01:02:08 Step:4174} Server_Comm.py: The agent lost 3 consecutive packets! Is syncmode disabled?
{Mon 01:02:08 Step:4176} Server_Comm.py: The agent lost 1 packet! Is syncmode enabled?
{Mon 01:02:08 Step:4179} Server_Comm.py: The agent lost 1 packet! Is syncmode enabled?
{Mon 01:02:09 Step:4182} Server_Comm.py: The agent lost 2 consecutive packets! Is syncmode disabled?
{Mon 01:02:09 Step:4184} Server_Comm.py: The agent lost 1 packet! Is syncmode enabled?
{Mon 01:02:09 Step:4186} Server_Comm.py: The agent lost 1 packet! Is syncmode enabled?
{Mon 01:02:09 Step:4188} Server_Comm.py: The agent lost 1 packet! Is syncmode enabled?
{Mon 01:02:09 Step:4192} Server_Comm.py: The agent lost 3 consecutive packets! Is syncmode disabled?
{Mon 01:02:09 Step:4194} Server_Comm.py: The agent lost 1 packet! Is syncmode enabled?
{Mon 01:02:09 Step:4198} Server_Comm.py: The agent lost 2 consecutive packets! Is syncmode disabled?
{Mon 01:02:09 Step:4201} Server_Comm.py: The agent lost 2 consecutive packets! Is syncmode disabled?
{Mon 01:02:09 Step:4205} Server_Comm.py: The agent lost 3 consecutive packets! Is syncmode disabled?
{Mon 01:02:09 Step:4210} Server_Comm.py: The agent lost 4 consecutive packets! Is syncmode disabled?
{Mon 01:02:09 Step:4213} Server_Comm.py: The agent lost 2 consecutive packets! Is syncmode disabled?
{Mon 01:02:09 Step:4217} Server_Comm.py: The agent lost 3 consecutive packets! Is syncmode disabled?
{Mon 01:02:09 Step:4224} Server_Comm.py: The agent lost 6 consecutive packets! Is syncmode disabled?
{Mon 01:02:09 Step:4228} Server_Comm.py: The agent lost 3 consecutive packets! Is syncmode disabled?
{Mon 01:02:09 Step:4230} Server_Comm.py: The agent lost 1 packet! Is syncmode enabled?
{Mon 01:02:09 Step:4232} Server_Comm.py: The agent lost 1 packet! Is syncmode enabled?
{Mon 01:02:09 Step:4236} Server_Comm.py: The agent lost 2 consecutive packets! Is syncmode disabled?
{Mon 01:02:09 Step:4238} Server_Comm.py: The agent lost 1 packet! Is syncmode enabled?
{Mon 01:02:09 Step:4240} Server_Comm.py: The agent lost 1 packet! Is syncmode enabled?
{Mon 01:02:09 Step:4242} Server_Comm.py: The agent lost 1 packet! Is syncmode enabled?
{Mon 01:02:09 Step:4244} Server_Comm.py: The agent lost 1 packet! Is syncmode enabled?
{Mon 01:02:09 Step:4246} Server_Comm.py: The agent lost 1 packet! Is syncmode enabled?
{Mon 01:02:09 Step:4248} Server_Comm.py: The agent lost 1 packet! Is syncmode enabled?
{Mon 01:02:09 Step:4252} Server_Comm.py: The agent lost 2 consecutive packets! Is syncmode disabled?
{Mon 01:02:09 Step:4254} Server_Comm.py: The agent lost 1 packet! Is syncmode enabled?
{Mon 01:02:09 Step:4265} Server_Comm.py: The agent lost 1 packet! Is syncmode enabled?
{Mon 01:02:09 Step:4274} Server_Comm.py: The agent lost 1 packet! Is syncmode enabled?
{Mon 01:02:09 Step:4284} Server_Comm.py: The agent lost 1 packet! Is syncmode enabled?
{Mon 01:02:09 Step:4292} Server_Comm.py: The agent lost 1 packet! Is syncmode enabled?
{Mon 01:02:09 Step:4296} Server_Comm.py: The agent lost 1 packet! Is syncmode enabled?
{Mon 01:02:09 Step:4308} Server_Comm.py: The agent lost 1 packet! Is syncmode enabled?
{Mon 01:02:09 Step:4310} Server_Comm.py: The agent lost 1 packet! Is syncmode enabled?
{Mon 01:02:09 Step:4312} Server_Comm.py: The agent lost 1 packet! Is syncmode enabled?
{Mon 01:02:09 Step:4314} Server_Comm.py: The agent lost 1 packet! Is syncmode enabled?
{Mon 01:02:09 Step:4317} Server_Comm.py: The agent lost 2 consecutive packets! Is syncmode disabled?
{Mon 01:02:09 Step:4320} Server_Comm.py: The agent lost 2 consecutive packets! Is syncmode disabled?
{Mon 01:02:09 Step:4323} Server_Comm.py: The agent lost 2 consecutive packets! Is syncmode disabled?
{Mon 01:02:09 Step:4326} Server_Comm.py: The agent lost 2 consecutive packets! Is syncmode disabled?
{Mon 01:02:09 Step:4329} Server_Comm.py: The agent lost 2 consecutive packets! Is syncmode disabled?
{Mon 01:02:09 Step:4332} Server_Comm.py: The agent lost 2 consecutive packets! Is syncmode disabled?
{Mon 01:02:09 Step:4334} Server_Comm.py: The agent lost 1 packet! Is syncmode enabled?
{Mon 01:02:09 Step:4336} Server_Comm.py: The agent lost 1 packet! Is syncmode enabled?
{Mon 01:02:09 Step:4338} Server_Comm.py: The agent lost 1 packet! Is syncmode enabled?
{Mon 01:02:09 Step:4344} Server_Comm.py: The agent lost 1 packet! Is syncmode enabled?
{Mon 01:02:09 Step:4356} Server_Comm.py: The agent lost 2 consecutive packets! Is syncmode disabled?
{Mon 01:02:09 Step:4364} Server_Comm.py: The agent lost 6 consecutive packets! Is syncmode disabled?
{Mon 01:02:09 Step:4367} Server_Comm.py: The agent lost 2 consecutive packets! Is syncmode disabled?
{Mon 01:02:09 Step:4370} Server_Comm.py: The agent lost 2 consecutive packets! Is syncmode disabled?
{Mon 01:02:09 Step:4372} Server_Comm.py: The agent lost 1 packet! Is syncmode enabled?
{Mon 01:02:09 Step:4376} Server_Comm.py: The agent lost 2 consecutive packets! Is syncmode disabled?
{Mon 01:02:09 Step:4378} Server_Comm.py: The agent lost 1 packet! Is syncmode enabled?
{Mon 01:02:09 Step:4380} Server_Comm.py: The agent lost 1 packet! Is syncmode enabled?
{Mon 01:02:09 Step:4384} Server_Comm.py: The agent lost 2 consecutive packets! Is syncmode disabled?
{Mon 01:02:09 Step:4386} Server_Comm.py: The agent lost 1 packet! Is syncmode enabled?
{Mon 01:02:09 Step:4390} Server_Comm.py: The agent lost 2 consecutive packets! Is syncmode disabled?
{Mon 01:02:09 Step:4394} Server_Comm.py: The agent lost 3 consecutive packets! Is syncmode disabled?
{Mon 01:02:09 Step:4398} Server_Comm.py: The agent lost 3 consecutive packets! Is syncmode disabled?
{Mon 01:02:09 Step:4402} Server_Comm.py: The agent lost 3 consecutive packets! Is syncmode disabled?
{Mon 01:02:09 Step:4406} Server_Comm.py: The agent lost 3 consecutive packets! Is syncmode disabled?
{Mon 01:02:09 Step:4409} Server_Comm.py: The agent lost 2 consecutive packets! Is syncmode disabled?
{Mon 01:02:09 Step:4416} Server_Comm.py: The agent lost 1 packet! Is syncmode enabled?
{Mon 01:02:09 Step:4440} Server_Comm.py: The agent lost 1 packet! Is syncmode enabled?
{Mon 01:02:09 Step:4444} Server_Comm.py: The agent lost 1 packet! Is syncmode enabled?
{Mon 01:02:09 Step:4446} Server_Comm.py: The agent lost 1 packet! Is syncmode enabled?
{Mon 01:02:09 Step:4458} Server_Comm.py: The agent lost 1 packet! Is syncmode enabled?
{Mon 01:02:09 Step:4462} Server_Comm.py: The agent lost 1 packet! Is syncmode enabled?
{Mon 01:02:09 Step:4466} Server_Comm.py: The agent lost 1 packet! Is syncmode enabled?
{Mon 01:02:09 Step:4468} Server_Comm.py: The agent lost 1 packet! Is syncmode enabled?
{Mon 01:02:09 Step:4473} Server_Comm.py: The agent lost 1 packet! Is syncmode enabled?
{Mon 01:02:09 Step:4490} Server_Comm.py: The agent lost 1 packet! Is syncmode enabled?
{Mon 01:02:09 Step:4494} Server_Comm.py: The agent lost 2 consecutive packets! Is syncmode disabled?
{Mon 01:02:09 Step:4500} Server_Comm.py: The agent lost 5 consecutive packets! Is syncmode disabled?
{Mon 01:02:09 Step:4502} Server_Comm.py: The agent lost 1 packet! Is syncmode enabled?
{Mon 01:02:09 Step:4504} Server_Comm.py: The agent lost 1 packet! Is syncmode enabled?
{Mon 01:02:09 Step:4506} Server_Comm.py: The agent lost 1 packet! Is syncmode enabled?
{Mon 01:02:09 Step:4508} Server_Comm.py: The agent lost 1 packet! Is syncmode enabled?
{Mon 01:02:09 Step:4513} Server_Comm.py: The agent lost 3 consecutive packets! Is syncmode disabled?
{Mon 01:02:09 Step:4517} Server_Comm.py: The agent lost 3 consecutive packets! Is syncmode disabled?
{Mon 01:02:09 Step:4519} Server_Comm.py: The agent lost 1 packet! Is syncmode enabled?
{Mon 01:02:09 Step:4523} Server_Comm.py: The agent lost 3 consecutive packets! Is syncmode disabled?
{Mon 01:02:09 Step:4526} Server_Comm.py: The agent lost 2 consecutive packets! Is syncmode disabled?
{Mon 01:02:09 Step:4528} Server_Comm.py: The agent lost 1 packet! Is syncmode enabled?
{Mon 01:02:09 Step:4530} Server_Comm.py: The agent lost 1 packet! Is syncmode enabled?
{Mon 01:02:09 Step:4534} Server_Comm.py: The agent lost 2 consecutive packets! Is syncmode disabled?
{Mon 01:02:09 Step:4537} Server_Comm.py: The agent lost 2 consecutive packets! Is syncmode disabled?
{Mon 01:02:09 Step:4541} Server_Comm.py: The agent lost 3 consecutive packets! Is syncmode disabled?
{Mon 01:02:09 Step:4544} Server_Comm.py: The agent lost 2 consecutive packets! Is syncmode disabled?
{Mon 01:02:09 Step:4546} Server_Comm.py: The agent lost 1 packet! Is syncmode enabled?
{Mon 01:02:09 Step:4548} Server_Comm.py: The agent lost 1 packet! Is syncmode enabled?
{Mon 01:02:09 Step:4550} Server_Comm.py: The agent lost 1 packet! Is syncmode enabled?
{Mon 01:02:09 Step:4552} Server_Comm.py: The agent lost 1 packet! Is syncmode enabled?
{Mon 01:02:09 Step:4556} Server_Comm.py: The agent lost 2 consecutive packets! Is syncmode disabled?
{Mon 01:02:09 Step:4558} Server_Comm.py: The agent lost 1 packet! Is syncmode enabled?
{Mon 01:02:09 Step:4560} Server_Comm.py: The agent lost 1 packet! Is syncmode enabled?
{Mon 01:02:09 Step:4563} Server_Comm.py: The agent lost 1 packet! Is syncmode enabled?
{Mon 01:02:09 Step:4586} Server_Comm.py: The agent lost 2 consecutive packets! Is syncmode disabled?
{Mon 01:02:09 Step:4588} Server_Comm.py: The agent lost 1 packet! Is syncmode enabled?
{Mon 01:02:09 Step:4612} Server_Comm.py: The agent lost 1 packet! Is syncmode enabled?
{Mon 01:02:09 Step:4616} Server_Comm.py: The agent lost 1 packet! Is syncmode enabled?
{Mon 01:02:09 Step:4625} Server_Comm.py: The agent lost 1 packet! Is syncmode enabled?
{Mon 01:02:09 Step:4628} Server_Comm.py: The agent lost 1 packet! Is syncmode enabled?
{Mon 01:02:09 Step:4632} Server_Comm.py: The agent lost 1 packet! Is syncmode enabled?
{Mon 01:02:09 Step:4636} Server_Comm.py: The agent lost 2 consecutive packets! Is syncmode disabled?
{Mon 01:02:09 Step:4638} Server_Comm.py: The agent lost 1 packet! Is syncmode enabled?
{Mon 01:02:09 Step:4644} Server_Comm.py: The agent lost 5 consecutive packets! Is syncmode disabled?
{Mon 01:02:09 Step:4647} Server_Comm.py: The agent lost 2 consecutive packets! Is syncmode disabled?
{Mon 01:02:09 Step:4652} Server_Comm.py: The agent lost 4 consecutive packets! Is syncmode disabled?
{Mon 01:02:09 Step:4654} Server_Comm.py: The agent lost 1 packet! Is syncmode enabled?
{Mon 01:02:09 Step:4656} Server_Comm.py: The agent lost 1 packet! Is syncmode enabled?
{Mon 01:02:09 Step:4660} Server_Comm.py: The agent lost 2 consecutive packets! Is syncmode disabled?
{Mon 01:02:09 Step:4662} Server_Comm.py: The agent lost 1 packet! Is syncmode enabled?
{Mon 01:02:09 Step:4664} Server_Comm.py: The agent lost 1 packet! Is syncmode enabled?
{Mon 01:02:09 Step:4668} Server_Comm.py: The agent lost 2 consecutive packets! Is syncmode disabled?
{Mon 01:02:09 Step:4670} Server_Comm.py: The agent lost 1 packet! Is syncmode enabled?
{Mon 01:02:09 Step:4672} Server_Comm.py: The agent lost 1 packet! Is syncmode enabled?
{Mon 01:02:09 Step:4674} Server_Comm.py: The agent lost 1 packet! Is syncmode enabled?
{Mon 01:02:09 Step:4678} Server_Comm.py: The agent lost 2 consecutive packets! Is syncmode disabled?
{Mon 01:02:09 Step:4684} Server_Comm.py: The agent lost 2 consecutive packets! Is syncmode disabled?
{Mon 01:02:09 Step:4686} Server_Comm.py: The agent lost 1 packet! Is syncmode enabled?
{Mon 01:02:09 Step:4690} Server_Comm.py: The agent lost 2 consecutive packets! Is syncmode disabled?
{Mon 01:02:09 Step:4694} Server_Comm.py: The agent lost 2 consecutive packets! Is syncmode disabled?
{Mon 01:02:09 Step:4698} Server_Comm.py: The agent lost 2 consecutive packets! Is syncmode disabled?
{Mon 01:02:09 Step:4702} Server_Comm.py: The agent lost 2 consecutive packets! Is syncmode disabled?
{Mon 01:02:09 Step:4704} Server_Comm.py: The agent lost 1 packet! Is syncmode enabled?
{Mon 01:02:09 Step:4706} Server_Comm.py: The agent lost 1 packet! Is syncmode enabled?
{Mon 01:02:09 Step:4716} Server_Comm.py: The agent lost 1 packet! Is syncmode enabled?
{Mon 01:02:09 Step:4730} Server_Comm.py: The agent lost 1 packet! Is syncmode enabled?
{Mon 01:02:09 Step:4745} Server_Comm.py: The agent lost 1 packet! Is syncmode enabled?
{Mon 01:02:09 Step:4758} Server_Comm.py: The agent lost 1 packet! Is syncmode enabled?
{Mon 01:02:09 Step:4766} Server_Comm.py: The agent lost 1 packet! Is syncmode enabled?
{Mon 01:02:09 Step:4772} Server_Comm.py: The agent lost 2 consecutive packets! Is syncmode disabled?
{Mon 01:02:09 Step:4774} Server_Comm.py: The agent lost 1 packet! Is syncmode enabled?
{Mon 01:02:09 Step:4783} Server_Comm.py: The agent lost 7 consecutive packets! Is syncmode disabled?
{Mon 01:02:09 Step:4788} Server_Comm.py: The agent lost 4 consecutive packets! Is syncmode disabled?
{Mon 01:02:09 Step:4792} Server_Comm.py: The agent lost 3 consecutive packets! Is syncmode disabled?
{Mon 01:02:09 Step:4794} Server_Comm.py: The agent lost 1 packet! Is syncmode enabled?
{Mon 01:02:09 Step:4796} Server_Comm.py: The agent lost 1 packet! Is syncmode enabled?
{Mon 01:02:09 Step:4800} Server_Comm.py: The agent lost 2 consecutive packets! Is syncmode disabled?
{Mon 01:02:09 Step:4802} Server_Comm.py: The agent lost 1 packet! Is syncmode enabled?
{Mon 01:02:09 Step:4804} Server_Comm.py: The agent lost 1 packet! Is syncmode enabled?
{Mon 01:02:09 Step:4808} Server_Comm.py: The agent lost 2 consecutive packets! Is syncmode disabled?
{Mon 01:02:09 Step:4812} Server_Comm.py: The agent lost 2 consecutive packets! Is syncmode disabled?
{Mon 01:02:09 Step:4815} Server_Comm.py: The agent lost 2 consecutive packets! Is syncmode disabled?
{Mon 01:02:09 Step:4826} Server_Comm.py: The agent lost 10 consecutive packets! Is syncmode disabled?
{Mon 01:02:09 Step:4834} Server_Comm.py: The agent lost 7 consecutive packets! Is syncmode disabled?
{Mon 01:02:09 Step:4839} Server_Comm.py: The agent lost 4 consecutive packets! Is syncmode disabled?
{Mon 01:02:09 Step:4841} Server_Comm.py: The agent lost 1 packet! Is syncmode enabled?
{Mon 01:02:09 Step:4843} Server_Comm.py: The agent lost 1 packet! Is syncmode enabled?
{Mon 01:02:09 Step:4845} Server_Comm.py: The agent lost 1 packet! Is syncmode enabled?
{Mon 01:02:09 Step:4848} Server_Comm.py: The agent lost 2 consecutive packets! Is syncmode disabled?
{Mon 01:02:09 Step:4851} Server_Comm.py: The agent lost 2 consecutive packets! Is syncmode disabled?
{Mon 01:02:09 Step:4853} Server_Comm.py: The agent lost 1 packet! Is syncmode enabled?
{Mon 01:02:09 Step:4857} Server_Comm.py: The agent lost 1 packet! Is syncmode enabled?
{Mon 01:02:09 Step:4859} Server_Comm.py: The agent lost 1 packet! Is syncmode enabled?
{Mon 01:02:09 Step:4863} Server_Comm.py: The agent lost 3 consecutive packets! Is syncmode disabled?
{Mon 01:02:09 Step:4866} Server_Comm.py: The agent lost 2 consecutive packets! Is syncmode disabled?
{Mon 01:02:09 Step:4872} Server_Comm.py: The agent lost 1 packet! Is syncmode enabled?
{Mon 01:02:09 Step:4888} Server_Comm.py: The agent lost 1 packet! Is syncmode enabled?
{Mon 01:02:09 Step:4891} Server_Comm.py: The agent lost 2 consecutive packets! Is syncmode disabled?
{Mon 01:02:09 Step:4894} Server_Comm.py: The agent lost 2 consecutive packets! Is syncmode disabled?
{Mon 01:02:09 Step:4897} Server_Comm.py: The agent lost 2 consecutive packets! Is syncmode disabled?
{Mon 01:02:09 Step:4902} Server_Comm.py: The agent lost 1 packet! Is syncmode enabled?
{Mon 01:02:09 Step:4906} Server_Comm.py: The agent lost 2 consecutive packets! Is syncmode disabled?
{Mon 01:02:09 Step:4908} Server_Comm.py: The agent lost 1 packet! Is syncmode enabled?
{Mon 01:02:09 Step:4910} Server_Comm.py: The agent lost 1 packet! Is syncmode enabled?
{Mon 01:02:09 Step:4913} Server_Comm.py: The agent lost 2 consecutive packets! Is syncmode disabled?
{Mon 01:02:09 Step:4916} Server_Comm.py: The agent lost 2 consecutive packets! Is syncmode disabled?
{Mon 01:02:09 Step:4918} Server_Comm.py: The agent lost 1 packet! Is syncmode enabled?
{Mon 01:02:09 Step:4921} Server_Comm.py: The agent lost 2 consecutive packets! Is syncmode disabled?
{Mon 01:02:09 Step:4924} Server_Comm.py: The agent lost 2 consecutive packets! Is syncmode disabled?
{Mon 01:02:09 Step:4926} Server_Comm.py: The agent lost 1 packet! Is syncmode enabled?
{Mon 01:02:09 Step:4930} Server_Comm.py: The agent lost 2 consecutive packets! Is syncmode disabled?
{Mon 01:02:09 Step:4932} Server_Comm.py: The agent lost 1 packet! Is syncmode enabled?
{Mon 01:02:09 Step:4934} Server_Comm.py: The agent lost 1 packet! Is syncmode enabled?
{Mon 01:02:09 Step:4937} Server_Comm.py: The agent lost 2 consecutive packets! Is syncmode disabled?
{Mon 01:02:09 Step:4939} Server_Comm.py: The agent lost 1 packet! Is syncmode enabled?
{Mon 01:02:09 Step:4942} Server_Comm.py: The agent lost 2 consecutive packets! Is syncmode disabled?
{Mon 01:02:09 Step:4945} Server_Comm.py: The agent lost 2 consecutive packets! Is syncmode disabled?
{Mon 01:02:09 Step:4947} Server_Comm.py: The agent lost 1 packet! Is syncmode enabled?
{Mon 01:02:09 Step:4949} Server_Comm.py: The agent lost 1 packet! Is syncmode enabled?
{Mon 01:02:09 Step:4952} Server_Comm.py: The agent lost 2 consecutive packets! Is syncmode disabled?
{Mon 01:02:09 Step:4954} Server_Comm.py: The agent lost 1 packet! Is syncmode enabled?
{Mon 01:02:09 Step:4957} Server_Comm.py: The agent lost 2 consecutive packets! Is syncmode disabled?
{Mon 01:02:09 Step:4959} Server_Comm.py: The agent lost 1 packet! Is syncmode enabled?
{Mon 01:02:09 Step:4961} Server_Comm.py: The agent lost 1 packet! Is syncmode enabled?
{Mon 01:02:09 Step:4963} Server_Comm.py: The agent lost 1 packet! Is syncmode enabled?
{Mon 01:02:09 Step:4966} Server_Comm.py: The agent lost 1 packet! Is syncmode enabled?
{Mon 01:02:09 Step:4968} Server_Comm.py: The agent lost 1 packet! Is syncmode enabled?
{Mon 01:02:09 Step:4971} Server_Comm.py: The agent lost 2 consecutive packets! Is syncmode disabled?
{Mon 01:02:09 Step:4976} Server_Comm.py: The agent lost 4 consecutive packets! Is syncmode disabled?
{Mon 01:02:09 Step:4980} Server_Comm.py: The agent lost 3 consecutive packets! Is syncmode disabled?
{Mon 01:02:09 Step:4984} Server_Comm.py: The agent lost 3 consecutive packets! Is syncmode disabled?
{Mon 01:02:09 Step:4988} Server_Comm.py: The agent lost 3 consecutive packets! Is syncmode disabled?
{Mon 01:02:09 Step:4997} Server_Comm.py: The agent lost 8 consecutive packets! Is syncmode disabled?
{Mon 01:02:09 Step:5009} Server_Comm.py: The agent lost 11 consecutive packets! Is syncmode disabled?
{Mon 01:02:09 Step:5021} Server_Comm.py: The agent lost 11 consecutive packets! Is syncmode disabled?
{Mon 01:02:09 Step:5030} Server_Comm.py: The agent lost 8 consecutive packets! Is syncmode disabled?
{Mon 01:02:09 Step:5034} Server_Comm.py: The agent lost 3 consecutive packets! Is syncmode disabled?
{Mon 01:02:09 Step:5037} Server_Comm.py: The agent lost 2 consecutive packets! Is syncmode disabled?
{Mon 01:02:09 Step:5041} Server_Comm.py: The agent lost 3 consecutive packets! Is syncmode disabled?
{Mon 01:02:09 Step:5046} Server_Comm.py: The agent lost 4 consecutive packets! Is syncmode disabled?
{Mon 01:02:09 Step:5048} Server_Comm.py: The agent lost 1 packet! Is syncmode enabled?
{Mon 01:02:09 Step:5050} Server_Comm.py: The agent lost 1 packet! Is syncmode enabled?
{Mon 01:02:09 Step:5053} Server_Comm.py: The agent lost 2 consecutive packets! Is syncmode disabled?
{Mon 01:02:09 Step:5057} Server_Comm.py: The agent lost 3 consecutive packets! Is syncmode disabled?
{Mon 01:02:09 Step:5061} Server_Comm.py: The agent lost 3 consecutive packets! Is syncmode disabled?
{Mon 01:02:09 Step:5066} Server_Comm.py: The agent lost 4 consecutive packets! Is syncmode disabled?
{Mon 01:02:09 Step:5068} Server_Comm.py: The agent lost 1 packet! Is syncmode enabled?
{Mon 01:02:09 Step:5070} Server_Comm.py: The agent lost 1 packet! Is syncmode enabled?
{Mon 01:02:09 Step:5075} Server_Comm.py: The agent lost 3 consecutive packets! Is syncmode disabled?
{Mon 01:02:09 Step:5078} Server_Comm.py: The agent lost 2 consecutive packets! Is syncmode disabled?
{Mon 01:02:09 Step:5081} Server_Comm.py: The agent lost 1 packet! Is syncmode enabled?
{Mon 01:02:09 Step:5084} Server_Comm.py: The agent lost 1 packet! Is syncmode enabled?
{Mon 01:02:09 Step:5099} Server_Comm.py: The agent lost 1 packet! Is syncmode enabled?
{Mon 01:02:09 Step:5116} Server_Comm.py: The agent lost 1 packet! Is syncmode enabled?
{Mon 01:02:09 Step:5126} Server_Comm.py: The agent lost 1 packet! Is syncmode enabled?
{Mon 01:02:09 Step:5137} Server_Comm.py: The agent lost 1 packet! Is syncmode enabled?
{Mon 01:02:09 Step:5139} Server_Comm.py: The agent lost 1 packet! Is syncmode enabled?
{Mon 01:02:09 Step:5144} Server_Comm.py: The agent lost 1 packet! Is syncmode enabled?
{Mon 01:02:09 Step:5158} Server_Comm.py: The agent lost 2 consecutive packets! Is syncmode disabled?
{Mon 01:02:09 Step:5170} Server_Comm.py: The agent lost 10 consecutive packets! Is syncmode disabled?
{Mon 01:02:09 Step:5176} Server_Comm.py: The agent lost 5 consecutive packets! Is syncmode disabled?
{Mon 01:02:09 Step:5179} Server_Comm.py: The agent lost 2 consecutive packets! Is syncmode disabled?
{Mon 01:02:09 Step:5183} Server_Comm.py: The agent lost 3 consecutive packets! Is syncmode disabled?
{Mon 01:02:09 Step:5187} Server_Comm.py: The agent lost 3 consecutive packets! Is syncmode disabled?
{Mon 01:02:09 Step:5190} Server_Comm.py: The agent lost 2 consecutive packets! Is syncmode disabled?
{Mon 01:02:09 Step:5192} Server_Comm.py: The agent lost 1 packet! Is syncmode enabled?
{Mon 01:02:09 Step:5194} Server_Comm.py: The agent lost 1 packet! Is syncmode enabled?
{Mon 01:02:09 Step:5196} Server_Comm.py: The agent lost 1 packet! Is syncmode enabled?
{Mon 01:02:09 Step:5200} Server_Comm.py: The agent lost 2 consecutive packets! Is syncmode disabled?
{Mon 01:02:09 Step:5202} Server_Comm.py: The agent lost 1 packet! Is syncmode enabled?
{Mon 01:02:09 Step:5204} Server_Comm.py: The agent lost 1 packet! Is syncmode enabled?
{Mon 01:02:09 Step:5206} Server_Comm.py: The agent lost 1 packet! Is syncmode enabled?
{Mon 01:02:09 Step:5208} Server_Comm.py: The agent lost 1 packet! Is syncmode enabled?
{Mon 01:02:09 Step:5228} Server_Comm.py: The agent lost 1 packet! Is syncmode enabled?
{Mon 01:02:09 Step:5256} Server_Comm.py: The agent lost 1 packet! Is syncmode enabled?
{Mon 01:02:09 Step:5268} Server_Comm.py: The agent lost 1 packet! Is syncmode enabled?
{Mon 01:02:09 Step:5284} Server_Comm.py: The agent lost 1 packet! Is syncmode enabled?
{Mon 01:02:09 Step:5288} Server_Comm.py: The agent lost 2 consecutive packets! Is syncmode disabled?
{Mon 01:02:09 Step:5294} Server_Comm.py: The agent lost 5 consecutive packets! Is syncmode disabled?
{Mon 01:02:09 Step:5300} Server_Comm.py: The agent lost 5 consecutive packets! Is syncmode disabled?
{Mon 01:02:09 Step:5306} Server_Comm.py: The agent lost 5 consecutive packets! Is syncmode disabled?
{Mon 01:02:09 Step:5312} Server_Comm.py: The agent lost 5 consecutive packets! Is syncmode disabled?
{Mon 01:02:09 Step:5318} Server_Comm.py: The agent lost 5 consecutive packets! Is syncmode disabled?
{Mon 01:02:09 Step:5323} Server_Comm.py: The agent lost 4 consecutive packets! Is syncmode disabled?
{Mon 01:02:09 Step:5328} Server_Comm.py: The agent lost 4 consecutive packets! Is syncmode disabled?
{Mon 01:02:09 Step:5330} Server_Comm.py: The agent lost 1 packet! Is syncmode enabled?
{Mon 01:02:09 Step:5332} Server_Comm.py: The agent lost 1 packet! Is syncmode enabled?
{Mon 01:02:09 Step:5334} Server_Comm.py: The agent lost 1 packet! Is syncmode enabled?
{Mon 01:02:09 Step:5336} Server_Comm.py: The agent lost 1 packet! Is syncmode enabled?
{Mon 01:02:09 Step:5352} Server_Comm.py: The agent lost 15 consecutive packets! Is syncmode disabled?
{Mon 01:02:09 Step:5357} Server_Comm.py: The agent lost 4 consecutive packets! Is syncmode disabled?
{Mon 01:02:09 Step:5359} Server_Comm.py: The agent lost 1 packet! Is syncmode enabled?
{Mon 01:02:09 Step:5362} Server_Comm.py: The agent lost 2 consecutive packets! Is syncmode disabled?
{Mon 01:02:09 Step:5364} Server_Comm.py: The agent lost 1 packet! Is syncmode enabled?
{Mon 01:02:09 Step:5368} Server_Comm.py: The agent lost 1 packet! Is syncmode enabled?
{Mon 01:02:09 Step:5371} Server_Comm.py: The agent lost 2 consecutive packets! Is syncmode disabled?
{Mon 01:02:09 Step:5374} Server_Comm.py: The agent lost 2 consecutive packets! Is syncmode disabled?
{Mon 01:02:09 Step:5374} Server_Comm.py: Received a new packet while thinking!
