{Mon 01:04:20 Step:2} Server_Comm.py: The agent lost 1 packet! Is syncmode enabled?
{Mon 01:04:20 Step:2} Server_Comm.py: Received a new packet while on world.update()!
{Mon 01:04:20 Step:14} Server_Comm.py: The agent lost 11 consecutive packets! Is syncmode disabled?
{Mon 01:04:20 Step:14} Server_Comm.py: Received a new packet while on world.update()!
{Mon 01:04:20 Step:17} Server_Comm.py: The agent lost 2 consecutive packets! Is syncmode disabled?
{Mon 01:04:20 Step:17} Server_Comm.py: Received a new packet while on world.update()!
{Mon 01:04:20 Step:19} Server_Comm.py: The agent lost 1 packet! Is syncmode enabled?
{Mon 01:04:20 Step:19} Server_Comm.py: Received a new packet while on world.update()!
{Mon 01:04:20 Step:21} Server_Comm.py: The agent lost 1 packet! Is syncmode enabled?
{Mon 01:04:20 Step:21} Server_Comm.py: Received a new packet while on world.update()!
{Mon 01:04:20 Step:25} Server_Comm.py: The agent lost 3 consecutive packets! Is syncmode disabled?
{Mon 01:04:20 Step:25} Server_Comm.py: Received a new packet while on world.update()!
{Mon 01:04:20 Step:29} Server_Comm.py: The agent lost 3 consecutive packets! Is syncmode disabled?
{Mon 01:04:20 Step:29} Server_Comm.py: Received a new packet while on world.update()!
{Mon 01:04:20 Step:34} Server_Comm.py: The agent lost 4 consecutive packets! Is syncmode disabled?
{Mon 01:04:20 Step:34} Server_Comm.py: Received a new packet while on world.update()!
{Mon 01:04:20 Step:36} Server_Comm.py: The agent lost 1 packet! Is syncmode enabled?
{Mon 01:04:20 Step:36} Server_Comm.py: Received a new packet while on world.update()!
{Mon 01:04:20 Step:38} Server_Comm.py: The agent lost 1 packet! Is syncmode enabled?
{Mon 01:04:20 Step:38} Server_Comm.py: Received a new packet while on world.update()!
{Mon 01:04:20 Step:40} Server_Comm.py: The agent lost 1 packet! Is syncmode enabled?
{Mon 01:04:20 Step:40} Server_Comm.py: Received a new packet while on world.update()!
{Mon 01:04:20 Step:41} Server_Comm.py: Received a new packet while on world.update()!
{Mon 01:04:20 Step:46} Server_Comm.py: The agent lost 4 consecutive packets! Is syncmode disabled?
{Mon 01:04:20 Step:46} Server_Comm.py: Received a new packet while on world.update()!
{Mon 01:04:20 Step:50} Server_Comm.py: The agent lost 3 consecutive packets! Is syncmode disabled?
{Mon 01:04:20 Step:51} Server_Comm.py: Received a new packet while on world.update()!
{Mon 01:04:20 Step:58} Server_Comm.py: The agent lost 5 consecutive packets! Is syncmode disabled?
{Mon 01:04:20 Step:64} Server_Comm.py: The agent lost 5 consecutive packets! Is syncmode disabled?
{Mon 01:04:20 Step:69} Server_Comm.py: The agent lost 4 consecutive packets! Is syncmode disabled?
{Mon 01:04:20 Step:91} Server_Comm.py: The agent lost 21 consecutive packets! Is syncmode disabled?
{Mon 01:04:20 Step:100} Server_Comm.py: The agent lost 8 consecutive packets! Is syncmode disabled?
{Mon 01:04:20 Step:102} Server_Comm.py: The agent lost 1 packet! Is syncmode enabled?
{Mon 01:04:20 Step:104} Server_Comm.py: The agent lost 1 packet! Is syncmode enabled?
{Mon 01:04:20 Step:107} Server_Comm.py: The agent lost 1 packet! Is syncmode enabled?
{Mon 01:04:20 Step:119} Server_Comm.py: The agent lost 11 consecutive packets! Is syncmode disabled?
{Mon 01:04:20 Step:125} Server_Comm.py: The agent lost 5 consecutive packets! Is syncmode disabled?
{Mon 01:04:20 Step:128} Server_Comm.py: The agent lost 2 consecutive packets! Is syncmode disabled?
{Mon 01:04:20 Step:130} Server_Comm.py: The agent lost 1 packet! Is syncmode enabled?
{Mon 01:04:20 Step:134} Server_Comm.py: The agent lost 2 consecutive packets! Is syncmode disabled?
{Mon 01:04:20 Step:136} Server_Comm.py: The agent lost 1 packet! Is syncmode enabled?
{Mon 01:04:20 Step:138} Server_Comm.py: The agent lost 1 packet! Is syncmode enabled?
{Mon 01:04:20 Step:140} Server_Comm.py: The agent lost 1 packet! Is syncmode enabled?
{Mon 01:04:20 Step:142} Server_Comm.py: The agent lost 1 packet! Is syncmode enabled?
{Mon 01:04:20 Step:145} Server_Comm.py: The agent lost 1 packet! Is syncmode enabled?
{Mon 01:04:20 Step:148} Server_Comm.py: The agent lost 2 consecutive packets! Is syncmode disabled?
{Mon 01:04:20 Step:150} Server_Comm.py: The agent lost 1 packet! Is syncmode enabled?
{Mon 01:04:20 Step:152} Server_Comm.py: The agent lost 1 packet! Is syncmode enabled?
{Mon 01:04:20 Step:158} Server_Comm.py: The agent lost 2 consecutive packets! Is syncmode disabled?
{Mon 01:04:20 Step:162} Server_Comm.py: The agent lost 2 consecutive packets! Is syncmode disabled?
{Mon 01:04:20 Step:166} Server_Comm.py: The agent lost 2 consecutive packets! Is syncmode disabled?
{Mon 01:04:20 Step:168} Server_Comm.py: The agent lost 1 packet! Is syncmode enabled?
{Mon 01:04:20 Step:172} Server_Comm.py: The agent lost 2 consecutive packets! Is syncmode disabled?
{Mon 01:04:20 Step:174} Server_Comm.py: The agent lost 1 packet! Is syncmode enabled?
{Mon 01:04:20 Step:177} Server_Comm.py: The agent lost 1 packet! Is syncmode enabled?
{Mon 01:04:20 Step:179} Server_Comm.py: The agent lost 1 packet! Is syncmode enabled?
{Mon 01:04:20 Step:182} Server_Comm.py: The agent lost 2 consecutive packets! Is syncmode disabled?
{Mon 01:04:20 Step:184} Server_Comm.py: The agent lost 1 packet! Is syncmode enabled?
{Mon 01:04:20 Step:188} Server_Comm.py: The agent lost 2 consecutive packets! Is syncmode disabled?
{Mon 01:04:20 Step:190} Server_Comm.py: The agent lost 1 packet! Is syncmode enabled?
{Mon 01:04:20 Step:192} Server_Comm.py: The agent lost 1 packet! Is syncmode enabled?
{Mon 01:04:20 Step:196} Server_Comm.py: The agent lost 2 consecutive packets! Is syncmode disabled?
{Mon 01:04:20 Step:200} Server_Comm.py: The agent lost 2 consecutive packets! Is syncmode disabled?
{Mon 01:04:20 Step:224} Server_Comm.py: The agent lost 1 packet! Is syncmode enabled?
{Mon 01:04:20 Step:226} Server_Comm.py: The agent lost 1 packet! Is syncmode enabled?
{Mon 01:04:20 Step:232} Server_Comm.py: The agent lost 1 packet! Is syncmode enabled?
{Mon 01:04:20 Step:253} Server_Comm.py: The agent lost 3 consecutive packets! Is syncmode disabled?
{Mon 01:04:20 Step:260} Server_Comm.py: The agent lost 6 consecutive packets! Is syncmode disabled?
{Mon 01:04:20 Step:266} Server_Comm.py: The agent lost 5 consecutive packets! Is syncmode disabled?
{Mon 01:04:20 Step:266} Server_Comm.py: Received a new packet while thinking!
{Mon 01:04:20 Step:374} Server_Comm.py: The agent lost 107 consecutive packets! Is syncmode disabled?
{Mon 01:04:20 Step:392} Server_Comm.py: The agent lost 17 consecutive packets! Is syncmode disabled?
{Mon 01:04:20 Step:398} Server_Comm.py: The agent lost 5 consecutive packets! Is syncmode disabled?
{Mon 01:04:20 Step:400} Server_Comm.py: The agent lost 1 packet! Is syncmode enabled?
{Mon 01:04:20 Step:402} Server_Comm.py: The agent lost 1 packet! Is syncmode enabled?
{Mon 01:04:20 Step:406} Server_Comm.py: The agent lost 2 consecutive packets! Is syncmode disabled?
{Mon 01:04:20 Step:408} Server_Comm.py: The agent lost 1 packet! Is syncmode enabled?
{Mon 01:04:20 Step:411} Server_Comm.py: The agent lost 1 packet! Is syncmode enabled?
{Mon 01:04:20 Step:413} Server_Comm.py: The agent lost 1 packet! Is syncmode enabled?
{Mon 01:04:20 Step:416} Server_Comm.py: The agent lost 2 consecutive packets! Is syncmode disabled?
{Mon 01:04:20 Step:423} Server_Comm.py: The agent lost 6 consecutive packets! Is syncmode disabled?
{Mon 01:04:20 Step:428} Server_Comm.py: The agent lost 4 consecutive packets! Is syncmode disabled?
{Mon 01:04:20 Step:430} Server_Comm.py: The agent lost 1 packet! Is syncmode enabled?
{Mon 01:04:20 Step:432} Server_Comm.py: The agent lost 1 packet! Is syncmode enabled?
{Mon 01:04:20 Step:434} Server_Comm.py: The agent lost 1 packet! Is syncmode enabled?
{Mon 01:04:20 Step:438} Server_Comm.py: The agent lost 2 consecutive packets! Is syncmode disabled?
{Mon 01:04:20 Step:440} Server_Comm.py: The agent lost 1 packet! Is syncmode enabled?
{Mon 01:04:20 Step:443} Server_Comm.py: The agent lost 1 packet! Is syncmode enabled?
{Mon 01:04:20 Step:447} Server_Comm.py: The agent lost 3 consecutive packets! Is syncmode disabled?
{Mon 01:04:20 Step:449} Server_Comm.py: The agent lost 1 packet! Is syncmode enabled?
{Mon 01:04:20 Step:504} Server_Comm.py: The agent lost 2 consecutive packets! Is syncmode disabled?
{Mon 01:04:20 Step:507} Server_Comm.py: The agent lost 2 consecutive packets! Is syncmode disabled?
{Mon 01:04:20 Step:531} Server_Comm.py: The agent lost 1 packet! Is syncmode enabled?
{Mon 01:04:20 Step:533} Server_Comm.py: The agent lost 1 packet! Is syncmode enabled?
{Mon 01:04:20 Step:535} Server_Comm.py: The agent lost 1 packet! Is syncmode enabled?
{Mon 01:04:20 Step:540} Server_Comm.py: The agent lost 4 consecutive packets! Is syncmode disabled?
{Mon 01:04:20 Step:543} Server_Comm.py: The agent lost 2 consecutive packets! Is syncmode disabled?
{Mon 01:04:20 Step:546} Server_Comm.py: The agent lost 2 consecutive packets! Is syncmode disabled?
{Mon 01:04:20 Step:548} Server_Comm.py: The agent lost 1 packet! Is syncmode enabled?
{Mon 01:04:20 Step:552} Server_Comm.py: The agent lost 2 consecutive packets! Is syncmode disabled?
{Mon 01:04:20 Step:554} Server_Comm.py: The agent lost 1 packet! Is syncmode enabled?
{Mon 01:04:20 Step:558} Server_Comm.py: The agent lost 2 consecutive packets! Is syncmode disabled?
{Mon 01:04:20 Step:561} Server_Comm.py: The agent lost 1 packet! Is syncmode enabled?
{Mon 01:04:20 Step:566} Server_Comm.py: The agent lost 2 consecutive packets! Is syncmode disabled?
{Mon 01:04:20 Step:569} Server_Comm.py: The agent lost 1 packet! Is syncmode enabled?
{Mon 01:04:20 Step:572} Server_Comm.py: The agent lost 2 consecutive packets! Is syncmode disabled?
{Mon 01:04:20 Step:576} Server_Comm.py: The agent lost 2 consecutive packets! Is syncmode disabled?
{Mon 01:04:20 Step:578} Server_Comm.py: The agent lost 1 packet! Is syncmode enabled?
{Mon 01:04:20 Step:580} Server_Comm.py: The agent lost 1 packet! Is syncmode enabled?
{Mon 01:04:20 Step:584} Server_Comm.py: The agent lost 2 consecutive packets! Is syncmode disabled?
{Mon 01:04:20 Step:587} Server_Comm.py: The agent lost 1 packet! Is syncmode enabled?
{Mon 01:04:20 Step:591} Server_Comm.py: The agent lost 3 consecutive packets! Is syncmode disabled?
{Mon 01:04:20 Step:595} Server_Comm.py: The agent lost 3 consecutive packets! Is syncmode disabled?
{Mon 01:04:20 Step:600} Server_Comm.py: The agent lost 2 consecutive packets! Is syncmode disabled?
{Mon 01:04:20 Step:602} Server_Comm.py: The agent lost 1 packet! Is syncmode enabled?
{Mon 01:04:20 Step:646} Server_Comm.py: The agent lost 1 packet! Is syncmode enabled?
{Mon 01:04:20 Step:658} Server_Comm.py: The agent lost 1 packet! Is syncmode enabled?
{Mon 01:04:20 Step:663} Server_Comm.py: The agent lost 1 packet! Is syncmode enabled?
{Mon 01:04:20 Step:665} Server_Comm.py: The agent lost 1 packet! Is syncmode enabled?
{Mon 01:04:20 Step:668} Server_Comm.py: The agent lost 2 consecutive packets! Is syncmode disabled?
{Mon 01:04:20 Step:670} Server_Comm.py: The agent lost 1 packet! Is syncmode enabled?
{Mon 01:04:20 Step:694} Server_Comm.py: The agent lost 22 consecutive packets! Is syncmode disabled?
{Mon 01:04:20 Step:701} Server_Comm.py: The agent lost 6 consecutive packets! Is syncmode disabled?
{Mon 01:04:20 Step:704} Server_Comm.py: The agent lost 2 consecutive packets! Is syncmode disabled?
{Mon 01:04:20 Step:706} Server_Comm.py: The agent lost 1 packet! Is syncmode enabled?
{Mon 01:04:20 Step:710} Server_Comm.py: The agent lost 2 consecutive packets! Is syncmode disabled?
{Mon 01:04:20 Step:714} Server_Comm.py: The agent lost 2 consecutive packets! Is syncmode disabled?
{Mon 01:04:20 Step:717} Server_Comm.py: The agent lost 1 packet! Is syncmode enabled?
{Mon 01:04:20 Step:718} Server_Comm.py: Received a new packet while thinking!
{Mon 01:04:20 Step:843} Server_Comm.py: The agent lost 124 consecutive packets! Is syncmode disabled?
{Mon 01:04:20 Step:851} Server_Comm.py: The agent lost 7 consecutive packets! Is syncmode disabled?
{Mon 01:04:20 Step:854} Server_Comm.py: The agent lost 2 consecutive packets! Is syncmode disabled?
{Mon 01:04:20 Step:857} Server_Comm.py: The agent lost 1 packet! Is syncmode enabled?
{Mon 01:04:20 Step:859} Server_Comm.py: The agent lost 1 packet! Is syncmode enabled?
{Mon 01:04:20 Step:861} Server_Comm.py: The agent lost 1 packet! Is syncmode enabled?
{Mon 01:04:20 Step:863} Server_Comm.py: The agent lost 1 packet! Is syncmode enabled?
{Mon 01:04:20 Step:869} Server_Comm.py: The agent lost 1 packet! Is syncmode enabled?
{Mon 01:04:20 Step:874} Server_Comm.py: The agent lost 1 packet! Is syncmode enabled?
{Mon 01:04:20 Step:918} Server_Comm.py: The agent lost 1 packet! Is syncmode enabled?
{Mon 01:04:20 Step:921} Server_Comm.py: The agent lost 1 packet! Is syncmode enabled?
{Mon 01:04:20 Step:924} Server_Comm.py: The agent lost 1 packet! Is syncmode enabled?
{Mon 01:04:20 Step:948} Server_Comm.py: The agent lost 1 packet! Is syncmode enabled?
{Mon 01:04:20 Step:952} Server_Comm.py: The agent lost 2 consecutive packets! Is syncmode disabled?
{Mon 01:04:20 Step:958} Server_Comm.py: The agent lost 5 consecutive packets! Is syncmode disabled?
{Mon 01:04:20 Step:964} Server_Comm.py: The agent lost 5 consecutive packets! Is syncmode disabled?
{Mon 01:04:20 Step:966} Server_Comm.py: The agent lost 1 packet! Is syncmode enabled?
{Mon 01:04:20 Step:968} Server_Comm.py: The agent lost 1 packet! Is syncmode enabled?
{Mon 01:04:20 Step:970} Server_Comm.py: The agent lost 1 packet! Is syncmode enabled?
{Mon 01:04:20 Step:974} Server_Comm.py: The agent lost 2 consecutive packets! Is syncmode disabled?
{Mon 01:04:20 Step:976} Server_Comm.py: The agent lost 1 packet! Is syncmode enabled?
{Mon 01:04:20 Step:980} Server_Comm.py: The agent lost 2 consecutive packets! Is syncmode disabled?
{Mon 01:04:20 Step:984} Server_Comm.py: The agent lost 2 consecutive packets! Is syncmode disabled?
{Mon 01:04:20 Step:984} Server_Comm.py: Received a new packet while thinking!
{Mon 01:04:20 Step:1132} Server_Comm.py: The agent lost 147 consecutive packets! Is syncmode disabled?
{Mon 01:04:20 Step:1140} Server_Comm.py: The agent lost 7 consecutive packets! Is syncmode disabled?
{Mon 01:04:20 Step:1142} Server_Comm.py: The agent lost 1 packet! Is syncmode enabled?
{Mon 01:04:20 Step:1150} Server_Comm.py: The agent lost 1 packet! Is syncmode enabled?
{Mon 01:04:20 Step:1154} Server_Comm.py: The agent lost 1 packet! Is syncmode enabled?
{Mon 01:04:20 Step:1156} Server_Comm.py: The agent lost 1 packet! Is syncmode enabled?
{Mon 01:04:20 Step:1161} Server_Comm.py: The agent lost 1 packet! Is syncmode enabled?
{Mon 01:04:20 Step:1165} Server_Comm.py: The agent lost 1 packet! Is syncmode enabled?
{Mon 01:04:20 Step:1167} Server_Comm.py: The agent lost 1 packet! Is syncmode enabled?
{Mon 01:04:20 Step:1170} Server_Comm.py: The agent lost 1 packet! Is syncmode enabled?
{Mon 01:04:20 Step:1189} Server_Comm.py: The agent lost 1 packet! Is syncmode enabled?
{Mon 01:04:21 Step:1191} Server_Comm.py: The agent lost 1 packet! Is syncmode enabled?
{Mon 01:04:21 Step:1194} Server_Comm.py: The agent lost 2 consecutive packets! Is syncmode disabled?
{Mon 01:04:21 Step:1196} Server_Comm.py: The agent lost 1 packet! Is syncmode enabled?
{Mon 01:04:21 Step:1205} Server_Comm.py: The agent lost 1 packet! Is syncmode enabled?
{Mon 01:04:21 Step:1207} Server_Comm.py: The agent lost 1 packet! Is syncmode enabled?
{Mon 01:04:21 Step:1211} Server_Comm.py: The agent lost 1 packet! Is syncmode enabled?
{Mon 01:04:21 Step:1215} Server_Comm.py: The agent lost 1 packet! Is syncmode enabled?
{Mon 01:04:21 Step:1217} Server_Comm.py: The agent lost 1 packet! Is syncmode enabled?
{Mon 01:04:21 Step:1221} Server_Comm.py: The agent lost 1 packet! Is syncmode enabled?
{Mon 01:04:21 Step:1227} Server_Comm.py: The agent lost 1 packet! Is syncmode enabled?
{Mon 01:04:21 Step:1229} Server_Comm.py: The agent lost 1 packet! Is syncmode enabled?
{Mon 01:04:21 Step:1232} Server_Comm.py: The agent lost 2 consecutive packets! Is syncmode disabled?
{Mon 01:04:21 Step:1234} Server_Comm.py: The agent lost 1 packet! Is syncmode enabled?
{Mon 01:04:21 Step:1236} Server_Comm.py: The agent lost 1 packet! Is syncmode enabled?
{Mon 01:04:21 Step:1239} Server_Comm.py: The agent lost 1 packet! Is syncmode enabled?
{Mon 01:04:21 Step:1243} Server_Comm.py: The agent lost 1 packet! Is syncmode enabled?
{Mon 01:04:21 Step:1246} Server_Comm.py: The agent lost 2 consecutive packets! Is syncmode disabled?
{Mon 01:04:21 Step:1248} Server_Comm.py: The agent lost 1 packet! Is syncmode enabled?
{Mon 01:04:21 Step:1251} Server_Comm.py: The agent lost 1 packet! Is syncmode enabled?
{Mon 01:04:21 Step:1253} Server_Comm.py: The agent lost 1 packet! Is syncmode enabled?
{Mon 01:04:21 Step:1255} Server_Comm.py: The agent lost 1 packet! Is syncmode enabled?
{Mon 01:04:21 Step:1258} Server_Comm.py: The agent lost 2 consecutive packets! Is syncmode disabled?
{Mon 01:04:21 Step:1260} Server_Comm.py: The agent lost 1 packet! Is syncmode enabled?
{Mon 01:04:21 Step:1262} Server_Comm.py: The agent lost 1 packet! Is syncmode enabled?
{Mon 01:04:21 Step:1265} Server_Comm.py: The agent lost 1 packet! Is syncmode enabled?
{Mon 01:04:21 Step:1274} Server_Comm.py: The agent lost 8 consecutive packets! Is syncmode disabled?
{Mon 01:04:21 Step:1278} Server_Comm.py: The agent lost 3 consecutive packets! Is syncmode disabled?
{Mon 01:04:21 Step:1280} Server_Comm.py: The agent lost 1 packet! Is syncmode enabled?
{Mon 01:04:21 Step:1284} Server_Comm.py: The agent lost 2 consecutive packets! Is syncmode disabled?
{Mon 01:04:21 Step:1287} Server_Comm.py: The agent lost 1 packet! Is syncmode enabled?
{Mon 01:04:21 Step:1290} Server_Comm.py: The agent lost 2 consecutive packets! Is syncmode disabled?
{Mon 01:04:21 Step:1292} Server_Comm.py: The agent lost 1 packet! Is syncmode enabled?
{Mon 01:04:21 Step:1294} Server_Comm.py: The agent lost 1 packet! Is syncmode enabled?
{Mon 01:04:21 Step:1330} Server_Comm.py: The agent lost 1 packet! Is syncmode enabled?
{Mon 01:04:21 Step:1336} Server_Comm.py: The agent lost 1 packet! Is syncmode enabled?
{Mon 01:04:21 Step:1352} Server_Comm.py: The agent lost 1 packet! Is syncmode enabled?
{Mon 01:04:21 Step:1361} Server_Comm.py: The agent lost 1 packet! Is syncmode enabled?
{Mon 01:04:21 Step:1379} Server_Comm.py: The agent lost 1 packet! Is syncmode enabled?
{Mon 01:04:21 Step:1382} Server_Comm.py: The agent lost 2 consecutive packets! Is syncmode disabled?
{Mon 01:04:21 Step:1384} Server_Comm.py: The agent lost 1 packet! Is syncmode enabled?
{Mon 01:04:21 Step:1416} Server_Comm.py: The agent lost 31 consecutive packets! Is syncmode disabled?
{Mon 01:04:21 Step:1426} Server_Comm.py: The agent lost 9 consecutive packets! Is syncmode disabled?
{Mon 01:04:21 Step:1429} Server_Comm.py: The agent lost 2 consecutive packets! Is syncmode disabled?
{Mon 01:04:21 Step:1433} Server_Comm.py: The agent lost 3 consecutive packets! Is syncmode disabled?
{Mon 01:04:21 Step:1436} Server_Comm.py: The agent lost 2 consecutive packets! Is syncmode disabled?
{Mon 01:04:21 Step:1439} Server_Comm.py: The agent lost 1 packet! Is syncmode enabled?
{Mon 01:04:21 Step:1442} Server_Comm.py: The agent lost 2 consecutive packets! Is syncmode disabled?
{Mon 01:04:21 Step:1445} Server_Comm.py: The agent lost 1 packet! Is syncmode enabled?
{Mon 01:04:21 Step:1448} Server_Comm.py: The agent lost 2 consecutive packets! Is syncmode disabled?
{Mon 01:04:21 Step:1450} Server_Comm.py: The agent lost 1 packet! Is syncmode enabled?
{Mon 01:04:21 Step:1454} Server_Comm.py: The agent lost 2 consecutive packets! Is syncmode disabled?
{Mon 01:04:21 Step:1458} Server_Comm.py: The agent lost 2 consecutive packets! Is syncmode disabled?
{Mon 01:04:21 Step:1461} Server_Comm.py: The agent lost 1 packet! Is syncmode enabled?
{Mon 01:04:21 Step:1464} Server_Comm.py: The agent lost 2 consecutive packets! Is syncmode disabled?
{Mon 01:04:21 Step:1466} Server_Comm.py: The agent lost 1 packet! Is syncmode enabled?
{Mon 01:04:21 Step:1470} Server_Comm.py: The agent lost 2 consecutive packets! Is syncmode disabled?
{Mon 01:04:21 Step:1472} Server_Comm.py: The agent lost 1 packet! Is syncmode enabled?
{Mon 01:04:21 Step:1476} Server_Comm.py: The agent lost 2 consecutive packets! Is syncmode disabled?
{Mon 01:04:21 Step:1479} Server_Comm.py: The agent lost 1 packet! Is syncmode enabled?
{Mon 01:04:21 Step:1482} Server_Comm.py: The agent lost 2 consecutive packets! Is syncmode disabled?
{Mon 01:04:21 Step:1484} Server_Comm.py: The agent lost 1 packet! Is syncmode enabled?
{Mon 01:04:21 Step:1488} Server_Comm.py: The agent lost 2 consecutive packets! Is syncmode disabled?
{Mon 01:04:21 Step:1490} Server_Comm.py: The agent lost 1 packet! Is syncmode enabled?
{Mon 01:04:21 Step:1494} Server_Comm.py: The agent lost 2 consecutive packets! Is syncmode disabled?
{Mon 01:04:21 Step:1497} Server_Comm.py: The agent lost 1 packet! Is syncmode enabled?
{Mon 01:04:21 Step:1499} Server_Comm.py: The agent lost 1 packet! Is syncmode enabled?
{Mon 01:04:21 Step:1502} Server_Comm.py: The agent lost 2 consecutive packets! Is syncmode disabled?
{Mon 01:04:21 Step:1504} Server_Comm.py: The agent lost 1 packet! Is syncmode enabled?
{Mon 01:04:21 Step:1508} Server_Comm.py: The agent lost 2 consecutive packets! Is syncmode disabled?
{Mon 01:04:21 Step:1510} Server_Comm.py: The agent lost 1 packet! Is syncmode enabled?
{Mon 01:04:21 Step:1513} Server_Comm.py: The agent lost 1 packet! Is syncmode enabled?
{Mon 01:04:21 Step:1516} Server_Comm.py: The agent lost 2 consecutive packets! Is syncmode disabled?
{Mon 01:04:21 Step:1519} Server_Comm.py: The agent lost 1 packet! Is syncmode enabled?
{Mon 01:04:21 Step:1522} Server_Comm.py: The agent lost 2 consecutive packets! Is syncmode disabled?
{Mon 01:04:21 Step:1525} Server_Comm.py: The agent lost 1 packet! Is syncmode enabled?
{Mon 01:04:21 Step:1528} Server_Comm.py: The agent lost 2 consecutive packets! Is syncmode disabled?
{Mon 01:04:21 Step:1530} Server_Comm.py: The agent lost 1 packet! Is syncmode enabled?
{Mon 01:04:21 Step:1534} Server_Comm.py: The agent lost 2 consecutive packets! Is syncmode disabled?
{Mon 01:04:21 Step:1537} Server_Comm.py: The agent lost 1 packet! Is syncmode enabled?
{Mon 01:04:21 Step:1539} Server_Comm.py: The agent lost 1 packet! Is syncmode enabled?
{Mon 01:04:21 Step:1542} Server_Comm.py: The agent lost 2 consecutive packets! Is syncmode disabled?
{Mon 01:04:21 Step:1545} Server_Comm.py: The agent lost 1 packet! Is syncmode enabled?
{Mon 01:04:21 Step:1547} Server_Comm.py: The agent lost 1 packet! Is syncmode enabled?
{Mon 01:04:21 Step:1550} Server_Comm.py: The agent lost 2 consecutive packets! Is syncmode disabled?
{Mon 01:04:21 Step:1552} Server_Comm.py: The agent lost 1 packet! Is syncmode enabled?
{Mon 01:04:21 Step:1555} Server_Comm.py: The agent lost 1 packet! Is syncmode enabled?
{Mon 01:04:21 Step:1558} Server_Comm.py: The agent lost 2 consecutive packets! Is syncmode disabled?
{Mon 01:04:21 Step:1560} Server_Comm.py: The agent lost 1 packet! Is syncmode enabled?
{Mon 01:04:21 Step:1562} Server_Comm.py: The agent lost 1 packet! Is syncmode enabled?
{Mon 01:04:21 Step:1565} Server_Comm.py: The agent lost 1 packet! Is syncmode enabled?
{Mon 01:04:21 Step:1568} Server_Comm.py: The agent lost 2 consecutive packets! Is syncmode disabled?
{Mon 01:04:21 Step:1571} Server_Comm.py: The agent lost 1 packet! Is syncmode enabled?
{Mon 01:04:21 Step:1573} Server_Comm.py: The agent lost 1 packet! Is syncmode enabled?
{Mon 01:04:21 Step:1576} Server_Comm.py: The agent lost 2 consecutive packets! Is syncmode disabled?
{Mon 01:04:21 Step:1579} Server_Comm.py: The agent lost 1 packet! Is syncmode enabled?
{Mon 01:04:21 Step:1582} Server_Comm.py: The agent lost 2 consecutive packets! Is syncmode disabled?
{Mon 01:04:21 Step:1586} Server_Comm.py: The agent lost 1 packet! Is syncmode enabled?
{Mon 01:04:21 Step:1590} Server_Comm.py: The agent lost 2 consecutive packets! Is syncmode disabled?
{Mon 01:04:21 Step:1592} Server_Comm.py: The agent lost 1 packet! Is syncmode enabled?
{Mon 01:04:21 Step:1595} Server_Comm.py: The agent lost 1 packet! Is syncmode enabled?
{Mon 01:04:21 Step:1598} Server_Comm.py: The agent lost 2 consecutive packets! Is syncmode disabled?
{Mon 01:04:21 Step:1602} Server_Comm.py: The agent lost 2 consecutive packets! Is syncmode disabled?
{Mon 01:04:21 Step:1607} Server_Comm.py: The agent lost 4 consecutive packets! Is syncmode disabled?
{Mon 01:04:21 Step:1612} Server_Comm.py: The agent lost 4 consecutive packets! Is syncmode disabled?
{Mon 01:04:21 Step:1614} Server_Comm.py: The agent lost 1 packet! Is syncmode enabled?
{Mon 01:04:21 Step:1616} Server_Comm.py: The agent lost 1 packet! Is syncmode enabled?
{Mon 01:04:21 Step:1618} Server_Comm.py: The agent lost 1 packet! Is syncmode enabled?
{Mon 01:04:21 Step:1620} Server_Comm.py: The agent lost 1 packet! Is syncmode enabled?
{Mon 01:04:21 Step:1622} Server_Comm.py: The agent lost 1 packet! Is syncmode enabled?
{Mon 01:04:21 Step:1625} Server_Comm.py: The agent lost 1 packet! Is syncmode enabled?
{Mon 01:04:21 Step:1628} Server_Comm.py: The agent lost 2 consecutive packets! Is syncmode disabled?
{Mon 01:04:21 Step:1632} Server_Comm.py: The agent lost 2 consecutive packets! Is syncmode disabled?
{Mon 01:04:21 Step:1634} Server_Comm.py: The agent lost 1 packet! Is syncmode enabled?
{Mon 01:04:21 Step:1637} Server_Comm.py: The agent lost 1 packet! Is syncmode enabled?
{Mon 01:04:21 Step:1640} Server_Comm.py: The agent lost 2 consecutive packets! Is syncmode disabled?
{Mon 01:04:21 Step:1642} Server_Comm.py: The agent lost 1 packet! Is syncmode enabled?
{Mon 01:04:21 Step:1646} Server_Comm.py: The agent lost 2 consecutive packets! Is syncmode disabled?
{Mon 01:04:21 Step:1648} Server_Comm.py: The agent lost 1 packet! Is syncmode enabled?
{Mon 01:04:21 Step:1652} Server_Comm.py: The agent lost 2 consecutive packets! Is syncmode disabled?
{Mon 01:04:21 Step:1656} Server_Comm.py: The agent lost 2 consecutive packets! Is syncmode disabled?
{Mon 01:04:21 Step:1674} Server_Comm.py: The agent lost 1 packet! Is syncmode enabled?
{Mon 01:04:21 Step:1690} Server_Comm.py: The agent lost 3 consecutive packets! Is syncmode disabled?
{Mon 01:04:21 Step:1694} Server_Comm.py: The agent lost 1 packet! Is syncmode enabled?
{Mon 01:04:21 Step:1716} Server_Comm.py: The agent lost 1 packet! Is syncmode enabled?
{Mon 01:04:21 Step:1718} Server_Comm.py: The agent lost 1 packet! Is syncmode enabled?
{Mon 01:04:21 Step:1729} Server_Comm.py: The agent lost 1 packet! Is syncmode enabled?
{Mon 01:04:21 Step:1732} Server_Comm.py: The agent lost 2 consecutive packets! Is syncmode disabled?
{Mon 01:04:21 Step:1734} Server_Comm.py: The agent lost 1 packet! Is syncmode enabled?
{Mon 01:04:21 Step:1738} Server_Comm.py: The agent lost 3 consecutive packets! Is syncmode disabled?
{Mon 01:04:21 Step:1741} Server_Comm.py: The agent lost 2 consecutive packets! Is syncmode disabled?
{Mon 01:04:21 Step:1744} Server_Comm.py: The agent lost 2 consecutive packets! Is syncmode disabled?
{Mon 01:04:21 Step:1746} Server_Comm.py: The agent lost 1 packet! Is syncmode enabled?
{Mon 01:04:21 Step:1750} Server_Comm.py: The agent lost 2 consecutive packets! Is syncmode disabled?
{Mon 01:04:21 Step:1752} Server_Comm.py: The agent lost 1 packet! Is syncmode enabled?
{Mon 01:04:21 Step:1758} Server_Comm.py: The agent lost 2 consecutive packets! Is syncmode disabled?
{Mon 01:04:21 Step:1762} Server_Comm.py: The agent lost 2 consecutive packets! Is syncmode disabled?
{Mon 01:04:21 Step:1767} Server_Comm.py: The agent lost 1 packet! Is syncmode enabled?
{Mon 01:04:21 Step:1771} Server_Comm.py: The agent lost 1 packet! Is syncmode enabled?
{Mon 01:04:21 Step:1775} Server_Comm.py: The agent lost 3 consecutive packets! Is syncmode disabled?
{Mon 01:04:21 Step:1778} Server_Comm.py: The agent lost 2 consecutive packets! Is syncmode disabled?
{Mon 01:04:21 Step:1780} Server_Comm.py: The agent lost 1 packet! Is syncmode enabled?
{Mon 01:04:21 Step:1783} Server_Comm.py: The agent lost 1 packet! Is syncmode enabled?
{Mon 01:04:21 Step:1786} Server_Comm.py: The agent lost 2 consecutive packets! Is syncmode disabled?
{Mon 01:04:21 Step:1788} Server_Comm.py: The agent lost 1 packet! Is syncmode enabled?
{Mon 01:04:21 Step:1791} Server_Comm.py: The agent lost 1 packet! Is syncmode enabled?
{Mon 01:04:21 Step:1794} Server_Comm.py: The agent lost 2 consecutive packets! Is syncmode disabled?
{Mon 01:04:21 Step:1796} Server_Comm.py: The agent lost 1 packet! Is syncmode enabled?
{Mon 01:04:21 Step:1798} Server_Comm.py: The agent lost 1 packet! Is syncmode enabled?
{Mon 01:04:21 Step:1810} Server_Comm.py: The agent lost 1 packet! Is syncmode enabled?
{Mon 01:04:21 Step:1821} Server_Comm.py: The agent lost 1 packet! Is syncmode enabled?
{Mon 01:04:21 Step:1829} Server_Comm.py: The agent lost 1 packet! Is syncmode enabled?
{Mon 01:04:21 Step:1844} Server_Comm.py: The agent lost 2 consecutive packets! Is syncmode disabled?
{Mon 01:04:21 Step:1856} Server_Comm.py: The agent lost 1 packet! Is syncmode enabled?
{Mon 01:04:21 Step:1866} Server_Comm.py: The agent lost 2 consecutive packets! Is syncmode disabled?
{Mon 01:04:21 Step:1874} Server_Comm.py: The agent lost 6 consecutive packets! Is syncmode disabled?
{Mon 01:04:21 Step:1877} Server_Comm.py: The agent lost 2 consecutive packets! Is syncmode disabled?
{Mon 01:04:21 Step:1880} Server_Comm.py: The agent lost 2 consecutive packets! Is syncmode disabled?
{Mon 01:04:21 Step:1882} Server_Comm.py: The agent lost 1 packet! Is syncmode enabled?
{Mon 01:04:21 Step:1884} Server_Comm.py: The agent lost 1 packet! Is syncmode enabled?
{Mon 01:04:21 Step:1888} Server_Comm.py: The agent lost 2 consecutive packets! Is syncmode disabled?
{Mon 01:04:21 Step:1892} Server_Comm.py: The agent lost 2 consecutive packets! Is syncmode disabled?
{Mon 01:04:21 Step:1896} Server_Comm.py: The agent lost 2 consecutive packets! Is syncmode disabled?
{Mon 01:04:21 Step:1900} Server_Comm.py: The agent lost 2 consecutive packets! Is syncmode disabled?
{Mon 01:04:21 Step:1904} Server_Comm.py: The agent lost 2 consecutive packets! Is syncmode disabled?
{Mon 01:04:21 Step:1906} Server_Comm.py: The agent lost 1 packet! Is syncmode enabled?
{Mon 01:04:21 Step:1908} Server_Comm.py: The agent lost 1 packet! Is syncmode enabled?
{Mon 01:04:21 Step:1912} Server_Comm.py: The agent lost 2 consecutive packets! Is syncmode disabled?
{Mon 01:04:21 Step:1914} Server_Comm.py: The agent lost 1 packet! Is syncmode enabled?
{Mon 01:04:21 Step:1916} Server_Comm.py: The agent lost 1 packet! Is syncmode enabled?
{Mon 01:04:21 Step:1918} Server_Comm.py: The agent lost 1 packet! Is syncmode enabled?
{Mon 01:04:21 Step:1920} Server_Comm.py: The agent lost 1 packet! Is syncmode enabled?
{Mon 01:04:21 Step:1922} Server_Comm.py: The agent lost 1 packet! Is syncmode enabled?
{Mon 01:04:21 Step:1971} Server_Comm.py: The agent lost 1 packet! Is syncmode enabled?
{Mon 01:04:21 Step:1976} Server_Comm.py: The agent lost 1 packet! Is syncmode enabled?
{Mon 01:04:21 Step:1980} Server_Comm.py: The agent lost 1 packet! Is syncmode enabled?
{Mon 01:04:21 Step:1983} Server_Comm.py: The agent lost 1 packet! Is syncmode enabled?
{Mon 01:04:21 Step:1994} Server_Comm.py: The agent lost 2 consecutive packets! Is syncmode disabled?
{Mon 01:04:21 Step:2004} Server_Comm.py: The agent lost 8 consecutive packets! Is syncmode disabled?
{Mon 01:04:21 Step:2008} Server_Comm.py: The agent lost 3 consecutive packets! Is syncmode disabled?
{Mon 01:04:21 Step:2010} Server_Comm.py: The agent lost 1 packet! Is syncmode enabled?
{Mon 01:04:21 Step:2012} Server_Comm.py: The agent lost 1 packet! Is syncmode enabled?
{Mon 01:04:21 Step:2014} Server_Comm.py: The agent lost 1 packet! Is syncmode enabled?
{Mon 01:04:21 Step:2016} Server_Comm.py: The agent lost 1 packet! Is syncmode enabled?
{Mon 01:04:21 Step:2020} Server_Comm.py: The agent lost 2 consecutive packets! Is syncmode disabled?
{Mon 01:04:21 Step:2022} Server_Comm.py: The agent lost 1 packet! Is syncmode enabled?
{Mon 01:04:21 Step:2024} Server_Comm.py: The agent lost 1 packet! Is syncmode enabled?
{Mon 01:04:21 Step:2027} Server_Comm.py: The agent lost 1 packet! Is syncmode enabled?
{Mon 01:04:21 Step:2029} Server_Comm.py: The agent lost 1 packet! Is syncmode enabled?
{Mon 01:04:21 Step:2029} Server_Comm.py: Received a new packet while thinking!
{Mon 01:04:21 Step:2174} Server_Comm.py: The agent lost 144 consecutive packets! Is syncmode disabled?
{Mon 01:04:21 Step:2191} Server_Comm.py: The agent lost 16 consecutive packets! Is syncmode disabled?
{Mon 01:04:21 Step:2198} Server_Comm.py: The agent lost 6 consecutive packets! Is syncmode disabled?
{Mon 01:04:21 Step:2201} Server_Comm.py: The agent lost 2 consecutive packets! Is syncmode disabled?
{Mon 01:04:21 Step:2204} Server_Comm.py: The agent lost 2 consecutive packets! Is syncmode disabled?
{Mon 01:04:21 Step:2206} Server_Comm.py: The agent lost 1 packet! Is syncmode enabled?
{Mon 01:04:21 Step:2208} Server_Comm.py: The agent lost 1 packet! Is syncmode enabled?
{Mon 01:04:21 Step:2211} Server_Comm.py: The agent lost 1 packet! Is syncmode enabled?
{Mon 01:04:21 Step:2214} Server_Comm.py: The agent lost 2 consecutive packets! Is syncmode disabled?
{Mon 01:04:21 Step:2217} Server_Comm.py: The agent lost 1 packet! Is syncmode enabled?
{Mon 01:04:21 Step:2220} Server_Comm.py: The agent lost 2 consecutive packets! Is syncmode disabled?
{Mon 01:04:21 Step:2222} Server_Comm.py: The agent lost 1 packet! Is syncmode enabled?
{Mon 01:04:21 Step:2224} Server_Comm.py: The agent lost 1 packet! Is syncmode enabled?
{Mon 01:04:21 Step:2228} Server_Comm.py: The agent lost 2 consecutive packets! Is syncmode disabled?
{Mon 01:04:21 Step:2230} Server_Comm.py: The agent lost 1 packet! Is syncmode enabled?
{Mon 01:04:21 Step:2233} Server_Comm.py: The agent lost 1 packet! Is syncmode enabled?
{Mon 01:04:21 Step:2236} Server_Comm.py: The agent lost 2 consecutive packets! Is syncmode disabled?
{Mon 01:04:21 Step:2239} Server_Comm.py: The agent lost 1 packet! Is syncmode enabled?
{Mon 01:04:21 Step:2242} Server_Comm.py: The agent lost 2 consecutive packets! Is syncmode disabled?
{Mon 01:04:21 Step:2244} Server_Comm.py: The agent lost 1 packet! Is syncmode enabled?
{Mon 01:04:21 Step:2246} Server_Comm.py: The agent lost 1 packet! Is syncmode enabled?
{Mon 01:04:21 Step:2248} Server_Comm.py: The agent lost 1 packet! Is syncmode enabled?
{Mon 01:04:21 Step:2251} Server_Comm.py: The agent lost 1 packet! Is syncmode enabled?
{Mon 01:04:21 Step:2254} Server_Comm.py: The agent lost 2 consecutive packets! Is syncmode disabled?
{Mon 01:04:21 Step:2256} Server_Comm.py: The agent lost 1 packet! Is syncmode enabled?
{Mon 01:04:21 Step:2258} Server_Comm.py: The agent lost 1 packet! Is syncmode enabled?
{Mon 01:04:21 Step:2262} Server_Comm.py: The agent lost 2 consecutive packets! Is syncmode disabled?
{Mon 01:04:21 Step:2265} Server_Comm.py: The agent lost 2 consecutive packets! Is syncmode disabled?
{Mon 01:04:21 Step:2270} Server_Comm.py: The agent lost 4 consecutive packets! Is syncmode disabled?
{Mon 01:04:21 Step:2272} Server_Comm.py: The agent lost 1 packet! Is syncmode enabled?
{Mon 01:04:21 Step:2274} Server_Comm.py: The agent lost 1 packet! Is syncmode enabled?
{Mon 01:04:21 Step:2286} Server_Comm.py: The agent lost 1 packet! Is syncmode enabled?
{Mon 01:04:21 Step:2312} Server_Comm.py: The agent lost 1 packet! Is syncmode enabled?
{Mon 01:04:21 Step:2320} Server_Comm.py: The agent lost 1 packet! Is syncmode enabled?
{Mon 01:04:21 Step:2328} Server_Comm.py: The agent lost 2 consecutive packets! Is syncmode disabled?
{Mon 01:04:21 Step:2330} Server_Comm.py: The agent lost 1 packet! Is syncmode enabled?
{Mon 01:04:21 Step:2332} Server_Comm.py: The agent lost 1 packet! Is syncmode enabled?
{Mon 01:04:21 Step:2337} Server_Comm.py: The agent lost 4 consecutive packets! Is syncmode disabled?
{Mon 01:04:21 Step:2340} Server_Comm.py: The agent lost 2 consecutive packets! Is syncmode disabled?
{Mon 01:04:21 Step:2342} Server_Comm.py: The agent lost 1 packet! Is syncmode enabled?
{Mon 01:04:21 Step:2346} Server_Comm.py: The agent lost 2 consecutive packets! Is syncmode disabled?
{Mon 01:04:21 Step:2348} Server_Comm.py: The agent lost 1 packet! Is syncmode enabled?
{Mon 01:04:21 Step:2351} Server_Comm.py: The agent lost 2 consecutive packets! Is syncmode disabled?
{Mon 01:04:21 Step:2354} Server_Comm.py: The agent lost 2 consecutive packets! Is syncmode disabled?
{Mon 01:04:21 Step:2356} Server_Comm.py: The agent lost 1 packet! Is syncmode enabled?
{Mon 01:04:21 Step:2358} Server_Comm.py: The agent lost 1 packet! Is syncmode enabled?
{Mon 01:04:21 Step:2362} Server_Comm.py: The agent lost 2 consecutive packets! Is syncmode disabled?
{Mon 01:04:21 Step:2366} Server_Comm.py: The agent lost 2 consecutive packets! Is syncmode disabled?
{Mon 01:04:21 Step:2369} Server_Comm.py: The agent lost 1 packet! Is syncmode enabled?
{Mon 01:04:21 Step:2371} Server_Comm.py: The agent lost 1 packet! Is syncmode enabled?
{Mon 01:04:21 Step:2373} Server_Comm.py: The agent lost 1 packet! Is syncmode enabled?
{Mon 01:04:21 Step:2376} Server_Comm.py: The agent lost 2 consecutive packets! Is syncmode disabled?
{Mon 01:04:21 Step:2379} Server_Comm.py: The agent lost 1 packet! Is syncmode enabled?
{Mon 01:04:21 Step:2382} Server_Comm.py: The agent lost 2 consecutive packets! Is syncmode disabled?
{Mon 01:04:21 Step:2384} Server_Comm.py: The agent lost 1 packet! Is syncmode enabled?
{Mon 01:04:21 Step:2388} Server_Comm.py: The agent lost 2 consecutive packets! Is syncmode disabled?
{Mon 01:04:21 Step:2390} Server_Comm.py: The agent lost 1 packet! Is syncmode enabled?
{Mon 01:04:21 Step:2394} Server_Comm.py: The agent lost 2 consecutive packets! Is syncmode disabled?
{Mon 01:04:21 Step:2396} Server_Comm.py: The agent lost 1 packet! Is syncmode enabled?
{Mon 01:04:21 Step:2399} Server_Comm.py: The agent lost 2 consecutive packets! Is syncmode disabled?
{Mon 01:04:21 Step:2402} Server_Comm.py: The agent lost 1 packet! Is syncmode enabled?
{Mon 01:04:21 Step:2424} Server_Comm.py: The agent lost 2 consecutive packets! Is syncmode disabled?
{Mon 01:04:21 Step:2426} Server_Comm.py: The agent lost 1 packet! Is syncmode enabled?
{Mon 01:04:21 Step:2445} Server_Comm.py: The agent lost 1 packet! Is syncmode enabled?
{Mon 01:04:21 Step:2447} Server_Comm.py: The agent lost 1 packet! Is syncmode enabled?
{Mon 01:04:21 Step:2453} Server_Comm.py: The agent lost 1 packet! Is syncmode enabled?
{Mon 01:04:21 Step:2455} Server_Comm.py: The agent lost 1 packet! Is syncmode enabled?
{Mon 01:04:21 Step:2458} Server_Comm.py: The agent lost 1 packet! Is syncmode enabled?
{Mon 01:04:21 Step:2471} Server_Comm.py: The agent lost 1 packet! Is syncmode enabled?
{Mon 01:04:21 Step:2477} Server_Comm.py: The agent lost 5 consecutive packets! Is syncmode disabled?
{Mon 01:04:21 Step:2482} Server_Comm.py: The agent lost 4 consecutive packets! Is syncmode disabled?
{Mon 01:04:21 Step:2484} Server_Comm.py: The agent lost 1 packet! Is syncmode enabled?
{Mon 01:04:21 Step:2486} Server_Comm.py: The agent lost 1 packet! Is syncmode enabled?
{Mon 01:04:21 Step:2488} Server_Comm.py: The agent lost 1 packet! Is syncmode enabled?
{Mon 01:04:21 Step:2490} Server_Comm.py: The agent lost 1 packet! Is syncmode enabled?
{Mon 01:04:21 Step:2494} Server_Comm.py: The agent lost 2 consecutive packets! Is syncmode disabled?
{Mon 01:04:21 Step:2498} Server_Comm.py: The agent lost 2 consecutive packets! Is syncmode disabled?
{Mon 01:04:21 Step:2501} Server_Comm.py: The agent lost 1 packet! Is syncmode enabled?
{Mon 01:04:21 Step:2503} Server_Comm.py: The agent lost 1 packet! Is syncmode enabled?
{Mon 01:04:21 Step:2507} Server_Comm.py: The agent lost 3 consecutive packets! Is syncmode disabled?
{Mon 01:04:21 Step:2511} Server_Comm.py: The agent lost 3 consecutive packets! Is syncmode disabled?
{Mon 01:04:21 Step:2514} Server_Comm.py: The agent lost 2 consecutive packets! Is syncmode disabled?
{Mon 01:04:21 Step:2516} Server_Comm.py: The agent lost 1 packet! Is syncmode enabled?
{Mon 01:04:21 Step:2518} Server_Comm.py: The agent lost 1 packet! Is syncmode enabled?
{Mon 01:04:21 Step:2520} Server_Comm.py: The agent lost 1 packet! Is syncmode enabled?
{Mon 01:04:21 Step:2523} Server_Comm.py: The agent lost 1 packet! Is syncmode enabled?
{Mon 01:04:21 Step:2526} Server_Comm.py: The agent lost 2 consecutive packets! Is syncmode disabled?
{Mon 01:04:21 Step:2528} Server_Comm.py: The agent lost 1 packet! Is syncmode enabled?
{Mon 01:04:21 Step:2532} Server_Comm.py: The agent lost 2 consecutive packets! Is syncmode disabled?
{Mon 01:04:21 Step:2534} Server_Comm.py: The agent lost 1 packet! Is syncmode enabled?
{Mon 01:04:21 Step:2536} Server_Comm.py: The agent lost 1 packet! Is syncmode enabled?
{Mon 01:04:21 Step:2540} Server_Comm.py: The agent lost 2 consecutive packets! Is syncmode disabled?
{Mon 01:04:21 Step:2543} Server_Comm.py: The agent lost 1 packet! Is syncmode enabled?
{Mon 01:04:21 Step:2545} Server_Comm.py: The agent lost 1 packet! Is syncmode enabled?
{Mon 01:04:21 Step:2547} Server_Comm.py: The agent lost 1 packet! Is syncmode enabled?
{Mon 01:04:21 Step:2550} Server_Comm.py: The agent lost 2 consecutive packets! Is syncmode disabled?
{Mon 01:04:22 Step:2550} Server_Comm.py: Received a new packet while thinking!
{Mon 01:04:22 Step:2600} Server_Comm.py: The agent lost 49 consecutive packets! Is syncmode disabled?
{Mon 01:04:22 Step:2640} Server_Comm.py: The agent lost 39 consecutive packets! Is syncmode disabled?
{Mon 01:04:22 Step:2648} Server_Comm.py: The agent lost 7 consecutive packets! Is syncmode disabled?
{Mon 01:04:22 Step:2650} Server_Comm.py: The agent lost 1 packet! Is syncmode enabled?
{Mon 01:04:22 Step:2662} Server_Comm.py: The agent lost 1 packet! Is syncmode enabled?
{Mon 01:04:22 Step:2666} Server_Comm.py: The agent lost 1 packet! Is syncmode enabled?
{Mon 01:04:22 Step:2688} Server_Comm.py: The agent lost 1 packet! Is syncmode enabled?
{Mon 01:04:22 Step:2690} Server_Comm.py: The agent lost 1 packet! Is syncmode enabled?
{Mon 01:04:22 Step:2695} Server_Comm.py: The agent lost 1 packet! Is syncmode enabled?
{Mon 01:04:22 Step:2697} Server_Comm.py: The agent lost 1 packet! Is syncmode enabled?
{Mon 01:04:22 Step:2712} Server_Comm.py: The agent lost 1 packet! Is syncmode enabled?
{Mon 01:04:22 Step:2736} Server_Comm.py: The agent lost 1 packet! Is syncmode enabled?
{Mon 01:04:22 Step:2744} Server_Comm.py: The agent lost 2 consecutive packets! Is syncmode disabled?
{Mon 01:04:22 Step:2746} Server_Comm.py: The agent lost 1 packet! Is syncmode enabled?
{Mon 01:04:22 Step:2752} Server_Comm.py: The agent lost 5 consecutive packets! Is syncmode disabled?
{Mon 01:04:22 Step:2755} Server_Comm.py: The agent lost 2 consecutive packets! Is syncmode disabled?
{Mon 01:04:22 Step:2759} Server_Comm.py: The agent lost 3 consecutive packets! Is syncmode disabled?
{Mon 01:04:22 Step:2763} Server_Comm.py: The agent lost 3 consecutive packets! Is syncmode disabled?
{Mon 01:04:22 Step:2765} Server_Comm.py: The agent lost 1 packet! Is syncmode enabled?
{Mon 01:04:22 Step:2768} Server_Comm.py: The agent lost 2 consecutive packets! Is syncmode disabled?
{Mon 01:04:22 Step:2770} Server_Comm.py: The agent lost 1 packet! Is syncmode enabled?
{Mon 01:04:22 Step:2773} Server_Comm.py: The agent lost 1 packet! Is syncmode enabled?
{Mon 01:04:22 Step:2775} Server_Comm.py: The agent lost 1 packet! Is syncmode enabled?
{Mon 01:04:22 Step:2778} Server_Comm.py: The agent lost 2 consecutive packets! Is syncmode disabled?
{Mon 01:04:22 Step:2780} Server_Comm.py: The agent lost 1 packet! Is syncmode enabled?
{Mon 01:04:22 Step:2782} Server_Comm.py: The agent lost 1 packet! Is syncmode enabled?
{Mon 01:04:22 Step:2785} Server_Comm.py: The agent lost 1 packet! Is syncmode enabled?
{Mon 01:04:22 Step:2787} Server_Comm.py: The agent lost 1 packet! Is syncmode enabled?
{Mon 01:04:22 Step:2790} Server_Comm.py: The agent lost 2 consecutive packets! Is syncmode disabled?
{Mon 01:04:22 Step:2792} Server_Comm.py: The agent lost 1 packet! Is syncmode enabled?
{Mon 01:04:22 Step:2795} Server_Comm.py: The agent lost 1 packet! Is syncmode enabled?
{Mon 01:04:22 Step:2797} Server_Comm.py: The agent lost 1 packet! Is syncmode enabled?
{Mon 01:04:22 Step:2802} Server_Comm.py: The agent lost 1 packet! Is syncmode enabled?
{Mon 01:04:22 Step:2832} Server_Comm.py: The agent lost 1 packet! Is syncmode enabled?
{Mon 01:04:22 Step:2840} Server_Comm.py: The agent lost 1 packet! Is syncmode enabled?
{Mon 01:04:22 Step:2846} Server_Comm.py: The agent lost 1 packet! Is syncmode enabled?
{Mon 01:04:22 Step:2872} Server_Comm.py: The agent lost 2 consecutive packets! Is syncmode disabled?
{Mon 01:04:22 Step:2874} Server_Comm.py: The agent lost 1 packet! Is syncmode enabled?
{Mon 01:04:22 Step:2881} Server_Comm.py: The agent lost 6 consecutive packets! Is syncmode disabled?
{Mon 01:04:22 Step:2886} Server_Comm.py: The agent lost 4 consecutive packets! Is syncmode disabled?
{Mon 01:04:22 Step:2888} Server_Comm.py: The agent lost 1 packet! Is syncmode enabled?
{Mon 01:04:22 Step:2890} Server_Comm.py: The agent lost 1 packet! Is syncmode enabled?
{Mon 01:04:22 Step:2895} Server_Comm.py: The agent lost 1 packet! Is syncmode enabled?
{Mon 01:04:22 Step:2897} Server_Comm.py: The agent lost 1 packet! Is syncmode enabled?
{Mon 01:04:22 Step:2899} Server_Comm.py: The agent lost 1 packet! Is syncmode enabled?
{Mon 01:04:22 Step:2901} Server_Comm.py: The agent lost 1 packet! Is syncmode enabled?
{Mon 01:04:22 Step:2903} Server_Comm.py: The agent lost 1 packet! Is syncmode enabled?
{Mon 01:04:22 Step:2906} Server_Comm.py: The agent lost 2 consecutive packets! Is syncmode disabled?
{Mon 01:04:22 Step:2908} Server_Comm.py: The agent lost 1 packet! Is syncmode enabled?
{Mon 01:04:22 Step:2910} Server_Comm.py: The agent lost 1 packet! Is syncmode enabled?
{Mon 01:04:22 Step:2913} Server_Comm.py: The agent lost 1 packet! Is syncmode enabled?
{Mon 01:04:22 Step:2916} Server_Comm.py: The agent lost 2 consecutive packets! Is syncmode disabled?
{Mon 01:04:22 Step:2919} Server_Comm.py: The agent lost 1 packet! Is syncmode enabled?
{Mon 01:04:22 Step:2922} Server_Comm.py: The agent lost 2 consecutive packets! Is syncmode disabled?
{Mon 01:04:22 Step:2925} Server_Comm.py: The agent lost 2 consecutive packets! Is syncmode disabled?
{Mon 01:04:22 Step:2929} Server_Comm.py: The agent lost 3 consecutive packets! Is syncmode disabled?
{Mon 01:04:22 Step:2933} Server_Comm.py: The agent lost 3 consecutive packets! Is syncmode disabled?
{Mon 01:04:22 Step:2937} Server_Comm.py: The agent lost 3 consecutive packets! Is syncmode disabled?
{Mon 01:04:22 Step:2941} Server_Comm.py: The agent lost 3 consecutive packets! Is syncmode disabled?
{Mon 01:04:22 Step:2948} Server_Comm.py: The agent lost 1 packet! Is syncmode enabled?
{Mon 01:04:22 Step:2968} Server_Comm.py: The agent lost 1 packet! Is syncmode enabled?
{Mon 01:04:22 Step:2982} Server_Comm.py: The agent lost 1 packet! Is syncmode enabled?
{Mon 01:04:22 Step:3006} Server_Comm.py: The agent lost 1 packet! Is syncmode enabled?
{Mon 01:04:22 Step:3008} Server_Comm.py: The agent lost 1 packet! Is syncmode enabled?
{Mon 01:04:22 Step:3012} Server_Comm.py: The agent lost 2 consecutive packets! Is syncmode disabled?
{Mon 01:04:22 Step:3014} Server_Comm.py: The agent lost 1 packet! Is syncmode enabled?
{Mon 01:04:22 Step:3020} Server_Comm.py: The agent lost 5 consecutive packets! Is syncmode disabled?
{Mon 01:04:22 Step:3024} Server_Comm.py: The agent lost 3 consecutive packets! Is syncmode disabled?
{Mon 01:04:22 Step:3026} Server_Comm.py: The agent lost 1 packet! Is syncmode enabled?
{Mon 01:04:22 Step:3030} Server_Comm.py: The agent lost 2 consecutive packets! Is syncmode disabled?
{Mon 01:04:22 Step:3032} Server_Comm.py: The agent lost 1 packet! Is syncmode enabled?
{Mon 01:04:22 Step:3034} Server_Comm.py: The agent lost 1 packet! Is syncmode enabled?
{Mon 01:04:22 Step:3036} Server_Comm.py: The agent lost 1 packet! Is syncmode enabled?
{Mon 01:04:22 Step:3038} Server_Comm.py: The agent lost 1 packet! Is syncmode enabled?
{Mon 01:04:22 Step:3041} Server_Comm.py: The agent lost 1 packet! Is syncmode enabled?
{Mon 01:04:22 Step:3044} Server_Comm.py: The agent lost 2 consecutive packets! Is syncmode disabled?
{Mon 01:04:22 Step:3046} Server_Comm.py: The agent lost 1 packet! Is syncmode enabled?
{Mon 01:04:22 Step:3046} Server_Comm.py: Received a new packet while thinking!
{Mon 01:04:22 Step:3098} Server_Comm.py: The agent lost 51 consecutive packets! Is syncmode disabled?
{Mon 01:04:22 Step:3140} Server_Comm.py: The agent lost 41 consecutive packets! Is syncmode disabled?
{Mon 01:04:22 Step:3146} Server_Comm.py: The agent lost 5 consecutive packets! Is syncmode disabled?
{Mon 01:04:22 Step:3149} Server_Comm.py: The agent lost 2 consecutive packets! Is syncmode disabled?
{Mon 01:04:22 Step:3152} Server_Comm.py: The agent lost 1 packet! Is syncmode enabled?
{Mon 01:04:22 Step:3158} Server_Comm.py: The agent lost 2 consecutive packets! Is syncmode disabled?
{Mon 01:04:22 Step:3164} Server_Comm.py: The agent lost 5 consecutive packets! Is syncmode disabled?
{Mon 01:04:22 Step:3167} Server_Comm.py: The agent lost 2 consecutive packets! Is syncmode disabled?
{Mon 01:04:22 Step:3172} Server_Comm.py: The agent lost 4 consecutive packets! Is syncmode disabled?
{Mon 01:04:22 Step:3172} Server_Comm.py: Received a new packet while thinking!
{Mon 01:04:22 Step:3241} Server_Comm.py: The agent lost 68 consecutive packets! Is syncmode disabled?
{Mon 01:04:22 Step:3295} Server_Comm.py: The agent lost 53 consecutive packets! Is syncmode disabled?
{Mon 01:04:22 Step:3309} Server_Comm.py: The agent lost 13 consecutive packets! Is syncmode disabled?
{Mon 01:04:22 Step:3312} Server_Comm.py: The agent lost 2 consecutive packets! Is syncmode disabled?
{Mon 01:04:22 Step:3315} Server_Comm.py: The agent lost 1 packet! Is syncmode enabled?
{Mon 01:04:22 Step:3319} Server_Comm.py: The agent lost 1 packet! Is syncmode enabled?
{Mon 01:04:22 Step:3321} Server_Comm.py: The agent lost 1 packet! Is syncmode enabled?
{Mon 01:04:22 Step:3323} Server_Comm.py: The agent lost 1 packet! Is syncmode enabled?
{Mon 01:04:22 Step:3325} Server_Comm.py: The agent lost 1 packet! Is syncmode enabled?
{Mon 01:04:22 Step:3328} Server_Comm.py: The agent lost 2 consecutive packets! Is syncmode disabled?
{Mon 01:04:22 Step:3346} Server_Comm.py: The agent lost 1 packet! Is syncmode enabled?
{Mon 01:04:22 Step:3377} Server_Comm.py: The agent lost 1 packet! Is syncmode enabled?
{Mon 01:04:22 Step:3381} Server_Comm.py: The agent lost 2 consecutive packets! Is syncmode disabled?
{Mon 01:04:22 Step:3384} Server_Comm.py: The agent lost 1 packet! Is syncmode enabled?
{Mon 01:04:22 Step:3389} Server_Comm.py: The agent lost 1 packet! Is syncmode enabled?
{Mon 01:04:22 Step:3406} Server_Comm.py: The agent lost 1 packet! Is syncmode enabled?
{Mon 01:04:22 Step:3411} Server_Comm.py: The agent lost 1 packet! Is syncmode enabled?
{Mon 01:04:22 Step:3414} Server_Comm.py: The agent lost 2 consecutive packets! Is syncmode disabled?
{Mon 01:04:22 Step:3420} Server_Comm.py: The agent lost 5 consecutive packets! Is syncmode disabled?
{Mon 01:04:22 Step:3423} Server_Comm.py: The agent lost 2 consecutive packets! Is syncmode disabled?
{Mon 01:04:22 Step:3426} Server_Comm.py: The agent lost 2 consecutive packets! Is syncmode disabled?
{Mon 01:04:22 Step:3428} Server_Comm.py: The agent lost 1 packet! Is syncmode enabled?
{Mon 01:04:22 Step:3430} Server_Comm.py: The agent lost 1 packet! Is syncmode enabled?
{Mon 01:04:22 Step:3434} Server_Comm.py: The agent lost 2 consecutive packets! Is syncmode disabled?
{Mon 01:04:22 Step:3436} Server_Comm.py: The agent lost 1 packet! Is syncmode enabled?
{Mon 01:04:22 Step:3441} Server_Comm.py: The agent lost 1 packet! Is syncmode enabled?
{Mon 01:04:22 Step:3446} Server_Comm.py: The agent lost 4 consecutive packets! Is syncmode disabled?
{Mon 01:04:22 Step:3450} Server_Comm.py: The agent lost 2 consecutive packets! Is syncmode disabled?
{Mon 01:04:22 Step:3454} Server_Comm.py: The agent lost 2 consecutive packets! Is syncmode disabled?
{Mon 01:04:22 Step:3457} Server_Comm.py: The agent lost 1 packet! Is syncmode enabled?
{Mon 01:04:22 Step:3461} Server_Comm.py: The agent lost 3 consecutive packets! Is syncmode disabled?
{Mon 01:04:22 Step:3464} Server_Comm.py: The agent lost 2 consecutive packets! Is syncmode disabled?
{Mon 01:04:22 Step:3468} Server_Comm.py: The agent lost 2 consecutive packets! Is syncmode disabled?
{Mon 01:04:22 Step:3470} Server_Comm.py: The agent lost 1 packet! Is syncmode enabled?
{Mon 01:04:22 Step:3472} Server_Comm.py: The agent lost 1 packet! Is syncmode enabled?
{Mon 01:04:22 Step:3474} Server_Comm.py: The agent lost 1 packet! Is syncmode enabled?
{Mon 01:04:22 Step:3480} Server_Comm.py: The agent lost 2 consecutive packets! Is syncmode disabled?
{Mon 01:04:22 Step:3482} Server_Comm.py: The agent lost 1 packet! Is syncmode enabled?
{Mon 01:04:22 Step:3485} Server_Comm.py: The agent lost 1 packet! Is syncmode enabled?
{Mon 01:04:22 Step:3488} Server_Comm.py: The agent lost 2 consecutive packets! Is syncmode disabled?
{Mon 01:04:22 Step:3491} Server_Comm.py: The agent lost 1 packet! Is syncmode enabled?
{Mon 01:04:22 Step:3493} Server_Comm.py: The agent lost 1 packet! Is syncmode enabled?
{Mon 01:04:22 Step:3495} Server_Comm.py: The agent lost 1 packet! Is syncmode enabled?
{Mon 01:04:22 Step:3498} Server_Comm.py: The agent lost 2 consecutive packets! Is syncmode disabled?
{Mon 01:04:22 Step:3502} Server_Comm.py: The agent lost 2 consecutive packets! Is syncmode disabled?
{Mon 01:04:22 Step:3505} Server_Comm.py: The agent lost 1 packet! Is syncmode enabled?
{Mon 01:04:22 Step:3509} Server_Comm.py: The agent lost 1 packet! Is syncmode enabled?
{Mon 01:04:22 Step:3511} Server_Comm.py: The agent lost 1 packet! Is syncmode enabled?
{Mon 01:04:22 Step:3514} Server_Comm.py: The agent lost 2 consecutive packets! Is syncmode disabled?
{Mon 01:04:22 Step:3516} Server_Comm.py: The agent lost 1 packet! Is syncmode enabled?
{Mon 01:04:22 Step:3518} Server_Comm.py: The agent lost 1 packet! Is syncmode enabled?
{Mon 01:04:22 Step:3522} Server_Comm.py: The agent lost 2 consecutive packets! Is syncmode disabled?
{Mon 01:04:22 Step:3526} Server_Comm.py: The agent lost 2 consecutive packets! Is syncmode disabled?
{Mon 01:04:22 Step:3528} Server_Comm.py: The agent lost 1 packet! Is syncmode enabled?
{Mon 01:04:22 Step:3532} Server_Comm.py: The agent lost 2 consecutive packets! Is syncmode disabled?
{Mon 01:04:22 Step:3535} Server_Comm.py: The agent lost 1 packet! Is syncmode enabled?
{Mon 01:04:22 Step:3538} Server_Comm.py: The agent lost 2 consecutive packets! Is syncmode disabled?
{Mon 01:04:22 Step:3542} Server_Comm.py: The agent lost 2 consecutive packets! Is syncmode disabled?
{Mon 01:04:22 Step:3544} Server_Comm.py: The agent lost 1 packet! Is syncmode enabled?
{Mon 01:04:22 Step:3547} Server_Comm.py: The agent lost 1 packet! Is syncmode enabled?
{Mon 01:04:22 Step:3550} Server_Comm.py: The agent lost 2 consecutive packets! Is syncmode disabled?
{Mon 01:04:22 Step:3552} Server_Comm.py: The agent lost 1 packet! Is syncmode enabled?
{Mon 01:04:22 Step:3556} Server_Comm.py: The agent lost 2 consecutive packets! Is syncmode disabled?
{Mon 01:04:22 Step:3559} Server_Comm.py: The agent lost 1 packet! Is syncmode enabled?
{Mon 01:04:22 Step:3562} Server_Comm.py: The agent lost 2 consecutive packets! Is syncmode disabled?
{Mon 01:04:22 Step:3564} Server_Comm.py: The agent lost 1 packet! Is syncmode enabled?
{Mon 01:04:22 Step:3566} Server_Comm.py: The agent lost 1 packet! Is syncmode enabled?
{Mon 01:04:22 Step:3569} Server_Comm.py: The agent lost 1 packet! Is syncmode enabled?
{Mon 01:04:22 Step:3573} Server_Comm.py: The agent lost 3 consecutive packets! Is syncmode disabled?
{Mon 01:04:22 Step:3577} Server_Comm.py: The agent lost 3 consecutive packets! Is syncmode disabled?
{Mon 01:04:22 Step:3581} Server_Comm.py: The agent lost 3 consecutive packets! Is syncmode disabled?
{Mon 01:04:22 Step:3583} Server_Comm.py: The agent lost 1 packet! Is syncmode enabled?
{Mon 01:04:22 Step:3592} Server_Comm.py: The agent lost 1 packet! Is syncmode enabled?
{Mon 01:04:22 Step:3595} Server_Comm.py: The agent lost 1 packet! Is syncmode enabled?
{Mon 01:04:22 Step:3598} Server_Comm.py: The agent lost 2 consecutive packets! Is syncmode disabled?
{Mon 01:04:22 Step:3600} Server_Comm.py: The agent lost 1 packet! Is syncmode enabled?
{Mon 01:04:22 Step:3606} Server_Comm.py: The agent lost 5 consecutive packets! Is syncmode disabled?
{Mon 01:04:22 Step:3608} Server_Comm.py: The agent lost 1 packet! Is syncmode enabled?
{Mon 01:04:22 Step:3610} Server_Comm.py: The agent lost 1 packet! Is syncmode enabled?
{Mon 01:04:22 Step:3612} Server_Comm.py: The agent lost 1 packet! Is syncmode enabled?
{Mon 01:04:22 Step:3615} Server_Comm.py: The agent lost 1 packet! Is syncmode enabled?
{Mon 01:04:22 Step:3618} Server_Comm.py: The agent lost 2 consecutive packets! Is syncmode disabled?
{Mon 01:04:22 Step:3620} Server_Comm.py: The agent lost 1 packet! Is syncmode enabled?
{Mon 01:04:22 Step:3623} Server_Comm.py: The agent lost 1 packet! Is syncmode enabled?
{Mon 01:04:22 Step:3625} Server_Comm.py: The agent lost 1 packet! Is syncmode enabled?
{Mon 01:04:22 Step:3628} Server_Comm.py: The agent lost 2 consecutive packets! Is syncmode disabled?
{Mon 01:04:22 Step:3631} Server_Comm.py: The agent lost 1 packet! Is syncmode enabled?
{Mon 01:04:22 Step:3634} Server_Comm.py: The agent lost 2 consecutive packets! Is syncmode disabled?
{Mon 01:04:22 Step:3636} Server_Comm.py: The agent lost 1 packet! Is syncmode enabled?
{Mon 01:04:22 Step:3638} Server_Comm.py: The agent lost 1 packet! Is syncmode enabled?
{Mon 01:04:22 Step:3641} Server_Comm.py: The agent lost 1 packet! Is syncmode enabled?
{Mon 01:04:22 Step:3644} Server_Comm.py: The agent lost 2 consecutive packets! Is syncmode disabled?
{Mon 01:04:22 Step:3647} Server_Comm.py: The agent lost 2 consecutive packets! Is syncmode disabled?
{Mon 01:04:22 Step:3649} Server_Comm.py: The agent lost 1 packet! Is syncmode enabled?
{Mon 01:04:22 Step:3651} Server_Comm.py: The agent lost 1 packet! Is syncmode enabled?
{Mon 01:04:22 Step:3654} Server_Comm.py: The agent lost 1 packet! Is syncmode enabled?
{Mon 01:04:22 Step:3664} Server_Comm.py: The agent lost 1 packet! Is syncmode enabled?
{Mon 01:04:22 Step:3684} Server_Comm.py: The agent lost 1 packet! Is syncmode enabled?
{Mon 01:04:22 Step:3686} Server_Comm.py: The agent lost 1 packet! Is syncmode enabled?
{Mon 01:04:22 Step:3692} Server_Comm.py: The agent lost 1 packet! Is syncmode enabled?
{Mon 01:04:22 Step:3695} Server_Comm.py: The agent lost 2 consecutive packets! Is syncmode disabled?
{Mon 01:04:22 Step:3697} Server_Comm.py: The agent lost 1 packet! Is syncmode enabled?
{Mon 01:04:22 Step:3700} Server_Comm.py: The agent lost 1 packet! Is syncmode enabled?
{Mon 01:04:22 Step:3710} Server_Comm.py: The agent lost 1 packet! Is syncmode enabled?
{Mon 01:04:22 Step:3716} Server_Comm.py: The agent lost 1 packet! Is syncmode enabled?
{Mon 01:04:22 Step:3725} Server_Comm.py: The agent lost 1 packet! Is syncmode enabled?
{Mon 01:04:22 Step:3728} Server_Comm.py: The agent lost 1 packet! Is syncmode enabled?
{Mon 01:04:22 Step:3734} Server_Comm.py: The agent lost 2 consecutive packets! Is syncmode disabled?
{Mon 01:04:22 Step:3736} Server_Comm.py: The agent lost 1 packet! Is syncmode enabled?
{Mon 01:04:22 Step:3738} Server_Comm.py: The agent lost 1 packet! Is syncmode enabled?
{Mon 01:04:22 Step:3743} Server_Comm.py: The agent lost 4 consecutive packets! Is syncmode disabled?
{Mon 01:04:22 Step:3749} Server_Comm.py: The agent lost 5 consecutive packets! Is syncmode disabled?
{Mon 01:04:22 Step:3753} Server_Comm.py: The agent lost 3 consecutive packets! Is syncmode disabled?
{Mon 01:04:22 Step:3756} Server_Comm.py: The agent lost 2 consecutive packets! Is syncmode disabled?
{Mon 01:04:22 Step:3758} Server_Comm.py: The agent lost 1 packet! Is syncmode enabled?
{Mon 01:04:22 Step:3760} Server_Comm.py: The agent lost 1 packet! Is syncmode enabled?
{Mon 01:04:22 Step:3762} Server_Comm.py: The agent lost 1 packet! Is syncmode enabled?
{Mon 01:04:22 Step:3764} Server_Comm.py: The agent lost 1 packet! Is syncmode enabled?
{Mon 01:04:22 Step:3766} Server_Comm.py: The agent lost 1 packet! Is syncmode enabled?
{Mon 01:04:22 Step:3770} Server_Comm.py: The agent lost 2 consecutive packets! Is syncmode disabled?
{Mon 01:04:22 Step:3772} Server_Comm.py: The agent lost 1 packet! Is syncmode enabled?
{Mon 01:04:22 Step:3774} Server_Comm.py: The agent lost 1 packet! Is syncmode enabled?
{Mon 01:04:22 Step:3776} Server_Comm.py: The agent lost 1 packet! Is syncmode enabled?
{Mon 01:04:22 Step:3780} Server_Comm.py: The agent lost 2 consecutive packets! Is syncmode disabled?
{Mon 01:04:22 Step:3783} Server_Comm.py: The agent lost 2 consecutive packets! Is syncmode disabled?
{Mon 01:04:22 Step:3787} Server_Comm.py: The agent lost 3 consecutive packets! Is syncmode disabled?
{Mon 01:04:22 Step:3790} Server_Comm.py: The agent lost 2 consecutive packets! Is syncmode disabled?
{Mon 01:04:22 Step:3792} Server_Comm.py: The agent lost 1 packet! Is syncmode enabled?
{Mon 01:04:22 Step:3796} Server_Comm.py: The agent lost 2 consecutive packets! Is syncmode disabled?
{Mon 01:04:22 Step:3800} Server_Comm.py: The agent lost 2 consecutive packets! Is syncmode disabled?
{Mon 01:04:22 Step:3802} Server_Comm.py: The agent lost 1 packet! Is syncmode enabled?
{Mon 01:04:22 Step:3807} Server_Comm.py: The agent lost 1 packet! Is syncmode enabled?
{Mon 01:04:22 Step:3810} Server_Comm.py: The agent lost 2 consecutive packets! Is syncmode disabled?
{Mon 01:04:22 Step:3812} Server_Comm.py: The agent lost 1 packet! Is syncmode enabled?
{Mon 01:04:22 Step:3815} Server_Comm.py: The agent lost 1 packet! Is syncmode enabled?
{Mon 01:04:22 Step:3818} Server_Comm.py: The agent lost 2 consecutive packets! Is syncmode disabled?
{Mon 01:04:22 Step:3820} Server_Comm.py: The agent lost 1 packet! Is syncmode enabled?
{Mon 01:04:22 Step:3824} Server_Comm.py: The agent lost 2 consecutive packets! Is syncmode disabled?
{Mon 01:04:22 Step:3828} Server_Comm.py: The agent lost 2 consecutive packets! Is syncmode disabled?
{Mon 01:04:22 Step:3832} Server_Comm.py: The agent lost 2 consecutive packets! Is syncmode disabled?
{Mon 01:04:22 Step:3835} Server_Comm.py: The agent lost 1 packet! Is syncmode enabled?
{Mon 01:04:22 Step:3837} Server_Comm.py: The agent lost 1 packet! Is syncmode enabled?
{Mon 01:04:22 Step:3839} Server_Comm.py: The agent lost 1 packet! Is syncmode enabled?
{Mon 01:04:22 Step:3842} Server_Comm.py: The agent lost 2 consecutive packets! Is syncmode disabled?
{Mon 01:04:22 Step:3846} Server_Comm.py: The agent lost 2 consecutive packets! Is syncmode disabled?
{Mon 01:04:22 Step:3848} Server_Comm.py: The agent lost 1 packet! Is syncmode enabled?
{Mon 01:04:22 Step:3852} Server_Comm.py: The agent lost 2 consecutive packets! Is syncmode disabled?
{Mon 01:04:22 Step:3854} Server_Comm.py: The agent lost 1 packet! Is syncmode enabled?
{Mon 01:04:22 Step:3858} Server_Comm.py: The agent lost 2 consecutive packets! Is syncmode disabled?
{Mon 01:04:22 Step:3860} Server_Comm.py: The agent lost 1 packet! Is syncmode enabled?
{Mon 01:04:22 Step:3864} Server_Comm.py: The agent lost 2 consecutive packets! Is syncmode disabled?
{Mon 01:04:22 Step:3868} Server_Comm.py: The agent lost 2 consecutive packets! Is syncmode disabled?
{Mon 01:04:22 Step:3871} Server_Comm.py: The agent lost 2 consecutive packets! Is syncmode disabled?
{Mon 01:04:22 Step:3874} Server_Comm.py: The agent lost 2 consecutive packets! Is syncmode disabled?
{Mon 01:04:22 Step:3878} Server_Comm.py: The agent lost 2 consecutive packets! Is syncmode disabled?
{Mon 01:04:22 Step:3880} Server_Comm.py: The agent lost 1 packet! Is syncmode enabled?
{Mon 01:04:22 Step:3883} Server_Comm.py: The agent lost 1 packet! Is syncmode enabled?
{Mon 01:04:22 Step:3886} Server_Comm.py: The agent lost 2 consecutive packets! Is syncmode disabled?
{Mon 01:04:22 Step:3888} Server_Comm.py: The agent lost 1 packet! Is syncmode enabled?
{Mon 01:04:22 Step:3890} Server_Comm.py: The agent lost 1 packet! Is syncmode enabled?
{Mon 01:04:22 Step:3892} Server_Comm.py: The agent lost 1 packet! Is syncmode enabled?
{Mon 01:04:22 Step:3894} Server_Comm.py: The agent lost 1 packet! Is syncmode enabled?
{Mon 01:04:22 Step:3897} Server_Comm.py: The agent lost 1 packet! Is syncmode enabled?
{Mon 01:04:22 Step:3900} Server_Comm.py: The agent lost 2 consecutive packets! Is syncmode disabled?
{Mon 01:04:22 Step:3902} Server_Comm.py: The agent lost 1 packet! Is syncmode enabled?
{Mon 01:04:22 Step:3904} Server_Comm.py: The agent lost 1 packet! Is syncmode enabled?
{Mon 01:04:22 Step:3906} Server_Comm.py: The agent lost 1 packet! Is syncmode enabled?
{Mon 01:04:22 Step:3908} Server_Comm.py: The agent lost 1 packet! Is syncmode enabled?
{Mon 01:04:22 Step:3912} Server_Comm.py: The agent lost 2 consecutive packets! Is syncmode disabled?
{Mon 01:04:22 Step:3914} Server_Comm.py: The agent lost 1 packet! Is syncmode enabled?
{Mon 01:04:22 Step:3916} Server_Comm.py: The agent lost 1 packet! Is syncmode enabled?
{Mon 01:04:22 Step:3918} Server_Comm.py: The agent lost 1 packet! Is syncmode enabled?
{Mon 01:04:22 Step:3920} Server_Comm.py: The agent lost 1 packet! Is syncmode enabled?
{Mon 01:04:22 Step:3922} Server_Comm.py: The agent lost 1 packet! Is syncmode enabled?
{Mon 01:04:22 Step:3925} Server_Comm.py: The agent lost 1 packet! Is syncmode enabled?
{Mon 01:04:22 Step:3928} Server_Comm.py: The agent lost 2 consecutive packets! Is syncmode disabled?
{Mon 01:04:22 Step:3931} Server_Comm.py: The agent lost 1 packet! Is syncmode enabled?
{Mon 01:04:22 Step:3939} Server_Comm.py: The agent lost 7 consecutive packets! Is syncmode disabled?
{Mon 01:04:22 Step:3945} Server_Comm.py: The agent lost 5 consecutive packets! Is syncmode disabled?
{Mon 01:04:22 Step:3948} Server_Comm.py: The agent lost 2 consecutive packets! Is syncmode disabled?
{Mon 01:04:22 Step:3950} Server_Comm.py: The agent lost 1 packet! Is syncmode enabled?
{Mon 01:04:22 Step:3954} Server_Comm.py: The agent lost 2 consecutive packets! Is syncmode disabled?
{Mon 01:04:22 Step:3956} Server_Comm.py: The agent lost 1 packet! Is syncmode enabled?
{Mon 01:04:22 Step:3960} Server_Comm.py: The agent lost 2 consecutive packets! Is syncmode disabled?
{Mon 01:04:22 Step:3962} Server_Comm.py: The agent lost 1 packet! Is syncmode enabled?
{Mon 01:04:22 Step:3966} Server_Comm.py: The agent lost 2 consecutive packets! Is syncmode disabled?
{Mon 01:04:22 Step:3968} Server_Comm.py: The agent lost 1 packet! Is syncmode enabled?
{Mon 01:04:22 Step:4010} Server_Comm.py: The agent lost 3 consecutive packets! Is syncmode disabled?
{Mon 01:04:22 Step:4012} Server_Comm.py: The agent lost 1 packet! Is syncmode enabled?
{Mon 01:04:22 Step:4014} Server_Comm.py: The agent lost 1 packet! Is syncmode enabled?
{Mon 01:04:22 Step:4017} Server_Comm.py: The agent lost 1 packet! Is syncmode enabled?
{Mon 01:04:22 Step:4019} Server_Comm.py: The agent lost 1 packet! Is syncmode enabled?
{Mon 01:04:23 Step:4022} Server_Comm.py: The agent lost 1 packet! Is syncmode enabled?
{Mon 01:04:23 Step:4024} Server_Comm.py: The agent lost 1 packet! Is syncmode enabled?
{Mon 01:04:23 Step:4026} Server_Comm.py: The agent lost 1 packet! Is syncmode enabled?
{Mon 01:04:23 Step:4028} Server_Comm.py: The agent lost 1 packet! Is syncmode enabled?
{Mon 01:04:23 Step:4031} Server_Comm.py: The agent lost 2 consecutive packets! Is syncmode disabled?
{Mon 01:04:23 Step:4034} Server_Comm.py: The agent lost 1 packet! Is syncmode enabled?
{Mon 01:04:23 Step:4036} Server_Comm.py: The agent lost 1 packet! Is syncmode enabled?
{Mon 01:04:23 Step:4048} Server_Comm.py: The agent lost 11 consecutive packets! Is syncmode disabled?
{Mon 01:04:23 Step:4053} Server_Comm.py: The agent lost 4 consecutive packets! Is syncmode disabled?
{Mon 01:04:23 Step:4056} Server_Comm.py: The agent lost 2 consecutive packets! Is syncmode disabled?
{Mon 01:04:23 Step:4058} Server_Comm.py: The agent lost 1 packet! Is syncmode enabled?
{Mon 01:04:23 Step:4060} Server_Comm.py: The agent lost 1 packet! Is syncmode enabled?
{Mon 01:04:23 Step:4063} Server_Comm.py: The agent lost 2 consecutive packets! Is syncmode disabled?
{Mon 01:04:23 Step:4066} Server_Comm.py: The agent lost 2 consecutive packets! Is syncmode disabled?
{Mon 01:04:23 Step:4069} Server_Comm.py: The agent lost 2 consecutive packets! Is syncmode disabled?
{Mon 01:04:23 Step:4072} Server_Comm.py: The agent lost 2 consecutive packets! Is syncmode disabled?
{Mon 01:04:23 Step:4076} Server_Comm.py: The agent lost 3 consecutive packets! Is syncmode disabled?
{Mon 01:04:23 Step:4079} Server_Comm.py: The agent lost 2 consecutive packets! Is syncmode disabled?
{Mon 01:04:23 Step:4083} Server_Comm.py: The agent lost 3 consecutive packets! Is syncmode disabled?
{Mon 01:04:23 Step:4088} Server_Comm.py: The agent lost 4 consecutive packets! Is syncmode disabled?
{Mon 01:04:23 Step:4092} Server_Comm.py: The agent lost 3 consecutive packets! Is syncmode disabled?
{Mon 01:04:23 Step:4095} Server_Comm.py: The agent lost 2 consecutive packets! Is syncmode disabled?
{Mon 01:04:23 Step:4097} Server_Comm.py: The agent lost 1 packet! Is syncmode enabled?
{Mon 01:04:23 Step:4100} Server_Comm.py: The agent lost 1 packet! Is syncmode enabled?
{Mon 01:04:23 Step:4102} Server_Comm.py: The agent lost 1 packet! Is syncmode enabled?
{Mon 01:04:23 Step:4105} Server_Comm.py: The agent lost 2 consecutive packets! Is syncmode disabled?
{Mon 01:04:23 Step:4108} Server_Comm.py: The agent lost 2 consecutive packets! Is syncmode disabled?
{Mon 01:04:23 Step:4111} Server_Comm.py: The agent lost 2 consecutive packets! Is syncmode disabled?
{Mon 01:04:23 Step:4116} Server_Comm.py: The agent lost 4 consecutive packets! Is syncmode disabled?
{Mon 01:04:23 Step:4120} Server_Comm.py: The agent lost 3 consecutive packets! Is syncmode disabled?
{Mon 01:04:23 Step:4125} Server_Comm.py: The agent lost 4 consecutive packets! Is syncmode disabled?
{Mon 01:04:23 Step:4136} Server_Comm.py: The agent lost 10 consecutive packets! Is syncmode disabled?
{Mon 01:04:23 Step:4140} Server_Comm.py: The agent lost 3 consecutive packets! Is syncmode disabled?
{Mon 01:04:23 Step:4142} Server_Comm.py: The agent lost 1 packet! Is syncmode enabled?
{Mon 01:04:23 Step:4146} Server_Comm.py: The agent lost 2 consecutive packets! Is syncmode disabled?
{Mon 01:04:23 Step:4148} Server_Comm.py: The agent lost 1 packet! Is syncmode enabled?
{Mon 01:04:23 Step:4152} Server_Comm.py: The agent lost 2 consecutive packets! Is syncmode disabled?
{Mon 01:04:23 Step:4154} Server_Comm.py: The agent lost 1 packet! Is syncmode enabled?
{Mon 01:04:23 Step:4156} Server_Comm.py: The agent lost 1 packet! Is syncmode enabled?
{Mon 01:04:23 Step:4160} Server_Comm.py: The agent lost 2 consecutive packets! Is syncmode disabled?
{Mon 01:04:23 Step:4163} Server_Comm.py: The agent lost 1 packet! Is syncmode enabled?
{Mon 01:04:23 Step:4166} Server_Comm.py: The agent lost 2 consecutive packets! Is syncmode disabled?
{Mon 01:04:23 Step:4168} Server_Comm.py: The agent lost 1 packet! Is syncmode enabled?
{Mon 01:04:23 Step:4170} Server_Comm.py: The agent lost 1 packet! Is syncmode enabled?
{Mon 01:04:23 Step:4170} Server_Comm.py: Received a new packet while thinking!
{Mon 01:04:23 Step:4231} Server_Comm.py: The agent lost 60 consecutive packets! Is syncmode disabled?
{Mon 01:04:23 Step:4289} Server_Comm.py: The agent lost 57 consecutive packets! Is syncmode disabled?
{Mon 01:04:23 Step:4298} Server_Comm.py: The agent lost 8 consecutive packets! Is syncmode disabled?
{Mon 01:04:23 Step:4300} Server_Comm.py: The agent lost 1 packet! Is syncmode enabled?
{Mon 01:04:23 Step:4303} Server_Comm.py: The agent lost 1 packet! Is syncmode enabled?
{Mon 01:04:23 Step:4347} Server_Comm.py: The agent lost 1 packet! Is syncmode enabled?
{Mon 01:04:23 Step:4350} Server_Comm.py: The agent lost 1 packet! Is syncmode enabled?
{Mon 01:04:23 Step:4353} Server_Comm.py: The agent lost 1 packet! Is syncmode enabled?
{Mon 01:04:23 Step:4372} Server_Comm.py: The agent lost 1 packet! Is syncmode enabled?
{Mon 01:04:23 Step:4378} Server_Comm.py: The agent lost 1 packet! Is syncmode enabled?
{Mon 01:04:23 Step:4383} Server_Comm.py: The agent lost 2 consecutive packets! Is syncmode disabled?
{Mon 01:04:23 Step:4386} Server_Comm.py: The agent lost 2 consecutive packets! Is syncmode disabled?
{Mon 01:04:23 Step:4395} Server_Comm.py: The agent lost 1 packet! Is syncmode enabled?
{Mon 01:04:23 Step:4398} Server_Comm.py: The agent lost 2 consecutive packets! Is syncmode disabled?
{Mon 01:04:23 Step:4420} Server_Comm.py: The agent lost 21 consecutive packets! Is syncmode disabled?
{Mon 01:04:23 Step:4426} Server_Comm.py: The agent lost 5 consecutive packets! Is syncmode disabled?
{Mon 01:04:23 Step:4430} Server_Comm.py: The agent lost 2 consecutive packets! Is syncmode disabled?
{Mon 01:04:23 Step:4432} Server_Comm.py: The agent lost 1 packet! Is syncmode enabled?
{Mon 01:04:23 Step:4436} Server_Comm.py: The agent lost 2 consecutive packets! Is syncmode disabled?
{Mon 01:04:23 Step:4439} Server_Comm.py: The agent lost 1 packet! Is syncmode enabled?
{Mon 01:04:23 Step:4442} Server_Comm.py: The agent lost 2 consecutive packets! Is syncmode disabled?
{Mon 01:04:23 Step:4442} Server_Comm.py: Received a new packet while thinking!
{Mon 01:04:23 Step:4655} Server_Comm.py: The agent lost 212 consecutive packets! Is syncmode disabled?
{Mon 01:04:23 Step:4655} Server_Comm.py: Received a new packet while on world.update()!
{Mon 01:04:23 Step:4657} Server_Comm.py: The agent lost 1 packet! Is syncmode enabled?
{Mon 01:04:23 Step:4657} Server_Comm.py: Received a new packet while on world.update()!
{Mon 01:04:23 Step:4658} Server_Comm.py: Received a new packet while on world.update()!
{Mon 01:04:23 Step:4659} Server_Comm.py: Received a new packet while on world.update()!
{Mon 01:04:23 Step:4660} Server_Comm.py: Received a new packet while on world.update()!
{Mon 01:04:23 Step:4661} Server_Comm.py: Received a new packet while thinking!
{Mon 01:04:23 Step:4725} Server_Comm.py: The agent lost 61 consecutive packets! Is syncmode disabled?
{Mon 01:04:23 Step:4741} Server_Comm.py: The agent lost 15 consecutive packets! Is syncmode disabled?
{Mon 01:04:23 Step:4748} Server_Comm.py: The agent lost 6 consecutive packets! Is syncmode disabled?
{Mon 01:04:23 Step:4751} Server_Comm.py: The agent lost 2 consecutive packets! Is syncmode disabled?
{Mon 01:04:23 Step:4753} Server_Comm.py: The agent lost 1 packet! Is syncmode enabled?
{Mon 01:04:23 Step:4755} Server_Comm.py: The agent lost 1 packet! Is syncmode enabled?
{Mon 01:04:23 Step:4761} Server_Comm.py: The agent lost 1 packet! Is syncmode enabled?
{Mon 01:04:23 Step:4763} Server_Comm.py: The agent lost 1 packet! Is syncmode enabled?
{Mon 01:04:23 Step:4765} Server_Comm.py: The agent lost 1 packet! Is syncmode enabled?
{Mon 01:04:23 Step:4767} Server_Comm.py: The agent lost 1 packet! Is syncmode enabled?
{Mon 01:04:23 Step:4769} Server_Comm.py: The agent lost 1 packet! Is syncmode enabled?
{Mon 01:04:23 Step:4771} Server_Comm.py: The agent lost 1 packet! Is syncmode enabled?
{Mon 01:04:23 Step:4776} Server_Comm.py: The agent lost 1 packet! Is syncmode enabled?
{Mon 01:04:23 Step:4780} Server_Comm.py: The agent lost 1 packet! Is syncmode enabled?
{Mon 01:04:23 Step:4782} Server_Comm.py: The agent lost 1 packet! Is syncmode enabled?
{Mon 01:04:23 Step:4787} Server_Comm.py: The agent lost 1 packet! Is syncmode enabled?
{Mon 01:04:23 Step:4790} Server_Comm.py: The agent lost 1 packet! Is syncmode enabled?
{Mon 01:04:23 Step:4802} Server_Comm.py: The agent lost 1 packet! Is syncmode enabled?
{Mon 01:04:23 Step:4804} Server_Comm.py: The agent lost 1 packet! Is syncmode enabled?
{Mon 01:04:23 Step:4808} Server_Comm.py: The agent lost 1 packet! Is syncmode enabled?
{Mon 01:04:23 Step:4818} Server_Comm.py: The agent lost 1 packet! Is syncmode enabled?
{Mon 01:04:23 Step:4838} Server_Comm.py: The agent lost 1 packet! Is syncmode enabled?
{Mon 01:04:23 Step:4840} Server_Comm.py: The agent lost 1 packet! Is syncmode enabled?
{Mon 01:04:23 Step:4854} Server_Comm.py: The agent lost 2 consecutive packets! Is syncmode disabled?
{Mon 01:04:23 Step:4858} Server_Comm.py: The agent lost 2 consecutive packets! Is syncmode disabled?
{Mon 01:04:23 Step:4862} Server_Comm.py: The agent lost 3 consecutive packets! Is syncmode disabled?
{Mon 01:04:23 Step:4864} Server_Comm.py: The agent lost 1 packet! Is syncmode enabled?
{Mon 01:04:23 Step:4867} Server_Comm.py: The agent lost 1 packet! Is syncmode enabled?
{Mon 01:04:23 Step:4870} Server_Comm.py: The agent lost 2 consecutive packets! Is syncmode disabled?
{Mon 01:04:23 Step:4873} Server_Comm.py: The agent lost 1 packet! Is syncmode enabled?
{Mon 01:04:23 Step:4877} Server_Comm.py: The agent lost 3 consecutive packets! Is syncmode disabled?
{Mon 01:04:23 Step:4880} Server_Comm.py: The agent lost 2 consecutive packets! Is syncmode disabled?
{Mon 01:04:23 Step:4882} Server_Comm.py: The agent lost 1 packet! Is syncmode enabled?
{Mon 01:04:23 Step:4884} Server_Comm.py: The agent lost 1 packet! Is syncmode enabled?
{Mon 01:04:23 Step:4886} Server_Comm.py: The agent lost 1 packet! Is syncmode enabled?
{Mon 01:04:23 Step:4890} Server_Comm.py: The agent lost 2 consecutive packets! Is syncmode disabled?
{Mon 01:04:23 Step:4895} Server_Comm.py: The agent lost 1 packet! Is syncmode enabled?
{Mon 01:04:23 Step:4898} Server_Comm.py: The agent lost 2 consecutive packets! Is syncmode disabled?
{Mon 01:04:23 Step:4900} Server_Comm.py: The agent lost 1 packet! Is syncmode enabled?
{Mon 01:04:23 Step:4904} Server_Comm.py: The agent lost 2 consecutive packets! Is syncmode disabled?
{Mon 01:04:23 Step:4908} Server_Comm.py: The agent lost 2 consecutive packets! Is syncmode disabled?
{Mon 01:04:23 Step:4910} Server_Comm.py: The agent lost 1 packet! Is syncmode enabled?
{Mon 01:04:23 Step:4912} Server_Comm.py: The agent lost 1 packet! Is syncmode enabled?
{Mon 01:04:23 Step:4915} Server_Comm.py: The agent lost 1 packet! Is syncmode enabled?
{Mon 01:04:23 Step:4917} Server_Comm.py: The agent lost 1 packet! Is syncmode enabled?
{Mon 01:04:23 Step:4920} Server_Comm.py: The agent lost 2 consecutive packets! Is syncmode disabled?
{Mon 01:04:23 Step:4922} Server_Comm.py: The agent lost 1 packet! Is syncmode enabled?
{Mon 01:04:23 Step:4925} Server_Comm.py: The agent lost 1 packet! Is syncmode enabled?
{Mon 01:04:23 Step:4928} Server_Comm.py: The agent lost 2 consecutive packets! Is syncmode disabled?
{Mon 01:04:23 Step:4931} Server_Comm.py: The agent lost 1 packet! Is syncmode enabled?
{Mon 01:04:23 Step:4933} Server_Comm.py: The agent lost 1 packet! Is syncmode enabled?
{Mon 01:04:23 Step:4935} Server_Comm.py: The agent lost 1 packet! Is syncmode enabled?
{Mon 01:04:23 Step:4937} Server_Comm.py: The agent lost 1 packet! Is syncmode enabled?
{Mon 01:04:23 Step:4939} Server_Comm.py: The agent lost 1 packet! Is syncmode enabled?
{Mon 01:04:23 Step:4942} Server_Comm.py: The agent lost 2 consecutive packets! Is syncmode disabled?
{Mon 01:04:23 Step:4945} Server_Comm.py: The agent lost 1 packet! Is syncmode enabled?
{Mon 01:04:23 Step:4948} Server_Comm.py: The agent lost 2 consecutive packets! Is syncmode disabled?
{Mon 01:04:23 Step:4952} Server_Comm.py: The agent lost 2 consecutive packets! Is syncmode disabled?
{Mon 01:04:23 Step:4954} Server_Comm.py: The agent lost 1 packet! Is syncmode enabled?
{Mon 01:04:23 Step:4958} Server_Comm.py: The agent lost 2 consecutive packets! Is syncmode disabled?
{Mon 01:04:23 Step:4961} Server_Comm.py: The agent lost 1 packet! Is syncmode enabled?
{Mon 01:04:23 Step:4963} Server_Comm.py: The agent lost 1 packet! Is syncmode enabled?
{Mon 01:04:23 Step:4966} Server_Comm.py: The agent lost 2 consecutive packets! Is syncmode disabled?
{Mon 01:04:23 Step:4968} Server_Comm.py: The agent lost 1 packet! Is syncmode enabled?
{Mon 01:04:23 Step:4970} Server_Comm.py: The agent lost 1 packet! Is syncmode enabled?
{Mon 01:04:23 Step:4973} Server_Comm.py: The agent lost 1 packet! Is syncmode enabled?
{Mon 01:04:23 Step:4975} Server_Comm.py: The agent lost 1 packet! Is syncmode enabled?
{Mon 01:04:23 Step:4978} Server_Comm.py: The agent lost 2 consecutive packets! Is syncmode disabled?
{Mon 01:04:23 Step:4982} Server_Comm.py: The agent lost 2 consecutive packets! Is syncmode disabled?
{Mon 01:04:23 Step:4984} Server_Comm.py: The agent lost 1 packet! Is syncmode enabled?
{Mon 01:04:23 Step:4986} Server_Comm.py: The agent lost 1 packet! Is syncmode enabled?
{Mon 01:04:23 Step:4990} Server_Comm.py: The agent lost 2 consecutive packets! Is syncmode disabled?
{Mon 01:04:23 Step:4992} Server_Comm.py: The agent lost 1 packet! Is syncmode enabled?
{Mon 01:04:23 Step:5000} Server_Comm.py: The agent lost 2 consecutive packets! Is syncmode disabled?
{Mon 01:04:23 Step:5002} Server_Comm.py: The agent lost 1 packet! Is syncmode enabled?
{Mon 01:04:23 Step:5005} Server_Comm.py: The agent lost 1 packet! Is syncmode enabled?
{Mon 01:04:23 Step:5008} Server_Comm.py: The agent lost 2 consecutive packets! Is syncmode disabled?
{Mon 01:04:23 Step:5010} Server_Comm.py: The agent lost 1 packet! Is syncmode enabled?
{Mon 01:04:23 Step:5014} Server_Comm.py: The agent lost 2 consecutive packets! Is syncmode disabled?
{Mon 01:04:23 Step:5016} Server_Comm.py: The agent lost 1 packet! Is syncmode enabled?
{Mon 01:04:23 Step:5020} Server_Comm.py: The agent lost 2 consecutive packets! Is syncmode disabled?
{Mon 01:04:23 Step:5022} Server_Comm.py: The agent lost 1 packet! Is syncmode enabled?
{Mon 01:04:23 Step:5024} Server_Comm.py: The agent lost 1 packet! Is syncmode enabled?
{Mon 01:04:23 Step:5026} Server_Comm.py: The agent lost 1 packet! Is syncmode enabled?
{Mon 01:04:23 Step:5030} Server_Comm.py: The agent lost 2 consecutive packets! Is syncmode disabled?
{Mon 01:04:23 Step:5032} Server_Comm.py: The agent lost 1 packet! Is syncmode enabled?
{Mon 01:04:23 Step:5034} Server_Comm.py: The agent lost 1 packet! Is syncmode enabled?
{Mon 01:04:23 Step:5038} Server_Comm.py: The agent lost 2 consecutive packets! Is syncmode disabled?
{Mon 01:04:23 Step:5040} Server_Comm.py: The agent lost 1 packet! Is syncmode enabled?
{Mon 01:04:23 Step:5042} Server_Comm.py: The agent lost 1 packet! Is syncmode enabled?
{Mon 01:04:23 Step:5044} Server_Comm.py: The agent lost 1 packet! Is syncmode enabled?
{Mon 01:04:23 Step:5046} Server_Comm.py: The agent lost 1 packet! Is syncmode enabled?
{Mon 01:04:23 Step:5052} Server_Comm.py: The agent lost 5 consecutive packets! Is syncmode disabled?
{Mon 01:04:23 Step:5054} Server_Comm.py: The agent lost 1 packet! Is syncmode enabled?
{Mon 01:04:23 Step:5056} Server_Comm.py: The agent lost 1 packet! Is syncmode enabled?
{Mon 01:04:23 Step:5060} Server_Comm.py: The agent lost 2 consecutive packets! Is syncmode disabled?
{Mon 01:04:23 Step:5064} Server_Comm.py: The agent lost 2 consecutive packets! Is syncmode disabled?
{Mon 01:04:23 Step:5067} Server_Comm.py: The agent lost 1 packet! Is syncmode enabled?
{Mon 01:04:23 Step:5070} Server_Comm.py: The agent lost 2 consecutive packets! Is syncmode disabled?
{Mon 01:04:23 Step:5072} Server_Comm.py: The agent lost 1 packet! Is syncmode enabled?
{Mon 01:04:23 Step:5076} Server_Comm.py: The agent lost 2 consecutive packets! Is syncmode disabled?
{Mon 01:04:23 Step:5080} Server_Comm.py: The agent lost 2 consecutive packets! Is syncmode disabled?
{Mon 01:04:23 Step:5082} Server_Comm.py: The agent lost 1 packet! Is syncmode enabled?
{Mon 01:04:23 Step:5084} Server_Comm.py: The agent lost 1 packet! Is syncmode enabled?
{Mon 01:04:23 Step:5087} Server_Comm.py: The agent lost 1 packet! Is syncmode enabled?
{Mon 01:04:23 Step:5090} Server_Comm.py: The agent lost 2 consecutive packets! Is syncmode disabled?
{Mon 01:04:23 Step:5092} Server_Comm.py: The agent lost 1 packet! Is syncmode enabled?
{Mon 01:04:23 Step:5094} Server_Comm.py: The agent lost 1 packet! Is syncmode enabled?
{Mon 01:04:23 Step:5097} Server_Comm.py: The agent lost 1 packet! Is syncmode enabled?
{Mon 01:04:23 Step:5100} Server_Comm.py: The agent lost 2 consecutive packets! Is syncmode disabled?
{Mon 01:04:23 Step:5102} Server_Comm.py: The agent lost 1 packet! Is syncmode enabled?
{Mon 01:04:23 Step:5106} Server_Comm.py: The agent lost 2 consecutive packets! Is syncmode disabled?
{Mon 01:04:23 Step:5108} Server_Comm.py: The agent lost 1 packet! Is syncmode enabled?
{Mon 01:04:23 Step:5112} Server_Comm.py: The agent lost 2 consecutive packets! Is syncmode disabled?
{Mon 01:04:23 Step:5116} Server_Comm.py: The agent lost 2 consecutive packets! Is syncmode disabled?
{Mon 01:04:23 Step:5118} Server_Comm.py: The agent lost 1 packet! Is syncmode enabled?
{Mon 01:04:23 Step:5121} Server_Comm.py: The agent lost 1 packet! Is syncmode enabled?
{Mon 01:04:23 Step:5124} Server_Comm.py: The agent lost 2 consecutive packets! Is syncmode disabled?
{Mon 01:04:23 Step:5126} Server_Comm.py: The agent lost 1 packet! Is syncmode enabled?
{Mon 01:04:23 Step:5128} Server_Comm.py: The agent lost 1 packet! Is syncmode enabled?
{Mon 01:04:23 Step:5146} Server_Comm.py: The agent lost 1 packet! Is syncmode enabled?
{Mon 01:04:23 Step:5183} Server_Comm.py: The agent lost 1 packet! Is syncmode enabled?
{Mon 01:04:23 Step:5183} Server_Comm.py: Received a new packet while thinking!
