{Thu 00:28:42 Step:154} Server_Comm.py: Received a new packet while on world.update()!
{Thu 00:28:43 Step:175} Server_Comm.py: The agent lost 1 packet! Is syncmode enabled?
{Thu 00:28:43 Step:175} Server_Comm.py: Received a new packet while thinking!
{Thu 00:28:43 Step:177} Server_Comm.py: Received a new packet while thinking!
{Thu 00:28:43 Step:179} Server_Comm.py: Received a new packet while thinking!
{Thu 00:28:43 Step:181} Server_Comm.py: The agent lost 1 packet! Is syncmode enabled?
{Thu 00:28:43 Step:181} Server_Comm.py: Received a new packet while thinking!
{Thu 00:28:43 Step:184} Server_Comm.py: The agent lost 2 consecutive packets! Is syncmode disabled?
{Thu 00:28:43 Step:184} Server_Comm.py: Received a new packet while thinking!
{Thu 00:28:43 Step:186} Server_Comm.py: The agent lost 1 packet! Is syncmode enabled?
{Thu 00:28:43 Step:186} Server_Comm.py: Received a new packet while thinking!
{Thu 00:28:43 Step:189} Server_Comm.py: The agent lost 2 consecutive packets! Is syncmode disabled?
{Thu 00:28:43 Step:189} Server_Comm.py: Received a new packet while thinking!
{Thu 00:28:43 Step:191} Server_Comm.py: The agent lost 1 packet! Is syncmode enabled?
{Thu 00:28:43 Step:191} Server_Comm.py: Received a new packet while thinking!
{Thu 00:28:43 Step:193} Server_Comm.py: The agent lost 1 packet! Is syncmode enabled?
{Thu 00:28:43 Step:193} Server_Comm.py: Received a new packet while thinking!
{Thu 00:28:43 Step:195} Server_Comm.py: The agent lost 1 packet! Is syncmode enabled?
{Thu 00:28:43 Step:195} Server_Comm.py: Received a new packet while thinking!
{Thu 00:28:43 Step:197} Server_Comm.py: The agent lost 1 packet! Is syncmode enabled?
{Thu 00:28:43 Step:197} Server_Comm.py: Received a new packet while thinking!
{Thu 00:28:43 Step:199} Server_Comm.py: The agent lost 1 packet! Is syncmode enabled?
{Thu 00:28:43 Step:199} Server_Comm.py: Received a new packet while thinking!
{Thu 00:28:43 Step:201} Server_Comm.py: The agent lost 1 packet! Is syncmode enabled?
{Thu 00:28:43 Step:201} Server_Comm.py: Received a new packet while thinking!
{Thu 00:28:43 Step:203} Server_Comm.py: The agent lost 1 packet! Is syncmode enabled?
{Thu 00:28:43 Step:203} Server_Comm.py: Received a new packet while thinking!
{Thu 00:28:43 Step:205} Server_Comm.py: The agent lost 1 packet! Is syncmode enabled?
{Thu 00:28:43 Step:205} Server_Comm.py: Received a new packet while thinking!
{Thu 00:28:43 Step:206} Server_Comm.py: Received a new packet while on world.update()!
{Thu 00:28:43 Step:207} Server_Comm.py: Received a new packet while thinking!
{Thu 00:28:43 Step:208} Server_Comm.py: Received a new packet while thinking!
{Thu 00:28:43 Step:210} Server_Comm.py: The agent lost 1 packet! Is syncmode enabled?
{Thu 00:28:43 Step:210} Server_Comm.py: Received a new packet while thinking!
{Thu 00:28:43 Step:212} Server_Comm.py: The agent lost 1 packet! Is syncmode enabled?
{Thu 00:28:43 Step:212} Server_Comm.py: Received a new packet while thinking!
{Thu 00:28:43 Step:214} Server_Comm.py: The agent lost 1 packet! Is syncmode enabled?
{Thu 00:28:43 Step:214} Server_Comm.py: Received a new packet while thinking!
{Thu 00:28:43 Step:216} Server_Comm.py: The agent lost 1 packet! Is syncmode enabled?
{Thu 00:28:43 Step:216} Server_Comm.py: Received a new packet while thinking!
{Thu 00:28:43 Step:218} Server_Comm.py: The agent lost 1 packet! Is syncmode enabled?
{Thu 00:28:43 Step:218} Server_Comm.py: Received a new packet while thinking!
{Thu 00:28:43 Step:219} Server_Comm.py: Received a new packet while thinking!
{Thu 00:28:43 Step:221} Server_Comm.py: The agent lost 1 packet! Is syncmode enabled?
{Thu 00:28:43 Step:221} Server_Comm.py: Received a new packet while thinking!
{Thu 00:28:43 Step:223} Server_Comm.py: The agent lost 1 packet! Is syncmode enabled?
{Thu 00:28:44 Step:223} Server_Comm.py: Received a new packet while thinking!
{Thu 00:28:44 Step:225} Server_Comm.py: The agent lost 1 packet! Is syncmode enabled?
{Thu 00:28:44 Step:225} Server_Comm.py: Received a new packet while thinking!
{Thu 00:28:44 Step:226} Server_Comm.py: Received a new packet while on world.update()!
{Thu 00:28:44 Step:227} Server_Comm.py: Received a new packet while thinking!
{Thu 00:28:44 Step:229} Server_Comm.py: The agent lost 1 packet! Is syncmode enabled?
{Thu 00:28:44 Step:229} Server_Comm.py: Received a new packet while thinking!
{Thu 00:28:44 Step:231} Server_Comm.py: The agent lost 1 packet! Is syncmode enabled?
{Thu 00:28:44 Step:231} Server_Comm.py: Received a new packet while thinking!
{Thu 00:28:44 Step:233} Server_Comm.py: The agent lost 1 packet! Is syncmode enabled?
{Thu 00:28:44 Step:233} Server_Comm.py: Received a new packet while thinking!
{Thu 00:28:44 Step:235} Server_Comm.py: The agent lost 1 packet! Is syncmode enabled?
{Thu 00:28:44 Step:235} Server_Comm.py: Received a new packet while thinking!
{Thu 00:28:44 Step:237} Server_Comm.py: The agent lost 1 packet! Is syncmode enabled?
{Thu 00:28:44 Step:237} Server_Comm.py: Received a new packet while thinking!
{Thu 00:28:44 Step:239} Server_Comm.py: The agent lost 1 packet! Is syncmode enabled?
{Thu 00:28:44 Step:239} Server_Comm.py: Received a new packet while thinking!
{Thu 00:28:44 Step:242} Server_Comm.py: The agent lost 2 consecutive packets! Is syncmode disabled?
{Thu 00:28:44 Step:242} Server_Comm.py: Received a new packet while thinking!
{Thu 00:28:44 Step:244} Server_Comm.py: The agent lost 1 packet! Is syncmode enabled?
{Thu 00:28:44 Step:244} Server_Comm.py: Received a new packet while thinking!
{Thu 00:28:44 Step:246} Server_Comm.py: The agent lost 1 packet! Is syncmode enabled?
{Thu 00:28:44 Step:246} Server_Comm.py: Received a new packet while thinking!
{Thu 00:28:44 Step:248} Server_Comm.py: The agent lost 1 packet! Is syncmode enabled?
{Thu 00:28:44 Step:248} Server_Comm.py: Received a new packet while thinking!
{Thu 00:28:44 Step:250} Server_Comm.py: The agent lost 1 packet! Is syncmode enabled?
{Thu 00:28:44 Step:250} Server_Comm.py: Received a new packet while thinking!
{Thu 00:28:44 Step:252} Server_Comm.py: The agent lost 1 packet! Is syncmode enabled?
{Thu 00:28:44 Step:252} Server_Comm.py: Received a new packet while thinking!
{Thu 00:28:44 Step:253} Server_Comm.py: Received a new packet while thinking!
{Thu 00:28:44 Step:255} Server_Comm.py: The agent lost 1 packet! Is syncmode enabled?
{Thu 00:28:44 Step:255} Server_Comm.py: Received a new packet while thinking!
{Thu 00:28:44 Step:256} Server_Comm.py: Received a new packet while thinking!
{Thu 00:28:44 Step:258} Server_Comm.py: The agent lost 1 packet! Is syncmode enabled?
{Thu 00:28:44 Step:258} Server_Comm.py: Received a new packet while thinking!
{Thu 00:28:44 Step:260} Server_Comm.py: The agent lost 1 packet! Is syncmode enabled?
{Thu 00:28:44 Step:260} Server_Comm.py: Received a new packet while thinking!
{Thu 00:28:44 Step:261} Server_Comm.py: Received a new packet while thinking!
{Thu 00:28:44 Step:263} Server_Comm.py: The agent lost 1 packet! Is syncmode enabled?
{Thu 00:28:44 Step:263} Server_Comm.py: Received a new packet while thinking!
{Thu 00:28:44 Step:264} Server_Comm.py: Received a new packet while thinking!
{Thu 00:28:44 Step:266} Server_Comm.py: The agent lost 1 packet! Is syncmode enabled?
{Thu 00:28:44 Step:266} Server_Comm.py: Received a new packet while thinking!
{Thu 00:28:44 Step:268} Server_Comm.py: The agent lost 1 packet! Is syncmode enabled?
{Thu 00:28:44 Step:268} Server_Comm.py: Received a new packet while thinking!
{Thu 00:28:44 Step:270} Server_Comm.py: The agent lost 1 packet! Is syncmode enabled?
{Thu 00:28:44 Step:270} Server_Comm.py: Received a new packet while thinking!
{Thu 00:28:44 Step:272} Server_Comm.py: The agent lost 1 packet! Is syncmode enabled?
{Thu 00:28:44 Step:272} Server_Comm.py: Received a new packet while thinking!
{Thu 00:28:45 Step:273} Server_Comm.py: Received a new packet while thinking!
{Thu 00:28:45 Step:275} Server_Comm.py: The agent lost 1 packet! Is syncmode enabled?
{Thu 00:28:45 Step:275} Server_Comm.py: Received a new packet while thinking!
{Thu 00:28:45 Step:277} Server_Comm.py: The agent lost 1 packet! Is syncmode enabled?
{Thu 00:28:45 Step:277} Server_Comm.py: Received a new packet while thinking!
{Thu 00:28:45 Step:279} Server_Comm.py: The agent lost 1 packet! Is syncmode enabled?
{Thu 00:28:45 Step:279} Server_Comm.py: Received a new packet while thinking!
{Thu 00:28:45 Step:281} Server_Comm.py: The agent lost 1 packet! Is syncmode enabled?
{Thu 00:28:45 Step:281} Server_Comm.py: Received a new packet while thinking!
{Thu 00:28:45 Step:282} Server_Comm.py: Received a new packet while thinking!
{Thu 00:28:45 Step:284} Server_Comm.py: The agent lost 1 packet! Is syncmode enabled?
{Thu 00:28:45 Step:284} Server_Comm.py: Received a new packet while thinking!
{Thu 00:28:45 Step:285} Server_Comm.py: Received a new packet while thinking!
{Thu 00:28:45 Step:287} Server_Comm.py: The agent lost 1 packet! Is syncmode enabled?
{Thu 00:28:45 Step:287} Server_Comm.py: Received a new packet while thinking!
{Thu 00:28:45 Step:288} Server_Comm.py: Received a new packet while thinking!
{Thu 00:28:45 Step:290} Server_Comm.py: The agent lost 1 packet! Is syncmode enabled?
{Thu 00:28:45 Step:290} Server_Comm.py: Received a new packet while thinking!
{Thu 00:28:45 Step:292} Server_Comm.py: The agent lost 1 packet! Is syncmode enabled?
{Thu 00:28:45 Step:292} Server_Comm.py: Received a new packet while thinking!
{Thu 00:28:45 Step:294} Server_Comm.py: The agent lost 1 packet! Is syncmode enabled?
{Thu 00:28:45 Step:294} Server_Comm.py: Received a new packet while thinking!
{Thu 00:28:45 Step:296} Server_Comm.py: The agent lost 1 packet! Is syncmode enabled?
{Thu 00:28:45 Step:296} Server_Comm.py: Received a new packet while thinking!
{Thu 00:28:45 Step:297} Server_Comm.py: Received a new packet while thinking!
{Thu 00:28:45 Step:299} Server_Comm.py: The agent lost 1 packet! Is syncmode enabled?
{Thu 00:28:45 Step:299} Server_Comm.py: Received a new packet while thinking!
{Thu 00:28:45 Step:300} Server_Comm.py: Received a new packet while thinking!
{Thu 00:28:45 Step:302} Server_Comm.py: The agent lost 1 packet! Is syncmode enabled?
{Thu 00:28:45 Step:302} Server_Comm.py: Received a new packet while thinking!
{Thu 00:28:45 Step:304} Server_Comm.py: The agent lost 1 packet! Is syncmode enabled?
{Thu 00:28:45 Step:304} Server_Comm.py: Received a new packet while thinking!
{Thu 00:28:45 Step:305} Server_Comm.py: Received a new packet while thinking!
{Thu 00:28:45 Step:307} Server_Comm.py: The agent lost 1 packet! Is syncmode enabled?
{Thu 00:28:45 Step:307} Server_Comm.py: Received a new packet while thinking!
{Thu 00:28:45 Step:309} Server_Comm.py: The agent lost 1 packet! Is syncmode enabled?
{Thu 00:28:45 Step:309} Server_Comm.py: Received a new packet while thinking!
{Thu 00:28:45 Step:311} Server_Comm.py: The agent lost 1 packet! Is syncmode enabled?
{Thu 00:28:45 Step:311} Server_Comm.py: Received a new packet while thinking!
{Thu 00:28:45 Step:312} Server_Comm.py: Received a new packet while thinking!
{Thu 00:28:45 Step:314} Server_Comm.py: The agent lost 1 packet! Is syncmode enabled?
{Thu 00:28:45 Step:314} Server_Comm.py: Received a new packet while thinking!
{Thu 00:28:45 Step:315} Server_Comm.py: Received a new packet while thinking!
{Thu 00:28:45 Step:317} Server_Comm.py: The agent lost 1 packet! Is syncmode enabled?
{Thu 00:28:45 Step:317} Server_Comm.py: Received a new packet while thinking!
{Thu 00:28:45 Step:319} Server_Comm.py: The agent lost 1 packet! Is syncmode enabled?
{Thu 00:28:45 Step:319} Server_Comm.py: Received a new packet while thinking!
{Thu 00:28:45 Step:321} Server_Comm.py: The agent lost 1 packet! Is syncmode enabled?
{Thu 00:28:45 Step:321} Server_Comm.py: Received a new packet while thinking!
{Thu 00:28:46 Step:322} Server_Comm.py: Received a new packet while thinking!
{Thu 00:28:46 Step:324} Server_Comm.py: The agent lost 1 packet! Is syncmode enabled?
{Thu 00:28:46 Step:324} Server_Comm.py: Received a new packet while thinking!
{Thu 00:28:46 Step:326} Server_Comm.py: The agent lost 1 packet! Is syncmode enabled?
{Thu 00:28:46 Step:326} Server_Comm.py: Received a new packet while thinking!
{Thu 00:28:46 Step:327} Server_Comm.py: Received a new packet while thinking!
{Thu 00:28:46 Step:329} Server_Comm.py: The agent lost 1 packet! Is syncmode enabled?
{Thu 00:28:46 Step:329} Server_Comm.py: Received a new packet while thinking!
{Thu 00:28:46 Step:330} Server_Comm.py: Received a new packet while thinking!
{Thu 00:28:46 Step:332} Server_Comm.py: The agent lost 1 packet! Is syncmode enabled?
{Thu 00:28:46 Step:332} Server_Comm.py: Received a new packet while thinking!
{Thu 00:28:46 Step:334} Server_Comm.py: The agent lost 1 packet! Is syncmode enabled?
{Thu 00:28:46 Step:334} Server_Comm.py: Received a new packet while thinking!
{Thu 00:28:46 Step:335} Server_Comm.py: Received a new packet while thinking!
{Thu 00:28:46 Step:337} Server_Comm.py: The agent lost 1 packet! Is syncmode enabled?
{Thu 00:28:46 Step:337} Server_Comm.py: Received a new packet while thinking!
{Thu 00:28:46 Step:339} Server_Comm.py: The agent lost 1 packet! Is syncmode enabled?
{Thu 00:28:46 Step:339} Server_Comm.py: Received a new packet while thinking!
{Thu 00:28:46 Step:341} Server_Comm.py: The agent lost 1 packet! Is syncmode enabled?
{Thu 00:28:46 Step:341} Server_Comm.py: Received a new packet while thinking!
{Thu 00:28:46 Step:342} Server_Comm.py: Received a new packet while thinking!
{Thu 00:28:46 Step:343} Server_Comm.py: Received a new packet while thinking!
{Thu 00:28:46 Step:345} Server_Comm.py: The agent lost 1 packet! Is syncmode enabled?
{Thu 00:28:46 Step:345} Server_Comm.py: Received a new packet while thinking!
{Thu 00:28:46 Step:347} Server_Comm.py: The agent lost 1 packet! Is syncmode enabled?
{Thu 00:28:46 Step:347} Server_Comm.py: Received a new packet while thinking!
{Thu 00:28:46 Step:348} Server_Comm.py: Received a new packet while thinking!
{Thu 00:28:46 Step:349} Server_Comm.py: Received a new packet while thinking!
{Thu 00:28:46 Step:351} Server_Comm.py: The agent lost 1 packet! Is syncmode enabled?
{Thu 00:28:46 Step:351} Server_Comm.py: Received a new packet while thinking!
{Thu 00:28:46 Step:353} Server_Comm.py: The agent lost 1 packet! Is syncmode enabled?
{Thu 00:28:46 Step:353} Server_Comm.py: Received a new packet while thinking!
{Thu 00:28:46 Step:354} Server_Comm.py: Received a new packet while thinking!
{Thu 00:28:46 Step:356} Server_Comm.py: The agent lost 1 packet! Is syncmode enabled?
{Thu 00:28:46 Step:356} Server_Comm.py: Received a new packet while thinking!
{Thu 00:28:46 Step:357} Server_Comm.py: Received a new packet while thinking!
{Thu 00:28:46 Step:359} Server_Comm.py: The agent lost 1 packet! Is syncmode enabled?
{Thu 00:28:46 Step:359} Server_Comm.py: Received a new packet while thinking!
{Thu 00:28:46 Step:360} Server_Comm.py: Received a new packet while thinking!
{Thu 00:28:46 Step:362} Server_Comm.py: The agent lost 1 packet! Is syncmode enabled?
{Thu 00:28:46 Step:362} Server_Comm.py: Received a new packet while thinking!
{Thu 00:28:46 Step:364} Server_Comm.py: The agent lost 1 packet! Is syncmode enabled?
{Thu 00:28:46 Step:364} Server_Comm.py: Received a new packet while thinking!
{Thu 00:28:46 Step:366} Server_Comm.py: The agent lost 1 packet! Is syncmode enabled?
{Thu 00:28:46 Step:366} Server_Comm.py: Received a new packet while thinking!
{Thu 00:28:46 Step:367} Server_Comm.py: Received a new packet while thinking!
{Thu 00:28:46 Step:369} Server_Comm.py: The agent lost 1 packet! Is syncmode enabled?
{Thu 00:28:46 Step:369} Server_Comm.py: Received a new packet while thinking!
{Thu 00:28:46 Step:371} Server_Comm.py: The agent lost 1 packet! Is syncmode enabled?
{Thu 00:28:46 Step:371} Server_Comm.py: Received a new packet while thinking!
{Thu 00:28:46 Step:373} Server_Comm.py: The agent lost 1 packet! Is syncmode enabled?
{Thu 00:28:47 Step:373} Server_Comm.py: Received a new packet while thinking!
{Thu 00:28:47 Step:375} Server_Comm.py: The agent lost 1 packet! Is syncmode enabled?
{Thu 00:28:47 Step:375} Server_Comm.py: Received a new packet while thinking!
{Thu 00:28:47 Step:377} Server_Comm.py: The agent lost 1 packet! Is syncmode enabled?
{Thu 00:28:47 Step:377} Server_Comm.py: Received a new packet while thinking!
{Thu 00:28:47 Step:378} Server_Comm.py: Received a new packet while thinking!
{Thu 00:28:47 Step:380} Server_Comm.py: The agent lost 1 packet! Is syncmode enabled?
{Thu 00:28:47 Step:380} Server_Comm.py: Received a new packet while thinking!
{Thu 00:28:47 Step:382} Server_Comm.py: The agent lost 1 packet! Is syncmode enabled?
{Thu 00:28:47 Step:382} Server_Comm.py: Received a new packet while thinking!
{Thu 00:28:47 Step:384} Server_Comm.py: The agent lost 1 packet! Is syncmode enabled?
{Thu 00:28:47 Step:384} Server_Comm.py: Received a new packet while thinking!
{Thu 00:28:47 Step:386} Server_Comm.py: The agent lost 1 packet! Is syncmode enabled?
{Thu 00:28:47 Step:386} Server_Comm.py: Received a new packet while thinking!
{Thu 00:28:47 Step:388} Server_Comm.py: The agent lost 1 packet! Is syncmode enabled?
{Thu 00:28:47 Step:388} Server_Comm.py: Received a new packet while on world.update()!
{Thu 00:28:47 Step:389} Server_Comm.py: Received a new packet while thinking!
{Thu 00:28:47 Step:391} Server_Comm.py: The agent lost 1 packet! Is syncmode enabled?
{Thu 00:28:47 Step:391} Server_Comm.py: Received a new packet while thinking!
{Thu 00:28:47 Step:392} Server_Comm.py: Received a new packet while thinking!
{Thu 00:28:47 Step:394} Server_Comm.py: The agent lost 1 packet! Is syncmode enabled?
{Thu 00:28:47 Step:394} Server_Comm.py: Received a new packet while thinking!
{Thu 00:28:47 Step:396} Server_Comm.py: The agent lost 1 packet! Is syncmode enabled?
{Thu 00:28:47 Step:396} Server_Comm.py: Received a new packet while thinking!
{Thu 00:28:47 Step:398} Server_Comm.py: The agent lost 1 packet! Is syncmode enabled?
{Thu 00:28:47 Step:398} Server_Comm.py: Received a new packet while thinking!
{Thu 00:28:47 Step:399} Server_Comm.py: Received a new packet while thinking!
{Thu 00:28:47 Step:401} Server_Comm.py: The agent lost 1 packet! Is syncmode enabled?
{Thu 00:28:47 Step:401} Server_Comm.py: Received a new packet while thinking!
{Thu 00:28:47 Step:403} Server_Comm.py: The agent lost 1 packet! Is syncmode enabled?
{Thu 00:28:47 Step:403} Server_Comm.py: Received a new packet while thinking!
{Thu 00:28:47 Step:405} Server_Comm.py: The agent lost 1 packet! Is syncmode enabled?
{Thu 00:28:47 Step:405} Server_Comm.py: Received a new packet while thinking!
{Thu 00:28:47 Step:406} Server_Comm.py: Received a new packet while on world.update()!
{Thu 00:28:47 Step:407} Server_Comm.py: Received a new packet while thinking!
{Thu 00:28:47 Step:408} Server_Comm.py: Received a new packet while thinking!
{Thu 00:28:47 Step:410} Server_Comm.py: The agent lost 1 packet! Is syncmode enabled?
{Thu 00:28:47 Step:410} Server_Comm.py: Received a new packet while thinking!
{Thu 00:28:47 Step:412} Server_Comm.py: The agent lost 1 packet! Is syncmode enabled?
{Thu 00:28:47 Step:412} Server_Comm.py: Received a new packet while thinking!
{Thu 00:28:47 Step:413} Server_Comm.py: Received a new packet while thinking!
{Thu 00:28:47 Step:415} Server_Comm.py: The agent lost 1 packet! Is syncmode enabled?
{Thu 00:28:47 Step:415} Server_Comm.py: Received a new packet while thinking!
{Thu 00:28:47 Step:417} Server_Comm.py: The agent lost 1 packet! Is syncmode enabled?
{Thu 00:28:47 Step:417} Server_Comm.py: Received a new packet while thinking!
{Thu 00:28:47 Step:419} Server_Comm.py: The agent lost 1 packet! Is syncmode enabled?
{Thu 00:28:47 Step:419} Server_Comm.py: Received a new packet while thinking!
{Thu 00:28:47 Step:420} Server_Comm.py: Received a new packet while thinking!
{Thu 00:28:47 Step:422} Server_Comm.py: The agent lost 1 packet! Is syncmode enabled?
{Thu 00:28:48 Step:422} Server_Comm.py: Received a new packet while thinking!
{Thu 00:28:48 Step:424} Server_Comm.py: The agent lost 1 packet! Is syncmode enabled?
{Thu 00:28:48 Step:424} Server_Comm.py: Received a new packet while thinking!
{Thu 00:28:48 Step:426} Server_Comm.py: The agent lost 1 packet! Is syncmode enabled?
{Thu 00:28:48 Step:426} Server_Comm.py: Received a new packet while thinking!
{Thu 00:28:48 Step:427} Server_Comm.py: Received a new packet while thinking!
{Thu 00:28:48 Step:429} Server_Comm.py: The agent lost 1 packet! Is syncmode enabled?
{Thu 00:28:48 Step:429} Server_Comm.py: Received a new packet while thinking!
{Thu 00:28:48 Step:431} Server_Comm.py: The agent lost 1 packet! Is syncmode enabled?
{Thu 00:28:48 Step:431} Server_Comm.py: Received a new packet while thinking!
{Thu 00:28:48 Step:433} Server_Comm.py: The agent lost 1 packet! Is syncmode enabled?
{Thu 00:28:48 Step:433} Server_Comm.py: Received a new packet while thinking!
{Thu 00:28:48 Step:435} Server_Comm.py: The agent lost 1 packet! Is syncmode enabled?
{Thu 00:28:48 Step:435} Server_Comm.py: Received a new packet while thinking!
{Thu 00:28:48 Step:437} Server_Comm.py: The agent lost 1 packet! Is syncmode enabled?
{Thu 00:28:48 Step:437} Server_Comm.py: Received a new packet while thinking!
{Thu 00:28:48 Step:438} Server_Comm.py: Received a new packet while thinking!
{Thu 00:28:48 Step:440} Server_Comm.py: The agent lost 1 packet! Is syncmode enabled?
{Thu 00:28:48 Step:440} Server_Comm.py: Received a new packet while thinking!
{Thu 00:28:48 Step:442} Server_Comm.py: The agent lost 1 packet! Is syncmode enabled?
{Thu 00:28:48 Step:442} Server_Comm.py: Received a new packet while thinking!
{Thu 00:28:48 Step:443} Server_Comm.py: Received a new packet while thinking!
{Thu 00:28:48 Step:445} Server_Comm.py: The agent lost 1 packet! Is syncmode enabled?
{Thu 00:28:48 Step:445} Server_Comm.py: Received a new packet while thinking!
{Thu 00:28:48 Step:446} Server_Comm.py: Received a new packet while thinking!
{Thu 00:28:48 Step:448} Server_Comm.py: The agent lost 1 packet! Is syncmode enabled?
{Thu 00:28:48 Step:448} Server_Comm.py: Received a new packet while thinking!
{Thu 00:28:48 Step:449} Server_Comm.py: Received a new packet while thinking!
{Thu 00:28:48 Step:451} Server_Comm.py: The agent lost 1 packet! Is syncmode enabled?
{Thu 00:28:48 Step:451} Server_Comm.py: Received a new packet while thinking!
{Thu 00:28:48 Step:453} Server_Comm.py: The agent lost 1 packet! Is syncmode enabled?
{Thu 00:28:48 Step:453} Server_Comm.py: Received a new packet while thinking!
{Thu 00:28:48 Step:455} Server_Comm.py: The agent lost 1 packet! Is syncmode enabled?
{Thu 00:28:48 Step:455} Server_Comm.py: Received a new packet while thinking!
{Thu 00:28:48 Step:456} Server_Comm.py: Received a new packet while thinking!
{Thu 00:28:48 Step:458} Server_Comm.py: The agent lost 1 packet! Is syncmode enabled?
{Thu 00:28:48 Step:458} Server_Comm.py: Received a new packet while thinking!
{Thu 00:28:48 Step:459} Server_Comm.py: Received a new packet while thinking!
{Thu 00:28:48 Step:461} Server_Comm.py: The agent lost 1 packet! Is syncmode enabled?
{Thu 00:28:48 Step:461} Server_Comm.py: Received a new packet while thinking!
{Thu 00:28:48 Step:462} Server_Comm.py: Received a new packet while thinking!
{Thu 00:28:48 Step:464} Server_Comm.py: The agent lost 1 packet! Is syncmode enabled?
{Thu 00:28:48 Step:464} Server_Comm.py: Received a new packet while thinking!
{Thu 00:28:48 Step:465} Server_Comm.py: Received a new packet while thinking!
{Thu 00:28:48 Step:467} Server_Comm.py: The agent lost 1 packet! Is syncmode enabled?
{Thu 00:28:48 Step:467} Server_Comm.py: Received a new packet while thinking!
{Thu 00:28:48 Step:469} Server_Comm.py: The agent lost 1 packet! Is syncmode enabled?
{Thu 00:28:48 Step:469} Server_Comm.py: Received a new packet while thinking!
{Thu 00:28:48 Step:470} Server_Comm.py: Received a new packet while thinking!
{Thu 00:28:48 Step:472} Server_Comm.py: The agent lost 1 packet! Is syncmode enabled?
{Thu 00:28:49 Step:472} Server_Comm.py: Received a new packet while thinking!
{Thu 00:28:49 Step:474} Server_Comm.py: The agent lost 1 packet! Is syncmode enabled?
{Thu 00:28:49 Step:474} Server_Comm.py: Received a new packet while thinking!
{Thu 00:28:49 Step:475} Server_Comm.py: Received a new packet while thinking!
{Thu 00:28:49 Step:477} Server_Comm.py: The agent lost 1 packet! Is syncmode enabled?
{Thu 00:28:49 Step:477} Server_Comm.py: Received a new packet while thinking!
{Thu 00:28:49 Step:479} Server_Comm.py: The agent lost 1 packet! Is syncmode enabled?
{Thu 00:28:49 Step:479} Server_Comm.py: Received a new packet while thinking!
{Thu 00:28:49 Step:481} Server_Comm.py: The agent lost 1 packet! Is syncmode enabled?
{Thu 00:28:49 Step:481} Server_Comm.py: Received a new packet while thinking!
{Thu 00:28:49 Step:483} Server_Comm.py: The agent lost 1 packet! Is syncmode enabled?
{Thu 00:28:49 Step:483} Server_Comm.py: Received a new packet while thinking!
{Thu 00:28:49 Step:485} Server_Comm.py: The agent lost 1 packet! Is syncmode enabled?
{Thu 00:28:49 Step:485} Server_Comm.py: Received a new packet while thinking!
{Thu 00:28:49 Step:486} Server_Comm.py: Received a new packet while on world.update()!
{Thu 00:28:49 Step:487} Server_Comm.py: Received a new packet while thinking!
{Thu 00:28:49 Step:488} Server_Comm.py: Received a new packet while thinking!
{Thu 00:28:49 Step:490} Server_Comm.py: The agent lost 1 packet! Is syncmode enabled?
{Thu 00:28:49 Step:490} Server_Comm.py: Received a new packet while thinking!
{Thu 00:28:49 Step:491} Server_Comm.py: Received a new packet while thinking!
{Thu 00:28:49 Step:493} Server_Comm.py: The agent lost 1 packet! Is syncmode enabled?
{Thu 00:28:49 Step:493} Server_Comm.py: Received a new packet while thinking!
{Thu 00:28:49 Step:494} Server_Comm.py: Received a new packet while thinking!
{Thu 00:28:49 Step:496} Server_Comm.py: The agent lost 1 packet! Is syncmode enabled?
{Thu 00:28:49 Step:496} Server_Comm.py: Received a new packet while thinking!
{Thu 00:28:49 Step:497} Server_Comm.py: Received a new packet while thinking!
{Thu 00:28:49 Step:498} Server_Comm.py: Received a new packet while thinking!
{Thu 00:28:49 Step:500} Server_Comm.py: The agent lost 1 packet! Is syncmode enabled?
{Thu 00:28:49 Step:500} Server_Comm.py: Received a new packet while thinking!
{Thu 00:28:49 Step:501} Server_Comm.py: Received a new packet while thinking!
{Thu 00:28:49 Step:503} Server_Comm.py: The agent lost 1 packet! Is syncmode enabled?
{Thu 00:28:49 Step:503} Server_Comm.py: Received a new packet while thinking!
{Thu 00:28:49 Step:505} Server_Comm.py: The agent lost 1 packet! Is syncmode enabled?
{Thu 00:28:49 Step:505} Server_Comm.py: Received a new packet while thinking!
{Thu 00:28:49 Step:507} Server_Comm.py: The agent lost 1 packet! Is syncmode enabled?
{Thu 00:28:49 Step:507} Server_Comm.py: Received a new packet while thinking!
{Thu 00:28:49 Step:509} Server_Comm.py: The agent lost 1 packet! Is syncmode enabled?
{Thu 00:28:49 Step:509} Server_Comm.py: Received a new packet while thinking!
{Thu 00:28:49 Step:510} Server_Comm.py: Received a new packet while thinking!
{Thu 00:28:49 Step:512} Server_Comm.py: The agent lost 1 packet! Is syncmode enabled?
{Thu 00:28:49 Step:512} Server_Comm.py: Received a new packet while thinking!
{Thu 00:28:49 Step:514} Server_Comm.py: The agent lost 1 packet! Is syncmode enabled?
{Thu 00:28:49 Step:514} Server_Comm.py: Received a new packet while thinking!
{Thu 00:28:49 Step:515} Server_Comm.py: Received a new packet while thinking!
{Thu 00:28:49 Step:517} Server_Comm.py: The agent lost 1 packet! Is syncmode enabled?
{Thu 00:28:49 Step:517} Server_Comm.py: Received a new packet while thinking!
{Thu 00:28:49 Step:518} Server_Comm.py: Received a new packet while thinking!
{Thu 00:28:49 Step:520} Server_Comm.py: The agent lost 1 packet! Is syncmode enabled?
{Thu 00:28:49 Step:520} Server_Comm.py: Received a new packet while thinking!
{Thu 00:28:49 Step:521} Server_Comm.py: Received a new packet while thinking!
{Thu 00:28:49 Step:523} Server_Comm.py: The agent lost 1 packet! Is syncmode enabled?
{Thu 00:28:50 Step:523} Server_Comm.py: Received a new packet while thinking!
{Thu 00:28:50 Step:524} Server_Comm.py: Received a new packet while thinking!
{Thu 00:28:50 Step:525} Server_Comm.py: Received a new packet while on world.update()!
{Thu 00:28:50 Step:526} Server_Comm.py: Received a new packet while thinking!
{Thu 00:28:50 Step:527} Server_Comm.py: Received a new packet while thinking!
{Thu 00:28:50 Step:529} Server_Comm.py: The agent lost 1 packet! Is syncmode enabled?
{Thu 00:28:50 Step:529} Server_Comm.py: Received a new packet while thinking!
{Thu 00:28:50 Step:530} Server_Comm.py: Received a new packet while thinking!
{Thu 00:28:50 Step:532} Server_Comm.py: The agent lost 1 packet! Is syncmode enabled?
{Thu 00:28:50 Step:532} Server_Comm.py: Received a new packet while thinking!
{Thu 00:28:50 Step:533} Server_Comm.py: Received a new packet while thinking!
{Thu 00:28:50 Step:535} Server_Comm.py: The agent lost 1 packet! Is syncmode enabled?
{Thu 00:28:50 Step:535} Server_Comm.py: Received a new packet while thinking!
{Thu 00:28:50 Step:536} Server_Comm.py: Received a new packet while thinking!
{Thu 00:28:50 Step:538} Server_Comm.py: The agent lost 1 packet! Is syncmode enabled?
{Thu 00:28:50 Step:538} Server_Comm.py: Received a new packet while thinking!
{Thu 00:28:50 Step:539} Server_Comm.py: Received a new packet while thinking!
{Thu 00:28:50 Step:541} Server_Comm.py: The agent lost 1 packet! Is syncmode enabled?
{Thu 00:28:50 Step:541} Server_Comm.py: Received a new packet while thinking!
{Thu 00:28:50 Step:543} Server_Comm.py: The agent lost 1 packet! Is syncmode enabled?
{Thu 00:28:50 Step:543} Server_Comm.py: Received a new packet while thinking!
{Thu 00:28:50 Step:544} Server_Comm.py: Received a new packet while thinking!
{Thu 00:28:50 Step:546} Server_Comm.py: The agent lost 1 packet! Is syncmode enabled?
{Thu 00:28:50 Step:546} Server_Comm.py: Received a new packet while thinking!
{Thu 00:28:50 Step:548} Server_Comm.py: The agent lost 1 packet! Is syncmode enabled?
{Thu 00:28:50 Step:548} Server_Comm.py: Received a new packet while thinking!
{Thu 00:28:50 Step:549} Server_Comm.py: Received a new packet while thinking!
{Thu 00:28:50 Step:551} Server_Comm.py: The agent lost 1 packet! Is syncmode enabled?
{Thu 00:28:50 Step:551} Server_Comm.py: Received a new packet while thinking!
{Thu 00:28:50 Step:552} Server_Comm.py: Received a new packet while thinking!
{Thu 00:28:50 Step:554} Server_Comm.py: The agent lost 1 packet! Is syncmode enabled?
{Thu 00:28:50 Step:554} Server_Comm.py: Received a new packet while thinking!
{Thu 00:28:50 Step:556} Server_Comm.py: The agent lost 1 packet! Is syncmode enabled?
{Thu 00:28:50 Step:556} Server_Comm.py: Received a new packet while thinking!
{Thu 00:28:50 Step:557} Server_Comm.py: Received a new packet while thinking!
{Thu 00:28:50 Step:559} Server_Comm.py: The agent lost 1 packet! Is syncmode enabled?
{Thu 00:28:50 Step:559} Server_Comm.py: Received a new packet while thinking!
{Thu 00:28:50 Step:560} Server_Comm.py: Received a new packet while thinking!
{Thu 00:28:50 Step:562} Server_Comm.py: The agent lost 1 packet! Is syncmode enabled?
{Thu 00:28:50 Step:562} Server_Comm.py: Received a new packet while thinking!
{Thu 00:28:50 Step:563} Server_Comm.py: Received a new packet while thinking!
{Thu 00:28:50 Step:565} Server_Comm.py: The agent lost 1 packet! Is syncmode enabled?
{Thu 00:28:50 Step:565} Server_Comm.py: Received a new packet while thinking!
{Thu 00:28:50 Step:566} Server_Comm.py: Received a new packet while thinking!
{Thu 00:28:50 Step:568} Server_Comm.py: The agent lost 1 packet! Is syncmode enabled?
{Thu 00:28:50 Step:568} Server_Comm.py: Received a new packet while thinking!
{Thu 00:28:50 Step:569} Server_Comm.py: Received a new packet while thinking!
{Thu 00:28:50 Step:571} Server_Comm.py: The agent lost 1 packet! Is syncmode enabled?
{Thu 00:28:50 Step:571} Server_Comm.py: Received a new packet while thinking!
{Thu 00:28:51 Step:572} Server_Comm.py: Received a new packet while thinking!
{Thu 00:28:51 Step:574} Server_Comm.py: The agent lost 1 packet! Is syncmode enabled?
{Thu 00:28:51 Step:574} Server_Comm.py: Received a new packet while thinking!
{Thu 00:28:51 Step:576} Server_Comm.py: The agent lost 1 packet! Is syncmode enabled?
{Thu 00:28:51 Step:576} Server_Comm.py: Received a new packet while thinking!
{Thu 00:28:51 Step:578} Server_Comm.py: The agent lost 1 packet! Is syncmode enabled?
{Thu 00:28:51 Step:578} Server_Comm.py: Received a new packet while thinking!
{Thu 00:28:51 Step:580} Server_Comm.py: The agent lost 1 packet! Is syncmode enabled?
{Thu 00:28:51 Step:580} Server_Comm.py: Received a new packet while thinking!
{Thu 00:28:51 Step:582} Server_Comm.py: The agent lost 1 packet! Is syncmode enabled?
{Thu 00:28:51 Step:582} Server_Comm.py: Received a new packet while thinking!
{Thu 00:28:51 Step:585} Server_Comm.py: The agent lost 2 consecutive packets! Is syncmode disabled?
{Thu 00:28:51 Step:585} Server_Comm.py: Received a new packet while thinking!
{Thu 00:28:51 Step:587} Server_Comm.py: The agent lost 1 packet! Is syncmode enabled?
{Thu 00:28:51 Step:587} Server_Comm.py: Received a new packet while thinking!
{Thu 00:28:51 Step:589} Server_Comm.py: The agent lost 1 packet! Is syncmode enabled?
{Thu 00:28:51 Step:589} Server_Comm.py: Received a new packet while thinking!
{Thu 00:28:51 Step:591} Server_Comm.py: The agent lost 1 packet! Is syncmode enabled?
{Thu 00:28:51 Step:591} Server_Comm.py: Received a new packet while thinking!
{Thu 00:28:51 Step:593} Server_Comm.py: The agent lost 1 packet! Is syncmode enabled?
{Thu 00:28:51 Step:593} Server_Comm.py: Received a new packet while thinking!
{Thu 00:28:51 Step:595} Server_Comm.py: The agent lost 1 packet! Is syncmode enabled?
{Thu 00:28:51 Step:595} Server_Comm.py: Received a new packet while thinking!
{Thu 00:28:51 Step:597} Server_Comm.py: The agent lost 1 packet! Is syncmode enabled?
{Thu 00:28:51 Step:597} Server_Comm.py: Received a new packet while thinking!
{Thu 00:28:51 Step:599} Server_Comm.py: The agent lost 1 packet! Is syncmode enabled?
{Thu 00:28:51 Step:599} Server_Comm.py: Received a new packet while thinking!
{Thu 00:28:51 Step:601} Server_Comm.py: The agent lost 1 packet! Is syncmode enabled?
{Thu 00:28:51 Step:601} Server_Comm.py: Received a new packet while thinking!
{Thu 00:28:51 Step:603} Server_Comm.py: The agent lost 1 packet! Is syncmode enabled?
{Thu 00:28:51 Step:603} Server_Comm.py: Received a new packet while thinking!
{Thu 00:28:51 Step:605} Server_Comm.py: The agent lost 1 packet! Is syncmode enabled?
{Thu 00:28:51 Step:605} Server_Comm.py: Received a new packet while thinking!
{Thu 00:28:51 Step:607} Server_Comm.py: The agent lost 1 packet! Is syncmode enabled?
{Thu 00:28:51 Step:607} Server_Comm.py: Received a new packet while thinking!
{Thu 00:28:51 Step:610} Server_Comm.py: The agent lost 2 consecutive packets! Is syncmode disabled?
{Thu 00:28:51 Step:610} Server_Comm.py: Received a new packet while thinking!
{Thu 00:28:51 Step:612} Server_Comm.py: The agent lost 1 packet! Is syncmode enabled?
{Thu 00:28:51 Step:612} Server_Comm.py: Received a new packet while thinking!
{Thu 00:28:51 Step:614} Server_Comm.py: The agent lost 1 packet! Is syncmode enabled?
{Thu 00:28:51 Step:614} Server_Comm.py: Received a new packet while thinking!
{Thu 00:28:51 Step:616} Server_Comm.py: The agent lost 1 packet! Is syncmode enabled?
{Thu 00:28:51 Step:616} Server_Comm.py: Received a new packet while thinking!
{Thu 00:28:51 Step:618} Server_Comm.py: The agent lost 1 packet! Is syncmode enabled?
{Thu 00:28:51 Step:618} Server_Comm.py: Received a new packet while on world.update()!
{Thu 00:28:51 Step:619} Server_Comm.py: Received a new packet while thinking!
{Thu 00:28:51 Step:621} Server_Comm.py: The agent lost 1 packet! Is syncmode enabled?
{Thu 00:28:51 Step:621} Server_Comm.py: Received a new packet while thinking!
{Thu 00:28:52 Step:623} Server_Comm.py: The agent lost 1 packet! Is syncmode enabled?
{Thu 00:28:52 Step:623} Server_Comm.py: Received a new packet while thinking!
{Thu 00:28:52 Step:625} Server_Comm.py: The agent lost 1 packet! Is syncmode enabled?
{Thu 00:28:52 Step:625} Server_Comm.py: Received a new packet while thinking!
{Thu 00:28:52 Step:627} Server_Comm.py: The agent lost 1 packet! Is syncmode enabled?
{Thu 00:28:52 Step:627} Server_Comm.py: Received a new packet while thinking!
{Thu 00:28:52 Step:628} Server_Comm.py: Received a new packet while thinking!
{Thu 00:28:52 Step:630} Server_Comm.py: The agent lost 1 packet! Is syncmode enabled?
{Thu 00:28:52 Step:630} Server_Comm.py: Received a new packet while thinking!
{Thu 00:28:52 Step:632} Server_Comm.py: The agent lost 1 packet! Is syncmode enabled?
{Thu 00:28:52 Step:632} Server_Comm.py: Received a new packet while thinking!
{Thu 00:28:52 Step:633} Server_Comm.py: Received a new packet while thinking!
{Thu 00:28:52 Step:635} Server_Comm.py: The agent lost 1 packet! Is syncmode enabled?
{Thu 00:28:52 Step:635} Server_Comm.py: Received a new packet while thinking!
{Thu 00:28:52 Step:636} Server_Comm.py: Received a new packet while thinking!
{Thu 00:28:52 Step:638} Server_Comm.py: The agent lost 1 packet! Is syncmode enabled?
{Thu 00:28:52 Step:638} Server_Comm.py: Received a new packet while thinking!
{Thu 00:28:52 Step:639} Server_Comm.py: Received a new packet while thinking!
{Thu 00:28:52 Step:641} Server_Comm.py: The agent lost 1 packet! Is syncmode enabled?
{Thu 00:28:52 Step:642} Server_Comm.py: Received a new packet while thinking!
{Thu 00:28:52 Step:646} Server_Comm.py: The agent lost 1 packet! Is syncmode enabled?
{Thu 00:28:52 Step:648} Server_Comm.py: Received a new packet while thinking!
{Thu 00:28:52 Step:649} Server_Comm.py: Received a new packet while thinking!
{Thu 00:28:52 Step:651} Server_Comm.py: The agent lost 1 packet! Is syncmode enabled?
{Thu 00:28:52 Step:651} Server_Comm.py: Received a new packet while thinking!
{Thu 00:28:52 Step:655} Server_Comm.py: The agent lost 1 packet! Is syncmode enabled?
{Thu 00:28:52 Step:657} Server_Comm.py: Received a new packet while thinking!
{Thu 00:28:52 Step:661} Server_Comm.py: The agent lost 1 packet! Is syncmode enabled?
{Thu 00:28:52 Step:663} Server_Comm.py: Received a new packet while thinking!
{Thu 00:28:52 Step:666} Server_Comm.py: Received a new packet while thinking!
{Thu 00:28:52 Step:669} Server_Comm.py: Received a new packet while on world.update()!
{Thu 00:28:54 Step:723} Server_Comm.py: Received a new packet while thinking!
{Thu 00:28:54 Step:724} Server_Comm.py: Received a new packet while thinking!
{Thu 00:28:54 Step:726} Server_Comm.py: Received a new packet while thinking!
{Thu 00:28:54 Step:730} Server_Comm.py: The agent lost 1 packet! Is syncmode enabled?
{Thu 00:28:54 Step:732} Server_Comm.py: Received a new packet while thinking!
{Thu 00:28:54 Step:734} Server_Comm.py: Received a new packet while thinking!
{Thu 00:28:54 Step:736} Server_Comm.py: The agent lost 1 packet! Is syncmode enabled?
{Thu 00:28:54 Step:737} Server_Comm.py: Received a new packet while thinking!
{Thu 00:28:54 Step:739} Server_Comm.py: The agent lost 1 packet! Is syncmode enabled?
{Thu 00:28:54 Step:740} Server_Comm.py: Received a new packet while thinking!
{Thu 00:28:54 Step:742} Server_Comm.py: The agent lost 1 packet! Is syncmode enabled?
{Thu 00:28:54 Step:743} Server_Comm.py: Received a new packet while thinking!
{Thu 00:28:54 Step:745} Server_Comm.py: The agent lost 1 packet! Is syncmode enabled?
{Thu 00:28:54 Step:746} Server_Comm.py: Received a new packet while thinking!
{Thu 00:28:54 Step:748} Server_Comm.py: The agent lost 1 packet! Is syncmode enabled?
{Thu 00:28:54 Step:749} Server_Comm.py: Received a new packet while thinking!
{Thu 00:28:54 Step:751} Server_Comm.py: The agent lost 1 packet! Is syncmode enabled?
{Thu 00:28:54 Step:751} Server_Comm.py: Received a new packet while thinking!
{Thu 00:28:54 Step:753} Server_Comm.py: The agent lost 1 packet! Is syncmode enabled?
{Thu 00:28:54 Step:753} Server_Comm.py: Received a new packet while thinking!
{Thu 00:28:54 Step:754} Server_Comm.py: Received a new packet while thinking!
{Thu 00:28:54 Step:757} Server_Comm.py: The agent lost 2 consecutive packets! Is syncmode disabled?
{Thu 00:28:54 Step:758} Server_Comm.py: Received a new packet while thinking!
{Thu 00:28:54 Step:760} Server_Comm.py: The agent lost 1 packet! Is syncmode enabled?
{Thu 00:28:54 Step:761} Server_Comm.py: Received a new packet while thinking!
{Thu 00:28:54 Step:763} Server_Comm.py: The agent lost 1 packet! Is syncmode enabled?
{Thu 00:28:54 Step:763} Server_Comm.py: Received a new packet while thinking!
{Thu 00:28:54 Step:765} Server_Comm.py: The agent lost 1 packet! Is syncmode enabled?
{Thu 00:28:54 Step:765} Server_Comm.py: Received a new packet while thinking!
{Thu 00:28:54 Step:766} Server_Comm.py: Received a new packet while thinking!
{Thu 00:28:54 Step:768} Server_Comm.py: The agent lost 1 packet! Is syncmode enabled?
{Thu 00:28:54 Step:768} Server_Comm.py: Received a new packet while thinking!
{Thu 00:28:54 Step:769} Server_Comm.py: Received a new packet while thinking!
{Thu 00:28:55 Step:772} Server_Comm.py: The agent lost 2 consecutive packets! Is syncmode disabled?
{Thu 00:28:55 Step:773} Server_Comm.py: Received a new packet while thinking!
{Thu 00:28:55 Step:775} Server_Comm.py: The agent lost 1 packet! Is syncmode enabled?
{Thu 00:28:55 Step:776} Server_Comm.py: Received a new packet while thinking!
{Thu 00:28:55 Step:778} Server_Comm.py: The agent lost 1 packet! Is syncmode enabled?
{Thu 00:28:55 Step:779} Server_Comm.py: Received a new packet while thinking!
{Thu 00:28:55 Step:781} Server_Comm.py: The agent lost 1 packet! Is syncmode enabled?
{Thu 00:28:55 Step:781} Server_Comm.py: Received a new packet while thinking!
{Thu 00:28:55 Step:783} Server_Comm.py: The agent lost 1 packet! Is syncmode enabled?
{Thu 00:28:55 Step:783} Server_Comm.py: Received a new packet while thinking!
{Thu 00:28:55 Step:785} Server_Comm.py: The agent lost 1 packet! Is syncmode enabled?
{Thu 00:28:55 Step:785} Server_Comm.py: Received a new packet while thinking!
{Thu 00:28:55 Step:786} Server_Comm.py: Received a new packet while thinking!
{Thu 00:28:55 Step:788} Server_Comm.py: The agent lost 1 packet! Is syncmode enabled?
{Thu 00:28:55 Step:793} Server_Comm.py: Received a new packet while thinking!
{Thu 00:28:55 Step:795} Server_Comm.py: The agent lost 1 packet! Is syncmode enabled?
{Thu 00:28:55 Step:798} Server_Comm.py: Received a new packet while thinking!
{Thu 00:28:55 Step:800} Server_Comm.py: The agent lost 1 packet! Is syncmode enabled?
{Thu 00:28:57 Step:885} Server_Comm.py: Received a new packet while thinking!
{Thu 00:28:57 Step:888} Server_Comm.py: Received a new packet while thinking!
{Thu 00:28:57 Step:891} Server_Comm.py: Received a new packet while thinking!
{Thu 00:28:57 Step:894} Server_Comm.py: Received a new packet while thinking!
{Thu 00:28:57 Step:897} Server_Comm.py: Received a new packet while thinking!
{Thu 00:28:57 Step:900} Server_Comm.py: Received a new packet while thinking!
{Thu 00:28:57 Step:903} Server_Comm.py: Received a new packet while thinking!
{Thu 00:28:57 Step:906} Server_Comm.py: Received a new packet while thinking!
{Thu 00:28:57 Step:909} Server_Comm.py: Received a new packet while thinking!
{Thu 00:28:57 Step:912} Server_Comm.py: Received a new packet while thinking!
{Thu 00:28:57 Step:915} Server_Comm.py: Received a new packet while thinking!
{Thu 00:28:57 Step:918} Server_Comm.py: Received a new packet while thinking!
{Thu 00:28:58 Step:921} Server_Comm.py: Received a new packet while thinking!
{Thu 00:28:58 Step:925} Server_Comm.py: The agent lost 1 packet! Is syncmode enabled?
{Thu 00:28:58 Step:927} Server_Comm.py: Received a new packet while thinking!
{Thu 00:28:58 Step:930} Server_Comm.py: Received a new packet while thinking!
{Thu 00:28:58 Step:933} Server_Comm.py: Received a new packet while thinking!
{Thu 00:28:58 Step:936} Server_Comm.py: Received a new packet while thinking!
{Thu 00:28:58 Step:939} Server_Comm.py: Received a new packet while thinking!
{Thu 00:28:58 Step:943} Server_Comm.py: The agent lost 1 packet! Is syncmode enabled?
{Thu 00:28:58 Step:946} Server_Comm.py: Received a new packet while thinking!
{Thu 00:28:58 Step:948} Server_Comm.py: Received a new packet while thinking!
{Thu 00:28:58 Step:951} Server_Comm.py: Received a new packet while thinking!
{Thu 00:28:58 Step:954} Server_Comm.py: Received a new packet while thinking!
{Thu 00:28:58 Step:957} Server_Comm.py: Received a new packet while thinking!
{Thu 00:28:58 Step:967} Server_Comm.py: Received a new packet while thinking!
{Thu 00:28:58 Step:969} Server_Comm.py: The agent lost 1 packet! Is syncmode enabled?
{Thu 00:29:00 Step:1026} Server_Comm.py: Received a new packet while thinking!
{Thu 00:29:00 Step:1028} Server_Comm.py: The agent lost 1 packet! Is syncmode enabled?
{Thu 00:29:00 Step:1031} Server_Comm.py: Received a new packet while thinking!
{Thu 00:29:00 Step:1033} Server_Comm.py: The agent lost 1 packet! Is syncmode enabled?
{Thu 00:29:00 Step:1034} Server_Comm.py: Received a new packet while thinking!
{Thu 00:29:00 Step:1036} Server_Comm.py: The agent lost 1 packet! Is syncmode enabled?
{Thu 00:29:00 Step:1037} Server_Comm.py: Received a new packet while thinking!
{Thu 00:29:00 Step:1039} Server_Comm.py: The agent lost 1 packet! Is syncmode enabled?
{Thu 00:29:00 Step:1041} Server_Comm.py: Received a new packet while thinking!
{Thu 00:29:00 Step:1043} Server_Comm.py: The agent lost 1 packet! Is syncmode enabled?
{Thu 00:29:00 Step:1044} Server_Comm.py: Received a new packet while thinking!
{Thu 00:29:00 Step:1046} Server_Comm.py: The agent lost 1 packet! Is syncmode enabled?
{Thu 00:29:00 Step:1047} Server_Comm.py: Received a new packet while thinking!
{Thu 00:29:00 Step:1049} Server_Comm.py: The agent lost 1 packet! Is syncmode enabled?
{Thu 00:29:00 Step:1052} Server_Comm.py: The agent lost 1 packet! Is syncmode enabled?
{Thu 00:29:00 Step:1053} Server_Comm.py: Received a new packet while thinking!
{Thu 00:29:00 Step:1055} Server_Comm.py: The agent lost 1 packet! Is syncmode enabled?
{Thu 00:29:00 Step:1056} Server_Comm.py: Received a new packet while thinking!
{Thu 00:29:00 Step:1058} Server_Comm.py: The agent lost 1 packet! Is syncmode enabled?
{Thu 00:29:00 Step:1059} Server_Comm.py: Received a new packet while thinking!
{Thu 00:29:00 Step:1061} Server_Comm.py: The agent lost 1 packet! Is syncmode enabled?
{Thu 00:29:00 Step:1061} Server_Comm.py: Received a new packet while thinking!
{Thu 00:29:00 Step:1063} Server_Comm.py: The agent lost 1 packet! Is syncmode enabled?
{Thu 00:29:00 Step:1063} Server_Comm.py: Received a new packet while thinking!
{Thu 00:29:00 Step:1065} Server_Comm.py: The agent lost 1 packet! Is syncmode enabled?
{Thu 00:29:00 Step:1065} Server_Comm.py: Received a new packet while thinking!
{Thu 00:29:00 Step:1067} Server_Comm.py: The agent lost 1 packet! Is syncmode enabled?
{Thu 00:29:00 Step:1068} Server_Comm.py: Received a new packet while thinking!
{Thu 00:29:01 Step:1070} Server_Comm.py: The agent lost 1 packet! Is syncmode enabled?
{Thu 00:29:01 Step:1070} Server_Comm.py: Received a new packet while thinking!
{Thu 00:29:01 Step:1073} Server_Comm.py: The agent lost 2 consecutive packets! Is syncmode disabled?
{Thu 00:29:01 Step:1073} Server_Comm.py: Received a new packet while thinking!
{Thu 00:29:01 Step:1077} Server_Comm.py: The agent lost 1 packet! Is syncmode enabled?
{Thu 00:29:01 Step:1080} Server_Comm.py: The agent lost 1 packet! Is syncmode enabled?
{Thu 00:29:01 Step:1083} Server_Comm.py: The agent lost 1 packet! Is syncmode enabled?
{Thu 00:29:01 Step:1087} Server_Comm.py: The agent lost 1 packet! Is syncmode enabled?
{Thu 00:29:01 Step:1089} Server_Comm.py: Received a new packet while thinking!
{Thu 00:29:01 Step:1091} Server_Comm.py: The agent lost 1 packet! Is syncmode enabled?
{Thu 00:29:01 Step:1093} Server_Comm.py: Received a new packet while thinking!
{Thu 00:29:01 Step:1095} Server_Comm.py: The agent lost 1 packet! Is syncmode enabled?
{Thu 00:29:01 Step:1097} Server_Comm.py: Received a new packet while thinking!
{Thu 00:29:01 Step:1099} Server_Comm.py: The agent lost 1 packet! Is syncmode enabled?
{Thu 00:29:01 Step:1102} Server_Comm.py: Received a new packet while thinking!
{Thu 00:29:01 Step:1104} Server_Comm.py: The agent lost 1 packet! Is syncmode enabled?
{Thu 00:29:01 Step:1106} Server_Comm.py: Received a new packet while thinking!
{Thu 00:29:01 Step:1108} Server_Comm.py: The agent lost 1 packet! Is syncmode enabled?
{Thu 00:29:02 Step:1147} Server_Comm.py: Received a new packet while thinking!
{Thu 00:29:02 Step:1149} Server_Comm.py: The agent lost 1 packet! Is syncmode enabled?
{Thu 00:29:02 Step:1155} Server_Comm.py: Received a new packet while thinking!
{Thu 00:29:02 Step:1157} Server_Comm.py: The agent lost 1 packet! Is syncmode enabled?
{Thu 00:29:02 Step:1161} Server_Comm.py: The agent lost 1 packet! Is syncmode enabled?
{Thu 00:29:02 Step:1167} Server_Comm.py: Received a new packet while thinking!
{Thu 00:29:02 Step:1169} Server_Comm.py: The agent lost 1 packet! Is syncmode enabled?
{Thu 00:29:03 Step:1173} Server_Comm.py: Received a new packet while thinking!
{Thu 00:29:03 Step:1175} Server_Comm.py: The agent lost 1 packet! Is syncmode enabled?
{Thu 00:29:03 Step:1177} Server_Comm.py: Received a new packet while thinking!
{Thu 00:29:03 Step:1179} Server_Comm.py: The agent lost 1 packet! Is syncmode enabled?
{Thu 00:29:03 Step:1180} Server_Comm.py: Received a new packet while thinking!
{Thu 00:29:03 Step:1182} Server_Comm.py: The agent lost 1 packet! Is syncmode enabled?
{Thu 00:29:03 Step:1184} Server_Comm.py: The agent lost 1 packet! Is syncmode enabled?
{Thu 00:29:03 Step:1184} Server_Comm.py: Received a new packet while thinking!
{Thu 00:29:03 Step:1185} Server_Comm.py: Received a new packet while thinking!
{Thu 00:29:03 Step:1187} Server_Comm.py: The agent lost 1 packet! Is syncmode enabled?
{Thu 00:29:03 Step:1188} Server_Comm.py: Received a new packet while thinking!
{Thu 00:29:03 Step:1190} Server_Comm.py: The agent lost 1 packet! Is syncmode enabled?
{Thu 00:29:03 Step:1191} Server_Comm.py: Received a new packet while thinking!
{Thu 00:29:03 Step:1193} Server_Comm.py: The agent lost 1 packet! Is syncmode enabled?
{Thu 00:29:03 Step:1193} Server_Comm.py: Received a new packet while thinking!
{Thu 00:29:03 Step:1195} Server_Comm.py: The agent lost 1 packet! Is syncmode enabled?
{Thu 00:29:03 Step:1196} Server_Comm.py: Received a new packet while thinking!
{Thu 00:29:03 Step:1198} Server_Comm.py: The agent lost 1 packet! Is syncmode enabled?
{Thu 00:29:03 Step:1199} Server_Comm.py: Received a new packet while thinking!
{Thu 00:29:03 Step:1201} Server_Comm.py: The agent lost 1 packet! Is syncmode enabled?
{Thu 00:29:03 Step:1203} Server_Comm.py: Received a new packet while thinking!
{Thu 00:29:03 Step:1205} Server_Comm.py: The agent lost 1 packet! Is syncmode enabled?
{Thu 00:29:03 Step:1206} Server_Comm.py: Received a new packet while thinking!
{Thu 00:29:03 Step:1208} Server_Comm.py: The agent lost 1 packet! Is syncmode enabled?
{Thu 00:29:03 Step:1209} Server_Comm.py: Received a new packet while thinking!
{Thu 00:29:03 Step:1211} Server_Comm.py: The agent lost 1 packet! Is syncmode enabled?
{Thu 00:29:03 Step:1212} Server_Comm.py: Received a new packet while thinking!
{Thu 00:29:03 Step:1214} Server_Comm.py: The agent lost 1 packet! Is syncmode enabled?
{Thu 00:29:03 Step:1217} Server_Comm.py: The agent lost 1 packet! Is syncmode enabled?
{Thu 00:29:03 Step:1218} Server_Comm.py: Received a new packet while thinking!
{Thu 00:29:04 Step:1221} Server_Comm.py: The agent lost 1 packet! Is syncmode enabled?
{Thu 00:29:04 Step:1221} Server_Comm.py: Received a new packet while thinking!
{Thu 00:29:04 Step:1222} Server_Comm.py: Received a new packet while thinking!
{Thu 00:29:04 Step:1224} Server_Comm.py: The agent lost 1 packet! Is syncmode enabled?
{Thu 00:29:04 Step:1224} Server_Comm.py: Received a new packet while thinking!
{Thu 00:29:04 Step:1226} Server_Comm.py: The agent lost 1 packet! Is syncmode enabled?
{Thu 00:29:04 Step:1228} Server_Comm.py: Received a new packet while thinking!
{Thu 00:29:04 Step:1230} Server_Comm.py: Received a new packet while thinking!
{Thu 00:29:04 Step:1233} Server_Comm.py: Received a new packet while thinking!
{Thu 00:29:04 Step:1237} Server_Comm.py: The agent lost 1 packet! Is syncmode enabled?
{Thu 00:29:04 Step:1239} Server_Comm.py: Received a new packet while thinking!
{Thu 00:29:04 Step:1242} Server_Comm.py: Received a new packet while thinking!
{Thu 00:29:04 Step:1245} Server_Comm.py: Received a new packet while thinking!
{Thu 00:29:04 Step:1248} Server_Comm.py: Received a new packet while thinking!
{Thu 00:29:04 Step:1251} Server_Comm.py: Received a new packet while thinking!
{Thu 00:29:04 Step:1254} Server_Comm.py: Received a new packet while thinking!
{Thu 00:29:04 Step:1257} Server_Comm.py: Received a new packet while thinking!
{Thu 00:29:04 Step:1260} Server_Comm.py: Received a new packet while thinking!
{Thu 00:29:04 Step:1263} Server_Comm.py: Received a new packet while thinking!
{Thu 00:29:04 Step:1266} Server_Comm.py: Received a new packet while thinking!
{Thu 00:29:05 Step:1269} Server_Comm.py: Received a new packet while thinking!
{Thu 00:29:05 Step:1272} Server_Comm.py: Received a new packet while thinking!
{Thu 00:29:05 Step:1275} Server_Comm.py: Received a new packet while thinking!
{Thu 00:29:05 Step:1278} Server_Comm.py: Received a new packet while thinking!
{Thu 00:29:05 Step:1281} Server_Comm.py: Received a new packet while thinking!
{Thu 00:29:05 Step:1284} Server_Comm.py: Received a new packet while thinking!
{Thu 00:29:06 Step:1356} Server_Comm.py: Received a new packet while thinking!
{Thu 00:29:06 Step:1358} Server_Comm.py: The agent lost 1 packet! Is syncmode enabled?
{Thu 00:29:06 Step:1365} Server_Comm.py: Received a new packet while thinking!
{Thu 00:29:06 Step:1367} Server_Comm.py: The agent lost 1 packet! Is syncmode enabled?
{Thu 00:29:07 Step:1377} Server_Comm.py: Received a new packet while thinking!
{Thu 00:29:07 Step:1379} Server_Comm.py: The agent lost 1 packet! Is syncmode enabled?
{Thu 00:29:09 Step:1489} Server_Comm.py: Received a new packet while thinking!
{Thu 00:29:09 Step:1491} Server_Comm.py: The agent lost 1 packet! Is syncmode enabled?
{Thu 00:29:09 Step:1493} Server_Comm.py: Received a new packet while thinking!
{Thu 00:29:09 Step:1495} Server_Comm.py: The agent lost 1 packet! Is syncmode enabled?
{Thu 00:29:09 Step:1499} Server_Comm.py: Received a new packet while thinking!
{Thu 00:29:09 Step:1501} Server_Comm.py: The agent lost 1 packet! Is syncmode enabled?
{Thu 00:29:09 Step:1506} Server_Comm.py: Received a new packet while thinking!
{Thu 00:29:09 Step:1508} Server_Comm.py: The agent lost 1 packet! Is syncmode enabled?
{Thu 00:29:09 Step:1511} Server_Comm.py: Received a new packet while thinking!
{Thu 00:29:09 Step:1513} Server_Comm.py: The agent lost 1 packet! Is syncmode enabled?
{Thu 00:29:09 Step:1516} Server_Comm.py: The agent lost 1 packet! Is syncmode enabled?
{Thu 00:29:10 Step:1519} Server_Comm.py: The agent lost 1 packet! Is syncmode enabled?
{Thu 00:29:10 Step:1521} Server_Comm.py: Received a new packet while on world.update()!
{Thu 00:29:10 Step:1525} Server_Comm.py: The agent lost 1 packet! Is syncmode enabled?
{Thu 00:29:10 Step:1527} Server_Comm.py: Received a new packet while thinking!
{Thu 00:29:10 Step:1529} Server_Comm.py: Received a new packet while thinking!
{Thu 00:29:10 Step:1531} Server_Comm.py: The agent lost 1 packet! Is syncmode enabled?
{Thu 00:29:10 Step:1532} Server_Comm.py: Received a new packet while thinking!
{Thu 00:29:10 Step:1534} Server_Comm.py: The agent lost 1 packet! Is syncmode enabled?
{Thu 00:29:10 Step:1537} Server_Comm.py: The agent lost 1 packet! Is syncmode enabled?
{Thu 00:29:10 Step:1540} Server_Comm.py: The agent lost 1 packet! Is syncmode enabled?
{Thu 00:29:10 Step:1542} Server_Comm.py: Received a new packet while thinking!
{Thu 00:29:10 Step:1545} Server_Comm.py: The agent lost 1 packet! Is syncmode enabled?
{Thu 00:29:10 Step:1545} Server_Comm.py: Received a new packet while thinking!
{Thu 00:29:10 Step:1546} Server_Comm.py: Received a new packet while thinking!
{Thu 00:29:10 Step:1549} Server_Comm.py: The agent lost 1 packet! Is syncmode enabled?
{Thu 00:29:10 Step:1551} Server_Comm.py: Received a new packet while thinking!
{Thu 00:29:10 Step:1553} Server_Comm.py: Received a new packet while thinking!
{Thu 00:29:10 Step:1555} Server_Comm.py: The agent lost 1 packet! Is syncmode enabled?
{Thu 00:29:10 Step:1558} Server_Comm.py: The agent lost 1 packet! Is syncmode enabled?
{Thu 00:29:10 Step:1561} Server_Comm.py: The agent lost 1 packet! Is syncmode enabled?
{Thu 00:29:10 Step:1563} Server_Comm.py: Received a new packet while on world.update()!
{Thu 00:29:10 Step:1567} Server_Comm.py: The agent lost 1 packet! Is syncmode enabled?
{Thu 00:29:11 Step:1569} Server_Comm.py: Received a new packet while thinking!
{Thu 00:29:11 Step:1571} Server_Comm.py: Received a new packet while thinking!
{Thu 00:29:11 Step:1573} Server_Comm.py: The agent lost 1 packet! Is syncmode enabled?
{Thu 00:29:11 Step:1576} Server_Comm.py: The agent lost 1 packet! Is syncmode enabled?
{Thu 00:29:11 Step:1579} Server_Comm.py: The agent lost 1 packet! Is syncmode enabled?
{Thu 00:29:11 Step:1581} Server_Comm.py: Received a new packet while thinking!
{Thu 00:29:11 Step:1582} Server_Comm.py: Received a new packet while thinking!
{Thu 00:29:11 Step:1584} Server_Comm.py: The agent lost 1 packet! Is syncmode enabled?
{Thu 00:29:11 Step:1584} Server_Comm.py: Received a new packet while thinking!
{Thu 00:29:11 Step:1587} Server_Comm.py: Received a new packet while thinking!
{Thu 00:29:11 Step:1591} Server_Comm.py: The agent lost 1 packet! Is syncmode enabled?
{Thu 00:29:11 Step:1593} Server_Comm.py: Received a new packet while thinking!
{Thu 00:29:11 Step:1596} Server_Comm.py: Received a new packet while thinking!
{Thu 00:29:11 Step:1599} Server_Comm.py: Received a new packet while thinking!
{Thu 00:29:11 Step:1602} Server_Comm.py: Received a new packet while thinking!
{Thu 00:29:11 Step:1605} Server_Comm.py: Received a new packet while thinking!
{Thu 00:29:11 Step:1609} Server_Comm.py: The agent lost 1 packet! Is syncmode enabled?
{Thu 00:29:11 Step:1611} Server_Comm.py: Received a new packet while thinking!
{Thu 00:29:11 Step:1615} Server_Comm.py: Received a new packet while thinking!
