{Thu 00:28:42 Step:97} Server_Comm.py: Received a new packet while on world.update()!
{Thu 00:28:42 Step:117} Server_Comm.py: The agent lost 1 packet! Is syncmode enabled?
{Thu 00:28:43 Step:119} Server_Comm.py: Received a new packet while thinking!
{Thu 00:28:43 Step:120} Server_Comm.py: Received a new packet while thinking!
{Thu 00:28:43 Step:124} Server_Comm.py: The agent lost 1 packet! Is syncmode enabled?
{Thu 00:28:43 Step:125} Server_Comm.py: Received a new packet while thinking!
{Thu 00:28:43 Step:129} Server_Comm.py: The agent lost 3 consecutive packets! Is syncmode disabled?
{Thu 00:28:43 Step:129} Server_Comm.py: Received a new packet while thinking!
{Thu 00:28:43 Step:130} Server_Comm.py: Received a new packet while thinking!
{Thu 00:28:43 Step:133} Server_Comm.py: The agent lost 2 consecutive packets! Is syncmode disabled?
{Thu 00:28:43 Step:133} Server_Comm.py: Received a new packet while thinking!
{Thu 00:28:43 Step:135} Server_Comm.py: The agent lost 1 packet! Is syncmode enabled?
{Thu 00:28:43 Step:135} Server_Comm.py: Received a new packet while thinking!
{Thu 00:28:43 Step:138} Server_Comm.py: The agent lost 2 consecutive packets! Is syncmode disabled?
{Thu 00:28:43 Step:138} Server_Comm.py: Received a new packet while thinking!
{Thu 00:28:43 Step:140} Server_Comm.py: The agent lost 1 packet! Is syncmode enabled?
{Thu 00:28:43 Step:140} Server_Comm.py: Received a new packet while thinking!
{Thu 00:28:43 Step:141} Server_Comm.py: Received a new packet while on world.update()!
{Thu 00:28:43 Step:142} Server_Comm.py: Received a new packet while thinking!
{Thu 00:28:43 Step:144} Server_Comm.py: The agent lost 1 packet! Is syncmode enabled?
{Thu 00:28:43 Step:144} Server_Comm.py: Received a new packet while thinking!
{Thu 00:28:43 Step:146} Server_Comm.py: The agent lost 1 packet! Is syncmode enabled?
{Thu 00:28:43 Step:146} Server_Comm.py: Received a new packet while thinking!
{Thu 00:28:43 Step:147} Server_Comm.py: Received a new packet while thinking!
{Thu 00:28:43 Step:149} Server_Comm.py: The agent lost 1 packet! Is syncmode enabled?
{Thu 00:28:43 Step:149} Server_Comm.py: Received a new packet while thinking!
{Thu 00:28:43 Step:151} Server_Comm.py: The agent lost 1 packet! Is syncmode enabled?
{Thu 00:28:43 Step:151} Server_Comm.py: Received a new packet while thinking!
{Thu 00:28:43 Step:153} Server_Comm.py: The agent lost 1 packet! Is syncmode enabled?
{Thu 00:28:43 Step:153} Server_Comm.py: Received a new packet while thinking!
{Thu 00:28:43 Step:155} Server_Comm.py: The agent lost 1 packet! Is syncmode enabled?
{Thu 00:28:43 Step:155} Server_Comm.py: Received a new packet while thinking!
{Thu 00:28:43 Step:156} Server_Comm.py: Received a new packet while thinking!
{Thu 00:28:43 Step:158} Server_Comm.py: The agent lost 1 packet! Is syncmode enabled?
{Thu 00:28:43 Step:158} Server_Comm.py: Received a new packet while thinking!
{Thu 00:28:43 Step:160} Server_Comm.py: The agent lost 1 packet! Is syncmode enabled?
{Thu 00:28:43 Step:160} Server_Comm.py: Received a new packet while thinking!
{Thu 00:28:43 Step:162} Server_Comm.py: The agent lost 1 packet! Is syncmode enabled?
{Thu 00:28:43 Step:162} Server_Comm.py: Received a new packet while thinking!
{Thu 00:28:43 Step:164} Server_Comm.py: The agent lost 1 packet! Is syncmode enabled?
{Thu 00:28:43 Step:164} Server_Comm.py: Received a new packet while thinking!
{Thu 00:28:43 Step:165} Server_Comm.py: Received a new packet while thinking!
{Thu 00:28:43 Step:167} Server_Comm.py: The agent lost 1 packet! Is syncmode enabled?
{Thu 00:28:44 Step:167} Server_Comm.py: Received a new packet while thinking!
{Thu 00:28:44 Step:169} Server_Comm.py: The agent lost 1 packet! Is syncmode enabled?
{Thu 00:28:44 Step:169} Server_Comm.py: Received a new packet while thinking!
{Thu 00:28:44 Step:171} Server_Comm.py: The agent lost 1 packet! Is syncmode enabled?
{Thu 00:28:44 Step:171} Server_Comm.py: Received a new packet while thinking!
{Thu 00:28:44 Step:173} Server_Comm.py: The agent lost 1 packet! Is syncmode enabled?
{Thu 00:28:44 Step:173} Server_Comm.py: Received a new packet while thinking!
{Thu 00:28:44 Step:175} Server_Comm.py: The agent lost 1 packet! Is syncmode enabled?
{Thu 00:28:44 Step:175} Server_Comm.py: Received a new packet while thinking!
{Thu 00:28:44 Step:177} Server_Comm.py: The agent lost 1 packet! Is syncmode enabled?
{Thu 00:28:44 Step:177} Server_Comm.py: Received a new packet while thinking!
{Thu 00:28:44 Step:180} Server_Comm.py: The agent lost 2 consecutive packets! Is syncmode disabled?
{Thu 00:28:44 Step:180} Server_Comm.py: Received a new packet while thinking!
{Thu 00:28:44 Step:182} Server_Comm.py: The agent lost 1 packet! Is syncmode enabled?
{Thu 00:28:44 Step:182} Server_Comm.py: Received a new packet while thinking!
{Thu 00:28:44 Step:184} Server_Comm.py: The agent lost 1 packet! Is syncmode enabled?
{Thu 00:28:44 Step:184} Server_Comm.py: Received a new packet while thinking!
{Thu 00:28:44 Step:186} Server_Comm.py: The agent lost 1 packet! Is syncmode enabled?
{Thu 00:28:44 Step:186} Server_Comm.py: Received a new packet while thinking!
{Thu 00:28:44 Step:188} Server_Comm.py: The agent lost 1 packet! Is syncmode enabled?
{Thu 00:28:44 Step:188} Server_Comm.py: Received a new packet while thinking!
{Thu 00:28:44 Step:191} Server_Comm.py: The agent lost 2 consecutive packets! Is syncmode disabled?
{Thu 00:28:44 Step:191} Server_Comm.py: Received a new packet while thinking!
{Thu 00:28:44 Step:193} Server_Comm.py: The agent lost 1 packet! Is syncmode enabled?
{Thu 00:28:44 Step:193} Server_Comm.py: Received a new packet while thinking!
{Thu 00:28:44 Step:194} Server_Comm.py: Received a new packet while thinking!
{Thu 00:28:44 Step:196} Server_Comm.py: The agent lost 1 packet! Is syncmode enabled?
{Thu 00:28:44 Step:196} Server_Comm.py: Received a new packet while thinking!
{Thu 00:28:44 Step:197} Server_Comm.py: Received a new packet while thinking!
{Thu 00:28:44 Step:199} Server_Comm.py: The agent lost 1 packet! Is syncmode enabled?
{Thu 00:28:44 Step:199} Server_Comm.py: Received a new packet while thinking!
{Thu 00:28:44 Step:201} Server_Comm.py: The agent lost 1 packet! Is syncmode enabled?
{Thu 00:28:44 Step:201} Server_Comm.py: Received a new packet while thinking!
{Thu 00:28:44 Step:202} Server_Comm.py: Received a new packet while thinking!
{Thu 00:28:44 Step:204} Server_Comm.py: The agent lost 1 packet! Is syncmode enabled?
{Thu 00:28:44 Step:204} Server_Comm.py: Received a new packet while thinking!
{Thu 00:28:44 Step:205} Server_Comm.py: Received a new packet while thinking!
{Thu 00:28:44 Step:207} Server_Comm.py: The agent lost 1 packet! Is syncmode enabled?
{Thu 00:28:44 Step:207} Server_Comm.py: Received a new packet while thinking!
{Thu 00:28:44 Step:209} Server_Comm.py: The agent lost 1 packet! Is syncmode enabled?
{Thu 00:28:44 Step:209} Server_Comm.py: Received a new packet while thinking!
{Thu 00:28:44 Step:210} Server_Comm.py: Received a new packet while thinking!
{Thu 00:28:44 Step:212} Server_Comm.py: The agent lost 1 packet! Is syncmode enabled?
{Thu 00:28:44 Step:212} Server_Comm.py: Received a new packet while thinking!
{Thu 00:28:44 Step:214} Server_Comm.py: The agent lost 1 packet! Is syncmode enabled?
{Thu 00:28:44 Step:214} Server_Comm.py: Received a new packet while thinking!
{Thu 00:28:44 Step:216} Server_Comm.py: The agent lost 1 packet! Is syncmode enabled?
{Thu 00:28:44 Step:216} Server_Comm.py: Received a new packet while thinking!
{Thu 00:28:44 Step:218} Server_Comm.py: The agent lost 1 packet! Is syncmode enabled?
{Thu 00:28:45 Step:218} Server_Comm.py: Received a new packet while thinking!
{Thu 00:28:45 Step:219} Server_Comm.py: Received a new packet while thinking!
{Thu 00:28:45 Step:221} Server_Comm.py: The agent lost 1 packet! Is syncmode enabled?
{Thu 00:28:45 Step:221} Server_Comm.py: Received a new packet while thinking!
{Thu 00:28:45 Step:223} Server_Comm.py: The agent lost 1 packet! Is syncmode enabled?
{Thu 00:28:45 Step:223} Server_Comm.py: Received a new packet while thinking!
{Thu 00:28:45 Step:225} Server_Comm.py: The agent lost 1 packet! Is syncmode enabled?
{Thu 00:28:45 Step:225} Server_Comm.py: Received a new packet while thinking!
{Thu 00:28:45 Step:226} Server_Comm.py: Received a new packet while thinking!
{Thu 00:28:45 Step:228} Server_Comm.py: The agent lost 1 packet! Is syncmode enabled?
{Thu 00:28:45 Step:228} Server_Comm.py: Received a new packet while thinking!
{Thu 00:28:45 Step:229} Server_Comm.py: Received a new packet while thinking!
{Thu 00:28:45 Step:231} Server_Comm.py: The agent lost 1 packet! Is syncmode enabled?
{Thu 00:28:45 Step:231} Server_Comm.py: Received a new packet while thinking!
{Thu 00:28:45 Step:233} Server_Comm.py: The agent lost 1 packet! Is syncmode enabled?
{Thu 00:28:45 Step:233} Server_Comm.py: Received a new packet while thinking!
{Thu 00:28:45 Step:234} Server_Comm.py: Received a new packet while thinking!
{Thu 00:28:45 Step:236} Server_Comm.py: The agent lost 1 packet! Is syncmode enabled?
{Thu 00:28:45 Step:236} Server_Comm.py: Received a new packet while thinking!
{Thu 00:28:45 Step:238} Server_Comm.py: The agent lost 1 packet! Is syncmode enabled?
{Thu 00:28:45 Step:238} Server_Comm.py: Received a new packet while thinking!
{Thu 00:28:45 Step:240} Server_Comm.py: The agent lost 1 packet! Is syncmode enabled?
{Thu 00:28:45 Step:240} Server_Comm.py: Received a new packet while thinking!
{Thu 00:28:45 Step:241} Server_Comm.py: Received a new packet while thinking!
{Thu 00:28:45 Step:243} Server_Comm.py: The agent lost 1 packet! Is syncmode enabled?
{Thu 00:28:45 Step:243} Server_Comm.py: Received a new packet while thinking!
{Thu 00:28:45 Step:245} Server_Comm.py: The agent lost 1 packet! Is syncmode enabled?
{Thu 00:28:45 Step:245} Server_Comm.py: Received a new packet while thinking!
{Thu 00:28:45 Step:246} Server_Comm.py: Received a new packet while thinking!
{Thu 00:28:45 Step:248} Server_Comm.py: The agent lost 1 packet! Is syncmode enabled?
{Thu 00:28:45 Step:248} Server_Comm.py: Received a new packet while thinking!
{Thu 00:28:45 Step:249} Server_Comm.py: Received a new packet while thinking!
{Thu 00:28:45 Step:251} Server_Comm.py: The agent lost 1 packet! Is syncmode enabled?
{Thu 00:28:45 Step:251} Server_Comm.py: Received a new packet while thinking!
{Thu 00:28:45 Step:253} Server_Comm.py: The agent lost 1 packet! Is syncmode enabled?
{Thu 00:28:45 Step:253} Server_Comm.py: Received a new packet while thinking!
{Thu 00:28:45 Step:255} Server_Comm.py: The agent lost 1 packet! Is syncmode enabled?
{Thu 00:28:45 Step:255} Server_Comm.py: Received a new packet while thinking!
{Thu 00:28:45 Step:256} Server_Comm.py: Received a new packet while thinking!
{Thu 00:28:45 Step:258} Server_Comm.py: The agent lost 1 packet! Is syncmode enabled?
{Thu 00:28:45 Step:258} Server_Comm.py: Received a new packet while thinking!
{Thu 00:28:45 Step:260} Server_Comm.py: The agent lost 1 packet! Is syncmode enabled?
{Thu 00:28:45 Step:260} Server_Comm.py: Received a new packet while thinking!
{Thu 00:28:45 Step:261} Server_Comm.py: Received a new packet while thinking!
{Thu 00:28:45 Step:263} Server_Comm.py: The agent lost 1 packet! Is syncmode enabled?
{Thu 00:28:45 Step:263} Server_Comm.py: Received a new packet while thinking!
{Thu 00:28:45 Step:265} Server_Comm.py: The agent lost 1 packet! Is syncmode enabled?
{Thu 00:28:45 Step:265} Server_Comm.py: Received a new packet while thinking!
{Thu 00:28:45 Step:267} Server_Comm.py: The agent lost 1 packet! Is syncmode enabled?
{Thu 00:28:46 Step:267} Server_Comm.py: Received a new packet while thinking!
{Thu 00:28:46 Step:268} Server_Comm.py: Received a new packet while thinking!
{Thu 00:28:46 Step:270} Server_Comm.py: The agent lost 1 packet! Is syncmode enabled?
{Thu 00:28:46 Step:270} Server_Comm.py: Received a new packet while thinking!
{Thu 00:28:46 Step:272} Server_Comm.py: The agent lost 1 packet! Is syncmode enabled?
{Thu 00:28:46 Step:272} Server_Comm.py: Received a new packet while thinking!
{Thu 00:28:46 Step:273} Server_Comm.py: Received a new packet while thinking!
{Thu 00:28:46 Step:275} Server_Comm.py: The agent lost 1 packet! Is syncmode enabled?
{Thu 00:28:46 Step:275} Server_Comm.py: Received a new packet while thinking!
{Thu 00:28:46 Step:276} Server_Comm.py: Received a new packet while thinking!
{Thu 00:28:46 Step:278} Server_Comm.py: The agent lost 1 packet! Is syncmode enabled?
{Thu 00:28:46 Step:278} Server_Comm.py: Received a new packet while thinking!
{Thu 00:28:46 Step:280} Server_Comm.py: The agent lost 1 packet! Is syncmode enabled?
{Thu 00:28:46 Step:280} Server_Comm.py: Received a new packet while thinking!
{Thu 00:28:46 Step:282} Server_Comm.py: The agent lost 1 packet! Is syncmode enabled?
{Thu 00:28:46 Step:282} Server_Comm.py: Received a new packet while thinking!
{Thu 00:28:46 Step:283} Server_Comm.py: Received a new packet while thinking!
{Thu 00:28:46 Step:285} Server_Comm.py: The agent lost 1 packet! Is syncmode enabled?
{Thu 00:28:46 Step:285} Server_Comm.py: Received a new packet while thinking!
{Thu 00:28:46 Step:286} Server_Comm.py: Received a new packet while thinking!
{Thu 00:28:46 Step:288} Server_Comm.py: The agent lost 1 packet! Is syncmode enabled?
{Thu 00:28:46 Step:288} Server_Comm.py: Received a new packet while thinking!
{Thu 00:28:46 Step:289} Server_Comm.py: Received a new packet while thinking!
{Thu 00:28:46 Step:291} Server_Comm.py: The agent lost 1 packet! Is syncmode enabled?
{Thu 00:28:46 Step:291} Server_Comm.py: Received a new packet while thinking!
{Thu 00:28:46 Step:292} Server_Comm.py: Received a new packet while thinking!
{Thu 00:28:46 Step:294} Server_Comm.py: The agent lost 1 packet! Is syncmode enabled?
{Thu 00:28:46 Step:294} Server_Comm.py: Received a new packet while thinking!
{Thu 00:28:46 Step:295} Server_Comm.py: Received a new packet while thinking!
{Thu 00:28:46 Step:297} Server_Comm.py: The agent lost 1 packet! Is syncmode enabled?
{Thu 00:28:46 Step:297} Server_Comm.py: Received a new packet while thinking!
{Thu 00:28:46 Step:299} Server_Comm.py: The agent lost 1 packet! Is syncmode enabled?
{Thu 00:28:46 Step:299} Server_Comm.py: Received a new packet while thinking!
{Thu 00:28:46 Step:300} Server_Comm.py: Received a new packet while thinking!
{Thu 00:28:46 Step:302} Server_Comm.py: The agent lost 1 packet! Is syncmode enabled?
{Thu 00:28:46 Step:302} Server_Comm.py: Received a new packet while thinking!
{Thu 00:28:46 Step:303} Server_Comm.py: Received a new packet while thinking!
{Thu 00:28:46 Step:305} Server_Comm.py: The agent lost 1 packet! Is syncmode enabled?
{Thu 00:28:46 Step:305} Server_Comm.py: Received a new packet while thinking!
{Thu 00:28:46 Step:306} Server_Comm.py: Received a new packet while thinking!
{Thu 00:28:46 Step:308} Server_Comm.py: The agent lost 1 packet! Is syncmode enabled?
{Thu 00:28:46 Step:308} Server_Comm.py: Received a new packet while thinking!
{Thu 00:28:46 Step:310} Server_Comm.py: The agent lost 1 packet! Is syncmode enabled?
{Thu 00:28:46 Step:310} Server_Comm.py: Received a new packet while thinking!
{Thu 00:28:46 Step:312} Server_Comm.py: The agent lost 1 packet! Is syncmode enabled?
{Thu 00:28:46 Step:312} Server_Comm.py: Received a new packet while thinking!
{Thu 00:28:46 Step:314} Server_Comm.py: The agent lost 1 packet! Is syncmode enabled?
{Thu 00:28:46 Step:314} Server_Comm.py: Received a new packet while thinking!
{Thu 00:28:46 Step:315} Server_Comm.py: Received a new packet while thinking!
{Thu 00:28:46 Step:317} Server_Comm.py: The agent lost 1 packet! Is syncmode enabled?
{Thu 00:28:47 Step:317} Server_Comm.py: Received a new packet while thinking!
{Thu 00:28:47 Step:319} Server_Comm.py: The agent lost 1 packet! Is syncmode enabled?
{Thu 00:28:47 Step:319} Server_Comm.py: Received a new packet while thinking!
{Thu 00:28:47 Step:321} Server_Comm.py: The agent lost 1 packet! Is syncmode enabled?
{Thu 00:28:47 Step:321} Server_Comm.py: Received a new packet while thinking!
{Thu 00:28:47 Step:323} Server_Comm.py: The agent lost 1 packet! Is syncmode enabled?
{Thu 00:28:47 Step:323} Server_Comm.py: Received a new packet while thinking!
{Thu 00:28:47 Step:325} Server_Comm.py: The agent lost 1 packet! Is syncmode enabled?
{Thu 00:28:47 Step:325} Server_Comm.py: Received a new packet while thinking!
{Thu 00:28:47 Step:327} Server_Comm.py: The agent lost 1 packet! Is syncmode enabled?
{Thu 00:28:47 Step:327} Server_Comm.py: Received a new packet while thinking!
{Thu 00:28:47 Step:329} Server_Comm.py: The agent lost 1 packet! Is syncmode enabled?
{Thu 00:28:47 Step:329} Server_Comm.py: Received a new packet while thinking!
{Thu 00:28:47 Step:331} Server_Comm.py: The agent lost 1 packet! Is syncmode enabled?
{Thu 00:28:47 Step:331} Server_Comm.py: Received a new packet while thinking!
{Thu 00:28:47 Step:333} Server_Comm.py: The agent lost 1 packet! Is syncmode enabled?
{Thu 00:28:47 Step:333} Server_Comm.py: Received a new packet while thinking!
{Thu 00:28:47 Step:335} Server_Comm.py: The agent lost 1 packet! Is syncmode enabled?
{Thu 00:28:47 Step:335} Server_Comm.py: Received a new packet while thinking!
{Thu 00:28:47 Step:337} Server_Comm.py: The agent lost 1 packet! Is syncmode enabled?
{Thu 00:28:47 Step:337} Server_Comm.py: Received a new packet while thinking!
{Thu 00:28:47 Step:338} Server_Comm.py: Received a new packet while thinking!
{Thu 00:28:47 Step:340} Server_Comm.py: The agent lost 1 packet! Is syncmode enabled?
{Thu 00:28:47 Step:340} Server_Comm.py: Received a new packet while thinking!
{Thu 00:28:47 Step:342} Server_Comm.py: The agent lost 1 packet! Is syncmode enabled?
{Thu 00:28:47 Step:342} Server_Comm.py: Received a new packet while thinking!
{Thu 00:28:47 Step:343} Server_Comm.py: Received a new packet while thinking!
{Thu 00:28:47 Step:345} Server_Comm.py: The agent lost 1 packet! Is syncmode enabled?
{Thu 00:28:47 Step:345} Server_Comm.py: Received a new packet while thinking!
{Thu 00:28:47 Step:347} Server_Comm.py: The agent lost 1 packet! Is syncmode enabled?
{Thu 00:28:47 Step:347} Server_Comm.py: Received a new packet while thinking!
{Thu 00:28:47 Step:349} Server_Comm.py: The agent lost 1 packet! Is syncmode enabled?
{Thu 00:28:47 Step:349} Server_Comm.py: Received a new packet while thinking!
{Thu 00:28:47 Step:351} Server_Comm.py: The agent lost 1 packet! Is syncmode enabled?
{Thu 00:28:47 Step:351} Server_Comm.py: Received a new packet while thinking!
{Thu 00:28:47 Step:353} Server_Comm.py: The agent lost 1 packet! Is syncmode enabled?
{Thu 00:28:47 Step:353} Server_Comm.py: Received a new packet while thinking!
{Thu 00:28:47 Step:354} Server_Comm.py: Received a new packet while thinking!
{Thu 00:28:47 Step:356} Server_Comm.py: The agent lost 1 packet! Is syncmode enabled?
{Thu 00:28:47 Step:356} Server_Comm.py: Received a new packet while thinking!
{Thu 00:28:47 Step:358} Server_Comm.py: The agent lost 1 packet! Is syncmode enabled?
{Thu 00:28:47 Step:358} Server_Comm.py: Received a new packet while thinking!
{Thu 00:28:47 Step:360} Server_Comm.py: The agent lost 1 packet! Is syncmode enabled?
{Thu 00:28:47 Step:360} Server_Comm.py: Received a new packet while thinking!
{Thu 00:28:47 Step:361} Server_Comm.py: Received a new packet while thinking!
{Thu 00:28:47 Step:363} Server_Comm.py: The agent lost 1 packet! Is syncmode enabled?
{Thu 00:28:47 Step:363} Server_Comm.py: Received a new packet while thinking!
{Thu 00:28:47 Step:365} Server_Comm.py: The agent lost 1 packet! Is syncmode enabled?
{Thu 00:28:47 Step:365} Server_Comm.py: Received a new packet while thinking!
{Thu 00:28:48 Step:366} Server_Comm.py: Received a new packet while thinking!
{Thu 00:28:48 Step:368} Server_Comm.py: The agent lost 1 packet! Is syncmode enabled?
{Thu 00:28:48 Step:368} Server_Comm.py: Received a new packet while thinking!
{Thu 00:28:48 Step:370} Server_Comm.py: The agent lost 1 packet! Is syncmode enabled?
{Thu 00:28:48 Step:370} Server_Comm.py: Received a new packet while thinking!
{Thu 00:28:48 Step:372} Server_Comm.py: The agent lost 1 packet! Is syncmode enabled?
{Thu 00:28:48 Step:372} Server_Comm.py: Received a new packet while thinking!
{Thu 00:28:48 Step:374} Server_Comm.py: The agent lost 1 packet! Is syncmode enabled?
{Thu 00:28:48 Step:374} Server_Comm.py: Received a new packet while thinking!
{Thu 00:28:48 Step:375} Server_Comm.py: Received a new packet while thinking!
{Thu 00:28:48 Step:377} Server_Comm.py: The agent lost 1 packet! Is syncmode enabled?
{Thu 00:28:48 Step:377} Server_Comm.py: Received a new packet while thinking!
{Thu 00:28:48 Step:379} Server_Comm.py: The agent lost 1 packet! Is syncmode enabled?
{Thu 00:28:48 Step:379} Server_Comm.py: Received a new packet while thinking!
{Thu 00:28:48 Step:381} Server_Comm.py: The agent lost 1 packet! Is syncmode enabled?
{Thu 00:28:48 Step:381} Server_Comm.py: Received a new packet while thinking!
{Thu 00:28:48 Step:383} Server_Comm.py: The agent lost 1 packet! Is syncmode enabled?
{Thu 00:28:48 Step:383} Server_Comm.py: Received a new packet while thinking!
{Thu 00:28:48 Step:384} Server_Comm.py: Received a new packet while thinking!
{Thu 00:28:48 Step:386} Server_Comm.py: The agent lost 1 packet! Is syncmode enabled?
{Thu 00:28:48 Step:386} Server_Comm.py: Received a new packet while thinking!
{Thu 00:28:48 Step:387} Server_Comm.py: Received a new packet while thinking!
{Thu 00:28:48 Step:389} Server_Comm.py: The agent lost 1 packet! Is syncmode enabled?
{Thu 00:28:48 Step:389} Server_Comm.py: Received a new packet while thinking!
{Thu 00:28:48 Step:390} Server_Comm.py: Received a new packet while thinking!
{Thu 00:28:48 Step:392} Server_Comm.py: The agent lost 1 packet! Is syncmode enabled?
{Thu 00:28:48 Step:392} Server_Comm.py: Received a new packet while thinking!
{Thu 00:28:48 Step:394} Server_Comm.py: The agent lost 1 packet! Is syncmode enabled?
{Thu 00:28:48 Step:394} Server_Comm.py: Received a new packet while thinking!
{Thu 00:28:48 Step:395} Server_Comm.py: Received a new packet while thinking!
{Thu 00:28:48 Step:397} Server_Comm.py: The agent lost 1 packet! Is syncmode enabled?
{Thu 00:28:48 Step:397} Server_Comm.py: Received a new packet while thinking!
{Thu 00:28:48 Step:399} Server_Comm.py: The agent lost 1 packet! Is syncmode enabled?
{Thu 00:28:48 Step:399} Server_Comm.py: Received a new packet while thinking!
{Thu 00:28:48 Step:400} Server_Comm.py: Received a new packet while thinking!
{Thu 00:28:48 Step:402} Server_Comm.py: The agent lost 1 packet! Is syncmode enabled?
{Thu 00:28:48 Step:402} Server_Comm.py: Received a new packet while thinking!
{Thu 00:28:48 Step:403} Server_Comm.py: Received a new packet while thinking!
{Thu 00:28:48 Step:405} Server_Comm.py: The agent lost 1 packet! Is syncmode enabled?
{Thu 00:28:48 Step:405} Server_Comm.py: Received a new packet while thinking!
{Thu 00:28:48 Step:407} Server_Comm.py: The agent lost 1 packet! Is syncmode enabled?
{Thu 00:28:48 Step:407} Server_Comm.py: Received a new packet while thinking!
{Thu 00:28:48 Step:408} Server_Comm.py: Received a new packet while thinking!
{Thu 00:28:48 Step:410} Server_Comm.py: The agent lost 1 packet! Is syncmode enabled?
{Thu 00:28:48 Step:410} Server_Comm.py: Received a new packet while thinking!
{Thu 00:28:48 Step:411} Server_Comm.py: Received a new packet while thinking!
{Thu 00:28:48 Step:413} Server_Comm.py: The agent lost 1 packet! Is syncmode enabled?
{Thu 00:28:48 Step:413} Server_Comm.py: Received a new packet while thinking!
{Thu 00:28:48 Step:415} Server_Comm.py: The agent lost 1 packet! Is syncmode enabled?
{Thu 00:28:48 Step:415} Server_Comm.py: Received a new packet while thinking!
{Thu 00:28:49 Step:416} Server_Comm.py: Received a new packet while thinking!
{Thu 00:28:49 Step:418} Server_Comm.py: The agent lost 1 packet! Is syncmode enabled?
{Thu 00:28:49 Step:418} Server_Comm.py: Received a new packet while thinking!
{Thu 00:28:49 Step:420} Server_Comm.py: The agent lost 1 packet! Is syncmode enabled?
{Thu 00:28:49 Step:420} Server_Comm.py: Received a new packet while thinking!
{Thu 00:28:49 Step:421} Server_Comm.py: Received a new packet while on world.update()!
{Thu 00:28:49 Step:422} Server_Comm.py: Received a new packet while thinking!
{Thu 00:28:49 Step:423} Server_Comm.py: Received a new packet while thinking!
{Thu 00:28:49 Step:425} Server_Comm.py: The agent lost 1 packet! Is syncmode enabled?
{Thu 00:28:49 Step:425} Server_Comm.py: Received a new packet while thinking!
{Thu 00:28:49 Step:427} Server_Comm.py: The agent lost 1 packet! Is syncmode enabled?
{Thu 00:28:49 Step:427} Server_Comm.py: Received a new packet while thinking!
{Thu 00:28:49 Step:429} Server_Comm.py: The agent lost 1 packet! Is syncmode enabled?
{Thu 00:28:49 Step:429} Server_Comm.py: Received a new packet while thinking!
{Thu 00:28:49 Step:431} Server_Comm.py: The agent lost 1 packet! Is syncmode enabled?
{Thu 00:28:49 Step:431} Server_Comm.py: Received a new packet while thinking!
{Thu 00:28:49 Step:432} Server_Comm.py: Received a new packet while thinking!
{Thu 00:28:49 Step:434} Server_Comm.py: The agent lost 1 packet! Is syncmode enabled?
{Thu 00:28:49 Step:434} Server_Comm.py: Received a new packet while thinking!
{Thu 00:28:49 Step:435} Server_Comm.py: Received a new packet while thinking!
{Thu 00:28:49 Step:437} Server_Comm.py: The agent lost 1 packet! Is syncmode enabled?
{Thu 00:28:49 Step:437} Server_Comm.py: Received a new packet while thinking!
{Thu 00:28:49 Step:438} Server_Comm.py: Received a new packet while thinking!
{Thu 00:28:49 Step:440} Server_Comm.py: The agent lost 1 packet! Is syncmode enabled?
{Thu 00:28:49 Step:440} Server_Comm.py: Received a new packet while thinking!
{Thu 00:28:49 Step:441} Server_Comm.py: Received a new packet while thinking!
{Thu 00:28:49 Step:443} Server_Comm.py: The agent lost 1 packet! Is syncmode enabled?
{Thu 00:28:49 Step:443} Server_Comm.py: Received a new packet while thinking!
{Thu 00:28:49 Step:444} Server_Comm.py: Received a new packet while thinking!
{Thu 00:28:49 Step:446} Server_Comm.py: The agent lost 1 packet! Is syncmode enabled?
{Thu 00:28:49 Step:446} Server_Comm.py: Received a new packet while thinking!
{Thu 00:28:49 Step:447} Server_Comm.py: Received a new packet while thinking!
{Thu 00:28:49 Step:449} Server_Comm.py: The agent lost 1 packet! Is syncmode enabled?
{Thu 00:28:49 Step:449} Server_Comm.py: Received a new packet while thinking!
{Thu 00:28:49 Step:451} Server_Comm.py: The agent lost 1 packet! Is syncmode enabled?
{Thu 00:28:49 Step:451} Server_Comm.py: Received a new packet while thinking!
{Thu 00:28:49 Step:453} Server_Comm.py: The agent lost 1 packet! Is syncmode enabled?
{Thu 00:28:49 Step:453} Server_Comm.py: Received a new packet while thinking!
{Thu 00:28:49 Step:455} Server_Comm.py: The agent lost 1 packet! Is syncmode enabled?
{Thu 00:28:49 Step:455} Server_Comm.py: Received a new packet while thinking!
{Thu 00:28:49 Step:456} Server_Comm.py: Received a new packet while thinking!
{Thu 00:28:49 Step:458} Server_Comm.py: The agent lost 1 packet! Is syncmode enabled?
{Thu 00:28:49 Step:458} Server_Comm.py: Received a new packet while thinking!
{Thu 00:28:49 Step:459} Server_Comm.py: Received a new packet while thinking!
{Thu 00:28:49 Step:461} Server_Comm.py: The agent lost 1 packet! Is syncmode enabled?
{Thu 00:28:49 Step:461} Server_Comm.py: Received a new packet while thinking!
{Thu 00:28:49 Step:462} Server_Comm.py: Received a new packet while thinking!
{Thu 00:28:49 Step:464} Server_Comm.py: The agent lost 1 packet! Is syncmode enabled?
{Thu 00:28:49 Step:464} Server_Comm.py: Received a new packet while thinking!
{Thu 00:28:49 Step:465} Server_Comm.py: Received a new packet while thinking!
{Thu 00:28:50 Step:467} Server_Comm.py: The agent lost 1 packet! Is syncmode enabled?
{Thu 00:28:50 Step:467} Server_Comm.py: Received a new packet while thinking!
{Thu 00:28:50 Step:468} Server_Comm.py: Received a new packet while thinking!
{Thu 00:28:50 Step:470} Server_Comm.py: The agent lost 1 packet! Is syncmode enabled?
{Thu 00:28:50 Step:470} Server_Comm.py: Received a new packet while thinking!
{Thu 00:28:50 Step:471} Server_Comm.py: Received a new packet while thinking!
{Thu 00:28:50 Step:473} Server_Comm.py: The agent lost 1 packet! Is syncmode enabled?
{Thu 00:28:50 Step:473} Server_Comm.py: Received a new packet while thinking!
{Thu 00:28:50 Step:474} Server_Comm.py: Received a new packet while thinking!
{Thu 00:28:50 Step:476} Server_Comm.py: The agent lost 1 packet! Is syncmode enabled?
{Thu 00:28:50 Step:476} Server_Comm.py: Received a new packet while thinking!
{Thu 00:28:50 Step:477} Server_Comm.py: Received a new packet while thinking!
{Thu 00:28:50 Step:479} Server_Comm.py: The agent lost 1 packet! Is syncmode enabled?
{Thu 00:28:50 Step:479} Server_Comm.py: Received a new packet while thinking!
{Thu 00:28:50 Step:480} Server_Comm.py: Received a new packet while thinking!
{Thu 00:28:50 Step:482} Server_Comm.py: The agent lost 1 packet! Is syncmode enabled?
{Thu 00:28:50 Step:482} Server_Comm.py: Received a new packet while thinking!
{Thu 00:28:50 Step:483} Server_Comm.py: Received a new packet while thinking!
{Thu 00:28:50 Step:485} Server_Comm.py: The agent lost 1 packet! Is syncmode enabled?
{Thu 00:28:50 Step:485} Server_Comm.py: Received a new packet while thinking!
{Thu 00:28:50 Step:487} Server_Comm.py: The agent lost 1 packet! Is syncmode enabled?
{Thu 00:28:50 Step:487} Server_Comm.py: Received a new packet while thinking!
{Thu 00:28:50 Step:489} Server_Comm.py: The agent lost 1 packet! Is syncmode enabled?
{Thu 00:28:50 Step:489} Server_Comm.py: Received a new packet while thinking!
{Thu 00:28:50 Step:490} Server_Comm.py: Received a new packet while thinking!
{Thu 00:28:50 Step:492} Server_Comm.py: The agent lost 1 packet! Is syncmode enabled?
{Thu 00:28:50 Step:492} Server_Comm.py: Received a new packet while thinking!
{Thu 00:28:50 Step:494} Server_Comm.py: The agent lost 1 packet! Is syncmode enabled?
{Thu 00:28:50 Step:494} Server_Comm.py: Received a new packet while thinking!
{Thu 00:28:50 Step:495} Server_Comm.py: Received a new packet while thinking!
{Thu 00:28:50 Step:497} Server_Comm.py: The agent lost 1 packet! Is syncmode enabled?
{Thu 00:28:50 Step:497} Server_Comm.py: Received a new packet while thinking!
{Thu 00:28:50 Step:498} Server_Comm.py: Received a new packet while thinking!
{Thu 00:28:50 Step:500} Server_Comm.py: The agent lost 1 packet! Is syncmode enabled?
{Thu 00:28:50 Step:500} Server_Comm.py: Received a new packet while thinking!
{Thu 00:28:50 Step:501} Server_Comm.py: Received a new packet while thinking!
{Thu 00:28:50 Step:503} Server_Comm.py: The agent lost 1 packet! Is syncmode enabled?
{Thu 00:28:50 Step:503} Server_Comm.py: Received a new packet while thinking!
{Thu 00:28:50 Step:504} Server_Comm.py: Received a new packet while thinking!
{Thu 00:28:50 Step:506} Server_Comm.py: The agent lost 1 packet! Is syncmode enabled?
{Thu 00:28:50 Step:506} Server_Comm.py: Received a new packet while thinking!
{Thu 00:28:50 Step:507} Server_Comm.py: Received a new packet while thinking!
{Thu 00:28:50 Step:509} Server_Comm.py: The agent lost 1 packet! Is syncmode enabled?
{Thu 00:28:50 Step:509} Server_Comm.py: Received a new packet while thinking!
{Thu 00:28:50 Step:510} Server_Comm.py: Received a new packet while thinking!
{Thu 00:28:50 Step:512} Server_Comm.py: The agent lost 1 packet! Is syncmode enabled?
{Thu 00:28:50 Step:512} Server_Comm.py: Received a new packet while thinking!
{Thu 00:28:50 Step:513} Server_Comm.py: Received a new packet while on world.update()!
{Thu 00:28:50 Step:514} Server_Comm.py: Received a new packet while thinking!
{Thu 00:28:50 Step:515} Server_Comm.py: Received a new packet while thinking!
{Thu 00:28:50 Step:517} Server_Comm.py: The agent lost 1 packet! Is syncmode enabled?
{Thu 00:28:51 Step:517} Server_Comm.py: Received a new packet while thinking!
{Thu 00:28:51 Step:518} Server_Comm.py: Received a new packet while thinking!
{Thu 00:28:51 Step:520} Server_Comm.py: The agent lost 1 packet! Is syncmode enabled?
{Thu 00:28:51 Step:520} Server_Comm.py: Received a new packet while thinking!
{Thu 00:28:51 Step:522} Server_Comm.py: The agent lost 1 packet! Is syncmode enabled?
{Thu 00:28:51 Step:522} Server_Comm.py: Received a new packet while thinking!
{Thu 00:28:51 Step:524} Server_Comm.py: The agent lost 1 packet! Is syncmode enabled?
{Thu 00:28:51 Step:524} Server_Comm.py: Received a new packet while thinking!
{Thu 00:28:51 Step:527} Server_Comm.py: The agent lost 2 consecutive packets! Is syncmode disabled?
{Thu 00:28:51 Step:527} Server_Comm.py: Received a new packet while thinking!
{Thu 00:28:51 Step:529} Server_Comm.py: The agent lost 1 packet! Is syncmode enabled?
{Thu 00:28:51 Step:529} Server_Comm.py: Received a new packet while thinking!
{Thu 00:28:51 Step:531} Server_Comm.py: The agent lost 1 packet! Is syncmode enabled?
{Thu 00:28:51 Step:531} Server_Comm.py: Received a new packet while thinking!
{Thu 00:28:51 Step:534} Server_Comm.py: The agent lost 2 consecutive packets! Is syncmode disabled?
{Thu 00:28:51 Step:534} Server_Comm.py: Received a new packet while thinking!
{Thu 00:28:51 Step:536} Server_Comm.py: The agent lost 1 packet! Is syncmode enabled?
{Thu 00:28:51 Step:536} Server_Comm.py: Received a new packet while thinking!
{Thu 00:28:51 Step:537} Server_Comm.py: Received a new packet while thinking!
{Thu 00:28:51 Step:539} Server_Comm.py: The agent lost 1 packet! Is syncmode enabled?
{Thu 00:28:51 Step:539} Server_Comm.py: Received a new packet while thinking!
{Thu 00:28:51 Step:541} Server_Comm.py: The agent lost 1 packet! Is syncmode enabled?
{Thu 00:28:51 Step:541} Server_Comm.py: Received a new packet while thinking!
{Thu 00:28:51 Step:543} Server_Comm.py: The agent lost 1 packet! Is syncmode enabled?
{Thu 00:28:51 Step:543} Server_Comm.py: Received a new packet while thinking!
{Thu 00:28:51 Step:545} Server_Comm.py: The agent lost 1 packet! Is syncmode enabled?
{Thu 00:28:51 Step:545} Server_Comm.py: Received a new packet while thinking!
{Thu 00:28:51 Step:547} Server_Comm.py: The agent lost 1 packet! Is syncmode enabled?
{Thu 00:28:51 Step:547} Server_Comm.py: Received a new packet while on world.update()!
{Thu 00:28:51 Step:548} Server_Comm.py: Received a new packet while thinking!
{Thu 00:28:51 Step:549} Server_Comm.py: Received a new packet while thinking!
{Thu 00:28:51 Step:552} Server_Comm.py: The agent lost 2 consecutive packets! Is syncmode disabled?
{Thu 00:28:51 Step:552} Server_Comm.py: Received a new packet while thinking!
{Thu 00:28:51 Step:554} Server_Comm.py: The agent lost 1 packet! Is syncmode enabled?
{Thu 00:28:51 Step:554} Server_Comm.py: Received a new packet while thinking!
{Thu 00:28:51 Step:556} Server_Comm.py: The agent lost 1 packet! Is syncmode enabled?
{Thu 00:28:51 Step:556} Server_Comm.py: Received a new packet while thinking!
{Thu 00:28:51 Step:558} Server_Comm.py: The agent lost 1 packet! Is syncmode enabled?
{Thu 00:28:51 Step:558} Server_Comm.py: Received a new packet while thinking!
{Thu 00:28:51 Step:561} Server_Comm.py: The agent lost 2 consecutive packets! Is syncmode disabled?
{Thu 00:28:51 Step:561} Server_Comm.py: Received a new packet while thinking!
{Thu 00:28:51 Step:563} Server_Comm.py: The agent lost 1 packet! Is syncmode enabled?
{Thu 00:28:51 Step:563} Server_Comm.py: Received a new packet while thinking!
{Thu 00:28:51 Step:565} Server_Comm.py: The agent lost 1 packet! Is syncmode enabled?
{Thu 00:28:51 Step:565} Server_Comm.py: Received a new packet while thinking!
{Thu 00:28:52 Step:567} Server_Comm.py: The agent lost 1 packet! Is syncmode enabled?
{Thu 00:28:52 Step:567} Server_Comm.py: Received a new packet while thinking!
{Thu 00:28:52 Step:570} Server_Comm.py: The agent lost 2 consecutive packets! Is syncmode disabled?
{Thu 00:28:52 Step:570} Server_Comm.py: Received a new packet while thinking!
{Thu 00:28:52 Step:571} Server_Comm.py: Received a new packet while thinking!
{Thu 00:28:52 Step:573} Server_Comm.py: The agent lost 1 packet! Is syncmode enabled?
{Thu 00:28:52 Step:573} Server_Comm.py: Received a new packet while thinking!
{Thu 00:28:52 Step:574} Server_Comm.py: Received a new packet while thinking!
{Thu 00:28:52 Step:576} Server_Comm.py: The agent lost 1 packet! Is syncmode enabled?
{Thu 00:28:52 Step:576} Server_Comm.py: Received a new packet while thinking!
{Thu 00:28:52 Step:577} Server_Comm.py: Received a new packet while thinking!
{Thu 00:28:52 Step:579} Server_Comm.py: The agent lost 1 packet! Is syncmode enabled?
{Thu 00:28:52 Step:579} Server_Comm.py: Received a new packet while thinking!
{Thu 00:28:52 Step:581} Server_Comm.py: The agent lost 1 packet! Is syncmode enabled?
{Thu 00:28:52 Step:581} Server_Comm.py: Received a new packet while thinking!
{Thu 00:28:52 Step:582} Server_Comm.py: Received a new packet while thinking!
{Thu 00:28:52 Step:584} Server_Comm.py: The agent lost 1 packet! Is syncmode enabled?
{Thu 00:28:52 Step:585} Server_Comm.py: Received a new packet while thinking!
{Thu 00:28:52 Step:589} Server_Comm.py: The agent lost 1 packet! Is syncmode enabled?
{Thu 00:28:52 Step:591} Server_Comm.py: Received a new packet while thinking!
{Thu 00:28:52 Step:593} Server_Comm.py: Received a new packet while thinking!
{Thu 00:28:52 Step:595} Server_Comm.py: The agent lost 1 packet! Is syncmode enabled?
{Thu 00:28:52 Step:598} Server_Comm.py: The agent lost 1 packet! Is syncmode enabled?
{Thu 00:28:52 Step:600} Server_Comm.py: Received a new packet while thinking!
{Thu 00:28:52 Step:604} Server_Comm.py: Received a new packet while thinking!
{Thu 00:28:52 Step:606} Server_Comm.py: The agent lost 1 packet! Is syncmode enabled?
{Thu 00:28:53 Step:619} Server_Comm.py: The agent lost 1 packet! Is syncmode enabled?
{Thu 00:28:54 Step:666} Server_Comm.py: Received a new packet while thinking!
{Thu 00:28:54 Step:669} Server_Comm.py: Received a new packet while thinking!
{Thu 00:28:54 Step:673} Server_Comm.py: The agent lost 1 packet! Is syncmode enabled?
{Thu 00:28:54 Step:675} Server_Comm.py: Received a new packet while thinking!
{Thu 00:28:54 Step:677} Server_Comm.py: Received a new packet while thinking!
{Thu 00:28:54 Step:679} Server_Comm.py: The agent lost 1 packet! Is syncmode enabled?
{Thu 00:28:54 Step:682} Server_Comm.py: The agent lost 1 packet! Is syncmode enabled?
{Thu 00:28:54 Step:685} Server_Comm.py: The agent lost 1 packet! Is syncmode enabled?
{Thu 00:28:54 Step:688} Server_Comm.py: The agent lost 1 packet! Is syncmode enabled?
{Thu 00:28:54 Step:691} Server_Comm.py: The agent lost 1 packet! Is syncmode enabled?
{Thu 00:28:54 Step:692} Server_Comm.py: Received a new packet while thinking!
{Thu 00:28:54 Step:694} Server_Comm.py: The agent lost 1 packet! Is syncmode enabled?
{Thu 00:28:54 Step:695} Server_Comm.py: Received a new packet while thinking!
{Thu 00:28:54 Step:697} Server_Comm.py: The agent lost 1 packet! Is syncmode enabled?
{Thu 00:28:54 Step:697} Server_Comm.py: Received a new packet while thinking!
{Thu 00:28:54 Step:699} Server_Comm.py: The agent lost 1 packet! Is syncmode enabled?
{Thu 00:28:54 Step:699} Server_Comm.py: Received a new packet while thinking!
{Thu 00:28:54 Step:700} Server_Comm.py: Received a new packet while thinking!
{Thu 00:28:54 Step:703} Server_Comm.py: The agent lost 2 consecutive packets! Is syncmode disabled?
{Thu 00:28:54 Step:706} Server_Comm.py: The agent lost 1 packet! Is syncmode enabled?
{Thu 00:28:54 Step:707} Server_Comm.py: Received a new packet while thinking!
{Thu 00:28:54 Step:709} Server_Comm.py: The agent lost 1 packet! Is syncmode enabled?
{Thu 00:28:54 Step:710} Server_Comm.py: Received a new packet while thinking!
{Thu 00:28:54 Step:712} Server_Comm.py: The agent lost 1 packet! Is syncmode enabled?
{Thu 00:28:54 Step:712} Server_Comm.py: Received a new packet while thinking!
{Thu 00:28:54 Step:715} Server_Comm.py: The agent lost 2 consecutive packets! Is syncmode disabled?
{Thu 00:28:55 Step:718} Server_Comm.py: The agent lost 1 packet! Is syncmode enabled?
{Thu 00:28:55 Step:719} Server_Comm.py: Received a new packet while thinking!
{Thu 00:28:55 Step:721} Server_Comm.py: The agent lost 1 packet! Is syncmode enabled?
{Thu 00:28:55 Step:722} Server_Comm.py: Received a new packet while thinking!
{Thu 00:28:55 Step:724} Server_Comm.py: The agent lost 1 packet! Is syncmode enabled?
{Thu 00:28:55 Step:725} Server_Comm.py: Received a new packet while thinking!
{Thu 00:28:55 Step:727} Server_Comm.py: The agent lost 1 packet! Is syncmode enabled?
{Thu 00:28:55 Step:729} Server_Comm.py: The agent lost 1 packet! Is syncmode enabled?
{Thu 00:28:55 Step:729} Server_Comm.py: Received a new packet while thinking!
{Thu 00:28:55 Step:733} Server_Comm.py: The agent lost 1 packet! Is syncmode enabled?
{Thu 00:28:55 Step:735} Server_Comm.py: Received a new packet while thinking!
{Thu 00:28:55 Step:737} Server_Comm.py: Received a new packet while thinking!
{Thu 00:28:55 Step:739} Server_Comm.py: The agent lost 1 packet! Is syncmode enabled?
{Thu 00:28:55 Step:741} Server_Comm.py: Received a new packet while thinking!
{Thu 00:28:55 Step:742} Server_Comm.py: Received a new packet while thinking!
{Thu 00:28:55 Step:744} Server_Comm.py: The agent lost 1 packet! Is syncmode enabled?
{Thu 00:28:55 Step:744} Server_Comm.py: Received a new packet while thinking!
{Thu 00:28:55 Step:745} Server_Comm.py: Received a new packet while thinking!
{Thu 00:28:55 Step:746} Server_Comm.py: Received a new packet while thinking!
{Thu 00:28:55 Step:747} Server_Comm.py: Received a new packet while thinking!
{Thu 00:28:55 Step:748} Server_Comm.py: Received a new packet while thinking!
{Thu 00:28:55 Step:749} Server_Comm.py: Received a new packet while thinking!
{Thu 00:28:55 Step:750} Server_Comm.py: Received a new packet while thinking!
{Thu 00:28:55 Step:751} Server_Comm.py: Received a new packet while thinking!
{Thu 00:28:55 Step:752} Server_Comm.py: Received a new packet while thinking!
{Thu 00:28:55 Step:753} Server_Comm.py: Received a new packet while thinking!
{Thu 00:28:55 Step:754} Server_Comm.py: Received a new packet while thinking!
{Thu 00:28:55 Step:755} Server_Comm.py: Received a new packet while thinking!
{Thu 00:28:55 Step:756} Server_Comm.py: Received a new packet while thinking!
{Thu 00:28:55 Step:757} Server_Comm.py: Received a new packet while thinking!
{Thu 00:28:55 Step:758} Server_Comm.py: Received a new packet while thinking!
{Thu 00:28:55 Step:759} Server_Comm.py: Received a new packet while thinking!
{Thu 00:28:55 Step:760} Server_Comm.py: Received a new packet while thinking!
{Thu 00:28:55 Step:761} Server_Comm.py: Received a new packet while thinking!
{Thu 00:28:55 Step:762} Server_Comm.py: Received a new packet while thinking!
{Thu 00:28:55 Step:763} Server_Comm.py: Received a new packet while thinking!
{Thu 00:28:55 Step:764} Server_Comm.py: Received a new packet while thinking!
{Thu 00:28:56 Step:765} Server_Comm.py: Received a new packet while thinking!
{Thu 00:28:56 Step:766} Server_Comm.py: Received a new packet while thinking!
{Thu 00:28:56 Step:767} Server_Comm.py: Received a new packet while thinking!
{Thu 00:28:56 Step:768} Server_Comm.py: Received a new packet while thinking!
{Thu 00:28:56 Step:769} Server_Comm.py: Received a new packet while thinking!
{Thu 00:28:56 Step:770} Server_Comm.py: Received a new packet while thinking!
{Thu 00:28:56 Step:771} Server_Comm.py: Received a new packet while thinking!
{Thu 00:28:56 Step:772} Server_Comm.py: Received a new packet while thinking!
{Thu 00:28:56 Step:773} Server_Comm.py: Received a new packet while thinking!
{Thu 00:28:56 Step:774} Server_Comm.py: Received a new packet while thinking!
{Thu 00:28:56 Step:775} Server_Comm.py: Received a new packet while thinking!
{Thu 00:28:56 Step:776} Server_Comm.py: Received a new packet while thinking!
{Thu 00:28:56 Step:777} Server_Comm.py: Received a new packet while thinking!
{Thu 00:28:56 Step:778} Server_Comm.py: Received a new packet while thinking!
{Thu 00:28:56 Step:779} Server_Comm.py: Received a new packet while thinking!
{Thu 00:28:56 Step:780} Server_Comm.py: Received a new packet while thinking!
{Thu 00:28:56 Step:781} Server_Comm.py: Received a new packet while thinking!
{Thu 00:28:56 Step:782} Server_Comm.py: Received a new packet while thinking!
{Thu 00:28:56 Step:783} Server_Comm.py: Received a new packet while thinking!
{Thu 00:28:56 Step:784} Server_Comm.py: Received a new packet while thinking!
{Thu 00:28:56 Step:785} Server_Comm.py: Received a new packet while thinking!
{Thu 00:28:56 Step:786} Server_Comm.py: Received a new packet while thinking!
{Thu 00:28:56 Step:787} Server_Comm.py: Received a new packet while thinking!
{Thu 00:28:56 Step:788} Server_Comm.py: Received a new packet while thinking!
{Thu 00:28:56 Step:789} Server_Comm.py: Received a new packet while thinking!
{Thu 00:28:56 Step:790} Server_Comm.py: Received a new packet while thinking!
{Thu 00:28:56 Step:791} Server_Comm.py: Received a new packet while thinking!
{Thu 00:28:56 Step:792} Server_Comm.py: Received a new packet while thinking!
{Thu 00:28:56 Step:793} Server_Comm.py: Received a new packet while thinking!
{Thu 00:28:56 Step:794} Server_Comm.py: Received a new packet while thinking!
{Thu 00:28:56 Step:795} Server_Comm.py: Received a new packet while thinking!
{Thu 00:28:56 Step:796} Server_Comm.py: Received a new packet while thinking!
{Thu 00:28:56 Step:797} Server_Comm.py: Received a new packet while thinking!
{Thu 00:28:56 Step:798} Server_Comm.py: Received a new packet while thinking!
{Thu 00:28:56 Step:799} Server_Comm.py: Received a new packet while thinking!
{Thu 00:28:56 Step:800} Server_Comm.py: Received a new packet while thinking!
{Thu 00:28:56 Step:801} Server_Comm.py: Received a new packet while thinking!
{Thu 00:28:56 Step:802} Server_Comm.py: Received a new packet while thinking!
{Thu 00:28:56 Step:803} Server_Comm.py: Received a new packet while thinking!
{Thu 00:28:56 Step:804} Server_Comm.py: Received a new packet while thinking!
{Thu 00:28:56 Step:805} Server_Comm.py: Received a new packet while thinking!
{Thu 00:28:56 Step:806} Server_Comm.py: Received a new packet while thinking!
{Thu 00:28:56 Step:807} Server_Comm.py: Received a new packet while thinking!
{Thu 00:28:56 Step:808} Server_Comm.py: Received a new packet while thinking!
{Thu 00:28:56 Step:809} Server_Comm.py: Received a new packet while thinking!
{Thu 00:28:56 Step:810} Server_Comm.py: Received a new packet while thinking!
{Thu 00:28:56 Step:811} Server_Comm.py: Received a new packet while thinking!
{Thu 00:28:56 Step:812} Server_Comm.py: Received a new packet while thinking!
{Thu 00:28:56 Step:813} Server_Comm.py: Received a new packet while thinking!
{Thu 00:28:56 Step:814} Server_Comm.py: Received a new packet while thinking!
{Thu 00:28:57 Step:815} Server_Comm.py: Received a new packet while thinking!
{Thu 00:28:57 Step:816} Server_Comm.py: Received a new packet while thinking!
{Thu 00:28:57 Step:817} Server_Comm.py: Received a new packet while thinking!
{Thu 00:28:57 Step:818} Server_Comm.py: Received a new packet while thinking!
{Thu 00:28:57 Step:819} Server_Comm.py: Received a new packet while thinking!
{Thu 00:28:57 Step:820} Server_Comm.py: Received a new packet while thinking!
{Thu 00:28:57 Step:821} Server_Comm.py: Received a new packet while thinking!
{Thu 00:28:57 Step:822} Server_Comm.py: Received a new packet while thinking!
{Thu 00:28:57 Step:823} Server_Comm.py: Received a new packet while thinking!
{Thu 00:28:57 Step:824} Server_Comm.py: Received a new packet while thinking!
{Thu 00:28:57 Step:825} Server_Comm.py: Received a new packet while thinking!
{Thu 00:28:57 Step:826} Server_Comm.py: Received a new packet while thinking!
{Thu 00:28:57 Step:827} Server_Comm.py: Received a new packet while thinking!
{Thu 00:28:57 Step:828} Server_Comm.py: Received a new packet while thinking!
{Thu 00:28:57 Step:829} Server_Comm.py: Received a new packet while thinking!
{Thu 00:28:57 Step:830} Server_Comm.py: Received a new packet while thinking!
{Thu 00:28:57 Step:831} Server_Comm.py: Received a new packet while thinking!
{Thu 00:28:57 Step:832} Server_Comm.py: Received a new packet while thinking!
{Thu 00:28:57 Step:833} Server_Comm.py: Received a new packet while thinking!
{Thu 00:28:57 Step:834} Server_Comm.py: Received a new packet while thinking!
{Thu 00:28:57 Step:835} Server_Comm.py: Received a new packet while thinking!
{Thu 00:28:57 Step:836} Server_Comm.py: Received a new packet while thinking!
{Thu 00:28:57 Step:837} Server_Comm.py: Received a new packet while thinking!
{Thu 00:28:57 Step:838} Server_Comm.py: Received a new packet while thinking!
{Thu 00:28:57 Step:839} Server_Comm.py: Received a new packet while thinking!
{Thu 00:28:57 Step:840} Server_Comm.py: Received a new packet while thinking!
{Thu 00:28:57 Step:841} Server_Comm.py: Received a new packet while thinking!
{Thu 00:28:57 Step:842} Server_Comm.py: Received a new packet while thinking!
{Thu 00:28:57 Step:843} Server_Comm.py: Received a new packet while thinking!
{Thu 00:28:57 Step:844} Server_Comm.py: Received a new packet while thinking!
{Thu 00:28:57 Step:845} Server_Comm.py: Received a new packet while thinking!
{Thu 00:28:57 Step:846} Server_Comm.py: Received a new packet while thinking!
{Thu 00:28:57 Step:847} Server_Comm.py: Received a new packet while thinking!
{Thu 00:28:57 Step:848} Server_Comm.py: Received a new packet while thinking!
{Thu 00:28:57 Step:849} Server_Comm.py: Received a new packet while thinking!
{Thu 00:28:57 Step:850} Server_Comm.py: Received a new packet while thinking!
{Thu 00:28:57 Step:851} Server_Comm.py: Received a new packet while thinking!
{Thu 00:28:57 Step:852} Server_Comm.py: Received a new packet while thinking!
{Thu 00:28:57 Step:853} Server_Comm.py: Received a new packet while thinking!
{Thu 00:28:57 Step:855} Server_Comm.py: The agent lost 1 packet! Is syncmode enabled?
{Thu 00:28:58 Step:870} Server_Comm.py: Received a new packet while thinking!
{Thu 00:28:58 Step:874} Server_Comm.py: The agent lost 1 packet! Is syncmode enabled?
{Thu 00:28:58 Step:910} Server_Comm.py: Received a new packet while thinking!
{Thu 00:28:58 Step:912} Server_Comm.py: The agent lost 1 packet! Is syncmode enabled?
{Thu 00:29:00 Step:971} Server_Comm.py: The agent lost 1 packet! Is syncmode enabled?
{Thu 00:29:00 Step:977} Server_Comm.py: The agent lost 1 packet! Is syncmode enabled?
{Thu 00:29:00 Step:978} Server_Comm.py: Received a new packet while thinking!
{Thu 00:29:00 Step:980} Server_Comm.py: The agent lost 1 packet! Is syncmode enabled?
{Thu 00:29:00 Step:981} Server_Comm.py: Received a new packet while thinking!
{Thu 00:29:00 Step:983} Server_Comm.py: The agent lost 1 packet! Is syncmode enabled?
{Thu 00:29:00 Step:984} Server_Comm.py: Received a new packet while thinking!
{Thu 00:29:00 Step:986} Server_Comm.py: The agent lost 1 packet! Is syncmode enabled?
{Thu 00:29:00 Step:988} Server_Comm.py: Received a new packet while thinking!
{Thu 00:29:00 Step:990} Server_Comm.py: The agent lost 1 packet! Is syncmode enabled?
{Thu 00:29:00 Step:991} Server_Comm.py: Received a new packet while thinking!
{Thu 00:29:00 Step:993} Server_Comm.py: The agent lost 1 packet! Is syncmode enabled?
{Thu 00:29:00 Step:993} Server_Comm.py: Received a new packet while thinking!
{Thu 00:29:00 Step:995} Server_Comm.py: The agent lost 1 packet! Is syncmode enabled?
{Thu 00:29:00 Step:997} Server_Comm.py: Received a new packet while thinking!
{Thu 00:29:00 Step:999} Server_Comm.py: The agent lost 1 packet! Is syncmode enabled?
{Thu 00:29:00 Step:1000} Server_Comm.py: Received a new packet while thinking!
{Thu 00:29:00 Step:1002} Server_Comm.py: The agent lost 1 packet! Is syncmode enabled?
{Thu 00:29:00 Step:1002} Server_Comm.py: Received a new packet while thinking!
{Thu 00:29:00 Step:1004} Server_Comm.py: The agent lost 1 packet! Is syncmode enabled?
{Thu 00:29:00 Step:1005} Server_Comm.py: Received a new packet while thinking!
{Thu 00:29:00 Step:1007} Server_Comm.py: The agent lost 1 packet! Is syncmode enabled?
{Thu 00:29:00 Step:1007} Server_Comm.py: Received a new packet while thinking!
{Thu 00:29:00 Step:1009} Server_Comm.py: The agent lost 1 packet! Is syncmode enabled?
{Thu 00:29:00 Step:1009} Server_Comm.py: Received a new packet while thinking!
{Thu 00:29:00 Step:1011} Server_Comm.py: The agent lost 1 packet! Is syncmode enabled?
{Thu 00:29:00 Step:1011} Server_Comm.py: Received a new packet while thinking!
{Thu 00:29:00 Step:1013} Server_Comm.py: The agent lost 1 packet! Is syncmode enabled?
{Thu 00:29:01 Step:1014} Server_Comm.py: Received a new packet while thinking!
{Thu 00:29:01 Step:1016} Server_Comm.py: The agent lost 1 packet! Is syncmode enabled?
{Thu 00:29:01 Step:1016} Server_Comm.py: Received a new packet while thinking!
{Thu 00:29:01 Step:1018} Server_Comm.py: The agent lost 1 packet! Is syncmode enabled?
{Thu 00:29:01 Step:1019} Server_Comm.py: Received a new packet while thinking!
{Thu 00:29:01 Step:1021} Server_Comm.py: The agent lost 1 packet! Is syncmode enabled?
{Thu 00:29:01 Step:1022} Server_Comm.py: Received a new packet while thinking!
{Thu 00:29:01 Step:1024} Server_Comm.py: The agent lost 1 packet! Is syncmode enabled?
{Thu 00:29:01 Step:1025} Server_Comm.py: Received a new packet while thinking!
{Thu 00:29:01 Step:1027} Server_Comm.py: The agent lost 1 packet! Is syncmode enabled?
{Thu 00:29:01 Step:1028} Server_Comm.py: Received a new packet while thinking!
{Thu 00:29:01 Step:1030} Server_Comm.py: The agent lost 1 packet! Is syncmode enabled?
{Thu 00:29:01 Step:1033} Server_Comm.py: Received a new packet while thinking!
{Thu 00:29:01 Step:1035} Server_Comm.py: The agent lost 1 packet! Is syncmode enabled?
{Thu 00:29:01 Step:1036} Server_Comm.py: Received a new packet while thinking!
{Thu 00:29:01 Step:1038} Server_Comm.py: The agent lost 1 packet! Is syncmode enabled?
{Thu 00:29:01 Step:1041} Server_Comm.py: Received a new packet while thinking!
{Thu 00:29:01 Step:1043} Server_Comm.py: The agent lost 1 packet! Is syncmode enabled?
{Thu 00:29:01 Step:1045} Server_Comm.py: Received a new packet while thinking!
{Thu 00:29:01 Step:1047} Server_Comm.py: The agent lost 1 packet! Is syncmode enabled?
{Thu 00:29:01 Step:1049} Server_Comm.py: Received a new packet while thinking!
{Thu 00:29:01 Step:1051} Server_Comm.py: The agent lost 1 packet! Is syncmode enabled?
{Thu 00:29:01 Step:1059} Server_Comm.py: Received a new packet while thinking!
{Thu 00:29:01 Step:1061} Server_Comm.py: The agent lost 1 packet! Is syncmode enabled?
{Thu 00:29:02 Step:1090} Server_Comm.py: Received a new packet while thinking!
{Thu 00:29:02 Step:1092} Server_Comm.py: Received a new packet while thinking!
{Thu 00:29:02 Step:1095} Server_Comm.py: Received a new packet while thinking!
{Thu 00:29:02 Step:1099} Server_Comm.py: The agent lost 1 packet! Is syncmode enabled?
{Thu 00:29:02 Step:1101} Server_Comm.py: Received a new packet while thinking!
{Thu 00:29:02 Step:1102} Server_Comm.py: Received a new packet while thinking!
{Thu 00:29:02 Step:1104} Server_Comm.py: The agent lost 1 packet! Is syncmode enabled?
{Thu 00:29:02 Step:1104} Server_Comm.py: Received a new packet while thinking!
{Thu 00:29:02 Step:1107} Server_Comm.py: Received a new packet while thinking!
{Thu 00:29:02 Step:1111} Server_Comm.py: The agent lost 1 packet! Is syncmode enabled?
{Thu 00:29:02 Step:1113} Server_Comm.py: Received a new packet while thinking!
{Thu 00:29:03 Step:1117} Server_Comm.py: The agent lost 1 packet! Is syncmode enabled?
{Thu 00:29:03 Step:1119} Server_Comm.py: Received a new packet while thinking!
{Thu 00:29:03 Step:1120} Server_Comm.py: Received a new packet while thinking!
{Thu 00:29:03 Step:1122} Server_Comm.py: The agent lost 1 packet! Is syncmode enabled?
{Thu 00:29:03 Step:1122} Server_Comm.py: Received a new packet while thinking!
{Thu 00:29:03 Step:1123} Server_Comm.py: Received a new packet while thinking!
{Thu 00:29:03 Step:1125} Server_Comm.py: The agent lost 1 packet! Is syncmode enabled?
{Thu 00:29:03 Step:1125} Server_Comm.py: Received a new packet while thinking!
{Thu 00:29:03 Step:1126} Server_Comm.py: Received a new packet while thinking!
{Thu 00:29:03 Step:1128} Server_Comm.py: The agent lost 1 packet! Is syncmode enabled?
{Thu 00:29:03 Step:1128} Server_Comm.py: Received a new packet while thinking!
{Thu 00:29:03 Step:1129} Server_Comm.py: Received a new packet while thinking!
{Thu 00:29:03 Step:1132} Server_Comm.py: The agent lost 2 consecutive packets! Is syncmode disabled?
{Thu 00:29:03 Step:1134} Server_Comm.py: Received a new packet while thinking!
{Thu 00:29:03 Step:1136} Server_Comm.py: The agent lost 1 packet! Is syncmode enabled?
{Thu 00:29:03 Step:1138} Server_Comm.py: The agent lost 1 packet! Is syncmode enabled?
{Thu 00:29:03 Step:1139} Server_Comm.py: Received a new packet while thinking!
{Thu 00:29:03 Step:1141} Server_Comm.py: The agent lost 1 packet! Is syncmode enabled?
{Thu 00:29:03 Step:1144} Server_Comm.py: The agent lost 1 packet! Is syncmode enabled?
{Thu 00:29:03 Step:1146} Server_Comm.py: Received a new packet while thinking!
{Thu 00:29:03 Step:1148} Server_Comm.py: The agent lost 1 packet! Is syncmode enabled?
{Thu 00:29:03 Step:1152} Server_Comm.py: The agent lost 1 packet! Is syncmode enabled?
{Thu 00:29:03 Step:1153} Server_Comm.py: Received a new packet while thinking!
{Thu 00:29:03 Step:1155} Server_Comm.py: The agent lost 1 packet! Is syncmode enabled?
{Thu 00:29:03 Step:1156} Server_Comm.py: Received a new packet while thinking!
{Thu 00:29:03 Step:1158} Server_Comm.py: The agent lost 1 packet! Is syncmode enabled?
{Thu 00:29:03 Step:1159} Server_Comm.py: Received a new packet while thinking!
{Thu 00:29:03 Step:1161} Server_Comm.py: The agent lost 1 packet! Is syncmode enabled?
{Thu 00:29:04 Step:1165} Server_Comm.py: The agent lost 1 packet! Is syncmode enabled?
{Thu 00:29:04 Step:1165} Server_Comm.py: Received a new packet while thinking!
{Thu 00:29:04 Step:1167} Server_Comm.py: The agent lost 1 packet! Is syncmode enabled?
{Thu 00:29:04 Step:1171} Server_Comm.py: Received a new packet while thinking!
{Thu 00:29:04 Step:1173} Server_Comm.py: The agent lost 1 packet! Is syncmode enabled?
{Thu 00:29:04 Step:1180} Server_Comm.py: Received a new packet while thinking!
{Thu 00:29:04 Step:1182} Server_Comm.py: The agent lost 1 packet! Is syncmode enabled?
{Thu 00:29:06 Step:1299} Server_Comm.py: Received a new packet while thinking!
{Thu 00:29:06 Step:1301} Server_Comm.py: The agent lost 1 packet! Is syncmode enabled?
{Thu 00:29:06 Step:1309} Server_Comm.py: Received a new packet while thinking!
{Thu 00:29:06 Step:1311} Server_Comm.py: The agent lost 1 packet! Is syncmode enabled?
{Thu 00:29:07 Step:1321} Server_Comm.py: Received a new packet while thinking!
{Thu 00:29:07 Step:1323} Server_Comm.py: The agent lost 1 packet! Is syncmode enabled?
{Thu 00:29:08 Step:1410} Server_Comm.py: Received a new packet while thinking!
{Thu 00:29:09 Step:1413} Server_Comm.py: Received a new packet while thinking!
{Thu 00:29:09 Step:1416} Server_Comm.py: Received a new packet while thinking!
{Thu 00:29:09 Step:1419} Server_Comm.py: Received a new packet while thinking!
{Thu 00:29:09 Step:1422} Server_Comm.py: Received a new packet while thinking!
{Thu 00:29:09 Step:1425} Server_Comm.py: Received a new packet while thinking!
{Thu 00:29:09 Step:1428} Server_Comm.py: Received a new packet while thinking!
{Thu 00:29:09 Step:1432} Server_Comm.py: The agent lost 1 packet! Is syncmode enabled?
{Thu 00:29:09 Step:1434} Server_Comm.py: Received a new packet while thinking!
{Thu 00:29:09 Step:1438} Server_Comm.py: The agent lost 1 packet! Is syncmode enabled?
{Thu 00:29:09 Step:1440} Server_Comm.py: Received a new packet while thinking!
{Thu 00:29:09 Step:1444} Server_Comm.py: The agent lost 1 packet! Is syncmode enabled?
{Thu 00:29:09 Step:1446} Server_Comm.py: Received a new packet while thinking!
{Thu 00:29:09 Step:1450} Server_Comm.py: The agent lost 1 packet! Is syncmode enabled?
{Thu 00:29:09 Step:1452} Server_Comm.py: Received a new packet while thinking!
{Thu 00:29:09 Step:1456} Server_Comm.py: The agent lost 1 packet! Is syncmode enabled?
{Thu 00:29:09 Step:1458} Server_Comm.py: Received a new packet while on world.update()!
{Thu 00:29:09 Step:1461} Server_Comm.py: Received a new packet while thinking!
{Thu 00:29:10 Step:1462} Server_Comm.py: Received a new packet while thinking!
{Thu 00:29:10 Step:1464} Server_Comm.py: The agent lost 1 packet! Is syncmode enabled?
{Thu 00:29:10 Step:1464} Server_Comm.py: Received a new packet while thinking!
{Thu 00:29:10 Step:1465} Server_Comm.py: Received a new packet while thinking!
{Thu 00:29:10 Step:1467} Server_Comm.py: The agent lost 1 packet! Is syncmode enabled?
{Thu 00:29:10 Step:1467} Server_Comm.py: Received a new packet while thinking!
{Thu 00:29:10 Step:1468} Server_Comm.py: Received a new packet while thinking!
{Thu 00:29:10 Step:1470} Server_Comm.py: The agent lost 1 packet! Is syncmode enabled?
{Thu 00:29:10 Step:1470} Server_Comm.py: Received a new packet while thinking!
{Thu 00:29:10 Step:1472} Server_Comm.py: Received a new packet while thinking!
{Thu 00:29:10 Step:1474} Server_Comm.py: The agent lost 1 packet! Is syncmode enabled?
{Thu 00:29:10 Step:1477} Server_Comm.py: The agent lost 1 packet! Is syncmode enabled?
{Thu 00:29:10 Step:1480} Server_Comm.py: The agent lost 1 packet! Is syncmode enabled?
{Thu 00:29:10 Step:1483} Server_Comm.py: The agent lost 1 packet! Is syncmode enabled?
{Thu 00:29:10 Step:1485} Server_Comm.py: Received a new packet while thinking!
{Thu 00:29:10 Step:1487} Server_Comm.py: Received a new packet while thinking!
{Thu 00:29:10 Step:1489} Server_Comm.py: The agent lost 1 packet! Is syncmode enabled?
{Thu 00:29:10 Step:1492} Server_Comm.py: The agent lost 1 packet! Is syncmode enabled?
{Thu 00:29:10 Step:1494} Server_Comm.py: Received a new packet while thinking!
{Thu 00:29:10 Step:1498} Server_Comm.py: The agent lost 1 packet! Is syncmode enabled?
{Thu 00:29:10 Step:1498} Server_Comm.py: Received a new packet while thinking!
{Thu 00:29:10 Step:1501} Server_Comm.py: The agent lost 1 packet! Is syncmode enabled?
{Thu 00:29:10 Step:1504} Server_Comm.py: The agent lost 1 packet! Is syncmode enabled?
{Thu 00:29:10 Step:1506} Server_Comm.py: Received a new packet while thinking!
{Thu 00:29:10 Step:1507} Server_Comm.py: Received a new packet while thinking!
{Thu 00:29:10 Step:1509} Server_Comm.py: The agent lost 1 packet! Is syncmode enabled?
{Thu 00:29:10 Step:1509} Server_Comm.py: Received a new packet while thinking!
{Thu 00:29:10 Step:1510} Server_Comm.py: Received a new packet while thinking!
{Thu 00:29:10 Step:1512} Server_Comm.py: The agent lost 1 packet! Is syncmode enabled?
{Thu 00:29:11 Step:1512} Server_Comm.py: Received a new packet while thinking!
{Thu 00:29:11 Step:1516} Server_Comm.py: The agent lost 1 packet! Is syncmode enabled?
{Thu 00:29:11 Step:1519} Server_Comm.py: The agent lost 1 packet! Is syncmode enabled?
{Thu 00:29:11 Step:1522} Server_Comm.py: The agent lost 1 packet! Is syncmode enabled?
{Thu 00:29:11 Step:1524} Server_Comm.py: Received a new packet while thinking!
{Thu 00:29:11 Step:1526} Server_Comm.py: Received a new packet while thinking!
{Thu 00:29:11 Step:1528} Server_Comm.py: The agent lost 1 packet! Is syncmode enabled?
{Thu 00:29:11 Step:1531} Server_Comm.py: The agent lost 1 packet! Is syncmode enabled?
{Thu 00:29:11 Step:1534} Server_Comm.py: Received a new packet while thinking!
{Thu 00:29:11 Step:1536} Server_Comm.py: Received a new packet while thinking!
{Thu 00:29:11 Step:1539} Server_Comm.py: Received a new packet while thinking!
{Thu 00:29:11 Step:1543} Server_Comm.py: The agent lost 1 packet! Is syncmode enabled?
{Thu 00:29:11 Step:1554} Server_Comm.py: Received a new packet while thinking!
{Thu 00:29:11 Step:1557} Server_Comm.py: Received a new packet while thinking!
{Thu 00:29:11 Step:1561} Server_Comm.py: Received a new packet while thinking!
{Thu 00:29:12 Step:1564} Server_Comm.py: Received a new packet while thinking!
{Thu 00:29:12 Step:1566} Server_Comm.py: Received a new packet while thinking!
{Thu 00:29:12 Step:1570} Server_Comm.py: Received a new packet while thinking!
{Thu 00:29:12 Step:1572} Server_Comm.py: Received a new packet while thinking!
