{Thu 00:28:42 Step:91} Server_Comm.py: The agent lost 1 packet! Is syncmode enabled?
{Thu 00:28:42 Step:109} Server_Comm.py: The agent lost 1 packet! Is syncmode enabled?
{Thu 00:28:43 Step:111} Server_Comm.py: Received a new packet while thinking!
{Thu 00:28:43 Step:115} Server_Comm.py: The agent lost 1 packet! Is syncmode enabled?
{Thu 00:28:43 Step:118} Server_Comm.py: The agent lost 1 packet! Is syncmode enabled?
{Thu 00:28:43 Step:118} Server_Comm.py: Received a new packet while thinking!
{Thu 00:28:43 Step:121} Server_Comm.py: The agent lost 2 consecutive packets! Is syncmode disabled?
{Thu 00:28:43 Step:122} Server_Comm.py: Received a new packet while thinking!
{Thu 00:28:43 Step:124} Server_Comm.py: The agent lost 1 packet! Is syncmode enabled?
{Thu 00:28:43 Step:124} Server_Comm.py: Received a new packet while thinking!
{Thu 00:28:43 Step:127} Server_Comm.py: The agent lost 2 consecutive packets! Is syncmode disabled?
{Thu 00:28:43 Step:127} Server_Comm.py: Received a new packet while thinking!
{Thu 00:28:43 Step:130} Server_Comm.py: The agent lost 2 consecutive packets! Is syncmode disabled?
{Thu 00:28:43 Step:131} Server_Comm.py: Received a new packet while thinking!
{Thu 00:28:43 Step:133} Server_Comm.py: The agent lost 1 packet! Is syncmode enabled?
{Thu 00:28:43 Step:133} Server_Comm.py: Received a new packet while thinking!
{Thu 00:28:43 Step:136} Server_Comm.py: The agent lost 2 consecutive packets! Is syncmode disabled?
{Thu 00:28:43 Step:137} Server_Comm.py: Received a new packet while thinking!
{Thu 00:28:43 Step:139} Server_Comm.py: The agent lost 1 packet! Is syncmode enabled?
{Thu 00:28:43 Step:139} Server_Comm.py: Received a new packet while thinking!
{Thu 00:28:43 Step:141} Server_Comm.py: The agent lost 1 packet! Is syncmode enabled?
{Thu 00:28:43 Step:141} Server_Comm.py: Received a new packet while thinking!
{Thu 00:28:43 Step:142} Server_Comm.py: Received a new packet while thinking!
{Thu 00:28:43 Step:145} Server_Comm.py: The agent lost 2 consecutive packets! Is syncmode disabled?
{Thu 00:28:43 Step:146} Server_Comm.py: Received a new packet while thinking!
{Thu 00:28:43 Step:148} Server_Comm.py: The agent lost 1 packet! Is syncmode enabled?
{Thu 00:28:43 Step:148} Server_Comm.py: Received a new packet while thinking!
{Thu 00:28:43 Step:150} Server_Comm.py: The agent lost 1 packet! Is syncmode enabled?
{Thu 00:28:43 Step:150} Server_Comm.py: Received a new packet while thinking!
{Thu 00:28:43 Step:151} Server_Comm.py: Received a new packet while thinking!
{Thu 00:28:43 Step:154} Server_Comm.py: The agent lost 2 consecutive packets! Is syncmode disabled?
{Thu 00:28:43 Step:155} Server_Comm.py: Received a new packet while thinking!
{Thu 00:28:43 Step:157} Server_Comm.py: The agent lost 1 packet! Is syncmode enabled?
{Thu 00:28:43 Step:157} Server_Comm.py: Received a new packet while thinking!
{Thu 00:28:43 Step:159} Server_Comm.py: The agent lost 1 packet! Is syncmode enabled?
{Thu 00:28:44 Step:159} Server_Comm.py: Received a new packet while thinking!
{Thu 00:28:44 Step:160} Server_Comm.py: Received a new packet while thinking!
{Thu 00:28:44 Step:163} Server_Comm.py: The agent lost 2 consecutive packets! Is syncmode disabled?
{Thu 00:28:44 Step:164} Server_Comm.py: Received a new packet while thinking!
{Thu 00:28:44 Step:166} Server_Comm.py: The agent lost 1 packet! Is syncmode enabled?
{Thu 00:28:44 Step:166} Server_Comm.py: Received a new packet while thinking!
{Thu 00:28:44 Step:169} Server_Comm.py: The agent lost 2 consecutive packets! Is syncmode disabled?
{Thu 00:28:44 Step:169} Server_Comm.py: Received a new packet while thinking!
{Thu 00:28:44 Step:172} Server_Comm.py: The agent lost 2 consecutive packets! Is syncmode disabled?
{Thu 00:28:44 Step:173} Server_Comm.py: Received a new packet while thinking!
{Thu 00:28:44 Step:175} Server_Comm.py: The agent lost 1 packet! Is syncmode enabled?
{Thu 00:28:44 Step:175} Server_Comm.py: Received a new packet while thinking!
{Thu 00:28:44 Step:178} Server_Comm.py: The agent lost 2 consecutive packets! Is syncmode disabled?
{Thu 00:28:44 Step:178} Server_Comm.py: Received a new packet while thinking!
{Thu 00:28:44 Step:181} Server_Comm.py: The agent lost 2 consecutive packets! Is syncmode disabled?
{Thu 00:28:44 Step:182} Server_Comm.py: Received a new packet while thinking!
{Thu 00:28:44 Step:184} Server_Comm.py: The agent lost 1 packet! Is syncmode enabled?
{Thu 00:28:44 Step:184} Server_Comm.py: Received a new packet while thinking!
{Thu 00:28:44 Step:186} Server_Comm.py: The agent lost 1 packet! Is syncmode enabled?
{Thu 00:28:44 Step:186} Server_Comm.py: Received a new packet while thinking!
{Thu 00:28:44 Step:187} Server_Comm.py: Received a new packet while thinking!
{Thu 00:28:44 Step:189} Server_Comm.py: The agent lost 1 packet! Is syncmode enabled?
{Thu 00:28:44 Step:189} Server_Comm.py: Received a new packet while thinking!
{Thu 00:28:44 Step:190} Server_Comm.py: Received a new packet while thinking!
{Thu 00:28:44 Step:193} Server_Comm.py: The agent lost 2 consecutive packets! Is syncmode disabled?
{Thu 00:28:44 Step:196} Server_Comm.py: The agent lost 1 packet! Is syncmode enabled?
{Thu 00:28:44 Step:199} Server_Comm.py: The agent lost 1 packet! Is syncmode enabled?
{Thu 00:28:44 Step:200} Server_Comm.py: Received a new packet while thinking!
{Thu 00:28:44 Step:202} Server_Comm.py: The agent lost 1 packet! Is syncmode enabled?
{Thu 00:28:44 Step:202} Server_Comm.py: Received a new packet while thinking!
{Thu 00:28:44 Step:204} Server_Comm.py: The agent lost 1 packet! Is syncmode enabled?
{Thu 00:28:44 Step:204} Server_Comm.py: Received a new packet while thinking!
{Thu 00:28:44 Step:205} Server_Comm.py: Received a new packet while thinking!
{Thu 00:28:44 Step:208} Server_Comm.py: The agent lost 2 consecutive packets! Is syncmode disabled?
{Thu 00:28:45 Step:209} Server_Comm.py: Received a new packet while thinking!
{Thu 00:28:45 Step:211} Server_Comm.py: The agent lost 1 packet! Is syncmode enabled?
{Thu 00:28:45 Step:211} Server_Comm.py: Received a new packet while thinking!
{Thu 00:28:45 Step:213} Server_Comm.py: The agent lost 1 packet! Is syncmode enabled?
{Thu 00:28:45 Step:213} Server_Comm.py: Received a new packet while thinking!
{Thu 00:28:45 Step:214} Server_Comm.py: Received a new packet while thinking!
{Thu 00:28:45 Step:217} Server_Comm.py: The agent lost 2 consecutive packets! Is syncmode disabled?
{Thu 00:28:45 Step:218} Server_Comm.py: Received a new packet while thinking!
{Thu 00:28:45 Step:220} Server_Comm.py: The agent lost 1 packet! Is syncmode enabled?
{Thu 00:28:45 Step:221} Server_Comm.py: Received a new packet while thinking!
{Thu 00:28:45 Step:223} Server_Comm.py: The agent lost 1 packet! Is syncmode enabled?
{Thu 00:28:45 Step:224} Server_Comm.py: Received a new packet while thinking!
{Thu 00:28:45 Step:226} Server_Comm.py: The agent lost 1 packet! Is syncmode enabled?
{Thu 00:28:45 Step:226} Server_Comm.py: Received a new packet while thinking!
{Thu 00:28:45 Step:228} Server_Comm.py: The agent lost 1 packet! Is syncmode enabled?
{Thu 00:28:45 Step:228} Server_Comm.py: Received a new packet while thinking!
{Thu 00:28:45 Step:229} Server_Comm.py: Received a new packet while thinking!
{Thu 00:28:45 Step:232} Server_Comm.py: The agent lost 2 consecutive packets! Is syncmode disabled?
{Thu 00:28:45 Step:235} Server_Comm.py: The agent lost 1 packet! Is syncmode enabled?
{Thu 00:28:45 Step:236} Server_Comm.py: Received a new packet while thinking!
{Thu 00:28:45 Step:238} Server_Comm.py: The agent lost 1 packet! Is syncmode enabled?
{Thu 00:28:45 Step:239} Server_Comm.py: Received a new packet while thinking!
{Thu 00:28:45 Step:241} Server_Comm.py: The agent lost 1 packet! Is syncmode enabled?
{Thu 00:28:45 Step:241} Server_Comm.py: Received a new packet while thinking!
{Thu 00:28:45 Step:243} Server_Comm.py: The agent lost 1 packet! Is syncmode enabled?
{Thu 00:28:45 Step:243} Server_Comm.py: Received a new packet while thinking!
{Thu 00:28:45 Step:244} Server_Comm.py: Received a new packet while thinking!
{Thu 00:28:45 Step:247} Server_Comm.py: The agent lost 2 consecutive packets! Is syncmode disabled?
{Thu 00:28:45 Step:250} Server_Comm.py: The agent lost 1 packet! Is syncmode enabled?
{Thu 00:28:45 Step:251} Server_Comm.py: Received a new packet while thinking!
{Thu 00:28:45 Step:253} Server_Comm.py: The agent lost 1 packet! Is syncmode enabled?
{Thu 00:28:45 Step:253} Server_Comm.py: Received a new packet while thinking!
{Thu 00:28:45 Step:255} Server_Comm.py: The agent lost 1 packet! Is syncmode enabled?
{Thu 00:28:45 Step:255} Server_Comm.py: Received a new packet while thinking!
{Thu 00:28:45 Step:256} Server_Comm.py: Received a new packet while thinking!
{Thu 00:28:45 Step:259} Server_Comm.py: The agent lost 2 consecutive packets! Is syncmode disabled?
{Thu 00:28:46 Step:262} Server_Comm.py: The agent lost 1 packet! Is syncmode enabled?
{Thu 00:28:46 Step:263} Server_Comm.py: Received a new packet while thinking!
{Thu 00:28:46 Step:265} Server_Comm.py: The agent lost 1 packet! Is syncmode enabled?
{Thu 00:28:46 Step:266} Server_Comm.py: Received a new packet while thinking!
{Thu 00:28:46 Step:268} Server_Comm.py: The agent lost 1 packet! Is syncmode enabled?
{Thu 00:28:46 Step:269} Server_Comm.py: Received a new packet while thinking!
{Thu 00:28:46 Step:271} Server_Comm.py: The agent lost 1 packet! Is syncmode enabled?
{Thu 00:28:46 Step:271} Server_Comm.py: Received a new packet while thinking!
{Thu 00:28:46 Step:274} Server_Comm.py: The agent lost 2 consecutive packets! Is syncmode disabled?
{Thu 00:28:46 Step:277} Server_Comm.py: The agent lost 1 packet! Is syncmode enabled?
{Thu 00:28:46 Step:280} Server_Comm.py: The agent lost 1 packet! Is syncmode enabled?
{Thu 00:28:46 Step:283} Server_Comm.py: The agent lost 1 packet! Is syncmode enabled?
{Thu 00:28:46 Step:286} Server_Comm.py: The agent lost 1 packet! Is syncmode enabled?
{Thu 00:28:46 Step:289} Server_Comm.py: The agent lost 1 packet! Is syncmode enabled?
{Thu 00:28:46 Step:290} Server_Comm.py: Received a new packet while thinking!
{Thu 00:28:46 Step:292} Server_Comm.py: The agent lost 1 packet! Is syncmode enabled?
{Thu 00:28:46 Step:293} Server_Comm.py: Received a new packet while thinking!
{Thu 00:28:46 Step:295} Server_Comm.py: The agent lost 1 packet! Is syncmode enabled?
{Thu 00:28:46 Step:296} Server_Comm.py: Received a new packet while thinking!
{Thu 00:28:46 Step:298} Server_Comm.py: The agent lost 1 packet! Is syncmode enabled?
{Thu 00:28:46 Step:299} Server_Comm.py: Received a new packet while thinking!
{Thu 00:28:46 Step:301} Server_Comm.py: The agent lost 1 packet! Is syncmode enabled?
{Thu 00:28:46 Step:301} Server_Comm.py: Received a new packet while thinking!
{Thu 00:28:46 Step:304} Server_Comm.py: The agent lost 2 consecutive packets! Is syncmode disabled?
{Thu 00:28:46 Step:305} Server_Comm.py: Received a new packet while thinking!
{Thu 00:28:46 Step:307} Server_Comm.py: The agent lost 1 packet! Is syncmode enabled?
{Thu 00:28:46 Step:307} Server_Comm.py: Received a new packet while thinking!
{Thu 00:28:46 Step:309} Server_Comm.py: The agent lost 1 packet! Is syncmode enabled?
{Thu 00:28:47 Step:309} Server_Comm.py: Received a new packet while thinking!
{Thu 00:28:47 Step:310} Server_Comm.py: Received a new packet while thinking!
{Thu 00:28:47 Step:313} Server_Comm.py: The agent lost 2 consecutive packets! Is syncmode disabled?
{Thu 00:28:47 Step:314} Server_Comm.py: Received a new packet while thinking!
{Thu 00:28:47 Step:316} Server_Comm.py: The agent lost 1 packet! Is syncmode enabled?
{Thu 00:28:47 Step:316} Server_Comm.py: Received a new packet while thinking!
{Thu 00:28:47 Step:319} Server_Comm.py: The agent lost 2 consecutive packets! Is syncmode disabled?
{Thu 00:28:47 Step:320} Server_Comm.py: Received a new packet while thinking!
{Thu 00:28:47 Step:322} Server_Comm.py: The agent lost 1 packet! Is syncmode enabled?
{Thu 00:28:47 Step:322} Server_Comm.py: Received a new packet while thinking!
{Thu 00:28:47 Step:325} Server_Comm.py: The agent lost 2 consecutive packets! Is syncmode disabled?
{Thu 00:28:47 Step:326} Server_Comm.py: Received a new packet while thinking!
{Thu 00:28:47 Step:328} Server_Comm.py: The agent lost 1 packet! Is syncmode enabled?
{Thu 00:28:47 Step:328} Server_Comm.py: Received a new packet while thinking!
{Thu 00:28:47 Step:330} Server_Comm.py: The agent lost 1 packet! Is syncmode enabled?
{Thu 00:28:47 Step:330} Server_Comm.py: Received a new packet while thinking!
{Thu 00:28:47 Step:331} Server_Comm.py: Received a new packet while thinking!
{Thu 00:28:47 Step:334} Server_Comm.py: The agent lost 2 consecutive packets! Is syncmode disabled?
{Thu 00:28:47 Step:335} Server_Comm.py: Received a new packet while thinking!
{Thu 00:28:47 Step:337} Server_Comm.py: The agent lost 1 packet! Is syncmode enabled?
{Thu 00:28:47 Step:337} Server_Comm.py: Received a new packet while thinking!
{Thu 00:28:47 Step:339} Server_Comm.py: The agent lost 1 packet! Is syncmode enabled?
{Thu 00:28:47 Step:339} Server_Comm.py: Received a new packet while thinking!
{Thu 00:28:47 Step:340} Server_Comm.py: Received a new packet while thinking!
{Thu 00:28:47 Step:343} Server_Comm.py: The agent lost 2 consecutive packets! Is syncmode disabled?
{Thu 00:28:47 Step:344} Server_Comm.py: Received a new packet while thinking!
{Thu 00:28:47 Step:346} Server_Comm.py: The agent lost 1 packet! Is syncmode enabled?
{Thu 00:28:47 Step:347} Server_Comm.py: Received a new packet while thinking!
{Thu 00:28:47 Step:349} Server_Comm.py: The agent lost 1 packet! Is syncmode enabled?
{Thu 00:28:47 Step:349} Server_Comm.py: Received a new packet while thinking!
{Thu 00:28:47 Step:352} Server_Comm.py: The agent lost 2 consecutive packets! Is syncmode disabled?
{Thu 00:28:47 Step:353} Server_Comm.py: Received a new packet while thinking!
{Thu 00:28:47 Step:355} Server_Comm.py: The agent lost 1 packet! Is syncmode enabled?
{Thu 00:28:47 Step:356} Server_Comm.py: Received a new packet while thinking!
{Thu 00:28:47 Step:358} Server_Comm.py: The agent lost 1 packet! Is syncmode enabled?
{Thu 00:28:48 Step:359} Server_Comm.py: Received a new packet while thinking!
{Thu 00:28:48 Step:361} Server_Comm.py: The agent lost 1 packet! Is syncmode enabled?
{Thu 00:28:48 Step:361} Server_Comm.py: Received a new packet while thinking!
{Thu 00:28:48 Step:364} Server_Comm.py: The agent lost 2 consecutive packets! Is syncmode disabled?
{Thu 00:28:48 Step:365} Server_Comm.py: Received a new packet while thinking!
{Thu 00:28:48 Step:367} Server_Comm.py: The agent lost 1 packet! Is syncmode enabled?
{Thu 00:28:48 Step:367} Server_Comm.py: Received a new packet while thinking!
{Thu 00:28:48 Step:369} Server_Comm.py: The agent lost 1 packet! Is syncmode enabled?
{Thu 00:28:48 Step:369} Server_Comm.py: Received a new packet while thinking!
{Thu 00:28:48 Step:370} Server_Comm.py: Received a new packet while on world.update()!
{Thu 00:28:48 Step:372} Server_Comm.py: The agent lost 1 packet! Is syncmode enabled?
{Thu 00:28:48 Step:372} Server_Comm.py: Received a new packet while thinking!
{Thu 00:28:48 Step:374} Server_Comm.py: Received a new packet while thinking!
{Thu 00:28:48 Step:376} Server_Comm.py: The agent lost 1 packet! Is syncmode enabled?
{Thu 00:28:48 Step:377} Server_Comm.py: Received a new packet while thinking!
{Thu 00:28:48 Step:379} Server_Comm.py: The agent lost 1 packet! Is syncmode enabled?
{Thu 00:28:48 Step:379} Server_Comm.py: Received a new packet while thinking!
{Thu 00:28:48 Step:381} Server_Comm.py: The agent lost 1 packet! Is syncmode enabled?
{Thu 00:28:48 Step:381} Server_Comm.py: Received a new packet while thinking!
{Thu 00:28:48 Step:382} Server_Comm.py: Received a new packet while thinking!
{Thu 00:28:48 Step:384} Server_Comm.py: The agent lost 1 packet! Is syncmode enabled?
{Thu 00:28:48 Step:384} Server_Comm.py: Received a new packet while thinking!
{Thu 00:28:48 Step:385} Server_Comm.py: Received a new packet while thinking!
{Thu 00:28:48 Step:387} Server_Comm.py: The agent lost 1 packet! Is syncmode enabled?
{Thu 00:28:48 Step:387} Server_Comm.py: Received a new packet while thinking!
{Thu 00:28:48 Step:388} Server_Comm.py: Received a new packet while thinking!
{Thu 00:28:48 Step:391} Server_Comm.py: The agent lost 2 consecutive packets! Is syncmode disabled?
{Thu 00:28:48 Step:394} Server_Comm.py: The agent lost 1 packet! Is syncmode enabled?
{Thu 00:28:48 Step:397} Server_Comm.py: The agent lost 1 packet! Is syncmode enabled?
{Thu 00:28:48 Step:397} Server_Comm.py: Received a new packet while thinking!
{Thu 00:28:48 Step:398} Server_Comm.py: Received a new packet while thinking!
{Thu 00:28:48 Step:400} Server_Comm.py: The agent lost 1 packet! Is syncmode enabled?
{Thu 00:28:48 Step:401} Server_Comm.py: Received a new packet while thinking!
{Thu 00:28:48 Step:403} Server_Comm.py: The agent lost 1 packet! Is syncmode enabled?
{Thu 00:28:48 Step:404} Server_Comm.py: Received a new packet while thinking!
{Thu 00:28:48 Step:406} Server_Comm.py: The agent lost 1 packet! Is syncmode enabled?
{Thu 00:28:48 Step:406} Server_Comm.py: Received a new packet while thinking!
{Thu 00:28:48 Step:408} Server_Comm.py: The agent lost 1 packet! Is syncmode enabled?
{Thu 00:28:49 Step:408} Server_Comm.py: Received a new packet while thinking!
{Thu 00:28:49 Step:409} Server_Comm.py: Received a new packet while thinking!
{Thu 00:28:49 Step:412} Server_Comm.py: The agent lost 2 consecutive packets! Is syncmode disabled?
{Thu 00:28:49 Step:413} Server_Comm.py: Received a new packet while thinking!
{Thu 00:28:49 Step:415} Server_Comm.py: The agent lost 1 packet! Is syncmode enabled?
{Thu 00:28:49 Step:415} Server_Comm.py: Received a new packet while thinking!
{Thu 00:28:49 Step:417} Server_Comm.py: The agent lost 1 packet! Is syncmode enabled?
{Thu 00:28:49 Step:417} Server_Comm.py: Received a new packet while thinking!
{Thu 00:28:49 Step:418} Server_Comm.py: Received a new packet while on world.update()!
{Thu 00:28:49 Step:420} Server_Comm.py: The agent lost 1 packet! Is syncmode enabled?
{Thu 00:28:49 Step:420} Server_Comm.py: Received a new packet while thinking!
{Thu 00:28:49 Step:422} Server_Comm.py: Received a new packet while thinking!
{Thu 00:28:49 Step:424} Server_Comm.py: The agent lost 1 packet! Is syncmode enabled?
{Thu 00:28:49 Step:424} Server_Comm.py: Received a new packet while thinking!
{Thu 00:28:49 Step:426} Server_Comm.py: The agent lost 1 packet! Is syncmode enabled?
{Thu 00:28:49 Step:426} Server_Comm.py: Received a new packet while thinking!
{Thu 00:28:49 Step:427} Server_Comm.py: Received a new packet while on world.update()!
{Thu 00:28:49 Step:429} Server_Comm.py: Received a new packet while thinking!
{Thu 00:28:49 Step:431} Server_Comm.py: Received a new packet while thinking!
{Thu 00:28:49 Step:433} Server_Comm.py: The agent lost 1 packet! Is syncmode enabled?
{Thu 00:28:49 Step:434} Server_Comm.py: Received a new packet while thinking!
{Thu 00:28:49 Step:436} Server_Comm.py: The agent lost 1 packet! Is syncmode enabled?
{Thu 00:28:49 Step:437} Server_Comm.py: Received a new packet while thinking!
{Thu 00:28:49 Step:439} Server_Comm.py: The agent lost 1 packet! Is syncmode enabled?
{Thu 00:28:49 Step:439} Server_Comm.py: Received a new packet while thinking!
{Thu 00:28:49 Step:441} Server_Comm.py: The agent lost 1 packet! Is syncmode enabled?
{Thu 00:28:49 Step:441} Server_Comm.py: Received a new packet while thinking!
{Thu 00:28:49 Step:442} Server_Comm.py: Received a new packet while thinking!
{Thu 00:28:49 Step:445} Server_Comm.py: The agent lost 2 consecutive packets! Is syncmode disabled?
{Thu 00:28:49 Step:446} Server_Comm.py: Received a new packet while thinking!
{Thu 00:28:49 Step:448} Server_Comm.py: The agent lost 1 packet! Is syncmode enabled?
{Thu 00:28:49 Step:449} Server_Comm.py: Received a new packet while thinking!
{Thu 00:28:49 Step:451} Server_Comm.py: The agent lost 1 packet! Is syncmode enabled?
{Thu 00:28:49 Step:451} Server_Comm.py: Received a new packet while thinking!
{Thu 00:28:49 Step:453} Server_Comm.py: The agent lost 1 packet! Is syncmode enabled?
{Thu 00:28:49 Step:453} Server_Comm.py: Received a new packet while thinking!
{Thu 00:28:49 Step:455} Server_Comm.py: Received a new packet while thinking!
{Thu 00:28:49 Step:457} Server_Comm.py: The agent lost 1 packet! Is syncmode enabled?
{Thu 00:28:50 Step:458} Server_Comm.py: Received a new packet while thinking!
{Thu 00:28:50 Step:460} Server_Comm.py: The agent lost 1 packet! Is syncmode enabled?
{Thu 00:28:50 Step:461} Server_Comm.py: Received a new packet while thinking!
{Thu 00:28:50 Step:463} Server_Comm.py: The agent lost 1 packet! Is syncmode enabled?
{Thu 00:28:50 Step:464} Server_Comm.py: Received a new packet while thinking!
{Thu 00:28:50 Step:466} Server_Comm.py: The agent lost 1 packet! Is syncmode enabled?
{Thu 00:28:50 Step:467} Server_Comm.py: Received a new packet while thinking!
{Thu 00:28:50 Step:469} Server_Comm.py: The agent lost 1 packet! Is syncmode enabled?
{Thu 00:28:50 Step:470} Server_Comm.py: Received a new packet while thinking!
{Thu 00:28:50 Step:472} Server_Comm.py: The agent lost 1 packet! Is syncmode enabled?
{Thu 00:28:50 Step:472} Server_Comm.py: Received a new packet while thinking!
{Thu 00:28:50 Step:474} Server_Comm.py: The agent lost 1 packet! Is syncmode enabled?
{Thu 00:28:50 Step:474} Server_Comm.py: Received a new packet while thinking!
{Thu 00:28:50 Step:475} Server_Comm.py: Received a new packet while thinking!
{Thu 00:28:50 Step:477} Server_Comm.py: The agent lost 1 packet! Is syncmode enabled?
{Thu 00:28:50 Step:477} Server_Comm.py: Received a new packet while thinking!
{Thu 00:28:50 Step:478} Server_Comm.py: Received a new packet while thinking!
{Thu 00:28:50 Step:481} Server_Comm.py: The agent lost 2 consecutive packets! Is syncmode disabled?
{Thu 00:28:50 Step:482} Server_Comm.py: Received a new packet while thinking!
{Thu 00:28:50 Step:484} Server_Comm.py: The agent lost 1 packet! Is syncmode enabled?
{Thu 00:28:50 Step:485} Server_Comm.py: Received a new packet while thinking!
{Thu 00:28:50 Step:487} Server_Comm.py: The agent lost 1 packet! Is syncmode enabled?
{Thu 00:28:50 Step:488} Server_Comm.py: Received a new packet while thinking!
{Thu 00:28:50 Step:490} Server_Comm.py: The agent lost 1 packet! Is syncmode enabled?
{Thu 00:28:50 Step:491} Server_Comm.py: Received a new packet while thinking!
{Thu 00:28:50 Step:493} Server_Comm.py: The agent lost 1 packet! Is syncmode enabled?
{Thu 00:28:50 Step:493} Server_Comm.py: Received a new packet while thinking!
{Thu 00:28:50 Step:495} Server_Comm.py: The agent lost 1 packet! Is syncmode enabled?
{Thu 00:28:50 Step:495} Server_Comm.py: Received a new packet while thinking!
{Thu 00:28:50 Step:497} Server_Comm.py: Received a new packet while thinking!
{Thu 00:28:50 Step:499} Server_Comm.py: The agent lost 1 packet! Is syncmode enabled?
{Thu 00:28:50 Step:499} Server_Comm.py: Received a new packet while thinking!
{Thu 00:28:50 Step:501} Server_Comm.py: The agent lost 1 packet! Is syncmode enabled?
{Thu 00:28:50 Step:501} Server_Comm.py: Received a new packet while thinking!
{Thu 00:28:50 Step:503} Server_Comm.py: Received a new packet while thinking!
{Thu 00:28:50 Step:505} Server_Comm.py: The agent lost 1 packet! Is syncmode enabled?
{Thu 00:28:50 Step:505} Server_Comm.py: Received a new packet while thinking!
{Thu 00:28:50 Step:507} Server_Comm.py: The agent lost 1 packet! Is syncmode enabled?
{Thu 00:28:50 Step:507} Server_Comm.py: Received a new packet while thinking!
{Thu 00:28:51 Step:508} Server_Comm.py: Received a new packet while thinking!
{Thu 00:28:51 Step:510} Server_Comm.py: The agent lost 1 packet! Is syncmode enabled?
{Thu 00:28:51 Step:510} Server_Comm.py: Received a new packet while thinking!
{Thu 00:28:51 Step:511} Server_Comm.py: Received a new packet while thinking!
{Thu 00:28:51 Step:514} Server_Comm.py: The agent lost 2 consecutive packets! Is syncmode disabled?
{Thu 00:28:51 Step:514} Server_Comm.py: Received a new packet while thinking!
{Thu 00:28:51 Step:516} Server_Comm.py: The agent lost 1 packet! Is syncmode enabled?
{Thu 00:28:51 Step:516} Server_Comm.py: Received a new packet while thinking!
{Thu 00:28:51 Step:519} Server_Comm.py: The agent lost 2 consecutive packets! Is syncmode disabled?
{Thu 00:28:51 Step:519} Server_Comm.py: Received a new packet while thinking!
{Thu 00:28:51 Step:520} Server_Comm.py: Received a new packet while thinking!
{Thu 00:28:51 Step:523} Server_Comm.py: The agent lost 2 consecutive packets! Is syncmode disabled?
{Thu 00:28:51 Step:523} Server_Comm.py: Received a new packet while thinking!
{Thu 00:28:51 Step:526} Server_Comm.py: The agent lost 2 consecutive packets! Is syncmode disabled?
{Thu 00:28:51 Step:527} Server_Comm.py: Received a new packet while thinking!
{Thu 00:28:51 Step:529} Server_Comm.py: The agent lost 1 packet! Is syncmode enabled?
{Thu 00:28:51 Step:529} Server_Comm.py: Received a new packet while thinking!
{Thu 00:28:51 Step:531} Server_Comm.py: The agent lost 1 packet! Is syncmode enabled?
{Thu 00:28:51 Step:531} Server_Comm.py: Received a new packet while thinking!
{Thu 00:28:51 Step:532} Server_Comm.py: Received a new packet while thinking!
{Thu 00:28:51 Step:535} Server_Comm.py: The agent lost 2 consecutive packets! Is syncmode disabled?
{Thu 00:28:51 Step:536} Server_Comm.py: Received a new packet while thinking!
{Thu 00:28:51 Step:540} Server_Comm.py: The agent lost 3 consecutive packets! Is syncmode disabled?
{Thu 00:28:51 Step:540} Server_Comm.py: Received a new packet while thinking!
{Thu 00:28:51 Step:541} Server_Comm.py: Received a new packet while thinking!
{Thu 00:28:51 Step:544} Server_Comm.py: The agent lost 2 consecutive packets! Is syncmode disabled?
{Thu 00:28:51 Step:545} Server_Comm.py: Received a new packet while thinking!
{Thu 00:28:51 Step:547} Server_Comm.py: The agent lost 1 packet! Is syncmode enabled?
{Thu 00:28:51 Step:547} Server_Comm.py: Received a new packet while thinking!
{Thu 00:28:51 Step:550} Server_Comm.py: The agent lost 2 consecutive packets! Is syncmode disabled?
{Thu 00:28:51 Step:553} Server_Comm.py: The agent lost 2 consecutive packets! Is syncmode disabled?
{Thu 00:28:51 Step:554} Server_Comm.py: Received a new packet while thinking!
{Thu 00:28:51 Step:556} Server_Comm.py: The agent lost 1 packet! Is syncmode enabled?
{Thu 00:28:51 Step:556} Server_Comm.py: Received a new packet while thinking!
{Thu 00:28:52 Step:559} Server_Comm.py: The agent lost 2 consecutive packets! Is syncmode disabled?
{Thu 00:28:52 Step:559} Server_Comm.py: Received a new packet while thinking!
{Thu 00:28:52 Step:562} Server_Comm.py: The agent lost 2 consecutive packets! Is syncmode disabled?
{Thu 00:28:52 Step:565} Server_Comm.py: The agent lost 1 packet! Is syncmode enabled?
{Thu 00:28:52 Step:568} Server_Comm.py: The agent lost 1 packet! Is syncmode enabled?
{Thu 00:28:52 Step:571} Server_Comm.py: The agent lost 1 packet! Is syncmode enabled?
{Thu 00:28:52 Step:572} Server_Comm.py: Received a new packet while thinking!
{Thu 00:28:52 Step:574} Server_Comm.py: The agent lost 1 packet! Is syncmode enabled?
{Thu 00:28:52 Step:576} Server_Comm.py: Received a new packet while thinking!
{Thu 00:28:52 Step:578} Server_Comm.py: The agent lost 1 packet! Is syncmode enabled?
{Thu 00:28:52 Step:582} Server_Comm.py: The agent lost 1 packet! Is syncmode enabled?
{Thu 00:28:52 Step:582} Server_Comm.py: Received a new packet while thinking!
{Thu 00:28:52 Step:583} Server_Comm.py: Received a new packet while thinking!
{Thu 00:28:52 Step:586} Server_Comm.py: The agent lost 1 packet! Is syncmode enabled?
{Thu 00:28:52 Step:588} Server_Comm.py: Received a new packet while thinking!
{Thu 00:28:52 Step:590} Server_Comm.py: Received a new packet while thinking!
{Thu 00:28:52 Step:592} Server_Comm.py: The agent lost 1 packet! Is syncmode enabled?
{Thu 00:28:52 Step:595} Server_Comm.py: The agent lost 1 packet! Is syncmode enabled?
{Thu 00:28:52 Step:597} Server_Comm.py: Received a new packet while thinking!
{Thu 00:28:52 Step:600} Server_Comm.py: Received a new packet while thinking!
{Thu 00:28:52 Step:604} Server_Comm.py: The agent lost 1 packet! Is syncmode enabled?
{Thu 00:28:53 Step:610} Server_Comm.py: Received a new packet while thinking!
{Thu 00:28:53 Step:640} Server_Comm.py: Received a new packet while thinking!
{Thu 00:28:53 Step:642} Server_Comm.py: Received a new packet while thinking!
{Thu 00:28:53 Step:657} Server_Comm.py: Received a new packet while thinking!
{Thu 00:28:54 Step:665} Server_Comm.py: Received a new packet while thinking!
{Thu 00:28:54 Step:667} Server_Comm.py: The agent lost 1 packet! Is syncmode enabled?
{Thu 00:28:54 Step:669} Server_Comm.py: Received a new packet while thinking!
{Thu 00:28:54 Step:671} Server_Comm.py: The agent lost 1 packet! Is syncmode enabled?
{Thu 00:28:54 Step:673} Server_Comm.py: Received a new packet while thinking!
{Thu 00:28:54 Step:675} Server_Comm.py: The agent lost 1 packet! Is syncmode enabled?
{Thu 00:28:54 Step:676} Server_Comm.py: Received a new packet while thinking!
{Thu 00:28:54 Step:678} Server_Comm.py: The agent lost 1 packet! Is syncmode enabled?
{Thu 00:28:54 Step:679} Server_Comm.py: Received a new packet while thinking!
{Thu 00:28:54 Step:681} Server_Comm.py: The agent lost 1 packet! Is syncmode enabled?
{Thu 00:28:54 Step:682} Server_Comm.py: Received a new packet while thinking!
{Thu 00:28:54 Step:684} Server_Comm.py: The agent lost 1 packet! Is syncmode enabled?
{Thu 00:28:54 Step:684} Server_Comm.py: Received a new packet while thinking!
{Thu 00:28:54 Step:686} Server_Comm.py: The agent lost 1 packet! Is syncmode enabled?
{Thu 00:28:54 Step:687} Server_Comm.py: Received a new packet while thinking!
{Thu 00:28:54 Step:689} Server_Comm.py: The agent lost 1 packet! Is syncmode enabled?
{Thu 00:28:54 Step:689} Server_Comm.py: Received a new packet while thinking!
{Thu 00:28:54 Step:691} Server_Comm.py: The agent lost 1 packet! Is syncmode enabled?
{Thu 00:28:54 Step:692} Server_Comm.py: Received a new packet while thinking!
{Thu 00:28:54 Step:694} Server_Comm.py: The agent lost 1 packet! Is syncmode enabled?
{Thu 00:28:54 Step:694} Server_Comm.py: Received a new packet while thinking!
{Thu 00:28:54 Step:696} Server_Comm.py: The agent lost 1 packet! Is syncmode enabled?
{Thu 00:28:54 Step:697} Server_Comm.py: Received a new packet while thinking!
{Thu 00:28:54 Step:699} Server_Comm.py: The agent lost 1 packet! Is syncmode enabled?
{Thu 00:28:54 Step:699} Server_Comm.py: Received a new packet while thinking!
{Thu 00:28:54 Step:701} Server_Comm.py: The agent lost 1 packet! Is syncmode enabled?
{Thu 00:28:54 Step:702} Server_Comm.py: Received a new packet while thinking!
{Thu 00:28:54 Step:704} Server_Comm.py: The agent lost 1 packet! Is syncmode enabled?
{Thu 00:28:54 Step:704} Server_Comm.py: Received a new packet while thinking!
{Thu 00:28:54 Step:706} Server_Comm.py: The agent lost 1 packet! Is syncmode enabled?
{Thu 00:28:54 Step:706} Server_Comm.py: Received a new packet while thinking!
{Thu 00:28:55 Step:708} Server_Comm.py: The agent lost 1 packet! Is syncmode enabled?
{Thu 00:28:55 Step:709} Server_Comm.py: Received a new packet while thinking!
{Thu 00:28:55 Step:711} Server_Comm.py: The agent lost 1 packet! Is syncmode enabled?
{Thu 00:28:55 Step:711} Server_Comm.py: Received a new packet while thinking!
{Thu 00:28:55 Step:713} Server_Comm.py: The agent lost 1 packet! Is syncmode enabled?
{Thu 00:28:55 Step:714} Server_Comm.py: Received a new packet while thinking!
{Thu 00:28:55 Step:716} Server_Comm.py: The agent lost 1 packet! Is syncmode enabled?
{Thu 00:28:55 Step:717} Server_Comm.py: Received a new packet while thinking!
{Thu 00:28:55 Step:719} Server_Comm.py: The agent lost 1 packet! Is syncmode enabled?
{Thu 00:28:55 Step:719} Server_Comm.py: Received a new packet while thinking!
{Thu 00:28:55 Step:721} Server_Comm.py: The agent lost 1 packet! Is syncmode enabled?
{Thu 00:28:55 Step:724} Server_Comm.py: Received a new packet while thinking!
{Thu 00:28:55 Step:726} Server_Comm.py: The agent lost 1 packet! Is syncmode enabled?
{Thu 00:28:55 Step:729} Server_Comm.py: Received a new packet while thinking!
{Thu 00:28:55 Step:731} Server_Comm.py: The agent lost 1 packet! Is syncmode enabled?
{Thu 00:28:55 Step:734} Server_Comm.py: Received a new packet while thinking!
{Thu 00:28:55 Step:736} Server_Comm.py: The agent lost 1 packet! Is syncmode enabled?
{Thu 00:28:58 Step:860} Server_Comm.py: Received a new packet while thinking!
{Thu 00:28:58 Step:862} Server_Comm.py: The agent lost 1 packet! Is syncmode enabled?
{Thu 00:28:58 Step:880} Server_Comm.py: The agent lost 1 packet! Is syncmode enabled?
{Thu 00:28:58 Step:882} Server_Comm.py: Received a new packet while thinking!
{Thu 00:28:58 Step:885} Server_Comm.py: Received a new packet while thinking!
{Thu 00:28:58 Step:888} Server_Comm.py: Received a new packet while on world.update()!
{Thu 00:29:00 Step:961} Server_Comm.py: Received a new packet while thinking!
{Thu 00:29:00 Step:963} Server_Comm.py: The agent lost 1 packet! Is syncmode enabled?
{Thu 00:29:00 Step:967} Server_Comm.py: Received a new packet while thinking!
{Thu 00:29:00 Step:969} Server_Comm.py: The agent lost 1 packet! Is syncmode enabled?
{Thu 00:29:00 Step:970} Server_Comm.py: Received a new packet while thinking!
{Thu 00:29:00 Step:972} Server_Comm.py: The agent lost 1 packet! Is syncmode enabled?
{Thu 00:29:00 Step:973} Server_Comm.py: Received a new packet while thinking!
{Thu 00:29:00 Step:975} Server_Comm.py: The agent lost 1 packet! Is syncmode enabled?
{Thu 00:29:00 Step:976} Server_Comm.py: Received a new packet while thinking!
{Thu 00:29:00 Step:978} Server_Comm.py: The agent lost 1 packet! Is syncmode enabled?
{Thu 00:29:00 Step:981} Server_Comm.py: The agent lost 1 packet! Is syncmode enabled?
{Thu 00:29:00 Step:981} Server_Comm.py: Received a new packet while thinking!
{Thu 00:29:00 Step:983} Server_Comm.py: Received a new packet while thinking!
{Thu 00:29:00 Step:985} Server_Comm.py: The agent lost 1 packet! Is syncmode enabled?
{Thu 00:29:00 Step:985} Server_Comm.py: Received a new packet while thinking!
{Thu 00:29:00 Step:987} Server_Comm.py: The agent lost 1 packet! Is syncmode enabled?
{Thu 00:29:00 Step:989} Server_Comm.py: Received a new packet while thinking!
{Thu 00:29:00 Step:991} Server_Comm.py: The agent lost 1 packet! Is syncmode enabled?
{Thu 00:29:00 Step:992} Server_Comm.py: Received a new packet while thinking!
{Thu 00:29:00 Step:994} Server_Comm.py: The agent lost 1 packet! Is syncmode enabled?
{Thu 00:29:00 Step:994} Server_Comm.py: Received a new packet while thinking!
{Thu 00:29:00 Step:996} Server_Comm.py: The agent lost 1 packet! Is syncmode enabled?
{Thu 00:29:00 Step:997} Server_Comm.py: Received a new packet while thinking!
{Thu 00:29:00 Step:999} Server_Comm.py: The agent lost 1 packet! Is syncmode enabled?
{Thu 00:29:00 Step:999} Server_Comm.py: Received a new packet while thinking!
{Thu 00:29:00 Step:1001} Server_Comm.py: The agent lost 1 packet! Is syncmode enabled?
{Thu 00:29:00 Step:1001} Server_Comm.py: Received a new packet while thinking!
{Thu 00:29:00 Step:1003} Server_Comm.py: The agent lost 1 packet! Is syncmode enabled?
{Thu 00:29:00 Step:1003} Server_Comm.py: Received a new packet while thinking!
{Thu 00:29:00 Step:1005} Server_Comm.py: The agent lost 1 packet! Is syncmode enabled?
{Thu 00:29:01 Step:1006} Server_Comm.py: Received a new packet while thinking!
{Thu 00:29:01 Step:1008} Server_Comm.py: The agent lost 1 packet! Is syncmode enabled?
{Thu 00:29:01 Step:1008} Server_Comm.py: Received a new packet while thinking!
{Thu 00:29:01 Step:1010} Server_Comm.py: The agent lost 1 packet! Is syncmode enabled?
{Thu 00:29:01 Step:1011} Server_Comm.py: Received a new packet while thinking!
{Thu 00:29:01 Step:1013} Server_Comm.py: The agent lost 1 packet! Is syncmode enabled?
{Thu 00:29:01 Step:1014} Server_Comm.py: Received a new packet while thinking!
{Thu 00:29:01 Step:1016} Server_Comm.py: The agent lost 1 packet! Is syncmode enabled?
{Thu 00:29:01 Step:1017} Server_Comm.py: Received a new packet while thinking!
{Thu 00:29:01 Step:1019} Server_Comm.py: The agent lost 1 packet! Is syncmode enabled?
{Thu 00:29:01 Step:1020} Server_Comm.py: Received a new packet while thinking!
{Thu 00:29:01 Step:1022} Server_Comm.py: The agent lost 1 packet! Is syncmode enabled?
{Thu 00:29:01 Step:1025} Server_Comm.py: Received a new packet while thinking!
{Thu 00:29:01 Step:1027} Server_Comm.py: The agent lost 1 packet! Is syncmode enabled?
{Thu 00:29:01 Step:1028} Server_Comm.py: Received a new packet while thinking!
{Thu 00:29:01 Step:1030} Server_Comm.py: The agent lost 1 packet! Is syncmode enabled?
{Thu 00:29:01 Step:1033} Server_Comm.py: Received a new packet while thinking!
{Thu 00:29:01 Step:1035} Server_Comm.py: The agent lost 1 packet! Is syncmode enabled?
{Thu 00:29:01 Step:1037} Server_Comm.py: Received a new packet while thinking!
{Thu 00:29:01 Step:1039} Server_Comm.py: The agent lost 1 packet! Is syncmode enabled?
{Thu 00:29:01 Step:1041} Server_Comm.py: Received a new packet while thinking!
{Thu 00:29:01 Step:1043} Server_Comm.py: The agent lost 1 packet! Is syncmode enabled?
{Thu 00:29:01 Step:1051} Server_Comm.py: Received a new packet while thinking!
{Thu 00:29:01 Step:1053} Server_Comm.py: The agent lost 1 packet! Is syncmode enabled?
{Thu 00:29:02 Step:1092} Server_Comm.py: The agent lost 1 packet! Is syncmode enabled?
{Thu 00:29:02 Step:1092} Server_Comm.py: Received a new packet while thinking!
{Thu 00:29:02 Step:1094} Server_Comm.py: Received a new packet while thinking!
{Thu 00:29:02 Step:1096} Server_Comm.py: The agent lost 1 packet! Is syncmode enabled?
{Thu 00:29:02 Step:1102} Server_Comm.py: Received a new packet while thinking!
{Thu 00:29:02 Step:1104} Server_Comm.py: The agent lost 1 packet! Is syncmode enabled?
{Thu 00:29:03 Step:1108} Server_Comm.py: Received a new packet while thinking!
{Thu 00:29:03 Step:1110} Server_Comm.py: The agent lost 1 packet! Is syncmode enabled?
{Thu 00:29:03 Step:1112} Server_Comm.py: Received a new packet while thinking!
{Thu 00:29:03 Step:1114} Server_Comm.py: The agent lost 1 packet! Is syncmode enabled?
{Thu 00:29:03 Step:1115} Server_Comm.py: Received a new packet while thinking!
{Thu 00:29:03 Step:1117} Server_Comm.py: The agent lost 1 packet! Is syncmode enabled?
{Thu 00:29:03 Step:1118} Server_Comm.py: Received a new packet while thinking!
{Thu 00:29:03 Step:1120} Server_Comm.py: The agent lost 1 packet! Is syncmode enabled?
{Thu 00:29:03 Step:1121} Server_Comm.py: Received a new packet while thinking!
{Thu 00:29:03 Step:1123} Server_Comm.py: The agent lost 1 packet! Is syncmode enabled?
{Thu 00:29:03 Step:1123} Server_Comm.py: Received a new packet while thinking!
{Thu 00:29:03 Step:1125} Server_Comm.py: The agent lost 1 packet! Is syncmode enabled?
{Thu 00:29:03 Step:1126} Server_Comm.py: Received a new packet while thinking!
{Thu 00:29:03 Step:1128} Server_Comm.py: The agent lost 1 packet! Is syncmode enabled?
{Thu 00:29:03 Step:1129} Server_Comm.py: Received a new packet while thinking!
{Thu 00:29:03 Step:1131} Server_Comm.py: The agent lost 1 packet! Is syncmode enabled?
{Thu 00:29:03 Step:1131} Server_Comm.py: Received a new packet while thinking!
{Thu 00:29:03 Step:1133} Server_Comm.py: The agent lost 1 packet! Is syncmode enabled?
{Thu 00:29:03 Step:1135} Server_Comm.py: Received a new packet while thinking!
{Thu 00:29:03 Step:1137} Server_Comm.py: The agent lost 1 packet! Is syncmode enabled?
{Thu 00:29:03 Step:1138} Server_Comm.py: Received a new packet while thinking!
{Thu 00:29:03 Step:1140} Server_Comm.py: The agent lost 1 packet! Is syncmode enabled?
{Thu 00:29:03 Step:1142} Server_Comm.py: Received a new packet while thinking!
{Thu 00:29:03 Step:1144} Server_Comm.py: The agent lost 1 packet! Is syncmode enabled?
{Thu 00:29:03 Step:1145} Server_Comm.py: Received a new packet while thinking!
{Thu 00:29:03 Step:1147} Server_Comm.py: The agent lost 1 packet! Is syncmode enabled?
{Thu 00:29:03 Step:1148} Server_Comm.py: Received a new packet while thinking!
{Thu 00:29:03 Step:1150} Server_Comm.py: The agent lost 1 packet! Is syncmode enabled?
{Thu 00:29:03 Step:1151} Server_Comm.py: Received a new packet while thinking!
{Thu 00:29:03 Step:1153} Server_Comm.py: The agent lost 1 packet! Is syncmode enabled?
{Thu 00:29:04 Step:1155} Server_Comm.py: Received a new packet while thinking!
{Thu 00:29:04 Step:1157} Server_Comm.py: The agent lost 1 packet! Is syncmode enabled?
{Thu 00:29:04 Step:1157} Server_Comm.py: Received a new packet while thinking!
{Thu 00:29:04 Step:1159} Server_Comm.py: The agent lost 1 packet! Is syncmode enabled?
{Thu 00:29:04 Step:1163} Server_Comm.py: Received a new packet while thinking!
{Thu 00:29:04 Step:1165} Server_Comm.py: The agent lost 1 packet! Is syncmode enabled?
{Thu 00:29:04 Step:1172} Server_Comm.py: Received a new packet while thinking!
{Thu 00:29:04 Step:1174} Server_Comm.py: The agent lost 1 packet! Is syncmode enabled?
{Thu 00:29:05 Step:1209} Server_Comm.py: Received a new packet while thinking!
{Thu 00:29:05 Step:1212} Server_Comm.py: Received a new packet while thinking!
{Thu 00:29:05 Step:1215} Server_Comm.py: Received a new packet while thinking!
{Thu 00:29:05 Step:1218} Server_Comm.py: Received a new packet while thinking!
{Thu 00:29:05 Step:1221} Server_Comm.py: Received a new packet while thinking!
{Thu 00:29:05 Step:1227} Server_Comm.py: Received a new packet while thinking!
{Thu 00:29:05 Step:1230} Server_Comm.py: Received a new packet while thinking!
{Thu 00:29:05 Step:1233} Server_Comm.py: Received a new packet while thinking!
{Thu 00:29:05 Step:1236} Server_Comm.py: Received a new packet while thinking!
{Thu 00:29:05 Step:1239} Server_Comm.py: Received a new packet while thinking!
{Thu 00:29:05 Step:1242} Server_Comm.py: Received a new packet while thinking!
{Thu 00:29:05 Step:1245} Server_Comm.py: Received a new packet while thinking!
{Thu 00:29:05 Step:1248} Server_Comm.py: Received a new packet while thinking!
{Thu 00:29:05 Step:1251} Server_Comm.py: Received a new packet while thinking!
{Thu 00:29:05 Step:1254} Server_Comm.py: Received a new packet while thinking!
{Thu 00:29:06 Step:1257} Server_Comm.py: Received a new packet while thinking!
{Thu 00:29:06 Step:1260} Server_Comm.py: Received a new packet while thinking!
{Thu 00:29:06 Step:1263} Server_Comm.py: Received a new packet while thinking!
{Thu 00:29:06 Step:1267} Server_Comm.py: The agent lost 1 packet! Is syncmode enabled?
{Thu 00:29:06 Step:1293} Server_Comm.py: Received a new packet while thinking!
{Thu 00:29:06 Step:1296} Server_Comm.py: Received a new packet while thinking!
{Thu 00:29:06 Step:1300} Server_Comm.py: The agent lost 1 packet! Is syncmode enabled?
{Thu 00:29:06 Step:1302} Server_Comm.py: Received a new packet while thinking!
{Thu 00:29:07 Step:1305} Server_Comm.py: Received a new packet while thinking!
{Thu 00:29:07 Step:1308} Server_Comm.py: Received a new packet while thinking!
{Thu 00:29:07 Step:1312} Server_Comm.py: The agent lost 1 packet! Is syncmode enabled?
{Thu 00:29:07 Step:1314} Server_Comm.py: Received a new packet while thinking!
{Thu 00:29:07 Step:1317} Server_Comm.py: Received a new packet while thinking!
{Thu 00:29:07 Step:1320} Server_Comm.py: Received a new packet while thinking!
{Thu 00:29:07 Step:1323} Server_Comm.py: Received a new packet while thinking!
{Thu 00:29:07 Step:1326} Server_Comm.py: Received a new packet while thinking!
{Thu 00:29:07 Step:1329} Server_Comm.py: Received a new packet while thinking!
{Thu 00:29:09 Step:1424} Server_Comm.py: Received a new packet while thinking!
{Thu 00:29:09 Step:1426} Server_Comm.py: The agent lost 1 packet! Is syncmode enabled?
{Thu 00:29:09 Step:1429} Server_Comm.py: Received a new packet while thinking!
{Thu 00:29:09 Step:1431} Server_Comm.py: The agent lost 1 packet! Is syncmode enabled?
{Thu 00:29:09 Step:1435} Server_Comm.py: Received a new packet while thinking!
{Thu 00:29:09 Step:1437} Server_Comm.py: The agent lost 1 packet! Is syncmode enabled?
{Thu 00:29:09 Step:1442} Server_Comm.py: Received a new packet while thinking!
{Thu 00:29:09 Step:1444} Server_Comm.py: The agent lost 1 packet! Is syncmode enabled?
{Thu 00:29:09 Step:1447} Server_Comm.py: Received a new packet while thinking!
{Thu 00:29:09 Step:1449} Server_Comm.py: The agent lost 1 packet! Is syncmode enabled?
{Thu 00:29:09 Step:1451} Server_Comm.py: Received a new packet while thinking!
{Thu 00:29:09 Step:1453} Server_Comm.py: The agent lost 1 packet! Is syncmode enabled?
{Thu 00:29:10 Step:1454} Server_Comm.py: Received a new packet while thinking!
{Thu 00:29:10 Step:1456} Server_Comm.py: The agent lost 1 packet! Is syncmode enabled?
{Thu 00:29:10 Step:1457} Server_Comm.py: Received a new packet while thinking!
{Thu 00:29:10 Step:1459} Server_Comm.py: The agent lost 1 packet! Is syncmode enabled?
{Thu 00:29:10 Step:1460} Server_Comm.py: Received a new packet while thinking!
{Thu 00:29:10 Step:1462} Server_Comm.py: The agent lost 1 packet! Is syncmode enabled?
{Thu 00:29:10 Step:1464} Server_Comm.py: Received a new packet while thinking!
{Thu 00:29:10 Step:1466} Server_Comm.py: The agent lost 1 packet! Is syncmode enabled?
{Thu 00:29:10 Step:1468} Server_Comm.py: Received a new packet while thinking!
{Thu 00:29:10 Step:1470} Server_Comm.py: The agent lost 1 packet! Is syncmode enabled?
{Thu 00:29:10 Step:1471} Server_Comm.py: Received a new packet while thinking!
{Thu 00:29:10 Step:1473} Server_Comm.py: The agent lost 1 packet! Is syncmode enabled?
{Thu 00:29:10 Step:1475} Server_Comm.py: Received a new packet while thinking!
{Thu 00:29:10 Step:1477} Server_Comm.py: The agent lost 1 packet! Is syncmode enabled?
{Thu 00:29:10 Step:1479} Server_Comm.py: Received a new packet while thinking!
{Thu 00:29:10 Step:1481} Server_Comm.py: The agent lost 1 packet! Is syncmode enabled?
{Thu 00:29:10 Step:1484} Server_Comm.py: Received a new packet while thinking!
{Thu 00:29:10 Step:1486} Server_Comm.py: The agent lost 1 packet! Is syncmode enabled?
{Thu 00:29:10 Step:1488} Server_Comm.py: Received a new packet while thinking!
{Thu 00:29:10 Step:1490} Server_Comm.py: The agent lost 1 packet! Is syncmode enabled?
{Thu 00:29:10 Step:1492} Server_Comm.py: Received a new packet while thinking!
{Thu 00:29:10 Step:1494} Server_Comm.py: The agent lost 1 packet! Is syncmode enabled?
{Thu 00:29:10 Step:1495} Server_Comm.py: Received a new packet while thinking!
{Thu 00:29:10 Step:1497} Server_Comm.py: The agent lost 1 packet! Is syncmode enabled?
{Thu 00:29:10 Step:1499} Server_Comm.py: Received a new packet while thinking!
{Thu 00:29:10 Step:1501} Server_Comm.py: The agent lost 1 packet! Is syncmode enabled?
{Thu 00:29:10 Step:1502} Server_Comm.py: Received a new packet while thinking!
{Thu 00:29:10 Step:1504} Server_Comm.py: The agent lost 1 packet! Is syncmode enabled?
{Thu 00:29:11 Step:1507} Server_Comm.py: Received a new packet while thinking!
{Thu 00:29:11 Step:1509} Server_Comm.py: The agent lost 1 packet! Is syncmode enabled?
{Thu 00:29:11 Step:1510} Server_Comm.py: Received a new packet while thinking!
{Thu 00:29:11 Step:1512} Server_Comm.py: The agent lost 1 packet! Is syncmode enabled?
{Thu 00:29:11 Step:1514} Server_Comm.py: Received a new packet while thinking!
{Thu 00:29:11 Step:1516} Server_Comm.py: The agent lost 1 packet! Is syncmode enabled?
{Thu 00:29:11 Step:1518} Server_Comm.py: Received a new packet while thinking!
{Thu 00:29:11 Step:1520} Server_Comm.py: The agent lost 1 packet! Is syncmode enabled?
{Thu 00:29:11 Step:1525} Server_Comm.py: Received a new packet while thinking!
{Thu 00:29:11 Step:1527} Server_Comm.py: The agent lost 1 packet! Is syncmode enabled?
{Thu 00:29:11 Step:1544} Server_Comm.py: Received a new packet while thinking!
{Thu 00:29:11 Step:1546} Server_Comm.py: The agent lost 1 packet! Is syncmode enabled?
