{Thu 00:28:42 Step:50} Server_Comm.py: The agent lost 1 packet! Is syncmode enabled?
{Thu 00:28:42 Step:63} Server_Comm.py: The agent lost 1 packet! Is syncmode enabled?
{Thu 00:28:43 Step:71} Server_Comm.py: Received a new packet while thinking!
{Thu 00:28:43 Step:72} Server_Comm.py: Received a new packet while thinking!
{Thu 00:28:43 Step:76} Server_Comm.py: The agent lost 1 packet! Is syncmode enabled?
{Thu 00:28:43 Step:79} Server_Comm.py: The agent lost 2 consecutive packets! Is syncmode disabled?
{Thu 00:28:43 Step:80} Server_Comm.py: Received a new packet while thinking!
{Thu 00:28:43 Step:82} Server_Comm.py: The agent lost 1 packet! Is syncmode enabled?
{Thu 00:28:43 Step:82} Server_Comm.py: Received a new packet while on world.update()!
{Thu 00:28:43 Step:84} Server_Comm.py: The agent lost 1 packet! Is syncmode enabled?
{Thu 00:28:43 Step:86} Server_Comm.py: The agent lost 1 packet! Is syncmode enabled?
{Thu 00:28:43 Step:88} Server_Comm.py: The agent lost 1 packet! Is syncmode enabled?
{Thu 00:28:43 Step:89} Server_Comm.py: Received a new packet while thinking!
{Thu 00:28:43 Step:91} Server_Comm.py: The agent lost 1 packet! Is syncmode enabled?
{Thu 00:28:43 Step:91} Server_Comm.py: Received a new packet while thinking!
{Thu 00:28:43 Step:94} Server_Comm.py: The agent lost 2 consecutive packets! Is syncmode disabled?
{Thu 00:28:43 Step:95} Server_Comm.py: Received a new packet while thinking!
{Thu 00:28:43 Step:97} Server_Comm.py: The agent lost 1 packet! Is syncmode enabled?
{Thu 00:28:43 Step:97} Server_Comm.py: Received a new packet while thinking!
{Thu 00:28:43 Step:100} Server_Comm.py: The agent lost 2 consecutive packets! Is syncmode disabled?
{Thu 00:28:43 Step:103} Server_Comm.py: The agent lost 1 packet! Is syncmode enabled?
{Thu 00:28:43 Step:104} Server_Comm.py: Received a new packet while thinking!
{Thu 00:28:43 Step:106} Server_Comm.py: The agent lost 1 packet! Is syncmode enabled?
{Thu 00:28:43 Step:106} Server_Comm.py: Received a new packet while thinking!
{Thu 00:28:43 Step:109} Server_Comm.py: The agent lost 2 consecutive packets! Is syncmode disabled?
{Thu 00:28:43 Step:110} Server_Comm.py: Received a new packet while thinking!
{Thu 00:28:43 Step:112} Server_Comm.py: The agent lost 1 packet! Is syncmode enabled?
{Thu 00:28:43 Step:112} Server_Comm.py: Received a new packet while thinking!
{Thu 00:28:43 Step:114} Server_Comm.py: The agent lost 1 packet! Is syncmode enabled?
{Thu 00:28:43 Step:114} Server_Comm.py: Received a new packet while thinking!
{Thu 00:28:43 Step:115} Server_Comm.py: Received a new packet while thinking!
{Thu 00:28:43 Step:118} Server_Comm.py: The agent lost 2 consecutive packets! Is syncmode disabled?
{Thu 00:28:44 Step:119} Server_Comm.py: Received a new packet while thinking!
{Thu 00:28:44 Step:121} Server_Comm.py: The agent lost 1 packet! Is syncmode enabled?
{Thu 00:28:44 Step:122} Server_Comm.py: Received a new packet while thinking!
{Thu 00:28:44 Step:126} Server_Comm.py: The agent lost 3 consecutive packets! Is syncmode disabled?
{Thu 00:28:44 Step:127} Server_Comm.py: Received a new packet while thinking!
{Thu 00:28:44 Step:130} Server_Comm.py: The agent lost 2 consecutive packets! Is syncmode disabled?
{Thu 00:28:44 Step:131} Server_Comm.py: Received a new packet while thinking!
{Thu 00:28:44 Step:133} Server_Comm.py: The agent lost 1 packet! Is syncmode enabled?
{Thu 00:28:44 Step:133} Server_Comm.py: Received a new packet while thinking!
{Thu 00:28:44 Step:136} Server_Comm.py: The agent lost 2 consecutive packets! Is syncmode disabled?
{Thu 00:28:44 Step:136} Server_Comm.py: Received a new packet while thinking!
{Thu 00:28:44 Step:139} Server_Comm.py: The agent lost 2 consecutive packets! Is syncmode disabled?
{Thu 00:28:44 Step:140} Server_Comm.py: Received a new packet while thinking!
{Thu 00:28:44 Step:142} Server_Comm.py: The agent lost 1 packet! Is syncmode enabled?
{Thu 00:28:44 Step:142} Server_Comm.py: Received a new packet while thinking!
{Thu 00:28:44 Step:145} Server_Comm.py: The agent lost 2 consecutive packets! Is syncmode disabled?
{Thu 00:28:44 Step:148} Server_Comm.py: The agent lost 1 packet! Is syncmode enabled?
{Thu 00:28:44 Step:151} Server_Comm.py: The agent lost 1 packet! Is syncmode enabled?
{Thu 00:28:44 Step:152} Server_Comm.py: Received a new packet while thinking!
{Thu 00:28:44 Step:154} Server_Comm.py: The agent lost 1 packet! Is syncmode enabled?
{Thu 00:28:44 Step:155} Server_Comm.py: Received a new packet while thinking!
{Thu 00:28:44 Step:157} Server_Comm.py: The agent lost 1 packet! Is syncmode enabled?
{Thu 00:28:44 Step:158} Server_Comm.py: Received a new packet while thinking!
{Thu 00:28:44 Step:160} Server_Comm.py: The agent lost 1 packet! Is syncmode enabled?
{Thu 00:28:44 Step:160} Server_Comm.py: Received a new packet while thinking!
{Thu 00:28:44 Step:163} Server_Comm.py: The agent lost 2 consecutive packets! Is syncmode disabled?
{Thu 00:28:44 Step:164} Server_Comm.py: Received a new packet while thinking!
{Thu 00:28:44 Step:166} Server_Comm.py: The agent lost 1 packet! Is syncmode enabled?
{Thu 00:28:44 Step:168} Server_Comm.py: The agent lost 1 packet! Is syncmode enabled?
{Thu 00:28:44 Step:168} Server_Comm.py: Received a new packet while thinking!
{Thu 00:28:45 Step:170} Server_Comm.py: The agent lost 1 packet! Is syncmode enabled?
{Thu 00:28:45 Step:172} Server_Comm.py: The agent lost 1 packet! Is syncmode enabled?
{Thu 00:28:45 Step:173} Server_Comm.py: Received a new packet while thinking!
{Thu 00:28:45 Step:175} Server_Comm.py: The agent lost 1 packet! Is syncmode enabled?
{Thu 00:28:45 Step:176} Server_Comm.py: Received a new packet while thinking!
{Thu 00:28:45 Step:178} Server_Comm.py: The agent lost 1 packet! Is syncmode enabled?
{Thu 00:28:45 Step:178} Server_Comm.py: Received a new packet while thinking!
{Thu 00:28:45 Step:180} Server_Comm.py: The agent lost 1 packet! Is syncmode enabled?
{Thu 00:28:45 Step:180} Server_Comm.py: Received a new packet while thinking!
{Thu 00:28:45 Step:181} Server_Comm.py: Received a new packet while thinking!
{Thu 00:28:45 Step:183} Server_Comm.py: The agent lost 1 packet! Is syncmode enabled?
{Thu 00:28:45 Step:183} Server_Comm.py: Received a new packet while thinking!
{Thu 00:28:45 Step:184} Server_Comm.py: Received a new packet while thinking!
{Thu 00:28:45 Step:187} Server_Comm.py: The agent lost 2 consecutive packets! Is syncmode disabled?
{Thu 00:28:45 Step:188} Server_Comm.py: Received a new packet while thinking!
{Thu 00:28:45 Step:190} Server_Comm.py: The agent lost 1 packet! Is syncmode enabled?
{Thu 00:28:45 Step:191} Server_Comm.py: Received a new packet while thinking!
{Thu 00:28:45 Step:193} Server_Comm.py: The agent lost 1 packet! Is syncmode enabled?
{Thu 00:28:45 Step:194} Server_Comm.py: Received a new packet while thinking!
{Thu 00:28:45 Step:196} Server_Comm.py: The agent lost 1 packet! Is syncmode enabled?
{Thu 00:28:45 Step:196} Server_Comm.py: Received a new packet while thinking!
{Thu 00:28:45 Step:199} Server_Comm.py: The agent lost 2 consecutive packets! Is syncmode disabled?
{Thu 00:28:45 Step:202} Server_Comm.py: The agent lost 1 packet! Is syncmode enabled?
{Thu 00:28:45 Step:203} Server_Comm.py: Received a new packet while thinking!
{Thu 00:28:45 Step:205} Server_Comm.py: The agent lost 1 packet! Is syncmode enabled?
{Thu 00:28:45 Step:206} Server_Comm.py: Received a new packet while thinking!
{Thu 00:28:45 Step:208} Server_Comm.py: The agent lost 1 packet! Is syncmode enabled?
{Thu 00:28:45 Step:210} Server_Comm.py: The agent lost 1 packet! Is syncmode enabled?
{Thu 00:28:45 Step:210} Server_Comm.py: Received a new packet while thinking!
{Thu 00:28:45 Step:212} Server_Comm.py: The agent lost 1 packet! Is syncmode enabled?
{Thu 00:28:45 Step:214} Server_Comm.py: The agent lost 1 packet! Is syncmode enabled?
{Thu 00:28:45 Step:217} Server_Comm.py: The agent lost 1 packet! Is syncmode enabled?
{Thu 00:28:45 Step:217} Server_Comm.py: Received a new packet while thinking!
{Thu 00:28:46 Step:218} Server_Comm.py: Received a new packet while thinking!
{Thu 00:28:46 Step:220} Server_Comm.py: The agent lost 1 packet! Is syncmode enabled?
{Thu 00:28:46 Step:220} Server_Comm.py: Received a new packet while thinking!
{Thu 00:28:46 Step:222} Server_Comm.py: The agent lost 1 packet! Is syncmode enabled?
{Thu 00:28:46 Step:222} Server_Comm.py: Received a new packet while thinking!
{Thu 00:28:46 Step:223} Server_Comm.py: Received a new packet while thinking!
{Thu 00:28:46 Step:225} Server_Comm.py: The agent lost 1 packet! Is syncmode enabled?
{Thu 00:28:46 Step:225} Server_Comm.py: Received a new packet while thinking!
{Thu 00:28:46 Step:226} Server_Comm.py: Received a new packet while thinking!
{Thu 00:28:46 Step:229} Server_Comm.py: The agent lost 2 consecutive packets! Is syncmode disabled?
{Thu 00:28:46 Step:232} Server_Comm.py: The agent lost 1 packet! Is syncmode enabled?
{Thu 00:28:46 Step:233} Server_Comm.py: Received a new packet while thinking!
{Thu 00:28:46 Step:235} Server_Comm.py: The agent lost 1 packet! Is syncmode enabled?
{Thu 00:28:46 Step:236} Server_Comm.py: Received a new packet while thinking!
{Thu 00:28:46 Step:238} Server_Comm.py: The agent lost 1 packet! Is syncmode enabled?
{Thu 00:28:46 Step:239} Server_Comm.py: Received a new packet while thinking!
{Thu 00:28:46 Step:241} Server_Comm.py: The agent lost 1 packet! Is syncmode enabled?
{Thu 00:28:46 Step:243} Server_Comm.py: The agent lost 1 packet! Is syncmode enabled?
{Thu 00:28:46 Step:243} Server_Comm.py: Received a new packet while thinking!
{Thu 00:28:46 Step:245} Server_Comm.py: The agent lost 1 packet! Is syncmode enabled?
{Thu 00:28:46 Step:246} Server_Comm.py: Received a new packet while thinking!
{Thu 00:28:46 Step:247} Server_Comm.py: Received a new packet while thinking!
{Thu 00:28:46 Step:249} Server_Comm.py: The agent lost 1 packet! Is syncmode enabled?
{Thu 00:28:46 Step:249} Server_Comm.py: Received a new packet while thinking!
{Thu 00:28:46 Step:250} Server_Comm.py: Received a new packet while thinking!
{Thu 00:28:46 Step:252} Server_Comm.py: The agent lost 1 packet! Is syncmode enabled?
{Thu 00:28:46 Step:252} Server_Comm.py: Received a new packet while thinking!
{Thu 00:28:46 Step:253} Server_Comm.py: Received a new packet while thinking!
{Thu 00:28:46 Step:255} Server_Comm.py: The agent lost 1 packet! Is syncmode enabled?
{Thu 00:28:46 Step:255} Server_Comm.py: Received a new packet while thinking!
{Thu 00:28:46 Step:256} Server_Comm.py: Received a new packet while thinking!
{Thu 00:28:46 Step:259} Server_Comm.py: The agent lost 2 consecutive packets! Is syncmode disabled?
{Thu 00:28:46 Step:262} Server_Comm.py: The agent lost 1 packet! Is syncmode enabled?
{Thu 00:28:46 Step:263} Server_Comm.py: Received a new packet while thinking!
{Thu 00:28:46 Step:265} Server_Comm.py: The agent lost 1 packet! Is syncmode enabled?
{Thu 00:28:46 Step:265} Server_Comm.py: Received a new packet while thinking!
{Thu 00:28:46 Step:268} Server_Comm.py: The agent lost 2 consecutive packets! Is syncmode disabled?
{Thu 00:28:47 Step:269} Server_Comm.py: Received a new packet while thinking!
{Thu 00:28:47 Step:271} Server_Comm.py: The agent lost 1 packet! Is syncmode enabled?
{Thu 00:28:47 Step:271} Server_Comm.py: Received a new packet while thinking!
{Thu 00:28:47 Step:273} Server_Comm.py: The agent lost 1 packet! Is syncmode enabled?
{Thu 00:28:47 Step:273} Server_Comm.py: Received a new packet while thinking!
{Thu 00:28:47 Step:274} Server_Comm.py: Received a new packet while thinking!
{Thu 00:28:47 Step:277} Server_Comm.py: The agent lost 2 consecutive packets! Is syncmode disabled?
{Thu 00:28:47 Step:278} Server_Comm.py: Received a new packet while thinking!
{Thu 00:28:47 Step:280} Server_Comm.py: The agent lost 1 packet! Is syncmode enabled?
{Thu 00:28:47 Step:280} Server_Comm.py: Received a new packet while thinking!
{Thu 00:28:47 Step:283} Server_Comm.py: The agent lost 2 consecutive packets! Is syncmode disabled?
{Thu 00:28:47 Step:284} Server_Comm.py: Received a new packet while thinking!
{Thu 00:28:47 Step:286} Server_Comm.py: The agent lost 1 packet! Is syncmode enabled?
{Thu 00:28:47 Step:286} Server_Comm.py: Received a new packet while on world.update()!
{Thu 00:28:47 Step:288} Server_Comm.py: The agent lost 1 packet! Is syncmode enabled?
{Thu 00:28:47 Step:289} Server_Comm.py: Received a new packet while thinking!
{Thu 00:28:47 Step:292} Server_Comm.py: The agent lost 1 packet! Is syncmode enabled?
{Thu 00:28:47 Step:293} Server_Comm.py: Received a new packet while thinking!
{Thu 00:28:47 Step:295} Server_Comm.py: The agent lost 1 packet! Is syncmode enabled?
{Thu 00:28:47 Step:295} Server_Comm.py: Received a new packet while thinking!
{Thu 00:28:47 Step:298} Server_Comm.py: The agent lost 2 consecutive packets! Is syncmode disabled?
{Thu 00:28:47 Step:301} Server_Comm.py: The agent lost 1 packet! Is syncmode enabled?
{Thu 00:28:47 Step:302} Server_Comm.py: Received a new packet while thinking!
{Thu 00:28:47 Step:304} Server_Comm.py: The agent lost 1 packet! Is syncmode enabled?
{Thu 00:28:47 Step:304} Server_Comm.py: Received a new packet while thinking!
{Thu 00:28:47 Step:307} Server_Comm.py: The agent lost 2 consecutive packets! Is syncmode disabled?
{Thu 00:28:47 Step:310} Server_Comm.py: The agent lost 1 packet! Is syncmode enabled?
{Thu 00:28:47 Step:311} Server_Comm.py: Received a new packet while thinking!
{Thu 00:28:47 Step:313} Server_Comm.py: The agent lost 1 packet! Is syncmode enabled?
{Thu 00:28:47 Step:313} Server_Comm.py: Received a new packet while thinking!
{Thu 00:28:47 Step:315} Server_Comm.py: The agent lost 1 packet! Is syncmode enabled?
{Thu 00:28:47 Step:315} Server_Comm.py: Received a new packet while thinking!
{Thu 00:28:47 Step:316} Server_Comm.py: Received a new packet while thinking!
{Thu 00:28:47 Step:319} Server_Comm.py: The agent lost 2 consecutive packets! Is syncmode disabled?
{Thu 00:28:48 Step:322} Server_Comm.py: The agent lost 1 packet! Is syncmode enabled?
{Thu 00:28:48 Step:323} Server_Comm.py: Received a new packet while thinking!
{Thu 00:28:48 Step:325} Server_Comm.py: The agent lost 1 packet! Is syncmode enabled?
{Thu 00:28:48 Step:325} Server_Comm.py: Received a new packet while thinking!
{Thu 00:28:48 Step:328} Server_Comm.py: The agent lost 2 consecutive packets! Is syncmode disabled?
{Thu 00:28:48 Step:329} Server_Comm.py: Received a new packet while thinking!
{Thu 00:28:48 Step:331} Server_Comm.py: The agent lost 1 packet! Is syncmode enabled?
{Thu 00:28:48 Step:331} Server_Comm.py: Received a new packet while thinking!
{Thu 00:28:48 Step:334} Server_Comm.py: The agent lost 2 consecutive packets! Is syncmode disabled?
{Thu 00:28:48 Step:337} Server_Comm.py: The agent lost 1 packet! Is syncmode enabled?
{Thu 00:28:48 Step:340} Server_Comm.py: The agent lost 1 packet! Is syncmode enabled?
{Thu 00:28:48 Step:343} Server_Comm.py: The agent lost 1 packet! Is syncmode enabled?
{Thu 00:28:48 Step:346} Server_Comm.py: The agent lost 1 packet! Is syncmode enabled?
{Thu 00:28:48 Step:347} Server_Comm.py: Received a new packet while thinking!
{Thu 00:28:48 Step:349} Server_Comm.py: The agent lost 1 packet! Is syncmode enabled?
{Thu 00:28:48 Step:350} Server_Comm.py: Received a new packet while thinking!
{Thu 00:28:48 Step:352} Server_Comm.py: The agent lost 1 packet! Is syncmode enabled?
{Thu 00:28:48 Step:352} Server_Comm.py: Received a new packet while thinking!
{Thu 00:28:48 Step:354} Server_Comm.py: The agent lost 1 packet! Is syncmode enabled?
{Thu 00:28:48 Step:354} Server_Comm.py: Received a new packet while thinking!
{Thu 00:28:48 Step:355} Server_Comm.py: Received a new packet while thinking!
{Thu 00:28:48 Step:357} Server_Comm.py: The agent lost 1 packet! Is syncmode enabled?
{Thu 00:28:48 Step:357} Server_Comm.py: Received a new packet while thinking!
{Thu 00:28:48 Step:358} Server_Comm.py: Received a new packet while thinking!
{Thu 00:28:48 Step:360} Server_Comm.py: The agent lost 1 packet! Is syncmode enabled?
{Thu 00:28:48 Step:360} Server_Comm.py: Received a new packet while thinking!
{Thu 00:28:48 Step:361} Server_Comm.py: Received a new packet while thinking!
{Thu 00:28:48 Step:364} Server_Comm.py: The agent lost 2 consecutive packets! Is syncmode disabled?
{Thu 00:28:48 Step:367} Server_Comm.py: The agent lost 1 packet! Is syncmode enabled?
{Thu 00:28:49 Step:370} Server_Comm.py: The agent lost 1 packet! Is syncmode enabled?
{Thu 00:28:49 Step:371} Server_Comm.py: Received a new packet while thinking!
{Thu 00:28:49 Step:373} Server_Comm.py: The agent lost 1 packet! Is syncmode enabled?
{Thu 00:28:49 Step:373} Server_Comm.py: Received a new packet while thinking!
{Thu 00:28:49 Step:376} Server_Comm.py: The agent lost 2 consecutive packets! Is syncmode disabled?
{Thu 00:28:49 Step:377} Server_Comm.py: Received a new packet while thinking!
{Thu 00:28:49 Step:379} Server_Comm.py: The agent lost 1 packet! Is syncmode enabled?
{Thu 00:28:49 Step:379} Server_Comm.py: Received a new packet while thinking!
{Thu 00:28:49 Step:381} Server_Comm.py: The agent lost 1 packet! Is syncmode enabled?
{Thu 00:28:49 Step:381} Server_Comm.py: Received a new packet while on world.update()!
{Thu 00:28:49 Step:385} Server_Comm.py: The agent lost 1 packet! Is syncmode enabled?
{Thu 00:28:49 Step:388} Server_Comm.py: The agent lost 1 packet! Is syncmode enabled?
{Thu 00:28:49 Step:391} Server_Comm.py: The agent lost 1 packet! Is syncmode enabled?
{Thu 00:28:49 Step:394} Server_Comm.py: The agent lost 1 packet! Is syncmode enabled?
{Thu 00:28:49 Step:396} Server_Comm.py: Received a new packet while thinking!
{Thu 00:28:49 Step:397} Server_Comm.py: Received a new packet while thinking!
{Thu 00:28:49 Step:400} Server_Comm.py: The agent lost 2 consecutive packets! Is syncmode disabled?
{Thu 00:28:49 Step:403} Server_Comm.py: The agent lost 1 packet! Is syncmode enabled?
{Thu 00:28:49 Step:403} Server_Comm.py: Received a new packet while on world.update()!
{Thu 00:28:49 Step:405} Server_Comm.py: Received a new packet while thinking!
{Thu 00:28:49 Step:406} Server_Comm.py: Received a new packet while thinking!
{Thu 00:28:49 Step:409} Server_Comm.py: The agent lost 2 consecutive packets! Is syncmode disabled?
{Thu 00:28:49 Step:412} Server_Comm.py: The agent lost 1 packet! Is syncmode enabled?
{Thu 00:28:49 Step:415} Server_Comm.py: The agent lost 1 packet! Is syncmode enabled?
{Thu 00:28:49 Step:418} Server_Comm.py: The agent lost 1 packet! Is syncmode enabled?
{Thu 00:28:50 Step:421} Server_Comm.py: The agent lost 1 packet! Is syncmode enabled?
{Thu 00:28:50 Step:424} Server_Comm.py: The agent lost 1 packet! Is syncmode enabled?
{Thu 00:28:50 Step:427} Server_Comm.py: The agent lost 1 packet! Is syncmode enabled?
{Thu 00:28:50 Step:430} Server_Comm.py: The agent lost 1 packet! Is syncmode enabled?
{Thu 00:28:50 Step:433} Server_Comm.py: The agent lost 1 packet! Is syncmode enabled?
{Thu 00:28:50 Step:436} Server_Comm.py: The agent lost 1 packet! Is syncmode enabled?
{Thu 00:28:50 Step:439} Server_Comm.py: The agent lost 1 packet! Is syncmode enabled?
{Thu 00:28:50 Step:440} Server_Comm.py: Received a new packet while thinking!
{Thu 00:28:50 Step:442} Server_Comm.py: The agent lost 1 packet! Is syncmode enabled?
{Thu 00:28:50 Step:442} Server_Comm.py: Received a new packet while thinking!
{Thu 00:28:50 Step:444} Server_Comm.py: The agent lost 1 packet! Is syncmode enabled?
{Thu 00:28:50 Step:444} Server_Comm.py: Received a new packet while thinking!
{Thu 00:28:50 Step:445} Server_Comm.py: Received a new packet while thinking!
{Thu 00:28:50 Step:447} Server_Comm.py: The agent lost 1 packet! Is syncmode enabled?
{Thu 00:28:50 Step:447} Server_Comm.py: Received a new packet while thinking!
{Thu 00:28:50 Step:448} Server_Comm.py: Received a new packet while thinking!
{Thu 00:28:50 Step:450} Server_Comm.py: The agent lost 1 packet! Is syncmode enabled?
{Thu 00:28:50 Step:450} Server_Comm.py: Received a new packet while on world.update()!
{Thu 00:28:50 Step:454} Server_Comm.py: The agent lost 1 packet! Is syncmode enabled?
{Thu 00:28:50 Step:457} Server_Comm.py: The agent lost 1 packet! Is syncmode enabled?
{Thu 00:28:50 Step:460} Server_Comm.py: The agent lost 1 packet! Is syncmode enabled?
{Thu 00:28:50 Step:463} Server_Comm.py: The agent lost 1 packet! Is syncmode enabled?
{Thu 00:28:50 Step:466} Server_Comm.py: The agent lost 1 packet! Is syncmode enabled?
{Thu 00:28:51 Step:469} Server_Comm.py: The agent lost 1 packet! Is syncmode enabled?
{Thu 00:28:51 Step:472} Server_Comm.py: The agent lost 1 packet! Is syncmode enabled?
{Thu 00:28:51 Step:472} Server_Comm.py: Received a new packet while thinking!
{Thu 00:28:51 Step:475} Server_Comm.py: The agent lost 2 consecutive packets! Is syncmode disabled?
{Thu 00:28:51 Step:475} Server_Comm.py: Received a new packet while thinking!
{Thu 00:28:51 Step:477} Server_Comm.py: The agent lost 1 packet! Is syncmode enabled?
{Thu 00:28:51 Step:477} Server_Comm.py: Received a new packet while thinking!
{Thu 00:28:51 Step:479} Server_Comm.py: The agent lost 1 packet! Is syncmode enabled?
{Thu 00:28:51 Step:479} Server_Comm.py: Received a new packet while thinking!
{Thu 00:28:51 Step:481} Server_Comm.py: The agent lost 1 packet! Is syncmode enabled?
{Thu 00:28:51 Step:481} Server_Comm.py: Received a new packet while thinking!
{Thu 00:28:51 Step:484} Server_Comm.py: The agent lost 2 consecutive packets! Is syncmode disabled?
{Thu 00:28:51 Step:484} Server_Comm.py: Received a new packet while thinking!
{Thu 00:28:51 Step:486} Server_Comm.py: The agent lost 1 packet! Is syncmode enabled?
{Thu 00:28:51 Step:486} Server_Comm.py: Received a new packet while thinking!
{Thu 00:28:51 Step:488} Server_Comm.py: The agent lost 1 packet! Is syncmode enabled?
{Thu 00:28:51 Step:488} Server_Comm.py: Received a new packet while thinking!
{Thu 00:28:51 Step:490} Server_Comm.py: The agent lost 1 packet! Is syncmode enabled?
{Thu 00:28:51 Step:490} Server_Comm.py: Received a new packet while thinking!
{Thu 00:28:51 Step:492} Server_Comm.py: The agent lost 1 packet! Is syncmode enabled?
{Thu 00:28:51 Step:492} Server_Comm.py: Received a new packet while thinking!
{Thu 00:28:51 Step:494} Server_Comm.py: The agent lost 1 packet! Is syncmode enabled?
{Thu 00:28:51 Step:494} Server_Comm.py: Received a new packet while thinking!
{Thu 00:28:51 Step:496} Server_Comm.py: The agent lost 1 packet! Is syncmode enabled?
{Thu 00:28:51 Step:496} Server_Comm.py: Received a new packet while thinking!
{Thu 00:28:51 Step:498} Server_Comm.py: The agent lost 1 packet! Is syncmode enabled?
{Thu 00:28:51 Step:498} Server_Comm.py: Received a new packet while thinking!
{Thu 00:28:51 Step:500} Server_Comm.py: The agent lost 1 packet! Is syncmode enabled?
{Thu 00:28:51 Step:500} Server_Comm.py: Received a new packet while thinking!
{Thu 00:28:51 Step:502} Server_Comm.py: The agent lost 1 packet! Is syncmode enabled?
{Thu 00:28:51 Step:502} Server_Comm.py: Received a new packet while thinking!
{Thu 00:28:51 Step:504} Server_Comm.py: The agent lost 1 packet! Is syncmode enabled?
{Thu 00:28:51 Step:504} Server_Comm.py: Received a new packet while thinking!
{Thu 00:28:51 Step:507} Server_Comm.py: The agent lost 2 consecutive packets! Is syncmode disabled?
{Thu 00:28:51 Step:508} Server_Comm.py: Received a new packet while thinking!
{Thu 00:28:51 Step:511} Server_Comm.py: The agent lost 2 consecutive packets! Is syncmode disabled?
{Thu 00:28:51 Step:512} Server_Comm.py: Received a new packet while thinking!
{Thu 00:28:51 Step:514} Server_Comm.py: The agent lost 1 packet! Is syncmode enabled?
{Thu 00:28:51 Step:514} Server_Comm.py: Received a new packet while on world.update()!
{Thu 00:28:51 Step:516} Server_Comm.py: The agent lost 1 packet! Is syncmode enabled?
{Thu 00:28:51 Step:516} Server_Comm.py: Received a new packet while thinking!
{Thu 00:28:52 Step:517} Server_Comm.py: Received a new packet while thinking!
{Thu 00:28:52 Step:520} Server_Comm.py: The agent lost 2 consecutive packets! Is syncmode disabled?
{Thu 00:28:52 Step:521} Server_Comm.py: Received a new packet while thinking!
{Thu 00:28:52 Step:523} Server_Comm.py: The agent lost 1 packet! Is syncmode enabled?
{Thu 00:28:52 Step:524} Server_Comm.py: Received a new packet while thinking!
{Thu 00:28:52 Step:526} Server_Comm.py: The agent lost 1 packet! Is syncmode enabled?
{Thu 00:28:52 Step:527} Server_Comm.py: Received a new packet while thinking!
{Thu 00:28:52 Step:529} Server_Comm.py: The agent lost 1 packet! Is syncmode enabled?
{Thu 00:28:52 Step:529} Server_Comm.py: Received a new packet while thinking!
{Thu 00:28:52 Step:531} Server_Comm.py: The agent lost 1 packet! Is syncmode enabled?
{Thu 00:28:52 Step:531} Server_Comm.py: Received a new packet while thinking!
{Thu 00:28:52 Step:532} Server_Comm.py: Received a new packet while thinking!
{Thu 00:28:52 Step:534} Server_Comm.py: The agent lost 1 packet! Is syncmode enabled?
{Thu 00:28:52 Step:534} Server_Comm.py: Received a new packet while on world.update()!
{Thu 00:28:52 Step:537} Server_Comm.py: Received a new packet while thinking!
{Thu 00:28:52 Step:541} Server_Comm.py: The agent lost 1 packet! Is syncmode enabled?
{Thu 00:28:52 Step:545} Server_Comm.py: Received a new packet while thinking!
{Thu 00:28:52 Step:547} Server_Comm.py: The agent lost 1 packet! Is syncmode enabled?
{Thu 00:28:52 Step:549} Server_Comm.py: Received a new packet while thinking!
{Thu 00:28:52 Step:551} Server_Comm.py: The agent lost 1 packet! Is syncmode enabled?
{Thu 00:28:52 Step:557} Server_Comm.py: The agent lost 1 packet! Is syncmode enabled?
{Thu 00:28:52 Step:563} Server_Comm.py: Received a new packet while thinking!
{Thu 00:28:52 Step:565} Server_Comm.py: The agent lost 1 packet! Is syncmode enabled?
{Thu 00:28:53 Step:597} Server_Comm.py: Received a new packet while thinking!
{Thu 00:28:53 Step:600} Server_Comm.py: Received a new packet while thinking!
{Thu 00:28:53 Step:603} Server_Comm.py: Received a new packet while thinking!
{Thu 00:28:53 Step:609} Server_Comm.py: Received a new packet while thinking!
{Thu 00:28:53 Step:616} Server_Comm.py: Received a new packet while thinking!
{Thu 00:28:54 Step:618} Server_Comm.py: Received a new packet while thinking!
{Thu 00:28:54 Step:621} Server_Comm.py: Received a new packet while thinking!
{Thu 00:28:54 Step:625} Server_Comm.py: The agent lost 1 packet! Is syncmode enabled?
{Thu 00:28:54 Step:627} Server_Comm.py: Received a new packet while thinking!
{Thu 00:28:54 Step:629} Server_Comm.py: Received a new packet while thinking!
{Thu 00:28:54 Step:631} Server_Comm.py: The agent lost 1 packet! Is syncmode enabled?
{Thu 00:28:54 Step:632} Server_Comm.py: Received a new packet while thinking!
{Thu 00:28:54 Step:634} Server_Comm.py: The agent lost 1 packet! Is syncmode enabled?
{Thu 00:28:54 Step:637} Server_Comm.py: The agent lost 1 packet! Is syncmode enabled?
{Thu 00:28:54 Step:640} Server_Comm.py: The agent lost 1 packet! Is syncmode enabled?
{Thu 00:28:54 Step:643} Server_Comm.py: The agent lost 1 packet! Is syncmode enabled?
{Thu 00:28:54 Step:644} Server_Comm.py: Received a new packet while thinking!
{Thu 00:28:54 Step:646} Server_Comm.py: The agent lost 1 packet! Is syncmode enabled?
{Thu 00:28:54 Step:647} Server_Comm.py: Received a new packet while thinking!
{Thu 00:28:54 Step:649} Server_Comm.py: The agent lost 1 packet! Is syncmode enabled?
{Thu 00:28:54 Step:649} Server_Comm.py: Received a new packet while thinking!
{Thu 00:28:54 Step:652} Server_Comm.py: The agent lost 2 consecutive packets! Is syncmode disabled?
{Thu 00:28:54 Step:655} Server_Comm.py: The agent lost 1 packet! Is syncmode enabled?
{Thu 00:28:54 Step:656} Server_Comm.py: Received a new packet while thinking!
{Thu 00:28:54 Step:658} Server_Comm.py: The agent lost 1 packet! Is syncmode enabled?
{Thu 00:28:54 Step:659} Server_Comm.py: Received a new packet while thinking!
{Thu 00:28:54 Step:661} Server_Comm.py: The agent lost 1 packet! Is syncmode enabled?
{Thu 00:28:54 Step:661} Server_Comm.py: Received a new packet while thinking!
{Thu 00:28:54 Step:663} Server_Comm.py: The agent lost 1 packet! Is syncmode enabled?
{Thu 00:28:54 Step:663} Server_Comm.py: Received a new packet while thinking!
{Thu 00:28:54 Step:664} Server_Comm.py: Received a new packet while thinking!
{Thu 00:28:54 Step:667} Server_Comm.py: The agent lost 2 consecutive packets! Is syncmode disabled?
{Thu 00:28:55 Step:670} Server_Comm.py: The agent lost 1 packet! Is syncmode enabled?
{Thu 00:28:55 Step:671} Server_Comm.py: Received a new packet while thinking!
{Thu 00:28:55 Step:673} Server_Comm.py: The agent lost 1 packet! Is syncmode enabled?
{Thu 00:28:55 Step:674} Server_Comm.py: Received a new packet while thinking!
{Thu 00:28:55 Step:676} Server_Comm.py: The agent lost 1 packet! Is syncmode enabled?
{Thu 00:28:55 Step:677} Server_Comm.py: Received a new packet while thinking!
{Thu 00:28:55 Step:679} Server_Comm.py: The agent lost 1 packet! Is syncmode enabled?
{Thu 00:28:55 Step:679} Server_Comm.py: Received a new packet while thinking!
{Thu 00:28:55 Step:681} Server_Comm.py: The agent lost 1 packet! Is syncmode enabled?
{Thu 00:28:55 Step:681} Server_Comm.py: Received a new packet while thinking!
{Thu 00:28:55 Step:683} Server_Comm.py: Received a new packet while thinking!
{Thu 00:28:55 Step:685} Server_Comm.py: The agent lost 1 packet! Is syncmode enabled?
{Thu 00:28:55 Step:688} Server_Comm.py: The agent lost 1 packet! Is syncmode enabled?
{Thu 00:28:55 Step:694} Server_Comm.py: Received a new packet while thinking!
{Thu 00:28:55 Step:696} Server_Comm.py: The agent lost 1 packet! Is syncmode enabled?
{Thu 00:28:58 Step:820} Server_Comm.py: Received a new packet while thinking!
{Thu 00:28:58 Step:822} Server_Comm.py: The agent lost 1 packet! Is syncmode enabled?
{Thu 00:28:58 Step:839} Server_Comm.py: Received a new packet while thinking!
{Thu 00:28:58 Step:841} Server_Comm.py: The agent lost 1 packet! Is syncmode enabled?
{Thu 00:28:58 Step:861} Server_Comm.py: Received a new packet while thinking!
{Thu 00:28:58 Step:863} Server_Comm.py: The agent lost 1 packet! Is syncmode enabled?
{Thu 00:28:59 Step:877} Server_Comm.py: The agent lost 1 packet! Is syncmode enabled?
{Thu 00:29:00 Step:922} Server_Comm.py: Received a new packet while thinking!
{Thu 00:29:00 Step:924} Server_Comm.py: Received a new packet while thinking!
{Thu 00:29:00 Step:928} Server_Comm.py: The agent lost 1 packet! Is syncmode enabled?
{Thu 00:29:00 Step:931} Server_Comm.py: The agent lost 1 packet! Is syncmode enabled?
{Thu 00:29:00 Step:934} Server_Comm.py: The agent lost 1 packet! Is syncmode enabled?
{Thu 00:29:00 Step:937} Server_Comm.py: The agent lost 1 packet! Is syncmode enabled?
{Thu 00:29:00 Step:940} Server_Comm.py: The agent lost 1 packet! Is syncmode enabled?
{Thu 00:29:00 Step:943} Server_Comm.py: The agent lost 1 packet! Is syncmode enabled?
{Thu 00:29:00 Step:946} Server_Comm.py: The agent lost 1 packet! Is syncmode enabled?
{Thu 00:29:00 Step:949} Server_Comm.py: The agent lost 1 packet! Is syncmode enabled?
{Thu 00:29:00 Step:952} Server_Comm.py: The agent lost 1 packet! Is syncmode enabled?
{Thu 00:29:00 Step:955} Server_Comm.py: The agent lost 1 packet! Is syncmode enabled?
{Thu 00:29:00 Step:958} Server_Comm.py: The agent lost 1 packet! Is syncmode enabled?
{Thu 00:29:00 Step:959} Server_Comm.py: Received a new packet while thinking!
{Thu 00:29:00 Step:961} Server_Comm.py: The agent lost 1 packet! Is syncmode enabled?
{Thu 00:29:00 Step:961} Server_Comm.py: Received a new packet while thinking!
{Thu 00:29:00 Step:964} Server_Comm.py: The agent lost 2 consecutive packets! Is syncmode disabled?
{Thu 00:29:01 Step:967} Server_Comm.py: The agent lost 1 packet! Is syncmode enabled?
{Thu 00:29:01 Step:968} Server_Comm.py: Received a new packet while thinking!
{Thu 00:29:01 Step:970} Server_Comm.py: The agent lost 1 packet! Is syncmode enabled?
{Thu 00:29:01 Step:971} Server_Comm.py: Received a new packet while thinking!
{Thu 00:29:01 Step:973} Server_Comm.py: The agent lost 1 packet! Is syncmode enabled?
{Thu 00:29:01 Step:974} Server_Comm.py: Received a new packet while thinking!
{Thu 00:29:01 Step:976} Server_Comm.py: The agent lost 1 packet! Is syncmode enabled?
{Thu 00:29:01 Step:977} Server_Comm.py: Received a new packet while thinking!
{Thu 00:29:01 Step:979} Server_Comm.py: The agent lost 1 packet! Is syncmode enabled?
{Thu 00:29:01 Step:980} Server_Comm.py: Received a new packet while thinking!
{Thu 00:29:01 Step:982} Server_Comm.py: The agent lost 1 packet! Is syncmode enabled?
{Thu 00:29:01 Step:985} Server_Comm.py: The agent lost 1 packet! Is syncmode enabled?
{Thu 00:29:01 Step:987} Server_Comm.py: Received a new packet while thinking!
{Thu 00:29:01 Step:988} Server_Comm.py: Received a new packet while thinking!
{Thu 00:29:01 Step:990} Server_Comm.py: The agent lost 1 packet! Is syncmode enabled?
{Thu 00:29:01 Step:990} Server_Comm.py: Received a new packet while thinking!
{Thu 00:29:01 Step:992} Server_Comm.py: Received a new packet while thinking!
{Thu 00:29:01 Step:994} Server_Comm.py: The agent lost 1 packet! Is syncmode enabled?
{Thu 00:29:01 Step:997} Server_Comm.py: The agent lost 1 packet! Is syncmode enabled?
{Thu 00:29:01 Step:999} Server_Comm.py: Received a new packet while thinking!
{Thu 00:29:01 Step:1001} Server_Comm.py: Received a new packet while thinking!
{Thu 00:29:01 Step:1003} Server_Comm.py: The agent lost 1 packet! Is syncmode enabled?
{Thu 00:29:01 Step:1006} Server_Comm.py: The agent lost 1 packet! Is syncmode enabled?
{Thu 00:29:01 Step:1011} Server_Comm.py: Received a new packet while thinking!
{Thu 00:29:01 Step:1014} Server_Comm.py: Received a new packet while thinking!
{Thu 00:29:02 Step:1050} Server_Comm.py: Received a new packet while thinking!
{Thu 00:29:02 Step:1052} Server_Comm.py: The agent lost 1 packet! Is syncmode enabled?
{Thu 00:29:02 Step:1054} Server_Comm.py: Received a new packet while thinking!
{Thu 00:29:02 Step:1056} Server_Comm.py: The agent lost 1 packet! Is syncmode enabled?
{Thu 00:29:02 Step:1063} Server_Comm.py: The agent lost 1 packet! Is syncmode enabled?
{Thu 00:29:02 Step:1063} Server_Comm.py: Received a new packet while thinking!
{Thu 00:29:03 Step:1068} Server_Comm.py: Received a new packet while thinking!
{Thu 00:29:03 Step:1070} Server_Comm.py: The agent lost 1 packet! Is syncmode enabled?
{Thu 00:29:03 Step:1072} Server_Comm.py: Received a new packet while thinking!
{Thu 00:29:03 Step:1074} Server_Comm.py: The agent lost 1 packet! Is syncmode enabled?
{Thu 00:29:03 Step:1077} Server_Comm.py: The agent lost 1 packet! Is syncmode enabled?
{Thu 00:29:03 Step:1078} Server_Comm.py: Received a new packet while thinking!
{Thu 00:29:03 Step:1080} Server_Comm.py: The agent lost 1 packet! Is syncmode enabled?
{Thu 00:29:03 Step:1081} Server_Comm.py: Received a new packet while thinking!
{Thu 00:29:03 Step:1083} Server_Comm.py: The agent lost 1 packet! Is syncmode enabled?
{Thu 00:29:03 Step:1083} Server_Comm.py: Received a new packet while thinking!
{Thu 00:29:03 Step:1085} Server_Comm.py: The agent lost 1 packet! Is syncmode enabled?
{Thu 00:29:03 Step:1086} Server_Comm.py: Received a new packet while thinking!
{Thu 00:29:03 Step:1088} Server_Comm.py: The agent lost 1 packet! Is syncmode enabled?
{Thu 00:29:03 Step:1089} Server_Comm.py: Received a new packet while thinking!
{Thu 00:29:03 Step:1091} Server_Comm.py: The agent lost 1 packet! Is syncmode enabled?
{Thu 00:29:03 Step:1091} Server_Comm.py: Received a new packet while thinking!
{Thu 00:29:03 Step:1093} Server_Comm.py: The agent lost 1 packet! Is syncmode enabled?
{Thu 00:29:03 Step:1093} Server_Comm.py: Received a new packet while thinking!
{Thu 00:29:03 Step:1095} Server_Comm.py: The agent lost 1 packet! Is syncmode enabled?
{Thu 00:29:03 Step:1095} Server_Comm.py: Received a new packet while thinking!
{Thu 00:29:03 Step:1096} Server_Comm.py: Received a new packet while thinking!
{Thu 00:29:03 Step:1098} Server_Comm.py: The agent lost 1 packet! Is syncmode enabled?
{Thu 00:29:03 Step:1098} Server_Comm.py: Received a new packet while thinking!
{Thu 00:29:03 Step:1099} Server_Comm.py: Received a new packet while thinking!
{Thu 00:29:03 Step:1101} Server_Comm.py: The agent lost 1 packet! Is syncmode enabled?
{Thu 00:29:03 Step:1107} Server_Comm.py: The agent lost 1 packet! Is syncmode enabled?
{Thu 00:29:03 Step:1108} Server_Comm.py: Received a new packet while thinking!
{Thu 00:29:03 Step:1110} Server_Comm.py: The agent lost 1 packet! Is syncmode enabled?
{Thu 00:29:03 Step:1111} Server_Comm.py: Received a new packet while thinking!
{Thu 00:29:03 Step:1113} Server_Comm.py: The agent lost 1 packet! Is syncmode enabled?
{Thu 00:29:03 Step:1114} Server_Comm.py: Received a new packet while thinking!
{Thu 00:29:04 Step:1116} Server_Comm.py: The agent lost 1 packet! Is syncmode enabled?
{Thu 00:29:04 Step:1119} Server_Comm.py: The agent lost 1 packet! Is syncmode enabled?
{Thu 00:29:04 Step:1121} Server_Comm.py: Received a new packet while thinking!
{Thu 00:29:04 Step:1123} Server_Comm.py: The agent lost 1 packet! Is syncmode enabled?
{Thu 00:29:04 Step:1133} Server_Comm.py: The agent lost 1 packet! Is syncmode enabled?
{Thu 00:29:06 Step:1251} Server_Comm.py: The agent lost 1 packet! Is syncmode enabled?
{Thu 00:29:06 Step:1260} Server_Comm.py: Received a new packet while thinking!
{Thu 00:29:06 Step:1262} Server_Comm.py: The agent lost 1 packet! Is syncmode enabled?
{Thu 00:29:07 Step:1272} Server_Comm.py: Received a new packet while thinking!
{Thu 00:29:07 Step:1274} Server_Comm.py: The agent lost 1 packet! Is syncmode enabled?
{Thu 00:29:07 Step:1287} Server_Comm.py: Received a new packet while thinking!
{Thu 00:29:07 Step:1290} Server_Comm.py: Received a new packet while thinking!
{Thu 00:29:07 Step:1293} Server_Comm.py: Received a new packet while thinking!
{Thu 00:29:07 Step:1296} Server_Comm.py: Received a new packet while thinking!
{Thu 00:29:07 Step:1299} Server_Comm.py: Received a new packet while thinking!
{Thu 00:29:07 Step:1302} Server_Comm.py: Received a new packet while thinking!
{Thu 00:29:07 Step:1305} Server_Comm.py: Received a new packet while thinking!
{Thu 00:29:07 Step:1308} Server_Comm.py: Received a new packet while thinking!
{Thu 00:29:07 Step:1311} Server_Comm.py: Received a new packet while thinking!
{Thu 00:29:08 Step:1314} Server_Comm.py: Received a new packet while thinking!
{Thu 00:29:08 Step:1317} Server_Comm.py: Received a new packet while thinking!
{Thu 00:29:08 Step:1320} Server_Comm.py: Received a new packet while thinking!
{Thu 00:29:08 Step:1323} Server_Comm.py: Received a new packet while thinking!
{Thu 00:29:08 Step:1326} Server_Comm.py: Received a new packet while thinking!
{Thu 00:29:08 Step:1329} Server_Comm.py: Received a new packet while thinking!
{Thu 00:29:08 Step:1332} Server_Comm.py: Received a new packet while thinking!
{Thu 00:29:08 Step:1335} Server_Comm.py: Received a new packet while thinking!
{Thu 00:29:09 Step:1384} Server_Comm.py: Received a new packet while thinking!
{Thu 00:29:09 Step:1386} Server_Comm.py: The agent lost 1 packet! Is syncmode enabled?
{Thu 00:29:09 Step:1389} Server_Comm.py: Received a new packet while thinking!
{Thu 00:29:09 Step:1391} Server_Comm.py: The agent lost 1 packet! Is syncmode enabled?
{Thu 00:29:09 Step:1395} Server_Comm.py: Received a new packet while thinking!
{Thu 00:29:09 Step:1397} Server_Comm.py: The agent lost 1 packet! Is syncmode enabled?
{Thu 00:29:09 Step:1401} Server_Comm.py: Received a new packet while thinking!
{Thu 00:29:09 Step:1403} Server_Comm.py: The agent lost 1 packet! Is syncmode enabled?
{Thu 00:29:09 Step:1409} Server_Comm.py: The agent lost 1 packet! Is syncmode enabled?
{Thu 00:29:09 Step:1411} Server_Comm.py: Received a new packet while thinking!
{Thu 00:29:09 Step:1413} Server_Comm.py: The agent lost 1 packet! Is syncmode enabled?
{Thu 00:29:10 Step:1415} Server_Comm.py: The agent lost 1 packet! Is syncmode enabled?
{Thu 00:29:10 Step:1417} Server_Comm.py: Received a new packet while thinking!
{Thu 00:29:10 Step:1419} Server_Comm.py: The agent lost 1 packet! Is syncmode enabled?
{Thu 00:29:10 Step:1420} Server_Comm.py: Received a new packet while thinking!
{Thu 00:29:10 Step:1422} Server_Comm.py: The agent lost 1 packet! Is syncmode enabled?
{Thu 00:29:10 Step:1426} Server_Comm.py: The agent lost 1 packet! Is syncmode enabled?
{Thu 00:29:10 Step:1430} Server_Comm.py: The agent lost 1 packet! Is syncmode enabled?
{Thu 00:29:10 Step:1431} Server_Comm.py: Received a new packet while thinking!
{Thu 00:29:10 Step:1433} Server_Comm.py: The agent lost 1 packet! Is syncmode enabled?
{Thu 00:29:10 Step:1435} Server_Comm.py: Received a new packet while thinking!
{Thu 00:29:10 Step:1437} Server_Comm.py: The agent lost 1 packet! Is syncmode enabled?
{Thu 00:29:10 Step:1441} Server_Comm.py: The agent lost 1 packet! Is syncmode enabled?
{Thu 00:29:10 Step:1444} Server_Comm.py: Received a new packet while thinking!
{Thu 00:29:10 Step:1446} Server_Comm.py: The agent lost 1 packet! Is syncmode enabled?
{Thu 00:29:10 Step:1450} Server_Comm.py: The agent lost 1 packet! Is syncmode enabled?
{Thu 00:29:10 Step:1454} Server_Comm.py: The agent lost 1 packet! Is syncmode enabled?
{Thu 00:29:10 Step:1457} Server_Comm.py: The agent lost 1 packet! Is syncmode enabled?
{Thu 00:29:10 Step:1461} Server_Comm.py: The agent lost 1 packet! Is syncmode enabled?
{Thu 00:29:11 Step:1464} Server_Comm.py: The agent lost 1 packet! Is syncmode enabled?
{Thu 00:29:11 Step:1469} Server_Comm.py: The agent lost 1 packet! Is syncmode enabled?
{Thu 00:29:11 Step:1472} Server_Comm.py: The agent lost 1 packet! Is syncmode enabled?
{Thu 00:29:11 Step:1476} Server_Comm.py: The agent lost 1 packet! Is syncmode enabled?
{Thu 00:29:11 Step:1480} Server_Comm.py: The agent lost 1 packet! Is syncmode enabled?
{Thu 00:29:11 Step:1485} Server_Comm.py: Received a new packet while thinking!
{Thu 00:29:11 Step:1487} Server_Comm.py: The agent lost 1 packet! Is syncmode enabled?
{Thu 00:29:11 Step:1504} Server_Comm.py: Received a new packet while thinking!
{Thu 00:29:11 Step:1506} Server_Comm.py: The agent lost 1 packet! Is syncmode enabled?
