{Thu 00:28:42 Step:43} Server_Comm.py: The agent lost 1 packet! Is syncmode enabled?
{Thu 00:28:42 Step:55} Server_Comm.py: The agent lost 1 packet! Is syncmode enabled?
{Thu 00:28:43 Step:63} Server_Comm.py: Received a new packet while thinking!
{Thu 00:28:43 Step:67} Server_Comm.py: The agent lost 1 packet! Is syncmode enabled?
{Thu 00:28:43 Step:70} Server_Comm.py: The agent lost 1 packet! Is syncmode enabled?
{Thu 00:28:43 Step:70} Server_Comm.py: Received a new packet while thinking!
{Thu 00:28:43 Step:73} Server_Comm.py: The agent lost 2 consecutive packets! Is syncmode disabled?
{Thu 00:28:43 Step:76} Server_Comm.py: The agent lost 2 consecutive packets! Is syncmode disabled?
{Thu 00:28:43 Step:77} Server_Comm.py: Received a new packet while thinking!
{Thu 00:28:43 Step:79} Server_Comm.py: The agent lost 1 packet! Is syncmode enabled?
{Thu 00:28:43 Step:79} Server_Comm.py: Received a new packet while thinking!
{Thu 00:28:43 Step:82} Server_Comm.py: The agent lost 2 consecutive packets! Is syncmode disabled?
{Thu 00:28:43 Step:83} Server_Comm.py: Received a new packet while thinking!
{Thu 00:28:43 Step:85} Server_Comm.py: The agent lost 1 packet! Is syncmode enabled?
{Thu 00:28:43 Step:85} Server_Comm.py: Received a new packet while thinking!
{Thu 00:28:43 Step:88} Server_Comm.py: The agent lost 2 consecutive packets! Is syncmode disabled?
{Thu 00:28:43 Step:89} Server_Comm.py: Received a new packet while thinking!
{Thu 00:28:43 Step:91} Server_Comm.py: The agent lost 1 packet! Is syncmode enabled?
{Thu 00:28:43 Step:91} Server_Comm.py: Received a new packet while thinking!
{Thu 00:28:43 Step:93} Server_Comm.py: The agent lost 1 packet! Is syncmode enabled?
{Thu 00:28:43 Step:93} Server_Comm.py: Received a new packet while thinking!
{Thu 00:28:43 Step:95} Server_Comm.py: The agent lost 1 packet! Is syncmode enabled?
{Thu 00:28:43 Step:95} Server_Comm.py: Received a new packet while thinking!
{Thu 00:28:43 Step:97} Server_Comm.py: The agent lost 1 packet! Is syncmode enabled?
{Thu 00:28:43 Step:97} Server_Comm.py: Received a new packet while thinking!
{Thu 00:28:43 Step:99} Server_Comm.py: The agent lost 1 packet! Is syncmode enabled?
{Thu 00:28:43 Step:99} Server_Comm.py: Received a new packet while thinking!
{Thu 00:28:43 Step:101} Server_Comm.py: The agent lost 1 packet! Is syncmode enabled?
{Thu 00:28:43 Step:101} Server_Comm.py: Received a new packet while thinking!
{Thu 00:28:43 Step:103} Server_Comm.py: The agent lost 1 packet! Is syncmode enabled?
{Thu 00:28:43 Step:103} Server_Comm.py: Received a new packet while thinking!
{Thu 00:28:43 Step:105} Server_Comm.py: The agent lost 1 packet! Is syncmode enabled?
{Thu 00:28:43 Step:105} Server_Comm.py: Received a new packet while thinking!
{Thu 00:28:43 Step:107} Server_Comm.py: The agent lost 1 packet! Is syncmode enabled?
{Thu 00:28:43 Step:108} Server_Comm.py: Received a new packet while thinking!
{Thu 00:28:43 Step:109} Server_Comm.py: Received a new packet while thinking!
{Thu 00:28:43 Step:112} Server_Comm.py: The agent lost 2 consecutive packets! Is syncmode disabled?
{Thu 00:28:44 Step:115} Server_Comm.py: The agent lost 1 packet! Is syncmode enabled?
{Thu 00:28:44 Step:115} Server_Comm.py: Received a new packet while thinking!
{Thu 00:28:44 Step:118} Server_Comm.py: The agent lost 2 consecutive packets! Is syncmode disabled?
{Thu 00:28:44 Step:121} Server_Comm.py: The agent lost 1 packet! Is syncmode enabled?
{Thu 00:28:44 Step:121} Server_Comm.py: Received a new packet while thinking!
{Thu 00:28:44 Step:124} Server_Comm.py: The agent lost 2 consecutive packets! Is syncmode disabled?
{Thu 00:28:44 Step:124} Server_Comm.py: Received a new packet while thinking!
{Thu 00:28:44 Step:126} Server_Comm.py: The agent lost 1 packet! Is syncmode enabled?
{Thu 00:28:44 Step:126} Server_Comm.py: Received a new packet while thinking!
{Thu 00:28:44 Step:129} Server_Comm.py: The agent lost 2 consecutive packets! Is syncmode disabled?
{Thu 00:28:44 Step:129} Server_Comm.py: Received a new packet while thinking!
{Thu 00:28:44 Step:131} Server_Comm.py: The agent lost 1 packet! Is syncmode enabled?
{Thu 00:28:44 Step:131} Server_Comm.py: Received a new packet while thinking!
{Thu 00:28:44 Step:133} Server_Comm.py: The agent lost 1 packet! Is syncmode enabled?
{Thu 00:28:44 Step:133} Server_Comm.py: Received a new packet while thinking!
{Thu 00:28:44 Step:135} Server_Comm.py: The agent lost 1 packet! Is syncmode enabled?
{Thu 00:28:44 Step:135} Server_Comm.py: Received a new packet while thinking!
{Thu 00:28:44 Step:137} Server_Comm.py: The agent lost 1 packet! Is syncmode enabled?
{Thu 00:28:44 Step:137} Server_Comm.py: Received a new packet while thinking!
{Thu 00:28:44 Step:139} Server_Comm.py: The agent lost 1 packet! Is syncmode enabled?
{Thu 00:28:44 Step:140} Server_Comm.py: Received a new packet while thinking!
{Thu 00:28:44 Step:142} Server_Comm.py: The agent lost 1 packet! Is syncmode enabled?
{Thu 00:28:44 Step:145} Server_Comm.py: The agent lost 1 packet! Is syncmode enabled?
{Thu 00:28:44 Step:148} Server_Comm.py: The agent lost 1 packet! Is syncmode enabled?
{Thu 00:28:44 Step:151} Server_Comm.py: The agent lost 1 packet! Is syncmode enabled?
{Thu 00:28:44 Step:152} Server_Comm.py: Received a new packet while thinking!
{Thu 00:28:44 Step:154} Server_Comm.py: The agent lost 1 packet! Is syncmode enabled?
{Thu 00:28:44 Step:154} Server_Comm.py: Received a new packet while thinking!
{Thu 00:28:44 Step:157} Server_Comm.py: The agent lost 2 consecutive packets! Is syncmode disabled?
{Thu 00:28:44 Step:158} Server_Comm.py: Received a new packet while thinking!
{Thu 00:28:44 Step:160} Server_Comm.py: The agent lost 1 packet! Is syncmode enabled?
{Thu 00:28:45 Step:161} Server_Comm.py: Received a new packet while thinking!
{Thu 00:28:45 Step:163} Server_Comm.py: The agent lost 1 packet! Is syncmode enabled?
{Thu 00:28:45 Step:163} Server_Comm.py: Received a new packet while thinking!
{Thu 00:28:45 Step:166} Server_Comm.py: The agent lost 2 consecutive packets! Is syncmode disabled?
{Thu 00:28:45 Step:169} Server_Comm.py: The agent lost 1 packet! Is syncmode enabled?
{Thu 00:28:45 Step:170} Server_Comm.py: Received a new packet while thinking!
{Thu 00:28:45 Step:172} Server_Comm.py: The agent lost 1 packet! Is syncmode enabled?
{Thu 00:28:45 Step:173} Server_Comm.py: Received a new packet while thinking!
{Thu 00:28:45 Step:175} Server_Comm.py: The agent lost 1 packet! Is syncmode enabled?
{Thu 00:28:45 Step:176} Server_Comm.py: Received a new packet while thinking!
{Thu 00:28:45 Step:178} Server_Comm.py: The agent lost 1 packet! Is syncmode enabled?
{Thu 00:28:45 Step:178} Server_Comm.py: Received a new packet while thinking!
{Thu 00:28:45 Step:181} Server_Comm.py: The agent lost 2 consecutive packets! Is syncmode disabled?
{Thu 00:28:45 Step:184} Server_Comm.py: The agent lost 1 packet! Is syncmode enabled?
{Thu 00:28:45 Step:185} Server_Comm.py: Received a new packet while thinking!
{Thu 00:28:45 Step:187} Server_Comm.py: The agent lost 1 packet! Is syncmode enabled?
{Thu 00:28:45 Step:188} Server_Comm.py: Received a new packet while thinking!
{Thu 00:28:45 Step:190} Server_Comm.py: The agent lost 1 packet! Is syncmode enabled?
{Thu 00:28:45 Step:191} Server_Comm.py: Received a new packet while thinking!
{Thu 00:28:45 Step:193} Server_Comm.py: The agent lost 1 packet! Is syncmode enabled?
{Thu 00:28:45 Step:193} Server_Comm.py: Received a new packet while thinking!
{Thu 00:28:45 Step:196} Server_Comm.py: The agent lost 2 consecutive packets! Is syncmode disabled?
{Thu 00:28:45 Step:199} Server_Comm.py: The agent lost 1 packet! Is syncmode enabled?
{Thu 00:28:45 Step:200} Server_Comm.py: Received a new packet while thinking!
{Thu 00:28:45 Step:202} Server_Comm.py: The agent lost 1 packet! Is syncmode enabled?
{Thu 00:28:45 Step:203} Server_Comm.py: Received a new packet while thinking!
{Thu 00:28:45 Step:205} Server_Comm.py: The agent lost 1 packet! Is syncmode enabled?
{Thu 00:28:45 Step:205} Server_Comm.py: Received a new packet while thinking!
{Thu 00:28:45 Step:208} Server_Comm.py: The agent lost 2 consecutive packets! Is syncmode disabled?
{Thu 00:28:45 Step:211} Server_Comm.py: The agent lost 1 packet! Is syncmode enabled?
{Thu 00:28:46 Step:212} Server_Comm.py: Received a new packet while thinking!
{Thu 00:28:46 Step:214} Server_Comm.py: The agent lost 1 packet! Is syncmode enabled?
{Thu 00:28:46 Step:215} Server_Comm.py: Received a new packet while thinking!
{Thu 00:28:46 Step:217} Server_Comm.py: The agent lost 1 packet! Is syncmode enabled?
{Thu 00:28:46 Step:218} Server_Comm.py: Received a new packet while thinking!
{Thu 00:28:46 Step:220} Server_Comm.py: The agent lost 1 packet! Is syncmode enabled?
{Thu 00:28:46 Step:221} Server_Comm.py: Received a new packet while thinking!
{Thu 00:28:46 Step:223} Server_Comm.py: The agent lost 1 packet! Is syncmode enabled?
{Thu 00:28:46 Step:223} Server_Comm.py: Received a new packet while thinking!
{Thu 00:28:46 Step:226} Server_Comm.py: The agent lost 2 consecutive packets! Is syncmode disabled?
{Thu 00:28:46 Step:226} Server_Comm.py: Received a new packet while thinking!
{Thu 00:28:46 Step:228} Server_Comm.py: The agent lost 1 packet! Is syncmode enabled?
{Thu 00:28:46 Step:229} Server_Comm.py: Received a new packet while thinking!
{Thu 00:28:46 Step:232} Server_Comm.py: The agent lost 1 packet! Is syncmode enabled?
{Thu 00:28:46 Step:233} Server_Comm.py: Received a new packet while thinking!
{Thu 00:28:46 Step:235} Server_Comm.py: The agent lost 1 packet! Is syncmode enabled?
{Thu 00:28:46 Step:238} Server_Comm.py: The agent lost 1 packet! Is syncmode enabled?
{Thu 00:28:46 Step:239} Server_Comm.py: Received a new packet while thinking!
{Thu 00:28:46 Step:241} Server_Comm.py: The agent lost 1 packet! Is syncmode enabled?
{Thu 00:28:46 Step:242} Server_Comm.py: Received a new packet while thinking!
{Thu 00:28:46 Step:244} Server_Comm.py: The agent lost 1 packet! Is syncmode enabled?
{Thu 00:28:46 Step:245} Server_Comm.py: Received a new packet while thinking!
{Thu 00:28:46 Step:247} Server_Comm.py: The agent lost 1 packet! Is syncmode enabled?
{Thu 00:28:46 Step:248} Server_Comm.py: Received a new packet while thinking!
{Thu 00:28:46 Step:250} Server_Comm.py: The agent lost 1 packet! Is syncmode enabled?
{Thu 00:28:46 Step:250} Server_Comm.py: Received a new packet while thinking!
{Thu 00:28:46 Step:253} Server_Comm.py: The agent lost 2 consecutive packets! Is syncmode disabled?
{Thu 00:28:46 Step:256} Server_Comm.py: The agent lost 1 packet! Is syncmode enabled?
{Thu 00:28:46 Step:257} Server_Comm.py: Received a new packet while thinking!
{Thu 00:28:46 Step:259} Server_Comm.py: The agent lost 1 packet! Is syncmode enabled?
{Thu 00:28:46 Step:259} Server_Comm.py: Received a new packet while thinking!
{Thu 00:28:47 Step:262} Server_Comm.py: The agent lost 2 consecutive packets! Is syncmode disabled?
{Thu 00:28:47 Step:263} Server_Comm.py: Received a new packet while thinking!
{Thu 00:28:47 Step:265} Server_Comm.py: The agent lost 1 packet! Is syncmode enabled?
{Thu 00:28:47 Step:266} Server_Comm.py: Received a new packet while thinking!
{Thu 00:28:47 Step:268} Server_Comm.py: The agent lost 1 packet! Is syncmode enabled?
{Thu 00:28:47 Step:268} Server_Comm.py: Received a new packet while thinking!
{Thu 00:28:47 Step:271} Server_Comm.py: The agent lost 2 consecutive packets! Is syncmode disabled?
{Thu 00:28:47 Step:272} Server_Comm.py: Received a new packet while thinking!
{Thu 00:28:47 Step:274} Server_Comm.py: The agent lost 1 packet! Is syncmode enabled?
{Thu 00:28:47 Step:274} Server_Comm.py: Received a new packet while thinking!
{Thu 00:28:47 Step:277} Server_Comm.py: The agent lost 2 consecutive packets! Is syncmode disabled?
{Thu 00:28:47 Step:280} Server_Comm.py: The agent lost 2 consecutive packets! Is syncmode disabled?
{Thu 00:28:47 Step:283} Server_Comm.py: The agent lost 1 packet! Is syncmode enabled?
{Thu 00:28:47 Step:286} Server_Comm.py: The agent lost 1 packet! Is syncmode enabled?
{Thu 00:28:47 Step:287} Server_Comm.py: Received a new packet while thinking!
{Thu 00:28:47 Step:289} Server_Comm.py: The agent lost 1 packet! Is syncmode enabled?
{Thu 00:28:47 Step:289} Server_Comm.py: Received a new packet while thinking!
{Thu 00:28:47 Step:292} Server_Comm.py: The agent lost 2 consecutive packets! Is syncmode disabled?
{Thu 00:28:47 Step:295} Server_Comm.py: The agent lost 1 packet! Is syncmode enabled?
{Thu 00:28:47 Step:296} Server_Comm.py: Received a new packet while thinking!
{Thu 00:28:47 Step:298} Server_Comm.py: The agent lost 1 packet! Is syncmode enabled?
{Thu 00:28:47 Step:301} Server_Comm.py: The agent lost 2 consecutive packets! Is syncmode disabled?
{Thu 00:28:47 Step:304} Server_Comm.py: The agent lost 1 packet! Is syncmode enabled?
{Thu 00:28:47 Step:305} Server_Comm.py: Received a new packet while thinking!
{Thu 00:28:47 Step:307} Server_Comm.py: The agent lost 1 packet! Is syncmode enabled?
{Thu 00:28:47 Step:308} Server_Comm.py: Received a new packet while thinking!
{Thu 00:28:47 Step:310} Server_Comm.py: The agent lost 1 packet! Is syncmode enabled?
{Thu 00:28:48 Step:310} Server_Comm.py: Received a new packet while thinking!
{Thu 00:28:48 Step:313} Server_Comm.py: The agent lost 2 consecutive packets! Is syncmode disabled?
{Thu 00:28:48 Step:316} Server_Comm.py: The agent lost 1 packet! Is syncmode enabled?
{Thu 00:28:48 Step:317} Server_Comm.py: Received a new packet while thinking!
{Thu 00:28:48 Step:319} Server_Comm.py: The agent lost 1 packet! Is syncmode enabled?
{Thu 00:28:48 Step:319} Server_Comm.py: Received a new packet while thinking!
{Thu 00:28:48 Step:322} Server_Comm.py: The agent lost 2 consecutive packets! Is syncmode disabled?
{Thu 00:28:48 Step:322} Server_Comm.py: Received a new packet while thinking!
{Thu 00:28:48 Step:324} Server_Comm.py: The agent lost 1 packet! Is syncmode enabled?
{Thu 00:28:48 Step:324} Server_Comm.py: Received a new packet while thinking!
{Thu 00:28:48 Step:326} Server_Comm.py: The agent lost 1 packet! Is syncmode enabled?
{Thu 00:28:48 Step:327} Server_Comm.py: Received a new packet while thinking!
{Thu 00:28:48 Step:330} Server_Comm.py: The agent lost 1 packet! Is syncmode enabled?
{Thu 00:28:48 Step:330} Server_Comm.py: Received a new packet while thinking!
{Thu 00:28:48 Step:331} Server_Comm.py: Received a new packet while thinking!
{Thu 00:28:48 Step:333} Server_Comm.py: The agent lost 1 packet! Is syncmode enabled?
{Thu 00:28:48 Step:333} Server_Comm.py: Received a new packet while thinking!
{Thu 00:28:48 Step:334} Server_Comm.py: Received a new packet while thinking!
{Thu 00:28:48 Step:337} Server_Comm.py: The agent lost 2 consecutive packets! Is syncmode disabled?
{Thu 00:28:48 Step:340} Server_Comm.py: The agent lost 1 packet! Is syncmode enabled?
{Thu 00:28:48 Step:343} Server_Comm.py: The agent lost 1 packet! Is syncmode enabled?
{Thu 00:28:48 Step:344} Server_Comm.py: Received a new packet while thinking!
{Thu 00:28:48 Step:346} Server_Comm.py: The agent lost 1 packet! Is syncmode enabled?
{Thu 00:28:48 Step:347} Server_Comm.py: Received a new packet while thinking!
{Thu 00:28:48 Step:349} Server_Comm.py: The agent lost 1 packet! Is syncmode enabled?
{Thu 00:28:48 Step:350} Server_Comm.py: Received a new packet while thinking!
{Thu 00:28:48 Step:352} Server_Comm.py: The agent lost 1 packet! Is syncmode enabled?
{Thu 00:28:48 Step:353} Server_Comm.py: Received a new packet while thinking!
{Thu 00:28:48 Step:355} Server_Comm.py: The agent lost 1 packet! Is syncmode enabled?
{Thu 00:28:48 Step:357} Server_Comm.py: The agent lost 1 packet! Is syncmode enabled?
{Thu 00:28:48 Step:357} Server_Comm.py: Received a new packet while thinking!
{Thu 00:28:48 Step:358} Server_Comm.py: Received a new packet while thinking!
{Thu 00:28:48 Step:361} Server_Comm.py: The agent lost 2 consecutive packets! Is syncmode disabled?
{Thu 00:28:49 Step:362} Server_Comm.py: Received a new packet while thinking!
{Thu 00:28:49 Step:364} Server_Comm.py: The agent lost 1 packet! Is syncmode enabled?
{Thu 00:28:49 Step:365} Server_Comm.py: Received a new packet while thinking!
{Thu 00:28:49 Step:367} Server_Comm.py: The agent lost 1 packet! Is syncmode enabled?
{Thu 00:28:49 Step:367} Server_Comm.py: Received a new packet while thinking!
{Thu 00:28:49 Step:370} Server_Comm.py: The agent lost 2 consecutive packets! Is syncmode disabled?
{Thu 00:28:49 Step:370} Server_Comm.py: Received a new packet while thinking!
{Thu 00:28:49 Step:372} Server_Comm.py: The agent lost 1 packet! Is syncmode enabled?
{Thu 00:28:49 Step:372} Server_Comm.py: Received a new packet while thinking!
{Thu 00:28:49 Step:374} Server_Comm.py: The agent lost 1 packet! Is syncmode enabled?
{Thu 00:28:49 Step:375} Server_Comm.py: Received a new packet while thinking!
{Thu 00:28:49 Step:376} Server_Comm.py: Received a new packet while thinking!
{Thu 00:28:49 Step:378} Server_Comm.py: The agent lost 1 packet! Is syncmode enabled?
{Thu 00:28:49 Step:378} Server_Comm.py: Received a new packet while thinking!
{Thu 00:28:49 Step:380} Server_Comm.py: The agent lost 1 packet! Is syncmode enabled?
{Thu 00:28:49 Step:380} Server_Comm.py: Received a new packet while thinking!
{Thu 00:28:49 Step:381} Server_Comm.py: Received a new packet while thinking!
{Thu 00:28:49 Step:383} Server_Comm.py: The agent lost 1 packet! Is syncmode enabled?
{Thu 00:28:49 Step:383} Server_Comm.py: Received a new packet while thinking!
{Thu 00:28:49 Step:384} Server_Comm.py: Received a new packet while thinking!
{Thu 00:28:49 Step:386} Server_Comm.py: The agent lost 1 packet! Is syncmode enabled?
{Thu 00:28:49 Step:387} Server_Comm.py: Received a new packet while thinking!
{Thu 00:28:49 Step:389} Server_Comm.py: Received a new packet while thinking!
{Thu 00:28:49 Step:391} Server_Comm.py: The agent lost 1 packet! Is syncmode enabled?
{Thu 00:28:49 Step:391} Server_Comm.py: Received a new packet while thinking!
{Thu 00:28:49 Step:394} Server_Comm.py: The agent lost 2 consecutive packets! Is syncmode disabled?
{Thu 00:28:49 Step:395} Server_Comm.py: Received a new packet while thinking!
{Thu 00:28:49 Step:397} Server_Comm.py: The agent lost 1 packet! Is syncmode enabled?
{Thu 00:28:49 Step:398} Server_Comm.py: Received a new packet while thinking!
{Thu 00:28:49 Step:400} Server_Comm.py: The agent lost 1 packet! Is syncmode enabled?
{Thu 00:28:49 Step:401} Server_Comm.py: Received a new packet while thinking!
{Thu 00:28:49 Step:403} Server_Comm.py: The agent lost 1 packet! Is syncmode enabled?
{Thu 00:28:49 Step:403} Server_Comm.py: Received a new packet while thinking!
{Thu 00:28:49 Step:405} Server_Comm.py: The agent lost 1 packet! Is syncmode enabled?
{Thu 00:28:49 Step:405} Server_Comm.py: Received a new packet while thinking!
{Thu 00:28:49 Step:406} Server_Comm.py: Received a new packet while thinking!
{Thu 00:28:49 Step:408} Server_Comm.py: The agent lost 1 packet! Is syncmode enabled?
{Thu 00:28:49 Step:408} Server_Comm.py: Received a new packet while thinking!
{Thu 00:28:50 Step:410} Server_Comm.py: Received a new packet while thinking!
{Thu 00:28:50 Step:412} Server_Comm.py: The agent lost 1 packet! Is syncmode enabled?
{Thu 00:28:50 Step:413} Server_Comm.py: Received a new packet while thinking!
{Thu 00:28:50 Step:415} Server_Comm.py: The agent lost 1 packet! Is syncmode enabled?
{Thu 00:28:50 Step:416} Server_Comm.py: Received a new packet while thinking!
{Thu 00:28:50 Step:418} Server_Comm.py: The agent lost 1 packet! Is syncmode enabled?
{Thu 00:28:50 Step:419} Server_Comm.py: Received a new packet while thinking!
{Thu 00:28:50 Step:421} Server_Comm.py: The agent lost 1 packet! Is syncmode enabled?
{Thu 00:28:50 Step:421} Server_Comm.py: Received a new packet while thinking!
{Thu 00:28:50 Step:423} Server_Comm.py: The agent lost 1 packet! Is syncmode enabled?
{Thu 00:28:50 Step:423} Server_Comm.py: Received a new packet while thinking!
{Thu 00:28:50 Step:424} Server_Comm.py: Received a new packet while thinking!
{Thu 00:28:50 Step:426} Server_Comm.py: The agent lost 1 packet! Is syncmode enabled?
{Thu 00:28:50 Step:426} Server_Comm.py: Received a new packet while thinking!
{Thu 00:28:50 Step:427} Server_Comm.py: Received a new packet while thinking!
{Thu 00:28:50 Step:430} Server_Comm.py: The agent lost 2 consecutive packets! Is syncmode disabled?
{Thu 00:28:50 Step:433} Server_Comm.py: The agent lost 1 packet! Is syncmode enabled?
{Thu 00:28:50 Step:434} Server_Comm.py: Received a new packet while thinking!
{Thu 00:28:50 Step:436} Server_Comm.py: The agent lost 1 packet! Is syncmode enabled?
{Thu 00:28:50 Step:437} Server_Comm.py: Received a new packet while thinking!
{Thu 00:28:50 Step:439} Server_Comm.py: The agent lost 1 packet! Is syncmode enabled?
{Thu 00:28:50 Step:440} Server_Comm.py: Received a new packet while thinking!
{Thu 00:28:50 Step:442} Server_Comm.py: The agent lost 1 packet! Is syncmode enabled?
{Thu 00:28:50 Step:443} Server_Comm.py: Received a new packet while thinking!
{Thu 00:28:50 Step:445} Server_Comm.py: The agent lost 1 packet! Is syncmode enabled?
{Thu 00:28:50 Step:445} Server_Comm.py: Received a new packet while thinking!
{Thu 00:28:50 Step:447} Server_Comm.py: The agent lost 1 packet! Is syncmode enabled?
{Thu 00:28:50 Step:447} Server_Comm.py: Received a new packet while thinking!
{Thu 00:28:50 Step:448} Server_Comm.py: Received a new packet while thinking!
{Thu 00:28:50 Step:450} Server_Comm.py: The agent lost 1 packet! Is syncmode enabled?
{Thu 00:28:50 Step:450} Server_Comm.py: Received a new packet while thinking!
{Thu 00:28:50 Step:451} Server_Comm.py: Received a new packet while thinking!
{Thu 00:28:50 Step:453} Server_Comm.py: The agent lost 1 packet! Is syncmode enabled?
{Thu 00:28:50 Step:453} Server_Comm.py: Received a new packet while thinking!
{Thu 00:28:50 Step:455} Server_Comm.py: Received a new packet while thinking!
{Thu 00:28:50 Step:457} Server_Comm.py: The agent lost 1 packet! Is syncmode enabled?
{Thu 00:28:50 Step:457} Server_Comm.py: Received a new packet while thinking!
{Thu 00:28:50 Step:460} Server_Comm.py: The agent lost 2 consecutive packets! Is syncmode disabled?
{Thu 00:28:51 Step:463} Server_Comm.py: The agent lost 1 packet! Is syncmode enabled?
{Thu 00:28:51 Step:464} Server_Comm.py: Received a new packet while thinking!
{Thu 00:28:51 Step:467} Server_Comm.py: The agent lost 2 consecutive packets! Is syncmode disabled?
{Thu 00:28:51 Step:467} Server_Comm.py: Received a new packet while thinking!
{Thu 00:28:51 Step:469} Server_Comm.py: The agent lost 1 packet! Is syncmode enabled?
{Thu 00:28:51 Step:469} Server_Comm.py: Received a new packet while thinking!
{Thu 00:28:51 Step:471} Server_Comm.py: The agent lost 1 packet! Is syncmode enabled?
{Thu 00:28:51 Step:471} Server_Comm.py: Received a new packet while thinking!
{Thu 00:28:51 Step:473} Server_Comm.py: The agent lost 1 packet! Is syncmode enabled?
{Thu 00:28:51 Step:473} Server_Comm.py: Received a new packet while thinking!
{Thu 00:28:51 Step:476} Server_Comm.py: The agent lost 2 consecutive packets! Is syncmode disabled?
{Thu 00:28:51 Step:476} Server_Comm.py: Received a new packet while thinking!
{Thu 00:28:51 Step:478} Server_Comm.py: The agent lost 1 packet! Is syncmode enabled?
{Thu 00:28:51 Step:478} Server_Comm.py: Received a new packet while thinking!
{Thu 00:28:51 Step:480} Server_Comm.py: The agent lost 1 packet! Is syncmode enabled?
{Thu 00:28:51 Step:480} Server_Comm.py: Received a new packet while thinking!
{Thu 00:28:51 Step:482} Server_Comm.py: The agent lost 1 packet! Is syncmode enabled?
{Thu 00:28:51 Step:482} Server_Comm.py: Received a new packet while thinking!
{Thu 00:28:51 Step:484} Server_Comm.py: The agent lost 1 packet! Is syncmode enabled?
{Thu 00:28:51 Step:484} Server_Comm.py: Received a new packet while thinking!
{Thu 00:28:51 Step:486} Server_Comm.py: The agent lost 1 packet! Is syncmode enabled?
{Thu 00:28:51 Step:486} Server_Comm.py: Received a new packet while thinking!
{Thu 00:28:51 Step:488} Server_Comm.py: The agent lost 1 packet! Is syncmode enabled?
{Thu 00:28:51 Step:488} Server_Comm.py: Received a new packet while thinking!
{Thu 00:28:51 Step:490} Server_Comm.py: The agent lost 1 packet! Is syncmode enabled?
{Thu 00:28:51 Step:490} Server_Comm.py: Received a new packet while thinking!
{Thu 00:28:51 Step:492} Server_Comm.py: The agent lost 1 packet! Is syncmode enabled?
{Thu 00:28:51 Step:492} Server_Comm.py: Received a new packet while thinking!
{Thu 00:28:51 Step:494} Server_Comm.py: The agent lost 1 packet! Is syncmode enabled?
{Thu 00:28:51 Step:494} Server_Comm.py: Received a new packet while thinking!
{Thu 00:28:51 Step:496} Server_Comm.py: The agent lost 1 packet! Is syncmode enabled?
{Thu 00:28:51 Step:496} Server_Comm.py: Received a new packet while thinking!
{Thu 00:28:51 Step:499} Server_Comm.py: The agent lost 2 consecutive packets! Is syncmode disabled?
{Thu 00:28:51 Step:500} Server_Comm.py: Received a new packet while thinking!
{Thu 00:28:51 Step:502} Server_Comm.py: The agent lost 1 packet! Is syncmode enabled?
{Thu 00:28:51 Step:502} Server_Comm.py: Received a new packet while thinking!
{Thu 00:28:51 Step:505} Server_Comm.py: The agent lost 2 consecutive packets! Is syncmode disabled?
{Thu 00:28:51 Step:505} Server_Comm.py: Received a new packet while thinking!
{Thu 00:28:51 Step:508} Server_Comm.py: The agent lost 2 consecutive packets! Is syncmode disabled?
{Thu 00:28:51 Step:508} Server_Comm.py: Received a new packet while thinking!
{Thu 00:28:51 Step:510} Server_Comm.py: The agent lost 1 packet! Is syncmode enabled?
{Thu 00:28:52 Step:510} Server_Comm.py: Received a new packet while thinking!
{Thu 00:28:52 Step:512} Server_Comm.py: The agent lost 1 packet! Is syncmode enabled?
{Thu 00:28:52 Step:512} Server_Comm.py: Received a new packet while thinking!
{Thu 00:28:52 Step:514} Server_Comm.py: The agent lost 1 packet! Is syncmode enabled?
{Thu 00:28:52 Step:514} Server_Comm.py: Received a new packet while thinking!
{Thu 00:28:52 Step:515} Server_Comm.py: Received a new packet while thinking!
{Thu 00:28:52 Step:517} Server_Comm.py: The agent lost 1 packet! Is syncmode enabled?
{Thu 00:28:52 Step:517} Server_Comm.py: Received a new packet while thinking!
{Thu 00:28:52 Step:519} Server_Comm.py: The agent lost 1 packet! Is syncmode enabled?
{Thu 00:28:52 Step:523} Server_Comm.py: The agent lost 1 packet! Is syncmode enabled?
{Thu 00:28:52 Step:526} Server_Comm.py: The agent lost 1 packet! Is syncmode enabled?
{Thu 00:28:52 Step:527} Server_Comm.py: Received a new packet while thinking!
{Thu 00:28:52 Step:529} Server_Comm.py: The agent lost 1 packet! Is syncmode enabled?
{Thu 00:28:52 Step:534} Server_Comm.py: The agent lost 1 packet! Is syncmode enabled?
{Thu 00:28:52 Step:539} Server_Comm.py: The agent lost 1 packet! Is syncmode enabled?
{Thu 00:28:52 Step:541} Server_Comm.py: Received a new packet while thinking!
{Thu 00:28:52 Step:543} Server_Comm.py: The agent lost 1 packet! Is syncmode enabled?
{Thu 00:28:52 Step:547} Server_Comm.py: Received a new packet while thinking!
{Thu 00:28:52 Step:549} Server_Comm.py: The agent lost 1 packet! Is syncmode enabled?
{Thu 00:28:52 Step:555} Server_Comm.py: Received a new packet while thinking!
{Thu 00:28:52 Step:557} Server_Comm.py: The agent lost 1 packet! Is syncmode enabled?
{Thu 00:28:53 Step:588} Server_Comm.py: Received a new packet while thinking!
{Thu 00:28:53 Step:592} Server_Comm.py: Received a new packet while thinking!
{Thu 00:28:53 Step:594} Server_Comm.py: Received a new packet while thinking!
{Thu 00:28:53 Step:600} Server_Comm.py: Received a new packet while thinking!
{Thu 00:28:53 Step:609} Server_Comm.py: Received a new packet while thinking!
{Thu 00:28:54 Step:612} Server_Comm.py: Received a new packet while on world.update()!
{Thu 00:28:54 Step:618} Server_Comm.py: Received a new packet while thinking!
{Thu 00:28:54 Step:622} Server_Comm.py: The agent lost 1 packet! Is syncmode enabled?
{Thu 00:28:54 Step:625} Server_Comm.py: The agent lost 1 packet! Is syncmode enabled?
{Thu 00:28:54 Step:628} Server_Comm.py: The agent lost 1 packet! Is syncmode enabled?
{Thu 00:28:54 Step:631} Server_Comm.py: The agent lost 1 packet! Is syncmode enabled?
{Thu 00:28:54 Step:634} Server_Comm.py: The agent lost 1 packet! Is syncmode enabled?
{Thu 00:28:54 Step:637} Server_Comm.py: The agent lost 1 packet! Is syncmode enabled?
{Thu 00:28:54 Step:638} Server_Comm.py: Received a new packet while thinking!
{Thu 00:28:54 Step:640} Server_Comm.py: The agent lost 1 packet! Is syncmode enabled?
{Thu 00:28:54 Step:641} Server_Comm.py: Received a new packet while thinking!
{Thu 00:28:54 Step:643} Server_Comm.py: The agent lost 1 packet! Is syncmode enabled?
{Thu 00:28:54 Step:643} Server_Comm.py: Received a new packet while thinking!
{Thu 00:28:54 Step:645} Server_Comm.py: The agent lost 1 packet! Is syncmode enabled?
{Thu 00:28:54 Step:645} Server_Comm.py: Received a new packet while thinking!
{Thu 00:28:54 Step:647} Server_Comm.py: The agent lost 1 packet! Is syncmode enabled?
{Thu 00:28:54 Step:647} Server_Comm.py: Received a new packet while thinking!
{Thu 00:28:54 Step:649} Server_Comm.py: The agent lost 1 packet! Is syncmode enabled?
{Thu 00:28:54 Step:649} Server_Comm.py: Received a new packet while thinking!
{Thu 00:28:54 Step:651} Server_Comm.py: The agent lost 1 packet! Is syncmode enabled?
{Thu 00:28:54 Step:652} Server_Comm.py: Received a new packet while thinking!
{Thu 00:28:54 Step:653} Server_Comm.py: Received a new packet while thinking!
{Thu 00:28:54 Step:655} Server_Comm.py: The agent lost 1 packet! Is syncmode enabled?
{Thu 00:28:54 Step:656} Server_Comm.py: Received a new packet while thinking!
{Thu 00:28:54 Step:658} Server_Comm.py: The agent lost 1 packet! Is syncmode enabled?
{Thu 00:28:55 Step:658} Server_Comm.py: Received a new packet while thinking!
{Thu 00:28:55 Step:661} Server_Comm.py: The agent lost 2 consecutive packets! Is syncmode disabled?
{Thu 00:28:55 Step:664} Server_Comm.py: The agent lost 1 packet! Is syncmode enabled?
{Thu 00:28:55 Step:667} Server_Comm.py: The agent lost 1 packet! Is syncmode enabled?
{Thu 00:28:55 Step:669} Server_Comm.py: Received a new packet while thinking!
{Thu 00:28:55 Step:671} Server_Comm.py: The agent lost 1 packet! Is syncmode enabled?
{Thu 00:28:55 Step:671} Server_Comm.py: Received a new packet while thinking!
{Thu 00:28:55 Step:673} Server_Comm.py: The agent lost 1 packet! Is syncmode enabled?
{Thu 00:28:55 Step:675} Server_Comm.py: Received a new packet while thinking!
{Thu 00:28:55 Step:677} Server_Comm.py: The agent lost 1 packet! Is syncmode enabled?
{Thu 00:28:55 Step:680} Server_Comm.py: Received a new packet while thinking!
{Thu 00:28:55 Step:682} Server_Comm.py: The agent lost 1 packet! Is syncmode enabled?
{Thu 00:28:55 Step:686} Server_Comm.py: Received a new packet while thinking!
{Thu 00:28:55 Step:688} Server_Comm.py: The agent lost 1 packet! Is syncmode enabled?
{Thu 00:28:57 Step:768} Server_Comm.py: Received a new packet while thinking!
{Thu 00:28:57 Step:771} Server_Comm.py: Received a new packet while thinking!
{Thu 00:28:57 Step:774} Server_Comm.py: Received a new packet while thinking!
{Thu 00:28:57 Step:777} Server_Comm.py: Received a new packet while thinking!
{Thu 00:28:57 Step:780} Server_Comm.py: Received a new packet while thinking!
{Thu 00:28:57 Step:783} Server_Comm.py: Received a new packet while thinking!
{Thu 00:28:57 Step:786} Server_Comm.py: Received a new packet while thinking!
{Thu 00:28:57 Step:789} Server_Comm.py: Received a new packet while thinking!
{Thu 00:28:57 Step:793} Server_Comm.py: The agent lost 1 packet! Is syncmode enabled?
{Thu 00:28:58 Step:813} Server_Comm.py: Received a new packet while thinking!
{Thu 00:28:58 Step:817} Server_Comm.py: The agent lost 1 packet! Is syncmode enabled?
{Thu 00:28:58 Step:826} Server_Comm.py: Received a new packet while thinking!
{Thu 00:28:58 Step:832} Server_Comm.py: Received a new packet while thinking!
{Thu 00:28:58 Step:834} Server_Comm.py: Received a new packet while thinking!
{Thu 00:28:58 Step:837} Server_Comm.py: Received a new packet while thinking!
{Thu 00:28:58 Step:841} Server_Comm.py: The agent lost 1 packet! Is syncmode enabled?
{Thu 00:28:58 Step:855} Server_Comm.py: Received a new packet while thinking!
{Thu 00:28:58 Step:859} Server_Comm.py: The agent lost 1 packet! Is syncmode enabled?
{Thu 00:29:00 Step:921} Server_Comm.py: The agent lost 1 packet! Is syncmode enabled?
{Thu 00:29:00 Step:924} Server_Comm.py: The agent lost 1 packet! Is syncmode enabled?
{Thu 00:29:00 Step:927} Server_Comm.py: The agent lost 1 packet! Is syncmode enabled?
{Thu 00:29:00 Step:930} Server_Comm.py: The agent lost 1 packet! Is syncmode enabled?
{Thu 00:29:00 Step:933} Server_Comm.py: The agent lost 1 packet! Is syncmode enabled?
{Thu 00:29:00 Step:936} Server_Comm.py: The agent lost 1 packet! Is syncmode enabled?
{Thu 00:29:00 Step:937} Server_Comm.py: Received a new packet while thinking!
{Thu 00:29:00 Step:939} Server_Comm.py: The agent lost 1 packet! Is syncmode enabled?
{Thu 00:29:00 Step:939} Server_Comm.py: Received a new packet while thinking!
{Thu 00:29:00 Step:940} Server_Comm.py: Received a new packet while thinking!
{Thu 00:29:00 Step:942} Server_Comm.py: The agent lost 1 packet! Is syncmode enabled?
{Thu 00:29:00 Step:942} Server_Comm.py: Received a new packet while thinking!
{Thu 00:29:00 Step:943} Server_Comm.py: Received a new packet while thinking!
{Thu 00:29:00 Step:945} Server_Comm.py: The agent lost 1 packet! Is syncmode enabled?
{Thu 00:29:00 Step:945} Server_Comm.py: Received a new packet while thinking!
{Thu 00:29:00 Step:946} Server_Comm.py: Received a new packet while thinking!
{Thu 00:29:00 Step:949} Server_Comm.py: The agent lost 2 consecutive packets! Is syncmode disabled?
{Thu 00:29:00 Step:952} Server_Comm.py: The agent lost 1 packet! Is syncmode enabled?
{Thu 00:29:00 Step:953} Server_Comm.py: Received a new packet while thinking!
{Thu 00:29:00 Step:955} Server_Comm.py: The agent lost 1 packet! Is syncmode enabled?
{Thu 00:29:00 Step:955} Server_Comm.py: Received a new packet while thinking!
{Thu 00:29:00 Step:957} Server_Comm.py: The agent lost 1 packet! Is syncmode enabled?
{Thu 00:29:00 Step:957} Server_Comm.py: Received a new packet while thinking!
{Thu 00:29:01 Step:958} Server_Comm.py: Received a new packet while thinking!
{Thu 00:29:01 Step:961} Server_Comm.py: The agent lost 2 consecutive packets! Is syncmode disabled?
{Thu 00:29:01 Step:961} Server_Comm.py: Received a new packet while thinking!
{Thu 00:29:01 Step:963} Server_Comm.py: The agent lost 1 packet! Is syncmode enabled?
{Thu 00:29:01 Step:964} Server_Comm.py: Received a new packet while thinking!
{Thu 00:29:01 Step:967} Server_Comm.py: The agent lost 1 packet! Is syncmode enabled?
{Thu 00:29:01 Step:970} Server_Comm.py: The agent lost 1 packet! Is syncmode enabled?
{Thu 00:29:01 Step:973} Server_Comm.py: The agent lost 1 packet! Is syncmode enabled?
{Thu 00:29:01 Step:976} Server_Comm.py: The agent lost 1 packet! Is syncmode enabled?
{Thu 00:29:01 Step:978} Server_Comm.py: Received a new packet while thinking!
{Thu 00:29:01 Step:979} Server_Comm.py: Received a new packet while thinking!
{Thu 00:29:01 Step:981} Server_Comm.py: The agent lost 1 packet! Is syncmode enabled?
{Thu 00:29:01 Step:981} Server_Comm.py: Received a new packet while thinking!
{Thu 00:29:01 Step:985} Server_Comm.py: The agent lost 1 packet! Is syncmode enabled?
{Thu 00:29:01 Step:988} Server_Comm.py: The agent lost 1 packet! Is syncmode enabled?
{Thu 00:29:01 Step:990} Server_Comm.py: Received a new packet while thinking!
{Thu 00:29:01 Step:994} Server_Comm.py: The agent lost 1 packet! Is syncmode enabled?
{Thu 00:29:01 Step:997} Server_Comm.py: The agent lost 1 packet! Is syncmode enabled?
{Thu 00:29:01 Step:1003} Server_Comm.py: Received a new packet while thinking!
{Thu 00:29:02 Step:1032} Server_Comm.py: Received a new packet while thinking!
{Thu 00:29:02 Step:1035} Server_Comm.py: Received a new packet while thinking!
{Thu 00:29:02 Step:1039} Server_Comm.py: The agent lost 1 packet! Is syncmode enabled?
{Thu 00:29:02 Step:1044} Server_Comm.py: Received a new packet while thinking!
{Thu 00:29:02 Step:1046} Server_Comm.py: Received a new packet while thinking!
{Thu 00:29:02 Step:1048} Server_Comm.py: The agent lost 1 packet! Is syncmode enabled?
{Thu 00:29:02 Step:1050} Server_Comm.py: Received a new packet while thinking!
{Thu 00:29:02 Step:1054} Server_Comm.py: The agent lost 1 packet! Is syncmode enabled?
{Thu 00:29:02 Step:1056} Server_Comm.py: Received a new packet while thinking!
{Thu 00:29:03 Step:1060} Server_Comm.py: The agent lost 1 packet! Is syncmode enabled?
{Thu 00:29:03 Step:1062} Server_Comm.py: Received a new packet while thinking!
{Thu 00:29:03 Step:1064} Server_Comm.py: Received a new packet while thinking!
{Thu 00:29:03 Step:1066} Server_Comm.py: The agent lost 1 packet! Is syncmode enabled?
{Thu 00:29:03 Step:1067} Server_Comm.py: Received a new packet while thinking!
{Thu 00:29:03 Step:1069} Server_Comm.py: The agent lost 1 packet! Is syncmode enabled?
{Thu 00:29:03 Step:1070} Server_Comm.py: Received a new packet while thinking!
{Thu 00:29:03 Step:1072} Server_Comm.py: The agent lost 1 packet! Is syncmode enabled?
{Thu 00:29:03 Step:1073} Server_Comm.py: Received a new packet while thinking!
{Thu 00:29:03 Step:1075} Server_Comm.py: The agent lost 1 packet! Is syncmode enabled?
{Thu 00:29:03 Step:1075} Server_Comm.py: Received a new packet while thinking!
{Thu 00:29:03 Step:1077} Server_Comm.py: The agent lost 1 packet! Is syncmode enabled?
{Thu 00:29:03 Step:1077} Server_Comm.py: Received a new packet while thinking!
{Thu 00:29:03 Step:1078} Server_Comm.py: Received a new packet while thinking!
{Thu 00:29:03 Step:1081} Server_Comm.py: The agent lost 2 consecutive packets! Is syncmode disabled?
{Thu 00:29:03 Step:1084} Server_Comm.py: The agent lost 1 packet! Is syncmode enabled?
{Thu 00:29:03 Step:1087} Server_Comm.py: The agent lost 1 packet! Is syncmode enabled?
{Thu 00:29:03 Step:1090} Server_Comm.py: The agent lost 1 packet! Is syncmode enabled?
{Thu 00:29:03 Step:1093} Server_Comm.py: Received a new packet while thinking!
{Thu 00:29:03 Step:1095} Server_Comm.py: The agent lost 1 packet! Is syncmode enabled?
{Thu 00:29:03 Step:1097} Server_Comm.py: Received a new packet while thinking!
{Thu 00:29:03 Step:1099} Server_Comm.py: The agent lost 1 packet! Is syncmode enabled?
{Thu 00:29:03 Step:1100} Server_Comm.py: Received a new packet while thinking!
{Thu 00:29:03 Step:1102} Server_Comm.py: The agent lost 1 packet! Is syncmode enabled?
{Thu 00:29:03 Step:1103} Server_Comm.py: Received a new packet while thinking!
{Thu 00:29:03 Step:1105} Server_Comm.py: The agent lost 1 packet! Is syncmode enabled?
{Thu 00:29:03 Step:1106} Server_Comm.py: Received a new packet while thinking!
{Thu 00:29:04 Step:1108} Server_Comm.py: The agent lost 1 packet! Is syncmode enabled?
{Thu 00:29:04 Step:1109} Server_Comm.py: Received a new packet while thinking!
{Thu 00:29:04 Step:1111} Server_Comm.py: The agent lost 1 packet! Is syncmode enabled?
{Thu 00:29:04 Step:1113} Server_Comm.py: Received a new packet while thinking!
{Thu 00:29:04 Step:1115} Server_Comm.py: The agent lost 1 packet! Is syncmode enabled?
{Thu 00:29:04 Step:1123} Server_Comm.py: Received a new packet while thinking!
{Thu 00:29:04 Step:1125} Server_Comm.py: The agent lost 1 packet! Is syncmode enabled?
{Thu 00:29:06 Step:1241} Server_Comm.py: Received a new packet while thinking!
{Thu 00:29:06 Step:1243} Server_Comm.py: The agent lost 1 packet! Is syncmode enabled?
{Thu 00:29:06 Step:1253} Server_Comm.py: The agent lost 1 packet! Is syncmode enabled?
{Thu 00:29:07 Step:1264} Server_Comm.py: Received a new packet while thinking!
{Thu 00:29:07 Step:1266} Server_Comm.py: The agent lost 1 packet! Is syncmode enabled?
{Thu 00:29:09 Step:1376} Server_Comm.py: Received a new packet while thinking!
{Thu 00:29:09 Step:1378} Server_Comm.py: The agent lost 1 packet! Is syncmode enabled?
{Thu 00:29:09 Step:1381} Server_Comm.py: Received a new packet while thinking!
{Thu 00:29:09 Step:1383} Server_Comm.py: The agent lost 1 packet! Is syncmode enabled?
{Thu 00:29:09 Step:1386} Server_Comm.py: Received a new packet while thinking!
{Thu 00:29:09 Step:1388} Server_Comm.py: The agent lost 1 packet! Is syncmode enabled?
{Thu 00:29:09 Step:1393} Server_Comm.py: Received a new packet while thinking!
{Thu 00:29:09 Step:1395} Server_Comm.py: The agent lost 1 packet! Is syncmode enabled?
{Thu 00:29:09 Step:1401} Server_Comm.py: The agent lost 1 packet! Is syncmode enabled?
{Thu 00:29:09 Step:1403} Server_Comm.py: Received a new packet while thinking!
{Thu 00:29:09 Step:1405} Server_Comm.py: The agent lost 1 packet! Is syncmode enabled?
{Thu 00:29:10 Step:1407} Server_Comm.py: The agent lost 1 packet! Is syncmode enabled?
{Thu 00:29:10 Step:1407} Server_Comm.py: Received a new packet while thinking!
{Thu 00:29:10 Step:1409} Server_Comm.py: Received a new packet while thinking!
{Thu 00:29:10 Step:1411} Server_Comm.py: The agent lost 1 packet! Is syncmode enabled?
{Thu 00:29:10 Step:1412} Server_Comm.py: Received a new packet while thinking!
{Thu 00:29:10 Step:1414} Server_Comm.py: The agent lost 1 packet! Is syncmode enabled?
{Thu 00:29:10 Step:1416} Server_Comm.py: Received a new packet while thinking!
{Thu 00:29:10 Step:1418} Server_Comm.py: The agent lost 1 packet! Is syncmode enabled?
{Thu 00:29:10 Step:1421} Server_Comm.py: The agent lost 1 packet! Is syncmode enabled?
{Thu 00:29:10 Step:1423} Server_Comm.py: Received a new packet while thinking!
{Thu 00:29:10 Step:1425} Server_Comm.py: The agent lost 1 packet! Is syncmode enabled?
{Thu 00:29:10 Step:1427} Server_Comm.py: Received a new packet while thinking!
{Thu 00:29:10 Step:1429} Server_Comm.py: The agent lost 1 packet! Is syncmode enabled?
{Thu 00:29:10 Step:1431} Server_Comm.py: Received a new packet while thinking!
{Thu 00:29:10 Step:1433} Server_Comm.py: The agent lost 1 packet! Is syncmode enabled?
{Thu 00:29:10 Step:1437} Server_Comm.py: The agent lost 1 packet! Is syncmode enabled?
{Thu 00:29:10 Step:1440} Server_Comm.py: Received a new packet while thinking!
{Thu 00:29:10 Step:1442} Server_Comm.py: The agent lost 1 packet! Is syncmode enabled?
{Thu 00:29:10 Step:1444} Server_Comm.py: Received a new packet while thinking!
{Thu 00:29:10 Step:1446} Server_Comm.py: The agent lost 1 packet! Is syncmode enabled?
{Thu 00:29:10 Step:1447} Server_Comm.py: Received a new packet while thinking!
{Thu 00:29:10 Step:1449} Server_Comm.py: The agent lost 1 packet! Is syncmode enabled?
{Thu 00:29:10 Step:1451} Server_Comm.py: Received a new packet while thinking!
{Thu 00:29:10 Step:1453} Server_Comm.py: The agent lost 1 packet! Is syncmode enabled?
{Thu 00:29:10 Step:1454} Server_Comm.py: Received a new packet while thinking!
{Thu 00:29:11 Step:1456} Server_Comm.py: The agent lost 1 packet! Is syncmode enabled?
{Thu 00:29:11 Step:1459} Server_Comm.py: Received a new packet while thinking!
{Thu 00:29:11 Step:1461} Server_Comm.py: The agent lost 1 packet! Is syncmode enabled?
{Thu 00:29:11 Step:1462} Server_Comm.py: Received a new packet while thinking!
{Thu 00:29:11 Step:1464} Server_Comm.py: The agent lost 1 packet! Is syncmode enabled?
{Thu 00:29:11 Step:1467} Server_Comm.py: The agent lost 1 packet! Is syncmode enabled?
{Thu 00:29:11 Step:1471} Server_Comm.py: The agent lost 1 packet! Is syncmode enabled?
{Thu 00:29:11 Step:1475} Server_Comm.py: Received a new packet while thinking!
{Thu 00:29:11 Step:1477} Server_Comm.py: The agent lost 1 packet! Is syncmode enabled?
{Thu 00:29:11 Step:1496} Server_Comm.py: Received a new packet while thinking!
{Thu 00:29:11 Step:1498} Server_Comm.py: The agent lost 1 packet! Is syncmode enabled?
