{Mon 23:47:22 Step:181} Server_Comm.py: Received a new packet while thinking!
{Mon 23:47:22 Step:187} Server_Comm.py: Received a new packet while thinking!
{Mon 23:47:22 Step:189} Server_Comm.py: Received a new packet while thinking!
{Mon 23:47:23 Step:231} Server_Comm.py: Received a new packet while thinking!
{Mon 23:47:25 Step:337} Server_Comm.py: Received a new packet while thinking!
{Mon 23:47:28 Step:511} Server_Comm.py: Received a new packet while thinking!
{Mon 23:47:29 Step:555} Server_Comm.py: Received a new packet while thinking!
{Mon 23:47:29 Step:565} Server_Comm.py: Received a new packet while thinking!
{Mon 23:47:30 Step:577} Server_Comm.py: Received a new packet while thinking!
{Mon 23:47:31 Step:628} Server_Comm.py: Received a new packet while thinking!
{Mon 23:47:47 Step:1447} Server_Comm.py: Received a new packet while thinking!
{Mon 23:47:47 Step:1450} Server_Comm.py: Received a new packet while thinking!
{Mon 23:47:47 Step:1453} Server_Comm.py: Received a new packet while thinking!
{Mon 23:47:49 Step:1521} Server_Comm.py: Received a new packet while thinking!
{Mon 23:47:50 Step:1565} Server_Comm.py: Received a new packet while thinking!
{Mon 23:47:51 Step:1636} Server_Comm.py: Received a new packet while thinking!
{Mon 23:47:52 Step:1695} Server_Comm.py: Received a new packet while thinking!
{Mon 23:47:52 Step:1698} Server_Comm.py: Received a new packet while thinking!
{Mon 23:47:52 Step:1705} Server_Comm.py: Received a new packet while thinking!
{Mon 23:47:52 Step:1707} Server_Comm.py: Received a new packet while thinking!
{Mon 23:47:52 Step:1708} Server_Comm.py: Received a new packet while thinking!
{Mon 23:47:52 Step:1710} Server_Comm.py: The agent lost 1 packet! Is syncmode enabled?
{Mon 23:47:53 Step:1710} Server_Comm.py: Received a new packet while thinking!
{Mon 23:47:53 Step:1711} Server_Comm.py: Received a new packet while thinking!
{Mon 23:47:53 Step:1712} Server_Comm.py: Received a new packet while thinking!
{Mon 23:47:53 Step:1714} Server_Comm.py: Received a new packet while thinking!
{Mon 23:47:53 Step:1716} Server_Comm.py: Received a new packet while thinking!
{Mon 23:47:53 Step:1719} Server_Comm.py: Received a new packet while thinking!
{Mon 23:47:53 Step:1722} Server_Comm.py: Received a new packet while thinking!
{Mon 23:47:53 Step:1729} Server_Comm.py: Received a new packet while thinking!
{Mon 23:47:53 Step:1747} Server_Comm.py: Received a new packet while thinking!
{Mon 23:47:54 Step:1765} Server_Comm.py: Received a new packet while thinking!
{Mon 23:47:54 Step:1785} Server_Comm.py: Received a new packet while thinking!
{Mon 23:47:55 Step:1813} Server_Comm.py: Received a new packet while thinking!
{Mon 23:47:55 Step:1843} Server_Comm.py: Received a new packet while thinking!
{Mon 23:47:55 Step:1845} Server_Comm.py: Received a new packet while thinking!
{Mon 23:47:56 Step:1861} Server_Comm.py: Received a new packet while thinking!
{Mon 23:47:56 Step:1863} Server_Comm.py: Received a new packet while thinking!
{Mon 23:47:56 Step:1869} Server_Comm.py: Received a new packet while thinking!
{Mon 23:47:56 Step:1875} Server_Comm.py: Received a new packet while thinking!
{Mon 23:47:56 Step:1878} Server_Comm.py: Received a new packet while thinking!
{Mon 23:47:56 Step:1885} Server_Comm.py: Received a new packet while thinking!
{Mon 23:47:56 Step:1887} Server_Comm.py: Received a new packet while thinking!
{Mon 23:47:56 Step:1890} Server_Comm.py: Received a new packet while thinking!
{Mon 23:47:56 Step:1903} Server_Comm.py: Received a new packet while thinking!
{Mon 23:47:56 Step:1906} Server_Comm.py: Received a new packet while thinking!
{Mon 23:47:57 Step:1909} Server_Comm.py: Received a new packet while thinking!
{Mon 23:47:58 Step:1984} Server_Comm.py: Received a new packet while thinking!
{Mon 23:47:58 Step:2005} Server_Comm.py: Received a new packet while thinking!
{Mon 23:48:00 Step:2061} Server_Comm.py: Received a new packet while thinking!
{Mon 23:48:01 Step:2113} Server_Comm.py: Received a new packet while thinking!
{Mon 23:48:01 Step:2152} Server_Comm.py: Received a new packet while thinking!
{Mon 23:48:06 Step:2404} Server_Comm.py: Received a new packet while thinking!
{Mon 23:48:06 Step:2406} Server_Comm.py: Received a new packet while thinking!
{Mon 23:48:07 Step:2409} Server_Comm.py: Received a new packet while thinking!
{Mon 23:48:07 Step:2411} Server_Comm.py: Received a new packet while thinking!
{Mon 23:48:07 Step:2413} Server_Comm.py: The agent lost 1 packet! Is syncmode enabled?
{Mon 23:48:07 Step:2415} Server_Comm.py: The agent lost 1 packet! Is syncmode enabled?
{Mon 23:48:07 Step:2415} Server_Comm.py: Received a new packet while thinking!
{Mon 23:48:07 Step:2418} Server_Comm.py: Received a new packet while thinking!
{Mon 23:48:08 Step:2494} Server_Comm.py: Received a new packet while thinking!
{Mon 23:48:15 Step:2827} Server_Comm.py: The agent lost 1 packet! Is syncmode enabled?
{Mon 23:48:15 Step:2827} Server_Comm.py: Received a new packet while thinking!
{Mon 23:48:15 Step:2830} Server_Comm.py: The agent lost 1 packet! Is syncmode enabled?
{Mon 23:48:26 Step:3382} Server_Comm.py: Received a new packet while thinking!
{Mon 23:48:41 Step:4141} Server_Comm.py: Received a new packet while thinking!
{Mon 23:48:45 Step:4327} Server_Comm.py: Received a new packet while thinking!
{Mon 23:48:45 Step:4329} Server_Comm.py: Received a new packet while thinking!
{Mon 23:48:45 Step:4333} Server_Comm.py: The agent lost 1 packet! Is syncmode enabled?
{Mon 23:48:46 Step:4345} Server_Comm.py: Received a new packet while thinking!
{Mon 23:48:46 Step:4347} Server_Comm.py: Received a new packet while thinking!
{Mon 23:48:46 Step:4351} Server_Comm.py: Received a new packet while thinking!
{Mon 23:48:46 Step:4352} Server_Comm.py: Received a new packet while thinking!
{Mon 23:48:46 Step:4354} Server_Comm.py: The agent lost 1 packet! Is syncmode enabled?
{Mon 23:48:46 Step:4356} Server_Comm.py: Received a new packet while thinking!
{Mon 23:48:46 Step:4360} Server_Comm.py: Received a new packet while thinking!
{Mon 23:48:46 Step:4362} Server_Comm.py: Received a new packet while thinking!
{Mon 23:48:46 Step:4365} Server_Comm.py: Received a new packet while thinking!
{Mon 23:48:47 Step:4431} Server_Comm.py: Received a new packet while thinking!
{Mon 23:48:48 Step:4453} Server_Comm.py: Received a new packet while thinking!
{Mon 23:48:49 Step:4492} Server_Comm.py: Received a new packet while thinking!
{Mon 23:48:49 Step:4494} Server_Comm.py: Received a new packet while thinking!
{Mon 23:48:49 Step:4507} Server_Comm.py: Received a new packet while thinking!
{Mon 23:48:49 Step:4539} Server_Comm.py: Received a new packet while thinking!
{Mon 23:48:50 Step:4540} Server_Comm.py: Received a new packet while thinking!
{Mon 23:48:50 Step:4543} Server_Comm.py: The agent lost 2 consecutive packets! Is syncmode disabled?
{Mon 23:48:50 Step:4543} Server_Comm.py: Received a new packet while thinking!
{Mon 23:48:50 Step:4544} Server_Comm.py: Received a new packet while thinking!
{Mon 23:48:50 Step:4546} Server_Comm.py: The agent lost 1 packet! Is syncmode enabled?
{Mon 23:48:50 Step:4569} Server_Comm.py: Received a new packet while thinking!
{Mon 23:48:50 Step:4572} Server_Comm.py: Received a new packet while thinking!
{Mon 23:48:50 Step:4575} Server_Comm.py: Received a new packet while thinking!
{Mon 23:48:53 Step:4732} Server_Comm.py: Received a new packet while thinking!
{Mon 23:48:53 Step:4735} Server_Comm.py: The agent lost 1 packet! Is syncmode enabled?
{Mon 23:48:54 Step:4737} Server_Comm.py: Received a new packet while thinking!
{Mon 23:48:54 Step:4767} Server_Comm.py: Received a new packet while thinking!
{Mon 23:48:54 Step:4783} Server_Comm.py: Received a new packet while thinking!
{Mon 23:48:55 Step:4785} Server_Comm.py: Received a new packet while thinking!
{Mon 23:48:55 Step:4788} Server_Comm.py: Received a new packet while thinking!
{Mon 23:49:04 Step:5238} Server_Comm.py: Received a new packet while thinking!
{Mon 23:49:04 Step:5240} Server_Comm.py: Received a new packet while thinking!
{Mon 23:49:04 Step:5242} Server_Comm.py: The agent lost 1 packet! Is syncmode enabled?
{Mon 23:49:04 Step:5244} Server_Comm.py: Received a new packet while thinking!
{Mon 23:49:04 Step:5248} Server_Comm.py: The agent lost 1 packet! Is syncmode enabled?
{Mon 23:49:08 Step:5457} Server_Comm.py: Received a new packet while thinking!
{Mon 23:49:08 Step:5458} Server_Comm.py: Received a new packet while on world.update()!
{Mon 23:49:08 Step:5460} Server_Comm.py: The agent lost 1 packet! Is syncmode enabled?
{Mon 23:49:08 Step:5462} Server_Comm.py: The agent lost 1 packet! Is syncmode enabled?
{Mon 23:49:08 Step:5464} Server_Comm.py: The agent lost 1 packet! Is syncmode enabled?
{Mon 23:49:08 Step:5465} Server_Comm.py: Received a new packet while thinking!
{Mon 23:49:08 Step:5467} Server_Comm.py: The agent lost 1 packet! Is syncmode enabled?
{Mon 23:49:08 Step:5467} Server_Comm.py: Received a new packet while thinking!
{Mon 23:49:08 Step:5469} Server_Comm.py: The agent lost 1 packet! Is syncmode enabled?
{Mon 23:49:08 Step:5469} Server_Comm.py: Received a new packet while thinking!
{Mon 23:49:08 Step:5470} Server_Comm.py: Received a new packet while thinking!
{Mon 23:49:08 Step:5471} Server_Comm.py: Received a new packet while thinking!
{Mon 23:49:09 Step:5490} Server_Comm.py: Received a new packet while thinking!
{Mon 23:49:38 Step:6942} Server_Comm.py: Received a new packet while thinking!
{Mon 23:49:53 Step:7672} Server_Comm.py: Received a new packet while thinking!
{Mon 23:49:59 Step:7999} Server_Comm.py: Received a new packet while thinking!
{Mon 23:50:00 Step:8025} Server_Comm.py: Received a new packet while thinking!
{Mon 23:50:01 Step:8077} Server_Comm.py: Received a new packet while thinking!
{Mon 23:50:07 Step:8370} Server_Comm.py: Received a new packet while thinking!
{Mon 23:50:15 Step:8766} Server_Comm.py: Received a new packet while thinking!
{Mon 23:50:15 Step:8769} Server_Comm.py: Received a new packet while thinking!
{Mon 23:50:15 Step:8771} Server_Comm.py: Received a new packet while thinking!
{Mon 23:50:15 Step:8773} Server_Comm.py: The agent lost 1 packet! Is syncmode enabled?
{Mon 23:50:15 Step:8773} Server_Comm.py: Received a new packet while thinking!
{Mon 23:50:15 Step:8776} Server_Comm.py: The agent lost 2 consecutive packets! Is syncmode disabled?
{Mon 23:50:15 Step:8776} Server_Comm.py: Received a new packet while thinking!
{Mon 23:50:15 Step:8778} Server_Comm.py: The agent lost 1 packet! Is syncmode enabled?
{Mon 23:50:15 Step:8778} Server_Comm.py: Received a new packet while thinking!
{Mon 23:50:15 Step:8779} Server_Comm.py: Received a new packet while thinking!
{Mon 23:50:16 Step:8812} Server_Comm.py: The agent lost 1 packet! Is syncmode enabled?
{Mon 23:50:16 Step:8814} Server_Comm.py: Received a new packet while thinking!
{Mon 23:50:25 Step:9255} Server_Comm.py: Received a new packet while thinking!
{Mon 23:50:49 Step:10459} Server_Comm.py: Received a new packet while thinking!
{Mon 23:51:42 Step:13069} Server_Comm.py: Received a new packet while thinking!
{Mon 23:51:42 Step:13116} Server_Comm.py: Received a new packet while thinking!
{Mon 23:51:43 Step:13119} Server_Comm.py: Received a new packet while thinking!
{Mon 23:51:43 Step:13122} Server_Comm.py: Received a new packet while thinking!
{Mon 23:51:43 Step:13141} Server_Comm.py: Received a new packet while thinking!
{Mon 23:51:44 Step:13171} Server_Comm.py: Received a new packet while thinking!
{Mon 23:51:47 Step:13327} World_Parser.py: Received field line with NaNs [   nan    nan    nan  13.69   3.84 -60.04]
{Mon 23:51:53 Step:13623} Server_Comm.py: Received a new packet while thinking!
{Mon 23:51:53 Step:13624} Server_Comm.py: Received a new packet while thinking!
{Mon 23:51:53 Step:13626} Server_Comm.py: The agent lost 1 packet! Is syncmode enabled?
{Mon 23:52:03 Step:14116} Server_Comm.py: Received a new packet while thinking!
{Mon 23:52:09 Step:14455} Server_Comm.py: Received a new packet while thinking!
{Mon 23:52:12 Step:14569} Server_Comm.py: Received a new packet while thinking!
{Mon 23:52:12 Step:14599} Server_Comm.py: Received a new packet while thinking!
{Mon 23:52:13 Step:14611} Server_Comm.py: Received a new packet while thinking!
{Mon 23:52:13 Step:14620} Server_Comm.py: Received a new packet while thinking!
{Mon 23:52:13 Step:14641} Server_Comm.py: Received a new packet while thinking!
{Mon 23:52:16 Step:14761} Server_Comm.py: Received a new packet while thinking!
{Mon 23:52:16 Step:14779} Server_Comm.py: Received a new packet while thinking!
{Mon 23:52:16 Step:14781} Server_Comm.py: Received a new packet while thinking!
{Mon 23:52:16 Step:14785} Server_Comm.py: Received a new packet while thinking!
{Mon 23:52:16 Step:14787} Server_Comm.py: Received a new packet while thinking!
{Mon 23:52:16 Step:14791} Server_Comm.py: The agent lost 1 packet! Is syncmode enabled?
{Mon 23:52:17 Step:14845} Server_Comm.py: Received a new packet while thinking!
{Mon 23:52:17 Step:14848} Server_Comm.py: Received a new packet while thinking!
{Mon 23:52:18 Step:14874} Server_Comm.py: Received a new packet while thinking!
{Mon 23:52:18 Step:14887} Server_Comm.py: Received a new packet while thinking!
{Mon 23:52:18 Step:14889} Server_Comm.py: Received a new packet while thinking!
{Mon 23:52:18 Step:14893} Server_Comm.py: Received a new packet while thinking!
{Mon 23:52:19 Step:14905} Server_Comm.py: Received a new packet while thinking!
{Mon 23:52:20 Step:14979} Server_Comm.py: Received a new packet while thinking!
{Mon 23:52:24 Step:15184} Server_Comm.py: Received a new packet while thinking!
{Mon 23:52:24 Step:15199} Server_Comm.py: Received a new packet while thinking!
{Mon 23:52:25 Step:15241} Server_Comm.py: Received a new packet while thinking!
{Mon 23:52:26 Step:15259} Server_Comm.py: Received a new packet while thinking!
{Mon 23:52:26 Step:15271} Server_Comm.py: Received a new packet while thinking!
{Mon 23:52:28 Step:15358} Server_Comm.py: Received a new packet while thinking!
{Mon 23:52:33 Step:15622} Server_Comm.py: Received a new packet while thinking!
{Mon 23:52:35 Step:15703} Server_Comm.py: Received a new packet while thinking!
{Mon 23:52:38 Step:15873} Server_Comm.py: Received a new packet while thinking!
{Mon 23:52:38 Step:15885} Server_Comm.py: Received a new packet while thinking!
{Mon 23:52:38 Step:15895} Server_Comm.py: Received a new packet while thinking!
{Mon 23:52:39 Step:15907} Server_Comm.py: Received a new packet while thinking!
{Mon 23:52:39 Step:15931} Server_Comm.py: Received a new packet while thinking!
{Mon 23:52:39 Step:15937} Server_Comm.py: Received a new packet while thinking!
{Mon 23:52:39 Step:15943} Server_Comm.py: Received a new packet while thinking!
{Mon 23:52:40 Step:15945} Server_Comm.py: Received a new packet while thinking!
{Mon 23:52:40 Step:15949} Server_Comm.py: Received a new packet while thinking!
{Mon 23:52:40 Step:15951} Server_Comm.py: Received a new packet while thinking!
{Mon 23:52:40 Step:15955} Server_Comm.py: Received a new packet while thinking!
{Mon 23:52:40 Step:15967} Server_Comm.py: Received a new packet while thinking!
{Mon 23:52:40 Step:15991} Server_Comm.py: Received a new packet while thinking!
{Mon 23:52:41 Step:15997} Server_Comm.py: Received a new packet while thinking!
{Mon 23:52:41 Step:16003} Server_Comm.py: Received a new packet while thinking!
{Mon 23:52:41 Step:16005} Server_Comm.py: Received a new packet while thinking!
{Mon 23:52:41 Step:16009} Server_Comm.py: Received a new packet while thinking!
{Mon 23:52:42 Step:16057} Server_Comm.py: Received a new packet while thinking!
{Mon 23:52:44 Step:16180} Server_Comm.py: Received a new packet while thinking!
{Mon 23:52:45 Step:16215} Server_Comm.py: Received a new packet while thinking!
{Mon 23:52:45 Step:16219} Server_Comm.py: Received a new packet while thinking!
{Mon 23:52:45 Step:16225} Server_Comm.py: Received a new packet while thinking!
{Mon 23:52:46 Step:16255} Server_Comm.py: Received a new packet while thinking!
{Mon 23:52:47 Step:16324} Server_Comm.py: Received a new packet while thinking!
{Mon 23:52:47 Step:16330} Server_Comm.py: Received a new packet while thinking!
{Mon 23:52:48 Step:16372} Server_Comm.py: Received a new packet while thinking!
{Mon 23:52:48 Step:16375} Server_Comm.py: Received a new packet while thinking!
{Mon 23:52:50 Step:16477} Server_Comm.py: Received a new packet while thinking!
{Mon 23:52:51 Step:16495} Server_Comm.py: Received a new packet while thinking!
{Mon 23:52:52 Step:16561} Server_Comm.py: Received a new packet while thinking!
{Mon 23:52:52 Step:16573} Server_Comm.py: Received a new packet while thinking!
{Mon 23:52:52 Step:16579} Server_Comm.py: Received a new packet while thinking!
{Mon 23:52:54 Step:16653} Server_Comm.py: Received a new packet while thinking!
{Mon 23:52:55 Step:16701} Server_Comm.py: Received a new packet while thinking!
{Mon 23:52:57 Step:16833} Server_Comm.py: Received a new packet while thinking!
{Mon 23:52:57 Step:16837} Server_Comm.py: The agent lost 1 packet! Is syncmode enabled?
{Mon 23:52:57 Step:16839} Server_Comm.py: Received a new packet while thinking!
{Mon 23:52:58 Step:16845} Server_Comm.py: Received a new packet while thinking!
{Mon 23:52:58 Step:16849} Server_Comm.py: The agent lost 1 packet! Is syncmode enabled?
{Mon 23:52:58 Step:16851} Server_Comm.py: Received a new packet while thinking!
{Mon 23:52:59 Step:16897} Server_Comm.py: Received a new packet while thinking!
{Mon 23:52:59 Step:16900} Server_Comm.py: Received a new packet while thinking!
{Mon 23:52:59 Step:16909} Server_Comm.py: Received a new packet while thinking!
{Mon 23:53:00 Step:16969} Server_Comm.py: Received a new packet while thinking!
{Mon 23:53:03 Step:17107} Server_Comm.py: Received a new packet while thinking!
{Mon 23:53:03 Step:17113} Server_Comm.py: Received a new packet while thinking!
{Mon 23:53:04 Step:17181} Server_Comm.py: Received a new packet while thinking!
{Mon 23:53:12 Step:17563} Server_Comm.py: Received a new packet while thinking!
{Mon 23:53:12 Step:17566} Server_Comm.py: Received a new packet while thinking!
{Mon 23:53:23 Step:18109} Server_Comm.py: Received a new packet while thinking!
{Mon 23:53:34 Step:18660} Server_Comm.py: Received a new packet while thinking!
{Mon 23:53:48 Step:19333} Server_Comm.py: Received a new packet while thinking!
{Mon 23:53:53 Step:19578} Server_Comm.py: Received a new packet while thinking!
{Mon 23:54:22 Step:21015} Server_Comm.py: Received a new packet while thinking!
{Mon 23:54:36 Step:21723} Server_Comm.py: Received a new packet while thinking!
{Mon 23:54:42 Step:22008} Server_Comm.py: Received a new packet while thinking!
{Mon 23:54:42 Step:22012} Server_Comm.py: The agent lost 1 packet! Is syncmode enabled?
{Mon 23:56:02 Step:26007} Server_Comm.py: Received a new packet while thinking!
{Mon 23:56:21 Step:26928} Server_Comm.py: Received a new packet while thinking!
{Mon 23:56:43 Step:28036} World_Parser.py: Received field line with NaNs [ 1.25 -6.07 59.88   nan   nan   nan]
{Mon 23:56:47 Step:28239} Server_Comm.py: Received a new packet while thinking!
{Mon 23:56:54 Step:28569} Server_Comm.py: Received a new packet while thinking!
{Mon 23:56:58 Step:28786} Server_Comm.py: Received a new packet while thinking!
{Mon 23:56:58 Step:28788} Server_Comm.py: Received a new packet while thinking!
{Mon 23:57:01 Step:28891} Server_Comm.py: Received a new packet while thinking!
{Mon 23:57:02 Step:28953} Server_Comm.py: Received a new packet while thinking!
{Mon 23:57:07 Step:29221} Server_Comm.py: Received a new packet while thinking!
{Mon 23:57:11 Step:29385} Server_Comm.py: Received a new packet while thinking!
{Mon 23:57:11 Step:29425} Server_Comm.py: Received a new packet while thinking!
{Mon 23:57:12 Step:29439} Server_Comm.py: Received a new packet while thinking!
{Mon 23:57:19 Step:29827} Server_Comm.py: Received a new packet while thinking!
{Mon 23:57:20 Step:29857} Server_Comm.py: Received a new packet while thinking!
{Mon 23:57:23 Step:29985} Server_Comm.py: Received a new packet while thinking!
{Mon 23:57:36 Step:30643} Server_Comm.py: Received a new packet while thinking!
{Mon 23:57:42 Step:30957} Server_Comm.py: Received a new packet while thinking!
{Mon 23:57:45 Step:31114} Server_Comm.py: Received a new packet while thinking!
{Mon 23:57:49 Step:31272} Server_Comm.py: Received a new packet while thinking!
{Mon 23:57:51 Step:31398} Server_Comm.py: Received a new packet while thinking!
{Mon 23:57:52 Step:31429} Server_Comm.py: Received a new packet while thinking!
{Mon 23:57:58 Step:31743} Server_Comm.py: Received a new packet while thinking!
{Mon 23:58:54 Step:34519} Server_Comm.py: Received a new packet while thinking!
{Mon 23:58:54 Step:34521} Server_Comm.py: The agent lost 1 packet! Is syncmode enabled?
{Mon 23:58:56 Step:34618} World_Parser.py: Received field line with NaNs [   nan    nan    nan  10.42 -59.81   5.74]
{Tue 00:01:06 Step:41050} World_Parser.py: Received field line with NaNs [  nan   nan   nan 25.14 -6.41 59.76]
{Tue 00:01:13 Step:41437} Server_Comm.py: Received a new packet while thinking!
{Tue 00:01:22 Step:41883} Server_Comm.py: Received a new packet while thinking!
{Tue 00:01:28 Step:42165} Server_Comm.py: Received a new packet while thinking!
{Tue 00:01:29 Step:42213} Server_Comm.py: Received a new packet while thinking!
{Tue 00:01:29 Step:42219} Server_Comm.py: Received a new packet while thinking!
{Tue 00:01:29 Step:42225} Server_Comm.py: Received a new packet while thinking!
{Tue 00:01:31 Step:42330} Server_Comm.py: Received a new packet while thinking!
{Tue 00:01:35 Step:42495} Server_Comm.py: Received a new packet while thinking!
{Tue 00:01:38 Step:42675} Server_Comm.py: Received a new packet while thinking!
{Tue 00:01:46 Step:43071} Server_Comm.py: Received a new packet while thinking!
{Tue 00:01:48 Step:43146} Server_Comm.py: Received a new packet while thinking!
{Tue 00:01:49 Step:43217} Server_Comm.py: Received a new packet while thinking!
{Tue 00:01:49 Step:43218} Server_Comm.py: Received a new packet while thinking!
{Tue 00:01:49 Step:43222} Server_Comm.py: The agent lost 1 packet! Is syncmode enabled?
{Tue 00:01:49 Step:43225} Server_Comm.py: Received a new packet while thinking!
{Tue 00:01:50 Step:43228} Server_Comm.py: Received a new packet while thinking!
{Tue 00:01:50 Step:43231} Server_Comm.py: The agent lost 1 packet! Is syncmode enabled?
{Tue 00:01:50 Step:43234} Server_Comm.py: The agent lost 1 packet! Is syncmode enabled?
{Tue 00:01:50 Step:43236} Server_Comm.py: Received a new packet while thinking!
{Tue 00:01:50 Step:43239} Server_Comm.py: Received a new packet while thinking!
{Tue 00:01:50 Step:43245} Server_Comm.py: Received a new packet while thinking!
{Tue 00:01:50 Step:43248} Server_Comm.py: Received a new packet while thinking!
{Tue 00:01:50 Step:43251} Server_Comm.py: Received a new packet while thinking!
{Tue 00:01:50 Step:43254} Server_Comm.py: Received a new packet while thinking!
{Tue 00:01:50 Step:43263} Server_Comm.py: Received a new packet while thinking!
{Tue 00:01:50 Step:43273} Server_Comm.py: Received a new packet while thinking!
{Tue 00:01:50 Step:43275} Server_Comm.py: Received a new packet while thinking!
{Tue 00:01:51 Step:43277} Server_Comm.py: Received a new packet while thinking!
{Tue 00:01:51 Step:43279} Server_Comm.py: The agent lost 1 packet! Is syncmode enabled?
{Tue 00:01:51 Step:43282} Server_Comm.py: The agent lost 1 packet! Is syncmode enabled?
{Tue 00:01:51 Step:43284} Server_Comm.py: Received a new packet while thinking!
{Tue 00:01:51 Step:43288} Server_Comm.py: The agent lost 2 consecutive packets! Is syncmode disabled?
{Tue 00:01:51 Step:43291} Server_Comm.py: The agent lost 1 packet! Is syncmode enabled?
{Tue 00:01:51 Step:43294} Server_Comm.py: Received a new packet while thinking!
{Tue 00:01:51 Step:43296} Server_Comm.py: Received a new packet while thinking!
{Tue 00:01:51 Step:43302} Server_Comm.py: Received a new packet while thinking!
{Tue 00:01:51 Step:43303} Server_Comm.py: Received a new packet while thinking!
{Tue 00:01:51 Step:43305} Server_Comm.py: The agent lost 1 packet! Is syncmode enabled?
{Tue 00:01:51 Step:43305} Server_Comm.py: Received a new packet while thinking!
{Tue 00:01:51 Step:43308} Server_Comm.py: Received a new packet while thinking!
{Tue 00:01:51 Step:43310} Server_Comm.py: Received a new packet while thinking!
{Tue 00:01:51 Step:43312} Server_Comm.py: The agent lost 1 packet! Is syncmode enabled?
{Tue 00:01:51 Step:43312} Server_Comm.py: Received a new packet while thinking!
{Tue 00:01:51 Step:43314} Server_Comm.py: The agent lost 1 packet! Is syncmode enabled?
{Tue 00:01:51 Step:43314} Server_Comm.py: Received a new packet while thinking!
{Tue 00:01:51 Step:43317} Server_Comm.py: Received a new packet while thinking!
{Tue 00:01:51 Step:43320} Server_Comm.py: Received a new packet while thinking!
{Tue 00:01:51 Step:43323} Server_Comm.py: Received a new packet while thinking!
{Tue 00:01:52 Step:43325} Server_Comm.py: Received a new packet while thinking!
{Tue 00:01:52 Step:43327} Server_Comm.py: The agent lost 1 packet! Is syncmode enabled?
{Tue 00:01:52 Step:43327} Server_Comm.py: Received a new packet while thinking!
{Tue 00:01:52 Step:43329} Server_Comm.py: The agent lost 1 packet! Is syncmode enabled?
{Tue 00:01:52 Step:43329} Server_Comm.py: Received a new packet while thinking!
{Tue 00:01:52 Step:43331} Server_Comm.py: Received a new packet while thinking!
{Tue 00:01:52 Step:43333} Server_Comm.py: The agent lost 1 packet! Is syncmode enabled?
{Tue 00:01:52 Step:43334} Server_Comm.py: Received a new packet while thinking!
{Tue 00:01:52 Step:43336} Server_Comm.py: The agent lost 1 packet! Is syncmode enabled?
{Tue 00:01:52 Step:43339} Server_Comm.py: The agent lost 1 packet! Is syncmode enabled?
{Tue 00:01:52 Step:43356} Server_Comm.py: Received a new packet while thinking!
{Tue 00:01:52 Step:43363} Server_Comm.py: Received a new packet while thinking!
{Tue 00:01:53 Step:43396} Server_Comm.py: Received a new packet while thinking!
{Tue 00:01:54 Step:43431} Server_Comm.py: Received a new packet while thinking!
{Tue 00:01:54 Step:43437} Server_Comm.py: Received a new packet while thinking!
{Tue 00:01:54 Step:43440} Server_Comm.py: Received a new packet while thinking!
{Tue 00:01:54 Step:43444} Server_Comm.py: The agent lost 1 packet! Is syncmode enabled?
{Tue 00:01:54 Step:43446} Server_Comm.py: Received a new packet while thinking!
{Tue 00:01:54 Step:43452} Server_Comm.py: Received a new packet while thinking!
{Tue 00:01:54 Step:43464} Server_Comm.py: Received a new packet while thinking!
{Tue 00:01:54 Step:43467} Server_Comm.py: Received a new packet while thinking!
{Tue 00:01:55 Step:43480} Server_Comm.py: Received a new packet while thinking!
{Tue 00:01:55 Step:43485} Server_Comm.py: Received a new packet while thinking!
{Tue 00:01:55 Step:43488} Server_Comm.py: Received a new packet while thinking!
{Tue 00:01:55 Step:43494} Server_Comm.py: Received a new packet while thinking!
{Tue 00:01:55 Step:43503} Server_Comm.py: Received a new packet while thinking!
{Tue 00:01:55 Step:43506} Server_Comm.py: Received a new packet while thinking!
{Tue 00:01:55 Step:43509} Server_Comm.py: Received a new packet while thinking!
{Tue 00:01:58 Step:43635} Server_Comm.py: Received a new packet while thinking!
{Tue 00:01:58 Step:43636} Server_Comm.py: Received a new packet while thinking!
{Tue 00:02:03 Step:43870} Server_Comm.py: Received a new packet while thinking!
{Tue 00:02:05 Step:43989} Server_Comm.py: Received a new packet while thinking!
{Tue 00:02:05 Step:44017} Server_Comm.py: Received a new packet while thinking!
{Tue 00:02:15 Step:44496} Server_Comm.py: Received a new packet while thinking!
{Tue 00:02:17 Step:44568} Server_Comm.py: Received a new packet while thinking!
{Tue 00:02:18 Step:44641} Server_Comm.py: Received a new packet while thinking!
{Tue 00:02:19 Step:44691} Server_Comm.py: Received a new packet while thinking!
{Tue 00:02:21 Step:44769} Server_Comm.py: Received a new packet while thinking!
{Tue 00:02:21 Step:44778} Server_Comm.py: Received a new packet while thinking!
{Tue 00:02:23 Step:44889} Server_Comm.py: Received a new packet while thinking!
{Tue 00:02:23 Step:44910} Server_Comm.py: Received a new packet while thinking!
{Tue 00:02:23 Step:44914} Server_Comm.py: The agent lost 1 packet! Is syncmode enabled?
{Tue 00:02:24 Step:44916} Server_Comm.py: Received a new packet while thinking!
{Tue 00:02:24 Step:44919} Server_Comm.py: Received a new packet while thinking!
{Tue 00:02:24 Step:44923} Server_Comm.py: The agent lost 1 packet! Is syncmode enabled?
{Tue 00:02:28 Step:45118} World_Parser.py: Received field line with NaNs [   nan    nan    nan  25.59 -15.34  59.04]
{Tue 00:03:07 Step:47067} Server_Comm.py: Received a new packet while thinking!
{Tue 00:03:10 Step:47194} Server_Comm.py: Received a new packet while thinking!
{Tue 00:03:52 Step:49305} Server_Comm.py: Received a new packet while thinking!
{Tue 00:03:53 Step:49353} Server_Comm.py: Received a new packet while thinking!
{Tue 00:04:06 Step:49999} Server_Comm.py: Received a new packet while thinking!
{Tue 00:04:33 Step:51321} Server_Comm.py: Received a new packet while thinking!
{Tue 00:04:33 Step:51325} Server_Comm.py: The agent lost 1 packet! Is syncmode enabled?
{Tue 00:04:33 Step:51331} Server_Comm.py: Received a new packet while thinking!
{Tue 00:04:44 Step:51901} World_Parser.py: Received field line with NaNs [  nan   nan   nan 12.97 -1.19 59.94]
{Tue 00:04:56 Step:52497} Server_Comm.py: Received a new packet while thinking!
{Tue 00:05:53 Step:55284} Server_Comm.py: Received a new packet while thinking!
{Tue 00:06:38 Step:57537} Server_Comm.py: Received a new packet while thinking!
{Tue 00:07:15 Step:59359} Server_Comm.py: Received a new packet while thinking!
{Tue 00:08:00 Step:61578} Server_Comm.py: Received a new packet while thinking!
{Tue 00:08:00 Step:61599} Server_Comm.py: Received a new packet while thinking!
{Tue 00:09:53 Step:67170} Server_Comm.py: Received a new packet while thinking!
{Tue 00:10:00 Step:67533} Server_Comm.py: Received a new packet while thinking!
{Tue 00:10:00 Step:67537} Server_Comm.py: Received a new packet while thinking!
{Tue 00:10:00 Step:67539} Server_Comm.py: Received a new packet while thinking!
{Tue 00:10:00 Step:67542} Server_Comm.py: Received a new packet while thinking!
{Tue 00:10:53 Step:70141} Server_Comm.py: Received a new packet while thinking!
{Tue 00:11:28 Step:71865} Server_Comm.py: Received a new packet while thinking!
{Tue 00:12:53 Step:76078} Server_Comm.py: Received a new packet while thinking!
{Tue 00:12:53 Step:76081} Server_Comm.py: The agent lost 1 packet! Is syncmode enabled?
{Tue 00:14:53 Step:82018} Server_Comm.py: Received a new packet while thinking!
{Tue 00:14:55 Step:82153} World_Parser.py: Received field line with NaNs [   nan    nan    nan  15.19 -27.36  57.06]
{Tue 00:14:57 Step:82225} Server_Comm.py: Received a new packet while thinking!
{Tue 00:14:57 Step:82243} Server_Comm.py: Received a new packet while thinking!
{Tue 00:19:53 Step:96850} Server_Comm.py: Received a new packet while thinking!
{Tue 00:20:53 Step:99822} Server_Comm.py: Received a new packet while thinking!
{Tue 00:21:53 Step:102792} Server_Comm.py: Received a new packet while thinking!
{Tue 00:22:53 Step:105762} Server_Comm.py: Received a new packet while thinking!
{Tue 00:22:53 Step:105765} Server_Comm.py: Received a new packet while thinking!
{Tue 00:22:55 Step:105876} Server_Comm.py: Received a new packet while thinking!
{Tue 00:23:46 Step:108391} World_Parser.py: Received field line with NaNs [  nan   nan   nan 14.29  0.36 59.94]
{Tue 00:25:53 Step:114667} Server_Comm.py: Received a new packet while thinking!
{Tue 00:26:53 Step:117639} Server_Comm.py: Received a new packet while thinking!
{Tue 00:32:53 Step:135453} Server_Comm.py: Received a new packet while thinking!
{Tue 00:34:53 Step:141391} Server_Comm.py: Received a new packet while thinking!
{Tue 00:35:53 Step:144358} Server_Comm.py: Received a new packet while thinking!
{Tue 00:38:53 Step:153273} Server_Comm.py: Received a new packet while thinking!
{Tue 00:39:15 Step:154363} Server_Comm.py: Received a new packet while thinking!
{Tue 00:39:53 Step:156243} Server_Comm.py: Received a new packet while thinking!
{Tue 00:40:00 Step:156603} Server_Comm.py: Received a new packet while thinking!
{Tue 00:40:00 Step:156608} Server_Comm.py: The agent lost 1 packet! Is syncmode enabled?
{Tue 00:41:53 Step:162180} Server_Comm.py: Received a new packet while thinking!
{Tue 00:45:53 Step:174048} Server_Comm.py: Received a new packet while thinking!
{Tue 00:46:53 Step:177019} Server_Comm.py: Received a new packet while thinking!
{Tue 00:47:25 Step:178602} Server_Comm.py: Received a new packet while thinking!
{Tue 00:50:00 Step:186291} Server_Comm.py: Received a new packet while thinking!
{Tue 00:51:43 Step:191379} Server_Comm.py: Received a new packet while thinking!
{Tue 00:51:46 Step:191515} Server_Comm.py: Received a new packet while thinking!
{Tue 00:51:46 Step:191517} Server_Comm.py: Received a new packet while thinking!
