{Mon 23:47:22 Step:220} Server_Comm.py: Received a new packet while thinking!
{Mon 23:47:25 Step:369} Server_Comm.py: Received a new packet while thinking!
{Mon 23:47:47 Step:1482} Server_Comm.py: Received a new packet while thinking!
{Mon 23:47:47 Step:1485} Server_Comm.py: Received a new packet while thinking!
{Mon 23:47:50 Step:1597} Server_Comm.py: Received a new packet while thinking!
{Mon 23:47:51 Step:1668} Server_Comm.py: Received a new packet while thinking!
{Mon 23:47:52 Step:1728} Server_Comm.py: Received a new packet while thinking!
{Mon 23:47:52 Step:1731} Server_Comm.py: Received a new packet while thinking!
{Mon 23:47:52 Step:1737} Server_Comm.py: Received a new packet while thinking!
{Mon 23:47:52 Step:1741} Server_Comm.py: The agent lost 1 packet! Is syncmode enabled?
{Mon 23:47:53 Step:1743} Server_Comm.py: Received a new packet while thinking!
{Mon 23:47:53 Step:1746} Server_Comm.py: Received a new packet while thinking!
{Mon 23:47:53 Step:1749} Server_Comm.py: Received a new packet while thinking!
{Mon 23:47:53 Step:1752} Server_Comm.py: Received a new packet while thinking!
{Mon 23:47:53 Step:1755} Server_Comm.py: Received a new packet while thinking!
{Mon 23:47:55 Step:1875} Server_Comm.py: Received a new packet while thinking!
{Mon 23:47:56 Step:1894} Server_Comm.py: Received a new packet while thinking!
{Mon 23:47:56 Step:1908} Server_Comm.py: Received a new packet while thinking!
{Mon 23:47:56 Step:1911} Server_Comm.py: Received a new packet while thinking!
{Mon 23:47:56 Step:1917} Server_Comm.py: Received a new packet while thinking!
{Mon 23:47:56 Step:1920} Server_Comm.py: Received a new packet while thinking!
{Mon 23:47:56 Step:1923} Server_Comm.py: Received a new packet while thinking!
{Mon 23:47:56 Step:1935} Server_Comm.py: Received a new packet while thinking!
{Mon 23:47:58 Step:2037} Server_Comm.py: Received a new packet while thinking!
{Mon 23:48:01 Step:2145} Server_Comm.py: Received a new packet while thinking!
{Mon 23:48:06 Step:2437} Server_Comm.py: Received a new packet while thinking!
{Mon 23:48:07 Step:2439} Server_Comm.py: Received a new packet while thinking!
{Mon 23:48:07 Step:2442} Server_Comm.py: Received a new packet while thinking!
{Mon 23:48:07 Step:2446} Server_Comm.py: The agent lost 2 consecutive packets! Is syncmode disabled?
{Mon 23:48:07 Step:2448} Server_Comm.py: Received a new packet while thinking!
{Mon 23:48:07 Step:2451} Server_Comm.py: Received a new packet while thinking!
{Mon 23:48:08 Step:2526} Server_Comm.py: Received a new packet while thinking!
{Mon 23:48:15 Step:2857} Server_Comm.py: Received a new packet while thinking!
{Mon 23:48:15 Step:2858} Server_Comm.py: Received a new packet while thinking!
{Mon 23:48:15 Step:2860} Server_Comm.py: The agent lost 1 packet! Is syncmode enabled?
{Mon 23:48:15 Step:2863} Server_Comm.py: The agent lost 1 packet! Is syncmode enabled?
{Mon 23:48:45 Step:4360} Server_Comm.py: Received a new packet while thinking!
{Mon 23:48:45 Step:4362} Server_Comm.py: Received a new packet while thinking!
{Mon 23:48:45 Step:4366} Server_Comm.py: The agent lost 1 packet! Is syncmode enabled?
{Mon 23:48:46 Step:4383} Server_Comm.py: Received a new packet while thinking!
{Mon 23:48:46 Step:4386} Server_Comm.py: The agent lost 1 packet! Is syncmode enabled?
{Mon 23:48:46 Step:4386} Server_Comm.py: Received a new packet while thinking!
{Mon 23:48:46 Step:4387} Server_Comm.py: Received a new packet while thinking!
{Mon 23:48:46 Step:4393} Server_Comm.py: Received a new packet while thinking!
{Mon 23:48:47 Step:4465} Server_Comm.py: Received a new packet while thinking!
{Mon 23:48:49 Step:4525} Server_Comm.py: Received a new packet while thinking!
{Mon 23:48:50 Step:4572} Server_Comm.py: Received a new packet while thinking!
{Mon 23:48:50 Step:4574} Server_Comm.py: The agent lost 1 packet! Is syncmode enabled?
{Mon 23:48:50 Step:4576} Server_Comm.py: The agent lost 1 packet! Is syncmode enabled?
{Mon 23:48:50 Step:4579} Server_Comm.py: The agent lost 1 packet! Is syncmode enabled?
{Mon 23:48:50 Step:4603} Server_Comm.py: Received a new packet while thinking!
{Mon 23:48:50 Step:4605} Server_Comm.py: Received a new packet while thinking!
{Mon 23:48:50 Step:4608} Server_Comm.py: Received a new packet while thinking!
{Mon 23:48:53 Step:4764} Server_Comm.py: Received a new packet while thinking!
{Mon 23:48:53 Step:4766} Server_Comm.py: Received a new packet while thinking!
{Mon 23:48:53 Step:4768} Server_Comm.py: The agent lost 1 packet! Is syncmode enabled?
{Mon 23:48:54 Step:4815} Server_Comm.py: Received a new packet while thinking!
{Mon 23:48:55 Step:4818} Server_Comm.py: Received a new packet while thinking!
{Mon 23:49:04 Step:5271} Server_Comm.py: Received a new packet while thinking!
{Mon 23:49:04 Step:5275} Server_Comm.py: The agent lost 1 packet! Is syncmode enabled?
{Mon 23:49:04 Step:5277} Server_Comm.py: Received a new packet while thinking!
{Mon 23:49:04 Step:5280} Server_Comm.py: Received a new packet while thinking!
{Mon 23:49:04 Step:5283} Server_Comm.py: Received a new packet while thinking!
{Mon 23:49:04 Step:5286} Server_Comm.py: Received a new packet while thinking!
{Mon 23:49:04 Step:5289} Server_Comm.py: Received a new packet while thinking!
{Mon 23:49:04 Step:5292} Server_Comm.py: Received a new packet while thinking!
{Mon 23:49:04 Step:5295} Server_Comm.py: Received a new packet while thinking!
{Mon 23:49:04 Step:5298} Server_Comm.py: Received a new packet while thinking!
{Mon 23:49:04 Step:5301} Server_Comm.py: Received a new packet while thinking!
{Mon 23:49:04 Step:5304} Server_Comm.py: Received a new packet while thinking!
{Mon 23:49:04 Step:5307} Server_Comm.py: Received a new packet while thinking!
{Mon 23:49:04 Step:5310} Server_Comm.py: Received a new packet while thinking!
{Mon 23:49:04 Step:5313} Server_Comm.py: Received a new packet while thinking!
{Mon 23:49:05 Step:5316} Server_Comm.py: Received a new packet while thinking!
{Mon 23:49:05 Step:5319} Server_Comm.py: Received a new packet while thinking!
{Mon 23:49:05 Step:5322} Server_Comm.py: Received a new packet while thinking!
{Mon 23:49:05 Step:5325} Server_Comm.py: Received a new packet while thinking!
{Mon 23:49:05 Step:5328} Server_Comm.py: Received a new packet while thinking!
{Mon 23:49:05 Step:5331} Server_Comm.py: Received a new packet while thinking!
{Mon 23:49:05 Step:5334} Server_Comm.py: Received a new packet while thinking!
{Mon 23:49:05 Step:5337} Server_Comm.py: Received a new packet while thinking!
{Mon 23:49:05 Step:5340} Server_Comm.py: Received a new packet while thinking!
{Mon 23:49:05 Step:5343} Server_Comm.py: Received a new packet while thinking!
{Mon 23:49:05 Step:5346} Server_Comm.py: Received a new packet while thinking!
{Mon 23:49:05 Step:5349} Server_Comm.py: Received a new packet while thinking!
{Mon 23:49:05 Step:5352} Server_Comm.py: Received a new packet while thinking!
{Mon 23:49:05 Step:5355} Server_Comm.py: Received a new packet while thinking!
{Mon 23:49:05 Step:5358} Server_Comm.py: Received a new packet while thinking!
{Mon 23:49:05 Step:5361} Server_Comm.py: Received a new packet while thinking!
{Mon 23:49:06 Step:5364} Server_Comm.py: Received a new packet while thinking!
{Mon 23:49:06 Step:5367} Server_Comm.py: Received a new packet while thinking!
{Mon 23:49:06 Step:5370} Server_Comm.py: Received a new packet while thinking!
{Mon 23:49:06 Step:5373} Server_Comm.py: Received a new packet while thinking!
{Mon 23:49:06 Step:5376} Server_Comm.py: Received a new packet while thinking!
{Mon 23:49:06 Step:5379} Server_Comm.py: Received a new packet while thinking!
{Mon 23:49:06 Step:5382} Server_Comm.py: Received a new packet while thinking!
{Mon 23:49:06 Step:5385} Server_Comm.py: Received a new packet while thinking!
{Mon 23:49:06 Step:5388} Server_Comm.py: Received a new packet while thinking!
{Mon 23:49:06 Step:5391} Server_Comm.py: Received a new packet while thinking!
{Mon 23:49:06 Step:5394} Server_Comm.py: Received a new packet while thinking!
{Mon 23:49:06 Step:5397} Server_Comm.py: Received a new packet while thinking!
{Mon 23:49:06 Step:5400} Server_Comm.py: Received a new packet while thinking!
{Mon 23:49:06 Step:5403} Server_Comm.py: Received a new packet while thinking!
{Mon 23:49:06 Step:5406} Server_Comm.py: Received a new packet while thinking!
{Mon 23:49:06 Step:5409} Server_Comm.py: Received a new packet while thinking!
{Mon 23:49:06 Step:5412} Server_Comm.py: Received a new packet while thinking!
{Mon 23:49:07 Step:5415} Server_Comm.py: Received a new packet while thinking!
{Mon 23:49:07 Step:5418} Server_Comm.py: Received a new packet while thinking!
{Mon 23:49:07 Step:5421} Server_Comm.py: Received a new packet while thinking!
{Mon 23:49:07 Step:5424} Server_Comm.py: Received a new packet while thinking!
{Mon 23:49:07 Step:5427} Server_Comm.py: Received a new packet while thinking!
{Mon 23:49:07 Step:5430} Server_Comm.py: Received a new packet while thinking!
{Mon 23:49:07 Step:5433} Server_Comm.py: Received a new packet while thinking!
{Mon 23:49:07 Step:5436} Server_Comm.py: Received a new packet while thinking!
{Mon 23:49:07 Step:5439} Server_Comm.py: Received a new packet while thinking!
{Mon 23:49:07 Step:5442} Server_Comm.py: Received a new packet while thinking!
{Mon 23:49:07 Step:5445} Server_Comm.py: Received a new packet while thinking!
{Mon 23:49:07 Step:5448} Server_Comm.py: Received a new packet while thinking!
{Mon 23:49:07 Step:5451} Server_Comm.py: Received a new packet while thinking!
{Mon 23:49:07 Step:5454} Server_Comm.py: Received a new packet while thinking!
{Mon 23:49:07 Step:5457} Server_Comm.py: Received a new packet while thinking!
{Mon 23:49:07 Step:5460} Server_Comm.py: Received a new packet while thinking!
{Mon 23:49:08 Step:5463} Server_Comm.py: Received a new packet while thinking!
{Mon 23:49:08 Step:5466} Server_Comm.py: Received a new packet while thinking!
{Mon 23:49:08 Step:5469} Server_Comm.py: Received a new packet while thinking!
{Mon 23:49:08 Step:5472} Server_Comm.py: Received a new packet while thinking!
{Mon 23:49:08 Step:5475} Server_Comm.py: Received a new packet while thinking!
{Mon 23:49:08 Step:5478} Server_Comm.py: Received a new packet while thinking!
{Mon 23:49:08 Step:5481} Server_Comm.py: Received a new packet while thinking!
{Mon 23:49:08 Step:5484} Server_Comm.py: Received a new packet while thinking!
{Mon 23:49:08 Step:5488} Server_Comm.py: The agent lost 1 packet! Is syncmode enabled?
{Mon 23:49:08 Step:5491} Server_Comm.py: The agent lost 1 packet! Is syncmode enabled?
{Mon 23:49:08 Step:5492} Server_Comm.py: Received a new packet while on world.update()!
{Mon 23:49:08 Step:5494} Server_Comm.py: The agent lost 1 packet! Is syncmode enabled?
{Mon 23:49:08 Step:5495} Server_Comm.py: Received a new packet while thinking!
{Mon 23:49:08 Step:5497} Server_Comm.py: The agent lost 1 packet! Is syncmode enabled?
{Mon 23:49:08 Step:5497} Server_Comm.py: Received a new packet while thinking!
{Mon 23:49:08 Step:5500} Server_Comm.py: The agent lost 2 consecutive packets! Is syncmode disabled?
{Mon 23:49:08 Step:5500} Server_Comm.py: Received a new packet while thinking!
{Mon 23:49:08 Step:5501} Server_Comm.py: Received a new packet while thinking!
{Mon 23:49:08 Step:5502} Server_Comm.py: Received a new packet while thinking!
{Mon 23:49:08 Step:5503} Server_Comm.py: Received a new packet while thinking!
{Mon 23:49:53 Step:7704} Server_Comm.py: Received a new packet while thinking!
{Mon 23:50:15 Step:8798} Server_Comm.py: Received a new packet while thinking!
{Mon 23:50:15 Step:8799} Server_Comm.py: Received a new packet while thinking!
{Mon 23:50:15 Step:8802} Server_Comm.py: Received a new packet while thinking!
{Mon 23:50:15 Step:8803} Server_Comm.py: Received a new packet while thinking!
{Mon 23:50:15 Step:8806} Server_Comm.py: The agent lost 2 consecutive packets! Is syncmode disabled?
{Mon 23:50:15 Step:8806} Server_Comm.py: Received a new packet while thinking!
{Mon 23:50:15 Step:8808} Server_Comm.py: The agent lost 1 packet! Is syncmode enabled?
{Mon 23:50:15 Step:8808} Server_Comm.py: Received a new packet while thinking!
{Mon 23:50:15 Step:8810} Server_Comm.py: The agent lost 1 packet! Is syncmode enabled?
{Mon 23:50:15 Step:8810} Server_Comm.py: Received a new packet while thinking!
{Mon 23:50:15 Step:8811} Server_Comm.py: Received a new packet while thinking!
{Mon 23:50:16 Step:8842} Server_Comm.py: Received a new packet while thinking!
{Mon 23:50:16 Step:8845} Server_Comm.py: The agent lost 1 packet! Is syncmode enabled?
{Mon 23:50:16 Step:8847} Server_Comm.py: Received a new packet while thinking!
{Mon 23:51:42 Step:13101} Server_Comm.py: Received a new packet while thinking!
{Mon 23:51:43 Step:13149} Server_Comm.py: Received a new packet while thinking!
{Mon 23:51:43 Step:13152} Server_Comm.py: Received a new packet while thinking!
{Mon 23:51:43 Step:13155} Server_Comm.py: Received a new packet while thinking!
{Mon 23:51:53 Step:13657} Server_Comm.py: The agent lost 1 packet! Is syncmode enabled?
{Mon 23:52:13 Step:14652} Server_Comm.py: Received a new packet while thinking!
{Mon 23:52:19 Step:14938} Server_Comm.py: The agent lost 1 packet! Is syncmode enabled?
{Mon 23:52:24 Step:15216} Server_Comm.py: Received a new packet while thinking!
{Mon 23:52:26 Step:15291} Server_Comm.py: Received a new packet while thinking!
{Mon 23:52:26 Step:15303} Server_Comm.py: Received a new packet while thinking!
{Mon 23:52:39 Step:15975} Server_Comm.py: Received a new packet while thinking!
{Mon 23:52:40 Step:15978} Server_Comm.py: Received a new packet while thinking!
{Mon 23:52:47 Step:16362} Server_Comm.py: Received a new packet while thinking!
{Mon 23:52:57 Step:16870} Server_Comm.py: The agent lost 1 packet! Is syncmode enabled?
{Mon 23:52:58 Step:16878} Server_Comm.py: Received a new packet while thinking!
{Mon 23:52:58 Step:16882} Server_Comm.py: The agent lost 1 packet! Is syncmode enabled?
{Mon 23:52:58 Step:16884} Server_Comm.py: Received a new packet while thinking!
{Mon 23:53:23 Step:18141} Server_Comm.py: Received a new packet while thinking!
{Mon 23:54:36 Step:21756} Server_Comm.py: Received a new packet while thinking!
{Mon 23:54:42 Step:22039} Server_Comm.py: Received a new packet while thinking!
{Mon 23:54:42 Step:22041} Server_Comm.py: Received a new packet while thinking!
{Mon 23:54:42 Step:22044} Server_Comm.py: Received a new packet while thinking!
{Mon 23:54:42 Step:22047} Server_Comm.py: Received a new packet while thinking!
{Mon 23:54:42 Step:22050} Server_Comm.py: Received a new packet while thinking!
{Mon 23:54:42 Step:22053} Server_Comm.py: Received a new packet while thinking!
{Mon 23:54:42 Step:22056} Server_Comm.py: Received a new packet while thinking!
{Mon 23:54:42 Step:22059} Server_Comm.py: Received a new packet while thinking!
{Mon 23:54:42 Step:22062} Server_Comm.py: Received a new packet while thinking!
{Mon 23:54:42 Step:22065} Server_Comm.py: Received a new packet while thinking!
{Mon 23:54:42 Step:22068} Server_Comm.py: Received a new packet while thinking!
{Mon 23:54:42 Step:22071} Server_Comm.py: Received a new packet while thinking!
{Mon 23:54:42 Step:22074} Server_Comm.py: Received a new packet while thinking!
{Mon 23:54:42 Step:22077} Server_Comm.py: Received a new packet while thinking!
{Mon 23:54:42 Step:22080} Server_Comm.py: Received a new packet while thinking!
{Mon 23:54:43 Step:22083} Server_Comm.py: Received a new packet while thinking!
{Mon 23:54:43 Step:22086} Server_Comm.py: Received a new packet while thinking!
{Mon 23:54:43 Step:22089} Server_Comm.py: Received a new packet while thinking!
{Mon 23:54:43 Step:22092} Server_Comm.py: Received a new packet while thinking!
{Mon 23:54:43 Step:22095} Server_Comm.py: Received a new packet while thinking!
{Mon 23:54:43 Step:22098} Server_Comm.py: Received a new packet while thinking!
{Mon 23:54:43 Step:22101} Server_Comm.py: Received a new packet while thinking!
{Mon 23:54:43 Step:22104} Server_Comm.py: Received a new packet while thinking!
{Mon 23:54:43 Step:22107} Server_Comm.py: Received a new packet while thinking!
{Mon 23:54:43 Step:22110} Server_Comm.py: Received a new packet while thinking!
{Mon 23:54:43 Step:22113} Server_Comm.py: Received a new packet while thinking!
{Mon 23:54:43 Step:22117} Server_Comm.py: The agent lost 1 packet! Is syncmode enabled?
{Mon 23:57:20 Step:29889} Server_Comm.py: Received a new packet while thinking!
{Mon 23:57:24 Step:30069} Server_Comm.py: Received a new packet while thinking!
{Mon 23:57:52 Step:31461} Server_Comm.py: Received a new packet while thinking!
{Mon 23:58:53 Step:34489} Server_Comm.py: The agent lost 1 packet! Is syncmode enabled?
{Tue 00:01:49 Step:43250} Server_Comm.py: Received a new packet while thinking!
{Tue 00:01:49 Step:43251} Server_Comm.py: Received a new packet while thinking!
{Tue 00:01:49 Step:43255} Server_Comm.py: The agent lost 1 packet! Is syncmode enabled?
{Tue 00:01:49 Step:43257} Server_Comm.py: Received a new packet while thinking!
{Tue 00:01:50 Step:43260} Server_Comm.py: Received a new packet while thinking!
{Tue 00:01:50 Step:43262} Server_Comm.py: Received a new packet while thinking!
{Tue 00:01:50 Step:43264} Server_Comm.py: The agent lost 1 packet! Is syncmode enabled?
{Tue 00:01:50 Step:43267} Server_Comm.py: The agent lost 1 packet! Is syncmode enabled?
{Tue 00:01:50 Step:43269} Server_Comm.py: Received a new packet while thinking!
{Tue 00:01:50 Step:43309} Server_Comm.py: The agent lost 1 packet! Is syncmode enabled?
{Tue 00:01:51 Step:43311} Server_Comm.py: Received a new packet while thinking!
{Tue 00:01:51 Step:43315} Server_Comm.py: The agent lost 1 packet! Is syncmode enabled?
{Tue 00:01:51 Step:43317} Server_Comm.py: Received a new packet while thinking!
{Tue 00:01:51 Step:43320} Server_Comm.py: The agent lost 2 consecutive packets! Is syncmode disabled?
{Tue 00:01:51 Step:43320} Server_Comm.py: Received a new packet while thinking!
{Tue 00:01:51 Step:43323} Server_Comm.py: Received a new packet while thinking!
{Tue 00:01:51 Step:43325} Server_Comm.py: Received a new packet while thinking!
{Tue 00:01:51 Step:43327} Server_Comm.py: The agent lost 1 packet! Is syncmode enabled?
{Tue 00:01:51 Step:43336} Server_Comm.py: The agent lost 1 packet! Is syncmode enabled?
{Tue 00:01:51 Step:43338} Server_Comm.py: Received a new packet while thinking!
{Tue 00:01:51 Step:43341} Server_Comm.py: Received a new packet while thinking!
{Tue 00:01:51 Step:43342} Server_Comm.py: Received a new packet while thinking!
{Tue 00:01:51 Step:43345} Server_Comm.py: The agent lost 2 consecutive packets! Is syncmode disabled?
{Tue 00:01:51 Step:43347} Server_Comm.py: Received a new packet while thinking!
{Tue 00:01:51 Step:43350} Server_Comm.py: Received a new packet while thinking!
{Tue 00:01:51 Step:43353} Server_Comm.py: Received a new packet while thinking!
{Tue 00:01:51 Step:43356} Server_Comm.py: Received a new packet while thinking!
{Tue 00:01:52 Step:43357} Server_Comm.py: Received a new packet while thinking!
{Tue 00:01:52 Step:43360} Server_Comm.py: The agent lost 2 consecutive packets! Is syncmode disabled?
{Tue 00:01:52 Step:43360} Server_Comm.py: Received a new packet while thinking!
{Tue 00:01:52 Step:43361} Server_Comm.py: Received a new packet while thinking!
{Tue 00:01:52 Step:43363} Server_Comm.py: The agent lost 1 packet! Is syncmode enabled?
{Tue 00:01:52 Step:43366} Server_Comm.py: The agent lost 1 packet! Is syncmode enabled?
{Tue 00:01:52 Step:43368} Server_Comm.py: Received a new packet while thinking!
{Tue 00:01:52 Step:43371} Server_Comm.py: Received a new packet while thinking!
{Tue 00:01:52 Step:43374} Server_Comm.py: Received a new packet while thinking!
{Tue 00:01:52 Step:43377} Server_Comm.py: Received a new packet while on world.update()!
{Tue 00:01:52 Step:43387} Server_Comm.py: Received a new packet while thinking!
{Tue 00:01:54 Step:43470} Server_Comm.py: Received a new packet while thinking!
{Tue 00:01:54 Step:43473} Server_Comm.py: Received a new packet while thinking!
{Tue 00:01:54 Step:43475} Server_Comm.py: Received a new packet while thinking!
{Tue 00:01:54 Step:43477} Server_Comm.py: The agent lost 1 packet! Is syncmode enabled?
{Tue 00:01:54 Step:43485} Server_Comm.py: Received a new packet while thinking!
{Tue 00:01:54 Step:43500} Server_Comm.py: Received a new packet while thinking!
{Tue 00:01:55 Step:43536} Server_Comm.py: Received a new packet while thinking!
{Tue 00:01:55 Step:43539} Server_Comm.py: Received a new packet while thinking!
{Tue 00:02:05 Step:44049} Server_Comm.py: Received a new packet while thinking!
{Tue 00:02:24 Step:44948} Server_Comm.py: The agent lost 1 packet! Is syncmode enabled?
{Tue 00:03:07 Step:47097} Server_Comm.py: Received a new packet while thinking!
{Tue 00:03:07 Step:47099} Server_Comm.py: The agent lost 1 packet! Is syncmode enabled?
{Tue 00:04:33 Step:51362} Server_Comm.py: Received a new packet while thinking!
{Tue 00:04:33 Step:51364} Server_Comm.py: The agent lost 1 packet! Is syncmode enabled?
{Tue 00:04:56 Step:52530} Server_Comm.py: Received a new packet while thinking!
{Tue 00:05:42 Step:54784} World_Parser.py: Received field line with NaNs [ 3.74  0.9  24.31   nan   nan   nan]
{Tue 00:05:53 Step:55317} Server_Comm.py: Received a new packet while thinking!
{Tue 00:10:53 Step:70173} Server_Comm.py: Received a new packet while thinking!
{Tue 00:12:54 Step:76167} Server_Comm.py: Received a new packet while thinking!
{Tue 00:12:54 Step:76170} Server_Comm.py: Received a new packet while thinking!
{Tue 00:12:54 Step:76176} Server_Comm.py: Received a new packet while thinking!
{Tue 00:12:54 Step:76179} Server_Comm.py: Received a new packet while thinking!
{Tue 00:12:54 Step:76182} Server_Comm.py: Received a new packet while thinking!
{Tue 00:12:54 Step:76188} Server_Comm.py: Received a new packet while thinking!
{Tue 00:12:54 Step:76191} Server_Comm.py: Received a new packet while thinking!
{Tue 00:12:54 Step:76194} Server_Comm.py: Received a new packet while thinking!
{Tue 00:12:54 Step:76197} Server_Comm.py: Received a new packet while thinking!
{Tue 00:12:55 Step:76203} Server_Comm.py: Received a new packet while thinking!
{Tue 00:12:57 Step:76299} Server_Comm.py: Received a new packet while thinking!
{Tue 00:12:57 Step:76302} Server_Comm.py: Received a new packet while thinking!
{Tue 00:12:57 Step:76305} Server_Comm.py: Received a new packet while thinking!
{Tue 00:12:57 Step:76308} Server_Comm.py: Received a new packet while thinking!
{Tue 00:12:57 Step:76311} Server_Comm.py: Received a new packet while thinking!
{Tue 00:12:57 Step:76314} Server_Comm.py: Received a new packet while thinking!
{Tue 00:12:57 Step:76317} Server_Comm.py: Received a new packet while thinking!
{Tue 00:12:57 Step:76320} Server_Comm.py: Received a new packet while thinking!
{Tue 00:12:57 Step:76323} Server_Comm.py: Received a new packet while thinking!
{Tue 00:12:57 Step:76326} Server_Comm.py: Received a new packet while thinking!
{Tue 00:12:57 Step:76329} Server_Comm.py: Received a new packet while thinking!
{Tue 00:12:57 Step:76332} Server_Comm.py: Received a new packet while thinking!
{Tue 00:12:57 Step:76335} Server_Comm.py: Received a new packet while thinking!
{Tue 00:12:57 Step:76338} Server_Comm.py: Received a new packet while thinking!
{Tue 00:12:57 Step:76341} Server_Comm.py: Received a new packet while thinking!
{Tue 00:12:57 Step:76344} Server_Comm.py: Received a new packet while thinking!
{Tue 00:12:58 Step:76347} Server_Comm.py: Received a new packet while thinking!
{Tue 00:12:58 Step:76350} Server_Comm.py: Received a new packet while thinking!
{Tue 00:12:58 Step:76353} Server_Comm.py: Received a new packet while thinking!
{Tue 00:12:58 Step:76356} Server_Comm.py: Received a new packet while thinking!
{Tue 00:12:58 Step:76359} Server_Comm.py: Received a new packet while thinking!
{Tue 00:12:58 Step:76362} Server_Comm.py: Received a new packet while thinking!
{Tue 00:12:58 Step:76365} Server_Comm.py: Received a new packet while thinking!
{Tue 00:12:58 Step:76368} Server_Comm.py: Received a new packet while thinking!
{Tue 00:12:58 Step:76371} Server_Comm.py: Received a new packet while thinking!
{Tue 00:12:58 Step:76374} Server_Comm.py: Received a new packet while thinking!
{Tue 00:12:58 Step:76377} Server_Comm.py: Received a new packet while thinking!
{Tue 00:12:58 Step:76380} Server_Comm.py: Received a new packet while thinking!
{Tue 00:12:58 Step:76383} Server_Comm.py: Received a new packet while thinking!
{Tue 00:12:58 Step:76386} Server_Comm.py: Received a new packet while thinking!
{Tue 00:12:58 Step:76389} Server_Comm.py: Received a new packet while thinking!
{Tue 00:12:58 Step:76392} Server_Comm.py: Received a new packet while thinking!
{Tue 00:12:58 Step:76395} Server_Comm.py: Received a new packet while thinking!
{Tue 00:12:59 Step:76398} Server_Comm.py: Received a new packet while thinking!
{Tue 00:12:59 Step:76401} Server_Comm.py: Received a new packet while thinking!
{Tue 00:12:59 Step:76404} Server_Comm.py: Received a new packet while thinking!
{Tue 00:12:59 Step:76407} Server_Comm.py: Received a new packet while thinking!
{Tue 00:12:59 Step:76410} Server_Comm.py: Received a new packet while thinking!
{Tue 00:12:59 Step:76413} Server_Comm.py: Received a new packet while thinking!
{Tue 00:12:59 Step:76416} Server_Comm.py: Received a new packet while thinking!
{Tue 00:12:59 Step:76419} Server_Comm.py: Received a new packet while thinking!
{Tue 00:12:59 Step:76422} Server_Comm.py: Received a new packet while thinking!
{Tue 00:12:59 Step:76425} Server_Comm.py: Received a new packet while thinking!
{Tue 00:12:59 Step:76428} Server_Comm.py: Received a new packet while thinking!
{Tue 00:12:59 Step:76431} Server_Comm.py: Received a new packet while thinking!
{Tue 00:12:59 Step:76434} Server_Comm.py: Received a new packet while thinking!
{Tue 00:12:59 Step:76437} Server_Comm.py: Received a new packet while thinking!
{Tue 00:12:59 Step:76440} Server_Comm.py: Received a new packet while thinking!
{Tue 00:12:59 Step:76443} Server_Comm.py: Received a new packet while thinking!
{Tue 00:13:00 Step:76446} Server_Comm.py: Received a new packet while thinking!
{Tue 00:13:00 Step:76449} Server_Comm.py: Received a new packet while thinking!
{Tue 00:13:00 Step:76452} Server_Comm.py: Received a new packet while thinking!
{Tue 00:13:00 Step:76455} Server_Comm.py: Received a new packet while thinking!
{Tue 00:13:00 Step:76458} Server_Comm.py: Received a new packet while thinking!
{Tue 00:13:00 Step:76461} Server_Comm.py: Received a new packet while thinking!
{Tue 00:13:00 Step:76464} Server_Comm.py: Received a new packet while thinking!
{Tue 00:13:00 Step:76467} Server_Comm.py: Received a new packet while thinking!
{Tue 00:13:00 Step:76470} Server_Comm.py: Received a new packet while thinking!
{Tue 00:13:00 Step:76473} Server_Comm.py: Received a new packet while thinking!
{Tue 00:13:00 Step:76476} Server_Comm.py: Received a new packet while thinking!
{Tue 00:13:00 Step:76479} Server_Comm.py: Received a new packet while thinking!
{Tue 00:13:00 Step:76482} Server_Comm.py: Received a new packet while thinking!
{Tue 00:13:00 Step:76485} Server_Comm.py: Received a new packet while thinking!
{Tue 00:13:00 Step:76488} Server_Comm.py: Received a new packet while thinking!
{Tue 00:13:00 Step:76491} Server_Comm.py: Received a new packet while thinking!
{Tue 00:13:00 Step:76494} Server_Comm.py: Received a new packet while thinking!
{Tue 00:13:01 Step:76497} Server_Comm.py: Received a new packet while thinking!
{Tue 00:13:01 Step:76500} Server_Comm.py: Received a new packet while thinking!
{Tue 00:13:01 Step:76503} Server_Comm.py: Received a new packet while thinking!
{Tue 00:13:01 Step:76506} Server_Comm.py: Received a new packet while thinking!
{Tue 00:13:01 Step:76509} Server_Comm.py: Received a new packet while thinking!
{Tue 00:13:01 Step:76512} Server_Comm.py: Received a new packet while thinking!
{Tue 00:13:01 Step:76515} Server_Comm.py: Received a new packet while thinking!
{Tue 00:13:01 Step:76518} Server_Comm.py: Received a new packet while thinking!
{Tue 00:13:01 Step:76521} Server_Comm.py: Received a new packet while thinking!
{Tue 00:13:01 Step:76524} Server_Comm.py: Received a new packet while thinking!
{Tue 00:13:01 Step:76527} Server_Comm.py: Received a new packet while thinking!
{Tue 00:13:01 Step:76530} Server_Comm.py: Received a new packet while thinking!
{Tue 00:13:01 Step:76533} Server_Comm.py: Received a new packet while thinking!
{Tue 00:13:01 Step:76536} Server_Comm.py: Received a new packet while thinking!
{Tue 00:13:01 Step:76539} Server_Comm.py: Received a new packet while thinking!
{Tue 00:13:01 Step:76542} Server_Comm.py: Received a new packet while thinking!
{Tue 00:13:01 Step:76545} Server_Comm.py: Received a new packet while thinking!
{Tue 00:13:02 Step:76548} Server_Comm.py: Received a new packet while thinking!
{Tue 00:13:02 Step:76551} Server_Comm.py: Received a new packet while thinking!
{Tue 00:13:02 Step:76554} Server_Comm.py: Received a new packet while thinking!
{Tue 00:13:02 Step:76557} Server_Comm.py: Received a new packet while thinking!
{Tue 00:13:02 Step:76560} Server_Comm.py: Received a new packet while thinking!
{Tue 00:13:02 Step:76563} Server_Comm.py: Received a new packet while thinking!
{Tue 00:13:02 Step:76566} Server_Comm.py: Received a new packet while thinking!
{Tue 00:13:02 Step:76569} Server_Comm.py: Received a new packet while thinking!
{Tue 00:13:02 Step:76572} Server_Comm.py: Received a new packet while thinking!
{Tue 00:13:02 Step:76575} Server_Comm.py: Received a new packet while thinking!
{Tue 00:13:02 Step:76578} Server_Comm.py: Received a new packet while thinking!
{Tue 00:13:02 Step:76581} Server_Comm.py: Received a new packet while thinking!
{Tue 00:13:02 Step:76584} Server_Comm.py: Received a new packet while thinking!
{Tue 00:13:02 Step:76587} Server_Comm.py: Received a new packet while thinking!
{Tue 00:13:02 Step:76590} Server_Comm.py: Received a new packet while thinking!
{Tue 00:13:02 Step:76593} Server_Comm.py: Received a new packet while thinking!
{Tue 00:13:03 Step:76596} Server_Comm.py: Received a new packet while thinking!
{Tue 00:13:03 Step:76599} Server_Comm.py: Received a new packet while thinking!
{Tue 00:13:03 Step:76602} Server_Comm.py: Received a new packet while thinking!
{Tue 00:13:03 Step:76605} Server_Comm.py: Received a new packet while thinking!
{Tue 00:13:03 Step:76608} Server_Comm.py: Received a new packet while thinking!
{Tue 00:13:03 Step:76611} Server_Comm.py: Received a new packet while thinking!
{Tue 00:13:03 Step:76614} Server_Comm.py: Received a new packet while thinking!
{Tue 00:13:03 Step:76617} Server_Comm.py: Received a new packet while thinking!
{Tue 00:13:03 Step:76620} Server_Comm.py: Received a new packet while thinking!
{Tue 00:13:03 Step:76623} Server_Comm.py: Received a new packet while thinking!
{Tue 00:13:03 Step:76626} Server_Comm.py: Received a new packet while thinking!
{Tue 00:13:03 Step:76629} Server_Comm.py: Received a new packet while thinking!
{Tue 00:13:03 Step:76632} Server_Comm.py: Received a new packet while thinking!
{Tue 00:13:03 Step:76635} Server_Comm.py: Received a new packet while thinking!
{Tue 00:13:03 Step:76638} Server_Comm.py: Received a new packet while thinking!
{Tue 00:13:03 Step:76641} Server_Comm.py: Received a new packet while thinking!
{Tue 00:13:03 Step:76644} Server_Comm.py: Received a new packet while thinking!
{Tue 00:13:04 Step:76647} Server_Comm.py: Received a new packet while thinking!
{Tue 00:13:04 Step:76650} Server_Comm.py: Received a new packet while thinking!
{Tue 00:13:04 Step:76653} Server_Comm.py: Received a new packet while thinking!
{Tue 00:13:04 Step:76656} Server_Comm.py: Received a new packet while thinking!
{Tue 00:13:04 Step:76659} Server_Comm.py: Received a new packet while thinking!
{Tue 00:13:04 Step:76662} Server_Comm.py: Received a new packet while thinking!
{Tue 00:13:04 Step:76665} Server_Comm.py: Received a new packet while thinking!
{Tue 00:13:04 Step:76668} Server_Comm.py: Received a new packet while thinking!
{Tue 00:13:04 Step:76671} Server_Comm.py: Received a new packet while thinking!
{Tue 00:13:04 Step:76674} Server_Comm.py: Received a new packet while thinking!
{Tue 00:13:04 Step:76677} Server_Comm.py: Received a new packet while thinking!
{Tue 00:13:04 Step:76680} Server_Comm.py: Received a new packet while thinking!
{Tue 00:13:04 Step:76683} Server_Comm.py: Received a new packet while thinking!
{Tue 00:13:04 Step:76686} Server_Comm.py: Received a new packet while thinking!
{Tue 00:13:04 Step:76689} Server_Comm.py: Received a new packet while thinking!
{Tue 00:13:04 Step:76692} Server_Comm.py: Received a new packet while thinking!
{Tue 00:13:05 Step:76695} Server_Comm.py: Received a new packet while thinking!
{Tue 00:13:05 Step:76698} Server_Comm.py: Received a new packet while thinking!
{Tue 00:13:05 Step:76701} Server_Comm.py: Received a new packet while thinking!
{Tue 00:13:05 Step:76704} Server_Comm.py: Received a new packet while thinking!
{Tue 00:13:05 Step:76707} Server_Comm.py: Received a new packet while thinking!
{Tue 00:13:05 Step:76710} Server_Comm.py: Received a new packet while thinking!
{Tue 00:13:05 Step:76713} Server_Comm.py: Received a new packet while thinking!
{Tue 00:13:05 Step:76716} Server_Comm.py: Received a new packet while thinking!
{Tue 00:13:05 Step:76719} Server_Comm.py: Received a new packet while thinking!
{Tue 00:13:05 Step:76722} Server_Comm.py: Received a new packet while thinking!
{Tue 00:13:05 Step:76725} Server_Comm.py: Received a new packet while thinking!
{Tue 00:13:05 Step:76728} Server_Comm.py: Received a new packet while thinking!
{Tue 00:13:05 Step:76731} Server_Comm.py: Received a new packet while thinking!
{Tue 00:13:05 Step:76734} Server_Comm.py: Received a new packet while thinking!
{Tue 00:13:05 Step:76737} Server_Comm.py: Received a new packet while thinking!
{Tue 00:13:05 Step:76740} Server_Comm.py: Received a new packet while thinking!
{Tue 00:13:05 Step:76743} Server_Comm.py: Received a new packet while thinking!
{Tue 00:13:06 Step:76746} Server_Comm.py: Received a new packet while thinking!
{Tue 00:13:06 Step:76749} Server_Comm.py: Received a new packet while thinking!
{Tue 00:13:06 Step:76752} Server_Comm.py: Received a new packet while thinking!
{Tue 00:13:06 Step:76755} Server_Comm.py: Received a new packet while thinking!
{Tue 00:13:06 Step:76758} Server_Comm.py: Received a new packet while thinking!
{Tue 00:13:06 Step:76761} Server_Comm.py: Received a new packet while thinking!
{Tue 00:13:06 Step:76764} Server_Comm.py: Received a new packet while thinking!
{Tue 00:13:06 Step:76767} Server_Comm.py: Received a new packet while thinking!
{Tue 00:13:06 Step:76770} Server_Comm.py: Received a new packet while thinking!
{Tue 00:13:06 Step:76773} Server_Comm.py: Received a new packet while thinking!
{Tue 00:13:06 Step:76776} Server_Comm.py: Received a new packet while thinking!
{Tue 00:13:06 Step:76779} Server_Comm.py: Received a new packet while thinking!
{Tue 00:13:06 Step:76782} Server_Comm.py: Received a new packet while thinking!
{Tue 00:13:06 Step:76785} Server_Comm.py: Received a new packet while thinking!
{Tue 00:13:06 Step:76788} Server_Comm.py: Received a new packet while thinking!
{Tue 00:13:06 Step:76791} Server_Comm.py: Received a new packet while thinking!
{Tue 00:13:07 Step:76794} Server_Comm.py: Received a new packet while thinking!
{Tue 00:13:07 Step:76797} Server_Comm.py: Received a new packet while thinking!
{Tue 00:13:07 Step:76800} Server_Comm.py: Received a new packet while thinking!
{Tue 00:13:07 Step:76803} Server_Comm.py: Received a new packet while thinking!
{Tue 00:13:07 Step:76806} Server_Comm.py: Received a new packet while thinking!
{Tue 00:13:07 Step:76809} Server_Comm.py: Received a new packet while thinking!
{Tue 00:13:07 Step:76812} Server_Comm.py: Received a new packet while thinking!
{Tue 00:13:07 Step:76815} Server_Comm.py: Received a new packet while thinking!
{Tue 00:13:07 Step:76818} Server_Comm.py: Received a new packet while thinking!
{Tue 00:13:07 Step:76821} Server_Comm.py: Received a new packet while thinking!
{Tue 00:13:07 Step:76824} Server_Comm.py: Received a new packet while thinking!
{Tue 00:13:07 Step:76827} Server_Comm.py: Received a new packet while thinking!
{Tue 00:13:07 Step:76830} Server_Comm.py: Received a new packet while thinking!
{Tue 00:13:07 Step:76833} Server_Comm.py: Received a new packet while thinking!
{Tue 00:13:07 Step:76836} Server_Comm.py: Received a new packet while thinking!
{Tue 00:13:07 Step:76839} Server_Comm.py: Received a new packet while thinking!
{Tue 00:13:07 Step:76842} Server_Comm.py: Received a new packet while thinking!
{Tue 00:13:08 Step:76845} Server_Comm.py: Received a new packet while thinking!
{Tue 00:13:08 Step:76848} Server_Comm.py: Received a new packet while thinking!
{Tue 00:13:08 Step:76851} Server_Comm.py: Received a new packet while thinking!
{Tue 00:13:08 Step:76854} Server_Comm.py: Received a new packet while thinking!
{Tue 00:13:08 Step:76860} Server_Comm.py: Received a new packet while thinking!
{Tue 00:13:08 Step:76863} Server_Comm.py: Received a new packet while thinking!
{Tue 00:13:08 Step:76866} Server_Comm.py: Received a new packet while thinking!
{Tue 00:13:08 Step:76872} Server_Comm.py: Received a new packet while thinking!
{Tue 00:13:08 Step:76875} Server_Comm.py: Received a new packet while thinking!
{Tue 00:13:08 Step:76878} Server_Comm.py: Received a new packet while thinking!
{Tue 00:13:08 Step:76881} Server_Comm.py: Received a new packet while thinking!
{Tue 00:13:08 Step:76884} Server_Comm.py: Received a new packet while thinking!
{Tue 00:13:08 Step:76887} Server_Comm.py: Received a new packet while thinking!
{Tue 00:13:25 Step:77709} Server_Comm.py: Received a new packet while thinking!
{Tue 00:13:25 Step:77715} Server_Comm.py: Received a new packet while thinking!
{Tue 00:13:25 Step:77718} Server_Comm.py: Received a new packet while thinking!
{Tue 00:13:25 Step:77721} Server_Comm.py: Received a new packet while thinking!
{Tue 00:13:25 Step:77727} Server_Comm.py: Received a new packet while thinking!
{Tue 00:13:25 Step:77730} Server_Comm.py: Received a new packet while thinking!
{Tue 00:13:26 Step:77733} Server_Comm.py: Received a new packet while thinking!
{Tue 00:13:26 Step:77745} Server_Comm.py: Received a new packet while thinking!
{Tue 00:13:26 Step:77763} Server_Comm.py: Received a new packet while thinking!
{Tue 00:13:26 Step:77775} Server_Comm.py: Received a new packet while thinking!
{Tue 00:13:27 Step:77787} Server_Comm.py: Received a new packet while thinking!
{Tue 00:13:27 Step:77799} Server_Comm.py: Received a new packet while thinking!
{Tue 00:13:27 Step:77808} Server_Comm.py: Received a new packet while thinking!
{Tue 00:13:27 Step:77811} Server_Comm.py: Received a new packet while thinking!
{Tue 00:13:27 Step:77817} Server_Comm.py: Received a new packet while thinking!
{Tue 00:13:27 Step:77820} Server_Comm.py: Received a new packet while thinking!
{Tue 00:13:27 Step:77823} Server_Comm.py: Received a new packet while thinking!
{Tue 00:13:27 Step:77826} Server_Comm.py: Received a new packet while thinking!
{Tue 00:13:27 Step:77829} Server_Comm.py: Received a new packet while thinking!
{Tue 00:13:28 Step:77832} Server_Comm.py: Received a new packet while thinking!
{Tue 00:13:28 Step:77835} Server_Comm.py: Received a new packet while thinking!
{Tue 00:13:28 Step:77841} Server_Comm.py: Received a new packet while thinking!
{Tue 00:13:28 Step:77847} Server_Comm.py: Received a new packet while thinking!
{Tue 00:13:28 Step:77856} Server_Comm.py: Received a new packet while thinking!
{Tue 00:13:28 Step:77859} Server_Comm.py: Received a new packet while thinking!
{Tue 00:13:28 Step:77868} Server_Comm.py: Received a new packet while thinking!
{Tue 00:13:28 Step:77871} Server_Comm.py: Received a new packet while thinking!
{Tue 00:13:28 Step:77877} Server_Comm.py: Received a new packet while thinking!
{Tue 00:13:29 Step:77883} Server_Comm.py: Received a new packet while thinking!
{Tue 00:13:29 Step:77889} Server_Comm.py: Received a new packet while thinking!
{Tue 00:13:29 Step:77892} Server_Comm.py: Received a new packet while thinking!
{Tue 00:13:29 Step:77898} Server_Comm.py: Received a new packet while thinking!
{Tue 00:13:29 Step:77901} Server_Comm.py: Received a new packet while thinking!
{Tue 00:13:29 Step:77907} Server_Comm.py: Received a new packet while thinking!
{Tue 00:13:29 Step:77910} Server_Comm.py: Received a new packet while thinking!
{Tue 00:13:29 Step:77916} Server_Comm.py: Received a new packet while thinking!
{Tue 00:13:29 Step:77919} Server_Comm.py: Received a new packet while thinking!
{Tue 00:13:29 Step:77922} Server_Comm.py: Received a new packet while thinking!
{Tue 00:13:29 Step:77928} Server_Comm.py: Received a new packet while thinking!
{Tue 00:13:30 Step:77952} Server_Comm.py: Received a new packet while thinking!
{Tue 00:13:30 Step:77961} Server_Comm.py: Received a new packet while thinking!
{Tue 00:13:30 Step:77964} Server_Comm.py: Received a new packet while thinking!
{Tue 00:13:30 Step:77970} Server_Comm.py: Received a new packet while thinking!
{Tue 00:13:31 Step:77988} Server_Comm.py: Received a new packet while thinking!
{Tue 00:13:31 Step:78003} Server_Comm.py: Received a new packet while thinking!
{Tue 00:13:31 Step:78009} Server_Comm.py: Received a new packet while thinking!
{Tue 00:13:31 Step:78012} Server_Comm.py: Received a new packet while thinking!
{Tue 00:13:31 Step:78015} Server_Comm.py: Received a new packet while thinking!
{Tue 00:13:31 Step:78021} Server_Comm.py: Received a new packet while thinking!
{Tue 00:13:31 Step:78027} Server_Comm.py: Received a new packet while thinking!
{Tue 00:13:32 Step:78033} Server_Comm.py: Received a new packet while thinking!
{Tue 00:13:32 Step:78036} Server_Comm.py: Received a new packet while thinking!
{Tue 00:13:32 Step:78039} Server_Comm.py: Received a new packet while thinking!
{Tue 00:13:32 Step:78045} Server_Comm.py: Received a new packet while thinking!
{Tue 00:13:32 Step:78048} Server_Comm.py: Received a new packet while thinking!
{Tue 00:13:32 Step:78051} Server_Comm.py: Received a new packet while thinking!
{Tue 00:13:32 Step:78057} Server_Comm.py: Received a new packet while thinking!
{Tue 00:13:32 Step:78066} Server_Comm.py: Received a new packet while thinking!
{Tue 00:13:32 Step:78069} Server_Comm.py: Received a new packet while thinking!
{Tue 00:13:32 Step:78075} Server_Comm.py: Received a new packet while thinking!
{Tue 00:13:32 Step:78078} Server_Comm.py: Received a new packet while thinking!
{Tue 00:13:33 Step:78081} Server_Comm.py: Received a new packet while thinking!
{Tue 00:13:33 Step:78084} Server_Comm.py: Received a new packet while thinking!
{Tue 00:13:33 Step:78087} Server_Comm.py: Received a new packet while thinking!
{Tue 00:13:33 Step:78090} Server_Comm.py: Received a new packet while thinking!
{Tue 00:13:33 Step:78093} Server_Comm.py: Received a new packet while thinking!
{Tue 00:13:33 Step:78096} Server_Comm.py: Received a new packet while thinking!
{Tue 00:13:33 Step:78099} Server_Comm.py: Received a new packet while thinking!
{Tue 00:13:33 Step:78102} Server_Comm.py: Received a new packet while thinking!
{Tue 00:13:33 Step:78105} Server_Comm.py: Received a new packet while thinking!
{Tue 00:13:33 Step:78111} Server_Comm.py: Received a new packet while thinking!
{Tue 00:13:33 Step:78117} Server_Comm.py: Received a new packet while thinking!
{Tue 00:13:33 Step:78123} Server_Comm.py: Received a new packet while thinking!
{Tue 00:13:33 Step:78124} Server_Comm.py: Received a new packet while thinking!
{Tue 00:13:33 Step:78126} Server_Comm.py: Received a new packet while thinking!
{Tue 00:13:34 Step:78129} Server_Comm.py: Received a new packet while thinking!
{Tue 00:13:34 Step:78135} Server_Comm.py: Received a new packet while thinking!
{Tue 00:13:34 Step:78141} Server_Comm.py: Received a new packet while thinking!
{Tue 00:13:34 Step:78144} Server_Comm.py: Received a new packet while thinking!
{Tue 00:13:34 Step:78147} Server_Comm.py: Received a new packet while thinking!
{Tue 00:13:34 Step:78150} Server_Comm.py: Received a new packet while thinking!
{Tue 00:13:34 Step:78153} Server_Comm.py: Received a new packet while thinking!
{Tue 00:13:34 Step:78177} Server_Comm.py: Received a new packet while thinking!
{Tue 00:13:38 Step:78369} Server_Comm.py: Received a new packet while thinking!
{Tue 00:13:38 Step:78375} Server_Comm.py: Received a new packet while thinking!
{Tue 00:13:39 Step:78378} Server_Comm.py: Received a new packet while thinking!
{Tue 00:13:39 Step:78381} Server_Comm.py: Received a new packet while thinking!
{Tue 00:13:39 Step:78384} Server_Comm.py: Received a new packet while thinking!
{Tue 00:13:39 Step:78387} Server_Comm.py: Received a new packet while thinking!
{Tue 00:13:39 Step:78390} Server_Comm.py: Received a new packet while thinking!
{Tue 00:13:39 Step:78393} Server_Comm.py: Received a new packet while thinking!
{Tue 00:13:39 Step:78396} Server_Comm.py: Received a new packet while thinking!
{Tue 00:13:39 Step:78399} Server_Comm.py: Received a new packet while thinking!
{Tue 00:13:39 Step:78402} Server_Comm.py: Received a new packet while thinking!
{Tue 00:13:39 Step:78405} Server_Comm.py: Received a new packet while thinking!
{Tue 00:13:39 Step:78408} Server_Comm.py: Received a new packet while thinking!
{Tue 00:13:39 Step:78411} Server_Comm.py: Received a new packet while thinking!
{Tue 00:13:39 Step:78414} Server_Comm.py: Received a new packet while thinking!
{Tue 00:13:39 Step:78417} Server_Comm.py: Received a new packet while thinking!
{Tue 00:13:39 Step:78420} Server_Comm.py: Received a new packet while thinking!
{Tue 00:13:39 Step:78423} Server_Comm.py: Received a new packet while thinking!
{Tue 00:13:39 Step:78426} Server_Comm.py: Received a new packet while thinking!
{Tue 00:13:40 Step:78429} Server_Comm.py: Received a new packet while thinking!
{Tue 00:13:40 Step:78432} Server_Comm.py: Received a new packet while thinking!
{Tue 00:13:40 Step:78435} Server_Comm.py: Received a new packet while thinking!
{Tue 00:13:40 Step:78438} Server_Comm.py: Received a new packet while thinking!
{Tue 00:13:40 Step:78441} Server_Comm.py: Received a new packet while thinking!
{Tue 00:13:40 Step:78444} Server_Comm.py: Received a new packet while thinking!
{Tue 00:13:40 Step:78447} Server_Comm.py: Received a new packet while thinking!
{Tue 00:13:40 Step:78450} Server_Comm.py: Received a new packet while thinking!
{Tue 00:13:40 Step:78453} Server_Comm.py: Received a new packet while thinking!
{Tue 00:13:40 Step:78456} Server_Comm.py: Received a new packet while thinking!
{Tue 00:13:40 Step:78459} Server_Comm.py: Received a new packet while thinking!
{Tue 00:13:40 Step:78462} Server_Comm.py: Received a new packet while thinking!
{Tue 00:13:40 Step:78465} Server_Comm.py: Received a new packet while thinking!
{Tue 00:13:40 Step:78468} Server_Comm.py: Received a new packet while thinking!
{Tue 00:13:40 Step:78471} Server_Comm.py: Received a new packet while thinking!
{Tue 00:13:40 Step:78474} Server_Comm.py: Received a new packet while thinking!
{Tue 00:13:41 Step:78477} Server_Comm.py: Received a new packet while thinking!
{Tue 00:13:41 Step:78480} Server_Comm.py: Received a new packet while thinking!
{Tue 00:13:41 Step:78483} Server_Comm.py: Received a new packet while thinking!
{Tue 00:13:41 Step:78486} Server_Comm.py: Received a new packet while thinking!
{Tue 00:13:41 Step:78489} Server_Comm.py: Received a new packet while thinking!
{Tue 00:13:41 Step:78492} Server_Comm.py: Received a new packet while thinking!
{Tue 00:13:41 Step:78495} Server_Comm.py: Received a new packet while thinking!
{Tue 00:13:41 Step:78498} Server_Comm.py: Received a new packet while thinking!
{Tue 00:13:41 Step:78501} Server_Comm.py: Received a new packet while thinking!
{Tue 00:13:41 Step:78504} Server_Comm.py: Received a new packet while thinking!
{Tue 00:13:41 Step:78507} Server_Comm.py: Received a new packet while thinking!
{Tue 00:13:41 Step:78510} Server_Comm.py: Received a new packet while thinking!
{Tue 00:13:41 Step:78513} Server_Comm.py: Received a new packet while thinking!
{Tue 00:13:41 Step:78516} Server_Comm.py: Received a new packet while thinking!
{Tue 00:13:41 Step:78519} Server_Comm.py: Received a new packet while thinking!
{Tue 00:13:41 Step:78522} Server_Comm.py: Received a new packet while thinking!
{Tue 00:13:41 Step:78525} Server_Comm.py: Received a new packet while thinking!
{Tue 00:13:42 Step:78528} Server_Comm.py: Received a new packet while thinking!
{Tue 00:13:42 Step:78531} Server_Comm.py: Received a new packet while thinking!
{Tue 00:13:42 Step:78534} Server_Comm.py: Received a new packet while thinking!
{Tue 00:13:42 Step:78537} Server_Comm.py: Received a new packet while thinking!
{Tue 00:13:42 Step:78540} Server_Comm.py: Received a new packet while thinking!
{Tue 00:13:42 Step:78543} Server_Comm.py: Received a new packet while thinking!
{Tue 00:13:42 Step:78546} Server_Comm.py: Received a new packet while thinking!
{Tue 00:13:42 Step:78549} Server_Comm.py: Received a new packet while thinking!
{Tue 00:13:42 Step:78552} Server_Comm.py: Received a new packet while thinking!
{Tue 00:13:42 Step:78555} Server_Comm.py: Received a new packet while thinking!
{Tue 00:13:42 Step:78558} Server_Comm.py: Received a new packet while thinking!
{Tue 00:13:42 Step:78561} Server_Comm.py: Received a new packet while thinking!
{Tue 00:13:42 Step:78564} Server_Comm.py: Received a new packet while thinking!
{Tue 00:13:42 Step:78567} Server_Comm.py: Received a new packet while thinking!
{Tue 00:13:42 Step:78570} Server_Comm.py: Received a new packet while thinking!
{Tue 00:13:42 Step:78573} Server_Comm.py: Received a new packet while thinking!
{Tue 00:13:43 Step:78576} Server_Comm.py: Received a new packet while thinking!
{Tue 00:13:43 Step:78579} Server_Comm.py: Received a new packet while thinking!
{Tue 00:13:43 Step:78582} Server_Comm.py: Received a new packet while thinking!
{Tue 00:13:43 Step:78585} Server_Comm.py: Received a new packet while thinking!
{Tue 00:13:43 Step:78588} Server_Comm.py: Received a new packet while thinking!
{Tue 00:13:43 Step:78591} Server_Comm.py: Received a new packet while thinking!
{Tue 00:13:43 Step:78594} Server_Comm.py: Received a new packet while thinking!
{Tue 00:13:43 Step:78597} Server_Comm.py: Received a new packet while thinking!
{Tue 00:13:43 Step:78600} Server_Comm.py: Received a new packet while thinking!
{Tue 00:13:43 Step:78603} Server_Comm.py: Received a new packet while thinking!
{Tue 00:13:43 Step:78606} Server_Comm.py: Received a new packet while thinking!
{Tue 00:13:43 Step:78609} Server_Comm.py: Received a new packet while thinking!
{Tue 00:13:43 Step:78612} Server_Comm.py: Received a new packet while thinking!
{Tue 00:13:43 Step:78615} Server_Comm.py: Received a new packet while thinking!
{Tue 00:13:43 Step:78618} Server_Comm.py: Received a new packet while thinking!
{Tue 00:13:43 Step:78621} Server_Comm.py: Received a new packet while thinking!
{Tue 00:13:43 Step:78624} Server_Comm.py: Received a new packet while thinking!
{Tue 00:13:44 Step:78627} Server_Comm.py: Received a new packet while thinking!
{Tue 00:13:44 Step:78630} Server_Comm.py: Received a new packet while thinking!
{Tue 00:13:44 Step:78633} Server_Comm.py: Received a new packet while thinking!
{Tue 00:13:44 Step:78636} Server_Comm.py: Received a new packet while thinking!
{Tue 00:13:44 Step:78639} Server_Comm.py: Received a new packet while thinking!
{Tue 00:13:44 Step:78642} Server_Comm.py: Received a new packet while thinking!
{Tue 00:13:44 Step:78645} Server_Comm.py: Received a new packet while thinking!
{Tue 00:13:44 Step:78648} Server_Comm.py: Received a new packet while thinking!
{Tue 00:13:44 Step:78651} Server_Comm.py: Received a new packet while thinking!
{Tue 00:13:44 Step:78654} Server_Comm.py: Received a new packet while thinking!
{Tue 00:13:44 Step:78657} Server_Comm.py: Received a new packet while thinking!
{Tue 00:13:44 Step:78660} Server_Comm.py: Received a new packet while thinking!
{Tue 00:13:44 Step:78663} Server_Comm.py: Received a new packet while thinking!
{Tue 00:13:44 Step:78666} Server_Comm.py: Received a new packet while thinking!
{Tue 00:13:44 Step:78669} Server_Comm.py: Received a new packet while thinking!
{Tue 00:13:44 Step:78672} Server_Comm.py: Received a new packet while thinking!
{Tue 00:13:44 Step:78675} Server_Comm.py: Received a new packet while thinking!
{Tue 00:13:45 Step:78678} Server_Comm.py: Received a new packet while thinking!
{Tue 00:13:45 Step:78681} Server_Comm.py: Received a new packet while thinking!
{Tue 00:13:45 Step:78684} Server_Comm.py: Received a new packet while thinking!
{Tue 00:13:45 Step:78687} Server_Comm.py: Received a new packet while thinking!
{Tue 00:13:45 Step:78690} Server_Comm.py: Received a new packet while thinking!
{Tue 00:13:45 Step:78693} Server_Comm.py: Received a new packet while thinking!
{Tue 00:13:45 Step:78696} Server_Comm.py: Received a new packet while thinking!
{Tue 00:13:45 Step:78699} Server_Comm.py: Received a new packet while thinking!
{Tue 00:13:45 Step:78702} Server_Comm.py: Received a new packet while thinking!
{Tue 00:13:45 Step:78705} Server_Comm.py: Received a new packet while thinking!
{Tue 00:13:45 Step:78708} Server_Comm.py: Received a new packet while thinking!
{Tue 00:13:45 Step:78711} Server_Comm.py: Received a new packet while thinking!
{Tue 00:13:45 Step:78714} Server_Comm.py: Received a new packet while thinking!
{Tue 00:13:45 Step:78717} Server_Comm.py: Received a new packet while thinking!
{Tue 00:13:45 Step:78720} Server_Comm.py: Received a new packet while thinking!
{Tue 00:13:45 Step:78723} Server_Comm.py: Received a new packet while thinking!
{Tue 00:13:46 Step:78726} Server_Comm.py: Received a new packet while thinking!
{Tue 00:13:46 Step:78729} Server_Comm.py: Received a new packet while thinking!
{Tue 00:13:46 Step:78732} Server_Comm.py: Received a new packet while thinking!
{Tue 00:13:46 Step:78735} Server_Comm.py: Received a new packet while thinking!
{Tue 00:13:46 Step:78738} Server_Comm.py: Received a new packet while thinking!
{Tue 00:13:46 Step:78741} Server_Comm.py: Received a new packet while thinking!
{Tue 00:13:46 Step:78744} Server_Comm.py: Received a new packet while thinking!
{Tue 00:13:46 Step:78747} Server_Comm.py: Received a new packet while thinking!
{Tue 00:13:46 Step:78750} Server_Comm.py: Received a new packet while thinking!
{Tue 00:13:46 Step:78753} Server_Comm.py: Received a new packet while thinking!
{Tue 00:13:46 Step:78759} Server_Comm.py: Received a new packet while thinking!
{Tue 00:13:46 Step:78762} Server_Comm.py: Received a new packet while thinking!
{Tue 00:13:46 Step:78765} Server_Comm.py: Received a new packet while thinking!
{Tue 00:13:46 Step:78768} Server_Comm.py: Received a new packet while thinking!
{Tue 00:13:46 Step:78771} Server_Comm.py: Received a new packet while thinking!
{Tue 00:13:46 Step:78774} Server_Comm.py: Received a new packet while thinking!
{Tue 00:13:47 Step:78777} Server_Comm.py: Received a new packet while thinking!
{Tue 00:13:47 Step:78780} Server_Comm.py: Received a new packet while thinking!
{Tue 00:13:47 Step:78783} Server_Comm.py: Received a new packet while thinking!
{Tue 00:13:47 Step:78786} Server_Comm.py: Received a new packet while thinking!
{Tue 00:13:47 Step:78789} Server_Comm.py: Received a new packet while thinking!
{Tue 00:13:47 Step:78792} Server_Comm.py: Received a new packet while thinking!
{Tue 00:13:47 Step:78795} Server_Comm.py: Received a new packet while thinking!
{Tue 00:13:47 Step:78798} Server_Comm.py: Received a new packet while thinking!
{Tue 00:13:47 Step:78801} Server_Comm.py: Received a new packet while thinking!
{Tue 00:13:47 Step:78804} Server_Comm.py: Received a new packet while thinking!
{Tue 00:13:47 Step:78807} Server_Comm.py: Received a new packet while thinking!
{Tue 00:13:47 Step:78810} Server_Comm.py: Received a new packet while thinking!
{Tue 00:13:47 Step:78813} Server_Comm.py: Received a new packet while thinking!
{Tue 00:13:47 Step:78816} Server_Comm.py: Received a new packet while thinking!
{Tue 00:13:47 Step:78819} Server_Comm.py: Received a new packet while thinking!
{Tue 00:13:47 Step:78822} Server_Comm.py: Received a new packet while thinking!
{Tue 00:13:48 Step:78825} Server_Comm.py: Received a new packet while thinking!
{Tue 00:13:48 Step:78828} Server_Comm.py: Received a new packet while thinking!
{Tue 00:13:48 Step:78831} Server_Comm.py: Received a new packet while thinking!
{Tue 00:13:48 Step:78834} Server_Comm.py: Received a new packet while thinking!
{Tue 00:13:48 Step:78837} Server_Comm.py: Received a new packet while thinking!
{Tue 00:13:48 Step:78840} Server_Comm.py: Received a new packet while thinking!
{Tue 00:13:48 Step:78843} Server_Comm.py: Received a new packet while thinking!
{Tue 00:13:48 Step:78846} Server_Comm.py: Received a new packet while thinking!
{Tue 00:13:48 Step:78849} Server_Comm.py: Received a new packet while thinking!
{Tue 00:13:48 Step:78852} Server_Comm.py: Received a new packet while thinking!
{Tue 00:13:48 Step:78855} Server_Comm.py: Received a new packet while thinking!
{Tue 00:13:48 Step:78858} Server_Comm.py: Received a new packet while thinking!
{Tue 00:13:48 Step:78861} Server_Comm.py: Received a new packet while thinking!
{Tue 00:13:48 Step:78864} Server_Comm.py: Received a new packet while thinking!
{Tue 00:13:48 Step:78867} Server_Comm.py: Received a new packet while thinking!
{Tue 00:13:48 Step:78870} Server_Comm.py: Received a new packet while thinking!
{Tue 00:13:49 Step:78873} Server_Comm.py: Received a new packet while thinking!
{Tue 00:13:49 Step:78876} Server_Comm.py: Received a new packet while thinking!
{Tue 00:13:49 Step:78879} Server_Comm.py: Received a new packet while thinking!
{Tue 00:13:49 Step:78882} Server_Comm.py: Received a new packet while thinking!
{Tue 00:13:49 Step:78885} Server_Comm.py: Received a new packet while thinking!
{Tue 00:13:49 Step:78888} Server_Comm.py: Received a new packet while thinking!
{Tue 00:13:49 Step:78891} Server_Comm.py: Received a new packet while thinking!
{Tue 00:13:49 Step:78894} Server_Comm.py: Received a new packet while thinking!
{Tue 00:13:49 Step:78897} Server_Comm.py: Received a new packet while thinking!
{Tue 00:13:49 Step:78900} Server_Comm.py: Received a new packet while thinking!
{Tue 00:13:49 Step:78903} Server_Comm.py: Received a new packet while thinking!
{Tue 00:13:49 Step:78906} Server_Comm.py: Received a new packet while thinking!
{Tue 00:13:49 Step:78909} Server_Comm.py: Received a new packet while thinking!
{Tue 00:13:49 Step:78912} Server_Comm.py: Received a new packet while thinking!
{Tue 00:13:49 Step:78915} Server_Comm.py: Received a new packet while thinking!
{Tue 00:13:49 Step:78918} Server_Comm.py: Received a new packet while thinking!
{Tue 00:13:49 Step:78921} Server_Comm.py: Received a new packet while thinking!
{Tue 00:13:50 Step:78924} Server_Comm.py: Received a new packet while thinking!
{Tue 00:13:50 Step:78927} Server_Comm.py: Received a new packet while thinking!
{Tue 00:13:50 Step:78930} Server_Comm.py: Received a new packet while thinking!
{Tue 00:13:50 Step:78933} Server_Comm.py: Received a new packet while thinking!
{Tue 00:13:50 Step:78936} Server_Comm.py: Received a new packet while thinking!
{Tue 00:13:50 Step:78939} Server_Comm.py: Received a new packet while thinking!
{Tue 00:13:50 Step:78942} Server_Comm.py: Received a new packet while thinking!
{Tue 00:13:50 Step:78945} Server_Comm.py: Received a new packet while thinking!
{Tue 00:13:50 Step:78948} Server_Comm.py: Received a new packet while thinking!
{Tue 00:13:50 Step:78951} Server_Comm.py: Received a new packet while thinking!
{Tue 00:13:50 Step:78954} Server_Comm.py: Received a new packet while thinking!
{Tue 00:13:50 Step:78957} Server_Comm.py: Received a new packet while thinking!
{Tue 00:13:50 Step:78960} Server_Comm.py: Received a new packet while thinking!
{Tue 00:13:50 Step:78963} Server_Comm.py: Received a new packet while thinking!
{Tue 00:13:50 Step:78966} Server_Comm.py: Received a new packet while thinking!
{Tue 00:13:50 Step:78969} Server_Comm.py: Received a new packet while thinking!
{Tue 00:13:51 Step:78972} Server_Comm.py: Received a new packet while thinking!
{Tue 00:13:51 Step:78975} Server_Comm.py: Received a new packet while thinking!
{Tue 00:13:51 Step:78978} Server_Comm.py: Received a new packet while thinking!
{Tue 00:13:51 Step:78981} Server_Comm.py: Received a new packet while thinking!
{Tue 00:13:51 Step:78984} Server_Comm.py: Received a new packet while thinking!
{Tue 00:13:51 Step:78987} Server_Comm.py: Received a new packet while thinking!
{Tue 00:13:51 Step:78990} Server_Comm.py: Received a new packet while thinking!
{Tue 00:13:51 Step:78993} Server_Comm.py: Received a new packet while thinking!
{Tue 00:13:51 Step:78996} Server_Comm.py: Received a new packet while thinking!
{Tue 00:13:51 Step:78999} Server_Comm.py: Received a new packet while thinking!
{Tue 00:13:51 Step:79002} Server_Comm.py: Received a new packet while thinking!
{Tue 00:13:51 Step:79005} Server_Comm.py: Received a new packet while thinking!
{Tue 00:13:51 Step:79008} Server_Comm.py: Received a new packet while thinking!
{Tue 00:13:51 Step:79011} Server_Comm.py: Received a new packet while thinking!
{Tue 00:13:51 Step:79014} Server_Comm.py: Received a new packet while thinking!
{Tue 00:13:51 Step:79017} Server_Comm.py: Received a new packet while thinking!
{Tue 00:13:52 Step:79020} Server_Comm.py: Received a new packet while thinking!
{Tue 00:13:52 Step:79023} Server_Comm.py: Received a new packet while thinking!
{Tue 00:13:52 Step:79026} Server_Comm.py: Received a new packet while thinking!
{Tue 00:13:52 Step:79029} Server_Comm.py: Received a new packet while thinking!
{Tue 00:13:52 Step:79032} Server_Comm.py: Received a new packet while thinking!
{Tue 00:13:52 Step:79035} Server_Comm.py: Received a new packet while thinking!
{Tue 00:13:52 Step:79038} Server_Comm.py: Received a new packet while thinking!
{Tue 00:13:52 Step:79041} Server_Comm.py: Received a new packet while thinking!
{Tue 00:13:52 Step:79044} Server_Comm.py: Received a new packet while thinking!
{Tue 00:13:52 Step:79047} Server_Comm.py: Received a new packet while thinking!
{Tue 00:13:52 Step:79050} Server_Comm.py: Received a new packet while thinking!
{Tue 00:13:52 Step:79053} Server_Comm.py: Received a new packet while thinking!
{Tue 00:13:52 Step:79056} Server_Comm.py: Received a new packet while thinking!
{Tue 00:13:52 Step:79059} Server_Comm.py: Received a new packet while thinking!
{Tue 00:13:52 Step:79062} Server_Comm.py: Received a new packet while thinking!
{Tue 00:13:52 Step:79065} Server_Comm.py: Received a new packet while thinking!
{Tue 00:13:52 Step:79068} Server_Comm.py: Received a new packet while thinking!
{Tue 00:13:53 Step:79071} Server_Comm.py: Received a new packet while thinking!
{Tue 00:13:53 Step:79074} Server_Comm.py: Received a new packet while thinking!
{Tue 00:13:53 Step:79078} Server_Comm.py: The agent lost 1 packet! Is syncmode enabled?
{Tue 00:14:53 Step:82050} Server_Comm.py: Received a new packet while thinking!
{Tue 00:22:53 Step:105794} Server_Comm.py: Received a new packet while thinking!
{Tue 00:22:53 Step:105795} Server_Comm.py: Received a new packet while thinking!
{Tue 00:25:15 Step:112861} World_Parser.py: Received field line with NaNs [  nan   nan   nan 18.97  9.51 59.53]
{Tue 00:25:53 Step:114699} Server_Comm.py: Received a new packet while thinking!
{Tue 00:29:53 Step:126577} Server_Comm.py: Received a new packet while thinking!
{Tue 00:30:00 Step:126943} Server_Comm.py: Received a new packet while thinking!
{Tue 00:32:53 Step:135486} Server_Comm.py: Received a new packet while thinking!
{Tue 00:35:51 Step:144289} Server_Comm.py: Received a new packet while thinking!
{Tue 00:35:53 Step:144390} Server_Comm.py: Received a new packet while thinking!
{Tue 00:40:00 Step:156639} Server_Comm.py: Received a new packet while thinking!
{Tue 00:40:00 Step:156643} Server_Comm.py: The agent lost 1 packet! Is syncmode enabled?
{Tue 00:41:07 Step:159940} World_Parser.py: Received field line with NaNs [  nan   nan   nan 21.33  9.54 59.67]
{Tue 00:41:53 Step:162213} Server_Comm.py: Received a new packet while thinking!
{Tue 00:46:53 Step:177051} Server_Comm.py: Received a new packet while thinking!
{Tue 00:47:25 Step:178635} Server_Comm.py: Received a new packet while thinking!
{Tue 00:50:00 Step:186324} Server_Comm.py: Received a new packet while thinking!
{Tue 00:51:46 Step:191548} Server_Comm.py: Received a new packet while thinking!
