{Mon 01:04:20 Step:1} Server_Comm.py: Received a new packet while on world.update()!
{Mon 01:04:20 Step:12} Server_Comm.py: The agent lost 10 consecutive packets! Is syncmode disabled?
{Mon 01:04:20 Step:12} Server_Comm.py: Received a new packet while on world.update()!
{Mon 01:04:20 Step:14} Server_Comm.py: The agent lost 1 packet! Is syncmode enabled?
{Mon 01:04:20 Step:14} Server_Comm.py: Received a new packet while on world.update()!
{Mon 01:04:20 Step:16} Server_Comm.py: The agent lost 1 packet! Is syncmode enabled?
{Mon 01:04:20 Step:16} Server_Comm.py: Received a new packet while on world.update()!
{Mon 01:04:20 Step:17} Server_Comm.py: Received a new packet while on world.update()!
{Mon 01:04:20 Step:20} Server_Comm.py: The agent lost 2 consecutive packets! Is syncmode disabled?
{Mon 01:04:20 Step:20} Server_Comm.py: Received a new packet while on world.update()!
{Mon 01:04:20 Step:22} Server_Comm.py: The agent lost 1 packet! Is syncmode enabled?
{Mon 01:04:20 Step:23} Server_Comm.py: Received a new packet while on world.update()!
{Mon 01:04:20 Step:26} Server_Comm.py: The agent lost 1 packet! Is syncmode enabled?
{Mon 01:04:20 Step:29} Server_Comm.py: The agent lost 1 packet! Is syncmode enabled?
{Mon 01:04:20 Step:29} Server_Comm.py: Received a new packet while thinking!
{Mon 01:04:20 Step:65} Server_Comm.py: The agent lost 35 consecutive packets! Is syncmode disabled?
{Mon 01:04:20 Step:82} Server_Comm.py: The agent lost 16 consecutive packets! Is syncmode disabled?
{Mon 01:04:20 Step:88} Server_Comm.py: The agent lost 5 consecutive packets! Is syncmode disabled?
{Mon 01:04:20 Step:90} Server_Comm.py: The agent lost 1 packet! Is syncmode enabled?
{Mon 01:04:20 Step:93} Server_Comm.py: The agent lost 1 packet! Is syncmode enabled?
{Mon 01:04:20 Step:100} Server_Comm.py: The agent lost 6 consecutive packets! Is syncmode disabled?
{Mon 01:04:20 Step:102} Server_Comm.py: The agent lost 1 packet! Is syncmode enabled?
{Mon 01:04:20 Step:104} Server_Comm.py: The agent lost 1 packet! Is syncmode enabled?
{Mon 01:04:20 Step:107} Server_Comm.py: The agent lost 1 packet! Is syncmode enabled?
{Mon 01:04:20 Step:110} Server_Comm.py: The agent lost 2 consecutive packets! Is syncmode disabled?
{Mon 01:04:20 Step:114} Server_Comm.py: The agent lost 2 consecutive packets! Is syncmode disabled?
{Mon 01:04:20 Step:117} Server_Comm.py: The agent lost 1 packet! Is syncmode enabled?
{Mon 01:04:20 Step:120} Server_Comm.py: The agent lost 2 consecutive packets! Is syncmode disabled?
{Mon 01:04:20 Step:124} Server_Comm.py: The agent lost 2 consecutive packets! Is syncmode disabled?
{Mon 01:04:20 Step:126} Server_Comm.py: The agent lost 1 packet! Is syncmode enabled?
{Mon 01:04:20 Step:130} Server_Comm.py: The agent lost 2 consecutive packets! Is syncmode disabled?
{Mon 01:04:20 Step:132} Server_Comm.py: The agent lost 1 packet! Is syncmode enabled?
{Mon 01:04:20 Step:134} Server_Comm.py: The agent lost 1 packet! Is syncmode enabled?
{Mon 01:04:20 Step:138} Server_Comm.py: The agent lost 2 consecutive packets! Is syncmode disabled?
{Mon 01:04:20 Step:140} Server_Comm.py: The agent lost 1 packet! Is syncmode enabled?
{Mon 01:04:20 Step:144} Server_Comm.py: The agent lost 2 consecutive packets! Is syncmode disabled?
{Mon 01:04:20 Step:148} Server_Comm.py: The agent lost 1 packet! Is syncmode enabled?
{Mon 01:04:20 Step:151} Server_Comm.py: The agent lost 1 packet! Is syncmode enabled?
{Mon 01:04:20 Step:154} Server_Comm.py: The agent lost 2 consecutive packets! Is syncmode disabled?
{Mon 01:04:20 Step:156} Server_Comm.py: The agent lost 1 packet! Is syncmode enabled?
{Mon 01:04:20 Step:158} Server_Comm.py: The agent lost 1 packet! Is syncmode enabled?
{Mon 01:04:20 Step:163} Server_Comm.py: The agent lost 3 consecutive packets! Is syncmode disabled?
{Mon 01:04:20 Step:166} Server_Comm.py: The agent lost 2 consecutive packets! Is syncmode disabled?
{Mon 01:04:20 Step:169} Server_Comm.py: The agent lost 1 packet! Is syncmode enabled?
{Mon 01:04:20 Step:171} Server_Comm.py: The agent lost 1 packet! Is syncmode enabled?
{Mon 01:04:20 Step:174} Server_Comm.py: The agent lost 2 consecutive packets! Is syncmode disabled?
{Mon 01:04:20 Step:176} Server_Comm.py: The agent lost 1 packet! Is syncmode enabled?
{Mon 01:04:20 Step:179} Server_Comm.py: The agent lost 1 packet! Is syncmode enabled?
{Mon 01:04:20 Step:182} Server_Comm.py: The agent lost 2 consecutive packets! Is syncmode disabled?
{Mon 01:04:20 Step:185} Server_Comm.py: The agent lost 1 packet! Is syncmode enabled?
{Mon 01:04:20 Step:188} Server_Comm.py: The agent lost 2 consecutive packets! Is syncmode disabled?
{Mon 01:04:20 Step:191} Server_Comm.py: The agent lost 1 packet! Is syncmode enabled?
{Mon 01:04:20 Step:194} Server_Comm.py: The agent lost 2 consecutive packets! Is syncmode disabled?
{Mon 01:04:20 Step:196} Server_Comm.py: The agent lost 1 packet! Is syncmode enabled?
{Mon 01:04:20 Step:198} Server_Comm.py: The agent lost 1 packet! Is syncmode enabled?
{Mon 01:04:20 Step:202} Server_Comm.py: The agent lost 2 consecutive packets! Is syncmode disabled?
{Mon 01:04:20 Step:204} Server_Comm.py: The agent lost 1 packet! Is syncmode enabled?
{Mon 01:04:20 Step:207} Server_Comm.py: The agent lost 1 packet! Is syncmode enabled?
{Mon 01:04:20 Step:210} Server_Comm.py: The agent lost 2 consecutive packets! Is syncmode disabled?
{Mon 01:04:20 Step:212} Server_Comm.py: The agent lost 1 packet! Is syncmode enabled?
{Mon 01:04:20 Step:216} Server_Comm.py: The agent lost 2 consecutive packets! Is syncmode disabled?
{Mon 01:04:20 Step:219} Server_Comm.py: The agent lost 1 packet! Is syncmode enabled?
{Mon 01:04:20 Step:222} Server_Comm.py: The agent lost 2 consecutive packets! Is syncmode disabled?
{Mon 01:04:20 Step:225} Server_Comm.py: The agent lost 1 packet! Is syncmode enabled?
{Mon 01:04:20 Step:227} Server_Comm.py: The agent lost 1 packet! Is syncmode enabled?
{Mon 01:04:20 Step:229} Server_Comm.py: The agent lost 1 packet! Is syncmode enabled?
{Mon 01:04:20 Step:232} Server_Comm.py: The agent lost 2 consecutive packets! Is syncmode disabled?
{Mon 01:04:20 Step:235} Server_Comm.py: The agent lost 1 packet! Is syncmode enabled?
{Mon 01:04:20 Step:238} Server_Comm.py: The agent lost 1 packet! Is syncmode enabled?
{Mon 01:04:20 Step:241} Server_Comm.py: The agent lost 1 packet! Is syncmode enabled?
{Mon 01:04:20 Step:243} Server_Comm.py: The agent lost 1 packet! Is syncmode enabled?
{Mon 01:04:20 Step:246} Server_Comm.py: The agent lost 2 consecutive packets! Is syncmode disabled?
{Mon 01:04:20 Step:248} Server_Comm.py: The agent lost 1 packet! Is syncmode enabled?
{Mon 01:04:20 Step:250} Server_Comm.py: The agent lost 1 packet! Is syncmode enabled?
{Mon 01:04:20 Step:252} Server_Comm.py: The agent lost 1 packet! Is syncmode enabled?
{Mon 01:04:20 Step:256} Server_Comm.py: The agent lost 2 consecutive packets! Is syncmode disabled?
{Mon 01:04:20 Step:258} Server_Comm.py: The agent lost 1 packet! Is syncmode enabled?
{Mon 01:04:20 Step:261} Server_Comm.py: The agent lost 1 packet! Is syncmode enabled?
{Mon 01:04:20 Step:264} Server_Comm.py: The agent lost 2 consecutive packets! Is syncmode disabled?
{Mon 01:04:20 Step:266} Server_Comm.py: The agent lost 1 packet! Is syncmode enabled?
{Mon 01:04:20 Step:270} Server_Comm.py: The agent lost 2 consecutive packets! Is syncmode disabled?
{Mon 01:04:20 Step:272} Server_Comm.py: The agent lost 1 packet! Is syncmode enabled?
{Mon 01:04:20 Step:277} Server_Comm.py: The agent lost 4 consecutive packets! Is syncmode disabled?
{Mon 01:04:20 Step:280} Server_Comm.py: The agent lost 2 consecutive packets! Is syncmode disabled?
{Mon 01:04:20 Step:282} Server_Comm.py: The agent lost 1 packet! Is syncmode enabled?
{Mon 01:04:20 Step:284} Server_Comm.py: The agent lost 1 packet! Is syncmode enabled?
{Mon 01:04:20 Step:287} Server_Comm.py: The agent lost 1 packet! Is syncmode enabled?
{Mon 01:04:20 Step:289} Server_Comm.py: The agent lost 1 packet! Is syncmode enabled?
{Mon 01:04:20 Step:292} Server_Comm.py: The agent lost 2 consecutive packets! Is syncmode disabled?
{Mon 01:04:20 Step:297} Server_Comm.py: The agent lost 3 consecutive packets! Is syncmode disabled?
{Mon 01:04:20 Step:299} Server_Comm.py: The agent lost 1 packet! Is syncmode enabled?
{Mon 01:04:20 Step:302} Server_Comm.py: The agent lost 2 consecutive packets! Is syncmode disabled?
{Mon 01:04:20 Step:306} Server_Comm.py: The agent lost 2 consecutive packets! Is syncmode disabled?
{Mon 01:04:20 Step:310} Server_Comm.py: The agent lost 2 consecutive packets! Is syncmode disabled?
{Mon 01:04:20 Step:314} Server_Comm.py: The agent lost 2 consecutive packets! Is syncmode disabled?
{Mon 01:04:20 Step:318} Server_Comm.py: The agent lost 2 consecutive packets! Is syncmode disabled?
{Mon 01:04:20 Step:320} Server_Comm.py: The agent lost 1 packet! Is syncmode enabled?
{Mon 01:04:20 Step:322} Server_Comm.py: The agent lost 1 packet! Is syncmode enabled?
{Mon 01:04:20 Step:326} Server_Comm.py: The agent lost 2 consecutive packets! Is syncmode disabled?
{Mon 01:04:20 Step:336} Server_Comm.py: The agent lost 8 consecutive packets! Is syncmode disabled?
{Mon 01:04:20 Step:340} Server_Comm.py: The agent lost 3 consecutive packets! Is syncmode disabled?
{Mon 01:04:20 Step:343} Server_Comm.py: The agent lost 2 consecutive packets! Is syncmode disabled?
{Mon 01:04:20 Step:346} Server_Comm.py: The agent lost 2 consecutive packets! Is syncmode disabled?
{Mon 01:04:20 Step:348} Server_Comm.py: The agent lost 1 packet! Is syncmode enabled?
{Mon 01:04:20 Step:350} Server_Comm.py: The agent lost 1 packet! Is syncmode enabled?
{Mon 01:04:20 Step:354} Server_Comm.py: The agent lost 2 consecutive packets! Is syncmode disabled?
{Mon 01:04:20 Step:357} Server_Comm.py: The agent lost 1 packet! Is syncmode enabled?
{Mon 01:04:20 Step:362} Server_Comm.py: The agent lost 4 consecutive packets! Is syncmode disabled?
{Mon 01:04:20 Step:364} Server_Comm.py: The agent lost 1 packet! Is syncmode enabled?
{Mon 01:04:20 Step:366} Server_Comm.py: The agent lost 1 packet! Is syncmode enabled?
{Mon 01:04:20 Step:368} Server_Comm.py: The agent lost 1 packet! Is syncmode enabled?
{Mon 01:04:20 Step:372} Server_Comm.py: The agent lost 1 packet! Is syncmode enabled?
{Mon 01:04:20 Step:384} Server_Comm.py: The agent lost 1 packet! Is syncmode enabled?
{Mon 01:04:20 Step:399} Server_Comm.py: The agent lost 1 packet! Is syncmode enabled?
{Mon 01:04:20 Step:402} Server_Comm.py: The agent lost 2 consecutive packets! Is syncmode disabled?
{Mon 01:04:20 Step:406} Server_Comm.py: The agent lost 1 packet! Is syncmode enabled?
{Mon 01:04:20 Step:410} Server_Comm.py: The agent lost 2 consecutive packets! Is syncmode disabled?
{Mon 01:04:20 Step:461} Server_Comm.py: The agent lost 7 consecutive packets! Is syncmode disabled?
{Mon 01:04:20 Step:464} Server_Comm.py: The agent lost 2 consecutive packets! Is syncmode disabled?
{Mon 01:04:20 Step:466} Server_Comm.py: The agent lost 1 packet! Is syncmode enabled?
{Mon 01:04:20 Step:468} Server_Comm.py: The agent lost 1 packet! Is syncmode enabled?
{Mon 01:04:20 Step:470} Server_Comm.py: The agent lost 1 packet! Is syncmode enabled?
{Mon 01:04:20 Step:474} Server_Comm.py: The agent lost 2 consecutive packets! Is syncmode disabled?
{Mon 01:04:20 Step:478} Server_Comm.py: The agent lost 2 consecutive packets! Is syncmode disabled?
{Mon 01:04:20 Step:480} Server_Comm.py: The agent lost 1 packet! Is syncmode enabled?
{Mon 01:04:20 Step:483} Server_Comm.py: The agent lost 1 packet! Is syncmode enabled?
{Mon 01:04:20 Step:486} Server_Comm.py: The agent lost 2 consecutive packets! Is syncmode disabled?
{Mon 01:04:20 Step:488} Server_Comm.py: The agent lost 1 packet! Is syncmode enabled?
{Mon 01:04:20 Step:492} Server_Comm.py: The agent lost 2 consecutive packets! Is syncmode disabled?
{Mon 01:04:20 Step:496} Server_Comm.py: The agent lost 2 consecutive packets! Is syncmode disabled?
{Mon 01:04:20 Step:499} Server_Comm.py: The agent lost 1 packet! Is syncmode enabled?
{Mon 01:04:20 Step:502} Server_Comm.py: The agent lost 2 consecutive packets! Is syncmode disabled?
{Mon 01:04:20 Step:507} Server_Comm.py: The agent lost 3 consecutive packets! Is syncmode disabled?
{Mon 01:04:20 Step:511} Server_Comm.py: The agent lost 3 consecutive packets! Is syncmode disabled?
{Mon 01:04:20 Step:515} Server_Comm.py: The agent lost 3 consecutive packets! Is syncmode disabled?
{Mon 01:04:20 Step:518} Server_Comm.py: The agent lost 2 consecutive packets! Is syncmode disabled?
{Mon 01:04:20 Step:520} Server_Comm.py: The agent lost 1 packet! Is syncmode enabled?
{Mon 01:04:20 Step:522} Server_Comm.py: The agent lost 1 packet! Is syncmode enabled?
{Mon 01:04:20 Step:524} Server_Comm.py: The agent lost 1 packet! Is syncmode enabled?
{Mon 01:04:20 Step:528} Server_Comm.py: The agent lost 2 consecutive packets! Is syncmode disabled?
{Mon 01:04:20 Step:530} Server_Comm.py: The agent lost 1 packet! Is syncmode enabled?
{Mon 01:04:20 Step:532} Server_Comm.py: The agent lost 1 packet! Is syncmode enabled?
{Mon 01:04:20 Step:534} Server_Comm.py: The agent lost 1 packet! Is syncmode enabled?
{Mon 01:04:20 Step:538} Server_Comm.py: The agent lost 2 consecutive packets! Is syncmode disabled?
{Mon 01:04:20 Step:540} Server_Comm.py: The agent lost 1 packet! Is syncmode enabled?
{Mon 01:04:20 Step:544} Server_Comm.py: The agent lost 2 consecutive packets! Is syncmode disabled?
{Mon 01:04:20 Step:549} Server_Comm.py: The agent lost 3 consecutive packets! Is syncmode disabled?
{Mon 01:04:20 Step:552} Server_Comm.py: The agent lost 2 consecutive packets! Is syncmode disabled?
{Mon 01:04:20 Step:554} Server_Comm.py: The agent lost 1 packet! Is syncmode enabled?
{Mon 01:04:20 Step:556} Server_Comm.py: The agent lost 1 packet! Is syncmode enabled?
{Mon 01:04:20 Step:559} Server_Comm.py: The agent lost 1 packet! Is syncmode enabled?
{Mon 01:04:20 Step:570} Server_Comm.py: The agent lost 2 consecutive packets! Is syncmode disabled?
{Mon 01:04:20 Step:575} Server_Comm.py: The agent lost 1 packet! Is syncmode enabled?
{Mon 01:04:20 Step:583} Server_Comm.py: The agent lost 1 packet! Is syncmode enabled?
{Mon 01:04:20 Step:608} Server_Comm.py: The agent lost 2 consecutive packets! Is syncmode disabled?
{Mon 01:04:20 Step:610} Server_Comm.py: The agent lost 1 packet! Is syncmode enabled?
{Mon 01:04:20 Step:612} Server_Comm.py: The agent lost 1 packet! Is syncmode enabled?
{Mon 01:04:20 Step:617} Server_Comm.py: The agent lost 4 consecutive packets! Is syncmode disabled?
{Mon 01:04:20 Step:622} Server_Comm.py: The agent lost 4 consecutive packets! Is syncmode disabled?
{Mon 01:04:20 Step:624} Server_Comm.py: The agent lost 1 packet! Is syncmode enabled?
{Mon 01:04:20 Step:626} Server_Comm.py: The agent lost 1 packet! Is syncmode enabled?
{Mon 01:04:20 Step:628} Server_Comm.py: The agent lost 1 packet! Is syncmode enabled?
{Mon 01:04:20 Step:633} Server_Comm.py: The agent lost 3 consecutive packets! Is syncmode disabled?
{Mon 01:04:20 Step:638} Server_Comm.py: The agent lost 4 consecutive packets! Is syncmode disabled?
{Mon 01:04:20 Step:640} Server_Comm.py: The agent lost 1 packet! Is syncmode enabled?
{Mon 01:04:20 Step:644} Server_Comm.py: The agent lost 2 consecutive packets! Is syncmode disabled?
{Mon 01:04:20 Step:648} Server_Comm.py: The agent lost 2 consecutive packets! Is syncmode disabled?
{Mon 01:04:20 Step:652} Server_Comm.py: The agent lost 2 consecutive packets! Is syncmode disabled?
{Mon 01:04:20 Step:654} Server_Comm.py: The agent lost 1 packet! Is syncmode enabled?
{Mon 01:04:20 Step:658} Server_Comm.py: The agent lost 2 consecutive packets! Is syncmode disabled?
{Mon 01:04:20 Step:660} Server_Comm.py: The agent lost 1 packet! Is syncmode enabled?
{Mon 01:04:20 Step:662} Server_Comm.py: The agent lost 1 packet! Is syncmode enabled?
{Mon 01:04:20 Step:667} Server_Comm.py: The agent lost 3 consecutive packets! Is syncmode disabled?
{Mon 01:04:20 Step:671} Server_Comm.py: The agent lost 3 consecutive packets! Is syncmode disabled?
{Mon 01:04:20 Step:674} Server_Comm.py: The agent lost 2 consecutive packets! Is syncmode disabled?
{Mon 01:04:20 Step:678} Server_Comm.py: The agent lost 1 packet! Is syncmode enabled?
{Mon 01:04:20 Step:683} Server_Comm.py: The agent lost 1 packet! Is syncmode enabled?
{Mon 01:04:20 Step:688} Server_Comm.py: The agent lost 1 packet! Is syncmode enabled?
{Mon 01:04:20 Step:691} Server_Comm.py: The agent lost 1 packet! Is syncmode enabled?
{Mon 01:04:20 Step:693} Server_Comm.py: The agent lost 1 packet! Is syncmode enabled?
{Mon 01:04:20 Step:696} Server_Comm.py: The agent lost 1 packet! Is syncmode enabled?
{Mon 01:04:20 Step:706} Server_Comm.py: The agent lost 1 packet! Is syncmode enabled?
{Mon 01:04:20 Step:718} Server_Comm.py: The agent lost 1 packet! Is syncmode enabled?
{Mon 01:04:20 Step:748} Server_Comm.py: The agent lost 1 packet! Is syncmode enabled?
{Mon 01:04:20 Step:752} Server_Comm.py: The agent lost 2 consecutive packets! Is syncmode disabled?
{Mon 01:04:20 Step:756} Server_Comm.py: The agent lost 3 consecutive packets! Is syncmode disabled?
{Mon 01:04:20 Step:758} Server_Comm.py: The agent lost 1 packet! Is syncmode enabled?
{Mon 01:04:20 Step:760} Server_Comm.py: The agent lost 1 packet! Is syncmode enabled?
{Mon 01:04:20 Step:763} Server_Comm.py: The agent lost 1 packet! Is syncmode enabled?
{Mon 01:04:20 Step:766} Server_Comm.py: The agent lost 2 consecutive packets! Is syncmode disabled?
{Mon 01:04:20 Step:768} Server_Comm.py: The agent lost 1 packet! Is syncmode enabled?
{Mon 01:04:20 Step:770} Server_Comm.py: The agent lost 1 packet! Is syncmode enabled?
{Mon 01:04:20 Step:772} Server_Comm.py: The agent lost 1 packet! Is syncmode enabled?
{Mon 01:04:20 Step:776} Server_Comm.py: The agent lost 2 consecutive packets! Is syncmode disabled?
{Mon 01:04:20 Step:778} Server_Comm.py: The agent lost 1 packet! Is syncmode enabled?
{Mon 01:04:20 Step:782} Server_Comm.py: The agent lost 2 consecutive packets! Is syncmode disabled?
{Mon 01:04:20 Step:784} Server_Comm.py: The agent lost 1 packet! Is syncmode enabled?
{Mon 01:04:20 Step:790} Server_Comm.py: The agent lost 2 consecutive packets! Is syncmode disabled?
{Mon 01:04:20 Step:792} Server_Comm.py: The agent lost 1 packet! Is syncmode enabled?
{Mon 01:04:20 Step:794} Server_Comm.py: The agent lost 1 packet! Is syncmode enabled?
{Mon 01:04:20 Step:797} Server_Comm.py: The agent lost 1 packet! Is syncmode enabled?
{Mon 01:04:20 Step:799} Server_Comm.py: The agent lost 1 packet! Is syncmode enabled?
{Mon 01:04:20 Step:802} Server_Comm.py: The agent lost 2 consecutive packets! Is syncmode disabled?
{Mon 01:04:20 Step:804} Server_Comm.py: The agent lost 1 packet! Is syncmode enabled?
{Mon 01:04:20 Step:807} Server_Comm.py: The agent lost 1 packet! Is syncmode enabled?
{Mon 01:04:20 Step:807} Server_Comm.py: Received a new packet while thinking!
{Mon 01:04:20 Step:915} Server_Comm.py: The agent lost 107 consecutive packets! Is syncmode disabled?
{Mon 01:04:20 Step:928} Server_Comm.py: The agent lost 12 consecutive packets! Is syncmode disabled?
{Mon 01:04:20 Step:933} Server_Comm.py: The agent lost 4 consecutive packets! Is syncmode disabled?
{Mon 01:04:20 Step:936} Server_Comm.py: The agent lost 2 consecutive packets! Is syncmode disabled?
{Mon 01:04:20 Step:938} Server_Comm.py: The agent lost 1 packet! Is syncmode enabled?
{Mon 01:04:20 Step:941} Server_Comm.py: The agent lost 1 packet! Is syncmode enabled?
{Mon 01:04:20 Step:944} Server_Comm.py: The agent lost 1 packet! Is syncmode enabled?
{Mon 01:04:20 Step:947} Server_Comm.py: The agent lost 1 packet! Is syncmode enabled?
{Mon 01:04:20 Step:950} Server_Comm.py: The agent lost 2 consecutive packets! Is syncmode disabled?
{Mon 01:04:20 Step:955} Server_Comm.py: The agent lost 1 packet! Is syncmode enabled?
{Mon 01:04:20 Step:957} Server_Comm.py: The agent lost 1 packet! Is syncmode enabled?
{Mon 01:04:20 Step:982} Server_Comm.py: The agent lost 1 packet! Is syncmode enabled?
{Mon 01:04:20 Step:985} Server_Comm.py: The agent lost 1 packet! Is syncmode enabled?
{Mon 01:04:20 Step:988} Server_Comm.py: The agent lost 1 packet! Is syncmode enabled?
{Mon 01:04:20 Step:994} Server_Comm.py: The agent lost 1 packet! Is syncmode enabled?
{Mon 01:04:20 Step:1004} Server_Comm.py: The agent lost 1 packet! Is syncmode enabled?
{Mon 01:04:20 Step:1022} Server_Comm.py: The agent lost 1 packet! Is syncmode enabled?
{Mon 01:04:20 Step:1027} Server_Comm.py: The agent lost 1 packet! Is syncmode enabled?
{Mon 01:04:20 Step:1036} Server_Comm.py: The agent lost 2 consecutive packets! Is syncmode disabled?
{Mon 01:04:20 Step:1039} Server_Comm.py: The agent lost 1 packet! Is syncmode enabled?
{Mon 01:04:20 Step:1044} Server_Comm.py: The agent lost 4 consecutive packets! Is syncmode disabled?
{Mon 01:04:20 Step:1046} Server_Comm.py: The agent lost 1 packet! Is syncmode enabled?
{Mon 01:04:20 Step:1048} Server_Comm.py: The agent lost 1 packet! Is syncmode enabled?
{Mon 01:04:20 Step:1051} Server_Comm.py: The agent lost 1 packet! Is syncmode enabled?
{Mon 01:04:20 Step:1053} Server_Comm.py: The agent lost 1 packet! Is syncmode enabled?
{Mon 01:04:20 Step:1057} Server_Comm.py: The agent lost 3 consecutive packets! Is syncmode disabled?
{Mon 01:04:20 Step:1061} Server_Comm.py: The agent lost 3 consecutive packets! Is syncmode disabled?
{Mon 01:04:20 Step:1064} Server_Comm.py: The agent lost 2 consecutive packets! Is syncmode disabled?
{Mon 01:04:20 Step:1068} Server_Comm.py: The agent lost 2 consecutive packets! Is syncmode disabled?
{Mon 01:04:20 Step:1070} Server_Comm.py: The agent lost 1 packet! Is syncmode enabled?
{Mon 01:04:20 Step:1074} Server_Comm.py: The agent lost 2 consecutive packets! Is syncmode disabled?
{Mon 01:04:20 Step:1076} Server_Comm.py: The agent lost 1 packet! Is syncmode enabled?
{Mon 01:04:20 Step:1079} Server_Comm.py: The agent lost 1 packet! Is syncmode enabled?
{Mon 01:04:20 Step:1082} Server_Comm.py: The agent lost 2 consecutive packets! Is syncmode disabled?
{Mon 01:04:20 Step:1084} Server_Comm.py: The agent lost 1 packet! Is syncmode enabled?
{Mon 01:04:20 Step:1086} Server_Comm.py: The agent lost 1 packet! Is syncmode enabled?
{Mon 01:04:20 Step:1090} Server_Comm.py: The agent lost 2 consecutive packets! Is syncmode disabled?
{Mon 01:04:20 Step:1093} Server_Comm.py: The agent lost 1 packet! Is syncmode enabled?
{Mon 01:04:20 Step:1096} Server_Comm.py: The agent lost 2 consecutive packets! Is syncmode disabled?
{Mon 01:04:20 Step:1098} Server_Comm.py: The agent lost 1 packet! Is syncmode enabled?
{Mon 01:04:20 Step:1102} Server_Comm.py: The agent lost 2 consecutive packets! Is syncmode disabled?
{Mon 01:04:20 Step:1105} Server_Comm.py: The agent lost 1 packet! Is syncmode enabled?
{Mon 01:04:20 Step:1109} Server_Comm.py: The agent lost 3 consecutive packets! Is syncmode disabled?
{Mon 01:04:20 Step:1111} Server_Comm.py: The agent lost 1 packet! Is syncmode enabled?
{Mon 01:04:20 Step:1114} Server_Comm.py: The agent lost 1 packet! Is syncmode enabled?
{Mon 01:04:20 Step:1118} Server_Comm.py: The agent lost 1 packet! Is syncmode enabled?
{Mon 01:04:21 Step:1134} Server_Comm.py: The agent lost 2 consecutive packets! Is syncmode disabled?
{Mon 01:04:21 Step:1136} Server_Comm.py: The agent lost 1 packet! Is syncmode enabled?
{Mon 01:04:21 Step:1160} Server_Comm.py: The agent lost 2 consecutive packets! Is syncmode disabled?
{Mon 01:04:21 Step:1162} Server_Comm.py: The agent lost 1 packet! Is syncmode enabled?
{Mon 01:04:21 Step:1164} Server_Comm.py: The agent lost 1 packet! Is syncmode enabled?
{Mon 01:04:21 Step:1166} Server_Comm.py: The agent lost 1 packet! Is syncmode enabled?
{Mon 01:04:21 Step:1171} Server_Comm.py: The agent lost 2 consecutive packets! Is syncmode disabled?
{Mon 01:04:21 Step:1175} Server_Comm.py: The agent lost 3 consecutive packets! Is syncmode disabled?
{Mon 01:04:21 Step:1179} Server_Comm.py: The agent lost 3 consecutive packets! Is syncmode disabled?
{Mon 01:04:21 Step:1184} Server_Comm.py: The agent lost 1 packet! Is syncmode enabled?
{Mon 01:04:21 Step:1188} Server_Comm.py: The agent lost 1 packet! Is syncmode enabled?
{Mon 01:04:21 Step:1190} Server_Comm.py: The agent lost 1 packet! Is syncmode enabled?
{Mon 01:04:21 Step:1192} Server_Comm.py: The agent lost 1 packet! Is syncmode enabled?
{Mon 01:04:21 Step:1194} Server_Comm.py: The agent lost 1 packet! Is syncmode enabled?
{Mon 01:04:21 Step:1196} Server_Comm.py: The agent lost 1 packet! Is syncmode enabled?
{Mon 01:04:21 Step:1196} Server_Comm.py: Received a new packet while thinking!
{Mon 01:04:21 Step:1258} Server_Comm.py: The agent lost 61 consecutive packets! Is syncmode disabled?
{Mon 01:04:21 Step:1286} Server_Comm.py: The agent lost 27 consecutive packets! Is syncmode disabled?
{Mon 01:04:21 Step:1295} Server_Comm.py: The agent lost 8 consecutive packets! Is syncmode disabled?
{Mon 01:04:21 Step:1299} Server_Comm.py: The agent lost 3 consecutive packets! Is syncmode disabled?
{Mon 01:04:21 Step:1302} Server_Comm.py: The agent lost 2 consecutive packets! Is syncmode disabled?
{Mon 01:04:21 Step:1304} Server_Comm.py: The agent lost 1 packet! Is syncmode enabled?
{Mon 01:04:21 Step:1307} Server_Comm.py: The agent lost 1 packet! Is syncmode enabled?
{Mon 01:04:21 Step:1311} Server_Comm.py: The agent lost 3 consecutive packets! Is syncmode disabled?
{Mon 01:04:21 Step:1314} Server_Comm.py: The agent lost 2 consecutive packets! Is syncmode disabled?
{Mon 01:04:21 Step:1317} Server_Comm.py: The agent lost 1 packet! Is syncmode enabled?
{Mon 01:04:21 Step:1320} Server_Comm.py: The agent lost 2 consecutive packets! Is syncmode disabled?
{Mon 01:04:21 Step:1324} Server_Comm.py: The agent lost 2 consecutive packets! Is syncmode disabled?
{Mon 01:04:21 Step:1347} Server_Comm.py: The agent lost 1 packet! Is syncmode enabled?
{Mon 01:04:21 Step:1355} Server_Comm.py: The agent lost 1 packet! Is syncmode enabled?
{Mon 01:04:21 Step:1399} Server_Comm.py: The agent lost 1 packet! Is syncmode enabled?
{Mon 01:04:21 Step:1402} Server_Comm.py: The agent lost 2 consecutive packets! Is syncmode disabled?
{Mon 01:04:21 Step:1404} Server_Comm.py: The agent lost 1 packet! Is syncmode enabled?
{Mon 01:04:21 Step:1412} Server_Comm.py: The agent lost 7 consecutive packets! Is syncmode disabled?
{Mon 01:04:21 Step:1417} Server_Comm.py: The agent lost 4 consecutive packets! Is syncmode disabled?
{Mon 01:04:21 Step:1420} Server_Comm.py: The agent lost 2 consecutive packets! Is syncmode disabled?
{Mon 01:04:21 Step:1423} Server_Comm.py: The agent lost 1 packet! Is syncmode enabled?
{Mon 01:04:21 Step:1426} Server_Comm.py: The agent lost 2 consecutive packets! Is syncmode disabled?
{Mon 01:04:21 Step:1428} Server_Comm.py: The agent lost 1 packet! Is syncmode enabled?
{Mon 01:04:21 Step:1430} Server_Comm.py: The agent lost 1 packet! Is syncmode enabled?
{Mon 01:04:21 Step:1434} Server_Comm.py: The agent lost 2 consecutive packets! Is syncmode disabled?
{Mon 01:04:21 Step:1438} Server_Comm.py: The agent lost 2 consecutive packets! Is syncmode disabled?
{Mon 01:04:21 Step:1440} Server_Comm.py: The agent lost 1 packet! Is syncmode enabled?
{Mon 01:04:21 Step:1444} Server_Comm.py: The agent lost 2 consecutive packets! Is syncmode disabled?
{Mon 01:04:21 Step:1446} Server_Comm.py: The agent lost 1 packet! Is syncmode enabled?
{Mon 01:04:21 Step:1449} Server_Comm.py: The agent lost 1 packet! Is syncmode enabled?
{Mon 01:04:21 Step:1452} Server_Comm.py: The agent lost 2 consecutive packets! Is syncmode disabled?
{Mon 01:04:21 Step:1454} Server_Comm.py: The agent lost 1 packet! Is syncmode enabled?
{Mon 01:04:21 Step:1456} Server_Comm.py: The agent lost 1 packet! Is syncmode enabled?
{Mon 01:04:21 Step:1459} Server_Comm.py: The agent lost 1 packet! Is syncmode enabled?
{Mon 01:04:21 Step:1462} Server_Comm.py: The agent lost 2 consecutive packets! Is syncmode disabled?
{Mon 01:04:21 Step:1464} Server_Comm.py: The agent lost 1 packet! Is syncmode enabled?
{Mon 01:04:21 Step:1467} Server_Comm.py: The agent lost 1 packet! Is syncmode enabled?
{Mon 01:04:21 Step:1470} Server_Comm.py: The agent lost 2 consecutive packets! Is syncmode disabled?
{Mon 01:04:21 Step:1474} Server_Comm.py: The agent lost 2 consecutive packets! Is syncmode disabled?
{Mon 01:04:21 Step:1478} Server_Comm.py: The agent lost 2 consecutive packets! Is syncmode disabled?
{Mon 01:04:21 Step:1480} Server_Comm.py: The agent lost 1 packet! Is syncmode enabled?
{Mon 01:04:21 Step:1482} Server_Comm.py: The agent lost 1 packet! Is syncmode enabled?
{Mon 01:04:21 Step:1491} Server_Comm.py: The agent lost 3 consecutive packets! Is syncmode disabled?
{Mon 01:04:21 Step:1494} Server_Comm.py: The agent lost 2 consecutive packets! Is syncmode disabled?
{Mon 01:04:21 Step:1496} Server_Comm.py: The agent lost 1 packet! Is syncmode enabled?
{Mon 01:04:21 Step:1498} Server_Comm.py: The agent lost 1 packet! Is syncmode enabled?
{Mon 01:04:21 Step:1502} Server_Comm.py: The agent lost 2 consecutive packets! Is syncmode disabled?
{Mon 01:04:21 Step:1506} Server_Comm.py: The agent lost 2 consecutive packets! Is syncmode disabled?
{Mon 01:04:21 Step:1509} Server_Comm.py: The agent lost 1 packet! Is syncmode enabled?
{Mon 01:04:21 Step:1512} Server_Comm.py: The agent lost 2 consecutive packets! Is syncmode disabled?
{Mon 01:04:21 Step:1514} Server_Comm.py: The agent lost 1 packet! Is syncmode enabled?
{Mon 01:04:21 Step:1517} Server_Comm.py: The agent lost 1 packet! Is syncmode enabled?
{Mon 01:04:21 Step:1520} Server_Comm.py: The agent lost 2 consecutive packets! Is syncmode disabled?
{Mon 01:04:21 Step:1522} Server_Comm.py: The agent lost 1 packet! Is syncmode enabled?
{Mon 01:04:21 Step:1524} Server_Comm.py: The agent lost 1 packet! Is syncmode enabled?
{Mon 01:04:21 Step:1528} Server_Comm.py: The agent lost 2 consecutive packets! Is syncmode disabled?
{Mon 01:04:21 Step:1530} Server_Comm.py: The agent lost 1 packet! Is syncmode enabled?
{Mon 01:04:21 Step:1532} Server_Comm.py: The agent lost 1 packet! Is syncmode enabled?
{Mon 01:04:21 Step:1536} Server_Comm.py: The agent lost 2 consecutive packets! Is syncmode disabled?
{Mon 01:04:21 Step:1538} Server_Comm.py: The agent lost 1 packet! Is syncmode enabled?
{Mon 01:04:21 Step:1542} Server_Comm.py: The agent lost 2 consecutive packets! Is syncmode disabled?
{Mon 01:04:21 Step:1544} Server_Comm.py: The agent lost 1 packet! Is syncmode enabled?
{Mon 01:04:21 Step:1548} Server_Comm.py: The agent lost 2 consecutive packets! Is syncmode disabled?
{Mon 01:04:21 Step:1550} Server_Comm.py: The agent lost 1 packet! Is syncmode enabled?
{Mon 01:04:21 Step:1553} Server_Comm.py: The agent lost 1 packet! Is syncmode enabled?
{Mon 01:04:21 Step:1556} Server_Comm.py: The agent lost 2 consecutive packets! Is syncmode disabled?
{Mon 01:04:21 Step:1558} Server_Comm.py: The agent lost 1 packet! Is syncmode enabled?
{Mon 01:04:21 Step:1560} Server_Comm.py: The agent lost 1 packet! Is syncmode enabled?
{Mon 01:04:21 Step:1563} Server_Comm.py: The agent lost 1 packet! Is syncmode enabled?
{Mon 01:04:21 Step:1566} Server_Comm.py: The agent lost 2 consecutive packets! Is syncmode disabled?
{Mon 01:04:21 Step:1569} Server_Comm.py: The agent lost 1 packet! Is syncmode enabled?
{Mon 01:04:21 Step:1571} Server_Comm.py: The agent lost 1 packet! Is syncmode enabled?
{Mon 01:04:21 Step:1574} Server_Comm.py: The agent lost 2 consecutive packets! Is syncmode disabled?
{Mon 01:04:21 Step:1576} Server_Comm.py: The agent lost 1 packet! Is syncmode enabled?
{Mon 01:04:21 Step:1579} Server_Comm.py: The agent lost 1 packet! Is syncmode enabled?
{Mon 01:04:21 Step:1582} Server_Comm.py: The agent lost 2 consecutive packets! Is syncmode disabled?
{Mon 01:04:21 Step:1584} Server_Comm.py: The agent lost 1 packet! Is syncmode enabled?
{Mon 01:04:21 Step:1587} Server_Comm.py: The agent lost 1 packet! Is syncmode enabled?
{Mon 01:04:21 Step:1590} Server_Comm.py: The agent lost 2 consecutive packets! Is syncmode disabled?
{Mon 01:04:21 Step:1595} Server_Comm.py: The agent lost 3 consecutive packets! Is syncmode disabled?
{Mon 01:04:21 Step:1625} Server_Comm.py: The agent lost 29 consecutive packets! Is syncmode disabled?
{Mon 01:04:21 Step:1637} Server_Comm.py: The agent lost 11 consecutive packets! Is syncmode disabled?
{Mon 01:04:21 Step:1639} Server_Comm.py: The agent lost 1 packet! Is syncmode enabled?
{Mon 01:04:21 Step:1641} Server_Comm.py: The agent lost 1 packet! Is syncmode enabled?
{Mon 01:04:21 Step:1646} Server_Comm.py: The agent lost 1 packet! Is syncmode enabled?
{Mon 01:04:21 Step:1673} Server_Comm.py: The agent lost 1 packet! Is syncmode enabled?
{Mon 01:04:21 Step:1689} Server_Comm.py: The agent lost 1 packet! Is syncmode enabled?
{Mon 01:04:21 Step:1707} Server_Comm.py: The agent lost 1 packet! Is syncmode enabled?
{Mon 01:04:21 Step:1730} Server_Comm.py: The agent lost 2 consecutive packets! Is syncmode disabled?
{Mon 01:04:21 Step:1732} Server_Comm.py: The agent lost 1 packet! Is syncmode enabled?
{Mon 01:04:21 Step:1752} Server_Comm.py: The agent lost 18 consecutive packets! Is syncmode disabled?
{Mon 01:04:21 Step:1759} Server_Comm.py: The agent lost 6 consecutive packets! Is syncmode disabled?
{Mon 01:04:21 Step:1763} Server_Comm.py: The agent lost 3 consecutive packets! Is syncmode disabled?
{Mon 01:04:21 Step:1767} Server_Comm.py: The agent lost 3 consecutive packets! Is syncmode disabled?
{Mon 01:04:21 Step:1771} Server_Comm.py: The agent lost 3 consecutive packets! Is syncmode disabled?
{Mon 01:04:21 Step:1774} Server_Comm.py: The agent lost 2 consecutive packets! Is syncmode disabled?
{Mon 01:04:21 Step:1778} Server_Comm.py: The agent lost 2 consecutive packets! Is syncmode disabled?
{Mon 01:04:21 Step:1814} Server_Comm.py: The agent lost 1 packet! Is syncmode enabled?
{Mon 01:04:21 Step:1816} Server_Comm.py: The agent lost 1 packet! Is syncmode enabled?
{Mon 01:04:21 Step:1824} Server_Comm.py: The agent lost 1 packet! Is syncmode enabled?
{Mon 01:04:21 Step:1829} Server_Comm.py: The agent lost 1 packet! Is syncmode enabled?
{Mon 01:04:21 Step:1831} Server_Comm.py: The agent lost 1 packet! Is syncmode enabled?
{Mon 01:04:21 Step:1834} Server_Comm.py: The agent lost 1 packet! Is syncmode enabled?
{Mon 01:04:21 Step:1837} Server_Comm.py: The agent lost 2 consecutive packets! Is syncmode disabled?
{Mon 01:04:21 Step:1841} Server_Comm.py: The agent lost 1 packet! Is syncmode enabled?
{Mon 01:04:21 Step:1843} Server_Comm.py: The agent lost 1 packet! Is syncmode enabled?
{Mon 01:04:21 Step:1846} Server_Comm.py: The agent lost 2 consecutive packets! Is syncmode disabled?
{Mon 01:04:21 Step:1849} Server_Comm.py: The agent lost 2 consecutive packets! Is syncmode disabled?
{Mon 01:04:21 Step:1851} Server_Comm.py: The agent lost 1 packet! Is syncmode enabled?
{Mon 01:04:21 Step:1854} Server_Comm.py: The agent lost 2 consecutive packets! Is syncmode disabled?
{Mon 01:04:21 Step:1856} Server_Comm.py: The agent lost 1 packet! Is syncmode enabled?
{Mon 01:04:21 Step:1860} Server_Comm.py: The agent lost 2 consecutive packets! Is syncmode disabled?
{Mon 01:04:21 Step:1862} Server_Comm.py: The agent lost 1 packet! Is syncmode enabled?
{Mon 01:04:21 Step:1865} Server_Comm.py: The agent lost 2 consecutive packets! Is syncmode disabled?
{Mon 01:04:21 Step:1867} Server_Comm.py: The agent lost 1 packet! Is syncmode enabled?
{Mon 01:04:21 Step:1870} Server_Comm.py: The agent lost 2 consecutive packets! Is syncmode disabled?
{Mon 01:04:21 Step:1872} Server_Comm.py: The agent lost 1 packet! Is syncmode enabled?
{Mon 01:04:21 Step:1875} Server_Comm.py: The agent lost 1 packet! Is syncmode enabled?
{Mon 01:04:21 Step:1878} Server_Comm.py: The agent lost 2 consecutive packets! Is syncmode disabled?
{Mon 01:04:21 Step:1880} Server_Comm.py: The agent lost 1 packet! Is syncmode enabled?
{Mon 01:04:21 Step:1883} Server_Comm.py: The agent lost 2 consecutive packets! Is syncmode disabled?
{Mon 01:04:21 Step:1886} Server_Comm.py: The agent lost 2 consecutive packets! Is syncmode disabled?
{Mon 01:04:21 Step:1888} Server_Comm.py: The agent lost 1 packet! Is syncmode enabled?
{Mon 01:04:21 Step:1892} Server_Comm.py: The agent lost 1 packet! Is syncmode enabled?
{Mon 01:04:21 Step:1898} Server_Comm.py: The agent lost 4 consecutive packets! Is syncmode disabled?
{Mon 01:04:21 Step:1904} Server_Comm.py: The agent lost 5 consecutive packets! Is syncmode disabled?
{Mon 01:04:21 Step:1912} Server_Comm.py: The agent lost 7 consecutive packets! Is syncmode disabled?
{Mon 01:04:21 Step:1942} Server_Comm.py: The agent lost 29 consecutive packets! Is syncmode disabled?
{Mon 01:04:21 Step:1951} Server_Comm.py: The agent lost 8 consecutive packets! Is syncmode disabled?
{Mon 01:04:21 Step:1956} Server_Comm.py: The agent lost 4 consecutive packets! Is syncmode disabled?
{Mon 01:04:21 Step:1958} Server_Comm.py: The agent lost 1 packet! Is syncmode enabled?
{Mon 01:04:21 Step:1962} Server_Comm.py: The agent lost 2 consecutive packets! Is syncmode disabled?
{Mon 01:04:21 Step:1964} Server_Comm.py: The agent lost 1 packet! Is syncmode enabled?
{Mon 01:04:21 Step:1967} Server_Comm.py: The agent lost 2 consecutive packets! Is syncmode disabled?
{Mon 01:04:21 Step:1970} Server_Comm.py: The agent lost 2 consecutive packets! Is syncmode disabled?
{Mon 01:04:21 Step:1972} Server_Comm.py: The agent lost 1 packet! Is syncmode enabled?
{Mon 01:04:21 Step:1972} Server_Comm.py: Received a new packet while thinking!
{Mon 01:04:21 Step:2107} Server_Comm.py: The agent lost 134 consecutive packets! Is syncmode disabled?
{Mon 01:04:21 Step:2116} Server_Comm.py: The agent lost 8 consecutive packets! Is syncmode disabled?
{Mon 01:04:21 Step:2119} Server_Comm.py: The agent lost 2 consecutive packets! Is syncmode disabled?
{Mon 01:04:21 Step:2121} Server_Comm.py: The agent lost 1 packet! Is syncmode enabled?
{Mon 01:04:21 Step:2123} Server_Comm.py: The agent lost 1 packet! Is syncmode enabled?
{Mon 01:04:21 Step:2125} Server_Comm.py: The agent lost 1 packet! Is syncmode enabled?
{Mon 01:04:21 Step:2127} Server_Comm.py: The agent lost 1 packet! Is syncmode enabled?
{Mon 01:04:21 Step:2129} Server_Comm.py: The agent lost 1 packet! Is syncmode enabled?
{Mon 01:04:21 Step:2131} Server_Comm.py: The agent lost 1 packet! Is syncmode enabled?
{Mon 01:04:21 Step:2133} Server_Comm.py: The agent lost 1 packet! Is syncmode enabled?
{Mon 01:04:21 Step:2136} Server_Comm.py: The agent lost 1 packet! Is syncmode enabled?
{Mon 01:04:21 Step:2139} Server_Comm.py: The agent lost 1 packet! Is syncmode enabled?
{Mon 01:04:21 Step:2142} Server_Comm.py: The agent lost 1 packet! Is syncmode enabled?
{Mon 01:04:21 Step:2152} Server_Comm.py: The agent lost 1 packet! Is syncmode enabled?
{Mon 01:04:21 Step:2164} Server_Comm.py: The agent lost 1 packet! Is syncmode enabled?
{Mon 01:04:21 Step:2177} Server_Comm.py: The agent lost 1 packet! Is syncmode enabled?
{Mon 01:04:21 Step:2182} Server_Comm.py: The agent lost 1 packet! Is syncmode enabled?
{Mon 01:04:21 Step:2208} Server_Comm.py: The agent lost 1 packet! Is syncmode enabled?
{Mon 01:04:21 Step:2220} Server_Comm.py: The agent lost 2 consecutive packets! Is syncmode disabled?
{Mon 01:04:21 Step:2222} Server_Comm.py: The agent lost 1 packet! Is syncmode enabled?
{Mon 01:04:21 Step:2224} Server_Comm.py: The agent lost 1 packet! Is syncmode enabled?
{Mon 01:04:21 Step:2230} Server_Comm.py: The agent lost 5 consecutive packets! Is syncmode disabled?
{Mon 01:04:21 Step:2232} Server_Comm.py: The agent lost 1 packet! Is syncmode enabled?
{Mon 01:04:21 Step:2234} Server_Comm.py: The agent lost 1 packet! Is syncmode enabled?
{Mon 01:04:21 Step:2238} Server_Comm.py: The agent lost 2 consecutive packets! Is syncmode disabled?
{Mon 01:04:21 Step:2240} Server_Comm.py: The agent lost 1 packet! Is syncmode enabled?
{Mon 01:04:21 Step:2243} Server_Comm.py: The agent lost 2 consecutive packets! Is syncmode disabled?
{Mon 01:04:21 Step:2246} Server_Comm.py: The agent lost 2 consecutive packets! Is syncmode disabled?
{Mon 01:04:21 Step:2248} Server_Comm.py: The agent lost 1 packet! Is syncmode enabled?
{Mon 01:04:21 Step:2252} Server_Comm.py: The agent lost 2 consecutive packets! Is syncmode disabled?
{Mon 01:04:21 Step:2256} Server_Comm.py: The agent lost 2 consecutive packets! Is syncmode disabled?
{Mon 01:04:21 Step:2258} Server_Comm.py: The agent lost 1 packet! Is syncmode enabled?
{Mon 01:04:21 Step:2260} Server_Comm.py: The agent lost 1 packet! Is syncmode enabled?
{Mon 01:04:21 Step:2262} Server_Comm.py: The agent lost 1 packet! Is syncmode enabled?
{Mon 01:04:21 Step:2267} Server_Comm.py: The agent lost 3 consecutive packets! Is syncmode disabled?
{Mon 01:04:21 Step:2272} Server_Comm.py: The agent lost 4 consecutive packets! Is syncmode disabled?
{Mon 01:04:21 Step:2274} Server_Comm.py: The agent lost 1 packet! Is syncmode enabled?
{Mon 01:04:21 Step:2278} Server_Comm.py: The agent lost 2 consecutive packets! Is syncmode disabled?
{Mon 01:04:21 Step:2280} Server_Comm.py: The agent lost 1 packet! Is syncmode enabled?
{Mon 01:04:21 Step:2282} Server_Comm.py: The agent lost 1 packet! Is syncmode enabled?
{Mon 01:04:21 Step:2286} Server_Comm.py: The agent lost 2 consecutive packets! Is syncmode disabled?
{Mon 01:04:21 Step:2305} Server_Comm.py: The agent lost 1 packet! Is syncmode enabled?
{Mon 01:04:21 Step:2332} Server_Comm.py: The agent lost 1 packet! Is syncmode enabled?
{Mon 01:04:21 Step:2353} Server_Comm.py: The agent lost 1 packet! Is syncmode enabled?
{Mon 01:04:21 Step:2356} Server_Comm.py: The agent lost 2 consecutive packets! Is syncmode disabled?
{Mon 01:04:21 Step:2357} Server_Comm.py: Received a new packet while thinking!
{Mon 01:04:21 Step:2429} Server_Comm.py: The agent lost 71 consecutive packets! Is syncmode disabled?
{Mon 01:04:21 Step:2433} Server_Comm.py: The agent lost 3 consecutive packets! Is syncmode disabled?
{Mon 01:04:21 Step:2435} Server_Comm.py: The agent lost 1 packet! Is syncmode enabled?
{Mon 01:04:21 Step:2437} Server_Comm.py: The agent lost 1 packet! Is syncmode enabled?
{Mon 01:04:21 Step:2448} Server_Comm.py: The agent lost 1 packet! Is syncmode enabled?
{Mon 01:04:21 Step:2484} Server_Comm.py: The agent lost 2 consecutive packets! Is syncmode disabled?
{Mon 01:04:21 Step:2488} Server_Comm.py: The agent lost 1 packet! Is syncmode enabled?
{Mon 01:04:21 Step:2490} Server_Comm.py: The agent lost 1 packet! Is syncmode enabled?
{Mon 01:04:21 Step:2492} Server_Comm.py: The agent lost 1 packet! Is syncmode enabled?
{Mon 01:04:21 Step:2522} Server_Comm.py: The agent lost 1 packet! Is syncmode enabled?
{Mon 01:04:21 Step:2526} Server_Comm.py: The agent lost 1 packet! Is syncmode enabled?
{Mon 01:04:21 Step:2532} Server_Comm.py: The agent lost 4 consecutive packets! Is syncmode disabled?
{Mon 01:04:21 Step:2537} Server_Comm.py: The agent lost 4 consecutive packets! Is syncmode disabled?
{Mon 01:04:21 Step:2545} Server_Comm.py: The agent lost 7 consecutive packets! Is syncmode disabled?
{Mon 01:04:21 Step:2590} Server_Comm.py: The agent lost 44 consecutive packets! Is syncmode disabled?
{Mon 01:04:21 Step:2603} Server_Comm.py: The agent lost 12 consecutive packets! Is syncmode disabled?
{Mon 01:04:21 Step:2609} Server_Comm.py: The agent lost 5 consecutive packets! Is syncmode disabled?
{Mon 01:04:21 Step:2612} Server_Comm.py: The agent lost 2 consecutive packets! Is syncmode disabled?
{Mon 01:04:21 Step:2614} Server_Comm.py: The agent lost 1 packet! Is syncmode enabled?
{Mon 01:04:21 Step:2616} Server_Comm.py: The agent lost 1 packet! Is syncmode enabled?
{Mon 01:04:21 Step:2618} Server_Comm.py: The agent lost 1 packet! Is syncmode enabled?
{Mon 01:04:21 Step:2622} Server_Comm.py: The agent lost 2 consecutive packets! Is syncmode disabled?
{Mon 01:04:21 Step:2624} Server_Comm.py: The agent lost 1 packet! Is syncmode enabled?
{Mon 01:04:21 Step:2626} Server_Comm.py: The agent lost 1 packet! Is syncmode enabled?
{Mon 01:04:21 Step:2628} Server_Comm.py: The agent lost 1 packet! Is syncmode enabled?
{Mon 01:04:21 Step:2631} Server_Comm.py: The agent lost 1 packet! Is syncmode enabled?
{Mon 01:04:21 Step:2633} Server_Comm.py: The agent lost 1 packet! Is syncmode enabled?
{Mon 01:04:21 Step:2647} Server_Comm.py: The agent lost 1 packet! Is syncmode enabled?
{Mon 01:04:21 Step:2661} Server_Comm.py: The agent lost 1 packet! Is syncmode enabled?
{Mon 01:04:21 Step:2665} Server_Comm.py: The agent lost 1 packet! Is syncmode enabled?
{Mon 01:04:21 Step:2667} Server_Comm.py: The agent lost 1 packet! Is syncmode enabled?
{Mon 01:04:21 Step:2669} Server_Comm.py: The agent lost 1 packet! Is syncmode enabled?
{Mon 01:04:21 Step:2671} Server_Comm.py: The agent lost 1 packet! Is syncmode enabled?
{Mon 01:04:22 Step:2674} Server_Comm.py: The agent lost 2 consecutive packets! Is syncmode disabled?
{Mon 01:04:22 Step:2676} Server_Comm.py: The agent lost 1 packet! Is syncmode enabled?
{Mon 01:04:22 Step:2678} Server_Comm.py: The agent lost 1 packet! Is syncmode enabled?
{Mon 01:04:22 Step:2680} Server_Comm.py: The agent lost 1 packet! Is syncmode enabled?
{Mon 01:04:22 Step:2682} Server_Comm.py: The agent lost 1 packet! Is syncmode enabled?
{Mon 01:04:22 Step:2685} Server_Comm.py: The agent lost 2 consecutive packets! Is syncmode disabled?
{Mon 01:04:22 Step:2688} Server_Comm.py: The agent lost 2 consecutive packets! Is syncmode disabled?
{Mon 01:04:22 Step:2693} Server_Comm.py: The agent lost 2 consecutive packets! Is syncmode disabled?
{Mon 01:04:22 Step:2696} Server_Comm.py: The agent lost 2 consecutive packets! Is syncmode disabled?
{Mon 01:04:22 Step:2698} Server_Comm.py: The agent lost 1 packet! Is syncmode enabled?
{Mon 01:04:22 Step:2700} Server_Comm.py: The agent lost 1 packet! Is syncmode enabled?
{Mon 01:04:22 Step:2703} Server_Comm.py: The agent lost 2 consecutive packets! Is syncmode disabled?
{Mon 01:04:22 Step:2705} Server_Comm.py: The agent lost 1 packet! Is syncmode enabled?
{Mon 01:04:22 Step:2708} Server_Comm.py: The agent lost 2 consecutive packets! Is syncmode disabled?
{Mon 01:04:22 Step:2711} Server_Comm.py: The agent lost 2 consecutive packets! Is syncmode disabled?
{Mon 01:04:22 Step:2714} Server_Comm.py: The agent lost 2 consecutive packets! Is syncmode disabled?
{Mon 01:04:22 Step:2717} Server_Comm.py: The agent lost 2 consecutive packets! Is syncmode disabled?
{Mon 01:04:22 Step:2719} Server_Comm.py: The agent lost 1 packet! Is syncmode enabled?
{Mon 01:04:22 Step:2721} Server_Comm.py: The agent lost 1 packet! Is syncmode enabled?
{Mon 01:04:22 Step:2724} Server_Comm.py: The agent lost 2 consecutive packets! Is syncmode disabled?
{Mon 01:04:22 Step:2726} Server_Comm.py: The agent lost 1 packet! Is syncmode enabled?
{Mon 01:04:22 Step:2729} Server_Comm.py: The agent lost 2 consecutive packets! Is syncmode disabled?
{Mon 01:04:22 Step:2732} Server_Comm.py: The agent lost 1 packet! Is syncmode enabled?
{Mon 01:04:22 Step:2735} Server_Comm.py: The agent lost 2 consecutive packets! Is syncmode disabled?
{Mon 01:04:22 Step:2738} Server_Comm.py: The agent lost 2 consecutive packets! Is syncmode disabled?
{Mon 01:04:22 Step:2742} Server_Comm.py: The agent lost 3 consecutive packets! Is syncmode disabled?
{Mon 01:04:22 Step:2746} Server_Comm.py: The agent lost 3 consecutive packets! Is syncmode disabled?
{Mon 01:04:22 Step:2750} Server_Comm.py: The agent lost 3 consecutive packets! Is syncmode disabled?
{Mon 01:04:22 Step:2754} Server_Comm.py: The agent lost 3 consecutive packets! Is syncmode disabled?
{Mon 01:04:22 Step:2758} Server_Comm.py: The agent lost 3 consecutive packets! Is syncmode disabled?
{Mon 01:04:22 Step:2761} Server_Comm.py: The agent lost 2 consecutive packets! Is syncmode disabled?
{Mon 01:04:22 Step:2764} Server_Comm.py: The agent lost 2 consecutive packets! Is syncmode disabled?
{Mon 01:04:22 Step:2766} Server_Comm.py: The agent lost 1 packet! Is syncmode enabled?
{Mon 01:04:22 Step:2768} Server_Comm.py: The agent lost 1 packet! Is syncmode enabled?
{Mon 01:04:22 Step:2770} Server_Comm.py: The agent lost 1 packet! Is syncmode enabled?
{Mon 01:04:22 Step:2773} Server_Comm.py: The agent lost 2 consecutive packets! Is syncmode disabled?
{Mon 01:04:22 Step:2778} Server_Comm.py: The agent lost 4 consecutive packets! Is syncmode disabled?
{Mon 01:04:22 Step:2780} Server_Comm.py: The agent lost 1 packet! Is syncmode enabled?
{Mon 01:04:22 Step:2783} Server_Comm.py: The agent lost 2 consecutive packets! Is syncmode disabled?
{Mon 01:04:22 Step:2798} Server_Comm.py: The agent lost 14 consecutive packets! Is syncmode disabled?
{Mon 01:04:22 Step:2804} Server_Comm.py: The agent lost 5 consecutive packets! Is syncmode disabled?
{Mon 01:04:22 Step:2806} Server_Comm.py: The agent lost 1 packet! Is syncmode enabled?
{Mon 01:04:22 Step:2808} Server_Comm.py: The agent lost 1 packet! Is syncmode enabled?
{Mon 01:04:22 Step:2812} Server_Comm.py: The agent lost 2 consecutive packets! Is syncmode disabled?
{Mon 01:04:22 Step:2814} Server_Comm.py: The agent lost 1 packet! Is syncmode enabled?
{Mon 01:04:22 Step:2817} Server_Comm.py: The agent lost 1 packet! Is syncmode enabled?
{Mon 01:04:22 Step:2819} Server_Comm.py: The agent lost 1 packet! Is syncmode enabled?
{Mon 01:04:22 Step:2822} Server_Comm.py: The agent lost 2 consecutive packets! Is syncmode disabled?
{Mon 01:04:22 Step:2822} Server_Comm.py: Received a new packet while thinking!
{Mon 01:04:22 Step:2882} Server_Comm.py: The agent lost 59 consecutive packets! Is syncmode disabled?
{Mon 01:04:22 Step:2944} Server_Comm.py: The agent lost 61 consecutive packets! Is syncmode disabled?
{Mon 01:04:22 Step:2956} Server_Comm.py: The agent lost 11 consecutive packets! Is syncmode disabled?
{Mon 01:04:22 Step:2958} Server_Comm.py: The agent lost 1 packet! Is syncmode enabled?
{Mon 01:04:22 Step:2961} Server_Comm.py: The agent lost 1 packet! Is syncmode enabled?
{Mon 01:04:22 Step:2964} Server_Comm.py: The agent lost 2 consecutive packets! Is syncmode disabled?
{Mon 01:04:22 Step:2966} Server_Comm.py: The agent lost 1 packet! Is syncmode enabled?
{Mon 01:04:22 Step:2969} Server_Comm.py: Received a new packet while thinking!
{Mon 01:04:22 Step:3035} Server_Comm.py: The agent lost 65 consecutive packets! Is syncmode disabled?
{Mon 01:04:22 Step:3076} Server_Comm.py: The agent lost 40 consecutive packets! Is syncmode disabled?
{Mon 01:04:22 Step:3090} Server_Comm.py: The agent lost 13 consecutive packets! Is syncmode disabled?
{Mon 01:04:22 Step:3094} Server_Comm.py: The agent lost 3 consecutive packets! Is syncmode disabled?
{Mon 01:04:22 Step:3097} Server_Comm.py: The agent lost 1 packet! Is syncmode enabled?
{Mon 01:04:22 Step:3099} Server_Comm.py: The agent lost 1 packet! Is syncmode enabled?
{Mon 01:04:22 Step:3103} Server_Comm.py: The agent lost 1 packet! Is syncmode enabled?
{Mon 01:04:22 Step:3103} Server_Comm.py: Received a new packet while thinking!
{Mon 01:04:22 Step:3246} Server_Comm.py: The agent lost 142 consecutive packets! Is syncmode disabled?
{Mon 01:04:22 Step:3246} Server_Comm.py: Received a new packet while on world.update()!
{Mon 01:04:22 Step:3248} Server_Comm.py: The agent lost 1 packet! Is syncmode enabled?
{Mon 01:04:22 Step:3248} Server_Comm.py: Received a new packet while on world.update()!
{Mon 01:04:22 Step:3249} Server_Comm.py: Received a new packet while on world.update()!
{Mon 01:04:22 Step:3251} Server_Comm.py: The agent lost 1 packet! Is syncmode enabled?
{Mon 01:04:22 Step:3251} Server_Comm.py: Received a new packet while on world.update()!
{Mon 01:04:22 Step:3253} Server_Comm.py: The agent lost 1 packet! Is syncmode enabled?
{Mon 01:04:22 Step:3253} Server_Comm.py: Received a new packet while on world.update()!
{Mon 01:04:22 Step:3254} Server_Comm.py: Received a new packet while thinking!
{Mon 01:04:22 Step:3255} Server_Comm.py: Received a new packet while on world.update()!
{Mon 01:04:22 Step:3256} Server_Comm.py: Received a new packet while on world.update()!
{Mon 01:04:22 Step:3257} Server_Comm.py: Received a new packet while on world.update()!
{Mon 01:04:22 Step:3258} Server_Comm.py: Received a new packet while on world.update()!
{Mon 01:04:22 Step:3259} Server_Comm.py: Received a new packet while on world.update()!
{Mon 01:04:22 Step:3260} Server_Comm.py: Received a new packet while on world.update()!
{Mon 01:04:22 Step:3261} Server_Comm.py: Received a new packet while on world.update()!
{Mon 01:04:22 Step:3263} Server_Comm.py: The agent lost 1 packet! Is syncmode enabled?
{Mon 01:04:22 Step:3263} Server_Comm.py: Received a new packet while on world.update()!
{Mon 01:04:22 Step:3264} Server_Comm.py: Received a new packet while on world.update()!
{Mon 01:04:22 Step:3265} Server_Comm.py: Received a new packet while on world.update()!
{Mon 01:04:22 Step:3267} Server_Comm.py: The agent lost 1 packet! Is syncmode enabled?
{Mon 01:04:22 Step:3267} Server_Comm.py: Received a new packet while on world.update()!
{Mon 01:04:22 Step:3269} Server_Comm.py: The agent lost 1 packet! Is syncmode enabled?
{Mon 01:04:22 Step:3269} Server_Comm.py: Received a new packet while on world.update()!
{Mon 01:04:22 Step:3270} Server_Comm.py: Received a new packet while thinking!
{Mon 01:04:22 Step:3271} Server_Comm.py: Received a new packet while on world.update()!
{Mon 01:04:22 Step:3272} Server_Comm.py: Received a new packet while on world.update()!
{Mon 01:04:22 Step:3273} Server_Comm.py: Received a new packet while on world.update()!
{Mon 01:04:22 Step:3274} Server_Comm.py: Received a new packet while on world.update()!
{Mon 01:04:22 Step:3275} Server_Comm.py: Received a new packet while on world.update()!
{Mon 01:04:22 Step:3277} Server_Comm.py: The agent lost 1 packet! Is syncmode enabled?
{Mon 01:04:22 Step:3277} Server_Comm.py: Received a new packet while on world.update()!
{Mon 01:04:22 Step:3278} Server_Comm.py: Received a new packet while on world.update()!
{Mon 01:04:22 Step:3280} Server_Comm.py: The agent lost 1 packet! Is syncmode enabled?
{Mon 01:04:22 Step:3280} Server_Comm.py: Received a new packet while thinking!
{Mon 01:04:22 Step:3281} Server_Comm.py: Received a new packet while on world.update()!
{Mon 01:04:22 Step:3282} Server_Comm.py: Received a new packet while on world.update()!
{Mon 01:04:22 Step:3283} Server_Comm.py: Received a new packet while on world.update()!
{Mon 01:04:22 Step:3284} Server_Comm.py: Received a new packet while on world.update()!
{Mon 01:04:22 Step:3286} Server_Comm.py: The agent lost 1 packet! Is syncmode enabled?
{Mon 01:04:22 Step:3286} Server_Comm.py: Received a new packet while on world.update()!
{Mon 01:04:22 Step:3288} Server_Comm.py: The agent lost 1 packet! Is syncmode enabled?
{Mon 01:04:22 Step:3288} Server_Comm.py: Received a new packet while on world.update()!
{Mon 01:04:22 Step:3290} Server_Comm.py: The agent lost 1 packet! Is syncmode enabled?
{Mon 01:04:22 Step:3290} Server_Comm.py: Received a new packet while on world.update()!
{Mon 01:04:22 Step:3292} Server_Comm.py: The agent lost 1 packet! Is syncmode enabled?
{Mon 01:04:22 Step:3292} Server_Comm.py: Received a new packet while on world.update()!
{Mon 01:04:22 Step:3293} Server_Comm.py: Received a new packet while on world.update()!
{Mon 01:04:22 Step:3296} Server_Comm.py: The agent lost 2 consecutive packets! Is syncmode disabled?
{Mon 01:04:22 Step:3296} Server_Comm.py: Received a new packet while on world.update()!
{Mon 01:04:22 Step:3298} Server_Comm.py: The agent lost 1 packet! Is syncmode enabled?
{Mon 01:04:22 Step:3298} Server_Comm.py: Received a new packet while thinking!
{Mon 01:04:22 Step:3299} Server_Comm.py: Received a new packet while on world.update()!
{Mon 01:04:22 Step:3300} Server_Comm.py: Received a new packet while on world.update()!
{Mon 01:04:22 Step:3302} Server_Comm.py: The agent lost 1 packet! Is syncmode enabled?
{Mon 01:04:22 Step:3302} Server_Comm.py: Received a new packet while on world.update()!
{Mon 01:04:22 Step:3303} Server_Comm.py: Received a new packet while on world.update()!
{Mon 01:04:22 Step:3304} Server_Comm.py: Received a new packet while thinking!
{Mon 01:04:22 Step:3305} Server_Comm.py: Received a new packet while on world.update()!
{Mon 01:04:22 Step:3314} Server_Comm.py: The agent lost 3 consecutive packets! Is syncmode disabled?
{Mon 01:04:22 Step:3316} Server_Comm.py: The agent lost 1 packet! Is syncmode enabled?
{Mon 01:04:22 Step:3319} Server_Comm.py: The agent lost 1 packet! Is syncmode enabled?
{Mon 01:04:22 Step:3321} Server_Comm.py: The agent lost 1 packet! Is syncmode enabled?
{Mon 01:04:22 Step:3327} Server_Comm.py: The agent lost 3 consecutive packets! Is syncmode disabled?
{Mon 01:04:22 Step:3333} Server_Comm.py: The agent lost 5 consecutive packets! Is syncmode disabled?
{Mon 01:04:22 Step:3336} Server_Comm.py: The agent lost 2 consecutive packets! Is syncmode disabled?
{Mon 01:04:22 Step:3338} Server_Comm.py: The agent lost 1 packet! Is syncmode enabled?
{Mon 01:04:22 Step:3340} Server_Comm.py: The agent lost 1 packet! Is syncmode enabled?
{Mon 01:04:22 Step:3343} Server_Comm.py: The agent lost 1 packet! Is syncmode enabled?
{Mon 01:04:22 Step:3345} Server_Comm.py: The agent lost 1 packet! Is syncmode enabled?
{Mon 01:04:22 Step:3348} Server_Comm.py: The agent lost 2 consecutive packets! Is syncmode disabled?
{Mon 01:04:22 Step:3350} Server_Comm.py: The agent lost 1 packet! Is syncmode enabled?
{Mon 01:04:22 Step:3352} Server_Comm.py: The agent lost 1 packet! Is syncmode enabled?
{Mon 01:04:22 Step:3354} Server_Comm.py: The agent lost 1 packet! Is syncmode enabled?
{Mon 01:04:22 Step:3357} Server_Comm.py: The agent lost 2 consecutive packets! Is syncmode disabled?
{Mon 01:04:22 Step:3362} Server_Comm.py: The agent lost 4 consecutive packets! Is syncmode disabled?
{Mon 01:04:22 Step:3366} Server_Comm.py: The agent lost 3 consecutive packets! Is syncmode disabled?
{Mon 01:04:22 Step:3368} Server_Comm.py: The agent lost 1 packet! Is syncmode enabled?
{Mon 01:04:22 Step:3370} Server_Comm.py: The agent lost 1 packet! Is syncmode enabled?
{Mon 01:04:22 Step:3372} Server_Comm.py: The agent lost 1 packet! Is syncmode enabled?
{Mon 01:04:22 Step:3375} Server_Comm.py: The agent lost 2 consecutive packets! Is syncmode disabled?
{Mon 01:04:22 Step:3378} Server_Comm.py: The agent lost 2 consecutive packets! Is syncmode disabled?
{Mon 01:04:22 Step:3380} Server_Comm.py: The agent lost 1 packet! Is syncmode enabled?
{Mon 01:04:22 Step:3383} Server_Comm.py: The agent lost 2 consecutive packets! Is syncmode disabled?
{Mon 01:04:22 Step:3386} Server_Comm.py: The agent lost 2 consecutive packets! Is syncmode disabled?
{Mon 01:04:22 Step:3388} Server_Comm.py: The agent lost 1 packet! Is syncmode enabled?
{Mon 01:04:22 Step:3393} Server_Comm.py: The agent lost 1 packet! Is syncmode enabled?
{Mon 01:04:22 Step:3401} Server_Comm.py: The agent lost 1 packet! Is syncmode enabled?
{Mon 01:04:22 Step:3404} Server_Comm.py: The agent lost 1 packet! Is syncmode enabled?
{Mon 01:04:22 Step:3407} Server_Comm.py: The agent lost 1 packet! Is syncmode enabled?
{Mon 01:04:22 Step:3409} Server_Comm.py: The agent lost 1 packet! Is syncmode enabled?
{Mon 01:04:22 Step:3414} Server_Comm.py: The agent lost 1 packet! Is syncmode enabled?
{Mon 01:04:22 Step:3432} Server_Comm.py: The agent lost 1 packet! Is syncmode enabled?
{Mon 01:04:22 Step:3435} Server_Comm.py: The agent lost 1 packet! Is syncmode enabled?
{Mon 01:04:22 Step:3438} Server_Comm.py: The agent lost 1 packet! Is syncmode enabled?
{Mon 01:04:22 Step:3442} Server_Comm.py: The agent lost 1 packet! Is syncmode enabled?
{Mon 01:04:22 Step:3449} Server_Comm.py: The agent lost 1 packet! Is syncmode enabled?
{Mon 01:04:22 Step:3455} Server_Comm.py: The agent lost 1 packet! Is syncmode enabled?
{Mon 01:04:22 Step:3464} Server_Comm.py: The agent lost 2 consecutive packets! Is syncmode disabled?
{Mon 01:04:22 Step:3466} Server_Comm.py: The agent lost 1 packet! Is syncmode enabled?
{Mon 01:04:22 Step:3474} Server_Comm.py: The agent lost 6 consecutive packets! Is syncmode disabled?
{Mon 01:04:22 Step:3476} Server_Comm.py: The agent lost 1 packet! Is syncmode enabled?
{Mon 01:04:22 Step:3480} Server_Comm.py: The agent lost 2 consecutive packets! Is syncmode disabled?
{Mon 01:04:22 Step:3482} Server_Comm.py: The agent lost 1 packet! Is syncmode enabled?
{Mon 01:04:22 Step:3486} Server_Comm.py: The agent lost 2 consecutive packets! Is syncmode disabled?
{Mon 01:04:22 Step:3488} Server_Comm.py: The agent lost 1 packet! Is syncmode enabled?
{Mon 01:04:22 Step:3490} Server_Comm.py: The agent lost 1 packet! Is syncmode enabled?
{Mon 01:04:22 Step:3492} Server_Comm.py: The agent lost 1 packet! Is syncmode enabled?
{Mon 01:04:22 Step:3494} Server_Comm.py: The agent lost 1 packet! Is syncmode enabled?
{Mon 01:04:22 Step:3498} Server_Comm.py: The agent lost 2 consecutive packets! Is syncmode disabled?
{Mon 01:04:22 Step:3500} Server_Comm.py: The agent lost 1 packet! Is syncmode enabled?
{Mon 01:04:22 Step:3503} Server_Comm.py: The agent lost 1 packet! Is syncmode enabled?
{Mon 01:04:22 Step:3505} Server_Comm.py: The agent lost 1 packet! Is syncmode enabled?
{Mon 01:04:22 Step:3508} Server_Comm.py: The agent lost 2 consecutive packets! Is syncmode disabled?
{Mon 01:04:22 Step:3510} Server_Comm.py: The agent lost 1 packet! Is syncmode enabled?
{Mon 01:04:22 Step:3513} Server_Comm.py: The agent lost 1 packet! Is syncmode enabled?
{Mon 01:04:22 Step:3513} Server_Comm.py: Received a new packet while thinking!
{Mon 01:04:22 Step:3661} Server_Comm.py: The agent lost 147 consecutive packets! Is syncmode disabled?
{Mon 01:04:22 Step:3671} Server_Comm.py: The agent lost 9 consecutive packets! Is syncmode disabled?
{Mon 01:04:22 Step:3674} Server_Comm.py: The agent lost 2 consecutive packets! Is syncmode disabled?
{Mon 01:04:22 Step:3676} Server_Comm.py: The agent lost 1 packet! Is syncmode enabled?
{Mon 01:04:22 Step:3679} Server_Comm.py: The agent lost 1 packet! Is syncmode enabled?
{Mon 01:04:22 Step:3690} Server_Comm.py: The agent lost 1 packet! Is syncmode enabled?
{Mon 01:04:22 Step:3718} Server_Comm.py: The agent lost 2 consecutive packets! Is syncmode disabled?
{Mon 01:04:22 Step:3720} Server_Comm.py: The agent lost 1 packet! Is syncmode enabled?
{Mon 01:04:22 Step:3740} Server_Comm.py: The agent lost 2 consecutive packets! Is syncmode disabled?
{Mon 01:04:22 Step:3752} Server_Comm.py: The agent lost 1 packet! Is syncmode enabled?
{Mon 01:04:22 Step:3754} Server_Comm.py: The agent lost 1 packet! Is syncmode enabled?
{Mon 01:04:22 Step:3757} Server_Comm.py: The agent lost 1 packet! Is syncmode enabled?
{Mon 01:04:22 Step:3760} Server_Comm.py: The agent lost 1 packet! Is syncmode enabled?
{Mon 01:04:22 Step:3771} Server_Comm.py: The agent lost 1 packet! Is syncmode enabled?
{Mon 01:04:22 Step:3773} Server_Comm.py: The agent lost 1 packet! Is syncmode enabled?
{Mon 01:04:22 Step:3776} Server_Comm.py: The agent lost 2 consecutive packets! Is syncmode disabled?
{Mon 01:04:22 Step:3824} Server_Comm.py: The agent lost 47 consecutive packets! Is syncmode disabled?
{Mon 01:04:22 Step:3836} Server_Comm.py: The agent lost 11 consecutive packets! Is syncmode disabled?
{Mon 01:04:22 Step:3839} Server_Comm.py: The agent lost 2 consecutive packets! Is syncmode disabled?
{Mon 01:04:22 Step:3841} Server_Comm.py: The agent lost 1 packet! Is syncmode enabled?
{Mon 01:04:22 Step:3843} Server_Comm.py: The agent lost 1 packet! Is syncmode enabled?
{Mon 01:04:22 Step:3845} Server_Comm.py: The agent lost 1 packet! Is syncmode enabled?
{Mon 01:04:22 Step:3847} Server_Comm.py: The agent lost 1 packet! Is syncmode enabled?
{Mon 01:04:22 Step:3849} Server_Comm.py: The agent lost 1 packet! Is syncmode enabled?
{Mon 01:04:22 Step:3866} Server_Comm.py: The agent lost 2 consecutive packets! Is syncmode disabled?
{Mon 01:04:22 Step:3876} Server_Comm.py: The agent lost 1 packet! Is syncmode enabled?
{Mon 01:04:22 Step:3882} Server_Comm.py: The agent lost 1 packet! Is syncmode enabled?
{Mon 01:04:22 Step:3884} Server_Comm.py: The agent lost 1 packet! Is syncmode enabled?
{Mon 01:04:22 Step:3887} Server_Comm.py: The agent lost 1 packet! Is syncmode enabled?
{Mon 01:04:22 Step:3892} Server_Comm.py: The agent lost 1 packet! Is syncmode enabled?
{Mon 01:04:22 Step:3896} Server_Comm.py: The agent lost 1 packet! Is syncmode enabled?
{Mon 01:04:22 Step:3898} Server_Comm.py: The agent lost 1 packet! Is syncmode enabled?
{Mon 01:04:22 Step:3920} Server_Comm.py: The agent lost 1 packet! Is syncmode enabled?
{Mon 01:04:22 Step:3935} Server_Comm.py: The agent lost 1 packet! Is syncmode enabled?
{Mon 01:04:22 Step:3940} Server_Comm.py: The agent lost 1 packet! Is syncmode enabled?
{Mon 01:04:22 Step:3944} Server_Comm.py: The agent lost 2 consecutive packets! Is syncmode disabled?
{Mon 01:04:22 Step:3960} Server_Comm.py: The agent lost 15 consecutive packets! Is syncmode disabled?
{Mon 01:04:22 Step:3966} Server_Comm.py: The agent lost 5 consecutive packets! Is syncmode disabled?
{Mon 01:04:22 Step:3970} Server_Comm.py: The agent lost 3 consecutive packets! Is syncmode disabled?
{Mon 01:04:22 Step:3972} Server_Comm.py: The agent lost 1 packet! Is syncmode enabled?
{Mon 01:04:22 Step:3974} Server_Comm.py: The agent lost 1 packet! Is syncmode enabled?
{Mon 01:04:22 Step:3976} Server_Comm.py: The agent lost 1 packet! Is syncmode enabled?
{Mon 01:04:22 Step:3978} Server_Comm.py: The agent lost 1 packet! Is syncmode enabled?
{Mon 01:04:22 Step:3980} Server_Comm.py: The agent lost 1 packet! Is syncmode enabled?
{Mon 01:04:22 Step:3984} Server_Comm.py: The agent lost 2 consecutive packets! Is syncmode disabled?
{Mon 01:04:22 Step:3984} Server_Comm.py: Received a new packet while thinking!
{Mon 01:04:22 Step:4206} Server_Comm.py: The agent lost 221 consecutive packets! Is syncmode disabled?
{Mon 01:04:22 Step:4211} Server_Comm.py: The agent lost 1 packet! Is syncmode enabled?
{Mon 01:04:22 Step:4213} Server_Comm.py: The agent lost 1 packet! Is syncmode enabled?
{Mon 01:04:22 Step:4217} Server_Comm.py: The agent lost 3 consecutive packets! Is syncmode disabled?
{Mon 01:04:22 Step:4221} Server_Comm.py: The agent lost 3 consecutive packets! Is syncmode disabled?
{Mon 01:04:22 Step:4224} Server_Comm.py: The agent lost 2 consecutive packets! Is syncmode disabled?
{Mon 01:04:22 Step:4226} Server_Comm.py: The agent lost 1 packet! Is syncmode enabled?
{Mon 01:04:22 Step:4228} Server_Comm.py: The agent lost 1 packet! Is syncmode enabled?
{Mon 01:04:22 Step:4231} Server_Comm.py: The agent lost 1 packet! Is syncmode enabled?
{Mon 01:04:22 Step:4234} Server_Comm.py: The agent lost 2 consecutive packets! Is syncmode disabled?
{Mon 01:04:22 Step:4236} Server_Comm.py: The agent lost 1 packet! Is syncmode enabled?
{Mon 01:04:22 Step:4239} Server_Comm.py: The agent lost 1 packet! Is syncmode enabled?
{Mon 01:04:22 Step:4241} Server_Comm.py: The agent lost 1 packet! Is syncmode enabled?
{Mon 01:04:22 Step:4244} Server_Comm.py: The agent lost 2 consecutive packets! Is syncmode disabled?
{Mon 01:04:23 Step:4247} Server_Comm.py: The agent lost 1 packet! Is syncmode enabled?
{Mon 01:04:23 Step:4250} Server_Comm.py: The agent lost 2 consecutive packets! Is syncmode disabled?
{Mon 01:04:23 Step:4309} Server_Comm.py: The agent lost 58 consecutive packets! Is syncmode disabled?
{Mon 01:04:23 Step:4322} Server_Comm.py: The agent lost 12 consecutive packets! Is syncmode disabled?
{Mon 01:04:23 Step:4325} Server_Comm.py: The agent lost 2 consecutive packets! Is syncmode disabled?
{Mon 01:04:23 Step:4332} Server_Comm.py: The agent lost 1 packet! Is syncmode enabled?
{Mon 01:04:23 Step:4339} Server_Comm.py: The agent lost 1 packet! Is syncmode enabled?
{Mon 01:04:23 Step:4341} Server_Comm.py: The agent lost 1 packet! Is syncmode enabled?
{Mon 01:04:23 Step:4343} Server_Comm.py: The agent lost 1 packet! Is syncmode enabled?
{Mon 01:04:23 Step:4346} Server_Comm.py: The agent lost 2 consecutive packets! Is syncmode disabled?
{Mon 01:04:23 Step:4366} Server_Comm.py: The agent lost 1 packet! Is syncmode enabled?
{Mon 01:04:23 Step:4371} Server_Comm.py: The agent lost 1 packet! Is syncmode enabled?
{Mon 01:04:23 Step:4382} Server_Comm.py: The agent lost 1 packet! Is syncmode enabled?
{Mon 01:04:23 Step:4386} Server_Comm.py: The agent lost 1 packet! Is syncmode enabled?
{Mon 01:04:23 Step:4391} Server_Comm.py: The agent lost 1 packet! Is syncmode enabled?
{Mon 01:04:23 Step:4406} Server_Comm.py: The agent lost 1 packet! Is syncmode enabled?
{Mon 01:04:23 Step:4410} Server_Comm.py: The agent lost 1 packet! Is syncmode enabled?
{Mon 01:04:23 Step:4418} Server_Comm.py: The agent lost 1 packet! Is syncmode enabled?
{Mon 01:04:23 Step:4422} Server_Comm.py: The agent lost 1 packet! Is syncmode enabled?
{Mon 01:04:23 Step:4424} Server_Comm.py: The agent lost 1 packet! Is syncmode enabled?
{Mon 01:04:23 Step:4428} Server_Comm.py: The agent lost 2 consecutive packets! Is syncmode disabled?
{Mon 01:04:23 Step:4436} Server_Comm.py: The agent lost 6 consecutive packets! Is syncmode disabled?
{Mon 01:04:23 Step:4438} Server_Comm.py: The agent lost 1 packet! Is syncmode enabled?
{Mon 01:04:23 Step:4440} Server_Comm.py: The agent lost 1 packet! Is syncmode enabled?
{Mon 01:04:23 Step:4444} Server_Comm.py: The agent lost 2 consecutive packets! Is syncmode disabled?
{Mon 01:04:23 Step:4446} Server_Comm.py: The agent lost 1 packet! Is syncmode enabled?
{Mon 01:04:23 Step:4448} Server_Comm.py: The agent lost 1 packet! Is syncmode enabled?
{Mon 01:04:23 Step:4452} Server_Comm.py: The agent lost 2 consecutive packets! Is syncmode disabled?
{Mon 01:04:23 Step:4454} Server_Comm.py: The agent lost 1 packet! Is syncmode enabled?
{Mon 01:04:23 Step:4456} Server_Comm.py: The agent lost 1 packet! Is syncmode enabled?
{Mon 01:04:23 Step:4458} Server_Comm.py: The agent lost 1 packet! Is syncmode enabled?
{Mon 01:04:23 Step:4462} Server_Comm.py: The agent lost 2 consecutive packets! Is syncmode disabled?
{Mon 01:04:23 Step:4466} Server_Comm.py: The agent lost 2 consecutive packets! Is syncmode disabled?
{Mon 01:04:23 Step:4468} Server_Comm.py: The agent lost 1 packet! Is syncmode enabled?
{Mon 01:04:23 Step:4471} Server_Comm.py: The agent lost 1 packet! Is syncmode enabled?
{Mon 01:04:23 Step:4473} Server_Comm.py: The agent lost 1 packet! Is syncmode enabled?
{Mon 01:04:23 Step:4476} Server_Comm.py: The agent lost 2 consecutive packets! Is syncmode disabled?
{Mon 01:04:23 Step:4479} Server_Comm.py: The agent lost 1 packet! Is syncmode enabled?
{Mon 01:04:23 Step:4481} Server_Comm.py: The agent lost 1 packet! Is syncmode enabled?
{Mon 01:04:23 Step:4484} Server_Comm.py: The agent lost 2 consecutive packets! Is syncmode disabled?
{Mon 01:04:23 Step:4488} Server_Comm.py: The agent lost 2 consecutive packets! Is syncmode disabled?
{Mon 01:04:23 Step:4490} Server_Comm.py: The agent lost 1 packet! Is syncmode enabled?
{Mon 01:04:23 Step:4493} Server_Comm.py: The agent lost 1 packet! Is syncmode enabled?
{Mon 01:04:23 Step:4496} Server_Comm.py: The agent lost 2 consecutive packets! Is syncmode disabled?
{Mon 01:04:23 Step:4498} Server_Comm.py: The agent lost 1 packet! Is syncmode enabled?
{Mon 01:04:23 Step:4502} Server_Comm.py: The agent lost 2 consecutive packets! Is syncmode disabled?
{Mon 01:04:23 Step:4504} Server_Comm.py: The agent lost 1 packet! Is syncmode enabled?
{Mon 01:04:23 Step:4507} Server_Comm.py: The agent lost 1 packet! Is syncmode enabled?
{Mon 01:04:23 Step:4511} Server_Comm.py: The agent lost 3 consecutive packets! Is syncmode disabled?
{Mon 01:04:23 Step:4514} Server_Comm.py: The agent lost 2 consecutive packets! Is syncmode disabled?
{Mon 01:04:23 Step:4516} Server_Comm.py: The agent lost 1 packet! Is syncmode enabled?
{Mon 01:04:23 Step:4522} Server_Comm.py: The agent lost 2 consecutive packets! Is syncmode disabled?
{Mon 01:04:23 Step:4524} Server_Comm.py: The agent lost 1 packet! Is syncmode enabled?
{Mon 01:04:23 Step:4526} Server_Comm.py: The agent lost 1 packet! Is syncmode enabled?
{Mon 01:04:23 Step:4528} Server_Comm.py: The agent lost 1 packet! Is syncmode enabled?
{Mon 01:04:23 Step:4530} Server_Comm.py: The agent lost 1 packet! Is syncmode enabled?
{Mon 01:04:23 Step:4534} Server_Comm.py: The agent lost 2 consecutive packets! Is syncmode disabled?
{Mon 01:04:23 Step:4536} Server_Comm.py: The agent lost 1 packet! Is syncmode enabled?
{Mon 01:04:23 Step:4540} Server_Comm.py: The agent lost 1 packet! Is syncmode enabled?
{Mon 01:04:23 Step:4550} Server_Comm.py: The agent lost 1 packet! Is syncmode enabled?
{Mon 01:04:23 Step:4556} Server_Comm.py: The agent lost 1 packet! Is syncmode enabled?
{Mon 01:04:23 Step:4580} Server_Comm.py: The agent lost 2 consecutive packets! Is syncmode disabled?
{Mon 01:04:23 Step:4582} Server_Comm.py: The agent lost 1 packet! Is syncmode enabled?
{Mon 01:04:23 Step:4590} Server_Comm.py: The agent lost 6 consecutive packets! Is syncmode disabled?
{Mon 01:04:23 Step:4592} Server_Comm.py: The agent lost 1 packet! Is syncmode enabled?
{Mon 01:04:23 Step:4594} Server_Comm.py: The agent lost 1 packet! Is syncmode enabled?
{Mon 01:04:23 Step:4596} Server_Comm.py: The agent lost 1 packet! Is syncmode enabled?
{Mon 01:04:23 Step:4600} Server_Comm.py: The agent lost 2 consecutive packets! Is syncmode disabled?
{Mon 01:04:23 Step:4603} Server_Comm.py: The agent lost 1 packet! Is syncmode enabled?
{Mon 01:04:23 Step:4606} Server_Comm.py: The agent lost 2 consecutive packets! Is syncmode disabled?
{Mon 01:04:23 Step:4610} Server_Comm.py: The agent lost 2 consecutive packets! Is syncmode disabled?
{Mon 01:04:23 Step:4612} Server_Comm.py: The agent lost 1 packet! Is syncmode enabled?
{Mon 01:04:23 Step:4616} Server_Comm.py: The agent lost 2 consecutive packets! Is syncmode disabled?
{Mon 01:04:23 Step:4618} Server_Comm.py: The agent lost 1 packet! Is syncmode enabled?
{Mon 01:04:23 Step:4620} Server_Comm.py: The agent lost 1 packet! Is syncmode enabled?
{Mon 01:04:23 Step:4622} Server_Comm.py: The agent lost 1 packet! Is syncmode enabled?
{Mon 01:04:23 Step:4626} Server_Comm.py: The agent lost 2 consecutive packets! Is syncmode disabled?
{Mon 01:04:23 Step:4628} Server_Comm.py: The agent lost 1 packet! Is syncmode enabled?
{Mon 01:04:23 Step:4632} Server_Comm.py: The agent lost 2 consecutive packets! Is syncmode disabled?
{Mon 01:04:23 Step:4634} Server_Comm.py: The agent lost 1 packet! Is syncmode enabled?
{Mon 01:04:23 Step:4636} Server_Comm.py: The agent lost 1 packet! Is syncmode enabled?
{Mon 01:04:23 Step:4638} Server_Comm.py: The agent lost 1 packet! Is syncmode enabled?
{Mon 01:04:23 Step:4642} Server_Comm.py: The agent lost 2 consecutive packets! Is syncmode disabled?
{Mon 01:04:23 Step:4644} Server_Comm.py: The agent lost 1 packet! Is syncmode enabled?
{Mon 01:04:23 Step:4647} Server_Comm.py: The agent lost 1 packet! Is syncmode enabled?
{Mon 01:04:23 Step:4650} Server_Comm.py: The agent lost 2 consecutive packets! Is syncmode disabled?
{Mon 01:04:23 Step:4652} Server_Comm.py: The agent lost 1 packet! Is syncmode enabled?
{Mon 01:04:23 Step:4654} Server_Comm.py: The agent lost 1 packet! Is syncmode enabled?
{Mon 01:04:23 Step:4657} Server_Comm.py: The agent lost 1 packet! Is syncmode enabled?
{Mon 01:04:23 Step:4661} Server_Comm.py: The agent lost 3 consecutive packets! Is syncmode disabled?
{Mon 01:04:23 Step:4665} Server_Comm.py: The agent lost 3 consecutive packets! Is syncmode disabled?
{Mon 01:04:23 Step:4669} Server_Comm.py: The agent lost 3 consecutive packets! Is syncmode disabled?
{Mon 01:04:23 Step:4673} Server_Comm.py: The agent lost 3 consecutive packets! Is syncmode disabled?
{Mon 01:04:23 Step:4676} Server_Comm.py: The agent lost 2 consecutive packets! Is syncmode disabled?
{Mon 01:04:23 Step:4678} Server_Comm.py: The agent lost 1 packet! Is syncmode enabled?
{Mon 01:04:23 Step:4680} Server_Comm.py: The agent lost 1 packet! Is syncmode enabled?
{Mon 01:04:23 Step:4682} Server_Comm.py: The agent lost 1 packet! Is syncmode enabled?
{Mon 01:04:23 Step:4684} Server_Comm.py: The agent lost 1 packet! Is syncmode enabled?
{Mon 01:04:23 Step:4686} Server_Comm.py: The agent lost 1 packet! Is syncmode enabled?
{Mon 01:04:23 Step:4688} Server_Comm.py: The agent lost 1 packet! Is syncmode enabled?
{Mon 01:04:23 Step:4691} Server_Comm.py: The agent lost 1 packet! Is syncmode enabled?
{Mon 01:04:23 Step:4694} Server_Comm.py: The agent lost 2 consecutive packets! Is syncmode disabled?
{Mon 01:04:23 Step:4699} Server_Comm.py: The agent lost 3 consecutive packets! Is syncmode disabled?
{Mon 01:04:23 Step:4703} Server_Comm.py: The agent lost 3 consecutive packets! Is syncmode disabled?
{Mon 01:04:23 Step:4706} Server_Comm.py: The agent lost 2 consecutive packets! Is syncmode disabled?
{Mon 01:04:23 Step:4708} Server_Comm.py: The agent lost 1 packet! Is syncmode enabled?
{Mon 01:04:23 Step:4710} Server_Comm.py: The agent lost 1 packet! Is syncmode enabled?
{Mon 01:04:23 Step:4714} Server_Comm.py: The agent lost 2 consecutive packets! Is syncmode disabled?
{Mon 01:04:23 Step:4716} Server_Comm.py: The agent lost 1 packet! Is syncmode enabled?
{Mon 01:04:23 Step:4718} Server_Comm.py: The agent lost 1 packet! Is syncmode enabled?
{Mon 01:04:23 Step:4722} Server_Comm.py: The agent lost 2 consecutive packets! Is syncmode disabled?
{Mon 01:04:23 Step:4724} Server_Comm.py: The agent lost 1 packet! Is syncmode enabled?
{Mon 01:04:23 Step:4726} Server_Comm.py: The agent lost 1 packet! Is syncmode enabled?
{Mon 01:04:23 Step:4730} Server_Comm.py: The agent lost 2 consecutive packets! Is syncmode disabled?
{Mon 01:04:23 Step:4732} Server_Comm.py: The agent lost 1 packet! Is syncmode enabled?
{Mon 01:04:23 Step:4734} Server_Comm.py: The agent lost 1 packet! Is syncmode enabled?
{Mon 01:04:23 Step:4736} Server_Comm.py: The agent lost 1 packet! Is syncmode enabled?
{Mon 01:04:23 Step:4740} Server_Comm.py: The agent lost 2 consecutive packets! Is syncmode disabled?
{Mon 01:04:23 Step:4742} Server_Comm.py: The agent lost 1 packet! Is syncmode enabled?
{Mon 01:04:23 Step:4744} Server_Comm.py: The agent lost 1 packet! Is syncmode enabled?
{Mon 01:04:23 Step:4750} Server_Comm.py: The agent lost 1 packet! Is syncmode enabled?
{Mon 01:04:23 Step:4753} Server_Comm.py: The agent lost 1 packet! Is syncmode enabled?
{Mon 01:04:23 Step:4758} Server_Comm.py: The agent lost 1 packet! Is syncmode enabled?
{Mon 01:04:23 Step:4768} Server_Comm.py: The agent lost 2 consecutive packets! Is syncmode disabled?
{Mon 01:04:23 Step:4770} Server_Comm.py: The agent lost 1 packet! Is syncmode enabled?
{Mon 01:04:23 Step:4777} Server_Comm.py: The agent lost 5 consecutive packets! Is syncmode disabled?
{Mon 01:04:23 Step:4782} Server_Comm.py: The agent lost 4 consecutive packets! Is syncmode disabled?
{Mon 01:04:23 Step:4785} Server_Comm.py: The agent lost 2 consecutive packets! Is syncmode disabled?
{Mon 01:04:23 Step:4787} Server_Comm.py: The agent lost 1 packet! Is syncmode enabled?
{Mon 01:04:23 Step:4790} Server_Comm.py: The agent lost 1 packet! Is syncmode enabled?
{Mon 01:04:23 Step:4793} Server_Comm.py: The agent lost 1 packet! Is syncmode enabled?
{Mon 01:04:23 Step:4796} Server_Comm.py: The agent lost 2 consecutive packets! Is syncmode disabled?
{Mon 01:04:23 Step:4798} Server_Comm.py: The agent lost 1 packet! Is syncmode enabled?
{Mon 01:04:23 Step:4800} Server_Comm.py: The agent lost 1 packet! Is syncmode enabled?
{Mon 01:04:23 Step:4804} Server_Comm.py: The agent lost 2 consecutive packets! Is syncmode disabled?
{Mon 01:04:23 Step:4807} Server_Comm.py: The agent lost 2 consecutive packets! Is syncmode disabled?
{Mon 01:04:23 Step:4809} Server_Comm.py: The agent lost 1 packet! Is syncmode enabled?
{Mon 01:04:23 Step:4814} Server_Comm.py: The agent lost 1 packet! Is syncmode enabled?
{Mon 01:04:23 Step:4829} Server_Comm.py: The agent lost 1 packet! Is syncmode enabled?
{Mon 01:04:23 Step:4841} Server_Comm.py: The agent lost 1 packet! Is syncmode enabled?
{Mon 01:04:23 Step:4854} Server_Comm.py: The agent lost 1 packet! Is syncmode enabled?
{Mon 01:04:23 Step:4881} Server_Comm.py: The agent lost 1 packet! Is syncmode enabled?
{Mon 01:04:23 Step:4884} Server_Comm.py: The agent lost 1 packet! Is syncmode enabled?
{Mon 01:04:23 Step:4891} Server_Comm.py: Received a new packet while thinking!
{Mon 01:04:23 Step:5082} Server_Comm.py: The agent lost 190 consecutive packets! Is syncmode disabled?
{Mon 01:04:23 Step:5082} Server_Comm.py: Received a new packet while thinking!
{Mon 01:04:23 Step:5083} Server_Comm.py: Received a new packet while on world.update()!
{Mon 01:04:23 Step:5085} Server_Comm.py: The agent lost 1 packet! Is syncmode enabled?
{Mon 01:04:23 Step:5085} Server_Comm.py: Received a new packet while on world.update()!
{Mon 01:04:23 Step:5086} Server_Comm.py: Received a new packet while on world.update()!
{Mon 01:04:23 Step:5087} Server_Comm.py: Received a new packet while on world.update()!
{Mon 01:04:23 Step:5088} Server_Comm.py: Received a new packet while on world.update()!
{Mon 01:04:23 Step:5089} Server_Comm.py: Received a new packet while on world.update()!
{Mon 01:04:23 Step:5095} Server_Comm.py: The agent lost 1 packet! Is syncmode enabled?
{Mon 01:04:23 Step:5098} Server_Comm.py: The agent lost 1 packet! Is syncmode enabled?
{Mon 01:04:23 Step:5101} Server_Comm.py: The agent lost 1 packet! Is syncmode enabled?
{Mon 01:04:23 Step:5105} Server_Comm.py: The agent lost 1 packet! Is syncmode enabled?
{Mon 01:04:23 Step:5122} Server_Comm.py: The agent lost 1 packet! Is syncmode enabled?
{Mon 01:04:23 Step:5124} Server_Comm.py: The agent lost 1 packet! Is syncmode enabled?
{Mon 01:04:23 Step:5146} Server_Comm.py: The agent lost 1 packet! Is syncmode enabled?
{Mon 01:04:23 Step:5168} Server_Comm.py: The agent lost 1 packet! Is syncmode enabled?
{Mon 01:04:23 Step:5170} Server_Comm.py: The agent lost 1 packet! Is syncmode enabled?
{Mon 01:04:23 Step:5185} Server_Comm.py: The agent lost 1 packet! Is syncmode enabled?
{Mon 01:04:23 Step:5187} Server_Comm.py: The agent lost 1 packet! Is syncmode enabled?
{Mon 01:04:23 Step:5190} Server_Comm.py: The agent lost 2 consecutive packets! Is syncmode disabled?
{Mon 01:04:23 Step:5190} Server_Comm.py: Received a new packet while thinking!
{Mon 01:04:23 Step:5254} Server_Comm.py: The agent lost 63 consecutive packets! Is syncmode disabled?
{Mon 01:04:23 Step:5259} Server_Comm.py: The agent lost 4 consecutive packets! Is syncmode disabled?
{Mon 01:04:23 Step:5263} Server_Comm.py: The agent lost 3 consecutive packets! Is syncmode disabled?
{Mon 01:04:23 Step:5266} Server_Comm.py: The agent lost 2 consecutive packets! Is syncmode disabled?
{Mon 01:04:23 Step:5268} Server_Comm.py: The agent lost 1 packet! Is syncmode enabled?
{Mon 01:04:23 Step:5270} Server_Comm.py: The agent lost 1 packet! Is syncmode enabled?
{Mon 01:04:23 Step:5274} Server_Comm.py: The agent lost 2 consecutive packets! Is syncmode disabled?
{Mon 01:04:23 Step:5276} Server_Comm.py: The agent lost 1 packet! Is syncmode enabled?
{Mon 01:04:23 Step:5279} Server_Comm.py: The agent lost 1 packet! Is syncmode enabled?
{Mon 01:04:23 Step:5282} Server_Comm.py: The agent lost 2 consecutive packets! Is syncmode disabled?
{Mon 01:04:23 Step:5285} Server_Comm.py: The agent lost 1 packet! Is syncmode enabled?
{Mon 01:04:23 Step:5288} Server_Comm.py: The agent lost 2 consecutive packets! Is syncmode disabled?
{Mon 01:04:23 Step:5290} Server_Comm.py: The agent lost 1 packet! Is syncmode enabled?
{Mon 01:04:23 Step:5293} Server_Comm.py: The agent lost 1 packet! Is syncmode enabled?
{Mon 01:04:23 Step:5296} Server_Comm.py: The agent lost 2 consecutive packets! Is syncmode disabled?
{Mon 01:04:23 Step:5302} Server_Comm.py: The agent lost 2 consecutive packets! Is syncmode disabled?
{Mon 01:04:23 Step:5306} Server_Comm.py: The agent lost 2 consecutive packets! Is syncmode disabled?
{Mon 01:04:23 Step:5309} Server_Comm.py: The agent lost 1 packet! Is syncmode enabled?
{Mon 01:04:23 Step:5312} Server_Comm.py: The agent lost 2 consecutive packets! Is syncmode disabled?
{Mon 01:04:23 Step:5315} Server_Comm.py: The agent lost 1 packet! Is syncmode enabled?
{Mon 01:04:23 Step:5318} Server_Comm.py: The agent lost 2 consecutive packets! Is syncmode disabled?
{Mon 01:04:23 Step:5321} Server_Comm.py: The agent lost 1 packet! Is syncmode enabled?
{Mon 01:04:23 Step:5324} Server_Comm.py: The agent lost 2 consecutive packets! Is syncmode disabled?
{Mon 01:04:23 Step:5326} Server_Comm.py: The agent lost 1 packet! Is syncmode enabled?
{Mon 01:04:23 Step:5328} Server_Comm.py: The agent lost 1 packet! Is syncmode enabled?
{Mon 01:04:23 Step:5330} Server_Comm.py: The agent lost 1 packet! Is syncmode enabled?
{Mon 01:04:23 Step:5333} Server_Comm.py: The agent lost 2 consecutive packets! Is syncmode disabled?
{Mon 01:04:23 Step:5339} Server_Comm.py: The agent lost 5 consecutive packets! Is syncmode disabled?
{Mon 01:04:23 Step:5346} Server_Comm.py: The agent lost 6 consecutive packets! Is syncmode disabled?
{Mon 01:04:23 Step:5351} Server_Comm.py: The agent lost 4 consecutive packets! Is syncmode disabled?
{Mon 01:04:23 Step:5356} Server_Comm.py: The agent lost 4 consecutive packets! Is syncmode disabled?
{Mon 01:04:23 Step:5360} Server_Comm.py: The agent lost 3 consecutive packets! Is syncmode disabled?
{Mon 01:04:23 Step:5363} Server_Comm.py: The agent lost 2 consecutive packets! Is syncmode disabled?
{Mon 01:04:23 Step:5365} Server_Comm.py: The agent lost 1 packet! Is syncmode enabled?
{Mon 01:04:23 Step:5368} Server_Comm.py: The agent lost 2 consecutive packets! Is syncmode disabled?
{Mon 01:04:23 Step:5371} Server_Comm.py: The agent lost 2 consecutive packets! Is syncmode disabled?
{Mon 01:04:23 Step:5374} Server_Comm.py: The agent lost 2 consecutive packets! Is syncmode disabled?
{Mon 01:04:23 Step:5376} Server_Comm.py: The agent lost 1 packet! Is syncmode enabled?
{Mon 01:04:23 Step:5379} Server_Comm.py: The agent lost 1 packet! Is syncmode enabled?
{Mon 01:04:23 Step:5382} Server_Comm.py: The agent lost 2 consecutive packets! Is syncmode disabled?
{Mon 01:04:23 Step:5384} Server_Comm.py: The agent lost 1 packet! Is syncmode enabled?
{Mon 01:04:23 Step:5386} Server_Comm.py: The agent lost 1 packet! Is syncmode enabled?
{Mon 01:04:23 Step:5390} Server_Comm.py: The agent lost 2 consecutive packets! Is syncmode disabled?
{Mon 01:04:23 Step:5396} Server_Comm.py: The agent lost 4 consecutive packets! Is syncmode disabled?
{Mon 01:04:23 Step:5400} Server_Comm.py: The agent lost 3 consecutive packets! Is syncmode disabled?
{Mon 01:04:23 Step:5405} Server_Comm.py: The agent lost 4 consecutive packets! Is syncmode disabled?
{Mon 01:04:23 Step:5412} Server_Comm.py: The agent lost 6 consecutive packets! Is syncmode disabled?
{Mon 01:04:23 Step:5417} Server_Comm.py: The agent lost 4 consecutive packets! Is syncmode disabled?
{Mon 01:04:23 Step:5422} Server_Comm.py: The agent lost 4 consecutive packets! Is syncmode disabled?
{Mon 01:04:23 Step:5426} Server_Comm.py: The agent lost 2 consecutive packets! Is syncmode disabled?
{Mon 01:04:23 Step:5428} Server_Comm.py: The agent lost 1 packet! Is syncmode enabled?
{Mon 01:04:23 Step:5432} Server_Comm.py: The agent lost 2 consecutive packets! Is syncmode disabled?
{Mon 01:04:23 Step:5434} Server_Comm.py: The agent lost 1 packet! Is syncmode enabled?
{Mon 01:04:23 Step:5437} Server_Comm.py: The agent lost 2 consecutive packets! Is syncmode disabled?
{Mon 01:04:23 Step:5443} Server_Comm.py: The agent lost 5 consecutive packets! Is syncmode disabled?
{Mon 01:04:23 Step:5451} Server_Comm.py: The agent lost 7 consecutive packets! Is syncmode disabled?
{Mon 01:04:23 Step:5461} Server_Comm.py: The agent lost 9 consecutive packets! Is syncmode disabled?
{Mon 01:04:23 Step:5469} Server_Comm.py: The agent lost 7 consecutive packets! Is syncmode disabled?
{Mon 01:04:23 Step:5478} Server_Comm.py: The agent lost 8 consecutive packets! Is syncmode disabled?
{Mon 01:04:23 Step:5487} Server_Comm.py: The agent lost 8 consecutive packets! Is syncmode disabled?
{Mon 01:04:23 Step:5498} Server_Comm.py: The agent lost 10 consecutive packets! Is syncmode disabled?
{Mon 01:04:23 Step:5507} Server_Comm.py: The agent lost 8 consecutive packets! Is syncmode disabled?
{Mon 01:04:23 Step:5520} Server_Comm.py: The agent lost 12 consecutive packets! Is syncmode disabled?
{Mon 01:04:23 Step:5524} Server_Comm.py: The agent lost 3 consecutive packets! Is syncmode disabled?
{Mon 01:04:23 Step:5526} Server_Comm.py: The agent lost 1 packet! Is syncmode enabled?
{Mon 01:04:23 Step:5529} Server_Comm.py: The agent lost 1 packet! Is syncmode enabled?
{Mon 01:04:23 Step:5532} Server_Comm.py: The agent lost 1 packet! Is syncmode enabled?
{Mon 01:04:23 Step:5558} Server_Comm.py: The agent lost 1 packet! Is syncmode enabled?
{Mon 01:04:23 Step:5560} Server_Comm.py: The agent lost 1 packet! Is syncmode enabled?
{Mon 01:04:23 Step:5571} Server_Comm.py: The agent lost 2 consecutive packets! Is syncmode disabled?
{Mon 01:04:23 Step:5574} Server_Comm.py: The agent lost 2 consecutive packets! Is syncmode disabled?
{Mon 01:04:23 Step:5578} Server_Comm.py: The agent lost 3 consecutive packets! Is syncmode disabled?
{Mon 01:04:23 Step:5581} Server_Comm.py: The agent lost 2 consecutive packets! Is syncmode disabled?
{Mon 01:04:23 Step:5584} Server_Comm.py: The agent lost 2 consecutive packets! Is syncmode disabled?
{Mon 01:04:23 Step:5587} Server_Comm.py: The agent lost 2 consecutive packets! Is syncmode disabled?
{Mon 01:04:23 Step:5590} Server_Comm.py: The agent lost 2 consecutive packets! Is syncmode disabled?
{Mon 01:04:23 Step:5593} Server_Comm.py: The agent lost 2 consecutive packets! Is syncmode disabled?
{Mon 01:04:23 Step:5597} Server_Comm.py: The agent lost 3 consecutive packets! Is syncmode disabled?
{Mon 01:04:23 Step:5602} Server_Comm.py: The agent lost 4 consecutive packets! Is syncmode disabled?
{Mon 01:04:23 Step:5604} Server_Comm.py: The agent lost 1 packet! Is syncmode enabled?
{Mon 01:04:23 Step:5607} Server_Comm.py: The agent lost 2 consecutive packets! Is syncmode disabled?
{Mon 01:04:23 Step:5611} Server_Comm.py: The agent lost 3 consecutive packets! Is syncmode disabled?
{Mon 01:04:23 Step:5614} Server_Comm.py: The agent lost 2 consecutive packets! Is syncmode disabled?
{Mon 01:04:23 Step:5616} Server_Comm.py: The agent lost 1 packet! Is syncmode enabled?
{Mon 01:04:23 Step:5619} Server_Comm.py: The agent lost 2 consecutive packets! Is syncmode disabled?
{Mon 01:04:23 Step:5621} Server_Comm.py: The agent lost 1 packet! Is syncmode enabled?
{Mon 01:04:23 Step:5624} Server_Comm.py: The agent lost 2 consecutive packets! Is syncmode disabled?
{Mon 01:04:23 Step:5627} Server_Comm.py: The agent lost 2 consecutive packets! Is syncmode disabled?
{Mon 01:04:23 Step:5631} Server_Comm.py: The agent lost 3 consecutive packets! Is syncmode disabled?
{Mon 01:04:23 Step:5634} Server_Comm.py: The agent lost 2 consecutive packets! Is syncmode disabled?
{Mon 01:04:23 Step:5637} Server_Comm.py: The agent lost 2 consecutive packets! Is syncmode disabled?
{Mon 01:04:23 Step:5640} Server_Comm.py: The agent lost 2 consecutive packets! Is syncmode disabled?
{Mon 01:04:23 Step:5644} Server_Comm.py: The agent lost 3 consecutive packets! Is syncmode disabled?
{Mon 01:04:23 Step:5648} Server_Comm.py: The agent lost 3 consecutive packets! Is syncmode disabled?
{Mon 01:04:23 Step:5651} Server_Comm.py: The agent lost 2 consecutive packets! Is syncmode disabled?
{Mon 01:04:23 Step:5654} Server_Comm.py: The agent lost 2 consecutive packets! Is syncmode disabled?
{Mon 01:04:23 Step:5657} Server_Comm.py: The agent lost 2 consecutive packets! Is syncmode disabled?
{Mon 01:04:23 Step:5660} Server_Comm.py: The agent lost 2 consecutive packets! Is syncmode disabled?
{Mon 01:04:23 Step:5664} Server_Comm.py: The agent lost 3 consecutive packets! Is syncmode disabled?
{Mon 01:04:23 Step:5667} Server_Comm.py: The agent lost 2 consecutive packets! Is syncmode disabled?
{Mon 01:04:23 Step:5671} Server_Comm.py: The agent lost 3 consecutive packets! Is syncmode disabled?
{Mon 01:04:23 Step:5674} Server_Comm.py: The agent lost 2 consecutive packets! Is syncmode disabled?
{Mon 01:04:23 Step:5676} Server_Comm.py: The agent lost 1 packet! Is syncmode enabled?
{Mon 01:04:23 Step:5678} Server_Comm.py: The agent lost 1 packet! Is syncmode enabled?
{Mon 01:04:23 Step:5680} Server_Comm.py: The agent lost 1 packet! Is syncmode enabled?
{Mon 01:04:23 Step:5682} Server_Comm.py: The agent lost 1 packet! Is syncmode enabled?
{Mon 01:04:23 Step:5686} Server_Comm.py: The agent lost 1 packet! Is syncmode enabled?
{Mon 01:04:23 Step:5689} Server_Comm.py: The agent lost 2 consecutive packets! Is syncmode disabled?
{Mon 01:04:23 Step:5693} Server_Comm.py: The agent lost 3 consecutive packets! Is syncmode disabled?
{Mon 01:04:23 Step:5697} Server_Comm.py: The agent lost 3 consecutive packets! Is syncmode disabled?
{Mon 01:04:23 Step:5700} Server_Comm.py: The agent lost 2 consecutive packets! Is syncmode disabled?
{Mon 01:04:23 Step:5703} Server_Comm.py: The agent lost 2 consecutive packets! Is syncmode disabled?
{Mon 01:04:23 Step:5712} Server_Comm.py: The agent lost 8 consecutive packets! Is syncmode disabled?
{Mon 01:04:23 Step:5717} Server_Comm.py: The agent lost 4 consecutive packets! Is syncmode disabled?
{Mon 01:04:23 Step:5726} Server_Comm.py: The agent lost 8 consecutive packets! Is syncmode disabled?
