{Mon 01:08:36 Step:2} Server_Comm.py: The agent lost 1 packet! Is syncmode enabled?
{Mon 01:08:36 Step:2} Server_Comm.py: Received a new packet while on world.update()!
{Mon 01:08:36 Step:6} Server_Comm.py: The agent lost 3 consecutive packets! Is syncmode disabled?
{Mon 01:08:36 Step:6} Server_Comm.py: Received a new packet while on world.update()!
{Mon 01:08:36 Step:8} Server_Comm.py: The agent lost 1 packet! Is syncmode enabled?
{Mon 01:08:36 Step:8} Server_Comm.py: Received a new packet while on world.update()!
{Mon 01:08:36 Step:9} Server_Comm.py: Received a new packet while on world.update()!
{Mon 01:08:36 Step:15} Server_Comm.py: The agent lost 5 consecutive packets! Is syncmode disabled?
{Mon 01:08:36 Step:15} Server_Comm.py: Received a new packet while on world.update()!
{Mon 01:08:36 Step:18} Server_Comm.py: The agent lost 2 consecutive packets! Is syncmode disabled?
{Mon 01:08:36 Step:18} Server_Comm.py: Received a new packet while on world.update()!
{Mon 01:08:36 Step:20} Server_Comm.py: The agent lost 1 packet! Is syncmode enabled?
{Mon 01:08:36 Step:23} Server_Comm.py: The agent lost 1 packet! Is syncmode enabled?
{Mon 01:08:36 Step:26} Server_Comm.py: The agent lost 2 consecutive packets! Is syncmode disabled?
{Mon 01:08:36 Step:28} Server_Comm.py: The agent lost 1 packet! Is syncmode enabled?
{Mon 01:08:36 Step:41} Server_Comm.py: The agent lost 12 consecutive packets! Is syncmode disabled?
{Mon 01:08:36 Step:48} Server_Comm.py: The agent lost 6 consecutive packets! Is syncmode disabled?
{Mon 01:08:36 Step:50} Server_Comm.py: The agent lost 1 packet! Is syncmode enabled?
{Mon 01:08:36 Step:53} Server_Comm.py: The agent lost 1 packet! Is syncmode enabled?
{Mon 01:08:36 Step:56} Server_Comm.py: The agent lost 2 consecutive packets! Is syncmode disabled?
{Mon 01:08:36 Step:56} Server_Comm.py: Received a new packet while thinking!
{Mon 01:08:36 Step:133} Server_Comm.py: The agent lost 76 consecutive packets! Is syncmode disabled?
{Mon 01:08:36 Step:140} Server_Comm.py: The agent lost 6 consecutive packets! Is syncmode disabled?
{Mon 01:08:36 Step:143} Server_Comm.py: The agent lost 2 consecutive packets! Is syncmode disabled?
{Mon 01:08:36 Step:147} Server_Comm.py: The agent lost 3 consecutive packets! Is syncmode disabled?
{Mon 01:08:36 Step:152} Server_Comm.py: The agent lost 4 consecutive packets! Is syncmode disabled?
{Mon 01:08:36 Step:155} Server_Comm.py: The agent lost 2 consecutive packets! Is syncmode disabled?
{Mon 01:08:36 Step:159} Server_Comm.py: The agent lost 3 consecutive packets! Is syncmode disabled?
{Mon 01:08:36 Step:163} Server_Comm.py: The agent lost 3 consecutive packets! Is syncmode disabled?
{Mon 01:08:36 Step:167} Server_Comm.py: The agent lost 3 consecutive packets! Is syncmode disabled?
{Mon 01:08:36 Step:171} Server_Comm.py: The agent lost 3 consecutive packets! Is syncmode disabled?
{Mon 01:08:36 Step:175} Server_Comm.py: The agent lost 3 consecutive packets! Is syncmode disabled?
{Mon 01:08:36 Step:178} Server_Comm.py: The agent lost 2 consecutive packets! Is syncmode disabled?
{Mon 01:08:36 Step:181} Server_Comm.py: The agent lost 2 consecutive packets! Is syncmode disabled?
{Mon 01:08:36 Step:184} Server_Comm.py: The agent lost 2 consecutive packets! Is syncmode disabled?
{Mon 01:08:36 Step:186} Server_Comm.py: The agent lost 1 packet! Is syncmode enabled?
{Mon 01:08:36 Step:189} Server_Comm.py: The agent lost 1 packet! Is syncmode enabled?
{Mon 01:08:36 Step:199} Server_Comm.py: The agent lost 1 packet! Is syncmode enabled?
{Mon 01:08:36 Step:201} Server_Comm.py: The agent lost 1 packet! Is syncmode enabled?
{Mon 01:08:36 Step:212} Server_Comm.py: The agent lost 1 packet! Is syncmode enabled?
{Mon 01:08:36 Step:215} Server_Comm.py: The agent lost 1 packet! Is syncmode enabled?
{Mon 01:08:36 Step:217} Server_Comm.py: The agent lost 1 packet! Is syncmode enabled?
{Mon 01:08:36 Step:220} Server_Comm.py: The agent lost 1 packet! Is syncmode enabled?
{Mon 01:08:36 Step:224} Server_Comm.py: The agent lost 1 packet! Is syncmode enabled?
{Mon 01:08:36 Step:234} Server_Comm.py: The agent lost 1 packet! Is syncmode enabled?
{Mon 01:08:36 Step:243} Server_Comm.py: The agent lost 1 packet! Is syncmode enabled?
{Mon 01:08:36 Step:249} Server_Comm.py: The agent lost 1 packet! Is syncmode enabled?
{Mon 01:08:36 Step:251} Server_Comm.py: The agent lost 1 packet! Is syncmode enabled?
{Mon 01:08:36 Step:257} Server_Comm.py: The agent lost 1 packet! Is syncmode enabled?
{Mon 01:08:36 Step:261} Server_Comm.py: The agent lost 1 packet! Is syncmode enabled?
{Mon 01:08:36 Step:266} Server_Comm.py: The agent lost 1 packet! Is syncmode enabled?
{Mon 01:08:36 Step:269} Server_Comm.py: The agent lost 1 packet! Is syncmode enabled?
{Mon 01:08:36 Step:274} Server_Comm.py: The agent lost 1 packet! Is syncmode enabled?
{Mon 01:08:36 Step:278} Server_Comm.py: The agent lost 2 consecutive packets! Is syncmode disabled?
{Mon 01:08:36 Step:280} Server_Comm.py: The agent lost 1 packet! Is syncmode enabled?
{Mon 01:08:36 Step:286} Server_Comm.py: The agent lost 5 consecutive packets! Is syncmode disabled?
{Mon 01:08:36 Step:289} Server_Comm.py: The agent lost 2 consecutive packets! Is syncmode disabled?
{Mon 01:08:36 Step:293} Server_Comm.py: The agent lost 3 consecutive packets! Is syncmode disabled?
{Mon 01:08:36 Step:298} Server_Comm.py: The agent lost 4 consecutive packets! Is syncmode disabled?
{Mon 01:08:36 Step:301} Server_Comm.py: The agent lost 2 consecutive packets! Is syncmode disabled?
{Mon 01:08:36 Step:304} Server_Comm.py: The agent lost 2 consecutive packets! Is syncmode disabled?
{Mon 01:08:36 Step:306} Server_Comm.py: The agent lost 1 packet! Is syncmode enabled?
{Mon 01:08:36 Step:308} Server_Comm.py: The agent lost 1 packet! Is syncmode enabled?
{Mon 01:08:36 Step:311} Server_Comm.py: The agent lost 1 packet! Is syncmode enabled?
{Mon 01:08:36 Step:319} Server_Comm.py: The agent lost 1 packet! Is syncmode enabled?
{Mon 01:08:36 Step:323} Server_Comm.py: The agent lost 1 packet! Is syncmode enabled?
{Mon 01:08:36 Step:327} Server_Comm.py: The agent lost 1 packet! Is syncmode enabled?
{Mon 01:08:36 Step:329} Server_Comm.py: The agent lost 1 packet! Is syncmode enabled?
{Mon 01:08:36 Step:333} Server_Comm.py: The agent lost 1 packet! Is syncmode enabled?
{Mon 01:08:36 Step:350} Server_Comm.py: The agent lost 1 packet! Is syncmode enabled?
{Mon 01:08:36 Step:355} Server_Comm.py: The agent lost 1 packet! Is syncmode enabled?
{Mon 01:08:36 Step:357} Server_Comm.py: The agent lost 1 packet! Is syncmode enabled?
{Mon 01:08:36 Step:365} Server_Comm.py: The agent lost 1 packet! Is syncmode enabled?
{Mon 01:08:36 Step:399} Server_Comm.py: The agent lost 1 packet! Is syncmode enabled?
{Mon 01:08:36 Step:402} Server_Comm.py: The agent lost 2 consecutive packets! Is syncmode disabled?
{Mon 01:08:36 Step:405} Server_Comm.py: The agent lost 2 consecutive packets! Is syncmode disabled?
{Mon 01:08:36 Step:409} Server_Comm.py: The agent lost 3 consecutive packets! Is syncmode disabled?
{Mon 01:08:36 Step:417} Server_Comm.py: The agent lost 7 consecutive packets! Is syncmode disabled?
{Mon 01:08:36 Step:422} Server_Comm.py: The agent lost 4 consecutive packets! Is syncmode disabled?
{Mon 01:08:36 Step:425} Server_Comm.py: The agent lost 2 consecutive packets! Is syncmode disabled?
{Mon 01:08:36 Step:429} Server_Comm.py: The agent lost 3 consecutive packets! Is syncmode disabled?
{Mon 01:08:36 Step:433} Server_Comm.py: The agent lost 3 consecutive packets! Is syncmode disabled?
{Mon 01:08:36 Step:437} Server_Comm.py: The agent lost 3 consecutive packets! Is syncmode disabled?
{Mon 01:08:36 Step:440} Server_Comm.py: The agent lost 2 consecutive packets! Is syncmode disabled?
{Mon 01:08:36 Step:443} Server_Comm.py: The agent lost 2 consecutive packets! Is syncmode disabled?
{Mon 01:08:36 Step:447} Server_Comm.py: The agent lost 3 consecutive packets! Is syncmode disabled?
{Mon 01:08:36 Step:451} Server_Comm.py: The agent lost 3 consecutive packets! Is syncmode disabled?
{Mon 01:08:36 Step:455} Server_Comm.py: The agent lost 3 consecutive packets! Is syncmode disabled?
{Mon 01:08:36 Step:459} Server_Comm.py: The agent lost 3 consecutive packets! Is syncmode disabled?
{Mon 01:08:36 Step:463} Server_Comm.py: The agent lost 3 consecutive packets! Is syncmode disabled?
{Mon 01:08:36 Step:467} Server_Comm.py: The agent lost 3 consecutive packets! Is syncmode disabled?
{Mon 01:08:36 Step:471} Server_Comm.py: The agent lost 3 consecutive packets! Is syncmode disabled?
{Mon 01:08:36 Step:496} Server_Comm.py: The agent lost 24 consecutive packets! Is syncmode disabled?
{Mon 01:08:36 Step:504} Server_Comm.py: The agent lost 7 consecutive packets! Is syncmode disabled?
{Mon 01:08:36 Step:507} Server_Comm.py: The agent lost 2 consecutive packets! Is syncmode disabled?
{Mon 01:08:36 Step:510} Server_Comm.py: The agent lost 2 consecutive packets! Is syncmode disabled?
{Mon 01:08:36 Step:513} Server_Comm.py: The agent lost 1 packet! Is syncmode enabled?
{Mon 01:08:36 Step:517} Server_Comm.py: The agent lost 3 consecutive packets! Is syncmode disabled?
{Mon 01:08:36 Step:519} Server_Comm.py: The agent lost 1 packet! Is syncmode enabled?
{Mon 01:08:36 Step:521} Server_Comm.py: The agent lost 1 packet! Is syncmode enabled?
{Mon 01:08:36 Step:525} Server_Comm.py: The agent lost 1 packet! Is syncmode enabled?
{Mon 01:08:36 Step:528} Server_Comm.py: The agent lost 1 packet! Is syncmode enabled?
{Mon 01:08:36 Step:533} Server_Comm.py: The agent lost 1 packet! Is syncmode enabled?
{Mon 01:08:36 Step:539} Server_Comm.py: The agent lost 1 packet! Is syncmode enabled?
{Mon 01:08:36 Step:601} Server_Comm.py: The agent lost 1 packet! Is syncmode enabled?
{Mon 01:08:36 Step:606} Server_Comm.py: The agent lost 2 consecutive packets! Is syncmode disabled?
{Mon 01:08:36 Step:608} Server_Comm.py: The agent lost 1 packet! Is syncmode enabled?
{Mon 01:08:36 Step:615} Server_Comm.py: The agent lost 5 consecutive packets! Is syncmode disabled?
{Mon 01:08:36 Step:620} Server_Comm.py: The agent lost 4 consecutive packets! Is syncmode disabled?
{Mon 01:08:36 Step:623} Server_Comm.py: The agent lost 2 consecutive packets! Is syncmode disabled?
{Mon 01:08:36 Step:626} Server_Comm.py: The agent lost 2 consecutive packets! Is syncmode disabled?
{Mon 01:08:36 Step:628} Server_Comm.py: The agent lost 1 packet! Is syncmode enabled?
{Mon 01:08:36 Step:630} Server_Comm.py: The agent lost 1 packet! Is syncmode enabled?
{Mon 01:08:36 Step:635} Server_Comm.py: The agent lost 3 consecutive packets! Is syncmode disabled?
{Mon 01:08:36 Step:639} Server_Comm.py: The agent lost 3 consecutive packets! Is syncmode disabled?
{Mon 01:08:36 Step:642} Server_Comm.py: The agent lost 2 consecutive packets! Is syncmode disabled?
{Mon 01:08:36 Step:644} Server_Comm.py: The agent lost 1 packet! Is syncmode enabled?
{Mon 01:08:36 Step:646} Server_Comm.py: The agent lost 1 packet! Is syncmode enabled?
{Mon 01:08:36 Step:649} Server_Comm.py: The agent lost 1 packet! Is syncmode enabled?
{Mon 01:08:36 Step:653} Server_Comm.py: The agent lost 3 consecutive packets! Is syncmode disabled?
{Mon 01:08:36 Step:655} Server_Comm.py: The agent lost 1 packet! Is syncmode enabled?
{Mon 01:08:36 Step:658} Server_Comm.py: The agent lost 2 consecutive packets! Is syncmode disabled?
{Mon 01:08:36 Step:661} Server_Comm.py: The agent lost 2 consecutive packets! Is syncmode disabled?
{Mon 01:08:36 Step:665} Server_Comm.py: The agent lost 1 packet! Is syncmode enabled?
{Mon 01:08:36 Step:669} Server_Comm.py: The agent lost 1 packet! Is syncmode enabled?
{Mon 01:08:36 Step:690} Server_Comm.py: The agent lost 1 packet! Is syncmode enabled?
{Mon 01:08:36 Step:694} Server_Comm.py: The agent lost 1 packet! Is syncmode enabled?
{Mon 01:08:36 Step:701} Server_Comm.py: The agent lost 1 packet! Is syncmode enabled?
{Mon 01:08:36 Step:705} Server_Comm.py: The agent lost 1 packet! Is syncmode enabled?
{Mon 01:08:36 Step:715} Server_Comm.py: The agent lost 1 packet! Is syncmode enabled?
{Mon 01:08:36 Step:725} Server_Comm.py: The agent lost 1 packet! Is syncmode enabled?
{Mon 01:08:36 Step:742} Server_Comm.py: The agent lost 2 consecutive packets! Is syncmode disabled?
{Mon 01:08:36 Step:744} Server_Comm.py: The agent lost 1 packet! Is syncmode enabled?
{Mon 01:08:36 Step:745} Server_Comm.py: Received a new packet while thinking!
{Mon 01:08:36 Step:835} Server_Comm.py: The agent lost 89 consecutive packets! Is syncmode disabled?
{Mon 01:08:36 Step:841} Server_Comm.py: The agent lost 5 consecutive packets! Is syncmode disabled?
{Mon 01:08:36 Step:844} Server_Comm.py: The agent lost 2 consecutive packets! Is syncmode disabled?
{Mon 01:08:36 Step:846} Server_Comm.py: The agent lost 1 packet! Is syncmode enabled?
{Mon 01:08:36 Step:848} Server_Comm.py: The agent lost 1 packet! Is syncmode enabled?
{Mon 01:08:36 Step:851} Server_Comm.py: The agent lost 1 packet! Is syncmode enabled?
{Mon 01:08:36 Step:855} Server_Comm.py: The agent lost 3 consecutive packets! Is syncmode disabled?
{Mon 01:08:36 Step:859} Server_Comm.py: The agent lost 3 consecutive packets! Is syncmode disabled?
{Mon 01:08:36 Step:863} Server_Comm.py: The agent lost 3 consecutive packets! Is syncmode disabled?
{Mon 01:08:36 Step:863} Server_Comm.py: Received a new packet while thinking!
{Mon 01:08:36 Step:979} Server_Comm.py: The agent lost 115 consecutive packets! Is syncmode disabled?
{Mon 01:08:36 Step:989} Server_Comm.py: The agent lost 9 consecutive packets! Is syncmode disabled?
{Mon 01:08:36 Step:992} Server_Comm.py: The agent lost 2 consecutive packets! Is syncmode disabled?
{Mon 01:08:36 Step:994} Server_Comm.py: The agent lost 1 packet! Is syncmode enabled?
{Mon 01:08:36 Step:997} Server_Comm.py: The agent lost 1 packet! Is syncmode enabled?
{Mon 01:08:36 Step:999} Server_Comm.py: The agent lost 1 packet! Is syncmode enabled?
{Mon 01:08:36 Step:1003} Server_Comm.py: The agent lost 1 packet! Is syncmode enabled?
{Mon 01:08:36 Step:1005} Server_Comm.py: The agent lost 1 packet! Is syncmode enabled?
{Mon 01:08:36 Step:1007} Server_Comm.py: The agent lost 1 packet! Is syncmode enabled?
{Mon 01:08:36 Step:1009} Server_Comm.py: The agent lost 1 packet! Is syncmode enabled?
{Mon 01:08:36 Step:1012} Server_Comm.py: The agent lost 1 packet! Is syncmode enabled?
{Mon 01:08:36 Step:1015} Server_Comm.py: The agent lost 1 packet! Is syncmode enabled?
{Mon 01:08:36 Step:1021} Server_Comm.py: The agent lost 1 packet! Is syncmode enabled?
{Mon 01:08:36 Step:1032} Server_Comm.py: The agent lost 1 packet! Is syncmode enabled?
{Mon 01:08:36 Step:1053} Server_Comm.py: The agent lost 1 packet! Is syncmode enabled?
{Mon 01:08:36 Step:1063} Server_Comm.py: The agent lost 1 packet! Is syncmode enabled?
{Mon 01:08:36 Step:1067} Server_Comm.py: The agent lost 1 packet! Is syncmode enabled?
{Mon 01:08:36 Step:1069} Server_Comm.py: The agent lost 1 packet! Is syncmode enabled?
{Mon 01:08:36 Step:1071} Server_Comm.py: The agent lost 1 packet! Is syncmode enabled?
{Mon 01:08:36 Step:1079} Server_Comm.py: The agent lost 1 packet! Is syncmode enabled?
{Mon 01:08:36 Step:1093} Server_Comm.py: The agent lost 1 packet! Is syncmode enabled?
{Mon 01:08:36 Step:1096} Server_Comm.py: The agent lost 2 consecutive packets! Is syncmode disabled?
{Mon 01:08:36 Step:1098} Server_Comm.py: The agent lost 1 packet! Is syncmode enabled?
{Mon 01:08:36 Step:1127} Server_Comm.py: The agent lost 27 consecutive packets! Is syncmode disabled?
{Mon 01:08:36 Step:1137} Server_Comm.py: The agent lost 9 consecutive packets! Is syncmode disabled?
{Mon 01:08:36 Step:1140} Server_Comm.py: The agent lost 2 consecutive packets! Is syncmode disabled?
{Mon 01:08:36 Step:1145} Server_Comm.py: The agent lost 1 packet! Is syncmode enabled?
{Mon 01:08:36 Step:1147} Server_Comm.py: The agent lost 1 packet! Is syncmode enabled?
{Mon 01:08:36 Step:1149} Server_Comm.py: The agent lost 1 packet! Is syncmode enabled?
{Mon 01:08:36 Step:1151} Server_Comm.py: The agent lost 1 packet! Is syncmode enabled?
{Mon 01:08:36 Step:1153} Server_Comm.py: The agent lost 1 packet! Is syncmode enabled?
{Mon 01:08:36 Step:1155} Server_Comm.py: The agent lost 1 packet! Is syncmode enabled?
{Mon 01:08:36 Step:1157} Server_Comm.py: The agent lost 1 packet! Is syncmode enabled?
{Mon 01:08:36 Step:1159} Server_Comm.py: The agent lost 1 packet! Is syncmode enabled?
{Mon 01:08:36 Step:1161} Server_Comm.py: The agent lost 1 packet! Is syncmode enabled?
{Mon 01:08:36 Step:1185} Server_Comm.py: The agent lost 1 packet! Is syncmode enabled?
{Mon 01:08:36 Step:1192} Server_Comm.py: The agent lost 2 consecutive packets! Is syncmode disabled?
{Mon 01:08:36 Step:1195} Server_Comm.py: The agent lost 2 consecutive packets! Is syncmode disabled?
{Mon 01:08:36 Step:1199} Server_Comm.py: The agent lost 3 consecutive packets! Is syncmode disabled?
{Mon 01:08:36 Step:1203} Server_Comm.py: The agent lost 3 consecutive packets! Is syncmode disabled?
{Mon 01:08:36 Step:1206} Server_Comm.py: The agent lost 2 consecutive packets! Is syncmode disabled?
{Mon 01:08:36 Step:1209} Server_Comm.py: The agent lost 2 consecutive packets! Is syncmode disabled?
{Mon 01:08:36 Step:1212} Server_Comm.py: The agent lost 1 packet! Is syncmode enabled?
{Mon 01:08:36 Step:1217} Server_Comm.py: The agent lost 1 packet! Is syncmode enabled?
{Mon 01:08:36 Step:1219} Server_Comm.py: The agent lost 1 packet! Is syncmode enabled?
{Mon 01:08:36 Step:1221} Server_Comm.py: The agent lost 1 packet! Is syncmode enabled?
{Mon 01:08:36 Step:1223} Server_Comm.py: The agent lost 1 packet! Is syncmode enabled?
{Mon 01:08:36 Step:1225} Server_Comm.py: The agent lost 1 packet! Is syncmode enabled?
{Mon 01:08:36 Step:1231} Server_Comm.py: The agent lost 1 packet! Is syncmode enabled?
{Mon 01:08:36 Step:1240} Server_Comm.py: The agent lost 1 packet! Is syncmode enabled?
{Mon 01:08:36 Step:1247} Server_Comm.py: The agent lost 1 packet! Is syncmode enabled?
{Mon 01:08:36 Step:1251} Server_Comm.py: The agent lost 1 packet! Is syncmode enabled?
{Mon 01:08:36 Step:1257} Server_Comm.py: The agent lost 1 packet! Is syncmode enabled?
{Mon 01:08:36 Step:1259} Server_Comm.py: The agent lost 1 packet! Is syncmode enabled?
{Mon 01:08:36 Step:1262} Server_Comm.py: The agent lost 2 consecutive packets! Is syncmode disabled?
{Mon 01:08:36 Step:1264} Server_Comm.py: The agent lost 1 packet! Is syncmode enabled?
{Mon 01:08:36 Step:1266} Server_Comm.py: The agent lost 1 packet! Is syncmode enabled?
{Mon 01:08:37 Step:1278} Server_Comm.py: The agent lost 11 consecutive packets! Is syncmode disabled?
{Mon 01:08:37 Step:1283} Server_Comm.py: The agent lost 4 consecutive packets! Is syncmode disabled?
{Mon 01:08:37 Step:1288} Server_Comm.py: The agent lost 4 consecutive packets! Is syncmode disabled?
{Mon 01:08:37 Step:1290} Server_Comm.py: The agent lost 1 packet! Is syncmode enabled?
{Mon 01:08:37 Step:1292} Server_Comm.py: The agent lost 1 packet! Is syncmode enabled?
{Mon 01:08:37 Step:1294} Server_Comm.py: The agent lost 1 packet! Is syncmode enabled?
{Mon 01:08:37 Step:1297} Server_Comm.py: The agent lost 1 packet! Is syncmode enabled?
{Mon 01:08:37 Step:1300} Server_Comm.py: The agent lost 2 consecutive packets! Is syncmode disabled?
{Mon 01:08:37 Step:1305} Server_Comm.py: The agent lost 3 consecutive packets! Is syncmode disabled?
{Mon 01:08:37 Step:1309} Server_Comm.py: The agent lost 3 consecutive packets! Is syncmode disabled?
{Mon 01:08:37 Step:1314} Server_Comm.py: The agent lost 4 consecutive packets! Is syncmode disabled?
{Mon 01:08:37 Step:1316} Server_Comm.py: The agent lost 1 packet! Is syncmode enabled?
{Mon 01:08:37 Step:1318} Server_Comm.py: The agent lost 1 packet! Is syncmode enabled?
{Mon 01:08:37 Step:1320} Server_Comm.py: The agent lost 1 packet! Is syncmode enabled?
{Mon 01:08:37 Step:1324} Server_Comm.py: The agent lost 2 consecutive packets! Is syncmode disabled?
{Mon 01:08:37 Step:1326} Server_Comm.py: The agent lost 1 packet! Is syncmode enabled?
{Mon 01:08:37 Step:1328} Server_Comm.py: The agent lost 1 packet! Is syncmode enabled?
{Mon 01:08:37 Step:1331} Server_Comm.py: The agent lost 1 packet! Is syncmode enabled?
{Mon 01:08:37 Step:1338} Server_Comm.py: The agent lost 1 packet! Is syncmode enabled?
{Mon 01:08:37 Step:1342} Server_Comm.py: The agent lost 1 packet! Is syncmode enabled?
{Mon 01:08:37 Step:1355} Server_Comm.py: The agent lost 1 packet! Is syncmode enabled?
{Mon 01:08:37 Step:1375} Server_Comm.py: The agent lost 1 packet! Is syncmode enabled?
{Mon 01:08:37 Step:1381} Server_Comm.py: The agent lost 1 packet! Is syncmode enabled?
{Mon 01:08:37 Step:1389} Server_Comm.py: The agent lost 1 packet! Is syncmode enabled?
{Mon 01:08:37 Step:1393} Server_Comm.py: The agent lost 1 packet! Is syncmode enabled?
{Mon 01:08:37 Step:1397} Server_Comm.py: The agent lost 1 packet! Is syncmode enabled?
{Mon 01:08:37 Step:1406} Server_Comm.py: The agent lost 2 consecutive packets! Is syncmode disabled?
{Mon 01:08:37 Step:1409} Server_Comm.py: The agent lost 2 consecutive packets! Is syncmode disabled?
{Mon 01:08:37 Step:1412} Server_Comm.py: The agent lost 2 consecutive packets! Is syncmode disabled?
{Mon 01:08:37 Step:1417} Server_Comm.py: The agent lost 4 consecutive packets! Is syncmode disabled?
{Mon 01:08:37 Step:1422} Server_Comm.py: The agent lost 4 consecutive packets! Is syncmode disabled?
{Mon 01:08:37 Step:1424} Server_Comm.py: The agent lost 1 packet! Is syncmode enabled?
{Mon 01:08:37 Step:1426} Server_Comm.py: The agent lost 1 packet! Is syncmode enabled?
{Mon 01:08:37 Step:1429} Server_Comm.py: The agent lost 2 consecutive packets! Is syncmode disabled?
{Mon 01:08:37 Step:1432} Server_Comm.py: The agent lost 2 consecutive packets! Is syncmode disabled?
{Mon 01:08:37 Step:1437} Server_Comm.py: The agent lost 3 consecutive packets! Is syncmode disabled?
{Mon 01:08:37 Step:1441} Server_Comm.py: The agent lost 3 consecutive packets! Is syncmode disabled?
{Mon 01:08:37 Step:1444} Server_Comm.py: The agent lost 2 consecutive packets! Is syncmode disabled?
{Mon 01:08:37 Step:1446} Server_Comm.py: The agent lost 1 packet! Is syncmode enabled?
{Mon 01:08:37 Step:1448} Server_Comm.py: The agent lost 1 packet! Is syncmode enabled?
{Mon 01:08:37 Step:1452} Server_Comm.py: The agent lost 2 consecutive packets! Is syncmode disabled?
{Mon 01:08:37 Step:1454} Server_Comm.py: The agent lost 1 packet! Is syncmode enabled?
{Mon 01:08:37 Step:1459} Server_Comm.py: The agent lost 3 consecutive packets! Is syncmode disabled?
{Mon 01:08:37 Step:1462} Server_Comm.py: The agent lost 2 consecutive packets! Is syncmode disabled?
{Mon 01:08:37 Step:1464} Server_Comm.py: The agent lost 1 packet! Is syncmode enabled?
{Mon 01:08:37 Step:1466} Server_Comm.py: The agent lost 1 packet! Is syncmode enabled?
{Mon 01:08:37 Step:1468} Server_Comm.py: The agent lost 1 packet! Is syncmode enabled?
{Mon 01:08:37 Step:1474} Server_Comm.py: The agent lost 2 consecutive packets! Is syncmode disabled?
{Mon 01:08:37 Step:1476} Server_Comm.py: The agent lost 1 packet! Is syncmode enabled?
{Mon 01:08:37 Step:1480} Server_Comm.py: The agent lost 2 consecutive packets! Is syncmode disabled?
{Mon 01:08:37 Step:1482} Server_Comm.py: The agent lost 1 packet! Is syncmode enabled?
{Mon 01:08:37 Step:1484} Server_Comm.py: The agent lost 1 packet! Is syncmode enabled?
{Mon 01:08:37 Step:1486} Server_Comm.py: The agent lost 1 packet! Is syncmode enabled?
{Mon 01:08:37 Step:1495} Server_Comm.py: The agent lost 1 packet! Is syncmode enabled?
{Mon 01:08:37 Step:1513} Server_Comm.py: The agent lost 1 packet! Is syncmode enabled?
{Mon 01:08:37 Step:1519} Server_Comm.py: The agent lost 1 packet! Is syncmode enabled?
{Mon 01:08:37 Step:1529} Server_Comm.py: The agent lost 1 packet! Is syncmode enabled?
{Mon 01:08:37 Step:1535} Server_Comm.py: The agent lost 1 packet! Is syncmode enabled?
{Mon 01:08:37 Step:1543} Server_Comm.py: The agent lost 1 packet! Is syncmode enabled?
{Mon 01:08:37 Step:1547} Server_Comm.py: The agent lost 1 packet! Is syncmode enabled?
{Mon 01:08:37 Step:1553} Server_Comm.py: The agent lost 1 packet! Is syncmode enabled?
{Mon 01:08:37 Step:1556} Server_Comm.py: The agent lost 2 consecutive packets! Is syncmode disabled?
{Mon 01:08:37 Step:1561} Server_Comm.py: The agent lost 4 consecutive packets! Is syncmode disabled?
{Mon 01:08:37 Step:1566} Server_Comm.py: The agent lost 4 consecutive packets! Is syncmode disabled?
{Mon 01:08:37 Step:1568} Server_Comm.py: The agent lost 1 packet! Is syncmode enabled?
{Mon 01:08:37 Step:1570} Server_Comm.py: The agent lost 1 packet! Is syncmode enabled?
{Mon 01:08:37 Step:1572} Server_Comm.py: The agent lost 1 packet! Is syncmode enabled?
{Mon 01:08:37 Step:1574} Server_Comm.py: The agent lost 1 packet! Is syncmode enabled?
{Mon 01:08:37 Step:1576} Server_Comm.py: The agent lost 1 packet! Is syncmode enabled?
{Mon 01:08:37 Step:1578} Server_Comm.py: The agent lost 1 packet! Is syncmode enabled?
{Mon 01:08:37 Step:1580} Server_Comm.py: The agent lost 1 packet! Is syncmode enabled?
{Mon 01:08:37 Step:1582} Server_Comm.py: The agent lost 1 packet! Is syncmode enabled?
{Mon 01:08:37 Step:1586} Server_Comm.py: The agent lost 2 consecutive packets! Is syncmode disabled?
{Mon 01:08:37 Step:1588} Server_Comm.py: The agent lost 1 packet! Is syncmode enabled?
{Mon 01:08:37 Step:1592} Server_Comm.py: The agent lost 2 consecutive packets! Is syncmode disabled?
{Mon 01:08:37 Step:1594} Server_Comm.py: The agent lost 1 packet! Is syncmode enabled?
{Mon 01:08:37 Step:1599} Server_Comm.py: The agent lost 3 consecutive packets! Is syncmode disabled?
{Mon 01:08:37 Step:1603} Server_Comm.py: The agent lost 3 consecutive packets! Is syncmode disabled?
{Mon 01:08:37 Step:1608} Server_Comm.py: The agent lost 4 consecutive packets! Is syncmode disabled?
{Mon 01:08:37 Step:1611} Server_Comm.py: The agent lost 2 consecutive packets! Is syncmode disabled?
{Mon 01:08:37 Step:1616} Server_Comm.py: The agent lost 4 consecutive packets! Is syncmode disabled?
{Mon 01:08:37 Step:1619} Server_Comm.py: The agent lost 2 consecutive packets! Is syncmode disabled?
{Mon 01:08:37 Step:1622} Server_Comm.py: The agent lost 2 consecutive packets! Is syncmode disabled?
{Mon 01:08:37 Step:1624} Server_Comm.py: The agent lost 1 packet! Is syncmode enabled?
{Mon 01:08:37 Step:1626} Server_Comm.py: The agent lost 1 packet! Is syncmode enabled?
{Mon 01:08:37 Step:1629} Server_Comm.py: The agent lost 1 packet! Is syncmode enabled?
{Mon 01:08:37 Step:1632} Server_Comm.py: The agent lost 2 consecutive packets! Is syncmode disabled?
{Mon 01:08:37 Step:1634} Server_Comm.py: The agent lost 1 packet! Is syncmode enabled?
{Mon 01:08:37 Step:1636} Server_Comm.py: The agent lost 1 packet! Is syncmode enabled?
{Mon 01:08:37 Step:1638} Server_Comm.py: The agent lost 1 packet! Is syncmode enabled?
{Mon 01:08:37 Step:1642} Server_Comm.py: The agent lost 2 consecutive packets! Is syncmode disabled?
{Mon 01:08:37 Step:1644} Server_Comm.py: The agent lost 1 packet! Is syncmode enabled?
{Mon 01:08:37 Step:1646} Server_Comm.py: The agent lost 1 packet! Is syncmode enabled?
{Mon 01:08:37 Step:1650} Server_Comm.py: The agent lost 2 consecutive packets! Is syncmode disabled?
{Mon 01:08:37 Step:1654} Server_Comm.py: The agent lost 2 consecutive packets! Is syncmode disabled?
{Mon 01:08:37 Step:1656} Server_Comm.py: The agent lost 1 packet! Is syncmode enabled?
{Mon 01:08:37 Step:1658} Server_Comm.py: The agent lost 1 packet! Is syncmode enabled?
{Mon 01:08:37 Step:1660} Server_Comm.py: The agent lost 1 packet! Is syncmode enabled?
{Mon 01:08:37 Step:1665} Server_Comm.py: The agent lost 3 consecutive packets! Is syncmode disabled?
{Mon 01:08:37 Step:1668} Server_Comm.py: The agent lost 2 consecutive packets! Is syncmode disabled?
{Mon 01:08:37 Step:1672} Server_Comm.py: The agent lost 2 consecutive packets! Is syncmode disabled?
{Mon 01:08:37 Step:1676} Server_Comm.py: The agent lost 2 consecutive packets! Is syncmode disabled?
{Mon 01:08:37 Step:1678} Server_Comm.py: The agent lost 1 packet! Is syncmode enabled?
{Mon 01:08:37 Step:1680} Server_Comm.py: The agent lost 1 packet! Is syncmode enabled?
{Mon 01:08:37 Step:1683} Server_Comm.py: The agent lost 1 packet! Is syncmode enabled?
{Mon 01:08:37 Step:1686} Server_Comm.py: The agent lost 2 consecutive packets! Is syncmode disabled?
{Mon 01:08:37 Step:1688} Server_Comm.py: The agent lost 1 packet! Is syncmode enabled?
{Mon 01:08:37 Step:1690} Server_Comm.py: The agent lost 1 packet! Is syncmode enabled?
{Mon 01:08:37 Step:1694} Server_Comm.py: The agent lost 2 consecutive packets! Is syncmode disabled?
{Mon 01:08:37 Step:1698} Server_Comm.py: The agent lost 2 consecutive packets! Is syncmode disabled?
{Mon 01:08:37 Step:1702} Server_Comm.py: The agent lost 2 consecutive packets! Is syncmode disabled?
{Mon 01:08:37 Step:1707} Server_Comm.py: The agent lost 3 consecutive packets! Is syncmode disabled?
{Mon 01:08:37 Step:1710} Server_Comm.py: The agent lost 2 consecutive packets! Is syncmode disabled?
{Mon 01:08:37 Step:1712} Server_Comm.py: The agent lost 1 packet! Is syncmode enabled?
{Mon 01:08:37 Step:1714} Server_Comm.py: The agent lost 1 packet! Is syncmode enabled?
{Mon 01:08:37 Step:1717} Server_Comm.py: The agent lost 1 packet! Is syncmode enabled?
{Mon 01:08:37 Step:1720} Server_Comm.py: The agent lost 2 consecutive packets! Is syncmode disabled?
{Mon 01:08:37 Step:1722} Server_Comm.py: The agent lost 1 packet! Is syncmode enabled?
{Mon 01:08:37 Step:1724} Server_Comm.py: The agent lost 1 packet! Is syncmode enabled?
{Mon 01:08:37 Step:1726} Server_Comm.py: The agent lost 1 packet! Is syncmode enabled?
{Mon 01:08:37 Step:1730} Server_Comm.py: The agent lost 2 consecutive packets! Is syncmode disabled?
{Mon 01:08:37 Step:1732} Server_Comm.py: The agent lost 1 packet! Is syncmode enabled?
{Mon 01:08:37 Step:1737} Server_Comm.py: The agent lost 3 consecutive packets! Is syncmode disabled?
{Mon 01:08:37 Step:1741} Server_Comm.py: The agent lost 3 consecutive packets! Is syncmode disabled?
{Mon 01:08:37 Step:1746} Server_Comm.py: The agent lost 4 consecutive packets! Is syncmode disabled?
{Mon 01:08:37 Step:1749} Server_Comm.py: The agent lost 2 consecutive packets! Is syncmode disabled?
{Mon 01:08:37 Step:1753} Server_Comm.py: The agent lost 3 consecutive packets! Is syncmode disabled?
{Mon 01:08:37 Step:1757} Server_Comm.py: The agent lost 3 consecutive packets! Is syncmode disabled?
{Mon 01:08:37 Step:1761} Server_Comm.py: The agent lost 3 consecutive packets! Is syncmode disabled?
{Mon 01:08:37 Step:1765} Server_Comm.py: The agent lost 3 consecutive packets! Is syncmode disabled?
{Mon 01:08:37 Step:1769} Server_Comm.py: The agent lost 3 consecutive packets! Is syncmode disabled?
{Mon 01:08:37 Step:1773} Server_Comm.py: The agent lost 3 consecutive packets! Is syncmode disabled?
{Mon 01:08:37 Step:1778} Server_Comm.py: The agent lost 4 consecutive packets! Is syncmode disabled?
{Mon 01:08:37 Step:1781} Server_Comm.py: The agent lost 2 consecutive packets! Is syncmode disabled?
{Mon 01:08:37 Step:1785} Server_Comm.py: The agent lost 3 consecutive packets! Is syncmode disabled?
{Mon 01:08:37 Step:1793} Server_Comm.py: The agent lost 7 consecutive packets! Is syncmode disabled?
{Mon 01:08:37 Step:1799} Server_Comm.py: The agent lost 5 consecutive packets! Is syncmode disabled?
{Mon 01:08:37 Step:1804} Server_Comm.py: The agent lost 4 consecutive packets! Is syncmode disabled?
{Mon 01:08:37 Step:1806} Server_Comm.py: The agent lost 1 packet! Is syncmode enabled?
{Mon 01:08:37 Step:1808} Server_Comm.py: The agent lost 1 packet! Is syncmode enabled?
{Mon 01:08:37 Step:1810} Server_Comm.py: The agent lost 1 packet! Is syncmode enabled?
{Mon 01:08:37 Step:1812} Server_Comm.py: The agent lost 1 packet! Is syncmode enabled?
{Mon 01:08:37 Step:1814} Server_Comm.py: The agent lost 1 packet! Is syncmode enabled?
{Mon 01:08:37 Step:1819} Server_Comm.py: The agent lost 3 consecutive packets! Is syncmode disabled?
{Mon 01:08:37 Step:1821} Server_Comm.py: The agent lost 1 packet! Is syncmode enabled?
{Mon 01:08:37 Step:1825} Server_Comm.py: The agent lost 1 packet! Is syncmode enabled?
{Mon 01:08:37 Step:1827} Server_Comm.py: The agent lost 1 packet! Is syncmode enabled?
{Mon 01:08:37 Step:1832} Server_Comm.py: The agent lost 1 packet! Is syncmode enabled?
{Mon 01:08:37 Step:1839} Server_Comm.py: The agent lost 1 packet! Is syncmode enabled?
{Mon 01:08:37 Step:1845} Server_Comm.py: The agent lost 1 packet! Is syncmode enabled?
{Mon 01:08:37 Step:1855} Server_Comm.py: The agent lost 1 packet! Is syncmode enabled?
{Mon 01:08:37 Step:1859} Server_Comm.py: The agent lost 1 packet! Is syncmode enabled?
{Mon 01:08:37 Step:1861} Server_Comm.py: The agent lost 1 packet! Is syncmode enabled?
{Mon 01:08:37 Step:1867} Server_Comm.py: The agent lost 1 packet! Is syncmode enabled?
{Mon 01:08:37 Step:1870} Server_Comm.py: The agent lost 1 packet! Is syncmode enabled?
{Mon 01:08:37 Step:1875} Server_Comm.py: The agent lost 1 packet! Is syncmode enabled?
{Mon 01:08:37 Step:1878} Server_Comm.py: The agent lost 1 packet! Is syncmode enabled?
{Mon 01:08:37 Step:1881} Server_Comm.py: The agent lost 1 packet! Is syncmode enabled?
{Mon 01:08:37 Step:1913} Server_Comm.py: The agent lost 1 packet! Is syncmode enabled?
{Mon 01:08:37 Step:1916} Server_Comm.py: The agent lost 2 consecutive packets! Is syncmode disabled?
{Mon 01:08:37 Step:1921} Server_Comm.py: The agent lost 4 consecutive packets! Is syncmode disabled?
{Mon 01:08:37 Step:1925} Server_Comm.py: The agent lost 3 consecutive packets! Is syncmode disabled?
{Mon 01:08:37 Step:1930} Server_Comm.py: The agent lost 4 consecutive packets! Is syncmode disabled?
{Mon 01:08:37 Step:1933} Server_Comm.py: The agent lost 2 consecutive packets! Is syncmode disabled?
{Mon 01:08:37 Step:1936} Server_Comm.py: The agent lost 2 consecutive packets! Is syncmode disabled?
{Mon 01:08:37 Step:1938} Server_Comm.py: The agent lost 1 packet! Is syncmode enabled?
{Mon 01:08:37 Step:1940} Server_Comm.py: The agent lost 1 packet! Is syncmode enabled?
{Mon 01:08:37 Step:1942} Server_Comm.py: The agent lost 1 packet! Is syncmode enabled?
{Mon 01:08:37 Step:1946} Server_Comm.py: The agent lost 2 consecutive packets! Is syncmode disabled?
{Mon 01:08:37 Step:1948} Server_Comm.py: The agent lost 1 packet! Is syncmode enabled?
{Mon 01:08:37 Step:1950} Server_Comm.py: The agent lost 1 packet! Is syncmode enabled?
{Mon 01:08:37 Step:1952} Server_Comm.py: The agent lost 1 packet! Is syncmode enabled?
{Mon 01:08:37 Step:1954} Server_Comm.py: The agent lost 1 packet! Is syncmode enabled?
{Mon 01:08:37 Step:1958} Server_Comm.py: The agent lost 2 consecutive packets! Is syncmode disabled?
{Mon 01:08:37 Step:1960} Server_Comm.py: The agent lost 1 packet! Is syncmode enabled?
{Mon 01:08:37 Step:1962} Server_Comm.py: The agent lost 1 packet! Is syncmode enabled?
{Mon 01:08:37 Step:1967} Server_Comm.py: The agent lost 3 consecutive packets! Is syncmode disabled?
{Mon 01:08:37 Step:1971} Server_Comm.py: The agent lost 3 consecutive packets! Is syncmode disabled?
{Mon 01:08:37 Step:1976} Server_Comm.py: The agent lost 4 consecutive packets! Is syncmode disabled?
{Mon 01:08:37 Step:1979} Server_Comm.py: The agent lost 2 consecutive packets! Is syncmode disabled?
{Mon 01:08:37 Step:1982} Server_Comm.py: The agent lost 2 consecutive packets! Is syncmode disabled?
{Mon 01:08:37 Step:1984} Server_Comm.py: The agent lost 1 packet! Is syncmode enabled?
{Mon 01:08:37 Step:1986} Server_Comm.py: The agent lost 1 packet! Is syncmode enabled?
{Mon 01:08:37 Step:1988} Server_Comm.py: The agent lost 1 packet! Is syncmode enabled?
{Mon 01:08:37 Step:1992} Server_Comm.py: The agent lost 2 consecutive packets! Is syncmode disabled?
{Mon 01:08:37 Step:1995} Server_Comm.py: The agent lost 2 consecutive packets! Is syncmode disabled?
{Mon 01:08:37 Step:1999} Server_Comm.py: The agent lost 3 consecutive packets! Is syncmode disabled?
{Mon 01:08:37 Step:2002} Server_Comm.py: The agent lost 2 consecutive packets! Is syncmode disabled?
{Mon 01:08:37 Step:2005} Server_Comm.py: The agent lost 2 consecutive packets! Is syncmode disabled?
{Mon 01:08:37 Step:2009} Server_Comm.py: The agent lost 3 consecutive packets! Is syncmode disabled?
{Mon 01:08:37 Step:2013} Server_Comm.py: The agent lost 3 consecutive packets! Is syncmode disabled?
{Mon 01:08:37 Step:2017} Server_Comm.py: The agent lost 3 consecutive packets! Is syncmode disabled?
{Mon 01:08:37 Step:2020} Server_Comm.py: The agent lost 2 consecutive packets! Is syncmode disabled?
{Mon 01:08:37 Step:2023} Server_Comm.py: The agent lost 2 consecutive packets! Is syncmode disabled?
{Mon 01:08:37 Step:2027} Server_Comm.py: The agent lost 3 consecutive packets! Is syncmode disabled?
{Mon 01:08:37 Step:2031} Server_Comm.py: The agent lost 3 consecutive packets! Is syncmode disabled?
{Mon 01:08:37 Step:2036} Server_Comm.py: The agent lost 4 consecutive packets! Is syncmode disabled?
{Mon 01:08:37 Step:2039} Server_Comm.py: The agent lost 2 consecutive packets! Is syncmode disabled?
{Mon 01:08:37 Step:2042} Server_Comm.py: The agent lost 2 consecutive packets! Is syncmode disabled?
{Mon 01:08:37 Step:2044} Server_Comm.py: The agent lost 1 packet! Is syncmode enabled?
{Mon 01:08:37 Step:2046} Server_Comm.py: The agent lost 1 packet! Is syncmode enabled?
{Mon 01:08:37 Step:2048} Server_Comm.py: The agent lost 1 packet! Is syncmode enabled?
{Mon 01:08:37 Step:2052} Server_Comm.py: The agent lost 2 consecutive packets! Is syncmode disabled?
{Mon 01:08:37 Step:2055} Server_Comm.py: The agent lost 2 consecutive packets! Is syncmode disabled?
{Mon 01:08:37 Step:2059} Server_Comm.py: The agent lost 3 consecutive packets! Is syncmode disabled?
{Mon 01:08:37 Step:2063} Server_Comm.py: The agent lost 3 consecutive packets! Is syncmode disabled?
{Mon 01:08:37 Step:2066} Server_Comm.py: The agent lost 2 consecutive packets! Is syncmode disabled?
{Mon 01:08:37 Step:2068} Server_Comm.py: The agent lost 1 packet! Is syncmode enabled?
{Mon 01:08:37 Step:2070} Server_Comm.py: The agent lost 1 packet! Is syncmode enabled?
{Mon 01:08:37 Step:2074} Server_Comm.py: The agent lost 2 consecutive packets! Is syncmode disabled?
{Mon 01:08:37 Step:2076} Server_Comm.py: The agent lost 1 packet! Is syncmode enabled?
{Mon 01:08:37 Step:2078} Server_Comm.py: The agent lost 1 packet! Is syncmode enabled?
{Mon 01:08:37 Step:2080} Server_Comm.py: The agent lost 1 packet! Is syncmode enabled?
{Mon 01:08:37 Step:2082} Server_Comm.py: The agent lost 1 packet! Is syncmode enabled?
{Mon 01:08:37 Step:2087} Server_Comm.py: The agent lost 3 consecutive packets! Is syncmode disabled?
{Mon 01:08:37 Step:2090} Server_Comm.py: The agent lost 2 consecutive packets! Is syncmode disabled?
{Mon 01:08:37 Step:2092} Server_Comm.py: The agent lost 1 packet! Is syncmode enabled?
{Mon 01:08:37 Step:2094} Server_Comm.py: The agent lost 1 packet! Is syncmode enabled?
{Mon 01:08:37 Step:2098} Server_Comm.py: The agent lost 2 consecutive packets! Is syncmode disabled?
{Mon 01:08:37 Step:2100} Server_Comm.py: The agent lost 1 packet! Is syncmode enabled?
{Mon 01:08:37 Step:2104} Server_Comm.py: The agent lost 2 consecutive packets! Is syncmode disabled?
{Mon 01:08:37 Step:2106} Server_Comm.py: The agent lost 1 packet! Is syncmode enabled?
{Mon 01:08:37 Step:2108} Server_Comm.py: The agent lost 1 packet! Is syncmode enabled?
{Mon 01:08:37 Step:2110} Server_Comm.py: The agent lost 1 packet! Is syncmode enabled?
{Mon 01:08:37 Step:2112} Server_Comm.py: The agent lost 1 packet! Is syncmode enabled?
{Mon 01:08:37 Step:2116} Server_Comm.py: The agent lost 2 consecutive packets! Is syncmode disabled?
{Mon 01:08:37 Step:2118} Server_Comm.py: The agent lost 1 packet! Is syncmode enabled?
{Mon 01:08:37 Step:2120} Server_Comm.py: The agent lost 1 packet! Is syncmode enabled?
{Mon 01:08:37 Step:2122} Server_Comm.py: The agent lost 1 packet! Is syncmode enabled?
{Mon 01:08:37 Step:2126} Server_Comm.py: The agent lost 2 consecutive packets! Is syncmode disabled?
{Mon 01:08:37 Step:2132} Server_Comm.py: The agent lost 5 consecutive packets! Is syncmode disabled?
{Mon 01:08:37 Step:2135} Server_Comm.py: The agent lost 2 consecutive packets! Is syncmode disabled?
{Mon 01:08:37 Step:2138} Server_Comm.py: The agent lost 2 consecutive packets! Is syncmode disabled?
{Mon 01:08:37 Step:2140} Server_Comm.py: The agent lost 1 packet! Is syncmode enabled?
{Mon 01:08:37 Step:2142} Server_Comm.py: The agent lost 1 packet! Is syncmode enabled?
{Mon 01:08:37 Step:2144} Server_Comm.py: The agent lost 1 packet! Is syncmode enabled?
{Mon 01:08:37 Step:2148} Server_Comm.py: The agent lost 2 consecutive packets! Is syncmode disabled?
{Mon 01:08:37 Step:2152} Server_Comm.py: The agent lost 2 consecutive packets! Is syncmode disabled?
{Mon 01:08:37 Step:2156} Server_Comm.py: The agent lost 2 consecutive packets! Is syncmode disabled?
{Mon 01:08:37 Step:2158} Server_Comm.py: The agent lost 1 packet! Is syncmode enabled?
{Mon 01:08:37 Step:2160} Server_Comm.py: The agent lost 1 packet! Is syncmode enabled?
{Mon 01:08:37 Step:2164} Server_Comm.py: The agent lost 2 consecutive packets! Is syncmode disabled?
{Mon 01:08:37 Step:2166} Server_Comm.py: The agent lost 1 packet! Is syncmode enabled?
{Mon 01:08:37 Step:2170} Server_Comm.py: The agent lost 2 consecutive packets! Is syncmode disabled?
{Mon 01:08:37 Step:2172} Server_Comm.py: The agent lost 1 packet! Is syncmode enabled?
{Mon 01:08:37 Step:2176} Server_Comm.py: The agent lost 2 consecutive packets! Is syncmode disabled?
{Mon 01:08:37 Step:2179} Server_Comm.py: The agent lost 2 consecutive packets! Is syncmode disabled?
{Mon 01:08:37 Step:2182} Server_Comm.py: The agent lost 2 consecutive packets! Is syncmode disabled?
{Mon 01:08:37 Step:2187} Server_Comm.py: The agent lost 3 consecutive packets! Is syncmode disabled?
{Mon 01:08:37 Step:2190} Server_Comm.py: The agent lost 2 consecutive packets! Is syncmode disabled?
{Mon 01:08:37 Step:2192} Server_Comm.py: The agent lost 1 packet! Is syncmode enabled?
{Mon 01:08:37 Step:2194} Server_Comm.py: The agent lost 1 packet! Is syncmode enabled?
{Mon 01:08:37 Step:2196} Server_Comm.py: The agent lost 1 packet! Is syncmode enabled?
{Mon 01:08:37 Step:2198} Server_Comm.py: The agent lost 1 packet! Is syncmode enabled?
{Mon 01:08:37 Step:2200} Server_Comm.py: The agent lost 1 packet! Is syncmode enabled?
{Mon 01:08:37 Step:2204} Server_Comm.py: The agent lost 2 consecutive packets! Is syncmode disabled?
{Mon 01:08:37 Step:2206} Server_Comm.py: The agent lost 1 packet! Is syncmode enabled?
{Mon 01:08:37 Step:2208} Server_Comm.py: The agent lost 1 packet! Is syncmode enabled?
{Mon 01:08:37 Step:2212} Server_Comm.py: The agent lost 2 consecutive packets! Is syncmode disabled?
{Mon 01:08:37 Step:2214} Server_Comm.py: The agent lost 1 packet! Is syncmode enabled?
{Mon 01:08:37 Step:2216} Server_Comm.py: The agent lost 1 packet! Is syncmode enabled?
{Mon 01:08:37 Step:2218} Server_Comm.py: The agent lost 1 packet! Is syncmode enabled?
{Mon 01:08:37 Step:2220} Server_Comm.py: The agent lost 1 packet! Is syncmode enabled?
{Mon 01:08:37 Step:2223} Server_Comm.py: The agent lost 1 packet! Is syncmode enabled?
{Mon 01:08:37 Step:2225} Server_Comm.py: The agent lost 1 packet! Is syncmode enabled?
{Mon 01:08:37 Step:2227} Server_Comm.py: The agent lost 1 packet! Is syncmode enabled?
{Mon 01:08:37 Step:2233} Server_Comm.py: The agent lost 1 packet! Is syncmode enabled?
{Mon 01:08:37 Step:2237} Server_Comm.py: The agent lost 1 packet! Is syncmode enabled?
{Mon 01:08:37 Step:2241} Server_Comm.py: The agent lost 1 packet! Is syncmode enabled?
{Mon 01:08:37 Step:2261} Server_Comm.py: The agent lost 1 packet! Is syncmode enabled?
{Mon 01:08:37 Step:2269} Server_Comm.py: The agent lost 1 packet! Is syncmode enabled?
{Mon 01:08:37 Step:2272} Server_Comm.py: The agent lost 1 packet! Is syncmode enabled?
{Mon 01:08:37 Step:2281} Server_Comm.py: The agent lost 3 consecutive packets! Is syncmode disabled?
{Mon 01:08:37 Step:2284} Server_Comm.py: The agent lost 2 consecutive packets! Is syncmode disabled?
{Mon 01:08:37 Step:2290} Server_Comm.py: The agent lost 5 consecutive packets! Is syncmode disabled?
{Mon 01:08:37 Step:2293} Server_Comm.py: The agent lost 2 consecutive packets! Is syncmode disabled?
{Mon 01:08:37 Step:2297} Server_Comm.py: The agent lost 3 consecutive packets! Is syncmode disabled?
{Mon 01:08:37 Step:2302} Server_Comm.py: The agent lost 4 consecutive packets! Is syncmode disabled?
{Mon 01:08:37 Step:2304} Server_Comm.py: The agent lost 1 packet! Is syncmode enabled?
{Mon 01:08:37 Step:2306} Server_Comm.py: The agent lost 1 packet! Is syncmode enabled?
{Mon 01:08:37 Step:2308} Server_Comm.py: The agent lost 1 packet! Is syncmode enabled?
{Mon 01:08:37 Step:2310} Server_Comm.py: The agent lost 1 packet! Is syncmode enabled?
{Mon 01:08:37 Step:2315} Server_Comm.py: The agent lost 3 consecutive packets! Is syncmode disabled?
{Mon 01:08:37 Step:2318} Server_Comm.py: The agent lost 2 consecutive packets! Is syncmode disabled?
{Mon 01:08:37 Step:2320} Server_Comm.py: The agent lost 1 packet! Is syncmode enabled?
{Mon 01:08:37 Step:2323} Server_Comm.py: The agent lost 2 consecutive packets! Is syncmode disabled?
{Mon 01:08:37 Step:2343} Server_Comm.py: The agent lost 1 packet! Is syncmode enabled?
{Mon 01:08:37 Step:2375} Server_Comm.py: The agent lost 1 packet! Is syncmode enabled?
{Mon 01:08:37 Step:2382} Server_Comm.py: The agent lost 1 packet! Is syncmode enabled?
{Mon 01:08:37 Step:2399} Server_Comm.py: The agent lost 1 packet! Is syncmode enabled?
{Mon 01:08:37 Step:2406} Server_Comm.py: The agent lost 2 consecutive packets! Is syncmode disabled?
{Mon 01:08:37 Step:2440} Server_Comm.py: The agent lost 32 consecutive packets! Is syncmode disabled?
{Mon 01:08:37 Step:2452} Server_Comm.py: The agent lost 11 consecutive packets! Is syncmode disabled?
{Mon 01:08:37 Step:2458} Server_Comm.py: The agent lost 5 consecutive packets! Is syncmode disabled?
{Mon 01:08:37 Step:2460} Server_Comm.py: The agent lost 1 packet! Is syncmode enabled?
{Mon 01:08:37 Step:2462} Server_Comm.py: The agent lost 1 packet! Is syncmode enabled?
{Mon 01:08:37 Step:2485} Server_Comm.py: The agent lost 1 packet! Is syncmode enabled?
{Mon 01:08:37 Step:2490} Server_Comm.py: The agent lost 1 packet! Is syncmode enabled?
{Mon 01:08:37 Step:2497} Server_Comm.py: The agent lost 1 packet! Is syncmode enabled?
{Mon 01:08:37 Step:2507} Server_Comm.py: The agent lost 1 packet! Is syncmode enabled?
{Mon 01:08:37 Step:2513} Server_Comm.py: The agent lost 1 packet! Is syncmode enabled?
{Mon 01:08:37 Step:2518} Server_Comm.py: The agent lost 1 packet! Is syncmode enabled?
{Mon 01:08:37 Step:2543} Server_Comm.py: The agent lost 1 packet! Is syncmode enabled?
{Mon 01:08:37 Step:2549} Server_Comm.py: The agent lost 1 packet! Is syncmode enabled?
{Mon 01:08:37 Step:2554} Server_Comm.py: The agent lost 2 consecutive packets! Is syncmode disabled?
{Mon 01:08:37 Step:2556} Server_Comm.py: The agent lost 1 packet! Is syncmode enabled?
{Mon 01:08:37 Step:2558} Server_Comm.py: The agent lost 1 packet! Is syncmode enabled?
{Mon 01:08:37 Step:2574} Server_Comm.py: The agent lost 15 consecutive packets! Is syncmode disabled?
{Mon 01:08:37 Step:2581} Server_Comm.py: The agent lost 6 consecutive packets! Is syncmode disabled?
{Mon 01:08:37 Step:2587} Server_Comm.py: The agent lost 5 consecutive packets! Is syncmode disabled?
{Mon 01:08:37 Step:2591} Server_Comm.py: The agent lost 3 consecutive packets! Is syncmode disabled?
{Mon 01:08:37 Step:2595} Server_Comm.py: The agent lost 3 consecutive packets! Is syncmode disabled?
{Mon 01:08:37 Step:2599} Server_Comm.py: The agent lost 3 consecutive packets! Is syncmode disabled?
{Mon 01:08:37 Step:2602} Server_Comm.py: The agent lost 2 consecutive packets! Is syncmode disabled?
{Mon 01:08:37 Step:2604} Server_Comm.py: The agent lost 1 packet! Is syncmode enabled?
{Mon 01:08:37 Step:2606} Server_Comm.py: The agent lost 1 packet! Is syncmode enabled?
{Mon 01:08:37 Step:2608} Server_Comm.py: The agent lost 1 packet! Is syncmode enabled?
{Mon 01:08:37 Step:2610} Server_Comm.py: The agent lost 1 packet! Is syncmode enabled?
{Mon 01:08:37 Step:2612} Server_Comm.py: The agent lost 1 packet! Is syncmode enabled?
{Mon 01:08:37 Step:2616} Server_Comm.py: The agent lost 2 consecutive packets! Is syncmode disabled?
{Mon 01:08:37 Step:2618} Server_Comm.py: The agent lost 1 packet! Is syncmode enabled?
{Mon 01:08:37 Step:2620} Server_Comm.py: The agent lost 1 packet! Is syncmode enabled?
{Mon 01:08:37 Step:2631} Server_Comm.py: The agent lost 1 packet! Is syncmode enabled?
{Mon 01:08:37 Step:2633} Server_Comm.py: The agent lost 1 packet! Is syncmode enabled?
{Mon 01:08:37 Step:2657} Server_Comm.py: The agent lost 1 packet! Is syncmode enabled?
{Mon 01:08:37 Step:2661} Server_Comm.py: The agent lost 1 packet! Is syncmode enabled?
{Mon 01:08:37 Step:2663} Server_Comm.py: The agent lost 1 packet! Is syncmode enabled?
{Mon 01:08:37 Step:2671} Server_Comm.py: The agent lost 1 packet! Is syncmode enabled?
{Mon 01:08:37 Step:2675} Server_Comm.py: The agent lost 1 packet! Is syncmode enabled?
{Mon 01:08:37 Step:2685} Server_Comm.py: The agent lost 1 packet! Is syncmode enabled?
{Mon 01:08:37 Step:2691} Server_Comm.py: The agent lost 1 packet! Is syncmode enabled?
{Mon 01:08:37 Step:2695} Server_Comm.py: The agent lost 1 packet! Is syncmode enabled?
{Mon 01:08:37 Step:2700} Server_Comm.py: The agent lost 1 packet! Is syncmode enabled?
{Mon 01:08:37 Step:2704} Server_Comm.py: The agent lost 2 consecutive packets! Is syncmode disabled?
{Mon 01:08:37 Step:2706} Server_Comm.py: The agent lost 1 packet! Is syncmode enabled?
{Mon 01:08:37 Step:2714} Server_Comm.py: The agent lost 6 consecutive packets! Is syncmode disabled?
{Mon 01:08:37 Step:2717} Server_Comm.py: The agent lost 2 consecutive packets! Is syncmode disabled?
{Mon 01:08:37 Step:2721} Server_Comm.py: The agent lost 3 consecutive packets! Is syncmode disabled?
{Mon 01:08:37 Step:2726} Server_Comm.py: The agent lost 4 consecutive packets! Is syncmode disabled?
{Mon 01:08:37 Step:2728} Server_Comm.py: The agent lost 1 packet! Is syncmode enabled?
{Mon 01:08:37 Step:2730} Server_Comm.py: The agent lost 1 packet! Is syncmode enabled?
{Mon 01:08:37 Step:2734} Server_Comm.py: The agent lost 2 consecutive packets! Is syncmode disabled?
{Mon 01:08:37 Step:2736} Server_Comm.py: The agent lost 1 packet! Is syncmode enabled?
{Mon 01:08:37 Step:2740} Server_Comm.py: The agent lost 2 consecutive packets! Is syncmode disabled?
{Mon 01:08:37 Step:2742} Server_Comm.py: The agent lost 1 packet! Is syncmode enabled?
{Mon 01:08:37 Step:2746} Server_Comm.py: The agent lost 2 consecutive packets! Is syncmode disabled?
{Mon 01:08:37 Step:2748} Server_Comm.py: The agent lost 1 packet! Is syncmode enabled?
{Mon 01:08:37 Step:2751} Server_Comm.py: The agent lost 1 packet! Is syncmode enabled?
{Mon 01:08:37 Step:2754} Server_Comm.py: The agent lost 2 consecutive packets! Is syncmode disabled?
{Mon 01:08:37 Step:2759} Server_Comm.py: The agent lost 3 consecutive packets! Is syncmode disabled?
{Mon 01:08:37 Step:2762} Server_Comm.py: The agent lost 2 consecutive packets! Is syncmode disabled?
{Mon 01:08:37 Step:2765} Server_Comm.py: The agent lost 2 consecutive packets! Is syncmode disabled?
{Mon 01:08:37 Step:2768} Server_Comm.py: The agent lost 2 consecutive packets! Is syncmode disabled?
{Mon 01:08:37 Step:2773} Server_Comm.py: The agent lost 1 packet! Is syncmode enabled?
{Mon 01:08:37 Step:2778} Server_Comm.py: The agent lost 1 packet! Is syncmode enabled?
{Mon 01:08:37 Step:2800} Server_Comm.py: The agent lost 1 packet! Is syncmode enabled?
{Mon 01:08:37 Step:2823} Server_Comm.py: The agent lost 1 packet! Is syncmode enabled?
{Mon 01:08:37 Step:2827} Server_Comm.py: The agent lost 3 consecutive packets! Is syncmode disabled?
{Mon 01:08:37 Step:2829} Server_Comm.py: The agent lost 1 packet! Is syncmode enabled?
{Mon 01:08:37 Step:2831} Server_Comm.py: The agent lost 1 packet! Is syncmode enabled?
{Mon 01:08:37 Step:2835} Server_Comm.py: The agent lost 1 packet! Is syncmode enabled?
{Mon 01:08:37 Step:2843} Server_Comm.py: The agent lost 1 packet! Is syncmode enabled?
{Mon 01:08:37 Step:2846} Server_Comm.py: The agent lost 2 consecutive packets! Is syncmode disabled?
{Mon 01:08:37 Step:2850} Server_Comm.py: The agent lost 2 consecutive packets! Is syncmode disabled?
