{Mon 01:01:19 Step:2} Server_Comm.py: The agent lost 1 packet! Is syncmode enabled?
{Mon 01:01:19 Step:2} Server_Comm.py: Received a new packet while on world.update()!
{Mon 01:01:19 Step:6} Server_Comm.py: The agent lost 3 consecutive packets! Is syncmode disabled?
{Mon 01:01:19 Step:6} Server_Comm.py: Received a new packet while on world.update()!
{Mon 01:01:19 Step:8} Server_Comm.py: The agent lost 1 packet! Is syncmode enabled?
{Mon 01:01:19 Step:8} Server_Comm.py: Received a new packet while on world.update()!
{Mon 01:01:19 Step:10} Server_Comm.py: The agent lost 1 packet! Is syncmode enabled?
{Mon 01:01:19 Step:10} Server_Comm.py: Received a new packet while on world.update()!
{Mon 01:01:19 Step:11} Server_Comm.py: Received a new packet while on world.update()!
{Mon 01:01:19 Step:15} Server_Comm.py: The agent lost 3 consecutive packets! Is syncmode disabled?
{Mon 01:01:19 Step:15} Server_Comm.py: Received a new packet while on world.update()!
{Mon 01:01:19 Step:18} Server_Comm.py: The agent lost 2 consecutive packets! Is syncmode disabled?
{Mon 01:01:19 Step:21} Server_Comm.py: The agent lost 1 packet! Is syncmode enabled?
{Mon 01:01:19 Step:23} Server_Comm.py: The agent lost 1 packet! Is syncmode enabled?
{Mon 01:01:19 Step:26} Server_Comm.py: The agent lost 2 consecutive packets! Is syncmode disabled?
{Mon 01:01:19 Step:37} Server_Comm.py: The agent lost 10 consecutive packets! Is syncmode disabled?
{Mon 01:01:19 Step:42} Server_Comm.py: The agent lost 4 consecutive packets! Is syncmode disabled?
{Mon 01:01:19 Step:44} Server_Comm.py: The agent lost 1 packet! Is syncmode enabled?
{Mon 01:01:19 Step:47} Server_Comm.py: The agent lost 1 packet! Is syncmode enabled?
{Mon 01:01:19 Step:49} Server_Comm.py: The agent lost 1 packet! Is syncmode enabled?
{Mon 01:01:19 Step:71} Server_Comm.py: The agent lost 21 consecutive packets! Is syncmode disabled?
{Mon 01:01:19 Step:81} Server_Comm.py: The agent lost 9 consecutive packets! Is syncmode disabled?
{Mon 01:01:19 Step:86} Server_Comm.py: The agent lost 4 consecutive packets! Is syncmode disabled?
{Mon 01:01:19 Step:90} Server_Comm.py: The agent lost 2 consecutive packets! Is syncmode disabled?
{Mon 01:01:19 Step:92} Server_Comm.py: The agent lost 1 packet! Is syncmode enabled?
{Mon 01:01:19 Step:95} Server_Comm.py: The agent lost 1 packet! Is syncmode enabled?
{Mon 01:01:19 Step:98} Server_Comm.py: The agent lost 2 consecutive packets! Is syncmode disabled?
{Mon 01:01:19 Step:102} Server_Comm.py: The agent lost 2 consecutive packets! Is syncmode disabled?
{Mon 01:01:19 Step:104} Server_Comm.py: The agent lost 1 packet! Is syncmode enabled?
{Mon 01:01:19 Step:107} Server_Comm.py: The agent lost 1 packet! Is syncmode enabled?
{Mon 01:01:19 Step:109} Server_Comm.py: The agent lost 1 packet! Is syncmode enabled?
{Mon 01:01:19 Step:111} Server_Comm.py: The agent lost 1 packet! Is syncmode enabled?
{Mon 01:01:19 Step:113} Server_Comm.py: The agent lost 1 packet! Is syncmode enabled?
{Mon 01:01:19 Step:116} Server_Comm.py: The agent lost 2 consecutive packets! Is syncmode disabled?
{Mon 01:01:19 Step:120} Server_Comm.py: The agent lost 2 consecutive packets! Is syncmode disabled?
{Mon 01:01:19 Step:122} Server_Comm.py: The agent lost 1 packet! Is syncmode enabled?
{Mon 01:01:19 Step:125} Server_Comm.py: The agent lost 1 packet! Is syncmode enabled?
{Mon 01:01:19 Step:166} Server_Comm.py: The agent lost 2 consecutive packets! Is syncmode disabled?
{Mon 01:01:19 Step:169} Server_Comm.py: The agent lost 2 consecutive packets! Is syncmode disabled?
{Mon 01:01:19 Step:171} Server_Comm.py: The agent lost 1 packet! Is syncmode enabled?
{Mon 01:01:19 Step:192} Server_Comm.py: The agent lost 1 packet! Is syncmode enabled?
{Mon 01:01:19 Step:199} Server_Comm.py: The agent lost 3 consecutive packets! Is syncmode disabled?
{Mon 01:01:19 Step:202} Server_Comm.py: The agent lost 2 consecutive packets! Is syncmode disabled?
{Mon 01:01:19 Step:208} Server_Comm.py: The agent lost 5 consecutive packets! Is syncmode disabled?
{Mon 01:01:19 Step:211} Server_Comm.py: The agent lost 2 consecutive packets! Is syncmode disabled?
{Mon 01:01:19 Step:214} Server_Comm.py: The agent lost 2 consecutive packets! Is syncmode disabled?
{Mon 01:01:19 Step:216} Server_Comm.py: The agent lost 1 packet! Is syncmode enabled?
{Mon 01:01:19 Step:220} Server_Comm.py: The agent lost 2 consecutive packets! Is syncmode disabled?
{Mon 01:01:19 Step:222} Server_Comm.py: The agent lost 1 packet! Is syncmode enabled?
{Mon 01:01:19 Step:224} Server_Comm.py: The agent lost 1 packet! Is syncmode enabled?
{Mon 01:01:19 Step:227} Server_Comm.py: The agent lost 1 packet! Is syncmode enabled?
{Mon 01:01:19 Step:231} Server_Comm.py: The agent lost 3 consecutive packets! Is syncmode disabled?
{Mon 01:01:19 Step:235} Server_Comm.py: The agent lost 3 consecutive packets! Is syncmode disabled?
{Mon 01:01:19 Step:237} Server_Comm.py: The agent lost 1 packet! Is syncmode enabled?
{Mon 01:01:19 Step:239} Server_Comm.py: The agent lost 1 packet! Is syncmode enabled?
{Mon 01:01:19 Step:239} Server_Comm.py: Received a new packet while thinking!
{Mon 01:01:19 Step:406} Server_Comm.py: The agent lost 166 consecutive packets! Is syncmode disabled?
{Mon 01:01:19 Step:406} Server_Comm.py: Received a new packet while on world.update()!
{Mon 01:01:19 Step:407} Server_Comm.py: Received a new packet while on world.update()!
{Mon 01:01:19 Step:408} Server_Comm.py: Received a new packet while thinking!
{Mon 01:01:19 Step:409} Server_Comm.py: Received a new packet while on world.update()!
{Mon 01:01:19 Step:410} Server_Comm.py: Received a new packet while on world.update()!
{Mon 01:01:19 Step:411} Server_Comm.py: Received a new packet while on world.update()!
{Mon 01:01:19 Step:413} Server_Comm.py: The agent lost 1 packet! Is syncmode enabled?
{Mon 01:01:19 Step:413} Server_Comm.py: Received a new packet while on world.update()!
{Mon 01:01:19 Step:415} Server_Comm.py: The agent lost 1 packet! Is syncmode enabled?
{Mon 01:01:19 Step:415} Server_Comm.py: Received a new packet while on world.update()!
{Mon 01:01:19 Step:416} Server_Comm.py: Received a new packet while on world.update()!
{Mon 01:01:19 Step:417} Server_Comm.py: Received a new packet while on world.update()!
{Mon 01:01:19 Step:419} Server_Comm.py: The agent lost 1 packet! Is syncmode enabled?
{Mon 01:01:19 Step:419} Server_Comm.py: Received a new packet while on world.update()!
{Mon 01:01:19 Step:420} Server_Comm.py: Received a new packet while on world.update()!
{Mon 01:01:19 Step:421} Server_Comm.py: Received a new packet while on world.update()!
{Mon 01:01:19 Step:422} Server_Comm.py: Received a new packet while on world.update()!
{Mon 01:01:19 Step:423} Server_Comm.py: Received a new packet while on world.update()!
{Mon 01:01:19 Step:424} Server_Comm.py: Received a new packet while on world.update()!
{Mon 01:01:19 Step:425} Server_Comm.py: Received a new packet while on world.update()!
{Mon 01:01:19 Step:426} Server_Comm.py: Received a new packet while on world.update()!
{Mon 01:01:19 Step:427} Server_Comm.py: Received a new packet while on world.update()!
{Mon 01:01:19 Step:429} Server_Comm.py: The agent lost 1 packet! Is syncmode enabled?
{Mon 01:01:19 Step:429} Server_Comm.py: Received a new packet while on world.update()!
{Mon 01:01:19 Step:433} Server_Comm.py: The agent lost 1 packet! Is syncmode enabled?
{Mon 01:01:19 Step:435} Server_Comm.py: The agent lost 1 packet! Is syncmode enabled?
{Mon 01:01:19 Step:437} Server_Comm.py: The agent lost 1 packet! Is syncmode enabled?
{Mon 01:01:19 Step:439} Server_Comm.py: The agent lost 1 packet! Is syncmode enabled?
{Mon 01:01:19 Step:441} Server_Comm.py: The agent lost 1 packet! Is syncmode enabled?
{Mon 01:01:19 Step:444} Server_Comm.py: The agent lost 2 consecutive packets! Is syncmode disabled?
{Mon 01:01:19 Step:446} Server_Comm.py: The agent lost 1 packet! Is syncmode enabled?
{Mon 01:01:19 Step:450} Server_Comm.py: The agent lost 2 consecutive packets! Is syncmode disabled?
{Mon 01:01:19 Step:451} Server_Comm.py: Received a new packet while thinking!
{Mon 01:01:19 Step:497} Server_Comm.py: The agent lost 45 consecutive packets! Is syncmode disabled?
{Mon 01:01:19 Step:515} Server_Comm.py: The agent lost 17 consecutive packets! Is syncmode disabled?
{Mon 01:01:19 Step:520} Server_Comm.py: The agent lost 4 consecutive packets! Is syncmode disabled?
{Mon 01:01:19 Step:525} Server_Comm.py: The agent lost 1 packet! Is syncmode enabled?
{Mon 01:01:19 Step:527} Server_Comm.py: The agent lost 1 packet! Is syncmode enabled?
{Mon 01:01:19 Step:541} Server_Comm.py: The agent lost 1 packet! Is syncmode enabled?
{Mon 01:01:19 Step:565} Server_Comm.py: The agent lost 1 packet! Is syncmode enabled?
{Mon 01:01:19 Step:568} Server_Comm.py: The agent lost 1 packet! Is syncmode enabled?
{Mon 01:01:19 Step:591} Server_Comm.py: The agent lost 1 packet! Is syncmode enabled?
{Mon 01:01:19 Step:607} Server_Comm.py: The agent lost 1 packet! Is syncmode enabled?
{Mon 01:01:19 Step:609} Server_Comm.py: The agent lost 1 packet! Is syncmode enabled?
{Mon 01:01:19 Step:612} Server_Comm.py: The agent lost 1 packet! Is syncmode enabled?
{Mon 01:01:19 Step:615} Server_Comm.py: The agent lost 1 packet! Is syncmode enabled?
{Mon 01:01:19 Step:618} Server_Comm.py: The agent lost 2 consecutive packets! Is syncmode disabled?
{Mon 01:01:19 Step:624} Server_Comm.py: The agent lost 5 consecutive packets! Is syncmode disabled?
{Mon 01:01:19 Step:626} Server_Comm.py: The agent lost 1 packet! Is syncmode enabled?
{Mon 01:01:19 Step:628} Server_Comm.py: The agent lost 1 packet! Is syncmode enabled?
{Mon 01:01:19 Step:630} Server_Comm.py: The agent lost 1 packet! Is syncmode enabled?
{Mon 01:01:19 Step:632} Server_Comm.py: The agent lost 1 packet! Is syncmode enabled?
{Mon 01:01:19 Step:634} Server_Comm.py: The agent lost 1 packet! Is syncmode enabled?
{Mon 01:01:19 Step:636} Server_Comm.py: The agent lost 1 packet! Is syncmode enabled?
{Mon 01:01:19 Step:639} Server_Comm.py: The agent lost 2 consecutive packets! Is syncmode disabled?
{Mon 01:01:19 Step:641} Server_Comm.py: The agent lost 1 packet! Is syncmode enabled?
{Mon 01:01:19 Step:644} Server_Comm.py: The agent lost 2 consecutive packets! Is syncmode disabled?
{Mon 01:01:19 Step:646} Server_Comm.py: The agent lost 1 packet! Is syncmode enabled?
{Mon 01:01:19 Step:648} Server_Comm.py: The agent lost 1 packet! Is syncmode enabled?
{Mon 01:01:19 Step:649} Server_Comm.py: Received a new packet while thinking!
{Mon 01:01:19 Step:775} Server_Comm.py: The agent lost 125 consecutive packets! Is syncmode disabled?
{Mon 01:01:19 Step:779} Server_Comm.py: The agent lost 3 consecutive packets! Is syncmode disabled?
{Mon 01:01:19 Step:781} Server_Comm.py: The agent lost 1 packet! Is syncmode enabled?
{Mon 01:01:19 Step:784} Server_Comm.py: The agent lost 2 consecutive packets! Is syncmode disabled?
{Mon 01:01:19 Step:787} Server_Comm.py: The agent lost 1 packet! Is syncmode enabled?
{Mon 01:01:19 Step:790} Server_Comm.py: The agent lost 2 consecutive packets! Is syncmode disabled?
{Mon 01:01:19 Step:793} Server_Comm.py: The agent lost 1 packet! Is syncmode enabled?
{Mon 01:01:19 Step:795} Server_Comm.py: The agent lost 1 packet! Is syncmode enabled?
{Mon 01:01:19 Step:797} Server_Comm.py: The agent lost 1 packet! Is syncmode enabled?
{Mon 01:01:19 Step:799} Server_Comm.py: The agent lost 1 packet! Is syncmode enabled?
{Mon 01:01:19 Step:803} Server_Comm.py: The agent lost 1 packet! Is syncmode enabled?
{Mon 01:01:19 Step:805} Server_Comm.py: The agent lost 1 packet! Is syncmode enabled?
{Mon 01:01:19 Step:807} Server_Comm.py: The agent lost 1 packet! Is syncmode enabled?
{Mon 01:01:19 Step:811} Server_Comm.py: The agent lost 1 packet! Is syncmode enabled?
{Mon 01:01:19 Step:813} Server_Comm.py: The agent lost 1 packet! Is syncmode enabled?
{Mon 01:01:19 Step:815} Server_Comm.py: The agent lost 1 packet! Is syncmode enabled?
{Mon 01:01:19 Step:819} Server_Comm.py: The agent lost 1 packet! Is syncmode enabled?
{Mon 01:01:19 Step:821} Server_Comm.py: The agent lost 1 packet! Is syncmode enabled?
{Mon 01:01:19 Step:825} Server_Comm.py: The agent lost 1 packet! Is syncmode enabled?
{Mon 01:01:19 Step:827} Server_Comm.py: The agent lost 1 packet! Is syncmode enabled?
{Mon 01:01:19 Step:831} Server_Comm.py: The agent lost 1 packet! Is syncmode enabled?
{Mon 01:01:19 Step:835} Server_Comm.py: The agent lost 1 packet! Is syncmode enabled?
{Mon 01:01:19 Step:849} Server_Comm.py: The agent lost 1 packet! Is syncmode enabled?
{Mon 01:01:19 Step:852} Server_Comm.py: The agent lost 1 packet! Is syncmode enabled?
{Mon 01:01:19 Step:855} Server_Comm.py: The agent lost 1 packet! Is syncmode enabled?
{Mon 01:01:19 Step:857} Server_Comm.py: The agent lost 1 packet! Is syncmode enabled?
{Mon 01:01:19 Step:861} Server_Comm.py: The agent lost 1 packet! Is syncmode enabled?
{Mon 01:01:19 Step:865} Server_Comm.py: The agent lost 1 packet! Is syncmode enabled?
{Mon 01:01:19 Step:867} Server_Comm.py: The agent lost 1 packet! Is syncmode enabled?
{Mon 01:01:19 Step:887} Server_Comm.py: The agent lost 1 packet! Is syncmode enabled?
{Mon 01:01:19 Step:893} Server_Comm.py: The agent lost 1 packet! Is syncmode enabled?
{Mon 01:01:19 Step:895} Server_Comm.py: The agent lost 1 packet! Is syncmode enabled?
{Mon 01:01:19 Step:898} Server_Comm.py: The agent lost 2 consecutive packets! Is syncmode disabled?
{Mon 01:01:19 Step:902} Server_Comm.py: The agent lost 2 consecutive packets! Is syncmode disabled?
{Mon 01:01:19 Step:907} Server_Comm.py: The agent lost 4 consecutive packets! Is syncmode disabled?
{Mon 01:01:19 Step:911} Server_Comm.py: The agent lost 3 consecutive packets! Is syncmode disabled?
{Mon 01:01:19 Step:914} Server_Comm.py: The agent lost 2 consecutive packets! Is syncmode disabled?
{Mon 01:01:19 Step:918} Server_Comm.py: The agent lost 2 consecutive packets! Is syncmode disabled?
{Mon 01:01:19 Step:920} Server_Comm.py: The agent lost 1 packet! Is syncmode enabled?
{Mon 01:01:19 Step:924} Server_Comm.py: The agent lost 2 consecutive packets! Is syncmode disabled?
{Mon 01:01:19 Step:926} Server_Comm.py: The agent lost 1 packet! Is syncmode enabled?
{Mon 01:01:19 Step:929} Server_Comm.py: The agent lost 1 packet! Is syncmode enabled?
{Mon 01:01:19 Step:931} Server_Comm.py: The agent lost 1 packet! Is syncmode enabled?
{Mon 01:01:19 Step:934} Server_Comm.py: The agent lost 2 consecutive packets! Is syncmode disabled?
{Mon 01:01:19 Step:938} Server_Comm.py: The agent lost 2 consecutive packets! Is syncmode disabled?
{Mon 01:01:19 Step:941} Server_Comm.py: The agent lost 1 packet! Is syncmode enabled?
{Mon 01:01:19 Step:945} Server_Comm.py: The agent lost 3 consecutive packets! Is syncmode disabled?
{Mon 01:01:19 Step:948} Server_Comm.py: The agent lost 2 consecutive packets! Is syncmode disabled?
{Mon 01:01:19 Step:950} Server_Comm.py: The agent lost 1 packet! Is syncmode enabled?
{Mon 01:01:19 Step:953} Server_Comm.py: The agent lost 1 packet! Is syncmode enabled?
{Mon 01:01:19 Step:956} Server_Comm.py: The agent lost 2 consecutive packets! Is syncmode disabled?
{Mon 01:01:19 Step:958} Server_Comm.py: The agent lost 1 packet! Is syncmode enabled?
{Mon 01:01:19 Step:960} Server_Comm.py: The agent lost 1 packet! Is syncmode enabled?
{Mon 01:01:19 Step:966} Server_Comm.py: The agent lost 4 consecutive packets! Is syncmode disabled?
{Mon 01:01:19 Step:969} Server_Comm.py: The agent lost 2 consecutive packets! Is syncmode disabled?
{Mon 01:01:19 Step:972} Server_Comm.py: The agent lost 2 consecutive packets! Is syncmode disabled?
{Mon 01:01:19 Step:974} Server_Comm.py: The agent lost 1 packet! Is syncmode enabled?
{Mon 01:01:19 Step:976} Server_Comm.py: The agent lost 1 packet! Is syncmode enabled?
{Mon 01:01:19 Step:978} Server_Comm.py: The agent lost 1 packet! Is syncmode enabled?
{Mon 01:01:19 Step:982} Server_Comm.py: The agent lost 2 consecutive packets! Is syncmode disabled?
{Mon 01:01:19 Step:986} Server_Comm.py: The agent lost 3 consecutive packets! Is syncmode disabled?
{Mon 01:01:19 Step:989} Server_Comm.py: The agent lost 2 consecutive packets! Is syncmode disabled?
{Mon 01:01:19 Step:993} Server_Comm.py: The agent lost 3 consecutive packets! Is syncmode disabled?
{Mon 01:01:19 Step:996} Server_Comm.py: The agent lost 2 consecutive packets! Is syncmode disabled?
{Mon 01:01:19 Step:998} Server_Comm.py: The agent lost 1 packet! Is syncmode enabled?
{Mon 01:01:19 Step:1001} Server_Comm.py: The agent lost 2 consecutive packets! Is syncmode disabled?
{Mon 01:01:19 Step:1004} Server_Comm.py: The agent lost 2 consecutive packets! Is syncmode disabled?
{Mon 01:01:19 Step:1006} Server_Comm.py: The agent lost 1 packet! Is syncmode enabled?
{Mon 01:01:19 Step:1009} Server_Comm.py: The agent lost 1 packet! Is syncmode enabled?
{Mon 01:01:19 Step:1012} Server_Comm.py: The agent lost 2 consecutive packets! Is syncmode disabled?
{Mon 01:01:19 Step:1015} Server_Comm.py: The agent lost 1 packet! Is syncmode enabled?
{Mon 01:01:19 Step:1049} Server_Comm.py: The agent lost 1 packet! Is syncmode enabled?
{Mon 01:01:19 Step:1055} Server_Comm.py: The agent lost 1 packet! Is syncmode enabled?
{Mon 01:01:19 Step:1061} Server_Comm.py: The agent lost 1 packet! Is syncmode enabled?
{Mon 01:01:19 Step:1064} Server_Comm.py: The agent lost 2 consecutive packets! Is syncmode disabled?
{Mon 01:01:19 Step:1070} Server_Comm.py: The agent lost 4 consecutive packets! Is syncmode disabled?
{Mon 01:01:19 Step:1073} Server_Comm.py: The agent lost 2 consecutive packets! Is syncmode disabled?
{Mon 01:01:19 Step:1076} Server_Comm.py: The agent lost 2 consecutive packets! Is syncmode disabled?
{Mon 01:01:19 Step:1078} Server_Comm.py: The agent lost 1 packet! Is syncmode enabled?
{Mon 01:01:19 Step:1080} Server_Comm.py: The agent lost 1 packet! Is syncmode enabled?
{Mon 01:01:19 Step:1082} Server_Comm.py: The agent lost 1 packet! Is syncmode enabled?
{Mon 01:01:19 Step:1086} Server_Comm.py: The agent lost 2 consecutive packets! Is syncmode disabled?
{Mon 01:01:19 Step:1089} Server_Comm.py: The agent lost 1 packet! Is syncmode enabled?
{Mon 01:01:19 Step:1091} Server_Comm.py: The agent lost 1 packet! Is syncmode enabled?
{Mon 01:01:19 Step:1095} Server_Comm.py: The agent lost 3 consecutive packets! Is syncmode disabled?
{Mon 01:01:19 Step:1098} Server_Comm.py: The agent lost 2 consecutive packets! Is syncmode disabled?
{Mon 01:01:19 Step:1102} Server_Comm.py: The agent lost 2 consecutive packets! Is syncmode disabled?
{Mon 01:01:19 Step:1104} Server_Comm.py: The agent lost 1 packet! Is syncmode enabled?
{Mon 01:01:19 Step:1107} Server_Comm.py: The agent lost 1 packet! Is syncmode enabled?
{Mon 01:01:19 Step:1110} Server_Comm.py: The agent lost 2 consecutive packets! Is syncmode disabled?
{Mon 01:01:19 Step:1113} Server_Comm.py: The agent lost 1 packet! Is syncmode enabled?
{Mon 01:01:19 Step:1116} Server_Comm.py: The agent lost 2 consecutive packets! Is syncmode disabled?
{Mon 01:01:19 Step:1119} Server_Comm.py: The agent lost 1 packet! Is syncmode enabled?
{Mon 01:01:19 Step:1122} Server_Comm.py: The agent lost 2 consecutive packets! Is syncmode disabled?
{Mon 01:01:19 Step:1125} Server_Comm.py: The agent lost 1 packet! Is syncmode enabled?
{Mon 01:01:19 Step:1127} Server_Comm.py: The agent lost 1 packet! Is syncmode enabled?
{Mon 01:01:19 Step:1129} Server_Comm.py: The agent lost 1 packet! Is syncmode enabled?
{Mon 01:01:19 Step:1132} Server_Comm.py: The agent lost 2 consecutive packets! Is syncmode disabled?
{Mon 01:01:19 Step:1136} Server_Comm.py: The agent lost 2 consecutive packets! Is syncmode disabled?
{Mon 01:01:19 Step:1138} Server_Comm.py: The agent lost 1 packet! Is syncmode enabled?
{Mon 01:01:19 Step:1140} Server_Comm.py: The agent lost 1 packet! Is syncmode enabled?
{Mon 01:01:19 Step:1143} Server_Comm.py: The agent lost 1 packet! Is syncmode enabled?
{Mon 01:01:19 Step:1145} Server_Comm.py: The agent lost 1 packet! Is syncmode enabled?
{Mon 01:01:19 Step:1147} Server_Comm.py: The agent lost 1 packet! Is syncmode enabled?
{Mon 01:01:19 Step:1149} Server_Comm.py: The agent lost 1 packet! Is syncmode enabled?
{Mon 01:01:19 Step:1152} Server_Comm.py: The agent lost 2 consecutive packets! Is syncmode disabled?
{Mon 01:01:20 Step:1153} Server_Comm.py: Received a new packet while thinking!
{Mon 01:01:20 Step:1258} Server_Comm.py: The agent lost 104 consecutive packets! Is syncmode disabled?
{Mon 01:01:20 Step:1264} Server_Comm.py: The agent lost 5 consecutive packets! Is syncmode disabled?
{Mon 01:01:20 Step:1268} Server_Comm.py: The agent lost 1 packet! Is syncmode enabled?
{Mon 01:01:20 Step:1273} Server_Comm.py: The agent lost 1 packet! Is syncmode enabled?
{Mon 01:01:20 Step:1277} Server_Comm.py: The agent lost 1 packet! Is syncmode enabled?
{Mon 01:01:20 Step:1281} Server_Comm.py: The agent lost 1 packet! Is syncmode enabled?
{Mon 01:01:20 Step:1314} Server_Comm.py: The agent lost 1 packet! Is syncmode enabled?
{Mon 01:01:20 Step:1316} Server_Comm.py: The agent lost 1 packet! Is syncmode enabled?
{Mon 01:01:20 Step:1319} Server_Comm.py: The agent lost 1 packet! Is syncmode enabled?
{Mon 01:01:20 Step:1321} Server_Comm.py: The agent lost 1 packet! Is syncmode enabled?
{Mon 01:01:20 Step:1329} Server_Comm.py: The agent lost 1 packet! Is syncmode enabled?
{Mon 01:01:20 Step:1332} Server_Comm.py: The agent lost 2 consecutive packets! Is syncmode disabled?
{Mon 01:01:20 Step:1334} Server_Comm.py: The agent lost 1 packet! Is syncmode enabled?
{Mon 01:01:20 Step:1336} Server_Comm.py: The agent lost 1 packet! Is syncmode enabled?
{Mon 01:01:20 Step:1339} Server_Comm.py: The agent lost 1 packet! Is syncmode enabled?
{Mon 01:01:20 Step:1343} Server_Comm.py: The agent lost 1 packet! Is syncmode enabled?
{Mon 01:01:20 Step:1347} Server_Comm.py: The agent lost 1 packet! Is syncmode enabled?
{Mon 01:01:20 Step:1349} Server_Comm.py: The agent lost 1 packet! Is syncmode enabled?
{Mon 01:01:20 Step:1351} Server_Comm.py: The agent lost 1 packet! Is syncmode enabled?
{Mon 01:01:20 Step:1354} Server_Comm.py: The agent lost 2 consecutive packets! Is syncmode disabled?
{Mon 01:01:20 Step:1356} Server_Comm.py: The agent lost 1 packet! Is syncmode enabled?
{Mon 01:01:20 Step:1360} Server_Comm.py: The agent lost 1 packet! Is syncmode enabled?
{Mon 01:01:20 Step:1362} Server_Comm.py: The agent lost 1 packet! Is syncmode enabled?
{Mon 01:01:20 Step:1365} Server_Comm.py: The agent lost 2 consecutive packets! Is syncmode disabled?
{Mon 01:01:20 Step:1367} Server_Comm.py: The agent lost 1 packet! Is syncmode enabled?
{Mon 01:01:20 Step:1370} Server_Comm.py: The agent lost 2 consecutive packets! Is syncmode disabled?
{Mon 01:01:20 Step:1372} Server_Comm.py: The agent lost 1 packet! Is syncmode enabled?
{Mon 01:01:20 Step:1374} Server_Comm.py: The agent lost 1 packet! Is syncmode enabled?
{Mon 01:01:20 Step:1377} Server_Comm.py: The agent lost 1 packet! Is syncmode enabled?
{Mon 01:01:20 Step:1382} Server_Comm.py: The agent lost 2 consecutive packets! Is syncmode disabled?
{Mon 01:01:20 Step:1384} Server_Comm.py: The agent lost 1 packet! Is syncmode enabled?
{Mon 01:01:20 Step:1386} Server_Comm.py: The agent lost 1 packet! Is syncmode enabled?
{Mon 01:01:20 Step:1386} Server_Comm.py: Received a new packet while thinking!
{Mon 01:01:20 Step:1596} Server_Comm.py: The agent lost 209 consecutive packets! Is syncmode disabled?
{Mon 01:01:20 Step:1596} Server_Comm.py: Received a new packet while on world.update()!
{Mon 01:01:20 Step:1600} Server_Comm.py: The agent lost 3 consecutive packets! Is syncmode disabled?
{Mon 01:01:20 Step:1600} Server_Comm.py: Received a new packet while on world.update()!
{Mon 01:01:20 Step:1604} Server_Comm.py: The agent lost 3 consecutive packets! Is syncmode disabled?
{Mon 01:01:20 Step:1604} Server_Comm.py: Received a new packet while on world.update()!
{Mon 01:01:20 Step:1608} Server_Comm.py: The agent lost 3 consecutive packets! Is syncmode disabled?
{Mon 01:01:20 Step:1608} Server_Comm.py: Received a new packet while on world.update()!
{Mon 01:01:20 Step:1610} Server_Comm.py: The agent lost 1 packet! Is syncmode enabled?
{Mon 01:01:20 Step:1610} Server_Comm.py: Received a new packet while on world.update()!
{Mon 01:01:20 Step:1612} Server_Comm.py: The agent lost 1 packet! Is syncmode enabled?
{Mon 01:01:20 Step:1612} Server_Comm.py: Received a new packet while on world.update()!
{Mon 01:01:20 Step:1614} Server_Comm.py: The agent lost 1 packet! Is syncmode enabled?
{Mon 01:01:20 Step:1614} Server_Comm.py: Received a new packet while on world.update()!
{Mon 01:01:20 Step:1615} Server_Comm.py: Received a new packet while on world.update()!
{Mon 01:01:20 Step:1620} Server_Comm.py: The agent lost 4 consecutive packets! Is syncmode disabled?
{Mon 01:01:20 Step:1620} Server_Comm.py: Received a new packet while on world.update()!
{Mon 01:01:20 Step:1621} Server_Comm.py: Received a new packet while on world.update()!
{Mon 01:01:20 Step:1626} Server_Comm.py: The agent lost 4 consecutive packets! Is syncmode disabled?
{Mon 01:01:20 Step:1626} Server_Comm.py: Received a new packet while on world.update()!
{Mon 01:01:20 Step:1628} Server_Comm.py: The agent lost 1 packet! Is syncmode enabled?
{Mon 01:01:20 Step:1628} Server_Comm.py: Received a new packet while on world.update()!
{Mon 01:01:20 Step:1630} Server_Comm.py: The agent lost 1 packet! Is syncmode enabled?
{Mon 01:01:20 Step:1630} Server_Comm.py: Received a new packet while on world.update()!
{Mon 01:01:20 Step:1632} Server_Comm.py: The agent lost 1 packet! Is syncmode enabled?
{Mon 01:01:20 Step:1632} Server_Comm.py: Received a new packet while on world.update()!
{Mon 01:01:20 Step:1633} Server_Comm.py: Received a new packet while on world.update()!
{Mon 01:01:20 Step:1640} Server_Comm.py: The agent lost 6 consecutive packets! Is syncmode disabled?
{Mon 01:01:20 Step:1640} Server_Comm.py: Received a new packet while on world.update()!
{Mon 01:01:20 Step:1642} Server_Comm.py: The agent lost 1 packet! Is syncmode enabled?
{Mon 01:01:20 Step:1642} Server_Comm.py: Received a new packet while on world.update()!
{Mon 01:01:20 Step:1644} Server_Comm.py: The agent lost 1 packet! Is syncmode enabled?
{Mon 01:01:20 Step:1644} Server_Comm.py: Received a new packet while on world.update()!
{Mon 01:01:20 Step:1645} Server_Comm.py: Received a new packet while on world.update()!
{Mon 01:01:20 Step:1650} Server_Comm.py: The agent lost 4 consecutive packets! Is syncmode disabled?
{Mon 01:01:20 Step:1650} Server_Comm.py: Received a new packet while on world.update()!
{Mon 01:01:20 Step:1652} Server_Comm.py: The agent lost 1 packet! Is syncmode enabled?
{Mon 01:01:20 Step:1652} Server_Comm.py: Received a new packet while thinking!
{Mon 01:01:20 Step:1654} Server_Comm.py: The agent lost 1 packet! Is syncmode enabled?
{Mon 01:01:20 Step:1654} Server_Comm.py: Received a new packet while on world.update()!
{Mon 01:01:20 Step:1656} Server_Comm.py: The agent lost 1 packet! Is syncmode enabled?
{Mon 01:01:20 Step:1656} Server_Comm.py: Received a new packet while on world.update()!
{Mon 01:01:20 Step:1658} Server_Comm.py: The agent lost 1 packet! Is syncmode enabled?
{Mon 01:01:20 Step:1658} Server_Comm.py: Received a new packet while on world.update()!
{Mon 01:01:20 Step:1660} Server_Comm.py: The agent lost 1 packet! Is syncmode enabled?
{Mon 01:01:20 Step:1660} Server_Comm.py: Received a new packet while on world.update()!
{Mon 01:01:20 Step:1661} Server_Comm.py: Received a new packet while on world.update()!
{Mon 01:01:20 Step:1667} Server_Comm.py: The agent lost 5 consecutive packets! Is syncmode disabled?
{Mon 01:01:20 Step:1667} Server_Comm.py: Received a new packet while on world.update()!
{Mon 01:01:20 Step:1675} Server_Comm.py: The agent lost 7 consecutive packets! Is syncmode disabled?
{Mon 01:01:20 Step:1675} Server_Comm.py: Received a new packet while on world.update()!
{Mon 01:01:20 Step:1681} Server_Comm.py: The agent lost 5 consecutive packets! Is syncmode disabled?
{Mon 01:01:20 Step:1681} Server_Comm.py: Received a new packet while on world.update()!
{Mon 01:01:20 Step:1686} Server_Comm.py: The agent lost 4 consecutive packets! Is syncmode disabled?
{Mon 01:01:20 Step:1686} Server_Comm.py: Received a new packet while on world.update()!
{Mon 01:01:20 Step:1688} Server_Comm.py: The agent lost 1 packet! Is syncmode enabled?
{Mon 01:01:20 Step:1688} Server_Comm.py: Received a new packet while on world.update()!
{Mon 01:01:20 Step:1689} Server_Comm.py: Received a new packet while on world.update()!
{Mon 01:01:20 Step:1694} Server_Comm.py: The agent lost 4 consecutive packets! Is syncmode disabled?
{Mon 01:01:20 Step:1694} Server_Comm.py: Received a new packet while on world.update()!
{Mon 01:01:20 Step:1697} Server_Comm.py: The agent lost 2 consecutive packets! Is syncmode disabled?
{Mon 01:01:20 Step:1697} Server_Comm.py: Received a new packet while on world.update()!
{Mon 01:01:20 Step:1700} Server_Comm.py: The agent lost 2 consecutive packets! Is syncmode disabled?
{Mon 01:01:20 Step:1700} Server_Comm.py: Received a new packet while on world.update()!
{Mon 01:01:20 Step:1702} Server_Comm.py: The agent lost 1 packet! Is syncmode enabled?
{Mon 01:01:20 Step:1702} Server_Comm.py: Received a new packet while on world.update()!
{Mon 01:01:20 Step:1703} Server_Comm.py: Received a new packet while on world.update()!
{Mon 01:01:20 Step:1711} Server_Comm.py: The agent lost 7 consecutive packets! Is syncmode disabled?
{Mon 01:01:20 Step:1711} Server_Comm.py: Received a new packet while on world.update()!
{Mon 01:01:20 Step:1717} Server_Comm.py: The agent lost 5 consecutive packets! Is syncmode disabled?
{Mon 01:01:20 Step:1717} Server_Comm.py: Received a new packet while on world.update()!
{Mon 01:01:20 Step:1724} Server_Comm.py: The agent lost 6 consecutive packets! Is syncmode disabled?
{Mon 01:01:20 Step:1724} Server_Comm.py: Received a new packet while on world.update()!
{Mon 01:01:20 Step:1726} Server_Comm.py: The agent lost 1 packet! Is syncmode enabled?
{Mon 01:01:20 Step:1726} Server_Comm.py: Received a new packet while on world.update()!
{Mon 01:01:20 Step:1728} Server_Comm.py: The agent lost 1 packet! Is syncmode enabled?
{Mon 01:01:20 Step:1728} Server_Comm.py: Received a new packet while on world.update()!
{Mon 01:01:20 Step:1730} Server_Comm.py: The agent lost 1 packet! Is syncmode enabled?
{Mon 01:01:20 Step:1730} Server_Comm.py: Received a new packet while on world.update()!
{Mon 01:01:20 Step:1735} Server_Comm.py: The agent lost 4 consecutive packets! Is syncmode disabled?
{Mon 01:01:20 Step:1735} Server_Comm.py: Received a new packet while on world.update()!
{Mon 01:01:20 Step:1740} Server_Comm.py: The agent lost 4 consecutive packets! Is syncmode disabled?
{Mon 01:01:20 Step:1740} Server_Comm.py: Received a new packet while on world.update()!
{Mon 01:01:20 Step:1742} Server_Comm.py: The agent lost 1 packet! Is syncmode enabled?
{Mon 01:01:20 Step:1742} Server_Comm.py: Received a new packet while on world.update()!
{Mon 01:01:20 Step:1745} Server_Comm.py: The agent lost 2 consecutive packets! Is syncmode disabled?
{Mon 01:01:20 Step:1745} Server_Comm.py: Received a new packet while on world.update()!
{Mon 01:01:20 Step:1750} Server_Comm.py: The agent lost 4 consecutive packets! Is syncmode disabled?
{Mon 01:01:20 Step:1752} Server_Comm.py: The agent lost 1 packet! Is syncmode enabled?
{Mon 01:01:20 Step:1754} Server_Comm.py: The agent lost 1 packet! Is syncmode enabled?
{Mon 01:01:20 Step:1756} Server_Comm.py: The agent lost 1 packet! Is syncmode enabled?
{Mon 01:01:20 Step:1760} Server_Comm.py: The agent lost 2 consecutive packets! Is syncmode disabled?
{Mon 01:01:20 Step:1762} Server_Comm.py: The agent lost 1 packet! Is syncmode enabled?
{Mon 01:01:20 Step:1766} Server_Comm.py: The agent lost 2 consecutive packets! Is syncmode disabled?
{Mon 01:01:20 Step:1768} Server_Comm.py: The agent lost 1 packet! Is syncmode enabled?
{Mon 01:01:20 Step:1772} Server_Comm.py: The agent lost 2 consecutive packets! Is syncmode disabled?
{Mon 01:01:20 Step:1775} Server_Comm.py: The agent lost 1 packet! Is syncmode enabled?
{Mon 01:01:20 Step:1777} Server_Comm.py: The agent lost 1 packet! Is syncmode enabled?
{Mon 01:01:20 Step:1780} Server_Comm.py: The agent lost 2 consecutive packets! Is syncmode disabled?
{Mon 01:01:20 Step:1782} Server_Comm.py: The agent lost 1 packet! Is syncmode enabled?
{Mon 01:01:20 Step:1784} Server_Comm.py: The agent lost 1 packet! Is syncmode enabled?
{Mon 01:01:20 Step:1786} Server_Comm.py: The agent lost 1 packet! Is syncmode enabled?
{Mon 01:01:20 Step:1790} Server_Comm.py: The agent lost 2 consecutive packets! Is syncmode disabled?
{Mon 01:01:20 Step:1794} Server_Comm.py: The agent lost 2 consecutive packets! Is syncmode disabled?
{Mon 01:01:20 Step:1797} Server_Comm.py: The agent lost 1 packet! Is syncmode enabled?
{Mon 01:01:20 Step:1800} Server_Comm.py: The agent lost 2 consecutive packets! Is syncmode disabled?
{Mon 01:01:20 Step:1802} Server_Comm.py: The agent lost 1 packet! Is syncmode enabled?
{Mon 01:01:20 Step:1804} Server_Comm.py: The agent lost 1 packet! Is syncmode enabled?
{Mon 01:01:20 Step:1807} Server_Comm.py: The agent lost 2 consecutive packets! Is syncmode disabled?
{Mon 01:01:20 Step:1810} Server_Comm.py: The agent lost 2 consecutive packets! Is syncmode disabled?
{Mon 01:01:20 Step:1812} Server_Comm.py: The agent lost 1 packet! Is syncmode enabled?
{Mon 01:01:20 Step:1815} Server_Comm.py: The agent lost 1 packet! Is syncmode enabled?
{Mon 01:01:20 Step:1818} Server_Comm.py: The agent lost 2 consecutive packets! Is syncmode disabled?
{Mon 01:01:20 Step:1820} Server_Comm.py: The agent lost 1 packet! Is syncmode enabled?
{Mon 01:01:20 Step:1824} Server_Comm.py: The agent lost 2 consecutive packets! Is syncmode disabled?
{Mon 01:01:20 Step:1826} Server_Comm.py: The agent lost 1 packet! Is syncmode enabled?
{Mon 01:01:20 Step:1828} Server_Comm.py: The agent lost 1 packet! Is syncmode enabled?
{Mon 01:01:20 Step:1832} Server_Comm.py: The agent lost 2 consecutive packets! Is syncmode disabled?
{Mon 01:01:20 Step:1836} Server_Comm.py: The agent lost 2 consecutive packets! Is syncmode disabled?
{Mon 01:01:20 Step:1840} Server_Comm.py: The agent lost 2 consecutive packets! Is syncmode disabled?
{Mon 01:01:20 Step:1844} Server_Comm.py: The agent lost 2 consecutive packets! Is syncmode disabled?
{Mon 01:01:20 Step:1846} Server_Comm.py: The agent lost 1 packet! Is syncmode enabled?
{Mon 01:01:20 Step:1849} Server_Comm.py: The agent lost 1 packet! Is syncmode enabled?
{Mon 01:01:20 Step:1853} Server_Comm.py: The agent lost 3 consecutive packets! Is syncmode disabled?
{Mon 01:01:20 Step:1855} Server_Comm.py: The agent lost 1 packet! Is syncmode enabled?
{Mon 01:01:20 Step:1859} Server_Comm.py: The agent lost 3 consecutive packets! Is syncmode disabled?
{Mon 01:01:20 Step:1862} Server_Comm.py: The agent lost 2 consecutive packets! Is syncmode disabled?
{Mon 01:01:20 Step:1865} Server_Comm.py: The agent lost 1 packet! Is syncmode enabled?
{Mon 01:01:20 Step:1868} Server_Comm.py: The agent lost 2 consecutive packets! Is syncmode disabled?
{Mon 01:01:20 Step:1871} Server_Comm.py: The agent lost 1 packet! Is syncmode enabled?
{Mon 01:01:20 Step:1874} Server_Comm.py: The agent lost 2 consecutive packets! Is syncmode disabled?
{Mon 01:01:20 Step:1876} Server_Comm.py: The agent lost 1 packet! Is syncmode enabled?
{Mon 01:01:20 Step:1878} Server_Comm.py: The agent lost 1 packet! Is syncmode enabled?
{Mon 01:01:20 Step:1882} Server_Comm.py: The agent lost 2 consecutive packets! Is syncmode disabled?
{Mon 01:01:20 Step:1884} Server_Comm.py: The agent lost 1 packet! Is syncmode enabled?
{Mon 01:01:20 Step:1886} Server_Comm.py: The agent lost 1 packet! Is syncmode enabled?
{Mon 01:01:20 Step:1890} Server_Comm.py: The agent lost 2 consecutive packets! Is syncmode disabled?
{Mon 01:01:20 Step:1892} Server_Comm.py: The agent lost 1 packet! Is syncmode enabled?
{Mon 01:01:20 Step:1896} Server_Comm.py: The agent lost 2 consecutive packets! Is syncmode disabled?
{Mon 01:01:20 Step:1898} Server_Comm.py: The agent lost 1 packet! Is syncmode enabled?
{Mon 01:01:20 Step:1900} Server_Comm.py: The agent lost 1 packet! Is syncmode enabled?
{Mon 01:01:20 Step:1904} Server_Comm.py: The agent lost 2 consecutive packets! Is syncmode disabled?
{Mon 01:01:20 Step:1906} Server_Comm.py: The agent lost 1 packet! Is syncmode enabled?
{Mon 01:01:20 Step:1908} Server_Comm.py: The agent lost 1 packet! Is syncmode enabled?
{Mon 01:01:20 Step:1911} Server_Comm.py: The agent lost 1 packet! Is syncmode enabled?
{Mon 01:01:20 Step:1913} Server_Comm.py: The agent lost 1 packet! Is syncmode enabled?
{Mon 01:01:20 Step:1915} Server_Comm.py: The agent lost 1 packet! Is syncmode enabled?
{Mon 01:01:20 Step:1917} Server_Comm.py: The agent lost 1 packet! Is syncmode enabled?
{Mon 01:01:20 Step:1920} Server_Comm.py: The agent lost 2 consecutive packets! Is syncmode disabled?
{Mon 01:01:20 Step:1922} Server_Comm.py: The agent lost 1 packet! Is syncmode enabled?
{Mon 01:01:20 Step:1924} Server_Comm.py: The agent lost 1 packet! Is syncmode enabled?
{Mon 01:01:20 Step:1928} Server_Comm.py: The agent lost 2 consecutive packets! Is syncmode disabled?
{Mon 01:01:20 Step:1935} Server_Comm.py: The agent lost 5 consecutive packets! Is syncmode disabled?
{Mon 01:01:20 Step:1939} Server_Comm.py: The agent lost 3 consecutive packets! Is syncmode disabled?
{Mon 01:01:20 Step:1942} Server_Comm.py: The agent lost 2 consecutive packets! Is syncmode disabled?
{Mon 01:01:20 Step:1944} Server_Comm.py: The agent lost 1 packet! Is syncmode enabled?
{Mon 01:01:20 Step:1947} Server_Comm.py: The agent lost 1 packet! Is syncmode enabled?
{Mon 01:01:20 Step:1949} Server_Comm.py: The agent lost 1 packet! Is syncmode enabled?
{Mon 01:01:20 Step:1952} Server_Comm.py: The agent lost 2 consecutive packets! Is syncmode disabled?
{Mon 01:01:20 Step:1954} Server_Comm.py: The agent lost 1 packet! Is syncmode enabled?
{Mon 01:01:20 Step:1958} Server_Comm.py: The agent lost 2 consecutive packets! Is syncmode disabled?
{Mon 01:01:20 Step:1963} Server_Comm.py: The agent lost 3 consecutive packets! Is syncmode disabled?
{Mon 01:01:20 Step:1965} Server_Comm.py: The agent lost 1 packet! Is syncmode enabled?
{Mon 01:01:20 Step:1967} Server_Comm.py: The agent lost 1 packet! Is syncmode enabled?
{Mon 01:01:20 Step:1971} Server_Comm.py: The agent lost 3 consecutive packets! Is syncmode disabled?
{Mon 01:01:20 Step:1974} Server_Comm.py: The agent lost 2 consecutive packets! Is syncmode disabled?
{Mon 01:01:20 Step:1976} Server_Comm.py: The agent lost 1 packet! Is syncmode enabled?
{Mon 01:01:20 Step:1979} Server_Comm.py: The agent lost 1 packet! Is syncmode enabled?
{Mon 01:01:20 Step:1981} Server_Comm.py: The agent lost 1 packet! Is syncmode enabled?
{Mon 01:01:20 Step:1983} Server_Comm.py: The agent lost 1 packet! Is syncmode enabled?
{Mon 01:01:20 Step:1986} Server_Comm.py: The agent lost 2 consecutive packets! Is syncmode disabled?
{Mon 01:01:20 Step:1990} Server_Comm.py: The agent lost 2 consecutive packets! Is syncmode disabled?
{Mon 01:01:20 Step:1992} Server_Comm.py: The agent lost 1 packet! Is syncmode enabled?
{Mon 01:01:20 Step:1994} Server_Comm.py: The agent lost 1 packet! Is syncmode enabled?
{Mon 01:01:20 Step:1997} Server_Comm.py: The agent lost 1 packet! Is syncmode enabled?
{Mon 01:01:20 Step:1999} Server_Comm.py: The agent lost 1 packet! Is syncmode enabled?
{Mon 01:01:20 Step:2001} Server_Comm.py: The agent lost 1 packet! Is syncmode enabled?
{Mon 01:01:20 Step:2003} Server_Comm.py: The agent lost 1 packet! Is syncmode enabled?
{Mon 01:01:20 Step:2005} Server_Comm.py: The agent lost 1 packet! Is syncmode enabled?
{Mon 01:01:20 Step:2007} Server_Comm.py: The agent lost 1 packet! Is syncmode enabled?
{Mon 01:01:20 Step:2007} Server_Comm.py: Received a new packet while thinking!
{Mon 01:01:20 Step:2070} Server_Comm.py: The agent lost 62 consecutive packets! Is syncmode disabled?
{Mon 01:01:20 Step:2119} Server_Comm.py: The agent lost 48 consecutive packets! Is syncmode disabled?
{Mon 01:01:20 Step:2131} Server_Comm.py: The agent lost 11 consecutive packets! Is syncmode disabled?
{Mon 01:01:20 Step:2133} Server_Comm.py: The agent lost 1 packet! Is syncmode enabled?
{Mon 01:01:20 Step:2139} Server_Comm.py: The agent lost 1 packet! Is syncmode enabled?
{Mon 01:01:20 Step:2149} Server_Comm.py: The agent lost 1 packet! Is syncmode enabled?
{Mon 01:01:20 Step:2151} Server_Comm.py: The agent lost 1 packet! Is syncmode enabled?
{Mon 01:01:20 Step:2155} Server_Comm.py: The agent lost 1 packet! Is syncmode enabled?
{Mon 01:01:20 Step:2157} Server_Comm.py: The agent lost 1 packet! Is syncmode enabled?
{Mon 01:01:20 Step:2165} Server_Comm.py: The agent lost 2 consecutive packets! Is syncmode disabled?
{Mon 01:01:20 Step:2167} Server_Comm.py: The agent lost 1 packet! Is syncmode enabled?
{Mon 01:01:20 Step:2169} Server_Comm.py: The agent lost 1 packet! Is syncmode enabled?
{Mon 01:01:20 Step:2176} Server_Comm.py: The agent lost 1 packet! Is syncmode enabled?
{Mon 01:01:20 Step:2178} Server_Comm.py: The agent lost 1 packet! Is syncmode enabled?
{Mon 01:01:20 Step:2185} Server_Comm.py: The agent lost 1 packet! Is syncmode enabled?
{Mon 01:01:20 Step:2195} Server_Comm.py: The agent lost 1 packet! Is syncmode enabled?
{Mon 01:01:20 Step:2231} Server_Comm.py: The agent lost 1 packet! Is syncmode enabled?
{Mon 01:01:20 Step:2233} Server_Comm.py: The agent lost 1 packet! Is syncmode enabled?
{Mon 01:01:20 Step:2250} Server_Comm.py: The agent lost 16 consecutive packets! Is syncmode disabled?
{Mon 01:01:20 Step:2257} Server_Comm.py: The agent lost 6 consecutive packets! Is syncmode disabled?
{Mon 01:01:20 Step:2261} Server_Comm.py: The agent lost 3 consecutive packets! Is syncmode disabled?
{Mon 01:01:20 Step:2264} Server_Comm.py: The agent lost 2 consecutive packets! Is syncmode disabled?
{Mon 01:01:20 Step:2266} Server_Comm.py: The agent lost 1 packet! Is syncmode enabled?
{Mon 01:01:20 Step:2270} Server_Comm.py: The agent lost 2 consecutive packets! Is syncmode disabled?
{Mon 01:01:20 Step:2272} Server_Comm.py: The agent lost 1 packet! Is syncmode enabled?
{Mon 01:01:20 Step:2277} Server_Comm.py: The agent lost 3 consecutive packets! Is syncmode disabled?
{Mon 01:01:20 Step:2279} Server_Comm.py: The agent lost 1 packet! Is syncmode enabled?
{Mon 01:01:20 Step:2283} Server_Comm.py: The agent lost 1 packet! Is syncmode enabled?
{Mon 01:01:20 Step:2285} Server_Comm.py: The agent lost 1 packet! Is syncmode enabled?
{Mon 01:01:20 Step:2287} Server_Comm.py: The agent lost 1 packet! Is syncmode enabled?
{Mon 01:01:20 Step:2290} Server_Comm.py: The agent lost 2 consecutive packets! Is syncmode disabled?
{Mon 01:01:20 Step:2294} Server_Comm.py: The agent lost 2 consecutive packets! Is syncmode disabled?
{Mon 01:01:20 Step:2297} Server_Comm.py: The agent lost 1 packet! Is syncmode enabled?
{Mon 01:01:20 Step:2299} Server_Comm.py: The agent lost 1 packet! Is syncmode enabled?
{Mon 01:01:20 Step:2301} Server_Comm.py: The agent lost 1 packet! Is syncmode enabled?
{Mon 01:01:20 Step:2305} Server_Comm.py: The agent lost 3 consecutive packets! Is syncmode disabled?
{Mon 01:01:20 Step:2338} Server_Comm.py: The agent lost 1 packet! Is syncmode enabled?
{Mon 01:01:20 Step:2340} Server_Comm.py: The agent lost 1 packet! Is syncmode enabled?
{Mon 01:01:20 Step:2342} Server_Comm.py: The agent lost 1 packet! Is syncmode enabled?
{Mon 01:01:20 Step:2344} Server_Comm.py: The agent lost 1 packet! Is syncmode enabled?
{Mon 01:01:20 Step:2346} Server_Comm.py: The agent lost 1 packet! Is syncmode enabled?
{Mon 01:01:20 Step:2349} Server_Comm.py: The agent lost 2 consecutive packets! Is syncmode disabled?
{Mon 01:01:20 Step:2352} Server_Comm.py: The agent lost 1 packet! Is syncmode enabled?
{Mon 01:01:20 Step:2354} Server_Comm.py: The agent lost 1 packet! Is syncmode enabled?
{Mon 01:01:20 Step:2356} Server_Comm.py: The agent lost 1 packet! Is syncmode enabled?
{Mon 01:01:20 Step:2358} Server_Comm.py: The agent lost 1 packet! Is syncmode enabled?
{Mon 01:01:20 Step:2360} Server_Comm.py: The agent lost 1 packet! Is syncmode enabled?
{Mon 01:01:20 Step:2362} Server_Comm.py: The agent lost 1 packet! Is syncmode enabled?
{Mon 01:01:20 Step:2367} Server_Comm.py: The agent lost 1 packet! Is syncmode enabled?
{Mon 01:01:20 Step:2369} Server_Comm.py: The agent lost 1 packet! Is syncmode enabled?
{Mon 01:01:20 Step:2371} Server_Comm.py: The agent lost 1 packet! Is syncmode enabled?
{Mon 01:01:20 Step:2373} Server_Comm.py: The agent lost 1 packet! Is syncmode enabled?
{Mon 01:01:20 Step:2376} Server_Comm.py: The agent lost 1 packet! Is syncmode enabled?
{Mon 01:01:20 Step:2378} Server_Comm.py: The agent lost 1 packet! Is syncmode enabled?
{Mon 01:01:20 Step:2380} Server_Comm.py: The agent lost 1 packet! Is syncmode enabled?
{Mon 01:01:20 Step:2382} Server_Comm.py: The agent lost 1 packet! Is syncmode enabled?
{Mon 01:01:20 Step:2384} Server_Comm.py: The agent lost 1 packet! Is syncmode enabled?
{Mon 01:01:20 Step:2387} Server_Comm.py: The agent lost 1 packet! Is syncmode enabled?
{Mon 01:01:20 Step:2389} Server_Comm.py: The agent lost 1 packet! Is syncmode enabled?
{Mon 01:01:20 Step:2395} Server_Comm.py: The agent lost 3 consecutive packets! Is syncmode disabled?
{Mon 01:01:20 Step:2400} Server_Comm.py: The agent lost 4 consecutive packets! Is syncmode disabled?
{Mon 01:01:20 Step:2402} Server_Comm.py: The agent lost 1 packet! Is syncmode enabled?
{Mon 01:01:20 Step:2466} Server_Comm.py: The agent lost 63 consecutive packets! Is syncmode disabled?
{Mon 01:01:20 Step:2471} Server_Comm.py: The agent lost 4 consecutive packets! Is syncmode disabled?
{Mon 01:01:20 Step:2474} Server_Comm.py: The agent lost 2 consecutive packets! Is syncmode disabled?
{Mon 01:01:20 Step:2476} Server_Comm.py: The agent lost 1 packet! Is syncmode enabled?
{Mon 01:01:20 Step:2479} Server_Comm.py: The agent lost 1 packet! Is syncmode enabled?
{Mon 01:01:20 Step:2481} Server_Comm.py: The agent lost 1 packet! Is syncmode enabled?
{Mon 01:01:20 Step:2485} Server_Comm.py: The agent lost 3 consecutive packets! Is syncmode disabled?
{Mon 01:01:20 Step:2489} Server_Comm.py: The agent lost 3 consecutive packets! Is syncmode disabled?
{Mon 01:01:20 Step:2493} Server_Comm.py: The agent lost 3 consecutive packets! Is syncmode disabled?
{Mon 01:01:20 Step:2493} Server_Comm.py: Received a new packet while thinking!
{Mon 01:01:20 Step:2641} Server_Comm.py: The agent lost 147 consecutive packets! Is syncmode disabled?
{Mon 01:01:20 Step:2641} Server_Comm.py: Received a new packet while on world.update()!
{Mon 01:01:20 Step:2643} Server_Comm.py: The agent lost 1 packet! Is syncmode enabled?
{Mon 01:01:20 Step:2643} Server_Comm.py: Received a new packet while on world.update()!
{Mon 01:01:20 Step:2645} Server_Comm.py: The agent lost 1 packet! Is syncmode enabled?
{Mon 01:01:20 Step:2645} Server_Comm.py: Received a new packet while on world.update()!
{Mon 01:01:20 Step:2647} Server_Comm.py: The agent lost 1 packet! Is syncmode enabled?
{Mon 01:01:20 Step:2647} Server_Comm.py: Received a new packet while on world.update()!
{Mon 01:01:20 Step:2648} Server_Comm.py: Received a new packet while on world.update()!
{Mon 01:01:20 Step:2649} Server_Comm.py: Received a new packet while thinking!
{Mon 01:01:20 Step:2650} Server_Comm.py: Received a new packet while on world.update()!
{Mon 01:01:20 Step:2651} Server_Comm.py: Received a new packet while on world.update()!
{Mon 01:01:20 Step:2652} Server_Comm.py: Received a new packet while on world.update()!
{Mon 01:01:20 Step:2653} Server_Comm.py: Received a new packet while on world.update()!
{Mon 01:01:20 Step:2654} Server_Comm.py: Received a new packet while on world.update()!
{Mon 01:01:20 Step:2655} Server_Comm.py: Received a new packet while on world.update()!
{Mon 01:01:20 Step:2657} Server_Comm.py: The agent lost 1 packet! Is syncmode enabled?
{Mon 01:01:20 Step:2701} Server_Comm.py: The agent lost 35 consecutive packets! Is syncmode disabled?
{Mon 01:01:20 Step:2712} Server_Comm.py: The agent lost 10 consecutive packets! Is syncmode disabled?
{Mon 01:01:20 Step:2718} Server_Comm.py: The agent lost 5 consecutive packets! Is syncmode disabled?
{Mon 01:01:20 Step:2721} Server_Comm.py: The agent lost 2 consecutive packets! Is syncmode disabled?
{Mon 01:01:20 Step:2724} Server_Comm.py: The agent lost 2 consecutive packets! Is syncmode disabled?
{Mon 01:01:20 Step:2727} Server_Comm.py: The agent lost 1 packet! Is syncmode enabled?
{Mon 01:01:20 Step:2730} Server_Comm.py: The agent lost 2 consecutive packets! Is syncmode disabled?
{Mon 01:01:20 Step:2732} Server_Comm.py: The agent lost 1 packet! Is syncmode enabled?
{Mon 01:01:20 Step:2734} Server_Comm.py: The agent lost 1 packet! Is syncmode enabled?
{Mon 01:01:20 Step:2769} Server_Comm.py: The agent lost 34 consecutive packets! Is syncmode disabled?
{Mon 01:01:20 Step:2779} Server_Comm.py: The agent lost 9 consecutive packets! Is syncmode disabled?
{Mon 01:01:20 Step:2781} Server_Comm.py: The agent lost 1 packet! Is syncmode enabled?
{Mon 01:01:20 Step:2783} Server_Comm.py: The agent lost 1 packet! Is syncmode enabled?
{Mon 01:01:20 Step:2786} Server_Comm.py: The agent lost 2 consecutive packets! Is syncmode disabled?
{Mon 01:01:20 Step:2789} Server_Comm.py: The agent lost 1 packet! Is syncmode enabled?
{Mon 01:01:20 Step:2792} Server_Comm.py: The agent lost 2 consecutive packets! Is syncmode disabled?
{Mon 01:01:20 Step:2794} Server_Comm.py: The agent lost 1 packet! Is syncmode enabled?
{Mon 01:01:21 Step:2795} Server_Comm.py: Received a new packet while thinking!
{Mon 01:01:21 Step:2982} Server_Comm.py: The agent lost 186 consecutive packets! Is syncmode disabled?
{Mon 01:01:21 Step:2982} Server_Comm.py: Received a new packet while on world.update()!
{Mon 01:01:21 Step:2983} Server_Comm.py: Received a new packet while on world.update()!
{Mon 01:01:21 Step:2985} Server_Comm.py: The agent lost 1 packet! Is syncmode enabled?
{Mon 01:01:21 Step:2985} Server_Comm.py: Received a new packet while on world.update()!
{Mon 01:01:21 Step:2989} Server_Comm.py: The agent lost 3 consecutive packets! Is syncmode disabled?
{Mon 01:01:21 Step:2989} Server_Comm.py: Received a new packet while on world.update()!
{Mon 01:01:21 Step:2991} Server_Comm.py: The agent lost 1 packet! Is syncmode enabled?
{Mon 01:01:21 Step:2991} Server_Comm.py: Received a new packet while on world.update()!
{Mon 01:01:21 Step:2996} Server_Comm.py: The agent lost 4 consecutive packets! Is syncmode disabled?
{Mon 01:01:21 Step:2996} Server_Comm.py: Received a new packet while on world.update()!
{Mon 01:01:21 Step:2997} Server_Comm.py: Received a new packet while on world.update()!
{Mon 01:01:21 Step:3000} Server_Comm.py: The agent lost 2 consecutive packets! Is syncmode disabled?
{Mon 01:01:21 Step:3000} Server_Comm.py: Received a new packet while on world.update()!
{Mon 01:01:21 Step:3001} Server_Comm.py: Received a new packet while on world.update()!
{Mon 01:01:21 Step:3004} Server_Comm.py: The agent lost 2 consecutive packets! Is syncmode disabled?
{Mon 01:01:21 Step:3004} Server_Comm.py: Received a new packet while on world.update()!
{Mon 01:01:21 Step:3006} Server_Comm.py: The agent lost 1 packet! Is syncmode enabled?
{Mon 01:01:21 Step:3006} Server_Comm.py: Received a new packet while on world.update()!
{Mon 01:01:21 Step:3007} Server_Comm.py: Received a new packet while on world.update()!
{Mon 01:01:21 Step:3010} Server_Comm.py: The agent lost 2 consecutive packets! Is syncmode disabled?
{Mon 01:01:21 Step:3010} Server_Comm.py: Received a new packet while on world.update()!
{Mon 01:01:21 Step:3011} Server_Comm.py: Received a new packet while on world.update()!
{Mon 01:01:21 Step:3013} Server_Comm.py: The agent lost 1 packet! Is syncmode enabled?
{Mon 01:01:21 Step:3013} Server_Comm.py: Received a new packet while on world.update()!
{Mon 01:01:21 Step:3017} Server_Comm.py: The agent lost 3 consecutive packets! Is syncmode disabled?
{Mon 01:01:21 Step:3017} Server_Comm.py: Received a new packet while on world.update()!
{Mon 01:01:21 Step:3019} Server_Comm.py: The agent lost 1 packet! Is syncmode enabled?
{Mon 01:01:21 Step:3019} Server_Comm.py: Received a new packet while on world.update()!
{Mon 01:01:21 Step:3020} Server_Comm.py: Received a new packet while on world.update()!
{Mon 01:01:21 Step:3021} Server_Comm.py: Received a new packet while on world.update()!
{Mon 01:01:21 Step:3023} Server_Comm.py: The agent lost 1 packet! Is syncmode enabled?
{Mon 01:01:21 Step:3023} Server_Comm.py: Received a new packet while on world.update()!
{Mon 01:01:21 Step:3027} Server_Comm.py: The agent lost 3 consecutive packets! Is syncmode disabled?
{Mon 01:01:21 Step:3027} Server_Comm.py: Received a new packet while on world.update()!
{Mon 01:01:21 Step:3029} Server_Comm.py: The agent lost 1 packet! Is syncmode enabled?
{Mon 01:01:21 Step:3029} Server_Comm.py: Received a new packet while on world.update()!
{Mon 01:01:21 Step:3032} Server_Comm.py: The agent lost 2 consecutive packets! Is syncmode disabled?
{Mon 01:01:21 Step:3032} Server_Comm.py: Received a new packet while thinking!
{Mon 01:01:21 Step:3033} Server_Comm.py: Received a new packet while on world.update()!
{Mon 01:01:21 Step:3036} Server_Comm.py: The agent lost 2 consecutive packets! Is syncmode disabled?
{Mon 01:01:21 Step:3040} Server_Comm.py: The agent lost 2 consecutive packets! Is syncmode disabled?
{Mon 01:01:21 Step:3044} Server_Comm.py: The agent lost 2 consecutive packets! Is syncmode disabled?
{Mon 01:01:21 Step:3047} Server_Comm.py: The agent lost 1 packet! Is syncmode enabled?
{Mon 01:01:21 Step:3050} Server_Comm.py: The agent lost 2 consecutive packets! Is syncmode disabled?
{Mon 01:01:21 Step:3054} Server_Comm.py: The agent lost 2 consecutive packets! Is syncmode disabled?
{Mon 01:01:21 Step:3056} Server_Comm.py: The agent lost 1 packet! Is syncmode enabled?
{Mon 01:01:21 Step:3059} Server_Comm.py: The agent lost 1 packet! Is syncmode enabled?
{Mon 01:01:21 Step:3063} Server_Comm.py: The agent lost 3 consecutive packets! Is syncmode disabled?
{Mon 01:01:21 Step:3066} Server_Comm.py: The agent lost 2 consecutive packets! Is syncmode disabled?
{Mon 01:01:21 Step:3068} Server_Comm.py: The agent lost 1 packet! Is syncmode enabled?
{Mon 01:01:21 Step:3081} Server_Comm.py: The agent lost 1 packet! Is syncmode enabled?
{Mon 01:01:21 Step:3097} Server_Comm.py: The agent lost 1 packet! Is syncmode enabled?
{Mon 01:01:21 Step:3101} Server_Comm.py: The agent lost 1 packet! Is syncmode enabled?
{Mon 01:01:21 Step:3114} Server_Comm.py: The agent lost 1 packet! Is syncmode enabled?
{Mon 01:01:21 Step:3117} Server_Comm.py: The agent lost 2 consecutive packets! Is syncmode disabled?
{Mon 01:01:21 Step:3120} Server_Comm.py: The agent lost 2 consecutive packets! Is syncmode disabled?
{Mon 01:01:21 Step:3123} Server_Comm.py: The agent lost 2 consecutive packets! Is syncmode disabled?
{Mon 01:01:21 Step:3125} Server_Comm.py: The agent lost 1 packet! Is syncmode enabled?
{Mon 01:01:21 Step:3128} Server_Comm.py: The agent lost 2 consecutive packets! Is syncmode disabled?
{Mon 01:01:21 Step:3131} Server_Comm.py: The agent lost 2 consecutive packets! Is syncmode disabled?
{Mon 01:01:21 Step:3133} Server_Comm.py: The agent lost 1 packet! Is syncmode enabled?
{Mon 01:01:21 Step:3135} Server_Comm.py: The agent lost 1 packet! Is syncmode enabled?
{Mon 01:01:21 Step:3137} Server_Comm.py: The agent lost 1 packet! Is syncmode enabled?
{Mon 01:01:21 Step:3139} Server_Comm.py: The agent lost 1 packet! Is syncmode enabled?
{Mon 01:01:21 Step:3142} Server_Comm.py: The agent lost 2 consecutive packets! Is syncmode disabled?
{Mon 01:01:21 Step:3144} Server_Comm.py: The agent lost 1 packet! Is syncmode enabled?
{Mon 01:01:21 Step:3146} Server_Comm.py: The agent lost 1 packet! Is syncmode enabled?
{Mon 01:01:21 Step:3148} Server_Comm.py: The agent lost 1 packet! Is syncmode enabled?
{Mon 01:01:21 Step:3151} Server_Comm.py: The agent lost 2 consecutive packets! Is syncmode disabled?
{Mon 01:01:21 Step:3154} Server_Comm.py: The agent lost 2 consecutive packets! Is syncmode disabled?
{Mon 01:01:21 Step:3156} Server_Comm.py: The agent lost 1 packet! Is syncmode enabled?
{Mon 01:01:21 Step:3158} Server_Comm.py: The agent lost 1 packet! Is syncmode enabled?
{Mon 01:01:21 Step:3161} Server_Comm.py: The agent lost 2 consecutive packets! Is syncmode disabled?
{Mon 01:01:21 Step:3163} Server_Comm.py: The agent lost 1 packet! Is syncmode enabled?
{Mon 01:01:21 Step:3166} Server_Comm.py: The agent lost 2 consecutive packets! Is syncmode disabled?
{Mon 01:01:21 Step:3168} Server_Comm.py: The agent lost 1 packet! Is syncmode enabled?
{Mon 01:01:21 Step:3171} Server_Comm.py: The agent lost 2 consecutive packets! Is syncmode disabled?
{Mon 01:01:21 Step:3174} Server_Comm.py: The agent lost 2 consecutive packets! Is syncmode disabled?
{Mon 01:01:21 Step:3176} Server_Comm.py: The agent lost 1 packet! Is syncmode enabled?
{Mon 01:01:21 Step:3178} Server_Comm.py: The agent lost 1 packet! Is syncmode enabled?
{Mon 01:01:21 Step:3180} Server_Comm.py: The agent lost 1 packet! Is syncmode enabled?
{Mon 01:01:21 Step:3182} Server_Comm.py: The agent lost 1 packet! Is syncmode enabled?
{Mon 01:01:21 Step:3184} Server_Comm.py: The agent lost 1 packet! Is syncmode enabled?
{Mon 01:01:21 Step:3186} Server_Comm.py: The agent lost 1 packet! Is syncmode enabled?
{Mon 01:01:21 Step:3197} Server_Comm.py: The agent lost 10 consecutive packets! Is syncmode disabled?
{Mon 01:01:21 Step:3202} Server_Comm.py: The agent lost 4 consecutive packets! Is syncmode disabled?
{Mon 01:01:21 Step:3205} Server_Comm.py: The agent lost 2 consecutive packets! Is syncmode disabled?
{Mon 01:01:21 Step:3208} Server_Comm.py: The agent lost 2 consecutive packets! Is syncmode disabled?
{Mon 01:01:21 Step:3210} Server_Comm.py: The agent lost 1 packet! Is syncmode enabled?
{Mon 01:01:21 Step:3212} Server_Comm.py: The agent lost 1 packet! Is syncmode enabled?
{Mon 01:01:21 Step:3214} Server_Comm.py: The agent lost 1 packet! Is syncmode enabled?
{Mon 01:01:21 Step:3219} Server_Comm.py: The agent lost 3 consecutive packets! Is syncmode disabled?
{Mon 01:01:21 Step:3223} Server_Comm.py: The agent lost 3 consecutive packets! Is syncmode disabled?
{Mon 01:01:21 Step:3227} Server_Comm.py: The agent lost 3 consecutive packets! Is syncmode disabled?
{Mon 01:01:21 Step:3231} Server_Comm.py: The agent lost 3 consecutive packets! Is syncmode disabled?
{Mon 01:01:21 Step:3235} Server_Comm.py: The agent lost 3 consecutive packets! Is syncmode disabled?
{Mon 01:01:21 Step:3239} Server_Comm.py: The agent lost 3 consecutive packets! Is syncmode disabled?
{Mon 01:01:21 Step:3243} Server_Comm.py: The agent lost 3 consecutive packets! Is syncmode disabled?
{Mon 01:01:21 Step:3246} Server_Comm.py: The agent lost 2 consecutive packets! Is syncmode disabled?
{Mon 01:01:21 Step:3248} Server_Comm.py: The agent lost 1 packet! Is syncmode enabled?
{Mon 01:01:21 Step:3250} Server_Comm.py: The agent lost 1 packet! Is syncmode enabled?
{Mon 01:01:21 Step:3253} Server_Comm.py: The agent lost 1 packet! Is syncmode enabled?
{Mon 01:01:21 Step:3255} Server_Comm.py: The agent lost 1 packet! Is syncmode enabled?
{Mon 01:01:21 Step:3258} Server_Comm.py: The agent lost 2 consecutive packets! Is syncmode disabled?
{Mon 01:01:21 Step:3261} Server_Comm.py: The agent lost 2 consecutive packets! Is syncmode disabled?
{Mon 01:01:21 Step:3266} Server_Comm.py: The agent lost 4 consecutive packets! Is syncmode disabled?
{Mon 01:01:21 Step:3271} Server_Comm.py: The agent lost 4 consecutive packets! Is syncmode disabled?
{Mon 01:01:21 Step:3279} Server_Comm.py: The agent lost 7 consecutive packets! Is syncmode disabled?
{Mon 01:01:21 Step:3290} Server_Comm.py: The agent lost 10 consecutive packets! Is syncmode disabled?
