{Mon 01:04:53 Step:4} Server_Comm.py: The agent lost 3 consecutive packets! Is syncmode disabled?
{Mon 01:04:53 Step:4} Server_Comm.py: Received a new packet while on world.update()!
{Mon 01:04:53 Step:11} Server_Comm.py: The agent lost 6 consecutive packets! Is syncmode disabled?
{Mon 01:04:53 Step:11} Server_Comm.py: Received a new packet while on world.update()!
{Mon 01:04:53 Step:15} Server_Comm.py: The agent lost 3 consecutive packets! Is syncmode disabled?
{Mon 01:04:53 Step:15} Server_Comm.py: Received a new packet while on world.update()!
{Mon 01:04:53 Step:18} Server_Comm.py: The agent lost 2 consecutive packets! Is syncmode disabled?
{Mon 01:04:53 Step:21} Server_Comm.py: The agent lost 1 packet! Is syncmode enabled?
{Mon 01:04:53 Step:24} Server_Comm.py: The agent lost 2 consecutive packets! Is syncmode disabled?
{Mon 01:04:53 Step:26} Server_Comm.py: The agent lost 1 packet! Is syncmode enabled?
{Mon 01:04:53 Step:39} Server_Comm.py: The agent lost 12 consecutive packets! Is syncmode disabled?
{Mon 01:04:53 Step:45} Server_Comm.py: The agent lost 5 consecutive packets! Is syncmode disabled?
{Mon 01:04:53 Step:48} Server_Comm.py: The agent lost 2 consecutive packets! Is syncmode disabled?
{Mon 01:04:53 Step:50} Server_Comm.py: The agent lost 1 packet! Is syncmode enabled?
{Mon 01:04:53 Step:54} Server_Comm.py: The agent lost 2 consecutive packets! Is syncmode disabled?
{Mon 01:04:53 Step:54} Server_Comm.py: Received a new packet while thinking!
{Mon 01:04:53 Step:198} Server_Comm.py: The agent lost 143 consecutive packets! Is syncmode disabled?
{Mon 01:04:53 Step:211} Server_Comm.py: The agent lost 12 consecutive packets! Is syncmode disabled?
{Mon 01:04:53 Step:214} Server_Comm.py: The agent lost 2 consecutive packets! Is syncmode disabled?
{Mon 01:04:53 Step:218} Server_Comm.py: The agent lost 1 packet! Is syncmode enabled?
{Mon 01:04:53 Step:221} Server_Comm.py: The agent lost 1 packet! Is syncmode enabled?
{Mon 01:04:53 Step:231} Server_Comm.py: The agent lost 1 packet! Is syncmode enabled?
{Mon 01:04:53 Step:243} Server_Comm.py: The agent lost 1 packet! Is syncmode enabled?
{Mon 01:04:53 Step:259} Server_Comm.py: The agent lost 1 packet! Is syncmode enabled?
{Mon 01:04:53 Step:266} Server_Comm.py: The agent lost 2 consecutive packets! Is syncmode disabled?
{Mon 01:04:53 Step:268} Server_Comm.py: The agent lost 1 packet! Is syncmode enabled?
{Mon 01:04:53 Step:271} Server_Comm.py: The agent lost 1 packet! Is syncmode enabled?
{Mon 01:04:53 Step:273} Server_Comm.py: The agent lost 1 packet! Is syncmode enabled?
{Mon 01:04:53 Step:276} Server_Comm.py: The agent lost 2 consecutive packets! Is syncmode disabled?
{Mon 01:04:53 Step:278} Server_Comm.py: The agent lost 1 packet! Is syncmode enabled?
{Mon 01:04:53 Step:280} Server_Comm.py: The agent lost 1 packet! Is syncmode enabled?
{Mon 01:04:53 Step:283} Server_Comm.py: The agent lost 2 consecutive packets! Is syncmode disabled?
{Mon 01:04:53 Step:286} Server_Comm.py: The agent lost 2 consecutive packets! Is syncmode disabled?
{Mon 01:04:53 Step:289} Server_Comm.py: The agent lost 2 consecutive packets! Is syncmode disabled?
{Mon 01:04:53 Step:291} Server_Comm.py: The agent lost 1 packet! Is syncmode enabled?
{Mon 01:04:53 Step:293} Server_Comm.py: The agent lost 1 packet! Is syncmode enabled?
{Mon 01:04:53 Step:295} Server_Comm.py: The agent lost 1 packet! Is syncmode enabled?
{Mon 01:04:53 Step:297} Server_Comm.py: The agent lost 1 packet! Is syncmode enabled?
{Mon 01:04:53 Step:299} Server_Comm.py: The agent lost 1 packet! Is syncmode enabled?
{Mon 01:04:53 Step:301} Server_Comm.py: The agent lost 1 packet! Is syncmode enabled?
{Mon 01:04:53 Step:303} Server_Comm.py: The agent lost 1 packet! Is syncmode enabled?
{Mon 01:04:53 Step:305} Server_Comm.py: The agent lost 1 packet! Is syncmode enabled?
{Mon 01:04:53 Step:307} Server_Comm.py: The agent lost 1 packet! Is syncmode enabled?
{Mon 01:04:53 Step:312} Server_Comm.py: The agent lost 1 packet! Is syncmode enabled?
{Mon 01:04:53 Step:315} Server_Comm.py: The agent lost 2 consecutive packets! Is syncmode disabled?
{Mon 01:04:53 Step:318} Server_Comm.py: The agent lost 2 consecutive packets! Is syncmode disabled?
{Mon 01:04:53 Step:320} Server_Comm.py: The agent lost 1 packet! Is syncmode enabled?
{Mon 01:04:53 Step:322} Server_Comm.py: The agent lost 1 packet! Is syncmode enabled?
{Mon 01:04:53 Step:325} Server_Comm.py: The agent lost 2 consecutive packets! Is syncmode disabled?
{Mon 01:04:53 Step:327} Server_Comm.py: The agent lost 1 packet! Is syncmode enabled?
{Mon 01:04:53 Step:329} Server_Comm.py: The agent lost 1 packet! Is syncmode enabled?
{Mon 01:04:53 Step:331} Server_Comm.py: The agent lost 1 packet! Is syncmode enabled?
{Mon 01:04:53 Step:335} Server_Comm.py: The agent lost 1 packet! Is syncmode enabled?
{Mon 01:04:53 Step:338} Server_Comm.py: The agent lost 2 consecutive packets! Is syncmode disabled?
{Mon 01:04:53 Step:344} Server_Comm.py: The agent lost 5 consecutive packets! Is syncmode disabled?
{Mon 01:04:53 Step:351} Server_Comm.py: The agent lost 6 consecutive packets! Is syncmode disabled?
{Mon 01:04:53 Step:364} Server_Comm.py: The agent lost 12 consecutive packets! Is syncmode disabled?
{Mon 01:04:53 Step:381} Server_Comm.py: The agent lost 16 consecutive packets! Is syncmode disabled?
{Mon 01:04:53 Step:406} Server_Comm.py: The agent lost 24 consecutive packets! Is syncmode disabled?
{Mon 01:04:53 Step:435} Server_Comm.py: The agent lost 28 consecutive packets! Is syncmode disabled?
{Mon 01:04:53 Step:435} Server_Comm.py: Received a new packet while on world.update()!
{Mon 01:04:53 Step:532} Server_Comm.py: The agent lost 96 consecutive packets! Is syncmode disabled?
{Mon 01:04:53 Step:555} Server_Comm.py: The agent lost 22 consecutive packets! Is syncmode disabled?
{Mon 01:04:53 Step:565} Server_Comm.py: The agent lost 9 consecutive packets! Is syncmode disabled?
{Mon 01:04:53 Step:570} Server_Comm.py: The agent lost 4 consecutive packets! Is syncmode disabled?
{Mon 01:04:53 Step:572} Server_Comm.py: The agent lost 1 packet! Is syncmode enabled?
{Mon 01:04:53 Step:575} Server_Comm.py: The agent lost 1 packet! Is syncmode enabled?
{Mon 01:04:53 Step:578} Server_Comm.py: The agent lost 2 consecutive packets! Is syncmode disabled?
{Mon 01:04:53 Step:580} Server_Comm.py: The agent lost 1 packet! Is syncmode enabled?
{Mon 01:04:53 Step:584} Server_Comm.py: The agent lost 2 consecutive packets! Is syncmode disabled?
{Mon 01:04:53 Step:586} Server_Comm.py: The agent lost 1 packet! Is syncmode enabled?
{Mon 01:04:53 Step:588} Server_Comm.py: The agent lost 1 packet! Is syncmode enabled?
{Mon 01:04:53 Step:592} Server_Comm.py: The agent lost 2 consecutive packets! Is syncmode disabled?
{Mon 01:04:53 Step:595} Server_Comm.py: The agent lost 1 packet! Is syncmode enabled?
{Mon 01:04:53 Step:597} Server_Comm.py: The agent lost 1 packet! Is syncmode enabled?
{Mon 01:04:53 Step:621} Server_Comm.py: The agent lost 1 packet! Is syncmode enabled?
{Mon 01:04:53 Step:625} Server_Comm.py: The agent lost 1 packet! Is syncmode enabled?
{Mon 01:04:53 Step:666} Server_Comm.py: The agent lost 1 packet! Is syncmode enabled?
{Mon 01:04:53 Step:671} Server_Comm.py: The agent lost 1 packet! Is syncmode enabled?
{Mon 01:04:53 Step:675} Server_Comm.py: The agent lost 3 consecutive packets! Is syncmode disabled?
{Mon 01:04:53 Step:677} Server_Comm.py: The agent lost 1 packet! Is syncmode enabled?
{Mon 01:04:53 Step:677} Server_Comm.py: Received a new packet while thinking!
{Mon 01:04:53 Step:752} Server_Comm.py: The agent lost 74 consecutive packets! Is syncmode disabled?
{Mon 01:04:53 Step:757} Server_Comm.py: The agent lost 4 consecutive packets! Is syncmode disabled?
{Mon 01:04:53 Step:760} Server_Comm.py: The agent lost 2 consecutive packets! Is syncmode disabled?
{Mon 01:04:53 Step:762} Server_Comm.py: The agent lost 1 packet! Is syncmode enabled?
{Mon 01:04:53 Step:764} Server_Comm.py: The agent lost 1 packet! Is syncmode enabled?
{Mon 01:04:53 Step:766} Server_Comm.py: The agent lost 1 packet! Is syncmode enabled?
{Mon 01:04:53 Step:769} Server_Comm.py: The agent lost 1 packet! Is syncmode enabled?
{Mon 01:04:53 Step:772} Server_Comm.py: The agent lost 2 consecutive packets! Is syncmode disabled?
{Mon 01:04:53 Step:774} Server_Comm.py: The agent lost 1 packet! Is syncmode enabled?
{Mon 01:04:53 Step:774} Server_Comm.py: Received a new packet while thinking!
{Mon 01:04:53 Step:883} Server_Comm.py: The agent lost 108 consecutive packets! Is syncmode disabled?
{Mon 01:04:53 Step:883} Server_Comm.py: Received a new packet while on world.update()!
{Mon 01:04:53 Step:884} Server_Comm.py: Received a new packet while on world.update()!
{Mon 01:04:53 Step:885} Server_Comm.py: Received a new packet while on world.update()!
{Mon 01:04:53 Step:887} Server_Comm.py: The agent lost 1 packet! Is syncmode enabled?
{Mon 01:04:53 Step:887} Server_Comm.py: Received a new packet while on world.update()!
{Mon 01:04:53 Step:888} Server_Comm.py: Received a new packet while on world.update()!
{Mon 01:04:53 Step:889} Server_Comm.py: Received a new packet while on world.update()!
{Mon 01:04:53 Step:890} Server_Comm.py: Received a new packet while on world.update()!
{Mon 01:04:53 Step:891} Server_Comm.py: Received a new packet while on world.update()!
{Mon 01:04:53 Step:892} Server_Comm.py: Received a new packet while thinking!
{Mon 01:04:53 Step:893} Server_Comm.py: Received a new packet while on world.update()!
{Mon 01:04:53 Step:895} Server_Comm.py: The agent lost 1 packet! Is syncmode enabled?
{Mon 01:04:53 Step:895} Server_Comm.py: Received a new packet while on world.update()!
{Mon 01:04:53 Step:896} Server_Comm.py: Received a new packet while on world.update()!
{Mon 01:04:53 Step:897} Server_Comm.py: Received a new packet while on world.update()!
{Mon 01:04:53 Step:898} Server_Comm.py: Received a new packet while on world.update()!
{Mon 01:04:53 Step:899} Server_Comm.py: Received a new packet while on world.update()!
{Mon 01:04:53 Step:901} Server_Comm.py: The agent lost 1 packet! Is syncmode enabled?
{Mon 01:04:53 Step:901} Server_Comm.py: Received a new packet while on world.update()!
{Mon 01:04:53 Step:902} Server_Comm.py: Received a new packet while on world.update()!
{Mon 01:04:53 Step:903} Server_Comm.py: Received a new packet while on world.update()!
{Mon 01:04:53 Step:904} Server_Comm.py: Received a new packet while on world.update()!
{Mon 01:04:53 Step:906} Server_Comm.py: The agent lost 1 packet! Is syncmode enabled?
{Mon 01:04:53 Step:906} Server_Comm.py: Received a new packet while on world.update()!
{Mon 01:04:53 Step:907} Server_Comm.py: Received a new packet while on world.update()!
{Mon 01:04:53 Step:909} Server_Comm.py: The agent lost 1 packet! Is syncmode enabled?
{Mon 01:04:53 Step:909} Server_Comm.py: Received a new packet while on world.update()!
{Mon 01:04:53 Step:913} Server_Comm.py: The agent lost 3 consecutive packets! Is syncmode disabled?
{Mon 01:04:53 Step:913} Server_Comm.py: Received a new packet while on world.update()!
{Mon 01:04:53 Step:914} Server_Comm.py: Received a new packet while on world.update()!
{Mon 01:04:53 Step:915} Server_Comm.py: Received a new packet while on world.update()!
{Mon 01:04:53 Step:921} Server_Comm.py: The agent lost 1 packet! Is syncmode enabled?
{Mon 01:04:53 Step:923} Server_Comm.py: The agent lost 1 packet! Is syncmode enabled?
{Mon 01:04:53 Step:925} Server_Comm.py: The agent lost 1 packet! Is syncmode enabled?
{Mon 01:04:53 Step:932} Server_Comm.py: The agent lost 1 packet! Is syncmode enabled?
{Mon 01:04:53 Step:935} Server_Comm.py: The agent lost 2 consecutive packets! Is syncmode disabled?
{Mon 01:04:53 Step:937} Server_Comm.py: The agent lost 1 packet! Is syncmode enabled?
{Mon 01:04:53 Step:975} Server_Comm.py: The agent lost 1 packet! Is syncmode enabled?
{Mon 01:04:53 Step:978} Server_Comm.py: The agent lost 2 consecutive packets! Is syncmode disabled?
{Mon 01:04:53 Step:980} Server_Comm.py: The agent lost 1 packet! Is syncmode enabled?
{Mon 01:04:53 Step:982} Server_Comm.py: The agent lost 1 packet! Is syncmode enabled?
{Mon 01:04:53 Step:985} Server_Comm.py: The agent lost 2 consecutive packets! Is syncmode disabled?
{Mon 01:04:53 Step:987} Server_Comm.py: The agent lost 1 packet! Is syncmode enabled?
{Mon 01:04:53 Step:989} Server_Comm.py: The agent lost 1 packet! Is syncmode enabled?
{Mon 01:04:53 Step:991} Server_Comm.py: The agent lost 1 packet! Is syncmode enabled?
{Mon 01:04:53 Step:993} Server_Comm.py: The agent lost 1 packet! Is syncmode enabled?
{Mon 01:04:53 Step:996} Server_Comm.py: The agent lost 2 consecutive packets! Is syncmode disabled?
{Mon 01:04:53 Step:998} Server_Comm.py: The agent lost 1 packet! Is syncmode enabled?
{Mon 01:04:53 Step:1000} Server_Comm.py: The agent lost 1 packet! Is syncmode enabled?
{Mon 01:04:53 Step:1003} Server_Comm.py: The agent lost 1 packet! Is syncmode enabled?
{Mon 01:04:53 Step:1006} Server_Comm.py: The agent lost 2 consecutive packets! Is syncmode disabled?
{Mon 01:04:53 Step:1008} Server_Comm.py: The agent lost 1 packet! Is syncmode enabled?
{Mon 01:04:53 Step:1011} Server_Comm.py: The agent lost 2 consecutive packets! Is syncmode disabled?
{Mon 01:04:53 Step:1014} Server_Comm.py: The agent lost 2 consecutive packets! Is syncmode disabled?
{Mon 01:04:53 Step:1017} Server_Comm.py: The agent lost 2 consecutive packets! Is syncmode disabled?
{Mon 01:04:53 Step:1020} Server_Comm.py: The agent lost 2 consecutive packets! Is syncmode disabled?
{Mon 01:04:53 Step:1022} Server_Comm.py: The agent lost 1 packet! Is syncmode enabled?
{Mon 01:04:53 Step:1025} Server_Comm.py: The agent lost 2 consecutive packets! Is syncmode disabled?
{Mon 01:04:53 Step:1029} Server_Comm.py: The agent lost 3 consecutive packets! Is syncmode disabled?
{Mon 01:04:53 Step:1032} Server_Comm.py: The agent lost 2 consecutive packets! Is syncmode disabled?
{Mon 01:04:53 Step:1035} Server_Comm.py: The agent lost 1 packet! Is syncmode enabled?
{Mon 01:04:53 Step:1038} Server_Comm.py: The agent lost 1 packet! Is syncmode enabled?
{Mon 01:04:53 Step:1040} Server_Comm.py: The agent lost 1 packet! Is syncmode enabled?
{Mon 01:04:53 Step:1043} Server_Comm.py: The agent lost 2 consecutive packets! Is syncmode disabled?
{Mon 01:04:53 Step:1046} Server_Comm.py: The agent lost 2 consecutive packets! Is syncmode disabled?
{Mon 01:04:53 Step:1048} Server_Comm.py: The agent lost 1 packet! Is syncmode enabled?
{Mon 01:04:53 Step:1050} Server_Comm.py: The agent lost 1 packet! Is syncmode enabled?
{Mon 01:04:53 Step:1053} Server_Comm.py: The agent lost 2 consecutive packets! Is syncmode disabled?
{Mon 01:04:53 Step:1063} Server_Comm.py: The agent lost 9 consecutive packets! Is syncmode disabled?
{Mon 01:04:53 Step:1072} Server_Comm.py: The agent lost 8 consecutive packets! Is syncmode disabled?
{Mon 01:04:53 Step:1079} Server_Comm.py: The agent lost 6 consecutive packets! Is syncmode disabled?
{Mon 01:04:53 Step:1097} Server_Comm.py: The agent lost 17 consecutive packets! Is syncmode disabled?
{Mon 01:04:53 Step:1103} Server_Comm.py: The agent lost 5 consecutive packets! Is syncmode disabled?
{Mon 01:04:53 Step:1106} Server_Comm.py: The agent lost 2 consecutive packets! Is syncmode disabled?
{Mon 01:04:53 Step:1110} Server_Comm.py: The agent lost 2 consecutive packets! Is syncmode disabled?
{Mon 01:04:53 Step:1112} Server_Comm.py: The agent lost 1 packet! Is syncmode enabled?
{Mon 01:04:53 Step:1115} Server_Comm.py: The agent lost 1 packet! Is syncmode enabled?
{Mon 01:04:53 Step:1118} Server_Comm.py: The agent lost 2 consecutive packets! Is syncmode disabled?
{Mon 01:04:53 Step:1122} Server_Comm.py: The agent lost 3 consecutive packets! Is syncmode disabled?
{Mon 01:04:53 Step:1126} Server_Comm.py: The agent lost 3 consecutive packets! Is syncmode disabled?
{Mon 01:04:53 Step:1129} Server_Comm.py: The agent lost 2 consecutive packets! Is syncmode disabled?
{Mon 01:04:53 Step:1133} Server_Comm.py: The agent lost 3 consecutive packets! Is syncmode disabled?
{Mon 01:04:53 Step:1137} Server_Comm.py: The agent lost 3 consecutive packets! Is syncmode disabled?
{Mon 01:04:53 Step:1139} Server_Comm.py: The agent lost 1 packet! Is syncmode enabled?
{Mon 01:04:53 Step:1141} Server_Comm.py: The agent lost 1 packet! Is syncmode enabled?
{Mon 01:04:53 Step:1145} Server_Comm.py: The agent lost 3 consecutive packets! Is syncmode disabled?
{Mon 01:04:53 Step:1149} Server_Comm.py: The agent lost 3 consecutive packets! Is syncmode disabled?
{Mon 01:04:53 Step:1153} Server_Comm.py: The agent lost 3 consecutive packets! Is syncmode disabled?
{Mon 01:04:53 Step:1155} Server_Comm.py: The agent lost 1 packet! Is syncmode enabled?
{Mon 01:04:53 Step:1158} Server_Comm.py: The agent lost 2 consecutive packets! Is syncmode disabled?
{Mon 01:04:53 Step:1161} Server_Comm.py: The agent lost 2 consecutive packets! Is syncmode disabled?
{Mon 01:04:53 Step:1164} Server_Comm.py: The agent lost 2 consecutive packets! Is syncmode disabled?
{Mon 01:04:53 Step:1167} Server_Comm.py: The agent lost 2 consecutive packets! Is syncmode disabled?
{Mon 01:04:53 Step:1169} Server_Comm.py: The agent lost 1 packet! Is syncmode enabled?
{Mon 01:04:53 Step:1172} Server_Comm.py: The agent lost 2 consecutive packets! Is syncmode disabled?
{Mon 01:04:53 Step:1175} Server_Comm.py: The agent lost 2 consecutive packets! Is syncmode disabled?
{Mon 01:04:53 Step:1178} Server_Comm.py: The agent lost 2 consecutive packets! Is syncmode disabled?
{Mon 01:04:53 Step:1181} Server_Comm.py: The agent lost 2 consecutive packets! Is syncmode disabled?
{Mon 01:04:53 Step:1183} Server_Comm.py: The agent lost 1 packet! Is syncmode enabled?
{Mon 01:04:53 Step:1185} Server_Comm.py: The agent lost 1 packet! Is syncmode enabled?
{Mon 01:04:53 Step:1188} Server_Comm.py: The agent lost 2 consecutive packets! Is syncmode disabled?
{Mon 01:04:53 Step:1191} Server_Comm.py: The agent lost 2 consecutive packets! Is syncmode disabled?
{Mon 01:04:53 Step:1193} Server_Comm.py: The agent lost 1 packet! Is syncmode enabled?
{Mon 01:04:53 Step:1195} Server_Comm.py: The agent lost 1 packet! Is syncmode enabled?
{Mon 01:04:53 Step:1198} Server_Comm.py: The agent lost 2 consecutive packets! Is syncmode disabled?
{Mon 01:04:53 Step:1201} Server_Comm.py: The agent lost 2 consecutive packets! Is syncmode disabled?
{Mon 01:04:53 Step:1203} Server_Comm.py: The agent lost 1 packet! Is syncmode enabled?
{Mon 01:04:53 Step:1205} Server_Comm.py: The agent lost 1 packet! Is syncmode enabled?
{Mon 01:04:53 Step:1208} Server_Comm.py: The agent lost 2 consecutive packets! Is syncmode disabled?
{Mon 01:04:53 Step:1210} Server_Comm.py: The agent lost 1 packet! Is syncmode enabled?
{Mon 01:04:53 Step:1212} Server_Comm.py: The agent lost 1 packet! Is syncmode enabled?
{Mon 01:04:53 Step:1214} Server_Comm.py: The agent lost 1 packet! Is syncmode enabled?
{Mon 01:04:53 Step:1216} Server_Comm.py: The agent lost 1 packet! Is syncmode enabled?
{Mon 01:04:53 Step:1219} Server_Comm.py: The agent lost 1 packet! Is syncmode enabled?
{Mon 01:04:53 Step:1222} Server_Comm.py: The agent lost 2 consecutive packets! Is syncmode disabled?
{Mon 01:04:53 Step:1225} Server_Comm.py: The agent lost 2 consecutive packets! Is syncmode disabled?
{Mon 01:04:53 Step:1228} Server_Comm.py: The agent lost 2 consecutive packets! Is syncmode disabled?
{Mon 01:04:53 Step:1231} Server_Comm.py: The agent lost 2 consecutive packets! Is syncmode disabled?
{Mon 01:04:53 Step:1234} Server_Comm.py: The agent lost 2 consecutive packets! Is syncmode disabled?
{Mon 01:04:53 Step:1236} Server_Comm.py: The agent lost 1 packet! Is syncmode enabled?
{Mon 01:04:53 Step:1238} Server_Comm.py: The agent lost 1 packet! Is syncmode enabled?
{Mon 01:04:53 Step:1240} Server_Comm.py: The agent lost 1 packet! Is syncmode enabled?
{Mon 01:04:53 Step:1243} Server_Comm.py: The agent lost 2 consecutive packets! Is syncmode disabled?
{Mon 01:04:53 Step:1245} Server_Comm.py: The agent lost 1 packet! Is syncmode enabled?
{Mon 01:04:53 Step:1247} Server_Comm.py: The agent lost 1 packet! Is syncmode enabled?
{Mon 01:04:53 Step:1261} Server_Comm.py: The agent lost 1 packet! Is syncmode enabled?
{Mon 01:04:53 Step:1274} Server_Comm.py: The agent lost 1 packet! Is syncmode enabled?
{Mon 01:04:53 Step:1282} Server_Comm.py: The agent lost 2 consecutive packets! Is syncmode disabled?
{Mon 01:04:53 Step:1284} Server_Comm.py: The agent lost 1 packet! Is syncmode enabled?
{Mon 01:04:53 Step:1288} Server_Comm.py: The agent lost 3 consecutive packets! Is syncmode disabled?
{Mon 01:04:54 Step:1290} Server_Comm.py: The agent lost 1 packet! Is syncmode enabled?
{Mon 01:04:54 Step:1292} Server_Comm.py: The agent lost 1 packet! Is syncmode enabled?
{Mon 01:04:54 Step:1296} Server_Comm.py: The agent lost 2 consecutive packets! Is syncmode disabled?
{Mon 01:04:54 Step:1300} Server_Comm.py: The agent lost 2 consecutive packets! Is syncmode disabled?
{Mon 01:04:54 Step:1304} Server_Comm.py: The agent lost 2 consecutive packets! Is syncmode disabled?
{Mon 01:04:54 Step:1308} Server_Comm.py: The agent lost 2 consecutive packets! Is syncmode disabled?
{Mon 01:04:54 Step:1313} Server_Comm.py: The agent lost 3 consecutive packets! Is syncmode disabled?
{Mon 01:04:54 Step:1316} Server_Comm.py: The agent lost 2 consecutive packets! Is syncmode disabled?
{Mon 01:04:54 Step:1318} Server_Comm.py: The agent lost 1 packet! Is syncmode enabled?
{Mon 01:04:54 Step:1321} Server_Comm.py: The agent lost 1 packet! Is syncmode enabled?
{Mon 01:04:54 Step:1323} Server_Comm.py: The agent lost 1 packet! Is syncmode enabled?
{Mon 01:04:54 Step:1326} Server_Comm.py: The agent lost 2 consecutive packets! Is syncmode disabled?
{Mon 01:04:54 Step:1329} Server_Comm.py: The agent lost 1 packet! Is syncmode enabled?
{Mon 01:04:54 Step:1333} Server_Comm.py: The agent lost 3 consecutive packets! Is syncmode disabled?
{Mon 01:04:54 Step:1337} Server_Comm.py: The agent lost 3 consecutive packets! Is syncmode disabled?
{Mon 01:04:54 Step:1339} Server_Comm.py: The agent lost 1 packet! Is syncmode enabled?
{Mon 01:04:54 Step:1341} Server_Comm.py: The agent lost 1 packet! Is syncmode enabled?
{Mon 01:04:54 Step:1343} Server_Comm.py: The agent lost 1 packet! Is syncmode enabled?
{Mon 01:04:54 Step:1350} Server_Comm.py: The agent lost 1 packet! Is syncmode enabled?
{Mon 01:04:54 Step:1372} Server_Comm.py: The agent lost 2 consecutive packets! Is syncmode disabled?
{Mon 01:04:54 Step:1374} Server_Comm.py: The agent lost 1 packet! Is syncmode enabled?
{Mon 01:04:54 Step:1391} Server_Comm.py: The agent lost 1 packet! Is syncmode enabled?
{Mon 01:04:54 Step:1394} Server_Comm.py: The agent lost 2 consecutive packets! Is syncmode disabled?
{Mon 01:04:54 Step:1396} Server_Comm.py: The agent lost 1 packet! Is syncmode enabled?
{Mon 01:04:54 Step:1411} Server_Comm.py: The agent lost 1 packet! Is syncmode enabled?
{Mon 01:04:54 Step:1419} Server_Comm.py: The agent lost 1 packet! Is syncmode enabled?
{Mon 01:04:54 Step:1422} Server_Comm.py: The agent lost 2 consecutive packets! Is syncmode disabled?
{Mon 01:04:54 Step:1431} Server_Comm.py: The agent lost 7 consecutive packets! Is syncmode disabled?
{Mon 01:04:54 Step:1437} Server_Comm.py: The agent lost 5 consecutive packets! Is syncmode disabled?
{Mon 01:04:54 Step:1442} Server_Comm.py: The agent lost 4 consecutive packets! Is syncmode disabled?
{Mon 01:04:54 Step:1444} Server_Comm.py: The agent lost 1 packet! Is syncmode enabled?
{Mon 01:04:54 Step:1448} Server_Comm.py: The agent lost 2 consecutive packets! Is syncmode disabled?
{Mon 01:04:54 Step:1451} Server_Comm.py: The agent lost 2 consecutive packets! Is syncmode disabled?
{Mon 01:04:54 Step:1453} Server_Comm.py: The agent lost 1 packet! Is syncmode enabled?
{Mon 01:04:54 Step:1456} Server_Comm.py: The agent lost 2 consecutive packets! Is syncmode disabled?
{Mon 01:04:54 Step:1458} Server_Comm.py: The agent lost 1 packet! Is syncmode enabled?
{Mon 01:04:54 Step:1462} Server_Comm.py: The agent lost 2 consecutive packets! Is syncmode disabled?
{Mon 01:04:54 Step:1466} Server_Comm.py: The agent lost 2 consecutive packets! Is syncmode disabled?
{Mon 01:04:54 Step:1520} Server_Comm.py: The agent lost 1 packet! Is syncmode enabled?
{Mon 01:04:54 Step:1523} Server_Comm.py: The agent lost 1 packet! Is syncmode enabled?
{Mon 01:04:54 Step:1543} Server_Comm.py: The agent lost 1 packet! Is syncmode enabled?
{Mon 01:04:54 Step:1546} Server_Comm.py: The agent lost 2 consecutive packets! Is syncmode disabled?
{Mon 01:04:54 Step:1548} Server_Comm.py: The agent lost 1 packet! Is syncmode enabled?
{Mon 01:04:54 Step:1570} Server_Comm.py: The agent lost 21 consecutive packets! Is syncmode disabled?
{Mon 01:04:54 Step:1579} Server_Comm.py: The agent lost 8 consecutive packets! Is syncmode disabled?
{Mon 01:04:54 Step:1584} Server_Comm.py: The agent lost 4 consecutive packets! Is syncmode disabled?
{Mon 01:04:54 Step:1587} Server_Comm.py: The agent lost 2 consecutive packets! Is syncmode disabled?
{Mon 01:04:54 Step:1590} Server_Comm.py: The agent lost 2 consecutive packets! Is syncmode disabled?
{Mon 01:04:54 Step:1593} Server_Comm.py: The agent lost 1 packet! Is syncmode enabled?
{Mon 01:04:54 Step:1596} Server_Comm.py: The agent lost 2 consecutive packets! Is syncmode disabled?
{Mon 01:04:54 Step:1598} Server_Comm.py: The agent lost 1 packet! Is syncmode enabled?
{Mon 01:04:54 Step:1601} Server_Comm.py: The agent lost 1 packet! Is syncmode enabled?
{Mon 01:04:54 Step:1603} Server_Comm.py: The agent lost 1 packet! Is syncmode enabled?
{Mon 01:04:54 Step:1615} Server_Comm.py: The agent lost 1 packet! Is syncmode enabled?
{Mon 01:04:54 Step:1650} Server_Comm.py: The agent lost 1 packet! Is syncmode enabled?
{Mon 01:04:54 Step:1661} Server_Comm.py: The agent lost 3 consecutive packets! Is syncmode disabled?
{Mon 01:04:54 Step:1669} Server_Comm.py: The agent lost 7 consecutive packets! Is syncmode disabled?
{Mon 01:04:54 Step:1673} Server_Comm.py: The agent lost 3 consecutive packets! Is syncmode disabled?
{Mon 01:04:54 Step:1675} Server_Comm.py: The agent lost 1 packet! Is syncmode enabled?
{Mon 01:04:54 Step:1678} Server_Comm.py: The agent lost 2 consecutive packets! Is syncmode disabled?
{Mon 01:04:54 Step:1680} Server_Comm.py: The agent lost 1 packet! Is syncmode enabled?
{Mon 01:04:54 Step:1684} Server_Comm.py: The agent lost 2 consecutive packets! Is syncmode disabled?
{Mon 01:04:54 Step:1686} Server_Comm.py: The agent lost 1 packet! Is syncmode enabled?
{Mon 01:04:54 Step:1689} Server_Comm.py: The agent lost 2 consecutive packets! Is syncmode disabled?
{Mon 01:04:54 Step:1691} Server_Comm.py: The agent lost 1 packet! Is syncmode enabled?
{Mon 01:04:54 Step:1693} Server_Comm.py: The agent lost 1 packet! Is syncmode enabled?
{Mon 01:04:54 Step:1695} Server_Comm.py: The agent lost 1 packet! Is syncmode enabled?
{Mon 01:04:54 Step:1697} Server_Comm.py: The agent lost 1 packet! Is syncmode enabled?
{Mon 01:04:54 Step:1700} Server_Comm.py: The agent lost 1 packet! Is syncmode enabled?
{Mon 01:04:54 Step:1702} Server_Comm.py: The agent lost 1 packet! Is syncmode enabled?
{Mon 01:04:54 Step:1704} Server_Comm.py: The agent lost 1 packet! Is syncmode enabled?
{Mon 01:04:54 Step:1707} Server_Comm.py: The agent lost 1 packet! Is syncmode enabled?
{Mon 01:04:54 Step:1715} Server_Comm.py: The agent lost 5 consecutive packets! Is syncmode disabled?
{Mon 01:04:54 Step:1720} Server_Comm.py: The agent lost 4 consecutive packets! Is syncmode disabled?
{Mon 01:04:54 Step:1724} Server_Comm.py: The agent lost 3 consecutive packets! Is syncmode disabled?
{Mon 01:04:54 Step:1746} Server_Comm.py: The agent lost 21 consecutive packets! Is syncmode disabled?
{Mon 01:04:54 Step:1754} Server_Comm.py: The agent lost 7 consecutive packets! Is syncmode disabled?
{Mon 01:04:54 Step:1756} Server_Comm.py: The agent lost 1 packet! Is syncmode enabled?
{Mon 01:04:54 Step:1758} Server_Comm.py: The agent lost 1 packet! Is syncmode enabled?
{Mon 01:04:54 Step:1761} Server_Comm.py: The agent lost 1 packet! Is syncmode enabled?
{Mon 01:04:54 Step:1764} Server_Comm.py: The agent lost 2 consecutive packets! Is syncmode disabled?
{Mon 01:04:54 Step:1766} Server_Comm.py: The agent lost 1 packet! Is syncmode enabled?
{Mon 01:04:54 Step:1770} Server_Comm.py: The agent lost 2 consecutive packets! Is syncmode disabled?
{Mon 01:04:54 Step:1772} Server_Comm.py: The agent lost 1 packet! Is syncmode enabled?
{Mon 01:04:54 Step:1772} Server_Comm.py: Received a new packet while thinking!
{Mon 01:04:54 Step:1957} Server_Comm.py: The agent lost 184 consecutive packets! Is syncmode disabled?
{Mon 01:04:54 Step:1966} Server_Comm.py: The agent lost 8 consecutive packets! Is syncmode disabled?
{Mon 01:04:54 Step:1969} Server_Comm.py: The agent lost 2 consecutive packets! Is syncmode disabled?
{Mon 01:04:54 Step:1971} Server_Comm.py: The agent lost 1 packet! Is syncmode enabled?
{Mon 01:04:54 Step:1973} Server_Comm.py: The agent lost 1 packet! Is syncmode enabled?
{Mon 01:04:54 Step:1975} Server_Comm.py: The agent lost 1 packet! Is syncmode enabled?
{Mon 01:04:54 Step:1977} Server_Comm.py: The agent lost 1 packet! Is syncmode enabled?
{Mon 01:04:54 Step:1979} Server_Comm.py: The agent lost 1 packet! Is syncmode enabled?
{Mon 01:04:54 Step:1983} Server_Comm.py: The agent lost 1 packet! Is syncmode enabled?
{Mon 01:04:54 Step:1993} Server_Comm.py: The agent lost 1 packet! Is syncmode enabled?
{Mon 01:04:54 Step:2005} Server_Comm.py: The agent lost 1 packet! Is syncmode enabled?
{Mon 01:04:54 Step:2007} Server_Comm.py: The agent lost 1 packet! Is syncmode enabled?
{Mon 01:04:54 Step:2009} Server_Comm.py: The agent lost 1 packet! Is syncmode enabled?
{Mon 01:04:54 Step:2011} Server_Comm.py: The agent lost 1 packet! Is syncmode enabled?
{Mon 01:04:54 Step:2015} Server_Comm.py: The agent lost 3 consecutive packets! Is syncmode disabled?
{Mon 01:04:54 Step:2018} Server_Comm.py: The agent lost 2 consecutive packets! Is syncmode disabled?
{Mon 01:04:54 Step:2020} Server_Comm.py: The agent lost 1 packet! Is syncmode enabled?
{Mon 01:04:54 Step:2024} Server_Comm.py: The agent lost 2 consecutive packets! Is syncmode disabled?
{Mon 01:04:54 Step:2026} Server_Comm.py: The agent lost 1 packet! Is syncmode enabled?
{Mon 01:04:54 Step:2026} Server_Comm.py: Received a new packet while thinking!
{Mon 01:04:54 Step:2073} Server_Comm.py: The agent lost 46 consecutive packets! Is syncmode disabled?
{Mon 01:04:54 Step:2115} Server_Comm.py: The agent lost 41 consecutive packets! Is syncmode disabled?
{Mon 01:04:54 Step:2125} Server_Comm.py: The agent lost 9 consecutive packets! Is syncmode disabled?
{Mon 01:04:54 Step:2128} Server_Comm.py: The agent lost 2 consecutive packets! Is syncmode disabled?
{Mon 01:04:54 Step:2130} Server_Comm.py: The agent lost 1 packet! Is syncmode enabled?
{Mon 01:04:54 Step:2136} Server_Comm.py: The agent lost 2 consecutive packets! Is syncmode disabled?
{Mon 01:04:54 Step:2138} Server_Comm.py: The agent lost 1 packet! Is syncmode enabled?
{Mon 01:04:54 Step:2138} Server_Comm.py: Received a new packet while thinking!
{Mon 01:04:54 Step:2347} Server_Comm.py: The agent lost 208 consecutive packets! Is syncmode disabled?
{Mon 01:04:54 Step:2347} Server_Comm.py: Received a new packet while on world.update()!
{Mon 01:04:54 Step:2348} Server_Comm.py: Received a new packet while on world.update()!
{Mon 01:04:54 Step:2350} Server_Comm.py: The agent lost 1 packet! Is syncmode enabled?
{Mon 01:04:54 Step:2350} Server_Comm.py: Received a new packet while thinking!
{Mon 01:04:54 Step:2421} Server_Comm.py: The agent lost 58 consecutive packets! Is syncmode disabled?
{Mon 01:04:54 Step:2435} Server_Comm.py: The agent lost 13 consecutive packets! Is syncmode disabled?
{Mon 01:04:54 Step:2439} Server_Comm.py: The agent lost 3 consecutive packets! Is syncmode disabled?
{Mon 01:04:54 Step:2442} Server_Comm.py: The agent lost 1 packet! Is syncmode enabled?
{Mon 01:04:54 Step:2447} Server_Comm.py: Received a new packet while thinking!
{Mon 01:04:54 Step:2605} Server_Comm.py: The agent lost 157 consecutive packets! Is syncmode disabled?
{Mon 01:04:54 Step:2605} Server_Comm.py: Received a new packet while on world.update()!
{Mon 01:04:54 Step:2607} Server_Comm.py: The agent lost 1 packet! Is syncmode enabled?
{Mon 01:04:54 Step:2607} Server_Comm.py: Received a new packet while on world.update()!
{Mon 01:04:54 Step:2608} Server_Comm.py: Received a new packet while on world.update()!
{Mon 01:04:54 Step:2609} Server_Comm.py: Received a new packet while on world.update()!
{Mon 01:04:54 Step:2610} Server_Comm.py: Received a new packet while thinking!
{Mon 01:04:54 Step:2611} Server_Comm.py: Received a new packet while on world.update()!
{Mon 01:04:54 Step:2613} Server_Comm.py: The agent lost 1 packet! Is syncmode enabled?
{Mon 01:04:54 Step:2613} Server_Comm.py: Received a new packet while on world.update()!
{Mon 01:04:54 Step:2615} Server_Comm.py: The agent lost 1 packet! Is syncmode enabled?
{Mon 01:04:54 Step:2615} Server_Comm.py: Received a new packet while on world.update()!
{Mon 01:04:54 Step:2617} Server_Comm.py: The agent lost 1 packet! Is syncmode enabled?
{Mon 01:04:54 Step:2617} Server_Comm.py: Received a new packet while on world.update()!
{Mon 01:04:54 Step:2618} Server_Comm.py: Received a new packet while on world.update()!
{Mon 01:04:54 Step:2619} Server_Comm.py: Received a new packet while on world.update()!
{Mon 01:04:54 Step:2620} Server_Comm.py: Received a new packet while on world.update()!
{Mon 01:04:54 Step:2621} Server_Comm.py: Received a new packet while on world.update()!
{Mon 01:04:54 Step:2623} Server_Comm.py: The agent lost 1 packet! Is syncmode enabled?
{Mon 01:04:54 Step:2623} Server_Comm.py: Received a new packet while on world.update()!
{Mon 01:04:54 Step:2625} Server_Comm.py: The agent lost 1 packet! Is syncmode enabled?
{Mon 01:04:54 Step:2625} Server_Comm.py: Received a new packet while on world.update()!
{Mon 01:04:54 Step:2626} Server_Comm.py: Received a new packet while on world.update()!
{Mon 01:04:54 Step:2628} Server_Comm.py: The agent lost 1 packet! Is syncmode enabled?
{Mon 01:04:54 Step:2628} Server_Comm.py: Received a new packet while thinking!
{Mon 01:04:54 Step:2629} Server_Comm.py: Received a new packet while on world.update()!
{Mon 01:04:54 Step:2631} Server_Comm.py: The agent lost 1 packet! Is syncmode enabled?
{Mon 01:04:54 Step:2631} Server_Comm.py: Received a new packet while on world.update()!
{Mon 01:04:54 Step:2633} Server_Comm.py: The agent lost 1 packet! Is syncmode enabled?
{Mon 01:04:54 Step:2633} Server_Comm.py: Received a new packet while on world.update()!
{Mon 01:04:54 Step:2634} Server_Comm.py: Received a new packet while on world.update()!
{Mon 01:04:54 Step:2635} Server_Comm.py: Received a new packet while on world.update()!
{Mon 01:04:54 Step:2637} Server_Comm.py: The agent lost 1 packet! Is syncmode enabled?
{Mon 01:04:54 Step:2637} Server_Comm.py: Received a new packet while on world.update()!
{Mon 01:04:54 Step:2638} Server_Comm.py: Received a new packet while on world.update()!
{Mon 01:04:54 Step:2639} Server_Comm.py: Received a new packet while on world.update()!
{Mon 01:04:54 Step:2641} Server_Comm.py: The agent lost 1 packet! Is syncmode enabled?
{Mon 01:04:54 Step:2641} Server_Comm.py: Received a new packet while on world.update()!
{Mon 01:04:54 Step:2643} Server_Comm.py: The agent lost 1 packet! Is syncmode enabled?
{Mon 01:04:54 Step:2643} Server_Comm.py: Received a new packet while on world.update()!
{Mon 01:04:54 Step:2644} Server_Comm.py: Received a new packet while on world.update()!
{Mon 01:04:54 Step:2645} Server_Comm.py: Received a new packet while on world.update()!
{Mon 01:04:54 Step:2647} Server_Comm.py: The agent lost 1 packet! Is syncmode enabled?
{Mon 01:04:54 Step:2647} Server_Comm.py: Received a new packet while on world.update()!
{Mon 01:04:54 Step:2648} Server_Comm.py: Received a new packet while on world.update()!
{Mon 01:04:54 Step:2649} Server_Comm.py: Received a new packet while on world.update()!
{Mon 01:04:54 Step:2650} Server_Comm.py: Received a new packet while on world.update()!
{Mon 01:04:54 Step:2652} Server_Comm.py: The agent lost 1 packet! Is syncmode enabled?
{Mon 01:04:54 Step:2652} Server_Comm.py: Received a new packet while thinking!
{Mon 01:04:54 Step:2653} Server_Comm.py: Received a new packet while on world.update()!
{Mon 01:04:54 Step:2656} Server_Comm.py: The agent lost 2 consecutive packets! Is syncmode disabled?
{Mon 01:04:54 Step:2656} Server_Comm.py: Received a new packet while on world.update()!
{Mon 01:04:54 Step:2657} Server_Comm.py: Received a new packet while on world.update()!
{Mon 01:04:54 Step:2659} Server_Comm.py: The agent lost 1 packet! Is syncmode enabled?
{Mon 01:04:54 Step:2659} Server_Comm.py: Received a new packet while on world.update()!
{Mon 01:04:54 Step:2661} Server_Comm.py: The agent lost 1 packet! Is syncmode enabled?
{Mon 01:04:54 Step:2661} Server_Comm.py: Received a new packet while on world.update()!
{Mon 01:04:54 Step:2662} Server_Comm.py: Received a new packet while on world.update()!
{Mon 01:04:54 Step:2664} Server_Comm.py: The agent lost 1 packet! Is syncmode enabled?
{Mon 01:04:54 Step:2664} Server_Comm.py: Received a new packet while thinking!
{Mon 01:04:54 Step:2665} Server_Comm.py: Received a new packet while on world.update()!
{Mon 01:04:54 Step:2666} Server_Comm.py: Received a new packet while thinking!
{Mon 01:04:54 Step:2667} Server_Comm.py: Received a new packet while on world.update()!
{Mon 01:04:54 Step:2669} Server_Comm.py: The agent lost 1 packet! Is syncmode enabled?
{Mon 01:04:54 Step:2669} Server_Comm.py: Received a new packet while on world.update()!
{Mon 01:04:54 Step:2670} Server_Comm.py: Received a new packet while on world.update()!
{Mon 01:04:54 Step:2671} Server_Comm.py: Received a new packet while on world.update()!
{Mon 01:04:54 Step:2673} Server_Comm.py: The agent lost 1 packet! Is syncmode enabled?
{Mon 01:04:54 Step:2673} Server_Comm.py: Received a new packet while on world.update()!
{Mon 01:04:54 Step:2674} Server_Comm.py: Received a new packet while on world.update()!
{Mon 01:04:54 Step:2675} Server_Comm.py: Received a new packet while on world.update()!
{Mon 01:04:54 Step:2676} Server_Comm.py: Received a new packet while on world.update()!
{Mon 01:04:54 Step:2677} Server_Comm.py: Received a new packet while on world.update()!
{Mon 01:04:54 Step:2678} Server_Comm.py: Received a new packet while on world.update()!
{Mon 01:04:54 Step:2679} Server_Comm.py: Received a new packet while on world.update()!
{Mon 01:04:54 Step:2680} Server_Comm.py: Received a new packet while on world.update()!
{Mon 01:04:54 Step:2681} Server_Comm.py: Received a new packet while on world.update()!
{Mon 01:04:54 Step:2682} Server_Comm.py: Received a new packet while thinking!
{Mon 01:04:54 Step:2683} Server_Comm.py: Received a new packet while on world.update()!
{Mon 01:04:54 Step:2684} Server_Comm.py: Received a new packet while on world.update()!
{Mon 01:04:54 Step:2685} Server_Comm.py: Received a new packet while on world.update()!
{Mon 01:04:54 Step:2687} Server_Comm.py: The agent lost 1 packet! Is syncmode enabled?
{Mon 01:04:54 Step:2687} Server_Comm.py: Received a new packet while on world.update()!
{Mon 01:04:54 Step:2697} Server_Comm.py: The agent lost 5 consecutive packets! Is syncmode disabled?
{Mon 01:04:54 Step:2701} Server_Comm.py: The agent lost 3 consecutive packets! Is syncmode disabled?
{Mon 01:04:54 Step:2704} Server_Comm.py: The agent lost 2 consecutive packets! Is syncmode disabled?
{Mon 01:04:54 Step:2711} Server_Comm.py: The agent lost 1 packet! Is syncmode enabled?
{Mon 01:04:54 Step:2713} Server_Comm.py: The agent lost 1 packet! Is syncmode enabled?
{Mon 01:04:54 Step:2716} Server_Comm.py: The agent lost 2 consecutive packets! Is syncmode disabled?
{Mon 01:04:54 Step:2719} Server_Comm.py: The agent lost 1 packet! Is syncmode enabled?
{Mon 01:04:54 Step:2734} Server_Comm.py: The agent lost 1 packet! Is syncmode enabled?
{Mon 01:04:54 Step:2752} Server_Comm.py: The agent lost 2 consecutive packets! Is syncmode disabled?
{Mon 01:04:54 Step:2760} Server_Comm.py: The agent lost 2 consecutive packets! Is syncmode disabled?
{Mon 01:04:54 Step:2762} Server_Comm.py: The agent lost 1 packet! Is syncmode enabled?
{Mon 01:04:55 Step:2784} Server_Comm.py: The agent lost 1 packet! Is syncmode enabled?
{Mon 01:04:55 Step:2794} Server_Comm.py: The agent lost 1 packet! Is syncmode enabled?
{Mon 01:04:55 Step:2797} Server_Comm.py: The agent lost 1 packet! Is syncmode enabled?
{Mon 01:04:55 Step:2803} Server_Comm.py: The agent lost 1 packet! Is syncmode enabled?
{Mon 01:04:55 Step:2806} Server_Comm.py: The agent lost 2 consecutive packets! Is syncmode disabled?
{Mon 01:04:55 Step:2810} Server_Comm.py: The agent lost 2 consecutive packets! Is syncmode disabled?
{Mon 01:04:55 Step:2812} Server_Comm.py: The agent lost 1 packet! Is syncmode enabled?
{Mon 01:04:55 Step:2817} Server_Comm.py: The agent lost 4 consecutive packets! Is syncmode disabled?
{Mon 01:04:55 Step:2822} Server_Comm.py: The agent lost 4 consecutive packets! Is syncmode disabled?
{Mon 01:04:55 Step:2825} Server_Comm.py: The agent lost 2 consecutive packets! Is syncmode disabled?
{Mon 01:04:55 Step:2828} Server_Comm.py: The agent lost 2 consecutive packets! Is syncmode disabled?
{Mon 01:04:55 Step:2830} Server_Comm.py: The agent lost 1 packet! Is syncmode enabled?
{Mon 01:04:55 Step:2832} Server_Comm.py: The agent lost 1 packet! Is syncmode enabled?
{Mon 01:04:55 Step:2836} Server_Comm.py: The agent lost 2 consecutive packets! Is syncmode disabled?
{Mon 01:04:55 Step:2840} Server_Comm.py: The agent lost 2 consecutive packets! Is syncmode disabled?
{Mon 01:04:55 Step:2842} Server_Comm.py: The agent lost 1 packet! Is syncmode enabled?
{Mon 01:04:55 Step:2845} Server_Comm.py: The agent lost 1 packet! Is syncmode enabled?
{Mon 01:04:55 Step:2848} Server_Comm.py: The agent lost 2 consecutive packets! Is syncmode disabled?
{Mon 01:04:55 Step:2850} Server_Comm.py: The agent lost 1 packet! Is syncmode enabled?
{Mon 01:04:55 Step:2852} Server_Comm.py: The agent lost 1 packet! Is syncmode enabled?
{Mon 01:04:55 Step:2855} Server_Comm.py: The agent lost 1 packet! Is syncmode enabled?
{Mon 01:04:55 Step:2858} Server_Comm.py: The agent lost 2 consecutive packets! Is syncmode disabled?
{Mon 01:04:55 Step:2860} Server_Comm.py: The agent lost 1 packet! Is syncmode enabled?
{Mon 01:04:55 Step:2862} Server_Comm.py: The agent lost 1 packet! Is syncmode enabled?
{Mon 01:04:55 Step:2864} Server_Comm.py: The agent lost 1 packet! Is syncmode enabled?
{Mon 01:04:55 Step:2866} Server_Comm.py: The agent lost 1 packet! Is syncmode enabled?
{Mon 01:04:55 Step:2869} Server_Comm.py: The agent lost 1 packet! Is syncmode enabled?
{Mon 01:04:55 Step:2872} Server_Comm.py: The agent lost 2 consecutive packets! Is syncmode disabled?
{Mon 01:04:55 Step:2876} Server_Comm.py: The agent lost 2 consecutive packets! Is syncmode disabled?
{Mon 01:04:55 Step:2880} Server_Comm.py: The agent lost 2 consecutive packets! Is syncmode disabled?
{Mon 01:04:55 Step:2884} Server_Comm.py: The agent lost 2 consecutive packets! Is syncmode disabled?
{Mon 01:04:55 Step:2886} Server_Comm.py: The agent lost 1 packet! Is syncmode enabled?
{Mon 01:04:55 Step:2890} Server_Comm.py: The agent lost 2 consecutive packets! Is syncmode disabled?
{Mon 01:04:55 Step:2892} Server_Comm.py: The agent lost 1 packet! Is syncmode enabled?
{Mon 01:04:55 Step:2894} Server_Comm.py: The agent lost 1 packet! Is syncmode enabled?
{Mon 01:04:55 Step:2898} Server_Comm.py: The agent lost 2 consecutive packets! Is syncmode disabled?
{Mon 01:04:55 Step:2901} Server_Comm.py: The agent lost 1 packet! Is syncmode enabled?
{Mon 01:04:55 Step:2905} Server_Comm.py: The agent lost 3 consecutive packets! Is syncmode disabled?
{Mon 01:04:55 Step:2909} Server_Comm.py: The agent lost 3 consecutive packets! Is syncmode disabled?
{Mon 01:04:55 Step:2913} Server_Comm.py: The agent lost 3 consecutive packets! Is syncmode disabled?
{Mon 01:04:55 Step:2916} Server_Comm.py: The agent lost 2 consecutive packets! Is syncmode disabled?
{Mon 01:04:55 Step:2918} Server_Comm.py: The agent lost 1 packet! Is syncmode enabled?
{Mon 01:04:55 Step:2920} Server_Comm.py: The agent lost 1 packet! Is syncmode enabled?
{Mon 01:04:55 Step:2924} Server_Comm.py: The agent lost 2 consecutive packets! Is syncmode disabled?
{Mon 01:04:55 Step:2926} Server_Comm.py: The agent lost 1 packet! Is syncmode enabled?
{Mon 01:04:55 Step:2930} Server_Comm.py: The agent lost 2 consecutive packets! Is syncmode disabled?
{Mon 01:04:55 Step:2932} Server_Comm.py: The agent lost 1 packet! Is syncmode enabled?
{Mon 01:04:55 Step:2934} Server_Comm.py: The agent lost 1 packet! Is syncmode enabled?
{Mon 01:04:55 Step:2938} Server_Comm.py: The agent lost 2 consecutive packets! Is syncmode disabled?
{Mon 01:04:55 Step:2940} Server_Comm.py: The agent lost 1 packet! Is syncmode enabled?
{Mon 01:04:55 Step:2942} Server_Comm.py: The agent lost 1 packet! Is syncmode enabled?
{Mon 01:04:55 Step:2946} Server_Comm.py: The agent lost 2 consecutive packets! Is syncmode disabled?
{Mon 01:04:55 Step:2948} Server_Comm.py: The agent lost 1 packet! Is syncmode enabled?
{Mon 01:04:55 Step:2951} Server_Comm.py: The agent lost 1 packet! Is syncmode enabled?
{Mon 01:04:55 Step:2955} Server_Comm.py: The agent lost 3 consecutive packets! Is syncmode disabled?
{Mon 01:04:55 Step:2959} Server_Comm.py: The agent lost 3 consecutive packets! Is syncmode disabled?
{Mon 01:04:55 Step:2963} Server_Comm.py: The agent lost 3 consecutive packets! Is syncmode disabled?
{Mon 01:04:55 Step:2967} Server_Comm.py: The agent lost 3 consecutive packets! Is syncmode disabled?
{Mon 01:04:55 Step:2970} Server_Comm.py: The agent lost 2 consecutive packets! Is syncmode disabled?
{Mon 01:04:55 Step:2973} Server_Comm.py: The agent lost 2 consecutive packets! Is syncmode disabled?
{Mon 01:04:55 Step:2975} Server_Comm.py: The agent lost 1 packet! Is syncmode enabled?
{Mon 01:04:55 Step:2978} Server_Comm.py: The agent lost 2 consecutive packets! Is syncmode disabled?
{Mon 01:04:55 Step:2983} Server_Comm.py: The agent lost 3 consecutive packets! Is syncmode disabled?
{Mon 01:04:55 Step:2986} Server_Comm.py: The agent lost 2 consecutive packets! Is syncmode disabled?
{Mon 01:04:55 Step:2988} Server_Comm.py: The agent lost 1 packet! Is syncmode enabled?
{Mon 01:04:55 Step:2993} Server_Comm.py: The agent lost 3 consecutive packets! Is syncmode disabled?
{Mon 01:04:55 Step:2996} Server_Comm.py: The agent lost 2 consecutive packets! Is syncmode disabled?
{Mon 01:04:55 Step:2998} Server_Comm.py: The agent lost 1 packet! Is syncmode enabled?
{Mon 01:04:55 Step:3001} Server_Comm.py: The agent lost 1 packet! Is syncmode enabled?
{Mon 01:04:55 Step:3004} Server_Comm.py: The agent lost 2 consecutive packets! Is syncmode disabled?
{Mon 01:04:55 Step:3006} Server_Comm.py: The agent lost 1 packet! Is syncmode enabled?
{Mon 01:04:55 Step:3008} Server_Comm.py: The agent lost 1 packet! Is syncmode enabled?
{Mon 01:04:55 Step:3012} Server_Comm.py: The agent lost 2 consecutive packets! Is syncmode disabled?
{Mon 01:04:55 Step:3016} Server_Comm.py: The agent lost 2 consecutive packets! Is syncmode disabled?
{Mon 01:04:55 Step:3019} Server_Comm.py: The agent lost 1 packet! Is syncmode enabled?
{Mon 01:04:55 Step:3023} Server_Comm.py: The agent lost 3 consecutive packets! Is syncmode disabled?
{Mon 01:04:55 Step:3030} Server_Comm.py: The agent lost 6 consecutive packets! Is syncmode disabled?
{Mon 01:04:55 Step:3033} Server_Comm.py: The agent lost 2 consecutive packets! Is syncmode disabled?
{Mon 01:04:55 Step:3036} Server_Comm.py: The agent lost 2 consecutive packets! Is syncmode disabled?
{Mon 01:04:55 Step:3040} Server_Comm.py: The agent lost 2 consecutive packets! Is syncmode disabled?
{Mon 01:04:55 Step:3042} Server_Comm.py: The agent lost 1 packet! Is syncmode enabled?
{Mon 01:04:55 Step:3046} Server_Comm.py: The agent lost 2 consecutive packets! Is syncmode disabled?
{Mon 01:04:55 Step:3050} Server_Comm.py: The agent lost 2 consecutive packets! Is syncmode disabled?
{Mon 01:04:55 Step:3052} Server_Comm.py: The agent lost 1 packet! Is syncmode enabled?
{Mon 01:04:55 Step:3054} Server_Comm.py: The agent lost 1 packet! Is syncmode enabled?
{Mon 01:04:55 Step:3058} Server_Comm.py: The agent lost 2 consecutive packets! Is syncmode disabled?
{Mon 01:04:55 Step:3061} Server_Comm.py: The agent lost 1 packet! Is syncmode enabled?
{Mon 01:04:55 Step:3064} Server_Comm.py: The agent lost 2 consecutive packets! Is syncmode disabled?
{Mon 01:04:55 Step:3066} Server_Comm.py: The agent lost 1 packet! Is syncmode enabled?
{Mon 01:04:55 Step:3070} Server_Comm.py: The agent lost 2 consecutive packets! Is syncmode disabled?
{Mon 01:04:55 Step:3073} Server_Comm.py: The agent lost 1 packet! Is syncmode enabled?
{Mon 01:04:55 Step:3076} Server_Comm.py: The agent lost 2 consecutive packets! Is syncmode disabled?
{Mon 01:04:55 Step:3079} Server_Comm.py: The agent lost 1 packet! Is syncmode enabled?
{Mon 01:04:55 Step:3106} Server_Comm.py: The agent lost 1 packet! Is syncmode enabled?
{Mon 01:04:55 Step:3111} Server_Comm.py: The agent lost 1 packet! Is syncmode enabled?
{Mon 01:04:55 Step:3145} Server_Comm.py: The agent lost 1 packet! Is syncmode enabled?
{Mon 01:04:55 Step:3149} Server_Comm.py: The agent lost 3 consecutive packets! Is syncmode disabled?
{Mon 01:04:55 Step:3153} Server_Comm.py: The agent lost 3 consecutive packets! Is syncmode disabled?
{Mon 01:04:55 Step:3156} Server_Comm.py: The agent lost 2 consecutive packets! Is syncmode disabled?
