{Fri 14:15:49 Step:585} Server_Comm.py: Received a new packet while thinking!
{Fri 14:15:49 Step:588} Server_Comm.py: Received a new packet while thinking!
{Fri 14:15:49 Step:591} Server_Comm.py: Received a new packet while thinking!
{Fri 14:15:49 Step:595} Server_Comm.py: The agent lost 1 packet! Is syncmode enabled?
{Fri 14:15:51 Step:694} Server_Comm.py: Received a new packet while thinking!
{Fri 14:16:26 Step:2359} Server_Comm.py: Received a new packet while thinking!
{Fri 14:16:39 Step:2949} Server_Comm.py: Received a new packet while thinking!
{Fri 14:16:39 Step:2951} Server_Comm.py: Received a new packet while thinking!
{Fri 14:16:39 Step:2953} Server_Comm.py: The agent lost 1 packet! Is syncmode enabled?
{Fri 14:16:39 Step:2979} Server_Comm.py: Received a new packet while thinking!
{Fri 14:16:39 Step:2983} Server_Comm.py: The agent lost 1 packet! Is syncmode enabled?
{Fri 14:16:39 Step:2985} Server_Comm.py: Received a new packet while thinking!
{Fri 14:16:40 Step:3028} Server_Comm.py: Received a new packet while thinking!
{Fri 14:16:44 Step:3216} Server_Comm.py: Received a new packet while thinking!
{Fri 14:16:44 Step:3219} Server_Comm.py: Received a new packet while thinking!
{Fri 14:16:49 Step:3459} Server_Comm.py: Received a new packet while thinking!
{Fri 14:16:49 Step:3462} Server_Comm.py: Received a new packet while thinking!
{Fri 14:16:58 Step:3877} Server_Comm.py: The agent lost 1 packet! Is syncmode enabled?
{Fri 14:16:58 Step:3879} Server_Comm.py: Received a new packet while thinking!
{Fri 14:16:58 Step:3882} Server_Comm.py: Received a new packet while thinking!
{Fri 14:16:58 Step:3886} Server_Comm.py: The agent lost 1 packet! Is syncmode enabled?
{Fri 14:18:00 Step:6852} Server_Comm.py: Received a new packet while thinking!
{Fri 14:18:04 Step:7038} Server_Comm.py: Received a new packet while thinking!
{Fri 14:18:31 Step:8322} Server_Comm.py: Received a new packet while thinking!
{Fri 14:18:37 Step:8595} Server_Comm.py: Received a new packet while thinking!
{Fri 14:19:18 Step:10560} Server_Comm.py: Received a new packet while thinking!
{Fri 14:19:27 Step:10980} Server_Comm.py: Received a new packet while thinking!
{Fri 14:19:27 Step:10984} Server_Comm.py: Received a new packet while thinking!
{Fri 14:19:44 Step:11800} Server_Comm.py: Received a new packet while thinking!
{Fri 14:19:51 Step:12135} Server_Comm.py: Received a new packet while thinking!
{Fri 14:19:53 Step:12240} Server_Comm.py: Received a new packet while thinking!
{Fri 14:21:58 Step:18210} Server_Comm.py: Received a new packet while thinking!
{Fri 14:22:58 Step:21082} World_Parser.py: Received field line with NaNs [   nan    nan    nan  18.27 -59.79  17.37]
{Fri 14:23:36 Step:22912} Server_Comm.py: Received a new packet while thinking!
{Fri 14:25:17 Step:27720} Server_Comm.py: Received a new packet while thinking!
{Fri 14:25:36 Step:28641} Server_Comm.py: Received a new packet while thinking!
{Fri 14:26:35 Step:31462} Server_Comm.py: Received a new packet while thinking!
{Fri 14:26:55 Step:32409} Server_Comm.py: Received a new packet while on world.update()!
{Fri 14:29:56 Step:41098} World_Parser.py: Received field line with NaNs [   nan    nan    nan   2.17 -59.99   0.33]
{Fri 14:29:59 Step:41199} Server_Comm.py: Received a new packet while thinking!
{Fri 14:29:59 Step:41201} Server_Comm.py: Received a new packet while thinking!
{Fri 14:29:59 Step:41203} Server_Comm.py: The agent lost 1 packet! Is syncmode enabled?
{Fri 14:29:59 Step:41214} Server_Comm.py: Received a new packet while thinking!
{Fri 14:29:59 Step:41218} Server_Comm.py: The agent lost 1 packet! Is syncmode enabled?
{Fri 14:30:00 Step:41251} Server_Comm.py: Received a new packet while on world.update()!
{Fri 14:30:22 Step:42343} Server_Comm.py: The agent lost 1 packet! Is syncmode enabled?
{Fri 14:30:22 Step:42346} Server_Comm.py: Received a new packet while thinking!
{Fri 14:30:23 Step:42351} Server_Comm.py: Received a new packet while thinking!
{Fri 14:30:23 Step:42369} Server_Comm.py: Received a new packet while thinking!
{Fri 14:30:23 Step:42373} Server_Comm.py: The agent lost 1 packet! Is syncmode enabled?
