{Sun 20:04:20 Step:14233} World_Parser.py: Received field line with NaNs [   nan    nan    nan   2.33 -60.03   4.92]
{Sun 20:04:22 Step:14341} World_Parser.py: Received field line with NaNs [   nan    nan    nan   2.33 -59.9    4.38]
{Sun 20:05:17 Step:17074} World_Parser.py: Received field line with NaNs [   nan    nan    nan   9.55 -59.95  16.36]
{Sun 20:07:36 Step:23958} Server_Comm.py: Received a new packet while thinking!
{Sun 20:11:43 Step:36214} World_Parser.py: Received field line with NaNs [ 4.69 47.91 18.59   nan   nan   nan]
{Sun 20:17:54 Step:54568} Server_Comm.py: Received a new packet while thinking!
{Sun 20:18:04 Step:55093} Server_Comm.py: Received a new packet while thinking!
{Sun 20:18:31 Step:56416} World_Parser.py: Received field line with NaNs [   nan    nan    nan   2.3  -60.02   2.89]
{Sun 20:18:52 Step:57457} Server_Comm.py: Received a new packet while thinking!
{Sun 20:24:21 Step:73768} World_Parser.py: Received field line with NaNs [ 2.51 33.84 18.14   nan   nan   nan]
{Sun 20:28:04 Step:84850} Server_Comm.py: Received a new packet while thinking!
{Sun 20:28:06 Step:84954} Server_Comm.py: Received a new packet while thinking!
{Sun 20:36:16 Step:109216} World_Parser.py: Received field line with NaNs [  0.54 -24.22 -40.03    nan    nan    nan]
{Sun 20:36:53 Step:111072} Server_Comm.py: Received a new packet while thinking!
{Sun 20:37:03 Step:111550} World_Parser.py: Received field line with NaNs [ 2.28 30.37 17.48   nan   nan   nan]
{Sun 20:37:49 Step:113818} World_Parser.py: Received field line with NaNs [ 3.91 48.56 -1.44   nan   nan   nan]
{Sun 20:38:04 Step:114573} Server_Comm.py: Received a new packet while thinking!
{Sun 20:42:21 Step:127306} World_Parser.py: Received field line with NaNs [ 2.27 31.   17.47   nan   nan   nan]
{Sun 20:44:23 Step:133318} World_Parser.py: Received field line with NaNs [19.38 11.1  33.37   nan   nan   nan]
{Sun 20:48:04 Step:144288} Server_Comm.py: Received a new packet while thinking!
{Sun 20:50:41 Step:152038} World_Parser.py: Received field line with NaNs [ 3.34 59.84 15.05   nan   nan   nan]
{Sun 20:50:55 Step:152736} Server_Comm.py: Received a new packet while thinking!
{Sun 20:51:48 Step:155386} World_Parser.py: Received field line with NaNs [ 2.79 60.09 31.11   nan   nan   nan]
{Sun 20:52:41 Step:158023} World_Parser.py: Received field line with NaNs [18.27 18.76 29.95   nan   nan   nan]
{Sun 20:55:30 Step:166383} Server_Comm.py: Received a new packet while thinking!
{Sun 20:55:30 Step:166387} Server_Comm.py: The agent lost 2 consecutive packets! Is syncmode disabled?
{Sun 20:55:30 Step:166390} Server_Comm.py: The agent lost 1 packet! Is syncmode enabled?
{Sun 20:55:30 Step:166393} Server_Comm.py: The agent lost 1 packet! Is syncmode enabled?
{Sun 20:59:20 Step:177768} Server_Comm.py: Received a new packet while thinking!
{Sun 20:59:20 Step:177780} Server_Comm.py: Received a new packet while thinking!
{Sun 20:59:39 Step:178710} Server_Comm.py: Received a new packet while thinking!
{Sun 20:59:39 Step:178711} Server_Comm.py: Received a new packet while thinking!
{Sun 20:59:39 Step:178714} Server_Comm.py: The agent lost 2 consecutive packets! Is syncmode disabled?
{Sun 20:59:39 Step:178737} Server_Comm.py: Received a new packet while thinking!
{Sun 20:59:54 Step:179470} World_Parser.py: Received field line with NaNs [ 2.27 30.26 17.5    nan   nan   nan]
{Sun 21:03:28 Step:190053} Server_Comm.py: Received a new packet while thinking!
{Sun 21:03:29 Step:190113} Server_Comm.py: Received a new packet while thinking!
{Sun 21:11:35 Step:214222} Server_Comm.py: Received a new packet while thinking!
{Sun 21:11:35 Step:214225} Server_Comm.py: The agent lost 1 packet! Is syncmode enabled?
{Sun 21:11:35 Step:214226} Server_Comm.py: Received a new packet while thinking!
{Sun 21:11:35 Step:214228} Server_Comm.py: The agent lost 1 packet! Is syncmode enabled?
{Sun 21:11:35 Step:214230} Server_Comm.py: Received a new packet while thinking!
{Sun 21:11:35 Step:214233} Server_Comm.py: The agent lost 1 packet! Is syncmode enabled?
{Sun 21:11:35 Step:214233} Server_Comm.py: Received a new packet while thinking!
{Sun 21:11:58 Step:215370} Server_Comm.py: Received a new packet while thinking!
