{Sun 20:04:25 Step:14467} World_Parser.py: Received field line with NaNs [ 4.1  44.08 12.61   nan   nan   nan]
{Sun 20:07:15 Step:22915} World_Parser.py: Received field line with NaNs [  nan   nan   nan 19.3  60.23 19.47]
{Sun 20:07:36 Step:23950} Server_Comm.py: Received a new packet while thinking!
{Sun 20:10:13 Step:31714} World_Parser.py: Received field line with NaNs [  nan   nan   nan 22.05 59.86 17.81]
{Sun 20:23:02 Step:69865} World_Parser.py: Received field line with NaNs [ 2.25 30.1  18.43   nan   nan   nan]
{Sun 20:27:04 Step:81841} World_Parser.py: Received field line with NaNs [  2.31 -31.87  23.41    nan    nan    nan]
{Sun 20:28:08 Step:85026} Server_Comm.py: Received a new packet while thinking!
{Sun 20:36:53 Step:111064} Server_Comm.py: Received a new packet while thinking!
{Sun 20:37:53 Step:114036} Server_Comm.py: Received a new packet while thinking!
{Sun 20:38:04 Step:114565} Server_Comm.py: Received a new packet while thinking!
{Sun 20:38:04 Step:114567} Server_Comm.py: Received a new packet while thinking!
{Sun 20:38:31 Step:115918} World_Parser.py: Received field line with NaNs [  nan   nan   nan  5.   34.32 55.07]
{Sun 20:39:47 Step:119653} World_Parser.py: Received field line with NaNs [ 2.3  55.65 16.68   nan   nan   nan]
{Sun 20:42:48 Step:128605} World_Parser.py: Received field line with NaNs [ 2.18 29.53 17.66   nan   nan   nan]
{Sun 20:55:30 Step:166375} Server_Comm.py: Received a new packet while thinking!
{Sun 20:55:30 Step:166378} Server_Comm.py: The agent lost 1 packet! Is syncmode enabled?
{Sun 20:55:30 Step:166378} Server_Comm.py: Received a new packet while thinking!
{Sun 20:55:30 Step:166380} Server_Comm.py: The agent lost 1 packet! Is syncmode enabled?
{Sun 20:55:30 Step:166380} Server_Comm.py: Received a new packet while thinking!
{Sun 20:55:30 Step:166381} Server_Comm.py: Received a new packet while thinking!
{Sun 20:55:30 Step:166383} Server_Comm.py: The agent lost 1 packet! Is syncmode enabled?
{Sun 20:55:30 Step:166384} Server_Comm.py: Received a new packet while thinking!
{Sun 20:55:30 Step:166387} Server_Comm.py: The agent lost 1 packet! Is syncmode enabled?
{Sun 20:58:04 Step:174006} Server_Comm.py: Received a new packet while thinking!
{Sun 20:58:21 Step:174844} World_Parser.py: Received field line with NaNs [   nan    nan    nan   2.35 -60.14   5.03]
{Sun 20:59:39 Step:178702} Server_Comm.py: Received a new packet while thinking!
{Sun 20:59:39 Step:178703} Server_Comm.py: Received a new packet while thinking!
{Sun 20:59:39 Step:178705} Server_Comm.py: The agent lost 1 packet! Is syncmode enabled?
{Sun 20:59:39 Step:178705} Server_Comm.py: Received a new packet while thinking!
{Sun 20:59:39 Step:178706} Server_Comm.py: Received a new packet while thinking!
{Sun 20:59:39 Step:178707} Server_Comm.py: Received a new packet while thinking!
{Sun 20:59:39 Step:178708} Server_Comm.py: Received a new packet while thinking!
{Sun 20:59:39 Step:178709} Server_Comm.py: Received a new packet while thinking!
{Sun 20:59:39 Step:178710} Server_Comm.py: Received a new packet while thinking!
{Sun 20:59:39 Step:178711} Server_Comm.py: Received a new packet while thinking!
{Sun 20:59:39 Step:178712} Server_Comm.py: Received a new packet while thinking!
{Sun 20:59:39 Step:178713} Server_Comm.py: Received a new packet while thinking!
{Sun 20:59:39 Step:178714} Server_Comm.py: Received a new packet while thinking!
{Sun 20:59:39 Step:178715} Server_Comm.py: Received a new packet while thinking!
{Sun 20:59:39 Step:178716} Server_Comm.py: Received a new packet while thinking!
{Sun 20:59:39 Step:178717} Server_Comm.py: Received a new packet while thinking!
{Sun 20:59:39 Step:178718} Server_Comm.py: Received a new packet while thinking!
{Sun 20:59:39 Step:178719} Server_Comm.py: Received a new packet while thinking!
{Sun 20:59:39 Step:178720} Server_Comm.py: Received a new packet while thinking!
{Sun 20:59:39 Step:178721} Server_Comm.py: Received a new packet while thinking!
{Sun 20:59:39 Step:178722} Server_Comm.py: Received a new packet while thinking!
{Sun 20:59:39 Step:178723} Server_Comm.py: Received a new packet while thinking!
{Sun 20:59:39 Step:178724} Server_Comm.py: Received a new packet while thinking!
{Sun 20:59:39 Step:178725} Server_Comm.py: Received a new packet while thinking!
{Sun 20:59:39 Step:178726} Server_Comm.py: Received a new packet while thinking!
{Sun 20:59:39 Step:178727} Server_Comm.py: Received a new packet while thinking!
{Sun 20:59:39 Step:178729} Server_Comm.py: The agent lost 1 packet! Is syncmode enabled?
{Sun 20:59:39 Step:178729} Server_Comm.py: Received a new packet while thinking!
{Sun 21:03:28 Step:190045} Server_Comm.py: Received a new packet while thinking!
{Sun 21:03:33 Step:190303} World_Parser.py: Received field line with NaNs [ 3.21 55.42 36.52   nan   nan   nan]
{Sun 21:04:25 Step:192919} World_Parser.py: Received field line with NaNs [ 1.79 52.28  6.97   nan   nan   nan]
{Sun 21:05:14 Step:195349} World_Parser.py: Received field line with NaNs [ 2.42 53.11 12.11   nan   nan   nan]
{Sun 21:07:57 Step:203431} World_Parser.py: Received field line with NaNs [ 2.83 39.9  15.75   nan   nan   nan]
{Sun 21:11:17 Step:213331} Server_Comm.py: Received a new packet while thinking!
{Sun 21:11:35 Step:214215} Server_Comm.py: Received a new packet while thinking!
{Sun 21:11:35 Step:214216} Server_Comm.py: Received a new packet while thinking!
{Sun 21:11:35 Step:214219} Server_Comm.py: The agent lost 2 consecutive packets! Is syncmode disabled?
{Sun 21:11:35 Step:214221} Server_Comm.py: Received a new packet while thinking!
{Sun 21:11:35 Step:214225} Server_Comm.py: The agent lost 1 packet! Is syncmode enabled?
