{Sun 23:56:45 Step:2} Server_Comm.py: The agent lost 1 packet! Is syncmode enabled?
{Sun 23:56:45 Step:2} Server_Comm.py: Received a new packet while on world.update()!
{Sun 23:56:45 Step:9} Server_Comm.py: The agent lost 6 consecutive packets! Is syncmode disabled?
{Sun 23:56:45 Step:9} Server_Comm.py: Received a new packet while on world.update()!
{Sun 23:56:45 Step:17} Server_Comm.py: The agent lost 7 consecutive packets! Is syncmode disabled?
{Sun 23:56:45 Step:17} Server_Comm.py: Received a new packet while on world.update()!
{Sun 23:56:45 Step:20} Server_Comm.py: The agent lost 2 consecutive packets! Is syncmode disabled?
{Sun 23:56:45 Step:20} Server_Comm.py: Received a new packet while on world.update()!
{Sun 23:56:45 Step:22} Server_Comm.py: The agent lost 1 packet! Is syncmode enabled?
{Sun 23:56:45 Step:26} Server_Comm.py: The agent lost 2 consecutive packets! Is syncmode disabled?
{Sun 23:56:45 Step:29} Server_Comm.py: The agent lost 1 packet! Is syncmode enabled?
{Sun 23:56:45 Step:43} Server_Comm.py: The agent lost 13 consecutive packets! Is syncmode disabled?
{Sun 23:56:45 Step:52} Server_Comm.py: The agent lost 8 consecutive packets! Is syncmode disabled?
{Sun 23:56:45 Step:55} Server_Comm.py: The agent lost 2 consecutive packets! Is syncmode disabled?
{Sun 23:56:45 Step:57} Server_Comm.py: The agent lost 1 packet! Is syncmode enabled?
{Sun 23:56:45 Step:59} Server_Comm.py: The agent lost 1 packet! Is syncmode enabled?
{Sun 23:56:45 Step:61} Server_Comm.py: The agent lost 1 packet! Is syncmode enabled?
{Sun 23:56:45 Step:61} Server_Comm.py: Received a new packet while thinking!
{Sun 23:56:45 Step:106} Server_Comm.py: The agent lost 44 consecutive packets! Is syncmode disabled?
{Sun 23:56:45 Step:118} Server_Comm.py: The agent lost 11 consecutive packets! Is syncmode disabled?
{Sun 23:56:45 Step:120} Server_Comm.py: The agent lost 1 packet! Is syncmode enabled?
{Sun 23:56:45 Step:133} Server_Comm.py: The agent lost 2 consecutive packets! Is syncmode disabled?
{Sun 23:56:45 Step:136} Server_Comm.py: The agent lost 2 consecutive packets! Is syncmode disabled?
{Sun 23:56:45 Step:146} Server_Comm.py: The agent lost 1 packet! Is syncmode enabled?
{Sun 23:56:45 Step:148} Server_Comm.py: The agent lost 1 packet! Is syncmode enabled?
{Sun 23:56:45 Step:156} Server_Comm.py: The agent lost 2 consecutive packets! Is syncmode disabled?
{Sun 23:56:45 Step:163} Server_Comm.py: The agent lost 1 packet! Is syncmode enabled?
{Sun 23:56:45 Step:167} Server_Comm.py: The agent lost 3 consecutive packets! Is syncmode disabled?
{Sun 23:56:45 Step:169} Server_Comm.py: The agent lost 1 packet! Is syncmode enabled?
{Sun 23:56:45 Step:188} Server_Comm.py: The agent lost 1 packet! Is syncmode enabled?
{Sun 23:56:45 Step:190} Server_Comm.py: The agent lost 1 packet! Is syncmode enabled?
{Sun 23:56:45 Step:192} Server_Comm.py: The agent lost 1 packet! Is syncmode enabled?
{Sun 23:56:45 Step:194} Server_Comm.py: The agent lost 1 packet! Is syncmode enabled?
{Sun 23:56:45 Step:196} Server_Comm.py: The agent lost 1 packet! Is syncmode enabled?
{Sun 23:56:45 Step:198} Server_Comm.py: The agent lost 1 packet! Is syncmode enabled?
{Sun 23:56:45 Step:200} Server_Comm.py: The agent lost 1 packet! Is syncmode enabled?
{Sun 23:56:45 Step:203} Server_Comm.py: The agent lost 2 consecutive packets! Is syncmode disabled?
{Sun 23:56:45 Step:205} Server_Comm.py: The agent lost 1 packet! Is syncmode enabled?
{Sun 23:56:45 Step:207} Server_Comm.py: The agent lost 1 packet! Is syncmode enabled?
{Sun 23:56:45 Step:211} Server_Comm.py: The agent lost 1 packet! Is syncmode enabled?
{Sun 23:56:45 Step:213} Server_Comm.py: The agent lost 1 packet! Is syncmode enabled?
{Sun 23:56:45 Step:215} Server_Comm.py: The agent lost 1 packet! Is syncmode enabled?
{Sun 23:56:45 Step:217} Server_Comm.py: The agent lost 1 packet! Is syncmode enabled?
{Sun 23:56:45 Step:220} Server_Comm.py: The agent lost 2 consecutive packets! Is syncmode disabled?
{Sun 23:56:45 Step:222} Server_Comm.py: The agent lost 1 packet! Is syncmode enabled?
{Sun 23:56:45 Step:224} Server_Comm.py: The agent lost 1 packet! Is syncmode enabled?
{Sun 23:56:45 Step:227} Server_Comm.py: The agent lost 2 consecutive packets! Is syncmode disabled?
{Sun 23:56:45 Step:229} Server_Comm.py: The agent lost 1 packet! Is syncmode enabled?
{Sun 23:56:45 Step:231} Server_Comm.py: The agent lost 1 packet! Is syncmode enabled?
{Sun 23:56:45 Step:233} Server_Comm.py: The agent lost 1 packet! Is syncmode enabled?
{Sun 23:56:45 Step:236} Server_Comm.py: The agent lost 1 packet! Is syncmode enabled?
{Sun 23:56:45 Step:239} Server_Comm.py: The agent lost 2 consecutive packets! Is syncmode disabled?
{Sun 23:56:45 Step:242} Server_Comm.py: The agent lost 2 consecutive packets! Is syncmode disabled?
{Sun 23:56:45 Step:245} Server_Comm.py: The agent lost 2 consecutive packets! Is syncmode disabled?
{Sun 23:56:45 Step:247} Server_Comm.py: The agent lost 1 packet! Is syncmode enabled?
{Sun 23:56:45 Step:252} Server_Comm.py: The agent lost 4 consecutive packets! Is syncmode disabled?
{Sun 23:56:45 Step:256} Server_Comm.py: The agent lost 3 consecutive packets! Is syncmode disabled?
{Sun 23:56:45 Step:260} Server_Comm.py: The agent lost 3 consecutive packets! Is syncmode disabled?
{Sun 23:56:45 Step:265} Server_Comm.py: The agent lost 4 consecutive packets! Is syncmode disabled?
{Sun 23:56:45 Step:277} Server_Comm.py: The agent lost 11 consecutive packets! Is syncmode disabled?
{Sun 23:56:45 Step:284} Server_Comm.py: The agent lost 6 consecutive packets! Is syncmode disabled?
{Sun 23:56:45 Step:288} Server_Comm.py: The agent lost 3 consecutive packets! Is syncmode disabled?
{Sun 23:56:45 Step:290} Server_Comm.py: The agent lost 1 packet! Is syncmode enabled?
{Sun 23:56:45 Step:293} Server_Comm.py: The agent lost 1 packet! Is syncmode enabled?
{Sun 23:56:45 Step:295} Server_Comm.py: The agent lost 1 packet! Is syncmode enabled?
{Sun 23:56:45 Step:298} Server_Comm.py: The agent lost 2 consecutive packets! Is syncmode disabled?
{Sun 23:56:45 Step:301} Server_Comm.py: The agent lost 1 packet! Is syncmode enabled?
{Sun 23:56:45 Step:304} Server_Comm.py: The agent lost 2 consecutive packets! Is syncmode disabled?
{Sun 23:56:45 Step:307} Server_Comm.py: The agent lost 1 packet! Is syncmode enabled?
{Sun 23:56:45 Step:310} Server_Comm.py: The agent lost 2 consecutive packets! Is syncmode disabled?
{Sun 23:56:45 Step:313} Server_Comm.py: The agent lost 1 packet! Is syncmode enabled?
{Sun 23:56:45 Step:315} Server_Comm.py: The agent lost 1 packet! Is syncmode enabled?
{Sun 23:56:45 Step:317} Server_Comm.py: The agent lost 1 packet! Is syncmode enabled?
{Sun 23:56:45 Step:320} Server_Comm.py: The agent lost 2 consecutive packets! Is syncmode disabled?
{Sun 23:56:45 Step:322} Server_Comm.py: The agent lost 1 packet! Is syncmode enabled?
{Sun 23:56:45 Step:326} Server_Comm.py: The agent lost 2 consecutive packets! Is syncmode disabled?
{Sun 23:56:45 Step:333} Server_Comm.py: The agent lost 1 packet! Is syncmode enabled?
{Sun 23:56:45 Step:342} Server_Comm.py: The agent lost 1 packet! Is syncmode enabled?
{Sun 23:56:45 Step:381} Server_Comm.py: The agent lost 1 packet! Is syncmode enabled?
{Sun 23:56:45 Step:383} Server_Comm.py: The agent lost 1 packet! Is syncmode enabled?
{Sun 23:56:45 Step:386} Server_Comm.py: The agent lost 2 consecutive packets! Is syncmode disabled?
{Sun 23:56:45 Step:388} Server_Comm.py: The agent lost 1 packet! Is syncmode enabled?
{Sun 23:56:45 Step:390} Server_Comm.py: The agent lost 1 packet! Is syncmode enabled?
{Sun 23:56:45 Step:393} Server_Comm.py: The agent lost 2 consecutive packets! Is syncmode disabled?
{Sun 23:56:45 Step:396} Server_Comm.py: The agent lost 2 consecutive packets! Is syncmode disabled?
{Sun 23:56:45 Step:399} Server_Comm.py: The agent lost 2 consecutive packets! Is syncmode disabled?
{Sun 23:56:45 Step:402} Server_Comm.py: The agent lost 2 consecutive packets! Is syncmode disabled?
{Sun 23:56:45 Step:405} Server_Comm.py: The agent lost 2 consecutive packets! Is syncmode disabled?
{Sun 23:56:45 Step:407} Server_Comm.py: The agent lost 1 packet! Is syncmode enabled?
{Sun 23:56:45 Step:409} Server_Comm.py: The agent lost 1 packet! Is syncmode enabled?
{Sun 23:56:45 Step:414} Server_Comm.py: The agent lost 4 consecutive packets! Is syncmode disabled?
{Sun 23:56:45 Step:419} Server_Comm.py: The agent lost 4 consecutive packets! Is syncmode disabled?
{Sun 23:56:45 Step:425} Server_Comm.py: The agent lost 5 consecutive packets! Is syncmode disabled?
{Sun 23:56:45 Step:433} Server_Comm.py: The agent lost 7 consecutive packets! Is syncmode disabled?
{Sun 23:56:45 Step:447} Server_Comm.py: The agent lost 13 consecutive packets! Is syncmode disabled?
{Sun 23:56:45 Step:453} Server_Comm.py: The agent lost 5 consecutive packets! Is syncmode disabled?
{Sun 23:56:45 Step:456} Server_Comm.py: The agent lost 2 consecutive packets! Is syncmode disabled?
{Sun 23:56:45 Step:459} Server_Comm.py: The agent lost 1 packet! Is syncmode enabled?
{Sun 23:56:45 Step:462} Server_Comm.py: The agent lost 2 consecutive packets! Is syncmode disabled?
{Sun 23:56:45 Step:466} Server_Comm.py: The agent lost 2 consecutive packets! Is syncmode disabled?
{Sun 23:56:45 Step:470} Server_Comm.py: The agent lost 2 consecutive packets! Is syncmode disabled?
{Sun 23:56:45 Step:472} Server_Comm.py: The agent lost 1 packet! Is syncmode enabled?
{Sun 23:56:45 Step:475} Server_Comm.py: The agent lost 1 packet! Is syncmode enabled?
{Sun 23:56:45 Step:477} Server_Comm.py: The agent lost 1 packet! Is syncmode enabled?
{Sun 23:56:45 Step:479} Server_Comm.py: The agent lost 1 packet! Is syncmode enabled?
{Sun 23:56:45 Step:482} Server_Comm.py: The agent lost 2 consecutive packets! Is syncmode disabled?
{Sun 23:56:45 Step:486} Server_Comm.py: The agent lost 2 consecutive packets! Is syncmode disabled?
{Sun 23:56:45 Step:489} Server_Comm.py: The agent lost 1 packet! Is syncmode enabled?
{Sun 23:56:45 Step:492} Server_Comm.py: The agent lost 2 consecutive packets! Is syncmode disabled?
{Sun 23:56:45 Step:494} Server_Comm.py: The agent lost 1 packet! Is syncmode enabled?
{Sun 23:56:45 Step:496} Server_Comm.py: The agent lost 1 packet! Is syncmode enabled?
{Sun 23:56:45 Step:499} Server_Comm.py: The agent lost 1 packet! Is syncmode enabled?
{Sun 23:56:45 Step:502} Server_Comm.py: The agent lost 2 consecutive packets! Is syncmode disabled?
{Sun 23:56:45 Step:505} Server_Comm.py: The agent lost 1 packet! Is syncmode enabled?
{Sun 23:56:45 Step:509} Server_Comm.py: The agent lost 1 packet! Is syncmode enabled?
{Sun 23:56:45 Step:512} Server_Comm.py: The agent lost 2 consecutive packets! Is syncmode disabled?
{Sun 23:56:45 Step:514} Server_Comm.py: The agent lost 1 packet! Is syncmode enabled?
{Sun 23:56:45 Step:517} Server_Comm.py: The agent lost 1 packet! Is syncmode enabled?
{Sun 23:56:45 Step:520} Server_Comm.py: The agent lost 2 consecutive packets! Is syncmode disabled?
{Sun 23:56:45 Step:525} Server_Comm.py: The agent lost 3 consecutive packets! Is syncmode disabled?
{Sun 23:56:45 Step:529} Server_Comm.py: The agent lost 3 consecutive packets! Is syncmode disabled?
{Sun 23:56:45 Step:532} Server_Comm.py: The agent lost 2 consecutive packets! Is syncmode disabled?
{Sun 23:56:45 Step:571} Server_Comm.py: The agent lost 1 packet! Is syncmode enabled?
{Sun 23:56:45 Step:574} Server_Comm.py: The agent lost 1 packet! Is syncmode enabled?
{Sun 23:56:45 Step:576} Server_Comm.py: The agent lost 1 packet! Is syncmode enabled?
{Sun 23:56:45 Step:579} Server_Comm.py: The agent lost 2 consecutive packets! Is syncmode disabled?
{Sun 23:56:45 Step:582} Server_Comm.py: The agent lost 2 consecutive packets! Is syncmode disabled?
{Sun 23:56:45 Step:584} Server_Comm.py: The agent lost 1 packet! Is syncmode enabled?
{Sun 23:56:45 Step:586} Server_Comm.py: The agent lost 1 packet! Is syncmode enabled?
{Sun 23:56:45 Step:588} Server_Comm.py: The agent lost 1 packet! Is syncmode enabled?
{Sun 23:56:45 Step:593} Server_Comm.py: The agent lost 3 consecutive packets! Is syncmode disabled?
{Sun 23:56:45 Step:598} Server_Comm.py: The agent lost 4 consecutive packets! Is syncmode disabled?
{Sun 23:56:45 Step:609} Server_Comm.py: The agent lost 10 consecutive packets! Is syncmode disabled?
{Sun 23:56:45 Step:614} Server_Comm.py: The agent lost 4 consecutive packets! Is syncmode disabled?
{Sun 23:56:45 Step:616} Server_Comm.py: The agent lost 1 packet! Is syncmode enabled?
{Sun 23:56:45 Step:620} Server_Comm.py: The agent lost 2 consecutive packets! Is syncmode disabled?
{Sun 23:56:45 Step:623} Server_Comm.py: The agent lost 1 packet! Is syncmode enabled?
{Sun 23:56:45 Step:626} Server_Comm.py: The agent lost 2 consecutive packets! Is syncmode disabled?
{Sun 23:56:45 Step:628} Server_Comm.py: The agent lost 1 packet! Is syncmode enabled?
{Sun 23:56:45 Step:632} Server_Comm.py: The agent lost 2 consecutive packets! Is syncmode disabled?
{Sun 23:56:45 Step:634} Server_Comm.py: The agent lost 1 packet! Is syncmode enabled?
{Sun 23:56:45 Step:637} Server_Comm.py: The agent lost 1 packet! Is syncmode enabled?
{Sun 23:56:45 Step:640} Server_Comm.py: The agent lost 2 consecutive packets! Is syncmode disabled?
{Sun 23:56:45 Step:642} Server_Comm.py: The agent lost 1 packet! Is syncmode enabled?
{Sun 23:56:45 Step:644} Server_Comm.py: The agent lost 1 packet! Is syncmode enabled?
{Sun 23:56:45 Step:647} Server_Comm.py: The agent lost 1 packet! Is syncmode enabled?
{Sun 23:56:45 Step:650} Server_Comm.py: The agent lost 2 consecutive packets! Is syncmode disabled?
{Sun 23:56:45 Step:653} Server_Comm.py: The agent lost 1 packet! Is syncmode enabled?
{Sun 23:56:45 Step:655} Server_Comm.py: The agent lost 1 packet! Is syncmode enabled?
{Sun 23:56:45 Step:658} Server_Comm.py: The agent lost 2 consecutive packets! Is syncmode disabled?
{Sun 23:56:45 Step:660} Server_Comm.py: The agent lost 1 packet! Is syncmode enabled?
{Sun 23:56:45 Step:663} Server_Comm.py: The agent lost 1 packet! Is syncmode enabled?
{Sun 23:56:45 Step:666} Server_Comm.py: The agent lost 2 consecutive packets! Is syncmode disabled?
{Sun 23:56:45 Step:668} Server_Comm.py: The agent lost 1 packet! Is syncmode enabled?
{Sun 23:56:45 Step:672} Server_Comm.py: The agent lost 2 consecutive packets! Is syncmode disabled?
{Sun 23:56:45 Step:676} Server_Comm.py: The agent lost 2 consecutive packets! Is syncmode disabled?
{Sun 23:56:45 Step:678} Server_Comm.py: The agent lost 1 packet! Is syncmode enabled?
{Sun 23:56:45 Step:680} Server_Comm.py: The agent lost 1 packet! Is syncmode enabled?
{Sun 23:56:45 Step:688} Server_Comm.py: The agent lost 1 packet! Is syncmode enabled?
{Sun 23:56:45 Step:715} Server_Comm.py: The agent lost 1 packet! Is syncmode enabled?
{Sun 23:56:45 Step:728} Server_Comm.py: The agent lost 1 packet! Is syncmode enabled?
{Sun 23:56:45 Step:731} Server_Comm.py: The agent lost 1 packet! Is syncmode enabled?
{Sun 23:56:45 Step:733} Server_Comm.py: The agent lost 1 packet! Is syncmode enabled?
{Sun 23:56:45 Step:738} Server_Comm.py: The agent lost 1 packet! Is syncmode enabled?
{Sun 23:56:45 Step:741} Server_Comm.py: The agent lost 1 packet! Is syncmode enabled?
{Sun 23:56:45 Step:743} Server_Comm.py: The agent lost 1 packet! Is syncmode enabled?
{Sun 23:56:45 Step:761} Server_Comm.py: The agent lost 17 consecutive packets! Is syncmode disabled?
{Sun 23:56:45 Step:768} Server_Comm.py: The agent lost 6 consecutive packets! Is syncmode disabled?
{Sun 23:56:45 Step:771} Server_Comm.py: The agent lost 2 consecutive packets! Is syncmode disabled?
{Sun 23:56:45 Step:775} Server_Comm.py: The agent lost 3 consecutive packets! Is syncmode disabled?
{Sun 23:56:45 Step:778} Server_Comm.py: The agent lost 2 consecutive packets! Is syncmode disabled?
{Sun 23:56:45 Step:781} Server_Comm.py: The agent lost 1 packet! Is syncmode enabled?
{Sun 23:56:45 Step:784} Server_Comm.py: The agent lost 2 consecutive packets! Is syncmode disabled?
{Sun 23:56:45 Step:787} Server_Comm.py: The agent lost 1 packet! Is syncmode enabled?
{Sun 23:56:45 Step:790} Server_Comm.py: The agent lost 2 consecutive packets! Is syncmode disabled?
{Sun 23:56:45 Step:793} Server_Comm.py: The agent lost 1 packet! Is syncmode enabled?
{Sun 23:56:45 Step:796} Server_Comm.py: The agent lost 2 consecutive packets! Is syncmode disabled?
{Sun 23:56:45 Step:798} Server_Comm.py: The agent lost 1 packet! Is syncmode enabled?
{Sun 23:56:45 Step:803} Server_Comm.py: The agent lost 1 packet! Is syncmode enabled?
{Sun 23:56:45 Step:849} Server_Comm.py: The agent lost 1 packet! Is syncmode enabled?
{Sun 23:56:45 Step:874} Server_Comm.py: The agent lost 2 consecutive packets! Is syncmode disabled?
{Sun 23:56:45 Step:879} Server_Comm.py: The agent lost 3 consecutive packets! Is syncmode disabled?
{Sun 23:56:45 Step:886} Server_Comm.py: The agent lost 6 consecutive packets! Is syncmode disabled?
{Sun 23:56:45 Step:891} Server_Comm.py: The agent lost 4 consecutive packets! Is syncmode disabled?
{Sun 23:56:45 Step:894} Server_Comm.py: The agent lost 2 consecutive packets! Is syncmode disabled?
{Sun 23:56:45 Step:896} Server_Comm.py: The agent lost 1 packet! Is syncmode enabled?
{Sun 23:56:45 Step:900} Server_Comm.py: The agent lost 2 consecutive packets! Is syncmode disabled?
{Sun 23:56:45 Step:902} Server_Comm.py: The agent lost 1 packet! Is syncmode enabled?
{Sun 23:56:45 Step:905} Server_Comm.py: The agent lost 1 packet! Is syncmode enabled?
{Sun 23:56:45 Step:907} Server_Comm.py: The agent lost 1 packet! Is syncmode enabled?
{Sun 23:56:45 Step:910} Server_Comm.py: The agent lost 2 consecutive packets! Is syncmode disabled?
{Sun 23:56:45 Step:912} Server_Comm.py: The agent lost 1 packet! Is syncmode enabled?
{Sun 23:56:45 Step:915} Server_Comm.py: The agent lost 1 packet! Is syncmode enabled?
{Sun 23:56:45 Step:918} Server_Comm.py: The agent lost 2 consecutive packets! Is syncmode disabled?
{Sun 23:56:46 Step:921} Server_Comm.py: The agent lost 1 packet! Is syncmode enabled?
{Sun 23:56:46 Step:924} Server_Comm.py: The agent lost 2 consecutive packets! Is syncmode disabled?
{Sun 23:56:46 Step:926} Server_Comm.py: The agent lost 1 packet! Is syncmode enabled?
{Sun 23:56:46 Step:929} Server_Comm.py: The agent lost 1 packet! Is syncmode enabled?
{Sun 23:56:46 Step:932} Server_Comm.py: The agent lost 2 consecutive packets! Is syncmode disabled?
{Sun 23:56:46 Step:936} Server_Comm.py: The agent lost 2 consecutive packets! Is syncmode disabled?
{Sun 23:56:46 Step:938} Server_Comm.py: The agent lost 1 packet! Is syncmode enabled?
{Sun 23:56:46 Step:941} Server_Comm.py: The agent lost 1 packet! Is syncmode enabled?
{Sun 23:56:46 Step:943} Server_Comm.py: The agent lost 1 packet! Is syncmode enabled?
{Sun 23:56:46 Step:946} Server_Comm.py: The agent lost 2 consecutive packets! Is syncmode disabled?
{Sun 23:56:46 Step:948} Server_Comm.py: The agent lost 1 packet! Is syncmode enabled?
{Sun 23:56:46 Step:951} Server_Comm.py: The agent lost 1 packet! Is syncmode enabled?
{Sun 23:56:46 Step:954} Server_Comm.py: The agent lost 2 consecutive packets! Is syncmode disabled?
{Sun 23:56:46 Step:956} Server_Comm.py: The agent lost 1 packet! Is syncmode enabled?
{Sun 23:56:46 Step:960} Server_Comm.py: The agent lost 2 consecutive packets! Is syncmode disabled?
{Sun 23:56:46 Step:965} Server_Comm.py: The agent lost 3 consecutive packets! Is syncmode disabled?
{Sun 23:56:46 Step:967} Server_Comm.py: The agent lost 1 packet! Is syncmode enabled?
{Sun 23:56:46 Step:970} Server_Comm.py: The agent lost 2 consecutive packets! Is syncmode disabled?
{Sun 23:56:46 Step:975} Server_Comm.py: The agent lost 3 consecutive packets! Is syncmode disabled?
{Sun 23:56:46 Step:978} Server_Comm.py: The agent lost 2 consecutive packets! Is syncmode disabled?
{Sun 23:56:46 Step:982} Server_Comm.py: The agent lost 2 consecutive packets! Is syncmode disabled?
{Sun 23:56:46 Step:984} Server_Comm.py: The agent lost 1 packet! Is syncmode enabled?
{Sun 23:56:46 Step:986} Server_Comm.py: The agent lost 1 packet! Is syncmode enabled?
{Sun 23:56:46 Step:989} Server_Comm.py: The agent lost 1 packet! Is syncmode enabled?
{Sun 23:56:46 Step:991} Server_Comm.py: The agent lost 1 packet! Is syncmode enabled?
{Sun 23:56:46 Step:994} Server_Comm.py: The agent lost 2 consecutive packets! Is syncmode disabled?
{Sun 23:56:46 Step:998} Server_Comm.py: The agent lost 2 consecutive packets! Is syncmode disabled?
{Sun 23:56:46 Step:1002} Server_Comm.py: The agent lost 2 consecutive packets! Is syncmode disabled?
{Sun 23:56:46 Step:1006} Server_Comm.py: The agent lost 2 consecutive packets! Is syncmode disabled?
{Sun 23:56:46 Step:1010} Server_Comm.py: The agent lost 2 consecutive packets! Is syncmode disabled?
{Sun 23:56:46 Step:1014} Server_Comm.py: The agent lost 2 consecutive packets! Is syncmode disabled?
{Sun 23:56:46 Step:1016} Server_Comm.py: The agent lost 1 packet! Is syncmode enabled?
{Sun 23:56:46 Step:1020} Server_Comm.py: The agent lost 2 consecutive packets! Is syncmode disabled?
{Sun 23:56:46 Step:1022} Server_Comm.py: The agent lost 1 packet! Is syncmode enabled?
{Sun 23:56:46 Step:1024} Server_Comm.py: The agent lost 1 packet! Is syncmode enabled?
{Sun 23:56:46 Step:1028} Server_Comm.py: The agent lost 2 consecutive packets! Is syncmode disabled?
{Sun 23:56:46 Step:1030} Server_Comm.py: The agent lost 1 packet! Is syncmode enabled?
{Sun 23:56:46 Step:1033} Server_Comm.py: The agent lost 1 packet! Is syncmode enabled?
{Sun 23:56:46 Step:1035} Server_Comm.py: The agent lost 1 packet! Is syncmode enabled?
{Sun 23:56:46 Step:1037} Server_Comm.py: The agent lost 1 packet! Is syncmode enabled?
{Sun 23:56:46 Step:1042} Server_Comm.py: The agent lost 2 consecutive packets! Is syncmode disabled?
{Sun 23:56:46 Step:1044} Server_Comm.py: The agent lost 1 packet! Is syncmode enabled?
{Sun 23:56:46 Step:1048} Server_Comm.py: The agent lost 2 consecutive packets! Is syncmode disabled?
{Sun 23:56:46 Step:1052} Server_Comm.py: The agent lost 2 consecutive packets! Is syncmode disabled?
{Sun 23:56:46 Step:1055} Server_Comm.py: The agent lost 1 packet! Is syncmode enabled?
{Sun 23:56:46 Step:1057} Server_Comm.py: The agent lost 1 packet! Is syncmode enabled?
{Sun 23:56:46 Step:1061} Server_Comm.py: The agent lost 3 consecutive packets! Is syncmode disabled?
{Sun 23:56:46 Step:1064} Server_Comm.py: The agent lost 2 consecutive packets! Is syncmode disabled?
{Sun 23:56:46 Step:1066} Server_Comm.py: The agent lost 1 packet! Is syncmode enabled?
{Sun 23:56:46 Step:1070} Server_Comm.py: The agent lost 2 consecutive packets! Is syncmode disabled?
{Sun 23:56:46 Step:1077} Server_Comm.py: The agent lost 6 consecutive packets! Is syncmode disabled?
{Sun 23:56:46 Step:1083} Server_Comm.py: The agent lost 5 consecutive packets! Is syncmode disabled?
{Sun 23:56:46 Step:1088} Server_Comm.py: The agent lost 4 consecutive packets! Is syncmode disabled?
{Sun 23:56:46 Step:1091} Server_Comm.py: The agent lost 2 consecutive packets! Is syncmode disabled?
{Sun 23:56:46 Step:1096} Server_Comm.py: The agent lost 4 consecutive packets! Is syncmode disabled?
{Sun 23:56:46 Step:1098} Server_Comm.py: The agent lost 1 packet! Is syncmode enabled?
{Sun 23:56:46 Step:1102} Server_Comm.py: The agent lost 2 consecutive packets! Is syncmode disabled?
{Sun 23:56:46 Step:1104} Server_Comm.py: The agent lost 1 packet! Is syncmode enabled?
{Sun 23:56:46 Step:1106} Server_Comm.py: The agent lost 1 packet! Is syncmode enabled?
{Sun 23:56:46 Step:1108} Server_Comm.py: The agent lost 1 packet! Is syncmode enabled?
{Sun 23:56:46 Step:1110} Server_Comm.py: The agent lost 1 packet! Is syncmode enabled?
{Sun 23:56:46 Step:1113} Server_Comm.py: The agent lost 1 packet! Is syncmode enabled?
{Sun 23:56:46 Step:1116} Server_Comm.py: The agent lost 2 consecutive packets! Is syncmode disabled?
{Sun 23:56:46 Step:1154} Server_Comm.py: The agent lost 2 consecutive packets! Is syncmode disabled?
{Sun 23:56:46 Step:1157} Server_Comm.py: The agent lost 1 packet! Is syncmode enabled?
{Sun 23:56:46 Step:1175} Server_Comm.py: The agent lost 1 packet! Is syncmode enabled?
{Sun 23:56:46 Step:1186} Server_Comm.py: The agent lost 1 packet! Is syncmode enabled?
{Sun 23:56:46 Step:1197} Server_Comm.py: The agent lost 3 consecutive packets! Is syncmode disabled?
{Sun 23:56:46 Step:1201} Server_Comm.py: The agent lost 3 consecutive packets! Is syncmode disabled?
{Sun 23:56:46 Step:1217} Server_Comm.py: The agent lost 15 consecutive packets! Is syncmode disabled?
{Sun 23:56:46 Step:1224} Server_Comm.py: The agent lost 6 consecutive packets! Is syncmode disabled?
{Sun 23:56:46 Step:1226} Server_Comm.py: The agent lost 1 packet! Is syncmode enabled?
{Sun 23:56:46 Step:1228} Server_Comm.py: The agent lost 1 packet! Is syncmode enabled?
{Sun 23:56:46 Step:1232} Server_Comm.py: The agent lost 2 consecutive packets! Is syncmode disabled?
{Sun 23:56:46 Step:1234} Server_Comm.py: The agent lost 1 packet! Is syncmode enabled?
{Sun 23:56:46 Step:1237} Server_Comm.py: The agent lost 1 packet! Is syncmode enabled?
{Sun 23:56:46 Step:1239} Server_Comm.py: The agent lost 1 packet! Is syncmode enabled?
{Sun 23:56:46 Step:1242} Server_Comm.py: The agent lost 2 consecutive packets! Is syncmode disabled?
{Sun 23:56:46 Step:1245} Server_Comm.py: The agent lost 1 packet! Is syncmode enabled?
{Sun 23:56:46 Step:1248} Server_Comm.py: The agent lost 2 consecutive packets! Is syncmode disabled?
{Sun 23:56:46 Step:1252} Server_Comm.py: The agent lost 2 consecutive packets! Is syncmode disabled?
{Sun 23:56:46 Step:1256} Server_Comm.py: The agent lost 2 consecutive packets! Is syncmode disabled?
{Sun 23:56:46 Step:1267} Server_Comm.py: The agent lost 1 packet! Is syncmode enabled?
{Sun 23:56:46 Step:1269} Server_Comm.py: The agent lost 1 packet! Is syncmode enabled?
{Sun 23:56:46 Step:1290} Server_Comm.py: The agent lost 1 packet! Is syncmode enabled?
{Sun 23:56:46 Step:1292} Server_Comm.py: The agent lost 1 packet! Is syncmode enabled?
{Sun 23:56:46 Step:1302} Server_Comm.py: The agent lost 1 packet! Is syncmode enabled?
{Sun 23:56:46 Step:1315} Server_Comm.py: The agent lost 1 packet! Is syncmode enabled?
{Sun 23:56:46 Step:1318} Server_Comm.py: The agent lost 2 consecutive packets! Is syncmode disabled?
{Sun 23:56:46 Step:1321} Server_Comm.py: The agent lost 2 consecutive packets! Is syncmode disabled?
{Sun 23:56:46 Step:1324} Server_Comm.py: The agent lost 2 consecutive packets! Is syncmode disabled?
{Sun 23:56:46 Step:1326} Server_Comm.py: The agent lost 1 packet! Is syncmode enabled?
{Sun 23:56:46 Step:1329} Server_Comm.py: The agent lost 1 packet! Is syncmode enabled?
{Sun 23:56:46 Step:1332} Server_Comm.py: The agent lost 2 consecutive packets! Is syncmode disabled?
{Sun 23:56:46 Step:1334} Server_Comm.py: The agent lost 1 packet! Is syncmode enabled?
{Sun 23:56:46 Step:1336} Server_Comm.py: The agent lost 1 packet! Is syncmode enabled?
{Sun 23:56:46 Step:1341} Server_Comm.py: The agent lost 1 packet! Is syncmode enabled?
{Sun 23:56:46 Step:1347} Server_Comm.py: The agent lost 3 consecutive packets! Is syncmode disabled?
{Sun 23:56:46 Step:1351} Server_Comm.py: The agent lost 3 consecutive packets! Is syncmode disabled?
{Sun 23:56:46 Step:1357} Server_Comm.py: The agent lost 5 consecutive packets! Is syncmode disabled?
{Sun 23:56:46 Step:1371} Server_Comm.py: The agent lost 13 consecutive packets! Is syncmode disabled?
{Sun 23:56:46 Step:1379} Server_Comm.py: The agent lost 7 consecutive packets! Is syncmode disabled?
{Sun 23:56:46 Step:1382} Server_Comm.py: The agent lost 2 consecutive packets! Is syncmode disabled?
{Sun 23:56:46 Step:1386} Server_Comm.py: The agent lost 2 consecutive packets! Is syncmode disabled?
{Sun 23:56:46 Step:1390} Server_Comm.py: The agent lost 2 consecutive packets! Is syncmode disabled?
{Sun 23:56:46 Step:1393} Server_Comm.py: The agent lost 1 packet! Is syncmode enabled?
{Sun 23:56:46 Step:1396} Server_Comm.py: The agent lost 2 consecutive packets! Is syncmode disabled?
{Sun 23:56:46 Step:1399} Server_Comm.py: The agent lost 1 packet! Is syncmode enabled?
{Sun 23:56:46 Step:1401} Server_Comm.py: The agent lost 1 packet! Is syncmode enabled?
{Sun 23:56:46 Step:1403} Server_Comm.py: The agent lost 1 packet! Is syncmode enabled?
{Sun 23:56:46 Step:1406} Server_Comm.py: The agent lost 2 consecutive packets! Is syncmode disabled?
{Sun 23:56:46 Step:1409} Server_Comm.py: The agent lost 1 packet! Is syncmode enabled?
{Sun 23:56:46 Step:1412} Server_Comm.py: The agent lost 2 consecutive packets! Is syncmode disabled?
{Sun 23:56:46 Step:1415} Server_Comm.py: The agent lost 1 packet! Is syncmode enabled?
{Sun 23:56:46 Step:1418} Server_Comm.py: The agent lost 2 consecutive packets! Is syncmode disabled?
{Sun 23:56:46 Step:1422} Server_Comm.py: The agent lost 2 consecutive packets! Is syncmode disabled?
{Sun 23:56:46 Step:1424} Server_Comm.py: The agent lost 1 packet! Is syncmode enabled?
{Sun 23:56:46 Step:1427} Server_Comm.py: The agent lost 1 packet! Is syncmode enabled?
{Sun 23:56:46 Step:1429} Server_Comm.py: The agent lost 1 packet! Is syncmode enabled?
{Sun 23:56:46 Step:1432} Server_Comm.py: The agent lost 2 consecutive packets! Is syncmode disabled?
{Sun 23:56:46 Step:1434} Server_Comm.py: The agent lost 1 packet! Is syncmode enabled?
{Sun 23:56:46 Step:1440} Server_Comm.py: The agent lost 2 consecutive packets! Is syncmode disabled?
{Sun 23:56:46 Step:1442} Server_Comm.py: The agent lost 1 packet! Is syncmode enabled?
{Sun 23:56:46 Step:1444} Server_Comm.py: The agent lost 1 packet! Is syncmode enabled?
{Sun 23:56:46 Step:1449} Server_Comm.py: The agent lost 3 consecutive packets! Is syncmode disabled?
{Sun 23:56:46 Step:1451} Server_Comm.py: The agent lost 1 packet! Is syncmode enabled?
{Sun 23:56:46 Step:1454} Server_Comm.py: The agent lost 2 consecutive packets! Is syncmode disabled?
{Sun 23:56:46 Step:1456} Server_Comm.py: The agent lost 1 packet! Is syncmode enabled?
{Sun 23:56:46 Step:1458} Server_Comm.py: The agent lost 1 packet! Is syncmode enabled?
{Sun 23:56:46 Step:1462} Server_Comm.py: The agent lost 2 consecutive packets! Is syncmode disabled?
{Sun 23:56:46 Step:1464} Server_Comm.py: The agent lost 1 packet! Is syncmode enabled?
{Sun 23:56:46 Step:1468} Server_Comm.py: The agent lost 2 consecutive packets! Is syncmode disabled?
{Sun 23:56:46 Step:1472} Server_Comm.py: The agent lost 2 consecutive packets! Is syncmode disabled?
{Sun 23:56:46 Step:1476} Server_Comm.py: The agent lost 2 consecutive packets! Is syncmode disabled?
{Sun 23:56:46 Step:1478} Server_Comm.py: The agent lost 1 packet! Is syncmode enabled?
{Sun 23:56:46 Step:1508} Server_Comm.py: The agent lost 1 packet! Is syncmode enabled?
{Sun 23:56:46 Step:1511} Server_Comm.py: The agent lost 1 packet! Is syncmode enabled?
{Sun 23:56:46 Step:1513} Server_Comm.py: The agent lost 1 packet! Is syncmode enabled?
{Sun 23:56:46 Step:1515} Server_Comm.py: The agent lost 1 packet! Is syncmode enabled?
{Sun 23:56:46 Step:1517} Server_Comm.py: The agent lost 1 packet! Is syncmode enabled?
{Sun 23:56:46 Step:1521} Server_Comm.py: The agent lost 3 consecutive packets! Is syncmode disabled?
{Sun 23:56:46 Step:1525} Server_Comm.py: The agent lost 3 consecutive packets! Is syncmode disabled?
{Sun 23:56:46 Step:1532} Server_Comm.py: The agent lost 6 consecutive packets! Is syncmode disabled?
{Sun 23:56:46 Step:1536} Server_Comm.py: The agent lost 3 consecutive packets! Is syncmode disabled?
{Sun 23:56:46 Step:1545} Server_Comm.py: The agent lost 8 consecutive packets! Is syncmode disabled?
{Sun 23:56:46 Step:1551} Server_Comm.py: The agent lost 5 consecutive packets! Is syncmode disabled?
{Sun 23:56:46 Step:1554} Server_Comm.py: The agent lost 2 consecutive packets! Is syncmode disabled?
{Sun 23:56:46 Step:1558} Server_Comm.py: The agent lost 2 consecutive packets! Is syncmode disabled?
{Sun 23:56:46 Step:1561} Server_Comm.py: The agent lost 1 packet! Is syncmode enabled?
{Sun 23:56:46 Step:1564} Server_Comm.py: The agent lost 2 consecutive packets! Is syncmode disabled?
{Sun 23:56:46 Step:1567} Server_Comm.py: The agent lost 1 packet! Is syncmode enabled?
{Sun 23:56:46 Step:1569} Server_Comm.py: The agent lost 1 packet! Is syncmode enabled?
{Sun 23:56:46 Step:1572} Server_Comm.py: The agent lost 2 consecutive packets! Is syncmode disabled?
{Sun 23:56:46 Step:1574} Server_Comm.py: The agent lost 1 packet! Is syncmode enabled?
{Sun 23:56:46 Step:1578} Server_Comm.py: The agent lost 2 consecutive packets! Is syncmode disabled?
{Sun 23:56:46 Step:1580} Server_Comm.py: The agent lost 1 packet! Is syncmode enabled?
{Sun 23:56:46 Step:1592} Server_Comm.py: The agent lost 1 packet! Is syncmode enabled?
{Sun 23:56:46 Step:1595} Server_Comm.py: The agent lost 2 consecutive packets! Is syncmode disabled?
{Sun 23:56:46 Step:1597} Server_Comm.py: The agent lost 1 packet! Is syncmode enabled?
{Sun 23:56:46 Step:1656} Server_Comm.py: The agent lost 1 packet! Is syncmode enabled?
{Sun 23:56:46 Step:1658} Server_Comm.py: The agent lost 1 packet! Is syncmode enabled?
{Sun 23:56:46 Step:1661} Server_Comm.py: The agent lost 1 packet! Is syncmode enabled?
{Sun 23:56:46 Step:1675} Server_Comm.py: The agent lost 13 consecutive packets! Is syncmode disabled?
{Sun 23:56:46 Step:1682} Server_Comm.py: The agent lost 6 consecutive packets! Is syncmode disabled?
{Sun 23:56:46 Step:1685} Server_Comm.py: The agent lost 2 consecutive packets! Is syncmode disabled?
{Sun 23:56:46 Step:1687} Server_Comm.py: The agent lost 1 packet! Is syncmode enabled?
{Sun 23:56:46 Step:1689} Server_Comm.py: The agent lost 1 packet! Is syncmode enabled?
{Sun 23:56:46 Step:1691} Server_Comm.py: The agent lost 1 packet! Is syncmode enabled?
{Sun 23:56:46 Step:1694} Server_Comm.py: The agent lost 2 consecutive packets! Is syncmode disabled?
{Sun 23:56:46 Step:1698} Server_Comm.py: The agent lost 2 consecutive packets! Is syncmode disabled?
{Sun 23:56:46 Step:1700} Server_Comm.py: The agent lost 1 packet! Is syncmode enabled?
{Sun 23:56:46 Step:1702} Server_Comm.py: The agent lost 1 packet! Is syncmode enabled?
{Sun 23:56:46 Step:1706} Server_Comm.py: The agent lost 2 consecutive packets! Is syncmode disabled?
{Sun 23:56:46 Step:1708} Server_Comm.py: The agent lost 1 packet! Is syncmode enabled?
{Sun 23:56:46 Step:1711} Server_Comm.py: The agent lost 2 consecutive packets! Is syncmode disabled?
{Sun 23:56:46 Step:1714} Server_Comm.py: The agent lost 2 consecutive packets! Is syncmode disabled?
{Sun 23:56:46 Step:1716} Server_Comm.py: The agent lost 1 packet! Is syncmode enabled?
{Sun 23:56:46 Step:1718} Server_Comm.py: The agent lost 1 packet! Is syncmode enabled?
{Sun 23:56:46 Step:1720} Server_Comm.py: The agent lost 1 packet! Is syncmode enabled?
{Sun 23:56:46 Step:1722} Server_Comm.py: The agent lost 1 packet! Is syncmode enabled?
{Sun 23:56:46 Step:1724} Server_Comm.py: The agent lost 1 packet! Is syncmode enabled?
{Sun 23:56:46 Step:1727} Server_Comm.py: The agent lost 2 consecutive packets! Is syncmode disabled?
{Sun 23:56:46 Step:1732} Server_Comm.py: The agent lost 4 consecutive packets! Is syncmode disabled?
{Sun 23:56:46 Step:1736} Server_Comm.py: The agent lost 3 consecutive packets! Is syncmode disabled?
{Sun 23:56:46 Step:1739} Server_Comm.py: The agent lost 2 consecutive packets! Is syncmode disabled?
{Sun 23:56:46 Step:1744} Server_Comm.py: The agent lost 4 consecutive packets! Is syncmode disabled?
{Sun 23:56:46 Step:1746} Server_Comm.py: The agent lost 1 packet! Is syncmode enabled?
{Sun 23:56:46 Step:1747} Server_Comm.py: Received a new packet while thinking!
{Sun 23:56:46 Step:1779} Server_Comm.py: The agent lost 31 consecutive packets! Is syncmode disabled?
{Sun 23:56:46 Step:1791} Server_Comm.py: The agent lost 11 consecutive packets! Is syncmode disabled?
{Sun 23:56:46 Step:1797} Server_Comm.py: The agent lost 5 consecutive packets! Is syncmode disabled?
{Sun 23:56:46 Step:1801} Server_Comm.py: The agent lost 3 consecutive packets! Is syncmode disabled?
{Sun 23:56:46 Step:1803} Server_Comm.py: The agent lost 1 packet! Is syncmode enabled?
{Sun 23:56:46 Step:1805} Server_Comm.py: The agent lost 1 packet! Is syncmode enabled?
{Sun 23:56:46 Step:1808} Server_Comm.py: The agent lost 1 packet! Is syncmode enabled?
{Sun 23:56:46 Step:1811} Server_Comm.py: The agent lost 1 packet! Is syncmode enabled?
{Sun 23:56:46 Step:1813} Server_Comm.py: The agent lost 1 packet! Is syncmode enabled?
{Sun 23:56:46 Step:1817} Server_Comm.py: The agent lost 3 consecutive packets! Is syncmode disabled?
{Sun 23:56:46 Step:1820} Server_Comm.py: The agent lost 2 consecutive packets! Is syncmode disabled?
{Sun 23:56:46 Step:1823} Server_Comm.py: The agent lost 1 packet! Is syncmode enabled?
{Sun 23:56:46 Step:1825} Server_Comm.py: The agent lost 1 packet! Is syncmode enabled?
{Sun 23:56:46 Step:1827} Server_Comm.py: The agent lost 1 packet! Is syncmode enabled?
{Sun 23:56:46 Step:1830} Server_Comm.py: The agent lost 2 consecutive packets! Is syncmode disabled?
{Sun 23:56:46 Step:1832} Server_Comm.py: The agent lost 1 packet! Is syncmode enabled?
{Sun 23:56:46 Step:1835} Server_Comm.py: The agent lost 1 packet! Is syncmode enabled?
{Sun 23:56:46 Step:1837} Server_Comm.py: The agent lost 1 packet! Is syncmode enabled?
{Sun 23:56:46 Step:1840} Server_Comm.py: The agent lost 2 consecutive packets! Is syncmode disabled?
{Sun 23:56:46 Step:1844} Server_Comm.py: The agent lost 2 consecutive packets! Is syncmode disabled?
{Sun 23:56:46 Step:1846} Server_Comm.py: The agent lost 1 packet! Is syncmode enabled?
{Sun 23:56:46 Step:1848} Server_Comm.py: The agent lost 1 packet! Is syncmode enabled?
{Sun 23:56:46 Step:1852} Server_Comm.py: The agent lost 2 consecutive packets! Is syncmode disabled?
{Sun 23:56:46 Step:1856} Server_Comm.py: The agent lost 2 consecutive packets! Is syncmode disabled?
{Sun 23:56:46 Step:1858} Server_Comm.py: The agent lost 1 packet! Is syncmode enabled?
{Sun 23:56:46 Step:1862} Server_Comm.py: The agent lost 2 consecutive packets! Is syncmode disabled?
{Sun 23:56:46 Step:1866} Server_Comm.py: The agent lost 2 consecutive packets! Is syncmode disabled?
{Sun 23:56:46 Step:1870} Server_Comm.py: The agent lost 2 consecutive packets! Is syncmode disabled?
{Sun 23:56:46 Step:1874} Server_Comm.py: The agent lost 2 consecutive packets! Is syncmode disabled?
{Sun 23:56:46 Step:1876} Server_Comm.py: The agent lost 1 packet! Is syncmode enabled?
{Sun 23:56:46 Step:1879} Server_Comm.py: The agent lost 1 packet! Is syncmode enabled?
{Sun 23:56:46 Step:1881} Server_Comm.py: The agent lost 1 packet! Is syncmode enabled?
{Sun 23:56:46 Step:1884} Server_Comm.py: The agent lost 2 consecutive packets! Is syncmode disabled?
{Sun 23:56:46 Step:1902} Server_Comm.py: The agent lost 17 consecutive packets! Is syncmode disabled?
{Sun 23:56:46 Step:1909} Server_Comm.py: The agent lost 6 consecutive packets! Is syncmode disabled?
{Sun 23:56:46 Step:1913} Server_Comm.py: The agent lost 3 consecutive packets! Is syncmode disabled?
{Sun 23:56:46 Step:1915} Server_Comm.py: The agent lost 1 packet! Is syncmode enabled?
{Sun 23:56:46 Step:1919} Server_Comm.py: The agent lost 1 packet! Is syncmode enabled?
{Sun 23:56:46 Step:1923} Server_Comm.py: The agent lost 1 packet! Is syncmode enabled?
{Sun 23:56:46 Step:1939} Server_Comm.py: The agent lost 1 packet! Is syncmode enabled?
{Sun 23:56:46 Step:1943} Server_Comm.py: The agent lost 1 packet! Is syncmode enabled?
{Sun 23:56:46 Step:1960} Server_Comm.py: The agent lost 1 packet! Is syncmode enabled?
{Sun 23:56:46 Step:1963} Server_Comm.py: The agent lost 1 packet! Is syncmode enabled?
{Sun 23:56:46 Step:1969} Server_Comm.py: The agent lost 1 packet! Is syncmode enabled?
{Sun 23:56:46 Step:1975} Server_Comm.py: The agent lost 1 packet! Is syncmode enabled?
{Sun 23:56:46 Step:1982} Server_Comm.py: The agent lost 1 packet! Is syncmode enabled?
{Sun 23:56:46 Step:1984} Server_Comm.py: The agent lost 1 packet! Is syncmode enabled?
{Sun 23:56:46 Step:1989} Server_Comm.py: The agent lost 1 packet! Is syncmode enabled?
{Sun 23:56:46 Step:2011} Server_Comm.py: The agent lost 1 packet! Is syncmode enabled?
{Sun 23:56:46 Step:2013} Server_Comm.py: The agent lost 1 packet! Is syncmode enabled?
{Sun 23:56:46 Step:2020} Server_Comm.py: The agent lost 6 consecutive packets! Is syncmode disabled?
{Sun 23:56:46 Step:2022} Server_Comm.py: The agent lost 1 packet! Is syncmode enabled?
{Sun 23:56:46 Step:2025} Server_Comm.py: The agent lost 1 packet! Is syncmode enabled?
{Sun 23:56:46 Step:2027} Server_Comm.py: The agent lost 1 packet! Is syncmode enabled?
{Sun 23:56:46 Step:2030} Server_Comm.py: The agent lost 2 consecutive packets! Is syncmode disabled?
{Sun 23:56:46 Step:2034} Server_Comm.py: The agent lost 2 consecutive packets! Is syncmode disabled?
{Sun 23:56:46 Step:2038} Server_Comm.py: The agent lost 2 consecutive packets! Is syncmode disabled?
{Sun 23:56:46 Step:2043} Server_Comm.py: The agent lost 3 consecutive packets! Is syncmode disabled?
{Sun 23:56:46 Step:2045} Server_Comm.py: The agent lost 1 packet! Is syncmode enabled?
{Sun 23:56:46 Step:2049} Server_Comm.py: The agent lost 1 packet! Is syncmode enabled?
{Sun 23:56:46 Step:2052} Server_Comm.py: The agent lost 2 consecutive packets! Is syncmode disabled?
{Sun 23:56:46 Step:2062} Server_Comm.py: The agent lost 1 packet! Is syncmode enabled?
{Sun 23:56:46 Step:2064} Server_Comm.py: The agent lost 1 packet! Is syncmode enabled?
{Sun 23:56:46 Step:2084} Server_Comm.py: The agent lost 1 packet! Is syncmode enabled?
{Sun 23:56:46 Step:2086} Server_Comm.py: The agent lost 1 packet! Is syncmode enabled?
{Sun 23:56:46 Step:2088} Server_Comm.py: The agent lost 1 packet! Is syncmode enabled?
{Sun 23:56:46 Step:2093} Server_Comm.py: The agent lost 4 consecutive packets! Is syncmode disabled?
{Sun 23:56:46 Step:2098} Server_Comm.py: The agent lost 4 consecutive packets! Is syncmode disabled?
{Sun 23:56:46 Step:2102} Server_Comm.py: The agent lost 3 consecutive packets! Is syncmode disabled?
{Sun 23:56:46 Step:2107} Server_Comm.py: The agent lost 4 consecutive packets! Is syncmode disabled?
{Sun 23:56:46 Step:2112} Server_Comm.py: The agent lost 4 consecutive packets! Is syncmode disabled?
{Sun 23:56:46 Step:2114} Server_Comm.py: The agent lost 1 packet! Is syncmode enabled?
{Sun 23:56:46 Step:2116} Server_Comm.py: The agent lost 1 packet! Is syncmode enabled?
{Sun 23:56:46 Step:2119} Server_Comm.py: The agent lost 1 packet! Is syncmode enabled?
{Sun 23:56:46 Step:2121} Server_Comm.py: The agent lost 1 packet! Is syncmode enabled?
{Sun 23:56:46 Step:2124} Server_Comm.py: The agent lost 2 consecutive packets! Is syncmode disabled?
{Sun 23:56:46 Step:2127} Server_Comm.py: The agent lost 1 packet! Is syncmode enabled?
{Sun 23:56:46 Step:2130} Server_Comm.py: The agent lost 1 packet! Is syncmode enabled?
{Sun 23:56:46 Step:2133} Server_Comm.py: The agent lost 2 consecutive packets! Is syncmode disabled?
{Sun 23:56:46 Step:2135} Server_Comm.py: The agent lost 1 packet! Is syncmode enabled?
{Sun 23:56:46 Step:2137} Server_Comm.py: The agent lost 1 packet! Is syncmode enabled?
{Sun 23:56:46 Step:2139} Server_Comm.py: The agent lost 1 packet! Is syncmode enabled?
{Sun 23:56:46 Step:2141} Server_Comm.py: The agent lost 1 packet! Is syncmode enabled?
{Sun 23:56:46 Step:2143} Server_Comm.py: The agent lost 1 packet! Is syncmode enabled?
{Sun 23:56:46 Step:2145} Server_Comm.py: The agent lost 1 packet! Is syncmode enabled?
{Sun 23:56:46 Step:2148} Server_Comm.py: The agent lost 2 consecutive packets! Is syncmode disabled?
{Sun 23:56:46 Step:2151} Server_Comm.py: The agent lost 2 consecutive packets! Is syncmode disabled?
{Sun 23:56:46 Step:2153} Server_Comm.py: The agent lost 1 packet! Is syncmode enabled?
{Sun 23:56:46 Step:2157} Server_Comm.py: The agent lost 3 consecutive packets! Is syncmode disabled?
{Sun 23:56:46 Step:2159} Server_Comm.py: The agent lost 1 packet! Is syncmode enabled?
{Sun 23:56:46 Step:2161} Server_Comm.py: The agent lost 1 packet! Is syncmode enabled?
{Sun 23:56:46 Step:2163} Server_Comm.py: The agent lost 1 packet! Is syncmode enabled?
{Sun 23:56:46 Step:2165} Server_Comm.py: The agent lost 1 packet! Is syncmode enabled?
{Sun 23:56:46 Step:2167} Server_Comm.py: The agent lost 1 packet! Is syncmode enabled?
{Sun 23:56:46 Step:2171} Server_Comm.py: The agent lost 1 packet! Is syncmode enabled?
{Sun 23:56:46 Step:2173} Server_Comm.py: The agent lost 1 packet! Is syncmode enabled?
{Sun 23:56:46 Step:2175} Server_Comm.py: The agent lost 1 packet! Is syncmode enabled?
{Sun 23:56:46 Step:2177} Server_Comm.py: The agent lost 1 packet! Is syncmode enabled?
{Sun 23:56:46 Step:2180} Server_Comm.py: The agent lost 2 consecutive packets! Is syncmode disabled?
{Sun 23:56:46 Step:2187} Server_Comm.py: The agent lost 3 consecutive packets! Is syncmode disabled?
{Sun 23:56:46 Step:2191} Server_Comm.py: The agent lost 3 consecutive packets! Is syncmode disabled?
{Sun 23:56:46 Step:2195} Server_Comm.py: The agent lost 3 consecutive packets! Is syncmode disabled?
{Sun 23:56:46 Step:2195} Server_Comm.py: Received a new packet while thinking!
{Sun 23:56:46 Step:2316} Server_Comm.py: The agent lost 120 consecutive packets! Is syncmode disabled?
{Sun 23:56:46 Step:2334} Server_Comm.py: The agent lost 17 consecutive packets! Is syncmode disabled?
{Sun 23:56:46 Step:2340} Server_Comm.py: The agent lost 5 consecutive packets! Is syncmode disabled?
{Sun 23:56:46 Step:2343} Server_Comm.py: The agent lost 2 consecutive packets! Is syncmode disabled?
{Sun 23:56:46 Step:2345} Server_Comm.py: The agent lost 1 packet! Is syncmode enabled?
{Sun 23:56:46 Step:2349} Server_Comm.py: The agent lost 3 consecutive packets! Is syncmode disabled?
{Sun 23:56:46 Step:2351} Server_Comm.py: The agent lost 1 packet! Is syncmode enabled?
{Sun 23:56:46 Step:2355} Server_Comm.py: The agent lost 3 consecutive packets! Is syncmode disabled?
{Sun 23:56:46 Step:2358} Server_Comm.py: The agent lost 2 consecutive packets! Is syncmode disabled?
{Sun 23:56:47 Step:2359} Server_Comm.py: Received a new packet while thinking!
{Sun 23:56:47 Step:2419} Server_Comm.py: The agent lost 59 consecutive packets! Is syncmode disabled?
{Sun 23:56:47 Step:2455} Server_Comm.py: The agent lost 35 consecutive packets! Is syncmode disabled?
{Sun 23:56:47 Step:2461} Server_Comm.py: The agent lost 5 consecutive packets! Is syncmode disabled?
{Sun 23:56:47 Step:2463} Server_Comm.py: The agent lost 1 packet! Is syncmode enabled?
{Sun 23:56:47 Step:2467} Server_Comm.py: The agent lost 1 packet! Is syncmode enabled?
{Sun 23:56:47 Step:2469} Server_Comm.py: The agent lost 1 packet! Is syncmode enabled?
{Sun 23:56:47 Step:2473} Server_Comm.py: The agent lost 1 packet! Is syncmode enabled?
{Sun 23:56:47 Step:2476} Server_Comm.py: The agent lost 2 consecutive packets! Is syncmode disabled?
{Sun 23:56:47 Step:2478} Server_Comm.py: The agent lost 1 packet! Is syncmode enabled?
{Sun 23:56:47 Step:2483} Server_Comm.py: The agent lost 1 packet! Is syncmode enabled?
{Sun 23:56:47 Step:2489} Server_Comm.py: The agent lost 1 packet! Is syncmode enabled?
{Sun 23:56:47 Step:2494} Server_Comm.py: The agent lost 1 packet! Is syncmode enabled?
{Sun 23:56:47 Step:2501} Server_Comm.py: The agent lost 1 packet! Is syncmode enabled?
{Sun 23:56:47 Step:2504} Server_Comm.py: The agent lost 2 consecutive packets! Is syncmode disabled?
{Sun 23:56:47 Step:2506} Server_Comm.py: The agent lost 1 packet! Is syncmode enabled?
{Sun 23:56:47 Step:2509} Server_Comm.py: The agent lost 1 packet! Is syncmode enabled?
{Sun 23:56:47 Step:2511} Server_Comm.py: The agent lost 1 packet! Is syncmode enabled?
{Sun 23:56:47 Step:2514} Server_Comm.py: The agent lost 2 consecutive packets! Is syncmode disabled?
{Sun 23:56:47 Step:2514} Server_Comm.py: Received a new packet while thinking!
{Sun 23:56:47 Step:2593} Server_Comm.py: The agent lost 78 consecutive packets! Is syncmode disabled?
{Sun 23:56:47 Step:2602} Server_Comm.py: The agent lost 8 consecutive packets! Is syncmode disabled?
{Sun 23:56:47 Step:2605} Server_Comm.py: The agent lost 2 consecutive packets! Is syncmode disabled?
{Sun 23:56:47 Step:2607} Server_Comm.py: The agent lost 1 packet! Is syncmode enabled?
{Sun 23:56:47 Step:2609} Server_Comm.py: The agent lost 1 packet! Is syncmode enabled?
{Sun 23:56:47 Step:2612} Server_Comm.py: The agent lost 2 consecutive packets! Is syncmode disabled?
{Sun 23:56:47 Step:2614} Server_Comm.py: The agent lost 1 packet! Is syncmode enabled?
{Sun 23:56:47 Step:2617} Server_Comm.py: The agent lost 1 packet! Is syncmode enabled?
{Sun 23:56:47 Step:2619} Server_Comm.py: The agent lost 1 packet! Is syncmode enabled?
{Sun 23:56:47 Step:2621} Server_Comm.py: The agent lost 1 packet! Is syncmode enabled?
{Sun 23:56:47 Step:2624} Server_Comm.py: The agent lost 1 packet! Is syncmode enabled?
{Sun 23:56:47 Step:2629} Server_Comm.py: The agent lost 1 packet! Is syncmode enabled?
{Sun 23:56:47 Step:2631} Server_Comm.py: The agent lost 1 packet! Is syncmode enabled?
{Sun 23:56:47 Step:2635} Server_Comm.py: The agent lost 1 packet! Is syncmode enabled?
{Sun 23:56:47 Step:2637} Server_Comm.py: The agent lost 1 packet! Is syncmode enabled?
{Sun 23:56:47 Step:2639} Server_Comm.py: The agent lost 1 packet! Is syncmode enabled?
{Sun 23:56:47 Step:2641} Server_Comm.py: The agent lost 1 packet! Is syncmode enabled?
{Sun 23:56:47 Step:2643} Server_Comm.py: The agent lost 1 packet! Is syncmode enabled?
{Sun 23:56:47 Step:2645} Server_Comm.py: The agent lost 1 packet! Is syncmode enabled?
{Sun 23:56:47 Step:2651} Server_Comm.py: The agent lost 1 packet! Is syncmode enabled?
{Sun 23:56:47 Step:2653} Server_Comm.py: The agent lost 1 packet! Is syncmode enabled?
{Sun 23:56:47 Step:2655} Server_Comm.py: The agent lost 1 packet! Is syncmode enabled?
{Sun 23:56:47 Step:2657} Server_Comm.py: The agent lost 1 packet! Is syncmode enabled?
{Sun 23:56:47 Step:2663} Server_Comm.py: The agent lost 1 packet! Is syncmode enabled?
{Sun 23:56:47 Step:2665} Server_Comm.py: The agent lost 1 packet! Is syncmode enabled?
{Sun 23:56:47 Step:2671} Server_Comm.py: The agent lost 1 packet! Is syncmode enabled?
{Sun 23:56:47 Step:2673} Server_Comm.py: The agent lost 1 packet! Is syncmode enabled?
{Sun 23:56:47 Step:2683} Server_Comm.py: The agent lost 1 packet! Is syncmode enabled?
{Sun 23:56:47 Step:2685} Server_Comm.py: The agent lost 1 packet! Is syncmode enabled?
{Sun 23:56:47 Step:2687} Server_Comm.py: The agent lost 1 packet! Is syncmode enabled?
{Sun 23:56:47 Step:2689} Server_Comm.py: The agent lost 1 packet! Is syncmode enabled?
{Sun 23:56:47 Step:2691} Server_Comm.py: The agent lost 1 packet! Is syncmode enabled?
{Sun 23:56:47 Step:2694} Server_Comm.py: The agent lost 1 packet! Is syncmode enabled?
{Sun 23:56:47 Step:2699} Server_Comm.py: The agent lost 1 packet! Is syncmode enabled?
{Sun 23:56:47 Step:2703} Server_Comm.py: The agent lost 1 packet! Is syncmode enabled?
{Sun 23:56:47 Step:2717} Server_Comm.py: The agent lost 1 packet! Is syncmode enabled?
{Sun 23:56:47 Step:2719} Server_Comm.py: The agent lost 1 packet! Is syncmode enabled?
{Sun 23:56:47 Step:2725} Server_Comm.py: The agent lost 1 packet! Is syncmode enabled?
{Sun 23:56:47 Step:2727} Server_Comm.py: The agent lost 1 packet! Is syncmode enabled?
{Sun 23:56:47 Step:2729} Server_Comm.py: The agent lost 1 packet! Is syncmode enabled?
{Sun 23:56:47 Step:2755} Server_Comm.py: The agent lost 25 consecutive packets! Is syncmode disabled?
{Sun 23:56:47 Step:2766} Server_Comm.py: The agent lost 10 consecutive packets! Is syncmode disabled?
{Sun 23:56:47 Step:2769} Server_Comm.py: The agent lost 2 consecutive packets! Is syncmode disabled?
{Sun 23:56:47 Step:2775} Server_Comm.py: The agent lost 5 consecutive packets! Is syncmode disabled?
{Sun 23:56:47 Step:2780} Server_Comm.py: The agent lost 4 consecutive packets! Is syncmode disabled?
{Sun 23:56:47 Step:2782} Server_Comm.py: The agent lost 1 packet! Is syncmode enabled?
{Sun 23:56:47 Step:2787} Server_Comm.py: The agent lost 1 packet! Is syncmode enabled?
{Sun 23:56:47 Step:2800} Server_Comm.py: The agent lost 1 packet! Is syncmode enabled?
{Sun 23:56:47 Step:2802} Server_Comm.py: The agent lost 1 packet! Is syncmode enabled?
{Sun 23:56:47 Step:2804} Server_Comm.py: The agent lost 1 packet! Is syncmode enabled?
{Sun 23:56:47 Step:2806} Server_Comm.py: The agent lost 1 packet! Is syncmode enabled?
{Sun 23:56:47 Step:2809} Server_Comm.py: The agent lost 1 packet! Is syncmode enabled?
{Sun 23:56:47 Step:2811} Server_Comm.py: The agent lost 1 packet! Is syncmode enabled?
{Sun 23:56:47 Step:2814} Server_Comm.py: The agent lost 2 consecutive packets! Is syncmode disabled?
{Sun 23:56:47 Step:2817} Server_Comm.py: The agent lost 2 consecutive packets! Is syncmode disabled?
{Sun 23:56:47 Step:2819} Server_Comm.py: The agent lost 1 packet! Is syncmode enabled?
{Sun 23:56:47 Step:2821} Server_Comm.py: The agent lost 1 packet! Is syncmode enabled?
{Sun 23:56:47 Step:2824} Server_Comm.py: The agent lost 2 consecutive packets! Is syncmode disabled?
{Sun 23:56:47 Step:2829} Server_Comm.py: The agent lost 1 packet! Is syncmode enabled?
{Sun 23:56:47 Step:2879} Server_Comm.py: The agent lost 1 packet! Is syncmode enabled?
{Sun 23:56:47 Step:2884} Server_Comm.py: The agent lost 4 consecutive packets! Is syncmode disabled?
{Sun 23:56:47 Step:2889} Server_Comm.py: The agent lost 4 consecutive packets! Is syncmode disabled?
{Sun 23:56:47 Step:2896} Server_Comm.py: The agent lost 6 consecutive packets! Is syncmode disabled?
{Sun 23:56:47 Step:2896} Server_Comm.py: Received a new packet while thinking!
{Sun 23:56:47 Step:3280} Server_Comm.py: The agent lost 383 consecutive packets! Is syncmode disabled?
{Sun 23:56:47 Step:3280} Server_Comm.py: Received a new packet while on world.update()!
{Sun 23:56:47 Step:3282} Server_Comm.py: The agent lost 1 packet! Is syncmode enabled?
{Sun 23:56:47 Step:3282} Server_Comm.py: Received a new packet while on world.update()!
{Sun 23:56:47 Step:3286} Server_Comm.py: The agent lost 3 consecutive packets! Is syncmode disabled?
{Sun 23:56:47 Step:3286} Server_Comm.py: Received a new packet while on world.update()!
{Sun 23:56:47 Step:3292} Server_Comm.py: The agent lost 5 consecutive packets! Is syncmode disabled?
{Sun 23:56:47 Step:3292} Server_Comm.py: Received a new packet while on world.update()!
{Sun 23:56:47 Step:3295} Server_Comm.py: The agent lost 2 consecutive packets! Is syncmode disabled?
{Sun 23:56:47 Step:3295} Server_Comm.py: Received a new packet while on world.update()!
{Sun 23:56:47 Step:3300} Server_Comm.py: The agent lost 4 consecutive packets! Is syncmode disabled?
{Sun 23:56:47 Step:3300} Server_Comm.py: Received a new packet while on world.update()!
{Sun 23:56:47 Step:3302} Server_Comm.py: The agent lost 1 packet! Is syncmode enabled?
{Sun 23:56:47 Step:3302} Server_Comm.py: Received a new packet while on world.update()!
{Sun 23:56:47 Step:3304} Server_Comm.py: The agent lost 1 packet! Is syncmode enabled?
{Sun 23:56:47 Step:3304} Server_Comm.py: Received a new packet while on world.update()!
{Sun 23:56:47 Step:3306} Server_Comm.py: The agent lost 1 packet! Is syncmode enabled?
{Sun 23:56:47 Step:3306} Server_Comm.py: Received a new packet while on world.update()!
{Sun 23:56:47 Step:3308} Server_Comm.py: The agent lost 1 packet! Is syncmode enabled?
{Sun 23:56:47 Step:3308} Server_Comm.py: Received a new packet while on world.update()!
{Sun 23:56:47 Step:3309} Server_Comm.py: Received a new packet while on world.update()!
{Sun 23:56:47 Step:3314} Server_Comm.py: The agent lost 4 consecutive packets! Is syncmode disabled?
{Sun 23:56:47 Step:3314} Server_Comm.py: Received a new packet while on world.update()!
{Sun 23:56:47 Step:3316} Server_Comm.py: The agent lost 1 packet! Is syncmode enabled?
{Sun 23:56:47 Step:3316} Server_Comm.py: Received a new packet while on world.update()!
{Sun 23:56:47 Step:3320} Server_Comm.py: The agent lost 3 consecutive packets! Is syncmode disabled?
{Sun 23:56:47 Step:3320} Server_Comm.py: Received a new packet while on world.update()!
{Sun 23:56:47 Step:3322} Server_Comm.py: The agent lost 1 packet! Is syncmode enabled?
{Sun 23:56:47 Step:3322} Server_Comm.py: Received a new packet while on world.update()!
{Sun 23:56:47 Step:3324} Server_Comm.py: The agent lost 1 packet! Is syncmode enabled?
{Sun 23:56:47 Step:3324} Server_Comm.py: Received a new packet while thinking!
{Sun 23:56:47 Step:3326} Server_Comm.py: The agent lost 1 packet! Is syncmode enabled?
{Sun 23:56:47 Step:3326} Server_Comm.py: Received a new packet while on world.update()!
{Sun 23:56:47 Step:3327} Server_Comm.py: Received a new packet while on world.update()!
{Sun 23:56:47 Step:3332} Server_Comm.py: The agent lost 4 consecutive packets! Is syncmode disabled?
{Sun 23:56:47 Step:3332} Server_Comm.py: Received a new packet while on world.update()!
{Sun 23:56:47 Step:3334} Server_Comm.py: The agent lost 1 packet! Is syncmode enabled?
{Sun 23:56:47 Step:3334} Server_Comm.py: Received a new packet while on world.update()!
{Sun 23:56:47 Step:3342} Server_Comm.py: The agent lost 7 consecutive packets! Is syncmode disabled?
{Sun 23:56:47 Step:3342} Server_Comm.py: Received a new packet while on world.update()!
{Sun 23:56:47 Step:3346} Server_Comm.py: The agent lost 3 consecutive packets! Is syncmode disabled?
{Sun 23:56:47 Step:3346} Server_Comm.py: Received a new packet while on world.update()!
{Sun 23:56:47 Step:3348} Server_Comm.py: The agent lost 1 packet! Is syncmode enabled?
{Sun 23:56:47 Step:3348} Server_Comm.py: Received a new packet while on world.update()!
{Sun 23:56:47 Step:3350} Server_Comm.py: The agent lost 1 packet! Is syncmode enabled?
{Sun 23:56:47 Step:3350} Server_Comm.py: Received a new packet while on world.update()!
{Sun 23:56:47 Step:3351} Server_Comm.py: Received a new packet while on world.update()!
{Sun 23:56:47 Step:3356} Server_Comm.py: The agent lost 4 consecutive packets! Is syncmode disabled?
{Sun 23:56:47 Step:3359} Server_Comm.py: The agent lost 2 consecutive packets! Is syncmode disabled?
{Sun 23:56:47 Step:3363} Server_Comm.py: The agent lost 3 consecutive packets! Is syncmode disabled?
{Sun 23:56:47 Step:3365} Server_Comm.py: The agent lost 1 packet! Is syncmode enabled?
{Sun 23:56:47 Step:3368} Server_Comm.py: The agent lost 2 consecutive packets! Is syncmode disabled?
{Sun 23:56:47 Step:3370} Server_Comm.py: The agent lost 1 packet! Is syncmode enabled?
{Sun 23:56:47 Step:3372} Server_Comm.py: The agent lost 1 packet! Is syncmode enabled?
{Sun 23:56:47 Step:3376} Server_Comm.py: The agent lost 2 consecutive packets! Is syncmode disabled?
{Sun 23:56:47 Step:3378} Server_Comm.py: The agent lost 1 packet! Is syncmode enabled?
{Sun 23:56:47 Step:3381} Server_Comm.py: The agent lost 1 packet! Is syncmode enabled?
{Sun 23:56:47 Step:3383} Server_Comm.py: The agent lost 1 packet! Is syncmode enabled?
{Sun 23:56:47 Step:3385} Server_Comm.py: The agent lost 1 packet! Is syncmode enabled?
{Sun 23:56:47 Step:3387} Server_Comm.py: The agent lost 1 packet! Is syncmode enabled?
{Sun 23:56:47 Step:3389} Server_Comm.py: The agent lost 1 packet! Is syncmode enabled?
{Sun 23:56:47 Step:3392} Server_Comm.py: The agent lost 2 consecutive packets! Is syncmode disabled?
{Sun 23:56:47 Step:3394} Server_Comm.py: The agent lost 1 packet! Is syncmode enabled?
{Sun 23:56:47 Step:3398} Server_Comm.py: The agent lost 2 consecutive packets! Is syncmode disabled?
{Sun 23:56:47 Step:3402} Server_Comm.py: The agent lost 2 consecutive packets! Is syncmode disabled?
{Sun 23:56:47 Step:3404} Server_Comm.py: The agent lost 1 packet! Is syncmode enabled?
{Sun 23:56:47 Step:3408} Server_Comm.py: The agent lost 2 consecutive packets! Is syncmode disabled?
{Sun 23:56:47 Step:3410} Server_Comm.py: The agent lost 1 packet! Is syncmode enabled?
{Sun 23:56:47 Step:3414} Server_Comm.py: The agent lost 2 consecutive packets! Is syncmode disabled?
{Sun 23:56:47 Step:3416} Server_Comm.py: The agent lost 1 packet! Is syncmode enabled?
{Sun 23:56:47 Step:3420} Server_Comm.py: The agent lost 2 consecutive packets! Is syncmode disabled?
{Sun 23:56:47 Step:3422} Server_Comm.py: The agent lost 1 packet! Is syncmode enabled?
{Sun 23:56:47 Step:3424} Server_Comm.py: The agent lost 1 packet! Is syncmode enabled?
{Sun 23:56:47 Step:3428} Server_Comm.py: The agent lost 2 consecutive packets! Is syncmode disabled?
{Sun 23:56:47 Step:3430} Server_Comm.py: The agent lost 1 packet! Is syncmode enabled?
{Sun 23:56:47 Step:3432} Server_Comm.py: The agent lost 1 packet! Is syncmode enabled?
{Sun 23:56:47 Step:3436} Server_Comm.py: The agent lost 2 consecutive packets! Is syncmode disabled?
{Sun 23:56:47 Step:3438} Server_Comm.py: The agent lost 1 packet! Is syncmode enabled?
{Sun 23:56:47 Step:3440} Server_Comm.py: The agent lost 1 packet! Is syncmode enabled?
{Sun 23:56:47 Step:3444} Server_Comm.py: The agent lost 2 consecutive packets! Is syncmode disabled?
{Sun 23:56:47 Step:3447} Server_Comm.py: The agent lost 1 packet! Is syncmode enabled?
{Sun 23:56:47 Step:3450} Server_Comm.py: The agent lost 2 consecutive packets! Is syncmode disabled?
{Sun 23:56:47 Step:3452} Server_Comm.py: The agent lost 1 packet! Is syncmode enabled?
{Sun 23:56:47 Step:3456} Server_Comm.py: The agent lost 2 consecutive packets! Is syncmode disabled?
{Sun 23:56:47 Step:3460} Server_Comm.py: The agent lost 2 consecutive packets! Is syncmode disabled?
{Sun 23:56:47 Step:3463} Server_Comm.py: The agent lost 1 packet! Is syncmode enabled?
{Sun 23:56:47 Step:3466} Server_Comm.py: The agent lost 2 consecutive packets! Is syncmode disabled?
{Sun 23:56:47 Step:3470} Server_Comm.py: The agent lost 2 consecutive packets! Is syncmode disabled?
{Sun 23:56:47 Step:3473} Server_Comm.py: The agent lost 2 consecutive packets! Is syncmode disabled?
{Sun 23:56:47 Step:3477} Server_Comm.py: The agent lost 3 consecutive packets! Is syncmode disabled?
{Sun 23:56:47 Step:3482} Server_Comm.py: The agent lost 4 consecutive packets! Is syncmode disabled?
{Sun 23:56:47 Step:3485} Server_Comm.py: The agent lost 2 consecutive packets! Is syncmode disabled?
{Sun 23:56:47 Step:3491} Server_Comm.py: The agent lost 5 consecutive packets! Is syncmode disabled?
{Sun 23:56:47 Step:3494} Server_Comm.py: The agent lost 2 consecutive packets! Is syncmode disabled?
{Sun 23:56:47 Step:3496} Server_Comm.py: The agent lost 1 packet! Is syncmode enabled?
{Sun 23:56:47 Step:3498} Server_Comm.py: The agent lost 1 packet! Is syncmode enabled?
{Sun 23:56:47 Step:3502} Server_Comm.py: The agent lost 2 consecutive packets! Is syncmode disabled?
{Sun 23:56:47 Step:3505} Server_Comm.py: The agent lost 1 packet! Is syncmode enabled?
{Sun 23:56:47 Step:3508} Server_Comm.py: The agent lost 2 consecutive packets! Is syncmode disabled?
{Sun 23:56:47 Step:3510} Server_Comm.py: The agent lost 1 packet! Is syncmode enabled?
{Sun 23:56:47 Step:3512} Server_Comm.py: The agent lost 1 packet! Is syncmode enabled?
{Sun 23:56:47 Step:3516} Server_Comm.py: The agent lost 2 consecutive packets! Is syncmode disabled?
{Sun 23:56:47 Step:3518} Server_Comm.py: The agent lost 1 packet! Is syncmode enabled?
{Sun 23:56:47 Step:3520} Server_Comm.py: The agent lost 1 packet! Is syncmode enabled?
{Sun 23:56:47 Step:3523} Server_Comm.py: The agent lost 1 packet! Is syncmode enabled?
{Sun 23:56:47 Step:3525} Server_Comm.py: The agent lost 1 packet! Is syncmode enabled?
{Sun 23:56:47 Step:3528} Server_Comm.py: The agent lost 2 consecutive packets! Is syncmode disabled?
{Sun 23:56:47 Step:3530} Server_Comm.py: The agent lost 1 packet! Is syncmode enabled?
{Sun 23:56:47 Step:3533} Server_Comm.py: The agent lost 1 packet! Is syncmode enabled?
{Sun 23:56:47 Step:3536} Server_Comm.py: The agent lost 2 consecutive packets! Is syncmode disabled?
{Sun 23:56:47 Step:3540} Server_Comm.py: The agent lost 2 consecutive packets! Is syncmode disabled?
{Sun 23:56:47 Step:3544} Server_Comm.py: The agent lost 2 consecutive packets! Is syncmode disabled?
{Sun 23:56:47 Step:3550} Server_Comm.py: The agent lost 4 consecutive packets! Is syncmode disabled?
{Sun 23:56:47 Step:3552} Server_Comm.py: The agent lost 1 packet! Is syncmode enabled?
{Sun 23:56:47 Step:3557} Server_Comm.py: The agent lost 1 packet! Is syncmode enabled?
{Sun 23:56:47 Step:3560} Server_Comm.py: The agent lost 2 consecutive packets! Is syncmode disabled?
{Sun 23:56:47 Step:3563} Server_Comm.py: The agent lost 1 packet! Is syncmode enabled?
{Sun 23:56:47 Step:3565} Server_Comm.py: The agent lost 1 packet! Is syncmode enabled?
{Sun 23:56:47 Step:3568} Server_Comm.py: The agent lost 2 consecutive packets! Is syncmode disabled?
{Sun 23:56:47 Step:3570} Server_Comm.py: The agent lost 1 packet! Is syncmode enabled?
{Sun 23:56:47 Step:3574} Server_Comm.py: The agent lost 2 consecutive packets! Is syncmode disabled?
{Sun 23:56:47 Step:3578} Server_Comm.py: The agent lost 2 consecutive packets! Is syncmode disabled?
{Sun 23:56:47 Step:3580} Server_Comm.py: The agent lost 1 packet! Is syncmode enabled?
{Sun 23:56:47 Step:3584} Server_Comm.py: The agent lost 2 consecutive packets! Is syncmode disabled?
{Sun 23:56:47 Step:3586} Server_Comm.py: The agent lost 1 packet! Is syncmode enabled?
{Sun 23:56:47 Step:3591} Server_Comm.py: The agent lost 1 packet! Is syncmode enabled?
{Sun 23:56:47 Step:3604} Server_Comm.py: The agent lost 1 packet! Is syncmode enabled?
{Sun 23:56:47 Step:3621} Server_Comm.py: The agent lost 2 consecutive packets! Is syncmode disabled?
{Sun 23:56:47 Step:3627} Server_Comm.py: The agent lost 1 packet! Is syncmode enabled?
{Sun 23:56:47 Step:3639} Server_Comm.py: The agent lost 1 packet! Is syncmode enabled?
{Sun 23:56:47 Step:3641} Server_Comm.py: The agent lost 1 packet! Is syncmode enabled?
{Sun 23:56:47 Step:3643} Server_Comm.py: The agent lost 1 packet! Is syncmode enabled?
{Sun 23:56:47 Step:3646} Server_Comm.py: The agent lost 2 consecutive packets! Is syncmode disabled?
{Sun 23:56:47 Step:3649} Server_Comm.py: The agent lost 2 consecutive packets! Is syncmode disabled?
{Sun 23:56:47 Step:3652} Server_Comm.py: The agent lost 1 packet! Is syncmode enabled?
{Sun 23:56:47 Step:3655} Server_Comm.py: The agent lost 2 consecutive packets! Is syncmode disabled?
{Sun 23:56:47 Step:3657} Server_Comm.py: The agent lost 1 packet! Is syncmode enabled?
{Sun 23:56:47 Step:3663} Server_Comm.py: The agent lost 1 packet! Is syncmode enabled?
{Sun 23:56:47 Step:3668} Server_Comm.py: The agent lost 4 consecutive packets! Is syncmode disabled?
{Sun 23:56:47 Step:3670} Server_Comm.py: The agent lost 1 packet! Is syncmode enabled?
{Sun 23:56:47 Step:3673} Server_Comm.py: The agent lost 2 consecutive packets! Is syncmode disabled?
{Sun 23:56:47 Step:3676} Server_Comm.py: The agent lost 2 consecutive packets! Is syncmode disabled?
{Sun 23:56:47 Step:3678} Server_Comm.py: The agent lost 1 packet! Is syncmode enabled?
{Sun 23:56:47 Step:3680} Server_Comm.py: The agent lost 1 packet! Is syncmode enabled?
{Sun 23:56:47 Step:3682} Server_Comm.py: The agent lost 1 packet! Is syncmode enabled?
{Sun 23:56:47 Step:3684} Server_Comm.py: The agent lost 1 packet! Is syncmode enabled?
{Sun 23:56:47 Step:3686} Server_Comm.py: The agent lost 1 packet! Is syncmode enabled?
{Sun 23:56:47 Step:3686} Server_Comm.py: Received a new packet while thinking!
{Sun 23:56:47 Step:3975} Server_Comm.py: The agent lost 288 consecutive packets! Is syncmode disabled?
{Sun 23:56:47 Step:3975} Server_Comm.py: Received a new packet while on world.update()!
{Sun 23:56:47 Step:3983} Server_Comm.py: The agent lost 7 consecutive packets! Is syncmode disabled?
{Sun 23:56:47 Step:3983} Server_Comm.py: Received a new packet while on world.update()!
{Sun 23:56:47 Step:3988} Server_Comm.py: The agent lost 4 consecutive packets! Is syncmode disabled?
{Sun 23:56:47 Step:3988} Server_Comm.py: Received a new packet while on world.update()!
{Sun 23:56:47 Step:3989} Server_Comm.py: Received a new packet while on world.update()!
{Sun 23:56:47 Step:3994} Server_Comm.py: The agent lost 4 consecutive packets! Is syncmode disabled?
{Sun 23:56:47 Step:3994} Server_Comm.py: Received a new packet while on world.update()!
{Sun 23:56:47 Step:3996} Server_Comm.py: The agent lost 1 packet! Is syncmode enabled?
{Sun 23:56:47 Step:3996} Server_Comm.py: Received a new packet while thinking!
{Sun 23:56:47 Step:3997} Server_Comm.py: Received a new packet while on world.update()!
{Sun 23:56:47 Step:4004} Server_Comm.py: The agent lost 6 consecutive packets! Is syncmode disabled?
{Sun 23:56:47 Step:4004} Server_Comm.py: Received a new packet while on world.update()!
{Sun 23:56:47 Step:4006} Server_Comm.py: The agent lost 1 packet! Is syncmode enabled?
{Sun 23:56:47 Step:4006} Server_Comm.py: Received a new packet while on world.update()!
{Sun 23:56:47 Step:4008} Server_Comm.py: The agent lost 1 packet! Is syncmode enabled?
{Sun 23:56:47 Step:4008} Server_Comm.py: Received a new packet while on world.update()!
{Sun 23:56:47 Step:4009} Server_Comm.py: Received a new packet while on world.update()!
{Sun 23:56:47 Step:4013} Server_Comm.py: The agent lost 3 consecutive packets! Is syncmode disabled?
{Sun 23:56:47 Step:4013} Server_Comm.py: Received a new packet while on world.update()!
{Sun 23:56:47 Step:4018} Server_Comm.py: The agent lost 4 consecutive packets! Is syncmode disabled?
{Sun 23:56:47 Step:4018} Server_Comm.py: Received a new packet while on world.update()!
{Sun 23:56:47 Step:4022} Server_Comm.py: The agent lost 3 consecutive packets! Is syncmode disabled?
{Sun 23:56:47 Step:4022} Server_Comm.py: Received a new packet while on world.update()!
{Sun 23:56:47 Step:4026} Server_Comm.py: The agent lost 3 consecutive packets! Is syncmode disabled?
{Sun 23:56:47 Step:4026} Server_Comm.py: Received a new packet while on world.update()!
{Sun 23:56:47 Step:4028} Server_Comm.py: The agent lost 1 packet! Is syncmode enabled?
{Sun 23:56:47 Step:4028} Server_Comm.py: Received a new packet while on world.update()!
{Sun 23:56:47 Step:4031} Server_Comm.py: The agent lost 2 consecutive packets! Is syncmode disabled?
{Sun 23:56:47 Step:4031} Server_Comm.py: Received a new packet while on world.update()!
{Sun 23:56:47 Step:4036} Server_Comm.py: The agent lost 4 consecutive packets! Is syncmode disabled?
{Sun 23:56:47 Step:4036} Server_Comm.py: Received a new packet while on world.update()!
{Sun 23:56:47 Step:4038} Server_Comm.py: The agent lost 1 packet! Is syncmode enabled?
{Sun 23:56:47 Step:4038} Server_Comm.py: Received a new packet while on world.update()!
{Sun 23:56:47 Step:4041} Server_Comm.py: The agent lost 2 consecutive packets! Is syncmode disabled?
{Sun 23:56:47 Step:4041} Server_Comm.py: Received a new packet while on world.update()!
{Sun 23:56:47 Step:4046} Server_Comm.py: The agent lost 4 consecutive packets! Is syncmode disabled?
{Sun 23:56:47 Step:4046} Server_Comm.py: Received a new packet while on world.update()!
{Sun 23:56:47 Step:4047} Server_Comm.py: Received a new packet while on world.update()!
{Sun 23:56:47 Step:4053} Server_Comm.py: The agent lost 5 consecutive packets! Is syncmode disabled?
{Sun 23:56:47 Step:4053} Server_Comm.py: Received a new packet while on world.update()!
{Sun 23:56:47 Step:4059} Server_Comm.py: The agent lost 5 consecutive packets! Is syncmode disabled?
{Sun 23:56:47 Step:4059} Server_Comm.py: Received a new packet while on world.update()!
{Sun 23:56:47 Step:4064} Server_Comm.py: The agent lost 4 consecutive packets! Is syncmode disabled?
{Sun 23:56:47 Step:4064} Server_Comm.py: Received a new packet while on world.update()!
{Sun 23:56:47 Step:4065} Server_Comm.py: Received a new packet while on world.update()!
{Sun 23:56:47 Step:4071} Server_Comm.py: The agent lost 5 consecutive packets! Is syncmode disabled?
{Sun 23:56:47 Step:4071} Server_Comm.py: Received a new packet while on world.update()!
{Sun 23:56:47 Step:4076} Server_Comm.py: The agent lost 4 consecutive packets! Is syncmode disabled?
{Sun 23:56:47 Step:4076} Server_Comm.py: Received a new packet while on world.update()!
{Sun 23:56:47 Step:4079} Server_Comm.py: The agent lost 2 consecutive packets! Is syncmode disabled?
{Sun 23:56:47 Step:4079} Server_Comm.py: Received a new packet while on world.update()!
{Sun 23:56:47 Step:4085} Server_Comm.py: The agent lost 5 consecutive packets! Is syncmode disabled?
{Sun 23:56:47 Step:4085} Server_Comm.py: Received a new packet while on world.update()!
{Sun 23:56:47 Step:4094} Server_Comm.py: The agent lost 8 consecutive packets! Is syncmode disabled?
{Sun 23:56:47 Step:4094} Server_Comm.py: Received a new packet while on world.update()!
{Sun 23:56:47 Step:4097} Server_Comm.py: The agent lost 2 consecutive packets! Is syncmode disabled?
{Sun 23:56:47 Step:4097} Server_Comm.py: Received a new packet while on world.update()!
{Sun 23:56:47 Step:4104} Server_Comm.py: The agent lost 6 consecutive packets! Is syncmode disabled?
{Sun 23:56:47 Step:4104} Server_Comm.py: Received a new packet while on world.update()!
{Sun 23:56:47 Step:4106} Server_Comm.py: The agent lost 1 packet! Is syncmode enabled?
{Sun 23:56:47 Step:4106} Server_Comm.py: Received a new packet while on world.update()!
{Sun 23:56:47 Step:4108} Server_Comm.py: The agent lost 1 packet! Is syncmode enabled?
{Sun 23:56:47 Step:4108} Server_Comm.py: Received a new packet while on world.update()!
{Sun 23:56:47 Step:4110} Server_Comm.py: The agent lost 1 packet! Is syncmode enabled?
{Sun 23:56:47 Step:4110} Server_Comm.py: Received a new packet while on world.update()!
{Sun 23:56:47 Step:4114} Server_Comm.py: The agent lost 3 consecutive packets! Is syncmode disabled?
{Sun 23:56:47 Step:4114} Server_Comm.py: Received a new packet while on world.update()!
{Sun 23:56:47 Step:4118} Server_Comm.py: The agent lost 3 consecutive packets! Is syncmode disabled?
{Sun 23:56:47 Step:4118} Server_Comm.py: Received a new packet while on world.update()!
{Sun 23:56:47 Step:4119} Server_Comm.py: Received a new packet while on world.update()!
{Sun 23:56:47 Step:4127} Server_Comm.py: The agent lost 7 consecutive packets! Is syncmode disabled?
{Sun 23:56:47 Step:4127} Server_Comm.py: Received a new packet while on world.update()!
{Sun 23:56:47 Step:4135} Server_Comm.py: The agent lost 7 consecutive packets! Is syncmode disabled?
{Sun 23:56:47 Step:4135} Server_Comm.py: Received a new packet while on world.update()!
{Sun 23:56:47 Step:4142} Server_Comm.py: The agent lost 6 consecutive packets! Is syncmode disabled?
{Sun 23:56:47 Step:4142} Server_Comm.py: Received a new packet while on world.update()!
{Sun 23:56:47 Step:4144} Server_Comm.py: The agent lost 1 packet! Is syncmode enabled?
{Sun 23:56:47 Step:4144} Server_Comm.py: Received a new packet while on world.update()!
{Sun 23:56:47 Step:4146} Server_Comm.py: The agent lost 1 packet! Is syncmode enabled?
{Sun 23:56:47 Step:4146} Server_Comm.py: Received a new packet while on world.update()!
{Sun 23:56:47 Step:4150} Server_Comm.py: The agent lost 3 consecutive packets! Is syncmode disabled?
{Sun 23:56:47 Step:4150} Server_Comm.py: Received a new packet while on world.update()!
{Sun 23:56:47 Step:4151} Server_Comm.py: Received a new packet while on world.update()!
{Sun 23:56:47 Step:4158} Server_Comm.py: The agent lost 6 consecutive packets! Is syncmode disabled?
{Sun 23:56:47 Step:4158} Server_Comm.py: Received a new packet while on world.update()!
{Sun 23:56:47 Step:4162} Server_Comm.py: The agent lost 3 consecutive packets! Is syncmode disabled?
{Sun 23:56:47 Step:4162} Server_Comm.py: Received a new packet while on world.update()!
{Sun 23:56:47 Step:4165} Server_Comm.py: The agent lost 2 consecutive packets! Is syncmode disabled?
{Sun 23:56:47 Step:4165} Server_Comm.py: Received a new packet while on world.update()!
{Sun 23:56:47 Step:4175} Server_Comm.py: The agent lost 9 consecutive packets! Is syncmode disabled?
{Sun 23:56:47 Step:4175} Server_Comm.py: Received a new packet while on world.update()!
{Sun 23:56:47 Step:4181} Server_Comm.py: The agent lost 5 consecutive packets! Is syncmode disabled?
{Sun 23:56:47 Step:4181} Server_Comm.py: Received a new packet while on world.update()!
{Sun 23:56:47 Step:4190} Server_Comm.py: The agent lost 8 consecutive packets! Is syncmode disabled?
{Sun 23:56:47 Step:4190} Server_Comm.py: Received a new packet while on world.update()!
{Sun 23:56:47 Step:4192} Server_Comm.py: The agent lost 1 packet! Is syncmode enabled?
{Sun 23:56:47 Step:4192} Server_Comm.py: Received a new packet while on world.update()!
{Sun 23:56:47 Step:4194} Server_Comm.py: The agent lost 1 packet! Is syncmode enabled?
{Sun 23:56:47 Step:4194} Server_Comm.py: Received a new packet while on world.update()!
{Sun 23:56:47 Step:4196} Server_Comm.py: The agent lost 1 packet! Is syncmode enabled?
{Sun 23:56:47 Step:4196} Server_Comm.py: Received a new packet while on world.update()!
{Sun 23:56:47 Step:4198} Server_Comm.py: The agent lost 1 packet! Is syncmode enabled?
{Sun 23:56:47 Step:4198} Server_Comm.py: Received a new packet while on world.update()!
{Sun 23:56:47 Step:4200} Server_Comm.py: The agent lost 1 packet! Is syncmode enabled?
{Sun 23:56:47 Step:4200} Server_Comm.py: Received a new packet while on world.update()!
{Sun 23:56:47 Step:4202} Server_Comm.py: The agent lost 1 packet! Is syncmode enabled?
{Sun 23:56:47 Step:4202} Server_Comm.py: Received a new packet while on world.update()!
{Sun 23:56:47 Step:4206} Server_Comm.py: The agent lost 3 consecutive packets! Is syncmode disabled?
{Sun 23:56:47 Step:4206} Server_Comm.py: Received a new packet while on world.update()!
{Sun 23:56:47 Step:4209} Server_Comm.py: The agent lost 2 consecutive packets! Is syncmode disabled?
{Sun 23:56:47 Step:4209} Server_Comm.py: Received a new packet while on world.update()!
{Sun 23:56:47 Step:4215} Server_Comm.py: The agent lost 5 consecutive packets! Is syncmode disabled?
{Sun 23:56:47 Step:4215} Server_Comm.py: Received a new packet while on world.update()!
{Sun 23:56:47 Step:4226} Server_Comm.py: The agent lost 10 consecutive packets! Is syncmode disabled?
{Sun 23:56:47 Step:4226} Server_Comm.py: Received a new packet while on world.update()!
{Sun 23:56:47 Step:4230} Server_Comm.py: The agent lost 3 consecutive packets! Is syncmode disabled?
{Sun 23:56:47 Step:4230} Server_Comm.py: Received a new packet while on world.update()!
{Sun 23:56:47 Step:4232} Server_Comm.py: The agent lost 1 packet! Is syncmode enabled?
{Sun 23:56:47 Step:4232} Server_Comm.py: Received a new packet while on world.update()!
{Sun 23:56:47 Step:4233} Server_Comm.py: Received a new packet while on world.update()!
{Sun 23:56:47 Step:4242} Server_Comm.py: The agent lost 8 consecutive packets! Is syncmode disabled?
{Sun 23:56:47 Step:4242} Server_Comm.py: Received a new packet while on world.update()!
{Sun 23:56:47 Step:4245} Server_Comm.py: The agent lost 2 consecutive packets! Is syncmode disabled?
{Sun 23:56:47 Step:4245} Server_Comm.py: Received a new packet while on world.update()!
{Sun 23:56:48 Step:4255} Server_Comm.py: The agent lost 9 consecutive packets! Is syncmode disabled?
{Sun 23:56:48 Step:4255} Server_Comm.py: Received a new packet while on world.update()!
{Sun 23:56:48 Step:4262} Server_Comm.py: The agent lost 6 consecutive packets! Is syncmode disabled?
{Sun 23:56:48 Step:4262} Server_Comm.py: Received a new packet while on world.update()!
{Sun 23:56:48 Step:4264} Server_Comm.py: The agent lost 1 packet! Is syncmode enabled?
{Sun 23:56:48 Step:4264} Server_Comm.py: Received a new packet while on world.update()!
{Sun 23:56:48 Step:4266} Server_Comm.py: The agent lost 1 packet! Is syncmode enabled?
{Sun 23:56:48 Step:4266} Server_Comm.py: Received a new packet while on world.update()!
{Sun 23:56:48 Step:4270} Server_Comm.py: The agent lost 3 consecutive packets! Is syncmode disabled?
{Sun 23:56:48 Step:4270} Server_Comm.py: Received a new packet while on world.update()!
{Sun 23:56:48 Step:4274} Server_Comm.py: The agent lost 3 consecutive packets! Is syncmode disabled?
{Sun 23:56:48 Step:4274} Server_Comm.py: Received a new packet while on world.update()!
{Sun 23:56:48 Step:4278} Server_Comm.py: The agent lost 3 consecutive packets! Is syncmode disabled?
{Sun 23:56:48 Step:4278} Server_Comm.py: Received a new packet while on world.update()!
{Sun 23:56:48 Step:4279} Server_Comm.py: Received a new packet while on world.update()!
{Sun 23:56:48 Step:4287} Server_Comm.py: The agent lost 7 consecutive packets! Is syncmode disabled?
{Sun 23:56:48 Step:4287} Server_Comm.py: Received a new packet while on world.update()!
{Sun 23:56:48 Step:4296} Server_Comm.py: The agent lost 8 consecutive packets! Is syncmode disabled?
{Sun 23:56:48 Step:4296} Server_Comm.py: Received a new packet while on world.update()!
{Sun 23:56:48 Step:4298} Server_Comm.py: The agent lost 1 packet! Is syncmode enabled?
{Sun 23:56:48 Step:4298} Server_Comm.py: Received a new packet while on world.update()!
{Sun 23:56:48 Step:4299} Server_Comm.py: Received a new packet while on world.update()!
{Sun 23:56:48 Step:4305} Server_Comm.py: The agent lost 5 consecutive packets! Is syncmode disabled?
{Sun 23:56:48 Step:4305} Server_Comm.py: Received a new packet while on world.update()!
{Sun 23:56:48 Step:4314} Server_Comm.py: The agent lost 8 consecutive packets! Is syncmode disabled?
{Sun 23:56:48 Step:4314} Server_Comm.py: Received a new packet while on world.update()!
{Sun 23:56:48 Step:4320} Server_Comm.py: The agent lost 5 consecutive packets! Is syncmode disabled?
{Sun 23:56:48 Step:4320} Server_Comm.py: Received a new packet while on world.update()!
{Sun 23:56:48 Step:4326} Server_Comm.py: The agent lost 5 consecutive packets! Is syncmode disabled?
{Sun 23:56:48 Step:4326} Server_Comm.py: Received a new packet while on world.update()!
