{Wed 20:54:12 Step:96} Server_Comm.py: Received a new packet while thinking!
{Wed 20:54:12 Step:97} Server_Comm.py: Received a new packet while thinking!
{Wed 20:54:12 Step:98} Server_Comm.py: Received a new packet while thinking!
{Wed 20:54:12 Step:100} Server_Comm.py: The agent lost 1 packet! Is syncmode enabled?
{Wed 20:54:12 Step:100} Server_Comm.py: Received a new packet while thinking!
{Wed 20:54:12 Step:102} Server_Comm.py: The agent lost 1 packet! Is syncmode enabled?
{Wed 20:54:12 Step:102} Server_Comm.py: Received a new packet while thinking!
{Wed 20:54:12 Step:105} Server_Comm.py: The agent lost 2 consecutive packets! Is syncmode disabled?
{Wed 20:54:12 Step:105} Server_Comm.py: Received a new packet while thinking!
{Wed 20:54:12 Step:106} Server_Comm.py: Received a new packet while thinking!
{Wed 20:54:12 Step:109} Server_Comm.py: The agent lost 2 consecutive packets! Is syncmode disabled?
{Wed 20:54:12 Step:110} Server_Comm.py: Received a new packet while thinking!
{Wed 20:54:12 Step:112} Server_Comm.py: The agent lost 1 packet! Is syncmode enabled?
{Wed 20:54:12 Step:112} Server_Comm.py: Received a new packet while thinking!
{Wed 20:54:12 Step:115} Server_Comm.py: The agent lost 2 consecutive packets! Is syncmode disabled?
{Wed 20:54:12 Step:115} Server_Comm.py: Received a new packet while thinking!
{Wed 20:54:12 Step:118} Server_Comm.py: The agent lost 2 consecutive packets! Is syncmode disabled?
{Wed 20:54:12 Step:118} Server_Comm.py: Received a new packet while thinking!
{Wed 20:54:12 Step:120} Server_Comm.py: The agent lost 1 packet! Is syncmode enabled?
{Wed 20:54:12 Step:120} Server_Comm.py: Received a new packet while thinking!
{Wed 20:54:12 Step:122} Server_Comm.py: The agent lost 1 packet! Is syncmode enabled?
{Wed 20:54:12 Step:122} Server_Comm.py: Received a new packet while thinking!
{Wed 20:54:12 Step:125} Server_Comm.py: The agent lost 2 consecutive packets! Is syncmode disabled?
{Wed 20:54:12 Step:125} Server_Comm.py: Received a new packet while thinking!
{Wed 20:54:12 Step:127} Server_Comm.py: The agent lost 1 packet! Is syncmode enabled?
{Wed 20:54:12 Step:127} Server_Comm.py: Received a new packet while thinking!
{Wed 20:54:12 Step:129} Server_Comm.py: The agent lost 1 packet! Is syncmode enabled?
{Wed 20:54:12 Step:129} Server_Comm.py: Received a new packet while thinking!
{Wed 20:54:12 Step:131} Server_Comm.py: The agent lost 1 packet! Is syncmode enabled?
{Wed 20:54:12 Step:131} Server_Comm.py: Received a new packet while thinking!
{Wed 20:54:13 Step:133} Server_Comm.py: The agent lost 1 packet! Is syncmode enabled?
{Wed 20:54:13 Step:133} Server_Comm.py: Received a new packet while thinking!
{Wed 20:54:13 Step:135} Server_Comm.py: The agent lost 1 packet! Is syncmode enabled?
{Wed 20:54:13 Step:135} Server_Comm.py: Received a new packet while thinking!
{Wed 20:54:13 Step:137} Server_Comm.py: The agent lost 1 packet! Is syncmode enabled?
{Wed 20:54:13 Step:137} Server_Comm.py: Received a new packet while thinking!
{Wed 20:54:13 Step:138} Server_Comm.py: Received a new packet while thinking!
{Wed 20:54:13 Step:140} Server_Comm.py: The agent lost 1 packet! Is syncmode enabled?
{Wed 20:54:13 Step:140} Server_Comm.py: Received a new packet while thinking!
{Wed 20:54:13 Step:142} Server_Comm.py: The agent lost 1 packet! Is syncmode enabled?
{Wed 20:54:13 Step:142} Server_Comm.py: Received a new packet while thinking!
{Wed 20:54:13 Step:144} Server_Comm.py: The agent lost 1 packet! Is syncmode enabled?
{Wed 20:54:13 Step:144} Server_Comm.py: Received a new packet while thinking!
{Wed 20:54:13 Step:146} Server_Comm.py: The agent lost 1 packet! Is syncmode enabled?
{Wed 20:54:13 Step:146} Server_Comm.py: Received a new packet while thinking!
{Wed 20:54:13 Step:147} Server_Comm.py: Received a new packet while thinking!
{Wed 20:54:13 Step:149} Server_Comm.py: The agent lost 1 packet! Is syncmode enabled?
{Wed 20:54:13 Step:149} Server_Comm.py: Received a new packet while thinking!
{Wed 20:54:13 Step:150} Server_Comm.py: Received a new packet while thinking!
{Wed 20:54:13 Step:152} Server_Comm.py: The agent lost 1 packet! Is syncmode enabled?
{Wed 20:54:13 Step:152} Server_Comm.py: Received a new packet while thinking!
{Wed 20:54:13 Step:154} Server_Comm.py: The agent lost 1 packet! Is syncmode enabled?
{Wed 20:54:13 Step:154} Server_Comm.py: Received a new packet while on world.update()!
{Wed 20:54:13 Step:155} Server_Comm.py: Received a new packet while thinking!
{Wed 20:54:13 Step:156} Server_Comm.py: Received a new packet while thinking!
{Wed 20:54:13 Step:158} Server_Comm.py: The agent lost 1 packet! Is syncmode enabled?
{Wed 20:54:13 Step:158} Server_Comm.py: Received a new packet while thinking!
{Wed 20:54:13 Step:160} Server_Comm.py: The agent lost 1 packet! Is syncmode enabled?
{Wed 20:54:13 Step:160} Server_Comm.py: Received a new packet while thinking!
{Wed 20:54:13 Step:161} Server_Comm.py: Received a new packet while thinking!
{Wed 20:54:13 Step:163} Server_Comm.py: The agent lost 1 packet! Is syncmode enabled?
{Wed 20:54:13 Step:163} Server_Comm.py: Received a new packet while thinking!
{Wed 20:54:13 Step:165} Server_Comm.py: The agent lost 1 packet! Is syncmode enabled?
{Wed 20:54:13 Step:165} Server_Comm.py: Received a new packet while thinking!
{Wed 20:54:13 Step:167} Server_Comm.py: The agent lost 1 packet! Is syncmode enabled?
{Wed 20:54:13 Step:167} Server_Comm.py: Received a new packet while thinking!
{Wed 20:54:13 Step:168} Server_Comm.py: Received a new packet while thinking!
{Wed 20:54:13 Step:170} Server_Comm.py: The agent lost 1 packet! Is syncmode enabled?
{Wed 20:54:13 Step:170} Server_Comm.py: Received a new packet while thinking!
{Wed 20:54:13 Step:171} Server_Comm.py: Received a new packet while thinking!
{Wed 20:54:13 Step:173} Server_Comm.py: The agent lost 1 packet! Is syncmode enabled?
{Wed 20:54:13 Step:173} Server_Comm.py: Received a new packet while thinking!
{Wed 20:54:13 Step:175} Server_Comm.py: The agent lost 1 packet! Is syncmode enabled?
{Wed 20:54:13 Step:175} Server_Comm.py: Received a new packet while thinking!
{Wed 20:54:13 Step:176} Server_Comm.py: Received a new packet while thinking!
{Wed 20:54:13 Step:178} Server_Comm.py: The agent lost 1 packet! Is syncmode enabled?
{Wed 20:54:13 Step:178} Server_Comm.py: Received a new packet while thinking!
{Wed 20:54:13 Step:179} Server_Comm.py: Received a new packet while thinking!
{Wed 20:54:13 Step:181} Server_Comm.py: The agent lost 1 packet! Is syncmode enabled?
{Wed 20:54:13 Step:181} Server_Comm.py: Received a new packet while thinking!
{Wed 20:54:14 Step:182} Server_Comm.py: Received a new packet while thinking!
{Wed 20:54:14 Step:184} Server_Comm.py: The agent lost 1 packet! Is syncmode enabled?
{Wed 20:54:14 Step:184} Server_Comm.py: Received a new packet while thinking!
{Wed 20:54:14 Step:186} Server_Comm.py: The agent lost 1 packet! Is syncmode enabled?
{Wed 20:54:14 Step:186} Server_Comm.py: Received a new packet while thinking!
{Wed 20:54:14 Step:189} Server_Comm.py: The agent lost 2 consecutive packets! Is syncmode disabled?
{Wed 20:54:14 Step:189} Server_Comm.py: Received a new packet while thinking!
{Wed 20:54:14 Step:191} Server_Comm.py: The agent lost 1 packet! Is syncmode enabled?
{Wed 20:54:14 Step:191} Server_Comm.py: Received a new packet while thinking!
{Wed 20:54:14 Step:193} Server_Comm.py: The agent lost 1 packet! Is syncmode enabled?
{Wed 20:54:14 Step:193} Server_Comm.py: Received a new packet while thinking!
{Wed 20:54:14 Step:195} Server_Comm.py: The agent lost 1 packet! Is syncmode enabled?
{Wed 20:54:14 Step:195} Server_Comm.py: Received a new packet while thinking!
{Wed 20:54:14 Step:197} Server_Comm.py: The agent lost 1 packet! Is syncmode enabled?
{Wed 20:54:14 Step:197} Server_Comm.py: Received a new packet while thinking!
{Wed 20:54:14 Step:200} Server_Comm.py: The agent lost 2 consecutive packets! Is syncmode disabled?
{Wed 20:54:14 Step:200} Server_Comm.py: Received a new packet while thinking!
{Wed 20:54:14 Step:201} Server_Comm.py: Received a new packet while thinking!
{Wed 20:54:14 Step:203} Server_Comm.py: The agent lost 1 packet! Is syncmode enabled?
{Wed 20:54:14 Step:203} Server_Comm.py: Received a new packet while thinking!
{Wed 20:54:14 Step:206} Server_Comm.py: The agent lost 2 consecutive packets! Is syncmode disabled?
{Wed 20:54:14 Step:206} Server_Comm.py: Received a new packet while thinking!
{Wed 20:54:14 Step:208} Server_Comm.py: The agent lost 1 packet! Is syncmode enabled?
{Wed 20:54:14 Step:208} Server_Comm.py: Received a new packet while thinking!
{Wed 20:54:14 Step:210} Server_Comm.py: The agent lost 1 packet! Is syncmode enabled?
{Wed 20:54:14 Step:210} Server_Comm.py: Received a new packet while thinking!
{Wed 20:54:14 Step:212} Server_Comm.py: The agent lost 1 packet! Is syncmode enabled?
{Wed 20:54:14 Step:212} Server_Comm.py: Received a new packet while thinking!
{Wed 20:54:14 Step:215} Server_Comm.py: The agent lost 2 consecutive packets! Is syncmode disabled?
{Wed 20:54:14 Step:215} Server_Comm.py: Received a new packet while thinking!
{Wed 20:54:14 Step:216} Server_Comm.py: Received a new packet while thinking!
{Wed 20:54:14 Step:218} Server_Comm.py: The agent lost 1 packet! Is syncmode enabled?
{Wed 20:54:14 Step:218} Server_Comm.py: Received a new packet while thinking!
{Wed 20:54:14 Step:221} Server_Comm.py: The agent lost 2 consecutive packets! Is syncmode disabled?
{Wed 20:54:14 Step:221} Server_Comm.py: Received a new packet while thinking!
{Wed 20:54:14 Step:222} Server_Comm.py: Received a new packet while thinking!
{Wed 20:54:14 Step:224} Server_Comm.py: The agent lost 1 packet! Is syncmode enabled?
{Wed 20:54:14 Step:224} Server_Comm.py: Received a new packet while thinking!
{Wed 20:54:14 Step:226} Server_Comm.py: The agent lost 1 packet! Is syncmode enabled?
{Wed 20:54:14 Step:226} Server_Comm.py: Received a new packet while thinking!
{Wed 20:54:14 Step:227} Server_Comm.py: Received a new packet while thinking!
{Wed 20:54:14 Step:229} Server_Comm.py: The agent lost 1 packet! Is syncmode enabled?
{Wed 20:54:14 Step:229} Server_Comm.py: Received a new packet while thinking!
{Wed 20:54:14 Step:231} Server_Comm.py: The agent lost 1 packet! Is syncmode enabled?
{Wed 20:54:15 Step:231} Server_Comm.py: Received a new packet while thinking!
{Wed 20:54:15 Step:233} Server_Comm.py: The agent lost 1 packet! Is syncmode enabled?
{Wed 20:54:15 Step:233} Server_Comm.py: Received a new packet while thinking!
{Wed 20:54:15 Step:235} Server_Comm.py: The agent lost 1 packet! Is syncmode enabled?
{Wed 20:54:15 Step:235} Server_Comm.py: Received a new packet while thinking!
{Wed 20:54:15 Step:237} Server_Comm.py: The agent lost 1 packet! Is syncmode enabled?
{Wed 20:54:15 Step:237} Server_Comm.py: Received a new packet while thinking!
{Wed 20:54:15 Step:239} Server_Comm.py: The agent lost 1 packet! Is syncmode enabled?
{Wed 20:54:15 Step:239} Server_Comm.py: Received a new packet while thinking!
{Wed 20:54:15 Step:241} Server_Comm.py: The agent lost 1 packet! Is syncmode enabled?
{Wed 20:54:15 Step:241} Server_Comm.py: Received a new packet while thinking!
{Wed 20:54:15 Step:243} Server_Comm.py: The agent lost 1 packet! Is syncmode enabled?
{Wed 20:54:15 Step:243} Server_Comm.py: Received a new packet while thinking!
{Wed 20:54:15 Step:245} Server_Comm.py: The agent lost 1 packet! Is syncmode enabled?
{Wed 20:54:15 Step:245} Server_Comm.py: Received a new packet while thinking!
{Wed 20:54:15 Step:247} Server_Comm.py: The agent lost 1 packet! Is syncmode enabled?
{Wed 20:54:15 Step:247} Server_Comm.py: Received a new packet while thinking!
{Wed 20:54:15 Step:249} Server_Comm.py: The agent lost 1 packet! Is syncmode enabled?
{Wed 20:54:15 Step:249} Server_Comm.py: Received a new packet while thinking!
{Wed 20:54:15 Step:251} Server_Comm.py: The agent lost 1 packet! Is syncmode enabled?
{Wed 20:54:15 Step:251} Server_Comm.py: Received a new packet while thinking!
{Wed 20:54:15 Step:253} Server_Comm.py: The agent lost 1 packet! Is syncmode enabled?
{Wed 20:54:15 Step:253} Server_Comm.py: Received a new packet while thinking!
{Wed 20:54:15 Step:255} Server_Comm.py: The agent lost 1 packet! Is syncmode enabled?
{Wed 20:54:15 Step:255} Server_Comm.py: Received a new packet while thinking!
{Wed 20:54:15 Step:257} Server_Comm.py: The agent lost 1 packet! Is syncmode enabled?
{Wed 20:54:15 Step:257} Server_Comm.py: Received a new packet while thinking!
{Wed 20:54:15 Step:259} Server_Comm.py: The agent lost 1 packet! Is syncmode enabled?
{Wed 20:54:15 Step:259} Server_Comm.py: Received a new packet while thinking!
{Wed 20:54:15 Step:261} Server_Comm.py: The agent lost 1 packet! Is syncmode enabled?
{Wed 20:54:15 Step:261} Server_Comm.py: Received a new packet while thinking!
{Wed 20:54:15 Step:263} Server_Comm.py: The agent lost 1 packet! Is syncmode enabled?
{Wed 20:54:15 Step:263} Server_Comm.py: Received a new packet while thinking!
{Wed 20:54:15 Step:265} Server_Comm.py: The agent lost 1 packet! Is syncmode enabled?
{Wed 20:54:15 Step:265} Server_Comm.py: Received a new packet while thinking!
{Wed 20:54:15 Step:267} Server_Comm.py: The agent lost 1 packet! Is syncmode enabled?
{Wed 20:54:15 Step:267} Server_Comm.py: Received a new packet while thinking!
{Wed 20:54:15 Step:269} Server_Comm.py: The agent lost 1 packet! Is syncmode enabled?
{Wed 20:54:15 Step:269} Server_Comm.py: Received a new packet while thinking!
{Wed 20:54:15 Step:271} Server_Comm.py: The agent lost 1 packet! Is syncmode enabled?
{Wed 20:54:15 Step:271} Server_Comm.py: Received a new packet while thinking!
{Wed 20:54:15 Step:272} Server_Comm.py: Received a new packet while thinking!
{Wed 20:54:15 Step:274} Server_Comm.py: The agent lost 1 packet! Is syncmode enabled?
{Wed 20:54:15 Step:274} Server_Comm.py: Received a new packet while thinking!
{Wed 20:54:15 Step:276} Server_Comm.py: The agent lost 1 packet! Is syncmode enabled?
{Wed 20:54:15 Step:276} Server_Comm.py: Received a new packet while thinking!
{Wed 20:54:15 Step:278} Server_Comm.py: The agent lost 1 packet! Is syncmode enabled?
{Wed 20:54:15 Step:278} Server_Comm.py: Received a new packet while thinking!
{Wed 20:54:15 Step:279} Server_Comm.py: Received a new packet while thinking!
{Wed 20:54:15 Step:281} Server_Comm.py: The agent lost 1 packet! Is syncmode enabled?
{Wed 20:54:16 Step:281} Server_Comm.py: Received a new packet while thinking!
{Wed 20:54:16 Step:282} Server_Comm.py: Received a new packet while thinking!
{Wed 20:54:16 Step:284} Server_Comm.py: The agent lost 1 packet! Is syncmode enabled?
{Wed 20:54:16 Step:284} Server_Comm.py: Received a new packet while thinking!
{Wed 20:54:16 Step:286} Server_Comm.py: The agent lost 1 packet! Is syncmode enabled?
{Wed 20:54:16 Step:286} Server_Comm.py: Received a new packet while thinking!
{Wed 20:54:16 Step:287} Server_Comm.py: Received a new packet while thinking!
{Wed 20:54:16 Step:289} Server_Comm.py: The agent lost 1 packet! Is syncmode enabled?
{Wed 20:54:16 Step:289} Server_Comm.py: Received a new packet while thinking!
{Wed 20:54:16 Step:291} Server_Comm.py: The agent lost 1 packet! Is syncmode enabled?
{Wed 20:54:16 Step:291} Server_Comm.py: Received a new packet while thinking!
{Wed 20:54:16 Step:293} Server_Comm.py: The agent lost 1 packet! Is syncmode enabled?
{Wed 20:54:16 Step:293} Server_Comm.py: Received a new packet while thinking!
{Wed 20:54:16 Step:294} Server_Comm.py: Received a new packet while thinking!
{Wed 20:54:16 Step:296} Server_Comm.py: The agent lost 1 packet! Is syncmode enabled?
{Wed 20:54:16 Step:296} Server_Comm.py: Received a new packet while thinking!
{Wed 20:54:16 Step:297} Server_Comm.py: Received a new packet while thinking!
{Wed 20:54:16 Step:299} Server_Comm.py: The agent lost 1 packet! Is syncmode enabled?
{Wed 20:54:16 Step:299} Server_Comm.py: Received a new packet while thinking!
{Wed 20:54:16 Step:300} Server_Comm.py: Received a new packet while thinking!
{Wed 20:54:16 Step:302} Server_Comm.py: The agent lost 1 packet! Is syncmode enabled?
{Wed 20:54:16 Step:302} Server_Comm.py: Received a new packet while thinking!
{Wed 20:54:16 Step:303} Server_Comm.py: Received a new packet while thinking!
{Wed 20:54:16 Step:305} Server_Comm.py: The agent lost 1 packet! Is syncmode enabled?
{Wed 20:54:16 Step:305} Server_Comm.py: Received a new packet while thinking!
{Wed 20:54:16 Step:306} Server_Comm.py: Received a new packet while thinking!
{Wed 20:54:16 Step:308} Server_Comm.py: The agent lost 1 packet! Is syncmode enabled?
{Wed 20:54:16 Step:308} Server_Comm.py: Received a new packet while thinking!
{Wed 20:54:16 Step:309} Server_Comm.py: Received a new packet while thinking!
{Wed 20:54:16 Step:311} Server_Comm.py: The agent lost 1 packet! Is syncmode enabled?
{Wed 20:54:16 Step:311} Server_Comm.py: Received a new packet while thinking!
{Wed 20:54:16 Step:312} Server_Comm.py: Received a new packet while thinking!
{Wed 20:54:16 Step:314} Server_Comm.py: The agent lost 1 packet! Is syncmode enabled?
{Wed 20:54:16 Step:314} Server_Comm.py: Received a new packet while thinking!
{Wed 20:54:16 Step:315} Server_Comm.py: Received a new packet while on world.update()!
{Wed 20:54:16 Step:316} Server_Comm.py: Received a new packet while thinking!
{Wed 20:54:16 Step:317} Server_Comm.py: Received a new packet while thinking!
{Wed 20:54:16 Step:319} Server_Comm.py: The agent lost 1 packet! Is syncmode enabled?
{Wed 20:54:16 Step:319} Server_Comm.py: Received a new packet while thinking!
{Wed 20:54:16 Step:321} Server_Comm.py: The agent lost 1 packet! Is syncmode enabled?
{Wed 20:54:16 Step:322} Server_Comm.py: Received a new packet while thinking!
{Wed 20:54:16 Step:323} Server_Comm.py: Received a new packet while thinking!
{Wed 20:54:16 Step:325} Server_Comm.py: The agent lost 1 packet! Is syncmode enabled?
{Wed 20:54:16 Step:325} Server_Comm.py: Received a new packet while thinking!
{Wed 20:54:16 Step:327} Server_Comm.py: The agent lost 1 packet! Is syncmode enabled?
{Wed 20:54:16 Step:327} Server_Comm.py: Received a new packet while thinking!
{Wed 20:54:16 Step:330} Server_Comm.py: The agent lost 2 consecutive packets! Is syncmode disabled?
{Wed 20:54:17 Step:330} Server_Comm.py: Received a new packet while thinking!
{Wed 20:54:17 Step:333} Server_Comm.py: The agent lost 2 consecutive packets! Is syncmode disabled?
{Wed 20:54:17 Step:333} Server_Comm.py: Received a new packet while thinking!
{Wed 20:54:17 Step:334} Server_Comm.py: Received a new packet while thinking!
{Wed 20:54:17 Step:337} Server_Comm.py: The agent lost 2 consecutive packets! Is syncmode disabled?
{Wed 20:54:17 Step:337} Server_Comm.py: Received a new packet while thinking!
{Wed 20:54:17 Step:340} Server_Comm.py: The agent lost 2 consecutive packets! Is syncmode disabled?
{Wed 20:54:17 Step:340} Server_Comm.py: Received a new packet while thinking!
{Wed 20:54:17 Step:342} Server_Comm.py: The agent lost 1 packet! Is syncmode enabled?
{Wed 20:54:17 Step:342} Server_Comm.py: Received a new packet while thinking!
{Wed 20:54:17 Step:344} Server_Comm.py: The agent lost 1 packet! Is syncmode enabled?
{Wed 20:54:17 Step:344} Server_Comm.py: Received a new packet while thinking!
{Wed 20:54:17 Step:346} Server_Comm.py: The agent lost 1 packet! Is syncmode enabled?
{Wed 20:54:17 Step:346} Server_Comm.py: Received a new packet while thinking!
{Wed 20:54:17 Step:350} Server_Comm.py: The agent lost 3 consecutive packets! Is syncmode disabled?
{Wed 20:54:17 Step:352} Server_Comm.py: The agent lost 1 packet! Is syncmode enabled?
{Wed 20:54:17 Step:353} Server_Comm.py: Received a new packet while thinking!
{Wed 20:54:17 Step:355} Server_Comm.py: The agent lost 1 packet! Is syncmode enabled?
{Wed 20:54:17 Step:355} Server_Comm.py: Received a new packet while on world.update()!
{Wed 20:54:17 Step:357} Server_Comm.py: The agent lost 1 packet! Is syncmode enabled?
{Wed 20:54:17 Step:357} Server_Comm.py: Received a new packet while thinking!
{Wed 20:54:17 Step:358} Server_Comm.py: Received a new packet while thinking!
{Wed 20:54:17 Step:361} Server_Comm.py: The agent lost 2 consecutive packets! Is syncmode disabled?
{Wed 20:54:17 Step:362} Server_Comm.py: Received a new packet while thinking!
{Wed 20:54:17 Step:364} Server_Comm.py: The agent lost 1 packet! Is syncmode enabled?
{Wed 20:54:17 Step:364} Server_Comm.py: Received a new packet while thinking!
{Wed 20:54:17 Step:368} Server_Comm.py: The agent lost 3 consecutive packets! Is syncmode disabled?
{Wed 20:54:17 Step:368} Server_Comm.py: Received a new packet while thinking!
{Wed 20:54:17 Step:370} Server_Comm.py: The agent lost 1 packet! Is syncmode enabled?
{Wed 20:54:17 Step:370} Server_Comm.py: Received a new packet while on world.update()!
{Wed 20:54:17 Step:371} Server_Comm.py: Received a new packet while thinking!
{Wed 20:54:17 Step:372} Server_Comm.py: Received a new packet while on world.update()!
{Wed 20:54:17 Step:373} Server_Comm.py: Received a new packet while thinking!
{Wed 20:54:17 Step:375} Server_Comm.py: The agent lost 1 packet! Is syncmode enabled?
{Wed 20:54:17 Step:375} Server_Comm.py: Received a new packet while thinking!
{Wed 20:54:17 Step:377} Server_Comm.py: The agent lost 1 packet! Is syncmode enabled?
{Wed 20:54:17 Step:377} Server_Comm.py: Received a new packet while thinking!
{Wed 20:54:17 Step:379} Server_Comm.py: The agent lost 1 packet! Is syncmode enabled?
{Wed 20:54:17 Step:379} Server_Comm.py: Received a new packet while thinking!
{Wed 20:54:17 Step:381} Server_Comm.py: The agent lost 1 packet! Is syncmode enabled?
{Wed 20:54:18 Step:381} Server_Comm.py: Received a new packet while thinking!
{Wed 20:54:18 Step:383} Server_Comm.py: The agent lost 1 packet! Is syncmode enabled?
{Wed 20:54:18 Step:383} Server_Comm.py: Received a new packet while thinking!
{Wed 20:54:18 Step:385} Server_Comm.py: The agent lost 1 packet! Is syncmode enabled?
{Wed 20:54:18 Step:385} Server_Comm.py: Received a new packet while thinking!
{Wed 20:54:18 Step:387} Server_Comm.py: The agent lost 1 packet! Is syncmode enabled?
{Wed 20:54:18 Step:387} Server_Comm.py: Received a new packet while thinking!
{Wed 20:54:18 Step:389} Server_Comm.py: The agent lost 1 packet! Is syncmode enabled?
{Wed 20:54:18 Step:389} Server_Comm.py: Received a new packet while thinking!
{Wed 20:54:18 Step:390} Server_Comm.py: Received a new packet while on world.update()!
{Wed 20:54:18 Step:391} Server_Comm.py: Received a new packet while thinking!
{Wed 20:54:18 Step:392} Server_Comm.py: Received a new packet while thinking!
{Wed 20:54:18 Step:394} Server_Comm.py: The agent lost 1 packet! Is syncmode enabled?
{Wed 20:54:18 Step:394} Server_Comm.py: Received a new packet while thinking!
{Wed 20:54:18 Step:396} Server_Comm.py: The agent lost 1 packet! Is syncmode enabled?
{Wed 20:54:18 Step:396} Server_Comm.py: Received a new packet while thinking!
{Wed 20:54:18 Step:398} Server_Comm.py: The agent lost 1 packet! Is syncmode enabled?
{Wed 20:54:18 Step:398} Server_Comm.py: Received a new packet while thinking!
{Wed 20:54:18 Step:399} Server_Comm.py: Received a new packet while thinking!
{Wed 20:54:18 Step:401} Server_Comm.py: The agent lost 1 packet! Is syncmode enabled?
{Wed 20:54:18 Step:401} Server_Comm.py: Received a new packet while thinking!
{Wed 20:54:18 Step:403} Server_Comm.py: The agent lost 1 packet! Is syncmode enabled?
{Wed 20:54:18 Step:403} Server_Comm.py: Received a new packet while thinking!
{Wed 20:54:18 Step:405} Server_Comm.py: The agent lost 1 packet! Is syncmode enabled?
{Wed 20:54:18 Step:405} Server_Comm.py: Received a new packet while thinking!
{Wed 20:54:18 Step:407} Server_Comm.py: The agent lost 1 packet! Is syncmode enabled?
{Wed 20:54:18 Step:407} Server_Comm.py: Received a new packet while thinking!
{Wed 20:54:18 Step:408} Server_Comm.py: Received a new packet while thinking!
{Wed 20:54:18 Step:410} Server_Comm.py: The agent lost 1 packet! Is syncmode enabled?
{Wed 20:54:18 Step:410} Server_Comm.py: Received a new packet while thinking!
{Wed 20:54:18 Step:412} Server_Comm.py: The agent lost 1 packet! Is syncmode enabled?
{Wed 20:54:18 Step:412} Server_Comm.py: Received a new packet while thinking!
{Wed 20:54:18 Step:413} Server_Comm.py: Received a new packet while thinking!
{Wed 20:54:18 Step:415} Server_Comm.py: The agent lost 1 packet! Is syncmode enabled?
{Wed 20:54:18 Step:415} Server_Comm.py: Received a new packet while thinking!
{Wed 20:54:18 Step:416} Server_Comm.py: Received a new packet while on world.update()!
{Wed 20:54:18 Step:417} Server_Comm.py: Received a new packet while thinking!
{Wed 20:54:18 Step:418} Server_Comm.py: Received a new packet while on world.update()!
{Wed 20:54:18 Step:420} Server_Comm.py: Received a new packet while thinking!
{Wed 20:54:18 Step:421} Server_Comm.py: Received a new packet while thinking!
{Wed 20:54:18 Step:423} Server_Comm.py: The agent lost 1 packet! Is syncmode enabled?
{Wed 20:54:18 Step:423} Server_Comm.py: Received a new packet while thinking!
{Wed 20:54:18 Step:424} Server_Comm.py: Received a new packet while thinking!
{Wed 20:54:18 Step:427} Server_Comm.py: The agent lost 2 consecutive packets! Is syncmode disabled?
{Wed 20:54:18 Step:428} Server_Comm.py: Received a new packet while thinking!
{Wed 20:54:18 Step:430} Server_Comm.py: The agent lost 1 packet! Is syncmode enabled?
{Wed 20:54:19 Step:431} Server_Comm.py: Received a new packet while thinking!
{Wed 20:54:19 Step:433} Server_Comm.py: The agent lost 1 packet! Is syncmode enabled?
{Wed 20:54:19 Step:435} Server_Comm.py: The agent lost 1 packet! Is syncmode enabled?
{Wed 20:54:19 Step:435} Server_Comm.py: Received a new packet while thinking!
{Wed 20:54:19 Step:437} Server_Comm.py: The agent lost 1 packet! Is syncmode enabled?
{Wed 20:54:19 Step:438} Server_Comm.py: Received a new packet while thinking!
{Wed 20:54:19 Step:439} Server_Comm.py: Received a new packet while thinking!
{Wed 20:54:19 Step:441} Server_Comm.py: The agent lost 1 packet! Is syncmode enabled?
{Wed 20:54:19 Step:441} Server_Comm.py: Received a new packet while thinking!
{Wed 20:54:19 Step:443} Server_Comm.py: Received a new packet while thinking!
{Wed 20:54:19 Step:445} Server_Comm.py: The agent lost 1 packet! Is syncmode enabled?
{Wed 20:54:19 Step:446} Server_Comm.py: Received a new packet while thinking!
{Wed 20:54:19 Step:448} Server_Comm.py: The agent lost 1 packet! Is syncmode enabled?
{Wed 20:54:19 Step:448} Server_Comm.py: Received a new packet while thinking!
{Wed 20:54:19 Step:450} Server_Comm.py: The agent lost 1 packet! Is syncmode enabled?
{Wed 20:54:19 Step:452} Server_Comm.py: Received a new packet while thinking!
{Wed 20:54:19 Step:454} Server_Comm.py: The agent lost 1 packet! Is syncmode enabled?
{Wed 20:54:19 Step:456} Server_Comm.py: Received a new packet while thinking!
{Wed 20:54:19 Step:458} Server_Comm.py: The agent lost 1 packet! Is syncmode enabled?
{Wed 20:54:19 Step:460} Server_Comm.py: Received a new packet while thinking!
{Wed 20:54:19 Step:462} Server_Comm.py: The agent lost 1 packet! Is syncmode enabled?
{Wed 20:54:19 Step:468} Server_Comm.py: Received a new packet while thinking!
{Wed 20:54:19 Step:470} Server_Comm.py: The agent lost 1 packet! Is syncmode enabled?
{Wed 20:54:23 Step:648} Server_Comm.py: Received a new packet while thinking!
{Wed 20:54:23 Step:651} Server_Comm.py: Received a new packet while thinking!
{Wed 20:54:23 Step:654} Server_Comm.py: Received a new packet while thinking!
{Wed 20:54:23 Step:657} Server_Comm.py: Received a new packet while thinking!
{Wed 20:54:23 Step:660} Server_Comm.py: Received a new packet while thinking!
{Wed 20:54:23 Step:663} Server_Comm.py: Received a new packet while thinking!
{Wed 20:54:23 Step:666} Server_Comm.py: Received a new packet while thinking!
{Wed 20:54:23 Step:669} Server_Comm.py: Received a new packet while thinking!
{Wed 20:54:23 Step:672} Server_Comm.py: Received a new packet while thinking!
{Wed 20:54:24 Step:673} Server_Comm.py: Received a new packet while thinking!
{Wed 20:54:25 Step:676} Server_Comm.py: The agent lost 2 consecutive packets! Is syncmode disabled?
{Wed 20:54:25 Step:681} Server_Comm.py: Received a new packet while thinking!
{Wed 20:54:25 Step:685} Server_Comm.py: The agent lost 1 packet! Is syncmode enabled?
{Wed 20:54:25 Step:687} Server_Comm.py: Received a new packet while thinking!
{Wed 20:54:25 Step:689} Server_Comm.py: Received a new packet while thinking!
{Wed 20:54:25 Step:691} Server_Comm.py: The agent lost 1 packet! Is syncmode enabled?
{Wed 20:54:25 Step:694} Server_Comm.py: The agent lost 1 packet! Is syncmode enabled?
{Wed 20:54:25 Step:697} Server_Comm.py: The agent lost 1 packet! Is syncmode enabled?
{Wed 20:54:25 Step:700} Server_Comm.py: Received a new packet while thinking!
{Wed 20:54:25 Step:703} Server_Comm.py: The agent lost 2 consecutive packets! Is syncmode disabled?
{Wed 20:54:25 Step:706} Server_Comm.py: The agent lost 1 packet! Is syncmode enabled?
{Wed 20:54:25 Step:707} Server_Comm.py: Received a new packet while thinking!
{Wed 20:54:25 Step:709} Server_Comm.py: The agent lost 1 packet! Is syncmode enabled?
{Wed 20:54:25 Step:710} Server_Comm.py: Received a new packet while thinking!
{Wed 20:54:25 Step:712} Server_Comm.py: The agent lost 1 packet! Is syncmode enabled?
{Wed 20:54:25 Step:713} Server_Comm.py: Received a new packet while thinking!
{Wed 20:54:25 Step:715} Server_Comm.py: The agent lost 1 packet! Is syncmode enabled?
{Wed 20:54:25 Step:716} Server_Comm.py: Received a new packet while thinking!
{Wed 20:54:25 Step:718} Server_Comm.py: The agent lost 1 packet! Is syncmode enabled?
{Wed 20:54:25 Step:719} Server_Comm.py: Received a new packet while thinking!
{Wed 20:54:25 Step:721} Server_Comm.py: The agent lost 1 packet! Is syncmode enabled?
{Wed 20:54:25 Step:722} Server_Comm.py: Received a new packet while thinking!
{Wed 20:54:25 Step:724} Server_Comm.py: The agent lost 1 packet! Is syncmode enabled?
{Wed 20:54:26 Step:725} Server_Comm.py: Received a new packet while thinking!
{Wed 20:54:26 Step:727} Server_Comm.py: The agent lost 1 packet! Is syncmode enabled?
{Wed 20:54:26 Step:728} Server_Comm.py: Received a new packet while thinking!
{Wed 20:54:26 Step:730} Server_Comm.py: The agent lost 1 packet! Is syncmode enabled?
{Wed 20:54:26 Step:731} Server_Comm.py: Received a new packet while thinking!
{Wed 20:54:26 Step:733} Server_Comm.py: The agent lost 1 packet! Is syncmode enabled?
{Wed 20:54:26 Step:734} Server_Comm.py: Received a new packet while thinking!
{Wed 20:54:26 Step:736} Server_Comm.py: The agent lost 1 packet! Is syncmode enabled?
{Wed 20:54:26 Step:740} Server_Comm.py: The agent lost 1 packet! Is syncmode enabled?
{Wed 20:54:26 Step:740} Server_Comm.py: Received a new packet while thinking!
{Wed 20:54:26 Step:742} Server_Comm.py: Received a new packet while thinking!
{Wed 20:54:26 Step:744} Server_Comm.py: The agent lost 1 packet! Is syncmode enabled?
{Wed 20:54:26 Step:745} Server_Comm.py: Received a new packet while thinking!
{Wed 20:54:26 Step:747} Server_Comm.py: The agent lost 1 packet! Is syncmode enabled?
{Wed 20:54:26 Step:748} Server_Comm.py: Received a new packet while thinking!
{Wed 20:54:26 Step:750} Server_Comm.py: The agent lost 1 packet! Is syncmode enabled?
{Wed 20:54:26 Step:751} Server_Comm.py: Received a new packet while thinking!
{Wed 20:54:26 Step:753} Server_Comm.py: The agent lost 1 packet! Is syncmode enabled?
{Wed 20:54:26 Step:754} Server_Comm.py: Received a new packet while thinking!
{Wed 20:54:26 Step:756} Server_Comm.py: The agent lost 1 packet! Is syncmode enabled?
{Wed 20:54:26 Step:758} Server_Comm.py: Received a new packet while thinking!
{Wed 20:54:26 Step:760} Server_Comm.py: The agent lost 1 packet! Is syncmode enabled?
{Wed 20:54:26 Step:762} Server_Comm.py: Received a new packet while thinking!
{Wed 20:54:26 Step:764} Server_Comm.py: The agent lost 1 packet! Is syncmode enabled?
{Wed 20:54:26 Step:768} Server_Comm.py: Received a new packet while thinking!
{Wed 20:54:26 Step:770} Server_Comm.py: The agent lost 1 packet! Is syncmode enabled?
{Wed 20:54:26 Step:773} Server_Comm.py: Received a new packet while thinking!
{Wed 20:54:27 Step:775} Server_Comm.py: The agent lost 1 packet! Is syncmode enabled?
{Wed 20:54:27 Step:782} Server_Comm.py: Received a new packet while thinking!
{Wed 20:54:27 Step:784} Server_Comm.py: The agent lost 1 packet! Is syncmode enabled?
{Wed 20:54:27 Step:788} Server_Comm.py: Received a new packet while thinking!
{Wed 20:54:27 Step:790} Server_Comm.py: The agent lost 1 packet! Is syncmode enabled?
{Wed 20:54:27 Step:792} Server_Comm.py: Received a new packet while thinking!
{Wed 20:54:27 Step:794} Server_Comm.py: The agent lost 1 packet! Is syncmode enabled?
{Wed 20:54:27 Step:798} Server_Comm.py: Received a new packet while thinking!
{Wed 20:54:27 Step:800} Server_Comm.py: The agent lost 1 packet! Is syncmode enabled?
{Wed 20:54:27 Step:806} Server_Comm.py: Received a new packet while thinking!
{Wed 20:54:27 Step:808} Server_Comm.py: The agent lost 1 packet! Is syncmode enabled?
{Wed 20:54:27 Step:811} Server_Comm.py: Received a new packet while thinking!
{Wed 20:54:27 Step:813} Server_Comm.py: The agent lost 1 packet! Is syncmode enabled?
{Wed 20:54:27 Step:819} Server_Comm.py: Received a new packet while thinking!
{Wed 20:54:27 Step:821} Server_Comm.py: The agent lost 1 packet! Is syncmode enabled?
{Wed 20:54:28 Step:825} Server_Comm.py: Received a new packet while thinking!
{Wed 20:54:28 Step:827} Server_Comm.py: The agent lost 1 packet! Is syncmode enabled?
{Wed 20:54:28 Step:829} Server_Comm.py: Received a new packet while thinking!
{Wed 20:54:28 Step:831} Server_Comm.py: The agent lost 1 packet! Is syncmode enabled?
{Wed 20:54:28 Step:834} Server_Comm.py: Received a new packet while thinking!
{Wed 20:54:28 Step:836} Server_Comm.py: The agent lost 1 packet! Is syncmode enabled?
{Wed 20:54:28 Step:841} Server_Comm.py: Received a new packet while thinking!
{Wed 20:54:28 Step:843} Server_Comm.py: The agent lost 1 packet! Is syncmode enabled?
{Wed 20:54:31 Step:998} Server_Comm.py: Received a new packet while thinking!
{Wed 20:54:31 Step:1000} Server_Comm.py: The agent lost 1 packet! Is syncmode enabled?
{Wed 20:54:31 Step:1002} Server_Comm.py: Received a new packet while thinking!
{Wed 20:54:31 Step:1003} Server_Comm.py: Received a new packet while thinking!
{Wed 20:54:31 Step:1005} Server_Comm.py: The agent lost 1 packet! Is syncmode enabled?
{Wed 20:54:31 Step:1005} Server_Comm.py: Received a new packet while thinking!
{Wed 20:54:31 Step:1006} Server_Comm.py: Received a new packet while thinking!
{Wed 20:54:31 Step:1008} Server_Comm.py: The agent lost 1 packet! Is syncmode enabled?
{Wed 20:54:31 Step:1009} Server_Comm.py: Received a new packet while thinking!
{Wed 20:54:31 Step:1011} Server_Comm.py: The agent lost 1 packet! Is syncmode enabled?
{Wed 20:54:31 Step:1011} Server_Comm.py: Received a new packet while thinking!
{Wed 20:54:31 Step:1012} Server_Comm.py: Received a new packet while thinking!
{Wed 20:54:31 Step:1014} Server_Comm.py: The agent lost 1 packet! Is syncmode enabled?
{Wed 20:54:31 Step:1014} Server_Comm.py: Received a new packet while thinking!
{Wed 20:54:31 Step:1015} Server_Comm.py: Received a new packet while thinking!
{Wed 20:54:31 Step:1018} Server_Comm.py: The agent lost 2 consecutive packets! Is syncmode disabled?
{Wed 20:54:31 Step:1021} Server_Comm.py: The agent lost 1 packet! Is syncmode enabled?
{Wed 20:54:32 Step:1022} Server_Comm.py: Received a new packet while thinking!
{Wed 20:54:32 Step:1024} Server_Comm.py: The agent lost 1 packet! Is syncmode enabled?
{Wed 20:54:32 Step:1024} Server_Comm.py: Received a new packet while thinking!
{Wed 20:54:32 Step:1026} Server_Comm.py: The agent lost 1 packet! Is syncmode enabled?
{Wed 20:54:32 Step:1026} Server_Comm.py: Received a new packet while thinking!
{Wed 20:54:32 Step:1028} Server_Comm.py: The agent lost 1 packet! Is syncmode enabled?
{Wed 20:54:32 Step:1028} Server_Comm.py: Received a new packet while thinking!
{Wed 20:54:32 Step:1030} Server_Comm.py: The agent lost 1 packet! Is syncmode enabled?
{Wed 20:54:32 Step:1030} Server_Comm.py: Received a new packet while thinking!
{Wed 20:54:32 Step:1032} Server_Comm.py: The agent lost 1 packet! Is syncmode enabled?
{Wed 20:54:32 Step:1032} Server_Comm.py: Received a new packet while thinking!
{Wed 20:54:32 Step:1034} Server_Comm.py: The agent lost 1 packet! Is syncmode enabled?
{Wed 20:54:32 Step:1035} Server_Comm.py: Received a new packet while thinking!
{Wed 20:54:32 Step:1037} Server_Comm.py: Received a new packet while thinking!
{Wed 20:54:32 Step:1039} Server_Comm.py: The agent lost 1 packet! Is syncmode enabled?
{Wed 20:54:32 Step:1039} Server_Comm.py: Received a new packet while thinking!
{Wed 20:54:32 Step:1042} Server_Comm.py: The agent lost 2 consecutive packets! Is syncmode disabled?
{Wed 20:54:32 Step:1045} Server_Comm.py: The agent lost 1 packet! Is syncmode enabled?
{Wed 20:54:32 Step:1048} Server_Comm.py: The agent lost 1 packet! Is syncmode enabled?
{Wed 20:54:32 Step:1050} Server_Comm.py: Received a new packet while thinking!
{Wed 20:54:32 Step:1052} Server_Comm.py: Received a new packet while thinking!
{Wed 20:54:32 Step:1054} Server_Comm.py: The agent lost 1 packet! Is syncmode enabled?
{Wed 20:54:32 Step:1057} Server_Comm.py: The agent lost 1 packet! Is syncmode enabled?
{Wed 20:54:32 Step:1060} Server_Comm.py: The agent lost 1 packet! Is syncmode enabled?
{Wed 20:54:32 Step:1062} Server_Comm.py: Received a new packet while thinking!
{Wed 20:54:32 Step:1065} Server_Comm.py: Received a new packet while thinking!
{Wed 20:54:32 Step:1069} Server_Comm.py: The agent lost 1 packet! Is syncmode enabled?
{Wed 20:54:32 Step:1071} Server_Comm.py: Received a new packet while thinking!
{Wed 20:54:33 Step:1075} Server_Comm.py: The agent lost 1 packet! Is syncmode enabled?
{Wed 20:54:33 Step:1077} Server_Comm.py: Received a new packet while thinking!
{Wed 20:54:33 Step:1080} Server_Comm.py: Received a new packet while thinking!
{Wed 20:54:33 Step:1099} Server_Comm.py: Received a new packet while thinking!
{Wed 20:54:33 Step:1101} Server_Comm.py: Received a new packet while thinking!
{Wed 20:54:33 Step:1105} Server_Comm.py: The agent lost 1 packet! Is syncmode enabled?
{Wed 20:54:33 Step:1108} Server_Comm.py: Received a new packet while thinking!
{Wed 20:54:33 Step:1110} Server_Comm.py: Received a new packet while thinking!
{Wed 20:54:33 Step:1114} Server_Comm.py: The agent lost 1 packet! Is syncmode enabled?
{Wed 20:54:33 Step:1119} Server_Comm.py: Received a new packet while thinking!
{Wed 20:54:33 Step:1122} Server_Comm.py: Received a new packet while thinking!
{Wed 20:54:34 Step:1125} Server_Comm.py: Received a new packet while thinking!
{Wed 20:54:34 Step:1129} Server_Comm.py: The agent lost 1 packet! Is syncmode enabled?
{Wed 20:54:34 Step:1131} Server_Comm.py: Received a new packet while thinking!
{Wed 20:54:34 Step:1134} Server_Comm.py: Received a new packet while thinking!
{Wed 20:54:34 Step:1138} Server_Comm.py: The agent lost 1 packet! Is syncmode enabled?
{Wed 20:54:34 Step:1141} Server_Comm.py: Received a new packet while thinking!
{Wed 20:54:34 Step:1143} Server_Comm.py: The agent lost 1 packet! Is syncmode enabled?
{Wed 20:54:34 Step:1147} Server_Comm.py: Received a new packet while thinking!
{Wed 20:54:34 Step:1149} Server_Comm.py: The agent lost 1 packet! Is syncmode enabled?
{Wed 20:54:34 Step:1153} Server_Comm.py: Received a new packet while thinking!
{Wed 20:54:34 Step:1155} Server_Comm.py: The agent lost 1 packet! Is syncmode enabled?
{Wed 20:54:34 Step:1158} Server_Comm.py: Received a new packet while thinking!
{Wed 20:54:34 Step:1160} Server_Comm.py: The agent lost 1 packet! Is syncmode enabled?
{Wed 20:54:34 Step:1166} Server_Comm.py: Received a new packet while thinking!
{Wed 20:54:34 Step:1168} Server_Comm.py: The agent lost 1 packet! Is syncmode enabled?
{Wed 20:54:38 Step:1355} Server_Comm.py: Received a new packet while thinking!
{Wed 20:54:38 Step:1357} Server_Comm.py: The agent lost 1 packet! Is syncmode enabled?
{Wed 20:54:38 Step:1364} Server_Comm.py: Received a new packet while thinking!
{Wed 20:54:38 Step:1366} Server_Comm.py: The agent lost 1 packet! Is syncmode enabled?
{Wed 20:54:38 Step:1369} Server_Comm.py: The agent lost 1 packet! Is syncmode enabled?
{Wed 20:54:38 Step:1371} Server_Comm.py: Received a new packet while thinking!
{Wed 20:54:39 Step:1375} Server_Comm.py: The agent lost 1 packet! Is syncmode enabled?
{Wed 20:54:39 Step:1377} Server_Comm.py: Received a new packet while thinking!
{Wed 20:54:39 Step:1381} Server_Comm.py: The agent lost 1 packet! Is syncmode enabled?
{Wed 20:54:39 Step:1383} Server_Comm.py: Received a new packet while thinking!
{Wed 20:54:39 Step:1387} Server_Comm.py: The agent lost 1 packet! Is syncmode enabled?
{Wed 20:54:39 Step:1389} Server_Comm.py: Received a new packet while thinking!
{Wed 20:54:39 Step:1393} Server_Comm.py: The agent lost 1 packet! Is syncmode enabled?
{Wed 20:54:39 Step:1399} Server_Comm.py: Received a new packet while thinking!
{Wed 20:54:39 Step:1401} Server_Comm.py: Received a new packet while thinking!
{Wed 20:54:39 Step:1404} Server_Comm.py: Received a new packet while thinking!
{Wed 20:54:39 Step:1408} Server_Comm.py: The agent lost 1 packet! Is syncmode enabled?
{Wed 20:54:39 Step:1410} Server_Comm.py: Received a new packet while thinking!
{Wed 20:54:39 Step:1414} Server_Comm.py: The agent lost 1 packet! Is syncmode enabled?
{Wed 20:54:39 Step:1416} Server_Comm.py: Received a new packet while thinking!
{Wed 20:54:39 Step:1420} Server_Comm.py: The agent lost 1 packet! Is syncmode enabled?
{Wed 20:54:40 Step:1423} Server_Comm.py: The agent lost 1 packet! Is syncmode enabled?
{Wed 20:54:40 Step:1425} Server_Comm.py: Received a new packet while thinking!
{Wed 20:54:40 Step:1429} Server_Comm.py: The agent lost 1 packet! Is syncmode enabled?
{Wed 20:54:40 Step:1432} Server_Comm.py: Received a new packet while thinking!
{Wed 20:54:40 Step:1434} Server_Comm.py: Received a new packet while thinking!
{Wed 20:54:40 Step:1448} Server_Comm.py: Received a new packet while thinking!
{Wed 20:54:40 Step:1450} Server_Comm.py: The agent lost 1 packet! Is syncmode enabled?
{Wed 20:54:40 Step:1456} Server_Comm.py: Received a new packet while thinking!
{Wed 20:54:40 Step:1458} Server_Comm.py: The agent lost 1 packet! Is syncmode enabled?
{Wed 20:54:40 Step:1463} Server_Comm.py: Received a new packet while thinking!
{Wed 20:54:40 Step:1465} Server_Comm.py: The agent lost 1 packet! Is syncmode enabled?
{Wed 20:54:40 Step:1470} Server_Comm.py: Received a new packet while thinking!
{Wed 20:54:41 Step:1472} Server_Comm.py: The agent lost 1 packet! Is syncmode enabled?
{Wed 20:54:41 Step:1479} Server_Comm.py: Received a new packet while thinking!
{Wed 20:54:41 Step:1481} Server_Comm.py: The agent lost 1 packet! Is syncmode enabled?
{Wed 20:54:41 Step:1487} Server_Comm.py: Received a new packet while thinking!
{Wed 20:54:41 Step:1489} Server_Comm.py: The agent lost 1 packet! Is syncmode enabled?
{Wed 20:54:41 Step:1493} Server_Comm.py: Received a new packet while thinking!
{Wed 20:54:41 Step:1495} Server_Comm.py: The agent lost 1 packet! Is syncmode enabled?
{Wed 20:54:42 Step:1524} Server_Comm.py: Received a new packet while thinking!
{Wed 20:54:42 Step:1526} Server_Comm.py: The agent lost 1 packet! Is syncmode enabled?
{Wed 20:54:42 Step:1543} Server_Comm.py: Received a new packet while thinking!
{Wed 20:54:42 Step:1545} Server_Comm.py: Received a new packet while thinking!
{Wed 20:54:42 Step:1549} Server_Comm.py: The agent lost 1 packet! Is syncmode enabled?
{Wed 20:54:42 Step:1551} Server_Comm.py: Received a new packet while thinking!
{Wed 20:54:42 Step:1555} Server_Comm.py: The agent lost 1 packet! Is syncmode enabled?
{Wed 20:54:42 Step:1557} Server_Comm.py: Received a new packet while thinking!
{Wed 20:54:42 Step:1558} Server_Comm.py: Received a new packet while thinking!
{Wed 20:54:42 Step:1560} Server_Comm.py: The agent lost 1 packet! Is syncmode enabled?
{Wed 20:54:42 Step:1560} Server_Comm.py: Received a new packet while thinking!
{Wed 20:54:42 Step:1564} Server_Comm.py: The agent lost 1 packet! Is syncmode enabled?
{Wed 20:54:42 Step:1566} Server_Comm.py: Received a new packet while thinking!
{Wed 20:54:42 Step:1568} Server_Comm.py: Received a new packet while thinking!
{Wed 20:54:42 Step:1570} Server_Comm.py: The agent lost 1 packet! Is syncmode enabled?
{Wed 20:54:43 Step:1573} Server_Comm.py: The agent lost 1 packet! Is syncmode enabled?
{Wed 20:54:43 Step:1575} Server_Comm.py: Received a new packet while thinking!
{Wed 20:54:43 Step:1576} Server_Comm.py: Received a new packet while thinking!
{Wed 20:54:43 Step:1578} Server_Comm.py: The agent lost 1 packet! Is syncmode enabled?
{Wed 20:54:43 Step:1578} Server_Comm.py: Received a new packet while thinking!
{Wed 20:54:43 Step:1579} Server_Comm.py: Received a new packet while thinking!
{Wed 20:54:43 Step:1581} Server_Comm.py: The agent lost 1 packet! Is syncmode enabled?
{Wed 20:54:43 Step:1581} Server_Comm.py: Received a new packet while thinking!
{Wed 20:54:43 Step:1582} Server_Comm.py: Received a new packet while thinking!
{Wed 20:54:43 Step:1584} Server_Comm.py: The agent lost 1 packet! Is syncmode enabled?
{Wed 20:54:43 Step:1584} Server_Comm.py: Received a new packet while thinking!
{Wed 20:54:43 Step:1585} Server_Comm.py: Received a new packet while thinking!
{Wed 20:54:43 Step:1587} Server_Comm.py: The agent lost 1 packet! Is syncmode enabled?
{Wed 20:54:43 Step:1587} Server_Comm.py: Received a new packet while thinking!
{Wed 20:54:43 Step:1588} Server_Comm.py: Received a new packet while thinking!
{Wed 20:54:43 Step:1590} Server_Comm.py: The agent lost 1 packet! Is syncmode enabled?
{Wed 20:54:43 Step:1590} Server_Comm.py: Received a new packet while thinking!
{Wed 20:54:43 Step:1591} Server_Comm.py: Received a new packet while thinking!
{Wed 20:54:43 Step:1594} Server_Comm.py: The agent lost 2 consecutive packets! Is syncmode disabled?
{Wed 20:54:43 Step:1597} Server_Comm.py: The agent lost 1 packet! Is syncmode enabled?
{Wed 20:54:43 Step:1600} Server_Comm.py: The agent lost 1 packet! Is syncmode enabled?
{Wed 20:54:43 Step:1603} Server_Comm.py: The agent lost 1 packet! Is syncmode enabled?
{Wed 20:54:43 Step:1605} Server_Comm.py: Received a new packet while thinking!
{Wed 20:54:43 Step:1609} Server_Comm.py: The agent lost 1 packet! Is syncmode enabled?
{Wed 20:54:43 Step:1611} Server_Comm.py: Received a new packet while on world.update()!
{Wed 20:54:43 Step:1615} Server_Comm.py: Received a new packet while thinking!
{Wed 20:54:43 Step:1617} Server_Comm.py: Received a new packet while thinking!
{Wed 20:54:43 Step:1619} Server_Comm.py: Received a new packet while thinking!
{Wed 20:54:43 Step:1621} Server_Comm.py: The agent lost 1 packet! Is syncmode enabled?
{Wed 20:54:44 Step:1632} Server_Comm.py: The agent lost 1 packet! Is syncmode enabled?
{Wed 20:54:44 Step:1634} Server_Comm.py: Received a new packet while thinking!
{Wed 20:54:45 Step:1670} Server_Comm.py: Received a new packet while thinking!
{Wed 20:54:45 Step:1672} Server_Comm.py: The agent lost 1 packet! Is syncmode enabled?
{Wed 20:54:45 Step:1674} Server_Comm.py: Received a new packet while thinking!
{Wed 20:54:45 Step:1676} Server_Comm.py: The agent lost 1 packet! Is syncmode enabled?
{Wed 20:54:45 Step:1684} Server_Comm.py: Received a new packet while thinking!
{Wed 20:54:45 Step:1686} Server_Comm.py: The agent lost 1 packet! Is syncmode enabled?
{Wed 20:54:45 Step:1686} Server_Comm.py: Received a new packet while thinking!
{Wed 20:54:45 Step:1688} Server_Comm.py: Received a new packet while thinking!
{Wed 20:54:45 Step:1690} Server_Comm.py: The agent lost 1 packet! Is syncmode enabled?
{Wed 20:54:45 Step:1690} Server_Comm.py: Received a new packet while thinking!
{Wed 20:54:45 Step:1692} Server_Comm.py: The agent lost 1 packet! Is syncmode enabled?
{Wed 20:54:45 Step:1692} Server_Comm.py: Received a new packet while thinking!
{Wed 20:54:45 Step:1693} Server_Comm.py: Received a new packet while thinking!
{Wed 20:54:45 Step:1695} Server_Comm.py: The agent lost 1 packet! Is syncmode enabled?
{Wed 20:54:45 Step:1695} Server_Comm.py: Received a new packet while thinking!
{Wed 20:54:45 Step:1696} Server_Comm.py: Received a new packet while thinking!
{Wed 20:54:45 Step:1699} Server_Comm.py: The agent lost 2 consecutive packets! Is syncmode disabled?
{Wed 20:54:45 Step:1702} Server_Comm.py: The agent lost 1 packet! Is syncmode enabled?
{Wed 20:54:45 Step:1703} Server_Comm.py: Received a new packet while thinking!
{Wed 20:54:45 Step:1705} Server_Comm.py: The agent lost 1 packet! Is syncmode enabled?
{Wed 20:54:45 Step:1705} Server_Comm.py: Received a new packet while thinking!
{Wed 20:54:45 Step:1707} Server_Comm.py: The agent lost 1 packet! Is syncmode enabled?
{Wed 20:54:45 Step:1707} Server_Comm.py: Received a new packet while thinking!
{Wed 20:54:45 Step:1708} Server_Comm.py: Received a new packet while thinking!
{Wed 20:54:45 Step:1711} Server_Comm.py: The agent lost 2 consecutive packets! Is syncmode disabled?
{Wed 20:54:45 Step:1712} Server_Comm.py: Received a new packet while thinking!
{Wed 20:54:45 Step:1714} Server_Comm.py: The agent lost 1 packet! Is syncmode enabled?
{Wed 20:54:45 Step:1715} Server_Comm.py: Received a new packet while thinking!
{Wed 20:54:45 Step:1717} Server_Comm.py: The agent lost 1 packet! Is syncmode enabled?
{Wed 20:54:45 Step:1718} Server_Comm.py: Received a new packet while thinking!
{Wed 20:54:45 Step:1720} Server_Comm.py: The agent lost 1 packet! Is syncmode enabled?
{Wed 20:54:46 Step:1720} Server_Comm.py: Received a new packet while thinking!
{Wed 20:54:46 Step:1722} Server_Comm.py: The agent lost 1 packet! Is syncmode enabled?
{Wed 20:54:46 Step:1722} Server_Comm.py: Received a new packet while thinking!
{Wed 20:54:46 Step:1726} Server_Comm.py: The agent lost 1 packet! Is syncmode enabled?
{Wed 20:54:46 Step:1728} Server_Comm.py: Received a new packet while thinking!
{Wed 20:54:46 Step:1731} Server_Comm.py: Received a new packet while thinking!
{Wed 20:54:46 Step:1734} Server_Comm.py: Received a new packet while thinking!
{Wed 20:54:46 Step:1737} Server_Comm.py: Received a new packet while thinking!
{Wed 20:54:46 Step:1740} Server_Comm.py: Received a new packet while thinking!
{Wed 20:54:48 Step:1837} Server_Comm.py: The agent lost 1 packet! Is syncmode enabled?
{Wed 20:54:48 Step:1839} Server_Comm.py: Received a new packet while thinking!
{Wed 20:54:48 Step:1843} Server_Comm.py: The agent lost 1 packet! Is syncmode enabled?
{Wed 20:54:48 Step:1845} Server_Comm.py: Received a new packet while thinking!
{Wed 20:54:48 Step:1848} Server_Comm.py: Received a new packet while on world.update()!
{Wed 20:54:48 Step:1851} Server_Comm.py: Received a new packet while thinking!
{Wed 20:54:48 Step:1855} Server_Comm.py: The agent lost 1 packet! Is syncmode enabled?
{Wed 20:54:48 Step:1857} Server_Comm.py: Received a new packet while thinking!
{Wed 20:54:48 Step:1861} Server_Comm.py: The agent lost 1 packet! Is syncmode enabled?
{Wed 20:54:48 Step:1863} Server_Comm.py: Received a new packet while thinking!
{Wed 20:54:48 Step:1867} Server_Comm.py: The agent lost 1 packet! Is syncmode enabled?
{Wed 20:54:48 Step:1870} Server_Comm.py: The agent lost 1 packet! Is syncmode enabled?
{Wed 20:54:49 Step:1872} Server_Comm.py: Received a new packet while thinking!
{Wed 20:54:49 Step:1873} Server_Comm.py: Received a new packet while thinking!
{Wed 20:54:49 Step:1875} Server_Comm.py: The agent lost 1 packet! Is syncmode enabled?
{Wed 20:54:49 Step:1875} Server_Comm.py: Received a new packet while thinking!
{Wed 20:54:49 Step:1876} Server_Comm.py: Received a new packet while thinking!
{Wed 20:54:49 Step:1878} Server_Comm.py: The agent lost 1 packet! Is syncmode enabled?
{Wed 20:54:49 Step:1878} Server_Comm.py: Received a new packet while thinking!
{Wed 20:54:49 Step:1882} Server_Comm.py: The agent lost 1 packet! Is syncmode enabled?
{Wed 20:54:49 Step:1884} Server_Comm.py: Received a new packet while thinking!
{Wed 20:54:49 Step:1886} Server_Comm.py: Received a new packet while thinking!
{Wed 20:54:49 Step:1888} Server_Comm.py: The agent lost 1 packet! Is syncmode enabled?
{Wed 20:54:49 Step:1891} Server_Comm.py: The agent lost 1 packet! Is syncmode enabled?
{Wed 20:54:49 Step:1894} Server_Comm.py: The agent lost 1 packet! Is syncmode enabled?
{Wed 20:54:50 Step:1921} Server_Comm.py: The agent lost 1 packet! Is syncmode enabled?
{Wed 20:54:50 Step:1944} Server_Comm.py: Received a new packet while thinking!
{Wed 20:54:50 Step:1947} Server_Comm.py: Received a new packet while thinking!
{Wed 20:54:50 Step:1951} Server_Comm.py: The agent lost 1 packet! Is syncmode enabled?
{Wed 20:54:50 Step:1959} Server_Comm.py: Received a new packet while thinking!
{Wed 20:54:50 Step:1968} Server_Comm.py: Received a new packet while thinking!
{Wed 20:54:51 Step:1980} Server_Comm.py: Received a new packet while thinking!
{Wed 20:54:51 Step:1983} Server_Comm.py: Received a new packet while thinking!
{Wed 20:54:51 Step:1987} Server_Comm.py: The agent lost 1 packet! Is syncmode enabled?
{Wed 20:54:51 Step:1989} Server_Comm.py: Received a new packet while thinking!
{Wed 20:54:51 Step:1992} Server_Comm.py: Received a new packet while thinking!
{Wed 20:54:51 Step:1996} Server_Comm.py: The agent lost 1 packet! Is syncmode enabled?
{Wed 20:54:51 Step:1998} Server_Comm.py: Received a new packet while thinking!
{Wed 20:54:51 Step:2000} Server_Comm.py: Received a new packet while thinking!
{Wed 20:54:51 Step:2002} Server_Comm.py: The agent lost 1 packet! Is syncmode enabled?
{Wed 20:54:51 Step:2003} Server_Comm.py: Received a new packet while thinking!
{Wed 20:54:51 Step:2005} Server_Comm.py: The agent lost 1 packet! Is syncmode enabled?
{Wed 20:54:51 Step:2006} Server_Comm.py: Received a new packet while thinking!
{Wed 20:54:51 Step:2008} Server_Comm.py: The agent lost 1 packet! Is syncmode enabled?
{Wed 20:54:51 Step:2009} Server_Comm.py: Received a new packet while thinking!
{Wed 20:54:51 Step:2011} Server_Comm.py: The agent lost 1 packet! Is syncmode enabled?
{Wed 20:54:51 Step:2012} Server_Comm.py: Received a new packet while thinking!
{Wed 20:54:51 Step:2014} Server_Comm.py: The agent lost 1 packet! Is syncmode enabled?
{Wed 20:54:51 Step:2015} Server_Comm.py: Received a new packet while thinking!
{Wed 20:54:51 Step:2017} Server_Comm.py: The agent lost 1 packet! Is syncmode enabled?
{Wed 20:54:51 Step:2017} Server_Comm.py: Received a new packet while thinking!
{Wed 20:54:52 Step:2019} Server_Comm.py: The agent lost 1 packet! Is syncmode enabled?
{Wed 20:54:52 Step:2019} Server_Comm.py: Received a new packet while thinking!
{Wed 20:54:52 Step:2021} Server_Comm.py: The agent lost 1 packet! Is syncmode enabled?
{Wed 20:54:52 Step:2021} Server_Comm.py: Received a new packet while thinking!
{Wed 20:54:52 Step:2023} Server_Comm.py: The agent lost 1 packet! Is syncmode enabled?
{Wed 20:54:52 Step:2023} Server_Comm.py: Received a new packet while thinking!
{Wed 20:54:52 Step:2025} Server_Comm.py: The agent lost 1 packet! Is syncmode enabled?
{Wed 20:54:52 Step:2025} Server_Comm.py: Received a new packet while thinking!
{Wed 20:54:52 Step:2027} Server_Comm.py: The agent lost 1 packet! Is syncmode enabled?
{Wed 20:54:52 Step:2027} Server_Comm.py: Received a new packet while thinking!
{Wed 20:54:52 Step:2029} Server_Comm.py: The agent lost 1 packet! Is syncmode enabled?
{Wed 20:54:52 Step:2029} Server_Comm.py: Received a new packet while thinking!
{Wed 20:54:52 Step:2031} Server_Comm.py: The agent lost 1 packet! Is syncmode enabled?
{Wed 20:54:52 Step:2031} Server_Comm.py: Received a new packet while thinking!
{Wed 20:54:52 Step:2033} Server_Comm.py: The agent lost 1 packet! Is syncmode enabled?
{Wed 20:54:52 Step:2034} Server_Comm.py: Received a new packet while thinking!
{Wed 20:54:52 Step:2036} Server_Comm.py: The agent lost 1 packet! Is syncmode enabled?
{Wed 20:54:52 Step:2036} Server_Comm.py: Received a new packet while thinking!
{Wed 20:54:52 Step:2038} Server_Comm.py: The agent lost 1 packet! Is syncmode enabled?
{Wed 20:54:52 Step:2039} Server_Comm.py: Received a new packet while thinking!
{Wed 20:54:52 Step:2041} Server_Comm.py: The agent lost 1 packet! Is syncmode enabled?
{Wed 20:54:52 Step:2042} Server_Comm.py: Received a new packet while thinking!
{Wed 20:54:52 Step:2044} Server_Comm.py: The agent lost 1 packet! Is syncmode enabled?
{Wed 20:54:52 Step:2046} Server_Comm.py: Received a new packet while thinking!
{Wed 20:54:52 Step:2048} Server_Comm.py: The agent lost 1 packet! Is syncmode enabled?
{Wed 20:54:52 Step:2048} Server_Comm.py: Received a new packet while thinking!
{Wed 20:54:52 Step:2050} Server_Comm.py: The agent lost 1 packet! Is syncmode enabled?
{Wed 20:54:52 Step:2051} Server_Comm.py: Received a new packet while thinking!
{Wed 20:54:52 Step:2053} Server_Comm.py: The agent lost 1 packet! Is syncmode enabled?
{Wed 20:54:52 Step:2055} Server_Comm.py: Received a new packet while thinking!
{Wed 20:54:52 Step:2057} Server_Comm.py: The agent lost 1 packet! Is syncmode enabled?
{Wed 20:54:52 Step:2060} Server_Comm.py: Received a new packet while thinking!
{Wed 20:54:52 Step:2062} Server_Comm.py: The agent lost 1 packet! Is syncmode enabled?
{Wed 20:54:53 Step:2071} Server_Comm.py: Received a new packet while thinking!
{Wed 20:54:53 Step:2073} Server_Comm.py: The agent lost 1 packet! Is syncmode enabled?
{Wed 20:54:53 Step:2112} Server_Comm.py: Received a new packet while thinking!
{Wed 20:54:53 Step:2115} Server_Comm.py: Received a new packet while thinking!
{Wed 20:54:53 Step:2118} Server_Comm.py: Received a new packet while thinking!
{Wed 20:54:54 Step:2122} Server_Comm.py: The agent lost 1 packet! Is syncmode enabled?
{Wed 20:54:54 Step:2124} Server_Comm.py: Received a new packet while thinking!
{Wed 20:54:54 Step:2127} Server_Comm.py: Received a new packet while thinking!
{Wed 20:54:54 Step:2131} Server_Comm.py: The agent lost 1 packet! Is syncmode enabled?
{Wed 20:54:54 Step:2133} Server_Comm.py: Received a new packet while thinking!
{Wed 20:54:54 Step:2134} Server_Comm.py: Received a new packet while thinking!
{Wed 20:54:54 Step:2136} Server_Comm.py: The agent lost 1 packet! Is syncmode enabled?
{Wed 20:54:54 Step:2136} Server_Comm.py: Received a new packet while thinking!
{Wed 20:54:54 Step:2137} Server_Comm.py: Received a new packet while thinking!
{Wed 20:54:54 Step:2139} Server_Comm.py: The agent lost 1 packet! Is syncmode enabled?
{Wed 20:54:54 Step:2139} Server_Comm.py: Received a new packet while thinking!
{Wed 20:54:54 Step:2140} Server_Comm.py: Received a new packet while thinking!
{Wed 20:54:54 Step:2143} Server_Comm.py: The agent lost 2 consecutive packets! Is syncmode disabled?
{Wed 20:54:54 Step:2144} Server_Comm.py: Received a new packet while thinking!
{Wed 20:54:54 Step:2146} Server_Comm.py: The agent lost 1 packet! Is syncmode enabled?
{Wed 20:54:54 Step:2146} Server_Comm.py: Received a new packet while thinking!
{Wed 20:54:54 Step:2148} Server_Comm.py: The agent lost 1 packet! Is syncmode enabled?
{Wed 20:54:54 Step:2148} Server_Comm.py: Received a new packet while on world.update()!
{Wed 20:54:54 Step:2152} Server_Comm.py: The agent lost 1 packet! Is syncmode enabled?
{Wed 20:54:54 Step:2153} Server_Comm.py: Received a new packet while thinking!
{Wed 20:54:54 Step:2155} Server_Comm.py: The agent lost 1 packet! Is syncmode enabled?
{Wed 20:54:54 Step:2155} Server_Comm.py: Received a new packet while thinking!
{Wed 20:54:54 Step:2157} Server_Comm.py: The agent lost 1 packet! Is syncmode enabled?
{Wed 20:54:54 Step:2157} Server_Comm.py: Received a new packet while thinking!
{Wed 20:54:54 Step:2158} Server_Comm.py: Received a new packet while thinking!
{Wed 20:54:54 Step:2160} Server_Comm.py: The agent lost 1 packet! Is syncmode enabled?
{Wed 20:54:54 Step:2160} Server_Comm.py: Received a new packet while thinking!
{Wed 20:54:54 Step:2162} Server_Comm.py: Received a new packet while thinking!
{Wed 20:54:54 Step:2164} Server_Comm.py: The agent lost 1 packet! Is syncmode enabled?
{Wed 20:54:54 Step:2167} Server_Comm.py: The agent lost 1 packet! Is syncmode enabled?
{Wed 20:54:55 Step:2170} Server_Comm.py: The agent lost 1 packet! Is syncmode enabled?
{Wed 20:54:55 Step:2172} Server_Comm.py: Received a new packet while thinking!
{Wed 20:54:55 Step:2176} Server_Comm.py: The agent lost 1 packet! Is syncmode enabled?
{Wed 20:54:55 Step:2178} Server_Comm.py: Received a new packet while thinking!
{Wed 20:54:55 Step:2181} Server_Comm.py: Received a new packet while thinking!
{Wed 20:54:55 Step:2184} Server_Comm.py: Received a new packet while thinking!
{Wed 20:54:55 Step:2187} Server_Comm.py: Received a new packet while thinking!
{Wed 20:54:55 Step:2190} Server_Comm.py: Received a new packet while thinking!
{Wed 20:54:55 Step:2193} Server_Comm.py: Received a new packet while thinking!
{Wed 20:54:55 Step:2196} Server_Comm.py: Received a new packet while thinking!
{Wed 20:54:55 Step:2199} Server_Comm.py: Received a new packet while thinking!
{Wed 20:54:55 Step:2202} Server_Comm.py: Received a new packet while thinking!
{Wed 20:54:55 Step:2205} Server_Comm.py: Received a new packet while thinking!
{Wed 20:54:55 Step:2208} Server_Comm.py: Received a new packet while thinking!
{Wed 20:54:55 Step:2211} Server_Comm.py: Received a new packet while thinking!
{Wed 20:54:55 Step:2214} Server_Comm.py: Received a new packet while thinking!
{Wed 20:54:55 Step:2217} Server_Comm.py: Received a new packet while thinking!
{Wed 20:54:56 Step:2220} Server_Comm.py: Received a new packet while thinking!
{Wed 20:54:56 Step:2223} Server_Comm.py: Received a new packet while thinking!
{Wed 20:54:56 Step:2226} Server_Comm.py: Received a new packet while thinking!
