{Wed 20:54:12 Step:152} Server_Comm.py: Received a new packet while thinking!
{Wed 20:54:12 Step:153} Server_Comm.py: Received a new packet while thinking!
{Wed 20:54:12 Step:154} Server_Comm.py: Received a new packet while thinking!
{Wed 20:54:12 Step:156} Server_Comm.py: The agent lost 1 packet! Is syncmode enabled?
{Wed 20:54:12 Step:156} Server_Comm.py: Received a new packet while thinking!
{Wed 20:54:12 Step:157} Server_Comm.py: Received a new packet while thinking!
{Wed 20:54:12 Step:160} Server_Comm.py: The agent lost 2 consecutive packets! Is syncmode disabled?
{Wed 20:54:12 Step:160} Server_Comm.py: Received a new packet while thinking!
{Wed 20:54:12 Step:162} Server_Comm.py: The agent lost 1 packet! Is syncmode enabled?
{Wed 20:54:12 Step:162} Server_Comm.py: Received a new packet while thinking!
{Wed 20:54:12 Step:163} Server_Comm.py: Received a new packet while on world.update()!
{Wed 20:54:12 Step:165} Server_Comm.py: The agent lost 1 packet! Is syncmode enabled?
{Wed 20:54:12 Step:165} Server_Comm.py: Received a new packet while thinking!
{Wed 20:54:12 Step:166} Server_Comm.py: Received a new packet while thinking!
{Wed 20:54:12 Step:168} Server_Comm.py: The agent lost 1 packet! Is syncmode enabled?
{Wed 20:54:12 Step:168} Server_Comm.py: Received a new packet while thinking!
{Wed 20:54:12 Step:171} Server_Comm.py: The agent lost 2 consecutive packets! Is syncmode disabled?
{Wed 20:54:12 Step:171} Server_Comm.py: Received a new packet while thinking!
{Wed 20:54:12 Step:172} Server_Comm.py: Received a new packet while thinking!
{Wed 20:54:12 Step:175} Server_Comm.py: The agent lost 2 consecutive packets! Is syncmode disabled?
{Wed 20:54:12 Step:175} Server_Comm.py: Received a new packet while thinking!
{Wed 20:54:12 Step:178} Server_Comm.py: The agent lost 2 consecutive packets! Is syncmode disabled?
{Wed 20:54:12 Step:178} Server_Comm.py: Received a new packet while thinking!
{Wed 20:54:12 Step:180} Server_Comm.py: The agent lost 1 packet! Is syncmode enabled?
{Wed 20:54:12 Step:180} Server_Comm.py: Received a new packet while thinking!
{Wed 20:54:12 Step:182} Server_Comm.py: The agent lost 1 packet! Is syncmode enabled?
{Wed 20:54:12 Step:182} Server_Comm.py: Received a new packet while thinking!
{Wed 20:54:12 Step:184} Server_Comm.py: The agent lost 1 packet! Is syncmode enabled?
{Wed 20:54:12 Step:184} Server_Comm.py: Received a new packet while thinking!
{Wed 20:54:12 Step:187} Server_Comm.py: The agent lost 2 consecutive packets! Is syncmode disabled?
{Wed 20:54:12 Step:187} Server_Comm.py: Received a new packet while thinking!
{Wed 20:54:13 Step:188} Server_Comm.py: Received a new packet while thinking!
{Wed 20:54:13 Step:190} Server_Comm.py: The agent lost 1 packet! Is syncmode enabled?
{Wed 20:54:13 Step:190} Server_Comm.py: Received a new packet while thinking!
{Wed 20:54:13 Step:192} Server_Comm.py: The agent lost 1 packet! Is syncmode enabled?
{Wed 20:54:13 Step:192} Server_Comm.py: Received a new packet while thinking!
{Wed 20:54:13 Step:194} Server_Comm.py: The agent lost 1 packet! Is syncmode enabled?
{Wed 20:54:13 Step:194} Server_Comm.py: Received a new packet while thinking!
{Wed 20:54:13 Step:196} Server_Comm.py: The agent lost 1 packet! Is syncmode enabled?
{Wed 20:54:13 Step:196} Server_Comm.py: Received a new packet while thinking!
{Wed 20:54:13 Step:197} Server_Comm.py: Received a new packet while thinking!
{Wed 20:54:13 Step:199} Server_Comm.py: The agent lost 1 packet! Is syncmode enabled?
{Wed 20:54:13 Step:199} Server_Comm.py: Received a new packet while thinking!
{Wed 20:54:13 Step:201} Server_Comm.py: The agent lost 1 packet! Is syncmode enabled?
{Wed 20:54:13 Step:201} Server_Comm.py: Received a new packet while thinking!
{Wed 20:54:13 Step:203} Server_Comm.py: The agent lost 1 packet! Is syncmode enabled?
{Wed 20:54:13 Step:203} Server_Comm.py: Received a new packet while thinking!
{Wed 20:54:13 Step:205} Server_Comm.py: The agent lost 1 packet! Is syncmode enabled?
{Wed 20:54:13 Step:205} Server_Comm.py: Received a new packet while thinking!
{Wed 20:54:13 Step:206} Server_Comm.py: Received a new packet while thinking!
{Wed 20:54:13 Step:208} Server_Comm.py: The agent lost 1 packet! Is syncmode enabled?
{Wed 20:54:13 Step:208} Server_Comm.py: Received a new packet while thinking!
{Wed 20:54:13 Step:210} Server_Comm.py: The agent lost 1 packet! Is syncmode enabled?
{Wed 20:54:13 Step:210} Server_Comm.py: Received a new packet while thinking!
{Wed 20:54:13 Step:212} Server_Comm.py: The agent lost 1 packet! Is syncmode enabled?
{Wed 20:54:13 Step:212} Server_Comm.py: Received a new packet while thinking!
{Wed 20:54:13 Step:214} Server_Comm.py: The agent lost 1 packet! Is syncmode enabled?
{Wed 20:54:13 Step:214} Server_Comm.py: Received a new packet while thinking!
{Wed 20:54:13 Step:215} Server_Comm.py: Received a new packet while thinking!
{Wed 20:54:13 Step:217} Server_Comm.py: The agent lost 1 packet! Is syncmode enabled?
{Wed 20:54:13 Step:217} Server_Comm.py: Received a new packet while thinking!
{Wed 20:54:13 Step:219} Server_Comm.py: The agent lost 1 packet! Is syncmode enabled?
{Wed 20:54:13 Step:219} Server_Comm.py: Received a new packet while thinking!
{Wed 20:54:13 Step:221} Server_Comm.py: The agent lost 1 packet! Is syncmode enabled?
{Wed 20:54:13 Step:221} Server_Comm.py: Received a new packet while thinking!
{Wed 20:54:13 Step:222} Server_Comm.py: Received a new packet while thinking!
{Wed 20:54:13 Step:224} Server_Comm.py: The agent lost 1 packet! Is syncmode enabled?
{Wed 20:54:13 Step:224} Server_Comm.py: Received a new packet while thinking!
{Wed 20:54:13 Step:226} Server_Comm.py: The agent lost 1 packet! Is syncmode enabled?
{Wed 20:54:13 Step:226} Server_Comm.py: Received a new packet while thinking!
{Wed 20:54:13 Step:227} Server_Comm.py: Received a new packet while thinking!
{Wed 20:54:13 Step:229} Server_Comm.py: The agent lost 1 packet! Is syncmode enabled?
{Wed 20:54:13 Step:229} Server_Comm.py: Received a new packet while thinking!
{Wed 20:54:13 Step:230} Server_Comm.py: Received a new packet while thinking!
{Wed 20:54:13 Step:232} Server_Comm.py: The agent lost 1 packet! Is syncmode enabled?
{Wed 20:54:13 Step:232} Server_Comm.py: Received a new packet while thinking!
{Wed 20:54:13 Step:233} Server_Comm.py: Received a new packet while thinking!
{Wed 20:54:13 Step:235} Server_Comm.py: The agent lost 1 packet! Is syncmode enabled?
{Wed 20:54:13 Step:235} Server_Comm.py: Received a new packet while thinking!
{Wed 20:54:13 Step:236} Server_Comm.py: Received a new packet while thinking!
{Wed 20:54:14 Step:238} Server_Comm.py: The agent lost 1 packet! Is syncmode enabled?
{Wed 20:54:14 Step:238} Server_Comm.py: Received a new packet while thinking!
{Wed 20:54:14 Step:240} Server_Comm.py: The agent lost 1 packet! Is syncmode enabled?
{Wed 20:54:14 Step:240} Server_Comm.py: Received a new packet while thinking!
{Wed 20:54:14 Step:242} Server_Comm.py: The agent lost 1 packet! Is syncmode enabled?
{Wed 20:54:14 Step:242} Server_Comm.py: Received a new packet while thinking!
{Wed 20:54:14 Step:244} Server_Comm.py: The agent lost 1 packet! Is syncmode enabled?
{Wed 20:54:14 Step:244} Server_Comm.py: Received a new packet while thinking!
{Wed 20:54:14 Step:246} Server_Comm.py: The agent lost 1 packet! Is syncmode enabled?
{Wed 20:54:14 Step:246} Server_Comm.py: Received a new packet while thinking!
{Wed 20:54:14 Step:249} Server_Comm.py: The agent lost 2 consecutive packets! Is syncmode disabled?
{Wed 20:54:14 Step:249} Server_Comm.py: Received a new packet while thinking!
{Wed 20:54:14 Step:251} Server_Comm.py: The agent lost 1 packet! Is syncmode enabled?
{Wed 20:54:14 Step:251} Server_Comm.py: Received a new packet while thinking!
{Wed 20:54:14 Step:253} Server_Comm.py: The agent lost 1 packet! Is syncmode enabled?
{Wed 20:54:14 Step:253} Server_Comm.py: Received a new packet while thinking!
{Wed 20:54:14 Step:255} Server_Comm.py: The agent lost 1 packet! Is syncmode enabled?
{Wed 20:54:14 Step:255} Server_Comm.py: Received a new packet while thinking!
{Wed 20:54:14 Step:257} Server_Comm.py: The agent lost 1 packet! Is syncmode enabled?
{Wed 20:54:14 Step:257} Server_Comm.py: Received a new packet while thinking!
{Wed 20:54:14 Step:259} Server_Comm.py: The agent lost 1 packet! Is syncmode enabled?
{Wed 20:54:14 Step:259} Server_Comm.py: Received a new packet while thinking!
{Wed 20:54:14 Step:261} Server_Comm.py: The agent lost 1 packet! Is syncmode enabled?
{Wed 20:54:14 Step:261} Server_Comm.py: Received a new packet while thinking!
{Wed 20:54:14 Step:263} Server_Comm.py: The agent lost 1 packet! Is syncmode enabled?
{Wed 20:54:14 Step:263} Server_Comm.py: Received a new packet while thinking!
{Wed 20:54:14 Step:265} Server_Comm.py: The agent lost 1 packet! Is syncmode enabled?
{Wed 20:54:14 Step:265} Server_Comm.py: Received a new packet while on world.update()!
{Wed 20:54:14 Step:266} Server_Comm.py: Received a new packet while thinking!
{Wed 20:54:14 Step:268} Server_Comm.py: The agent lost 1 packet! Is syncmode enabled?
{Wed 20:54:14 Step:268} Server_Comm.py: Received a new packet while thinking!
{Wed 20:54:14 Step:270} Server_Comm.py: The agent lost 1 packet! Is syncmode enabled?
{Wed 20:54:14 Step:270} Server_Comm.py: Received a new packet while thinking!
{Wed 20:54:14 Step:272} Server_Comm.py: The agent lost 1 packet! Is syncmode enabled?
{Wed 20:54:14 Step:272} Server_Comm.py: Received a new packet while thinking!
{Wed 20:54:14 Step:274} Server_Comm.py: The agent lost 1 packet! Is syncmode enabled?
{Wed 20:54:14 Step:274} Server_Comm.py: Received a new packet while thinking!
{Wed 20:54:14 Step:276} Server_Comm.py: The agent lost 1 packet! Is syncmode enabled?
{Wed 20:54:14 Step:276} Server_Comm.py: Received a new packet while thinking!
{Wed 20:54:14 Step:278} Server_Comm.py: The agent lost 1 packet! Is syncmode enabled?
{Wed 20:54:14 Step:278} Server_Comm.py: Received a new packet while thinking!
{Wed 20:54:14 Step:280} Server_Comm.py: The agent lost 1 packet! Is syncmode enabled?
{Wed 20:54:14 Step:280} Server_Comm.py: Received a new packet while thinking!
{Wed 20:54:14 Step:281} Server_Comm.py: Received a new packet while thinking!
{Wed 20:54:14 Step:283} Server_Comm.py: The agent lost 1 packet! Is syncmode enabled?
{Wed 20:54:14 Step:283} Server_Comm.py: Received a new packet while thinking!
{Wed 20:54:14 Step:285} Server_Comm.py: The agent lost 1 packet! Is syncmode enabled?
{Wed 20:54:14 Step:285} Server_Comm.py: Received a new packet while thinking!
{Wed 20:54:14 Step:287} Server_Comm.py: The agent lost 1 packet! Is syncmode enabled?
{Wed 20:54:15 Step:287} Server_Comm.py: Received a new packet while thinking!
{Wed 20:54:15 Step:289} Server_Comm.py: The agent lost 1 packet! Is syncmode enabled?
{Wed 20:54:15 Step:289} Server_Comm.py: Received a new packet while thinking!
{Wed 20:54:15 Step:290} Server_Comm.py: Received a new packet while thinking!
{Wed 20:54:15 Step:292} Server_Comm.py: The agent lost 1 packet! Is syncmode enabled?
{Wed 20:54:15 Step:292} Server_Comm.py: Received a new packet while on world.update()!
{Wed 20:54:15 Step:293} Server_Comm.py: Received a new packet while thinking!
{Wed 20:54:15 Step:295} Server_Comm.py: The agent lost 1 packet! Is syncmode enabled?
{Wed 20:54:15 Step:295} Server_Comm.py: Received a new packet while thinking!
{Wed 20:54:15 Step:296} Server_Comm.py: Received a new packet while thinking!
{Wed 20:54:15 Step:298} Server_Comm.py: The agent lost 1 packet! Is syncmode enabled?
{Wed 20:54:15 Step:298} Server_Comm.py: Received a new packet while on world.update()!
{Wed 20:54:15 Step:299} Server_Comm.py: Received a new packet while thinking!
{Wed 20:54:15 Step:301} Server_Comm.py: The agent lost 1 packet! Is syncmode enabled?
{Wed 20:54:15 Step:301} Server_Comm.py: Received a new packet while thinking!
{Wed 20:54:15 Step:303} Server_Comm.py: The agent lost 1 packet! Is syncmode enabled?
{Wed 20:54:15 Step:303} Server_Comm.py: Received a new packet while thinking!
{Wed 20:54:15 Step:305} Server_Comm.py: The agent lost 1 packet! Is syncmode enabled?
{Wed 20:54:15 Step:305} Server_Comm.py: Received a new packet while thinking!
{Wed 20:54:15 Step:307} Server_Comm.py: The agent lost 1 packet! Is syncmode enabled?
{Wed 20:54:15 Step:307} Server_Comm.py: Received a new packet while thinking!
{Wed 20:54:15 Step:308} Server_Comm.py: Received a new packet while thinking!
{Wed 20:54:15 Step:310} Server_Comm.py: The agent lost 1 packet! Is syncmode enabled?
{Wed 20:54:15 Step:310} Server_Comm.py: Received a new packet while on world.update()!
{Wed 20:54:15 Step:311} Server_Comm.py: Received a new packet while thinking!
{Wed 20:54:15 Step:313} Server_Comm.py: The agent lost 1 packet! Is syncmode enabled?
{Wed 20:54:15 Step:313} Server_Comm.py: Received a new packet while thinking!
{Wed 20:54:15 Step:314} Server_Comm.py: Received a new packet while on world.update()!
{Wed 20:54:15 Step:315} Server_Comm.py: Received a new packet while thinking!
{Wed 20:54:15 Step:316} Server_Comm.py: Received a new packet while thinking!
{Wed 20:54:15 Step:319} Server_Comm.py: The agent lost 2 consecutive packets! Is syncmode disabled?
{Wed 20:54:15 Step:319} Server_Comm.py: Received a new packet while thinking!
{Wed 20:54:15 Step:321} Server_Comm.py: The agent lost 1 packet! Is syncmode enabled?
{Wed 20:54:15 Step:321} Server_Comm.py: Received a new packet while thinking!
{Wed 20:54:15 Step:323} Server_Comm.py: The agent lost 1 packet! Is syncmode enabled?
{Wed 20:54:15 Step:323} Server_Comm.py: Received a new packet while thinking!
{Wed 20:54:15 Step:325} Server_Comm.py: The agent lost 1 packet! Is syncmode enabled?
{Wed 20:54:15 Step:325} Server_Comm.py: Received a new packet while thinking!
{Wed 20:54:15 Step:326} Server_Comm.py: Received a new packet while thinking!
{Wed 20:54:15 Step:328} Server_Comm.py: The agent lost 1 packet! Is syncmode enabled?
{Wed 20:54:15 Step:328} Server_Comm.py: Received a new packet while thinking!
{Wed 20:54:15 Step:330} Server_Comm.py: The agent lost 1 packet! Is syncmode enabled?
{Wed 20:54:15 Step:330} Server_Comm.py: Received a new packet while thinking!
{Wed 20:54:15 Step:331} Server_Comm.py: Received a new packet while thinking!
{Wed 20:54:15 Step:333} Server_Comm.py: The agent lost 1 packet! Is syncmode enabled?
{Wed 20:54:15 Step:333} Server_Comm.py: Received a new packet while thinking!
{Wed 20:54:15 Step:335} Server_Comm.py: The agent lost 1 packet! Is syncmode enabled?
{Wed 20:54:15 Step:335} Server_Comm.py: Received a new packet while thinking!
{Wed 20:54:16 Step:336} Server_Comm.py: Received a new packet while thinking!
{Wed 20:54:16 Step:338} Server_Comm.py: The agent lost 1 packet! Is syncmode enabled?
{Wed 20:54:16 Step:338} Server_Comm.py: Received a new packet while thinking!
{Wed 20:54:16 Step:340} Server_Comm.py: The agent lost 1 packet! Is syncmode enabled?
{Wed 20:54:16 Step:340} Server_Comm.py: Received a new packet while thinking!
{Wed 20:54:16 Step:342} Server_Comm.py: The agent lost 1 packet! Is syncmode enabled?
{Wed 20:54:16 Step:342} Server_Comm.py: Received a new packet while thinking!
{Wed 20:54:16 Step:343} Server_Comm.py: Received a new packet while thinking!
{Wed 20:54:16 Step:345} Server_Comm.py: The agent lost 1 packet! Is syncmode enabled?
{Wed 20:54:16 Step:345} Server_Comm.py: Received a new packet while thinking!
{Wed 20:54:16 Step:347} Server_Comm.py: The agent lost 1 packet! Is syncmode enabled?
{Wed 20:54:16 Step:347} Server_Comm.py: Received a new packet while thinking!
{Wed 20:54:16 Step:348} Server_Comm.py: Received a new packet while thinking!
{Wed 20:54:16 Step:350} Server_Comm.py: The agent lost 1 packet! Is syncmode enabled?
{Wed 20:54:16 Step:350} Server_Comm.py: Received a new packet while thinking!
{Wed 20:54:16 Step:351} Server_Comm.py: Received a new packet while thinking!
{Wed 20:54:16 Step:353} Server_Comm.py: The agent lost 1 packet! Is syncmode enabled?
{Wed 20:54:16 Step:353} Server_Comm.py: Received a new packet while thinking!
{Wed 20:54:16 Step:355} Server_Comm.py: The agent lost 1 packet! Is syncmode enabled?
{Wed 20:54:16 Step:355} Server_Comm.py: Received a new packet while thinking!
{Wed 20:54:16 Step:356} Server_Comm.py: Received a new packet while thinking!
{Wed 20:54:16 Step:358} Server_Comm.py: The agent lost 1 packet! Is syncmode enabled?
{Wed 20:54:16 Step:358} Server_Comm.py: Received a new packet while thinking!
{Wed 20:54:16 Step:359} Server_Comm.py: Received a new packet while thinking!
{Wed 20:54:16 Step:361} Server_Comm.py: The agent lost 1 packet! Is syncmode enabled?
{Wed 20:54:16 Step:361} Server_Comm.py: Received a new packet while thinking!
{Wed 20:54:16 Step:362} Server_Comm.py: Received a new packet while thinking!
{Wed 20:54:16 Step:364} Server_Comm.py: The agent lost 1 packet! Is syncmode enabled?
{Wed 20:54:16 Step:364} Server_Comm.py: Received a new packet while thinking!
{Wed 20:54:16 Step:365} Server_Comm.py: Received a new packet while thinking!
{Wed 20:54:16 Step:367} Server_Comm.py: The agent lost 1 packet! Is syncmode enabled?
{Wed 20:54:16 Step:367} Server_Comm.py: Received a new packet while thinking!
{Wed 20:54:16 Step:368} Server_Comm.py: Received a new packet while thinking!
{Wed 20:54:16 Step:370} Server_Comm.py: The agent lost 1 packet! Is syncmode enabled?
{Wed 20:54:16 Step:370} Server_Comm.py: Received a new packet while thinking!
{Wed 20:54:16 Step:371} Server_Comm.py: Received a new packet while thinking!
{Wed 20:54:16 Step:373} Server_Comm.py: The agent lost 1 packet! Is syncmode enabled?
{Wed 20:54:16 Step:373} Server_Comm.py: Received a new packet while thinking!
{Wed 20:54:16 Step:375} Server_Comm.py: The agent lost 1 packet! Is syncmode enabled?
{Wed 20:54:16 Step:375} Server_Comm.py: Received a new packet while thinking!
{Wed 20:54:16 Step:376} Server_Comm.py: Received a new packet while thinking!
{Wed 20:54:16 Step:378} Server_Comm.py: The agent lost 1 packet! Is syncmode enabled?
{Wed 20:54:16 Step:378} Server_Comm.py: Received a new packet while thinking!
{Wed 20:54:16 Step:379} Server_Comm.py: Received a new packet while on world.update()!
{Wed 20:54:16 Step:380} Server_Comm.py: Received a new packet while thinking!
{Wed 20:54:16 Step:381} Server_Comm.py: Received a new packet while thinking!
{Wed 20:54:16 Step:383} Server_Comm.py: The agent lost 1 packet! Is syncmode enabled?
{Wed 20:54:16 Step:383} Server_Comm.py: Received a new packet while thinking!
{Wed 20:54:16 Step:385} Server_Comm.py: The agent lost 1 packet! Is syncmode enabled?
{Wed 20:54:16 Step:385} Server_Comm.py: Received a new packet while on world.update()!
{Wed 20:54:17 Step:386} Server_Comm.py: Received a new packet while thinking!
{Wed 20:54:17 Step:388} Server_Comm.py: The agent lost 1 packet! Is syncmode enabled?
{Wed 20:54:17 Step:388} Server_Comm.py: Received a new packet while thinking!
{Wed 20:54:17 Step:391} Server_Comm.py: The agent lost 2 consecutive packets! Is syncmode disabled?
{Wed 20:54:17 Step:391} Server_Comm.py: Received a new packet while thinking!
{Wed 20:54:17 Step:393} Server_Comm.py: The agent lost 1 packet! Is syncmode enabled?
{Wed 20:54:17 Step:393} Server_Comm.py: Received a new packet while thinking!
{Wed 20:54:17 Step:396} Server_Comm.py: The agent lost 2 consecutive packets! Is syncmode disabled?
{Wed 20:54:17 Step:396} Server_Comm.py: Received a new packet while thinking!
{Wed 20:54:17 Step:398} Server_Comm.py: The agent lost 1 packet! Is syncmode enabled?
{Wed 20:54:17 Step:398} Server_Comm.py: Received a new packet while thinking!
{Wed 20:54:17 Step:400} Server_Comm.py: The agent lost 1 packet! Is syncmode enabled?
{Wed 20:54:17 Step:400} Server_Comm.py: Received a new packet while thinking!
{Wed 20:54:17 Step:403} Server_Comm.py: The agent lost 2 consecutive packets! Is syncmode disabled?
{Wed 20:54:17 Step:403} Server_Comm.py: Received a new packet while thinking!
{Wed 20:54:17 Step:405} Server_Comm.py: The agent lost 1 packet! Is syncmode enabled?
{Wed 20:54:17 Step:405} Server_Comm.py: Received a new packet while thinking!
{Wed 20:54:17 Step:407} Server_Comm.py: The agent lost 1 packet! Is syncmode enabled?
{Wed 20:54:17 Step:407} Server_Comm.py: Received a new packet while thinking!
{Wed 20:54:17 Step:409} Server_Comm.py: The agent lost 1 packet! Is syncmode enabled?
{Wed 20:54:17 Step:409} Server_Comm.py: Received a new packet while on world.update()!
{Wed 20:54:17 Step:410} Server_Comm.py: Received a new packet while thinking!
{Wed 20:54:17 Step:412} Server_Comm.py: The agent lost 1 packet! Is syncmode enabled?
{Wed 20:54:17 Step:412} Server_Comm.py: Received a new packet while thinking!
{Wed 20:54:17 Step:414} Server_Comm.py: The agent lost 1 packet! Is syncmode enabled?
{Wed 20:54:17 Step:414} Server_Comm.py: Received a new packet while thinking!
{Wed 20:54:17 Step:416} Server_Comm.py: The agent lost 1 packet! Is syncmode enabled?
{Wed 20:54:17 Step:416} Server_Comm.py: Received a new packet while thinking!
{Wed 20:54:17 Step:419} Server_Comm.py: The agent lost 2 consecutive packets! Is syncmode disabled?
{Wed 20:54:17 Step:419} Server_Comm.py: Received a new packet while thinking!
{Wed 20:54:17 Step:421} Server_Comm.py: The agent lost 1 packet! Is syncmode enabled?
{Wed 20:54:17 Step:421} Server_Comm.py: Received a new packet while thinking!
{Wed 20:54:17 Step:424} Server_Comm.py: The agent lost 2 consecutive packets! Is syncmode disabled?
{Wed 20:54:17 Step:424} Server_Comm.py: Received a new packet while thinking!
{Wed 20:54:17 Step:426} Server_Comm.py: The agent lost 1 packet! Is syncmode enabled?
{Wed 20:54:17 Step:426} Server_Comm.py: Received a new packet while thinking!
{Wed 20:54:17 Step:428} Server_Comm.py: The agent lost 1 packet! Is syncmode enabled?
{Wed 20:54:17 Step:428} Server_Comm.py: Received a new packet while thinking!
{Wed 20:54:17 Step:430} Server_Comm.py: The agent lost 1 packet! Is syncmode enabled?
{Wed 20:54:17 Step:430} Server_Comm.py: Received a new packet while thinking!
{Wed 20:54:17 Step:433} Server_Comm.py: The agent lost 2 consecutive packets! Is syncmode disabled?
{Wed 20:54:17 Step:433} Server_Comm.py: Received a new packet while thinking!
{Wed 20:54:17 Step:435} Server_Comm.py: The agent lost 1 packet! Is syncmode enabled?
{Wed 20:54:17 Step:435} Server_Comm.py: Received a new packet while thinking!
{Wed 20:54:18 Step:436} Server_Comm.py: Received a new packet while thinking!
{Wed 20:54:18 Step:438} Server_Comm.py: The agent lost 1 packet! Is syncmode enabled?
{Wed 20:54:18 Step:438} Server_Comm.py: Received a new packet while thinking!
{Wed 20:54:18 Step:440} Server_Comm.py: The agent lost 1 packet! Is syncmode enabled?
{Wed 20:54:18 Step:440} Server_Comm.py: Received a new packet while on world.update()!
{Wed 20:54:18 Step:441} Server_Comm.py: Received a new packet while thinking!
{Wed 20:54:18 Step:443} Server_Comm.py: The agent lost 1 packet! Is syncmode enabled?
{Wed 20:54:18 Step:443} Server_Comm.py: Received a new packet while thinking!
{Wed 20:54:18 Step:444} Server_Comm.py: Received a new packet while thinking!
{Wed 20:54:18 Step:446} Server_Comm.py: The agent lost 1 packet! Is syncmode enabled?
{Wed 20:54:18 Step:446} Server_Comm.py: Received a new packet while thinking!
{Wed 20:54:18 Step:448} Server_Comm.py: The agent lost 1 packet! Is syncmode enabled?
{Wed 20:54:18 Step:448} Server_Comm.py: Received a new packet while thinking!
{Wed 20:54:18 Step:450} Server_Comm.py: The agent lost 1 packet! Is syncmode enabled?
{Wed 20:54:18 Step:450} Server_Comm.py: Received a new packet while thinking!
{Wed 20:54:18 Step:452} Server_Comm.py: The agent lost 1 packet! Is syncmode enabled?
{Wed 20:54:18 Step:452} Server_Comm.py: Received a new packet while thinking!
{Wed 20:54:18 Step:453} Server_Comm.py: Received a new packet while thinking!
{Wed 20:54:18 Step:455} Server_Comm.py: The agent lost 1 packet! Is syncmode enabled?
{Wed 20:54:18 Step:455} Server_Comm.py: Received a new packet while thinking!
{Wed 20:54:18 Step:457} Server_Comm.py: The agent lost 1 packet! Is syncmode enabled?
{Wed 20:54:18 Step:457} Server_Comm.py: Received a new packet while thinking!
{Wed 20:54:18 Step:459} Server_Comm.py: The agent lost 1 packet! Is syncmode enabled?
{Wed 20:54:18 Step:459} Server_Comm.py: Received a new packet while thinking!
{Wed 20:54:18 Step:461} Server_Comm.py: The agent lost 1 packet! Is syncmode enabled?
{Wed 20:54:18 Step:461} Server_Comm.py: Received a new packet while thinking!
{Wed 20:54:18 Step:462} Server_Comm.py: Received a new packet while thinking!
{Wed 20:54:18 Step:464} Server_Comm.py: The agent lost 1 packet! Is syncmode enabled?
{Wed 20:54:18 Step:464} Server_Comm.py: Received a new packet while thinking!
{Wed 20:54:18 Step:466} Server_Comm.py: The agent lost 1 packet! Is syncmode enabled?
{Wed 20:54:18 Step:466} Server_Comm.py: Received a new packet while thinking!
{Wed 20:54:18 Step:468} Server_Comm.py: The agent lost 1 packet! Is syncmode enabled?
{Wed 20:54:18 Step:469} Server_Comm.py: Received a new packet while thinking!
{Wed 20:54:18 Step:470} Server_Comm.py: Received a new packet while thinking!
{Wed 20:54:18 Step:472} Server_Comm.py: The agent lost 1 packet! Is syncmode enabled?
{Wed 20:54:18 Step:473} Server_Comm.py: Received a new packet while thinking!
{Wed 20:54:18 Step:475} Server_Comm.py: The agent lost 1 packet! Is syncmode enabled?
{Wed 20:54:18 Step:475} Server_Comm.py: Received a new packet while thinking!
{Wed 20:54:18 Step:477} Server_Comm.py: The agent lost 1 packet! Is syncmode enabled?
{Wed 20:54:18 Step:477} Server_Comm.py: Received a new packet while thinking!
{Wed 20:54:18 Step:479} Server_Comm.py: The agent lost 1 packet! Is syncmode enabled?
{Wed 20:54:18 Step:480} Server_Comm.py: Received a new packet while thinking!
{Wed 20:54:18 Step:482} Server_Comm.py: The agent lost 1 packet! Is syncmode enabled?
{Wed 20:54:18 Step:482} Server_Comm.py: Received a new packet while thinking!
{Wed 20:54:18 Step:484} Server_Comm.py: The agent lost 1 packet! Is syncmode enabled?
{Wed 20:54:19 Step:485} Server_Comm.py: Received a new packet while thinking!
{Wed 20:54:19 Step:487} Server_Comm.py: The agent lost 1 packet! Is syncmode enabled?
{Wed 20:54:19 Step:489} Server_Comm.py: The agent lost 1 packet! Is syncmode enabled?
{Wed 20:54:19 Step:489} Server_Comm.py: Received a new packet while thinking!
{Wed 20:54:19 Step:490} Server_Comm.py: Received a new packet while thinking!
{Wed 20:54:19 Step:492} Server_Comm.py: The agent lost 1 packet! Is syncmode enabled?
{Wed 20:54:19 Step:492} Server_Comm.py: Received a new packet while thinking!
{Wed 20:54:19 Step:494} Server_Comm.py: The agent lost 1 packet! Is syncmode enabled?
{Wed 20:54:19 Step:494} Server_Comm.py: Received a new packet while thinking!
{Wed 20:54:19 Step:495} Server_Comm.py: Received a new packet while thinking!
{Wed 20:54:19 Step:497} Server_Comm.py: The agent lost 1 packet! Is syncmode enabled?
{Wed 20:54:19 Step:497} Server_Comm.py: Received a new packet while thinking!
{Wed 20:54:19 Step:498} Server_Comm.py: Received a new packet while thinking!
{Wed 20:54:19 Step:500} Server_Comm.py: The agent lost 1 packet! Is syncmode enabled?
{Wed 20:54:19 Step:501} Server_Comm.py: Received a new packet while thinking!
{Wed 20:54:19 Step:502} Server_Comm.py: Received a new packet while thinking!
{Wed 20:54:19 Step:504} Server_Comm.py: The agent lost 1 packet! Is syncmode enabled?
{Wed 20:54:19 Step:504} Server_Comm.py: Received a new packet while thinking!
{Wed 20:54:19 Step:505} Server_Comm.py: Received a new packet while thinking!
{Wed 20:54:19 Step:507} Server_Comm.py: The agent lost 1 packet! Is syncmode enabled?
{Wed 20:54:19 Step:507} Server_Comm.py: Received a new packet while thinking!
{Wed 20:54:19 Step:509} Server_Comm.py: The agent lost 1 packet! Is syncmode enabled?
{Wed 20:54:19 Step:510} Server_Comm.py: Received a new packet while thinking!
{Wed 20:54:19 Step:512} Server_Comm.py: Received a new packet while thinking!
{Wed 20:54:19 Step:514} Server_Comm.py: The agent lost 1 packet! Is syncmode enabled?
{Wed 20:54:19 Step:517} Server_Comm.py: The agent lost 1 packet! Is syncmode enabled?
{Wed 20:54:19 Step:525} Server_Comm.py: Received a new packet while thinking!
{Wed 20:54:19 Step:527} Server_Comm.py: The agent lost 1 packet! Is syncmode enabled?
{Wed 20:54:24 Step:729} Server_Comm.py: Received a new packet while thinking!
{Wed 20:54:24 Step:731} Server_Comm.py: The agent lost 1 packet! Is syncmode enabled?
{Wed 20:54:25 Step:736} Server_Comm.py: Received a new packet while thinking!
{Wed 20:54:25 Step:738} Server_Comm.py: The agent lost 1 packet! Is syncmode enabled?
{Wed 20:54:25 Step:741} Server_Comm.py: Received a new packet while thinking!
{Wed 20:54:25 Step:743} Server_Comm.py: The agent lost 1 packet! Is syncmode enabled?
{Wed 20:54:25 Step:746} Server_Comm.py: Received a new packet while thinking!
{Wed 20:54:25 Step:748} Server_Comm.py: The agent lost 1 packet! Is syncmode enabled?
{Wed 20:54:25 Step:750} Server_Comm.py: Received a new packet while thinking!
{Wed 20:54:25 Step:752} Server_Comm.py: The agent lost 1 packet! Is syncmode enabled?
{Wed 20:54:25 Step:754} Server_Comm.py: The agent lost 1 packet! Is syncmode enabled?
{Wed 20:54:25 Step:757} Server_Comm.py: The agent lost 1 packet! Is syncmode enabled?
{Wed 20:54:25 Step:760} Server_Comm.py: The agent lost 1 packet! Is syncmode enabled?
{Wed 20:54:25 Step:761} Server_Comm.py: Received a new packet while thinking!
{Wed 20:54:25 Step:763} Server_Comm.py: The agent lost 1 packet! Is syncmode enabled?
{Wed 20:54:25 Step:764} Server_Comm.py: Received a new packet while thinking!
{Wed 20:54:25 Step:766} Server_Comm.py: The agent lost 1 packet! Is syncmode enabled?
{Wed 20:54:25 Step:767} Server_Comm.py: Received a new packet while thinking!
{Wed 20:54:25 Step:769} Server_Comm.py: The agent lost 1 packet! Is syncmode enabled?
{Wed 20:54:25 Step:769} Server_Comm.py: Received a new packet while thinking!
{Wed 20:54:25 Step:771} Server_Comm.py: The agent lost 1 packet! Is syncmode enabled?
{Wed 20:54:25 Step:771} Server_Comm.py: Received a new packet while thinking!
{Wed 20:54:25 Step:773} Server_Comm.py: The agent lost 1 packet! Is syncmode enabled?
{Wed 20:54:25 Step:773} Server_Comm.py: Received a new packet while thinking!
{Wed 20:54:25 Step:774} Server_Comm.py: Received a new packet while thinking!
{Wed 20:54:25 Step:776} Server_Comm.py: The agent lost 1 packet! Is syncmode enabled?
{Wed 20:54:25 Step:776} Server_Comm.py: Received a new packet while thinking!
{Wed 20:54:25 Step:777} Server_Comm.py: Received a new packet while thinking!
{Wed 20:54:25 Step:778} Server_Comm.py: Received a new packet while on world.update()!
{Wed 20:54:25 Step:779} Server_Comm.py: Received a new packet while thinking!
{Wed 20:54:25 Step:780} Server_Comm.py: Received a new packet while thinking!
{Wed 20:54:26 Step:782} Server_Comm.py: The agent lost 1 packet! Is syncmode enabled?
{Wed 20:54:26 Step:782} Server_Comm.py: Received a new packet while thinking!
{Wed 20:54:26 Step:783} Server_Comm.py: Received a new packet while thinking!
{Wed 20:54:26 Step:785} Server_Comm.py: The agent lost 1 packet! Is syncmode enabled?
{Wed 20:54:26 Step:785} Server_Comm.py: Received a new packet while thinking!
{Wed 20:54:26 Step:786} Server_Comm.py: Received a new packet while thinking!
{Wed 20:54:26 Step:788} Server_Comm.py: The agent lost 1 packet! Is syncmode enabled?
{Wed 20:54:26 Step:788} Server_Comm.py: Received a new packet while thinking!
{Wed 20:54:26 Step:789} Server_Comm.py: Received a new packet while thinking!
{Wed 20:54:26 Step:790} Server_Comm.py: Received a new packet while on world.update()!
{Wed 20:54:26 Step:792} Server_Comm.py: Received a new packet while thinking!
{Wed 20:54:26 Step:796} Server_Comm.py: The agent lost 1 packet! Is syncmode enabled?
{Wed 20:54:26 Step:799} Server_Comm.py: The agent lost 1 packet! Is syncmode enabled?
{Wed 20:54:26 Step:802} Server_Comm.py: The agent lost 1 packet! Is syncmode enabled?
{Wed 20:54:26 Step:805} Server_Comm.py: The agent lost 1 packet! Is syncmode enabled?
{Wed 20:54:26 Step:808} Server_Comm.py: The agent lost 1 packet! Is syncmode enabled?
{Wed 20:54:26 Step:811} Server_Comm.py: The agent lost 1 packet! Is syncmode enabled?
{Wed 20:54:26 Step:813} Server_Comm.py: Received a new packet while thinking!
{Wed 20:54:26 Step:815} Server_Comm.py: Received a new packet while thinking!
{Wed 20:54:26 Step:817} Server_Comm.py: The agent lost 1 packet! Is syncmode enabled?
{Wed 20:54:26 Step:820} Server_Comm.py: The agent lost 1 packet! Is syncmode enabled?
{Wed 20:54:26 Step:820} Server_Comm.py: Received a new packet while thinking!
{Wed 20:54:26 Step:824} Server_Comm.py: Received a new packet while thinking!
{Wed 20:54:26 Step:826} Server_Comm.py: The agent lost 1 packet! Is syncmode enabled?
{Wed 20:54:27 Step:832} Server_Comm.py: The agent lost 1 packet! Is syncmode enabled?
{Wed 20:54:27 Step:838} Server_Comm.py: Received a new packet while thinking!
{Wed 20:54:27 Step:840} Server_Comm.py: The agent lost 1 packet! Is syncmode enabled?
{Wed 20:54:27 Step:844} Server_Comm.py: Received a new packet while thinking!
{Wed 20:54:27 Step:846} Server_Comm.py: The agent lost 1 packet! Is syncmode enabled?
{Wed 20:54:27 Step:850} Server_Comm.py: Received a new packet while thinking!
{Wed 20:54:27 Step:852} Server_Comm.py: The agent lost 1 packet! Is syncmode enabled?
{Wed 20:54:27 Step:855} Server_Comm.py: Received a new packet while thinking!
{Wed 20:54:27 Step:857} Server_Comm.py: The agent lost 1 packet! Is syncmode enabled?
{Wed 20:54:27 Step:862} Server_Comm.py: Received a new packet while thinking!
{Wed 20:54:27 Step:864} Server_Comm.py: The agent lost 1 packet! Is syncmode enabled?
{Wed 20:54:27 Step:869} Server_Comm.py: The agent lost 1 packet! Is syncmode enabled?
{Wed 20:54:27 Step:877} Server_Comm.py: The agent lost 1 packet! Is syncmode enabled?
{Wed 20:54:28 Step:881} Server_Comm.py: Received a new packet while thinking!
{Wed 20:54:28 Step:883} Server_Comm.py: The agent lost 1 packet! Is syncmode enabled?
{Wed 20:54:28 Step:885} Server_Comm.py: Received a new packet while thinking!
{Wed 20:54:28 Step:887} Server_Comm.py: The agent lost 1 packet! Is syncmode enabled?
{Wed 20:54:28 Step:890} Server_Comm.py: Received a new packet while thinking!
{Wed 20:54:28 Step:892} Server_Comm.py: The agent lost 1 packet! Is syncmode enabled?
{Wed 20:54:28 Step:898} Server_Comm.py: Received a new packet while thinking!
{Wed 20:54:28 Step:900} Server_Comm.py: The agent lost 1 packet! Is syncmode enabled?
{Wed 20:54:31 Step:1054} Server_Comm.py: Received a new packet while thinking!
{Wed 20:54:31 Step:1056} Server_Comm.py: The agent lost 1 packet! Is syncmode enabled?
{Wed 20:54:31 Step:1059} Server_Comm.py: Received a new packet while thinking!
{Wed 20:54:31 Step:1060} Server_Comm.py: Received a new packet while thinking!
{Wed 20:54:31 Step:1063} Server_Comm.py: The agent lost 2 consecutive packets! Is syncmode disabled?
{Wed 20:54:31 Step:1063} Server_Comm.py: Received a new packet while thinking!
{Wed 20:54:31 Step:1064} Server_Comm.py: Received a new packet while thinking!
{Wed 20:54:31 Step:1066} Server_Comm.py: The agent lost 1 packet! Is syncmode enabled?
{Wed 20:54:31 Step:1069} Server_Comm.py: The agent lost 1 packet! Is syncmode enabled?
{Wed 20:54:31 Step:1072} Server_Comm.py: The agent lost 1 packet! Is syncmode enabled?
{Wed 20:54:31 Step:1075} Server_Comm.py: The agent lost 1 packet! Is syncmode enabled?
{Wed 20:54:31 Step:1076} Server_Comm.py: Received a new packet while thinking!
{Wed 20:54:31 Step:1078} Server_Comm.py: The agent lost 1 packet! Is syncmode enabled?
{Wed 20:54:32 Step:1078} Server_Comm.py: Received a new packet while thinking!
{Wed 20:54:32 Step:1081} Server_Comm.py: The agent lost 2 consecutive packets! Is syncmode disabled?
{Wed 20:54:32 Step:1081} Server_Comm.py: Received a new packet while thinking!
{Wed 20:54:32 Step:1082} Server_Comm.py: Received a new packet while thinking!
{Wed 20:54:32 Step:1084} Server_Comm.py: The agent lost 1 packet! Is syncmode enabled?
{Wed 20:54:32 Step:1084} Server_Comm.py: Received a new packet while thinking!
{Wed 20:54:32 Step:1086} Server_Comm.py: The agent lost 1 packet! Is syncmode enabled?
{Wed 20:54:32 Step:1086} Server_Comm.py: Received a new packet while thinking!
{Wed 20:54:32 Step:1087} Server_Comm.py: Received a new packet while on world.update()!
{Wed 20:54:32 Step:1088} Server_Comm.py: Received a new packet while thinking!
{Wed 20:54:32 Step:1089} Server_Comm.py: Received a new packet while thinking!
{Wed 20:54:32 Step:1091} Server_Comm.py: The agent lost 1 packet! Is syncmode enabled?
{Wed 20:54:32 Step:1091} Server_Comm.py: Received a new packet while thinking!
{Wed 20:54:32 Step:1092} Server_Comm.py: Received a new packet while thinking!
{Wed 20:54:32 Step:1094} Server_Comm.py: The agent lost 1 packet! Is syncmode enabled?
{Wed 20:54:32 Step:1094} Server_Comm.py: Received a new packet while thinking!
{Wed 20:54:32 Step:1095} Server_Comm.py: Received a new packet while thinking!
{Wed 20:54:32 Step:1097} Server_Comm.py: The agent lost 1 packet! Is syncmode enabled?
{Wed 20:54:32 Step:1097} Server_Comm.py: Received a new packet while thinking!
{Wed 20:54:32 Step:1099} Server_Comm.py: The agent lost 1 packet! Is syncmode enabled?
{Wed 20:54:32 Step:1099} Server_Comm.py: Received a new packet while thinking!
{Wed 20:54:32 Step:1101} Server_Comm.py: The agent lost 1 packet! Is syncmode enabled?
{Wed 20:54:32 Step:1101} Server_Comm.py: Received a new packet while thinking!
{Wed 20:54:32 Step:1102} Server_Comm.py: Received a new packet while thinking!
{Wed 20:54:32 Step:1103} Server_Comm.py: Received a new packet while thinking!
{Wed 20:54:32 Step:1105} Server_Comm.py: The agent lost 1 packet! Is syncmode enabled?
{Wed 20:54:32 Step:1108} Server_Comm.py: Received a new packet while thinking!
{Wed 20:54:32 Step:1110} Server_Comm.py: The agent lost 1 packet! Is syncmode enabled?
{Wed 20:54:32 Step:1113} Server_Comm.py: Received a new packet while thinking!
{Wed 20:54:32 Step:1115} Server_Comm.py: The agent lost 1 packet! Is syncmode enabled?
{Wed 20:54:32 Step:1116} Server_Comm.py: Received a new packet while thinking!
{Wed 20:54:32 Step:1118} Server_Comm.py: The agent lost 1 packet! Is syncmode enabled?
{Wed 20:54:32 Step:1124} Server_Comm.py: Received a new packet while thinking!
{Wed 20:54:32 Step:1126} Server_Comm.py: The agent lost 1 packet! Is syncmode enabled?
{Wed 20:54:33 Step:1133} Server_Comm.py: The agent lost 1 packet! Is syncmode enabled?
{Wed 20:54:33 Step:1164} Server_Comm.py: Received a new packet while thinking!
{Wed 20:54:33 Step:1166} Server_Comm.py: The agent lost 1 packet! Is syncmode enabled?
{Wed 20:54:33 Step:1174} Server_Comm.py: Received a new packet while thinking!
{Wed 20:54:33 Step:1176} Server_Comm.py: The agent lost 1 packet! Is syncmode enabled?
{Wed 20:54:34 Step:1186} Server_Comm.py: Received a new packet while thinking!
{Wed 20:54:34 Step:1188} Server_Comm.py: The agent lost 1 packet! Is syncmode enabled?
{Wed 20:54:34 Step:1193} Server_Comm.py: Received a new packet while thinking!
{Wed 20:54:34 Step:1195} Server_Comm.py: The agent lost 1 packet! Is syncmode enabled?
{Wed 20:54:34 Step:1198} Server_Comm.py: Received a new packet while thinking!
{Wed 20:54:34 Step:1200} Server_Comm.py: The agent lost 1 packet! Is syncmode enabled?
{Wed 20:54:34 Step:1204} Server_Comm.py: Received a new packet while thinking!
{Wed 20:54:34 Step:1206} Server_Comm.py: The agent lost 1 packet! Is syncmode enabled?
{Wed 20:54:34 Step:1209} Server_Comm.py: Received a new packet while thinking!
{Wed 20:54:34 Step:1211} Server_Comm.py: The agent lost 1 packet! Is syncmode enabled?
{Wed 20:54:34 Step:1216} Server_Comm.py: The agent lost 1 packet! Is syncmode enabled?
{Wed 20:54:34 Step:1223} Server_Comm.py: Received a new packet while thinking!
{Wed 20:54:34 Step:1225} Server_Comm.py: The agent lost 1 packet! Is syncmode enabled?
{Wed 20:54:37 Step:1371} Server_Comm.py: Received a new packet while thinking!
{Wed 20:54:37 Step:1374} Server_Comm.py: Received a new packet while thinking!
{Wed 20:54:37 Step:1377} Server_Comm.py: Received a new packet while thinking!
{Wed 20:54:38 Step:1380} Server_Comm.py: Received a new packet while thinking!
{Wed 20:54:38 Step:1383} Server_Comm.py: Received a new packet while thinking!
{Wed 20:54:38 Step:1386} Server_Comm.py: Received a new packet while thinking!
{Wed 20:54:38 Step:1389} Server_Comm.py: Received a new packet while thinking!
{Wed 20:54:38 Step:1392} Server_Comm.py: Received a new packet while thinking!
{Wed 20:54:38 Step:1395} Server_Comm.py: Received a new packet while thinking!
{Wed 20:54:38 Step:1398} Server_Comm.py: Received a new packet while thinking!
{Wed 20:54:38 Step:1401} Server_Comm.py: Received a new packet while thinking!
{Wed 20:54:38 Step:1404} Server_Comm.py: Received a new packet while thinking!
{Wed 20:54:38 Step:1407} Server_Comm.py: Received a new packet while thinking!
{Wed 20:54:38 Step:1411} Server_Comm.py: The agent lost 1 packet! Is syncmode enabled?
{Wed 20:54:38 Step:1414} Server_Comm.py: Received a new packet while thinking!
{Wed 20:54:38 Step:1416} Server_Comm.py: Received a new packet while thinking!
{Wed 20:54:38 Step:1420} Server_Comm.py: The agent lost 1 packet! Is syncmode enabled?
{Wed 20:54:38 Step:1422} Server_Comm.py: Received a new packet while thinking!
{Wed 20:54:38 Step:1426} Server_Comm.py: The agent lost 1 packet! Is syncmode enabled?
{Wed 20:54:39 Step:1428} Server_Comm.py: Received a new packet while thinking!
{Wed 20:54:39 Step:1432} Server_Comm.py: The agent lost 1 packet! Is syncmode enabled?
{Wed 20:54:39 Step:1434} Server_Comm.py: Received a new packet while thinking!
{Wed 20:54:39 Step:1438} Server_Comm.py: The agent lost 1 packet! Is syncmode enabled?
{Wed 20:54:39 Step:1440} Server_Comm.py: Received a new packet while thinking!
{Wed 20:54:39 Step:1444} Server_Comm.py: The agent lost 1 packet! Is syncmode enabled?
{Wed 20:54:39 Step:1457} Server_Comm.py: The agent lost 1 packet! Is syncmode enabled?
{Wed 20:54:39 Step:1466} Server_Comm.py: Received a new packet while thinking!
{Wed 20:54:39 Step:1468} Server_Comm.py: The agent lost 1 packet! Is syncmode enabled?
{Wed 20:54:39 Step:1472} Server_Comm.py: Received a new packet while thinking!
{Wed 20:54:39 Step:1474} Server_Comm.py: The agent lost 1 packet! Is syncmode enabled?
{Wed 20:54:39 Step:1475} Server_Comm.py: Received a new packet while thinking!
{Wed 20:54:39 Step:1477} Server_Comm.py: The agent lost 1 packet! Is syncmode enabled?
{Wed 20:54:40 Step:1479} Server_Comm.py: Received a new packet while thinking!
{Wed 20:54:40 Step:1481} Server_Comm.py: The agent lost 1 packet! Is syncmode enabled?
{Wed 20:54:40 Step:1487} Server_Comm.py: Received a new packet while thinking!
{Wed 20:54:40 Step:1489} Server_Comm.py: The agent lost 1 packet! Is syncmode enabled?
{Wed 20:54:40 Step:1505} Server_Comm.py: Received a new packet while thinking!
{Wed 20:54:40 Step:1507} Server_Comm.py: The agent lost 1 packet! Is syncmode enabled?
{Wed 20:54:40 Step:1513} Server_Comm.py: Received a new packet while thinking!
{Wed 20:54:40 Step:1515} Server_Comm.py: The agent lost 1 packet! Is syncmode enabled?
{Wed 20:54:40 Step:1520} Server_Comm.py: Received a new packet while thinking!
{Wed 20:54:40 Step:1522} Server_Comm.py: The agent lost 1 packet! Is syncmode enabled?
{Wed 20:54:41 Step:1527} Server_Comm.py: Received a new packet while thinking!
{Wed 20:54:41 Step:1529} Server_Comm.py: The agent lost 1 packet! Is syncmode enabled?
{Wed 20:54:41 Step:1536} Server_Comm.py: Received a new packet while thinking!
{Wed 20:54:41 Step:1538} Server_Comm.py: The agent lost 1 packet! Is syncmode enabled?
{Wed 20:54:41 Step:1544} Server_Comm.py: Received a new packet while thinking!
{Wed 20:54:41 Step:1546} Server_Comm.py: The agent lost 1 packet! Is syncmode enabled?
{Wed 20:54:41 Step:1550} Server_Comm.py: Received a new packet while thinking!
{Wed 20:54:41 Step:1552} Server_Comm.py: The agent lost 1 packet! Is syncmode enabled?
{Wed 20:54:42 Step:1598} Server_Comm.py: Received a new packet while thinking!
{Wed 20:54:42 Step:1600} Server_Comm.py: The agent lost 1 packet! Is syncmode enabled?
{Wed 20:54:42 Step:1605} Server_Comm.py: Received a new packet while thinking!
{Wed 20:54:42 Step:1607} Server_Comm.py: The agent lost 1 packet! Is syncmode enabled?
{Wed 20:54:42 Step:1610} Server_Comm.py: Received a new packet while thinking!
{Wed 20:54:42 Step:1612} Server_Comm.py: The agent lost 1 packet! Is syncmode enabled?
{Wed 20:54:42 Step:1615} Server_Comm.py: Received a new packet while thinking!
{Wed 20:54:42 Step:1617} Server_Comm.py: The agent lost 1 packet! Is syncmode enabled?
{Wed 20:54:42 Step:1620} Server_Comm.py: Received a new packet while thinking!
{Wed 20:54:42 Step:1622} Server_Comm.py: The agent lost 1 packet! Is syncmode enabled?
{Wed 20:54:42 Step:1624} Server_Comm.py: Received a new packet while thinking!
{Wed 20:54:42 Step:1626} Server_Comm.py: The agent lost 1 packet! Is syncmode enabled?
{Wed 20:54:43 Step:1628} Server_Comm.py: Received a new packet while thinking!
{Wed 20:54:43 Step:1630} Server_Comm.py: The agent lost 1 packet! Is syncmode enabled?
{Wed 20:54:43 Step:1632} Server_Comm.py: Received a new packet while thinking!
{Wed 20:54:43 Step:1634} Server_Comm.py: The agent lost 1 packet! Is syncmode enabled?
{Wed 20:54:43 Step:1635} Server_Comm.py: Received a new packet while thinking!
{Wed 20:54:43 Step:1637} Server_Comm.py: The agent lost 1 packet! Is syncmode enabled?
{Wed 20:54:43 Step:1638} Server_Comm.py: Received a new packet while thinking!
{Wed 20:54:43 Step:1640} Server_Comm.py: The agent lost 1 packet! Is syncmode enabled?
{Wed 20:54:43 Step:1641} Server_Comm.py: Received a new packet while thinking!
{Wed 20:54:43 Step:1643} Server_Comm.py: The agent lost 1 packet! Is syncmode enabled?
{Wed 20:54:43 Step:1644} Server_Comm.py: Received a new packet while thinking!
{Wed 20:54:43 Step:1646} Server_Comm.py: The agent lost 1 packet! Is syncmode enabled?
{Wed 20:54:43 Step:1647} Server_Comm.py: Received a new packet while thinking!
{Wed 20:54:43 Step:1649} Server_Comm.py: The agent lost 1 packet! Is syncmode enabled?
{Wed 20:54:43 Step:1651} Server_Comm.py: The agent lost 1 packet! Is syncmode enabled?
{Wed 20:54:43 Step:1651} Server_Comm.py: Received a new packet while thinking!
{Wed 20:54:43 Step:1652} Server_Comm.py: Received a new packet while thinking!
{Wed 20:54:43 Step:1654} Server_Comm.py: The agent lost 1 packet! Is syncmode enabled?
{Wed 20:54:43 Step:1656} Server_Comm.py: Received a new packet while thinking!
{Wed 20:54:43 Step:1658} Server_Comm.py: The agent lost 1 packet! Is syncmode enabled?
{Wed 20:54:43 Step:1662} Server_Comm.py: The agent lost 1 packet! Is syncmode enabled?
{Wed 20:54:43 Step:1664} Server_Comm.py: Received a new packet while thinking!
{Wed 20:54:43 Step:1666} Server_Comm.py: The agent lost 1 packet! Is syncmode enabled?
{Wed 20:54:43 Step:1671} Server_Comm.py: Received a new packet while thinking!
{Wed 20:54:43 Step:1673} Server_Comm.py: The agent lost 1 packet! Is syncmode enabled?
{Wed 20:54:44 Step:1676} Server_Comm.py: Received a new packet while thinking!
{Wed 20:54:44 Step:1678} Server_Comm.py: The agent lost 1 packet! Is syncmode enabled?
{Wed 20:54:44 Step:1691} Server_Comm.py: The agent lost 1 packet! Is syncmode enabled?
{Wed 20:54:44 Step:1691} Server_Comm.py: Received a new packet while thinking!
{Wed 20:54:45 Step:1726} Server_Comm.py: Received a new packet while thinking!
{Wed 20:54:45 Step:1728} Server_Comm.py: The agent lost 1 packet! Is syncmode enabled?
{Wed 20:54:45 Step:1732} Server_Comm.py: The agent lost 1 packet! Is syncmode enabled?
{Wed 20:54:45 Step:1734} Server_Comm.py: Received a new packet while thinking!
{Wed 20:54:45 Step:1737} Server_Comm.py: Received a new packet while thinking!
{Wed 20:54:45 Step:1741} Server_Comm.py: The agent lost 1 packet! Is syncmode enabled?
{Wed 20:54:45 Step:1743} Server_Comm.py: Received a new packet while thinking!
{Wed 20:54:45 Step:1744} Server_Comm.py: Received a new packet while thinking!
{Wed 20:54:45 Step:1746} Server_Comm.py: The agent lost 1 packet! Is syncmode enabled?
{Wed 20:54:45 Step:1746} Server_Comm.py: Received a new packet while thinking!
{Wed 20:54:45 Step:1747} Server_Comm.py: Received a new packet while thinking!
{Wed 20:54:45 Step:1749} Server_Comm.py: The agent lost 1 packet! Is syncmode enabled?
{Wed 20:54:45 Step:1749} Server_Comm.py: Received a new packet while thinking!
{Wed 20:54:45 Step:1750} Server_Comm.py: Received a new packet while thinking!
{Wed 20:54:45 Step:1753} Server_Comm.py: The agent lost 2 consecutive packets! Is syncmode disabled?
{Wed 20:54:45 Step:1756} Server_Comm.py: The agent lost 1 packet! Is syncmode enabled?
{Wed 20:54:45 Step:1757} Server_Comm.py: Received a new packet while thinking!
{Wed 20:54:45 Step:1759} Server_Comm.py: The agent lost 1 packet! Is syncmode enabled?
{Wed 20:54:45 Step:1759} Server_Comm.py: Received a new packet while thinking!
{Wed 20:54:45 Step:1761} Server_Comm.py: The agent lost 1 packet! Is syncmode enabled?
{Wed 20:54:45 Step:1761} Server_Comm.py: Received a new packet while thinking!
{Wed 20:54:45 Step:1762} Server_Comm.py: Received a new packet while thinking!
{Wed 20:54:45 Step:1765} Server_Comm.py: The agent lost 2 consecutive packets! Is syncmode disabled?
{Wed 20:54:45 Step:1766} Server_Comm.py: Received a new packet while thinking!
{Wed 20:54:45 Step:1768} Server_Comm.py: The agent lost 1 packet! Is syncmode enabled?
{Wed 20:54:45 Step:1769} Server_Comm.py: Received a new packet while thinking!
{Wed 20:54:45 Step:1771} Server_Comm.py: The agent lost 1 packet! Is syncmode enabled?
{Wed 20:54:45 Step:1772} Server_Comm.py: Received a new packet while thinking!
{Wed 20:54:45 Step:1774} Server_Comm.py: The agent lost 1 packet! Is syncmode enabled?
{Wed 20:54:45 Step:1774} Server_Comm.py: Received a new packet while thinking!
{Wed 20:54:45 Step:1776} Server_Comm.py: The agent lost 1 packet! Is syncmode enabled?
{Wed 20:54:46 Step:1776} Server_Comm.py: Received a new packet while thinking!
{Wed 20:54:46 Step:1778} Server_Comm.py: The agent lost 1 packet! Is syncmode enabled?
{Wed 20:54:46 Step:1778} Server_Comm.py: Received a new packet while thinking!
{Wed 20:54:46 Step:1779} Server_Comm.py: Received a new packet while thinking!
{Wed 20:54:46 Step:1781} Server_Comm.py: The agent lost 1 packet! Is syncmode enabled?
{Wed 20:54:48 Step:1893} Server_Comm.py: Received a new packet while thinking!
{Wed 20:54:48 Step:1895} Server_Comm.py: The agent lost 1 packet! Is syncmode enabled?
{Wed 20:54:48 Step:1902} Server_Comm.py: The agent lost 1 packet! Is syncmode enabled?
{Wed 20:54:48 Step:1907} Server_Comm.py: Received a new packet while thinking!
{Wed 20:54:48 Step:1909} Server_Comm.py: The agent lost 1 packet! Is syncmode enabled?
{Wed 20:54:48 Step:1914} Server_Comm.py: The agent lost 1 packet! Is syncmode enabled?
{Wed 20:54:48 Step:1919} Server_Comm.py: The agent lost 1 packet! Is syncmode enabled?
{Wed 20:54:48 Step:1924} Server_Comm.py: The agent lost 1 packet! Is syncmode enabled?
{Wed 20:54:49 Step:1926} Server_Comm.py: Received a new packet while thinking!
{Wed 20:54:49 Step:1928} Server_Comm.py: The agent lost 1 packet! Is syncmode enabled?
{Wed 20:54:49 Step:1929} Server_Comm.py: Received a new packet while thinking!
{Wed 20:54:49 Step:1931} Server_Comm.py: The agent lost 1 packet! Is syncmode enabled?
{Wed 20:54:49 Step:1934} Server_Comm.py: Received a new packet while thinking!
{Wed 20:54:49 Step:1936} Server_Comm.py: The agent lost 1 packet! Is syncmode enabled?
{Wed 20:54:49 Step:1940} Server_Comm.py: The agent lost 1 packet! Is syncmode enabled?
{Wed 20:54:49 Step:1943} Server_Comm.py: Received a new packet while thinking!
{Wed 20:54:49 Step:1945} Server_Comm.py: The agent lost 1 packet! Is syncmode enabled?
{Wed 20:54:49 Step:1948} Server_Comm.py: The agent lost 1 packet! Is syncmode enabled?
{Wed 20:54:49 Step:1948} Server_Comm.py: Received a new packet while thinking!
{Wed 20:54:49 Step:1953} Server_Comm.py: Received a new packet while thinking!
{Wed 20:54:49 Step:1955} Server_Comm.py: The agent lost 1 packet! Is syncmode enabled?
{Wed 20:54:50 Step:1999} Server_Comm.py: Received a new packet while thinking!
{Wed 20:54:50 Step:2001} Server_Comm.py: The agent lost 1 packet! Is syncmode enabled?
{Wed 20:54:50 Step:2022} Server_Comm.py: Received a new packet while thinking!
{Wed 20:54:50 Step:2024} Server_Comm.py: The agent lost 1 packet! Is syncmode enabled?
{Wed 20:54:51 Step:2046} Server_Comm.py: The agent lost 1 packet! Is syncmode enabled?
{Wed 20:54:51 Step:2053} Server_Comm.py: The agent lost 1 packet! Is syncmode enabled?
{Wed 20:54:51 Step:2055} Server_Comm.py: Received a new packet while thinking!
{Wed 20:54:51 Step:2056} Server_Comm.py: Received a new packet while thinking!
{Wed 20:54:51 Step:2058} Server_Comm.py: The agent lost 1 packet! Is syncmode enabled?
{Wed 20:54:51 Step:2058} Server_Comm.py: Received a new packet while thinking!
{Wed 20:54:51 Step:2059} Server_Comm.py: Received a new packet while thinking!
{Wed 20:54:51 Step:2061} Server_Comm.py: The agent lost 1 packet! Is syncmode enabled?
{Wed 20:54:51 Step:2061} Server_Comm.py: Received a new packet while thinking!
{Wed 20:54:51 Step:2062} Server_Comm.py: Received a new packet while thinking!
{Wed 20:54:51 Step:2064} Server_Comm.py: The agent lost 1 packet! Is syncmode enabled?
{Wed 20:54:51 Step:2064} Server_Comm.py: Received a new packet while thinking!
{Wed 20:54:51 Step:2065} Server_Comm.py: Received a new packet while thinking!
{Wed 20:54:51 Step:2067} Server_Comm.py: The agent lost 1 packet! Is syncmode enabled?
{Wed 20:54:51 Step:2067} Server_Comm.py: Received a new packet while thinking!
{Wed 20:54:51 Step:2068} Server_Comm.py: Received a new packet while thinking!
{Wed 20:54:51 Step:2070} Server_Comm.py: The agent lost 1 packet! Is syncmode enabled?
{Wed 20:54:51 Step:2070} Server_Comm.py: Received a new packet while thinking!
{Wed 20:54:51 Step:2071} Server_Comm.py: Received a new packet while thinking!
{Wed 20:54:51 Step:2074} Server_Comm.py: The agent lost 2 consecutive packets! Is syncmode disabled?
{Wed 20:54:52 Step:2075} Server_Comm.py: Received a new packet while thinking!
{Wed 20:54:52 Step:2077} Server_Comm.py: The agent lost 1 packet! Is syncmode enabled?
{Wed 20:54:52 Step:2077} Server_Comm.py: Received a new packet while thinking!
{Wed 20:54:52 Step:2079} Server_Comm.py: The agent lost 1 packet! Is syncmode enabled?
{Wed 20:54:52 Step:2079} Server_Comm.py: Received a new packet while thinking!
{Wed 20:54:52 Step:2080} Server_Comm.py: Received a new packet while thinking!
{Wed 20:54:52 Step:2084} Server_Comm.py: The agent lost 3 consecutive packets! Is syncmode disabled?
{Wed 20:54:52 Step:2084} Server_Comm.py: Received a new packet while thinking!
{Wed 20:54:52 Step:2086} Server_Comm.py: The agent lost 1 packet! Is syncmode enabled?
{Wed 20:54:52 Step:2086} Server_Comm.py: Received a new packet while thinking!
{Wed 20:54:52 Step:2087} Server_Comm.py: Received a new packet while thinking!
{Wed 20:54:52 Step:2089} Server_Comm.py: The agent lost 1 packet! Is syncmode enabled?
{Wed 20:54:52 Step:2089} Server_Comm.py: Received a new packet while thinking!
{Wed 20:54:52 Step:2091} Server_Comm.py: The agent lost 1 packet! Is syncmode enabled?
{Wed 20:54:52 Step:2091} Server_Comm.py: Received a new packet while thinking!
{Wed 20:54:52 Step:2092} Server_Comm.py: Received a new packet while thinking!
{Wed 20:54:52 Step:2094} Server_Comm.py: The agent lost 1 packet! Is syncmode enabled?
{Wed 20:54:52 Step:2094} Server_Comm.py: Received a new packet while thinking!
{Wed 20:54:52 Step:2096} Server_Comm.py: The agent lost 1 packet! Is syncmode enabled?
{Wed 20:54:52 Step:2096} Server_Comm.py: Received a new packet while thinking!
{Wed 20:54:52 Step:2097} Server_Comm.py: Received a new packet while thinking!
{Wed 20:54:52 Step:2098} Server_Comm.py: Received a new packet while thinking!
{Wed 20:54:52 Step:2100} Server_Comm.py: The agent lost 1 packet! Is syncmode enabled?
{Wed 20:54:52 Step:2100} Server_Comm.py: Received a new packet while thinking!
{Wed 20:54:52 Step:2101} Server_Comm.py: Received a new packet while thinking!
{Wed 20:54:52 Step:2103} Server_Comm.py: The agent lost 1 packet! Is syncmode enabled?
{Wed 20:54:52 Step:2103} Server_Comm.py: Received a new packet while thinking!
{Wed 20:54:52 Step:2104} Server_Comm.py: Received a new packet while thinking!
{Wed 20:54:52 Step:2106} Server_Comm.py: The agent lost 1 packet! Is syncmode enabled?
{Wed 20:54:52 Step:2106} Server_Comm.py: Received a new packet while thinking!
{Wed 20:54:52 Step:2107} Server_Comm.py: Received a new packet while thinking!
{Wed 20:54:52 Step:2109} Server_Comm.py: The agent lost 1 packet! Is syncmode enabled?
{Wed 20:54:52 Step:2109} Server_Comm.py: Received a new packet while thinking!
{Wed 20:54:52 Step:2110} Server_Comm.py: Received a new packet while thinking!
{Wed 20:54:52 Step:2112} Server_Comm.py: The agent lost 1 packet! Is syncmode enabled?
{Wed 20:54:52 Step:2113} Server_Comm.py: Received a new packet while thinking!
{Wed 20:54:52 Step:2115} Server_Comm.py: Received a new packet while thinking!
{Wed 20:54:52 Step:2119} Server_Comm.py: The agent lost 1 packet! Is syncmode enabled?
{Wed 20:54:52 Step:2121} Server_Comm.py: Received a new packet while thinking!
{Wed 20:54:52 Step:2124} Server_Comm.py: Received a new packet while thinking!
{Wed 20:54:53 Step:2128} Server_Comm.py: The agent lost 1 packet! Is syncmode enabled?
{Wed 20:54:53 Step:2167} Server_Comm.py: Received a new packet while thinking!
{Wed 20:54:53 Step:2170} Server_Comm.py: Received a new packet while thinking!
{Wed 20:54:53 Step:2172} Server_Comm.py: Received a new packet while thinking!
{Wed 20:54:54 Step:2175} Server_Comm.py: Received a new packet while thinking!
{Wed 20:54:54 Step:2179} Server_Comm.py: The agent lost 1 packet! Is syncmode enabled?
{Wed 20:54:54 Step:2181} Server_Comm.py: Received a new packet while thinking!
{Wed 20:54:54 Step:2184} Server_Comm.py: Received a new packet while thinking!
{Wed 20:54:54 Step:2188} Server_Comm.py: The agent lost 1 packet! Is syncmode enabled?
{Wed 20:54:54 Step:2191} Server_Comm.py: The agent lost 1 packet! Is syncmode enabled?
{Wed 20:54:54 Step:2194} Server_Comm.py: The agent lost 1 packet! Is syncmode enabled?
{Wed 20:54:54 Step:2197} Server_Comm.py: The agent lost 1 packet! Is syncmode enabled?
{Wed 20:54:54 Step:2198} Server_Comm.py: Received a new packet while thinking!
{Wed 20:54:54 Step:2200} Server_Comm.py: The agent lost 1 packet! Is syncmode enabled?
{Wed 20:54:54 Step:2200} Server_Comm.py: Received a new packet while thinking!
{Wed 20:54:54 Step:2202} Server_Comm.py: The agent lost 1 packet! Is syncmode enabled?
{Wed 20:54:54 Step:2202} Server_Comm.py: Received a new packet while thinking!
{Wed 20:54:54 Step:2203} Server_Comm.py: Received a new packet while thinking!
{Wed 20:54:54 Step:2206} Server_Comm.py: The agent lost 2 consecutive packets! Is syncmode disabled?
{Wed 20:54:54 Step:2207} Server_Comm.py: Received a new packet while thinking!
{Wed 20:54:54 Step:2209} Server_Comm.py: The agent lost 1 packet! Is syncmode enabled?
{Wed 20:54:54 Step:2209} Server_Comm.py: Received a new packet while thinking!
{Wed 20:54:54 Step:2211} Server_Comm.py: The agent lost 1 packet! Is syncmode enabled?
{Wed 20:54:54 Step:2211} Server_Comm.py: Received a new packet while on world.update()!
{Wed 20:54:54 Step:2214} Server_Comm.py: Received a new packet while thinking!
{Wed 20:54:54 Step:2215} Server_Comm.py: Received a new packet while thinking!
{Wed 20:54:54 Step:2217} Server_Comm.py: The agent lost 1 packet! Is syncmode enabled?
{Wed 20:54:54 Step:2217} Server_Comm.py: Received a new packet while thinking!
{Wed 20:54:54 Step:2219} Server_Comm.py: The agent lost 1 packet! Is syncmode enabled?
{Wed 20:54:54 Step:2219} Server_Comm.py: Received a new packet while thinking!
{Wed 20:54:54 Step:2220} Server_Comm.py: Received a new packet while thinking!
{Wed 20:54:54 Step:2222} Server_Comm.py: The agent lost 1 packet! Is syncmode enabled?
{Wed 20:54:54 Step:2223} Server_Comm.py: Received a new packet while thinking!
{Wed 20:54:55 Step:2227} Server_Comm.py: The agent lost 1 packet! Is syncmode enabled?
{Wed 20:54:55 Step:2229} Server_Comm.py: Received a new packet while thinking!
{Wed 20:54:55 Step:2233} Server_Comm.py: The agent lost 1 packet! Is syncmode enabled?
{Wed 20:54:55 Step:2235} Server_Comm.py: Received a new packet while thinking!
{Wed 20:54:55 Step:2238} Server_Comm.py: Received a new packet while thinking!
{Wed 20:54:55 Step:2241} Server_Comm.py: Received a new packet while thinking!
{Wed 20:54:55 Step:2244} Server_Comm.py: Received a new packet while thinking!
{Wed 20:54:55 Step:2247} Server_Comm.py: Received a new packet while thinking!
