{Wed 20:54:12 Step:144} Server_Comm.py: Received a new packet while thinking!
{Wed 20:54:12 Step:145} Server_Comm.py: Received a new packet while thinking!
{Wed 20:54:12 Step:146} Server_Comm.py: Received a new packet while thinking!
{Wed 20:54:12 Step:148} Server_Comm.py: The agent lost 1 packet! Is syncmode enabled?
{Wed 20:54:12 Step:148} Server_Comm.py: Received a new packet while thinking!
{Wed 20:54:12 Step:150} Server_Comm.py: The agent lost 1 packet! Is syncmode enabled?
{Wed 20:54:12 Step:150} Server_Comm.py: Received a new packet while thinking!
{Wed 20:54:12 Step:151} Server_Comm.py: Received a new packet while thinking!
{Wed 20:54:12 Step:154} Server_Comm.py: The agent lost 2 consecutive packets! Is syncmode disabled?
{Wed 20:54:12 Step:154} Server_Comm.py: Received a new packet while thinking!
{Wed 20:54:12 Step:157} Server_Comm.py: The agent lost 2 consecutive packets! Is syncmode disabled?
{Wed 20:54:12 Step:158} Server_Comm.py: Received a new packet while thinking!
{Wed 20:54:12 Step:160} Server_Comm.py: The agent lost 1 packet! Is syncmode enabled?
{Wed 20:54:12 Step:160} Server_Comm.py: Received a new packet while thinking!
{Wed 20:54:12 Step:163} Server_Comm.py: The agent lost 2 consecutive packets! Is syncmode disabled?
{Wed 20:54:12 Step:163} Server_Comm.py: Received a new packet while thinking!
{Wed 20:54:12 Step:165} Server_Comm.py: The agent lost 1 packet! Is syncmode enabled?
{Wed 20:54:12 Step:165} Server_Comm.py: Received a new packet while thinking!
{Wed 20:54:12 Step:168} Server_Comm.py: The agent lost 2 consecutive packets! Is syncmode disabled?
{Wed 20:54:12 Step:168} Server_Comm.py: Received a new packet while thinking!
{Wed 20:54:12 Step:170} Server_Comm.py: The agent lost 1 packet! Is syncmode enabled?
{Wed 20:54:12 Step:170} Server_Comm.py: Received a new packet while thinking!
{Wed 20:54:12 Step:172} Server_Comm.py: The agent lost 1 packet! Is syncmode enabled?
{Wed 20:54:12 Step:172} Server_Comm.py: Received a new packet while thinking!
{Wed 20:54:12 Step:174} Server_Comm.py: The agent lost 1 packet! Is syncmode enabled?
{Wed 20:54:12 Step:174} Server_Comm.py: Received a new packet while thinking!
{Wed 20:54:12 Step:177} Server_Comm.py: The agent lost 2 consecutive packets! Is syncmode disabled?
{Wed 20:54:12 Step:177} Server_Comm.py: Received a new packet while thinking!
{Wed 20:54:12 Step:179} Server_Comm.py: The agent lost 1 packet! Is syncmode enabled?
{Wed 20:54:12 Step:179} Server_Comm.py: Received a new packet while thinking!
{Wed 20:54:13 Step:180} Server_Comm.py: Received a new packet while thinking!
{Wed 20:54:13 Step:182} Server_Comm.py: The agent lost 1 packet! Is syncmode enabled?
{Wed 20:54:13 Step:182} Server_Comm.py: Received a new packet while thinking!
{Wed 20:54:13 Step:184} Server_Comm.py: The agent lost 1 packet! Is syncmode enabled?
{Wed 20:54:13 Step:184} Server_Comm.py: Received a new packet while thinking!
{Wed 20:54:13 Step:186} Server_Comm.py: The agent lost 1 packet! Is syncmode enabled?
{Wed 20:54:13 Step:186} Server_Comm.py: Received a new packet while thinking!
{Wed 20:54:13 Step:188} Server_Comm.py: The agent lost 1 packet! Is syncmode enabled?
{Wed 20:54:13 Step:188} Server_Comm.py: Received a new packet while thinking!
{Wed 20:54:13 Step:189} Server_Comm.py: Received a new packet while thinking!
{Wed 20:54:13 Step:191} Server_Comm.py: The agent lost 1 packet! Is syncmode enabled?
{Wed 20:54:13 Step:191} Server_Comm.py: Received a new packet while thinking!
{Wed 20:54:13 Step:193} Server_Comm.py: The agent lost 1 packet! Is syncmode enabled?
{Wed 20:54:13 Step:193} Server_Comm.py: Received a new packet while thinking!
{Wed 20:54:13 Step:195} Server_Comm.py: The agent lost 1 packet! Is syncmode enabled?
{Wed 20:54:13 Step:195} Server_Comm.py: Received a new packet while thinking!
{Wed 20:54:13 Step:197} Server_Comm.py: The agent lost 1 packet! Is syncmode enabled?
{Wed 20:54:13 Step:197} Server_Comm.py: Received a new packet while thinking!
{Wed 20:54:13 Step:198} Server_Comm.py: Received a new packet while thinking!
{Wed 20:54:13 Step:200} Server_Comm.py: The agent lost 1 packet! Is syncmode enabled?
{Wed 20:54:13 Step:200} Server_Comm.py: Received a new packet while thinking!
{Wed 20:54:13 Step:202} Server_Comm.py: The agent lost 1 packet! Is syncmode enabled?
{Wed 20:54:13 Step:202} Server_Comm.py: Received a new packet while thinking!
{Wed 20:54:13 Step:204} Server_Comm.py: The agent lost 1 packet! Is syncmode enabled?
{Wed 20:54:13 Step:204} Server_Comm.py: Received a new packet while thinking!
{Wed 20:54:13 Step:206} Server_Comm.py: The agent lost 1 packet! Is syncmode enabled?
{Wed 20:54:13 Step:206} Server_Comm.py: Received a new packet while thinking!
{Wed 20:54:13 Step:207} Server_Comm.py: Received a new packet while thinking!
{Wed 20:54:13 Step:209} Server_Comm.py: The agent lost 1 packet! Is syncmode enabled?
{Wed 20:54:13 Step:209} Server_Comm.py: Received a new packet while thinking!
{Wed 20:54:13 Step:211} Server_Comm.py: The agent lost 1 packet! Is syncmode enabled?
{Wed 20:54:13 Step:211} Server_Comm.py: Received a new packet while thinking!
{Wed 20:54:13 Step:213} Server_Comm.py: The agent lost 1 packet! Is syncmode enabled?
{Wed 20:54:13 Step:213} Server_Comm.py: Received a new packet while thinking!
{Wed 20:54:13 Step:214} Server_Comm.py: Received a new packet while on world.update()!
{Wed 20:54:13 Step:215} Server_Comm.py: Received a new packet while thinking!
{Wed 20:54:13 Step:216} Server_Comm.py: Received a new packet while thinking!
{Wed 20:54:13 Step:218} Server_Comm.py: The agent lost 1 packet! Is syncmode enabled?
{Wed 20:54:13 Step:218} Server_Comm.py: Received a new packet while thinking!
{Wed 20:54:13 Step:219} Server_Comm.py: Received a new packet while thinking!
{Wed 20:54:13 Step:221} Server_Comm.py: The agent lost 1 packet! Is syncmode enabled?
{Wed 20:54:13 Step:221} Server_Comm.py: Received a new packet while thinking!
{Wed 20:54:13 Step:222} Server_Comm.py: Received a new packet while thinking!
{Wed 20:54:13 Step:224} Server_Comm.py: The agent lost 1 packet! Is syncmode enabled?
{Wed 20:54:13 Step:224} Server_Comm.py: Received a new packet while thinking!
{Wed 20:54:13 Step:225} Server_Comm.py: Received a new packet while thinking!
{Wed 20:54:13 Step:227} Server_Comm.py: The agent lost 1 packet! Is syncmode enabled?
{Wed 20:54:13 Step:227} Server_Comm.py: Received a new packet while thinking!
{Wed 20:54:13 Step:228} Server_Comm.py: Received a new packet while thinking!
{Wed 20:54:14 Step:230} Server_Comm.py: The agent lost 1 packet! Is syncmode enabled?
{Wed 20:54:14 Step:230} Server_Comm.py: Received a new packet while thinking!
{Wed 20:54:14 Step:232} Server_Comm.py: The agent lost 1 packet! Is syncmode enabled?
{Wed 20:54:14 Step:232} Server_Comm.py: Received a new packet while thinking!
{Wed 20:54:14 Step:234} Server_Comm.py: The agent lost 1 packet! Is syncmode enabled?
{Wed 20:54:14 Step:234} Server_Comm.py: Received a new packet while thinking!
{Wed 20:54:14 Step:236} Server_Comm.py: The agent lost 1 packet! Is syncmode enabled?
{Wed 20:54:14 Step:236} Server_Comm.py: Received a new packet while thinking!
{Wed 20:54:14 Step:238} Server_Comm.py: The agent lost 1 packet! Is syncmode enabled?
{Wed 20:54:14 Step:238} Server_Comm.py: Received a new packet while on world.update()!
{Wed 20:54:14 Step:239} Server_Comm.py: Received a new packet while thinking!
{Wed 20:54:14 Step:241} Server_Comm.py: The agent lost 1 packet! Is syncmode enabled?
{Wed 20:54:14 Step:241} Server_Comm.py: Received a new packet while thinking!
{Wed 20:54:14 Step:243} Server_Comm.py: The agent lost 1 packet! Is syncmode enabled?
{Wed 20:54:14 Step:243} Server_Comm.py: Received a new packet while thinking!
{Wed 20:54:14 Step:245} Server_Comm.py: The agent lost 1 packet! Is syncmode enabled?
{Wed 20:54:14 Step:245} Server_Comm.py: Received a new packet while thinking!
{Wed 20:54:14 Step:247} Server_Comm.py: The agent lost 1 packet! Is syncmode enabled?
{Wed 20:54:14 Step:247} Server_Comm.py: Received a new packet while thinking!
{Wed 20:54:14 Step:249} Server_Comm.py: The agent lost 1 packet! Is syncmode enabled?
{Wed 20:54:14 Step:249} Server_Comm.py: Received a new packet while thinking!
{Wed 20:54:14 Step:251} Server_Comm.py: The agent lost 1 packet! Is syncmode enabled?
{Wed 20:54:14 Step:251} Server_Comm.py: Received a new packet while thinking!
{Wed 20:54:14 Step:253} Server_Comm.py: The agent lost 1 packet! Is syncmode enabled?
{Wed 20:54:14 Step:253} Server_Comm.py: Received a new packet while thinking!
{Wed 20:54:14 Step:255} Server_Comm.py: The agent lost 1 packet! Is syncmode enabled?
{Wed 20:54:14 Step:255} Server_Comm.py: Received a new packet while thinking!
{Wed 20:54:14 Step:258} Server_Comm.py: The agent lost 2 consecutive packets! Is syncmode disabled?
{Wed 20:54:14 Step:258} Server_Comm.py: Received a new packet while thinking!
{Wed 20:54:14 Step:260} Server_Comm.py: The agent lost 1 packet! Is syncmode enabled?
{Wed 20:54:14 Step:260} Server_Comm.py: Received a new packet while thinking!
{Wed 20:54:14 Step:262} Server_Comm.py: The agent lost 1 packet! Is syncmode enabled?
{Wed 20:54:14 Step:262} Server_Comm.py: Received a new packet while thinking!
{Wed 20:54:14 Step:264} Server_Comm.py: The agent lost 1 packet! Is syncmode enabled?
{Wed 20:54:14 Step:264} Server_Comm.py: Received a new packet while thinking!
{Wed 20:54:14 Step:266} Server_Comm.py: The agent lost 1 packet! Is syncmode enabled?
{Wed 20:54:14 Step:266} Server_Comm.py: Received a new packet while thinking!
{Wed 20:54:14 Step:268} Server_Comm.py: The agent lost 1 packet! Is syncmode enabled?
{Wed 20:54:14 Step:268} Server_Comm.py: Received a new packet while thinking!
{Wed 20:54:14 Step:270} Server_Comm.py: The agent lost 1 packet! Is syncmode enabled?
{Wed 20:54:14 Step:270} Server_Comm.py: Received a new packet while thinking!
{Wed 20:54:14 Step:272} Server_Comm.py: The agent lost 1 packet! Is syncmode enabled?
{Wed 20:54:14 Step:272} Server_Comm.py: Received a new packet while thinking!
{Wed 20:54:14 Step:273} Server_Comm.py: Received a new packet while thinking!
{Wed 20:54:14 Step:275} Server_Comm.py: The agent lost 1 packet! Is syncmode enabled?
{Wed 20:54:14 Step:275} Server_Comm.py: Received a new packet while thinking!
{Wed 20:54:14 Step:277} Server_Comm.py: The agent lost 1 packet! Is syncmode enabled?
{Wed 20:54:14 Step:277} Server_Comm.py: Received a new packet while thinking!
{Wed 20:54:14 Step:279} Server_Comm.py: The agent lost 1 packet! Is syncmode enabled?
{Wed 20:54:15 Step:279} Server_Comm.py: Received a new packet while thinking!
{Wed 20:54:15 Step:281} Server_Comm.py: The agent lost 1 packet! Is syncmode enabled?
{Wed 20:54:15 Step:281} Server_Comm.py: Received a new packet while thinking!
{Wed 20:54:15 Step:282} Server_Comm.py: Received a new packet while thinking!
{Wed 20:54:15 Step:285} Server_Comm.py: The agent lost 2 consecutive packets! Is syncmode disabled?
{Wed 20:54:15 Step:285} Server_Comm.py: Received a new packet while thinking!
{Wed 20:54:15 Step:287} Server_Comm.py: The agent lost 1 packet! Is syncmode enabled?
{Wed 20:54:15 Step:287} Server_Comm.py: Received a new packet while thinking!
{Wed 20:54:15 Step:288} Server_Comm.py: Received a new packet while thinking!
{Wed 20:54:15 Step:291} Server_Comm.py: The agent lost 2 consecutive packets! Is syncmode disabled?
{Wed 20:54:15 Step:291} Server_Comm.py: Received a new packet while thinking!
{Wed 20:54:15 Step:293} Server_Comm.py: The agent lost 1 packet! Is syncmode enabled?
{Wed 20:54:15 Step:293} Server_Comm.py: Received a new packet while thinking!
{Wed 20:54:15 Step:295} Server_Comm.py: The agent lost 1 packet! Is syncmode enabled?
{Wed 20:54:15 Step:295} Server_Comm.py: Received a new packet while thinking!
{Wed 20:54:15 Step:297} Server_Comm.py: The agent lost 1 packet! Is syncmode enabled?
{Wed 20:54:15 Step:297} Server_Comm.py: Received a new packet while thinking!
{Wed 20:54:15 Step:299} Server_Comm.py: The agent lost 1 packet! Is syncmode enabled?
{Wed 20:54:15 Step:299} Server_Comm.py: Received a new packet while thinking!
{Wed 20:54:15 Step:300} Server_Comm.py: Received a new packet while on world.update()!
{Wed 20:54:15 Step:301} Server_Comm.py: Received a new packet while thinking!
{Wed 20:54:15 Step:303} Server_Comm.py: The agent lost 1 packet! Is syncmode enabled?
{Wed 20:54:15 Step:303} Server_Comm.py: Received a new packet while thinking!
{Wed 20:54:15 Step:305} Server_Comm.py: The agent lost 1 packet! Is syncmode enabled?
{Wed 20:54:15 Step:305} Server_Comm.py: Received a new packet while thinking!
{Wed 20:54:15 Step:307} Server_Comm.py: The agent lost 1 packet! Is syncmode enabled?
{Wed 20:54:15 Step:307} Server_Comm.py: Received a new packet while thinking!
{Wed 20:54:15 Step:308} Server_Comm.py: Received a new packet while thinking!
{Wed 20:54:15 Step:311} Server_Comm.py: The agent lost 2 consecutive packets! Is syncmode disabled?
{Wed 20:54:15 Step:311} Server_Comm.py: Received a new packet while thinking!
{Wed 20:54:15 Step:313} Server_Comm.py: The agent lost 1 packet! Is syncmode enabled?
{Wed 20:54:15 Step:313} Server_Comm.py: Received a new packet while thinking!
{Wed 20:54:15 Step:315} Server_Comm.py: The agent lost 1 packet! Is syncmode enabled?
{Wed 20:54:15 Step:315} Server_Comm.py: Received a new packet while thinking!
{Wed 20:54:15 Step:317} Server_Comm.py: The agent lost 1 packet! Is syncmode enabled?
{Wed 20:54:15 Step:317} Server_Comm.py: Received a new packet while thinking!
{Wed 20:54:15 Step:318} Server_Comm.py: Received a new packet while thinking!
{Wed 20:54:15 Step:320} Server_Comm.py: The agent lost 1 packet! Is syncmode enabled?
{Wed 20:54:15 Step:320} Server_Comm.py: Received a new packet while thinking!
{Wed 20:54:15 Step:322} Server_Comm.py: The agent lost 1 packet! Is syncmode enabled?
{Wed 20:54:15 Step:322} Server_Comm.py: Received a new packet while thinking!
{Wed 20:54:15 Step:323} Server_Comm.py: Received a new packet while thinking!
{Wed 20:54:15 Step:325} Server_Comm.py: The agent lost 1 packet! Is syncmode enabled?
{Wed 20:54:15 Step:325} Server_Comm.py: Received a new packet while thinking!
{Wed 20:54:15 Step:327} Server_Comm.py: The agent lost 1 packet! Is syncmode enabled?
{Wed 20:54:15 Step:327} Server_Comm.py: Received a new packet while thinking!
{Wed 20:54:16 Step:328} Server_Comm.py: Received a new packet while thinking!
{Wed 20:54:16 Step:330} Server_Comm.py: The agent lost 1 packet! Is syncmode enabled?
{Wed 20:54:16 Step:330} Server_Comm.py: Received a new packet while thinking!
{Wed 20:54:16 Step:332} Server_Comm.py: The agent lost 1 packet! Is syncmode enabled?
{Wed 20:54:16 Step:332} Server_Comm.py: Received a new packet while thinking!
{Wed 20:54:16 Step:334} Server_Comm.py: The agent lost 1 packet! Is syncmode enabled?
{Wed 20:54:16 Step:334} Server_Comm.py: Received a new packet while thinking!
{Wed 20:54:16 Step:335} Server_Comm.py: Received a new packet while thinking!
{Wed 20:54:16 Step:337} Server_Comm.py: The agent lost 1 packet! Is syncmode enabled?
{Wed 20:54:16 Step:337} Server_Comm.py: Received a new packet while thinking!
{Wed 20:54:16 Step:339} Server_Comm.py: The agent lost 1 packet! Is syncmode enabled?
{Wed 20:54:16 Step:339} Server_Comm.py: Received a new packet while thinking!
{Wed 20:54:16 Step:340} Server_Comm.py: Received a new packet while thinking!
{Wed 20:54:16 Step:342} Server_Comm.py: The agent lost 1 packet! Is syncmode enabled?
{Wed 20:54:16 Step:342} Server_Comm.py: Received a new packet while thinking!
{Wed 20:54:16 Step:343} Server_Comm.py: Received a new packet while thinking!
{Wed 20:54:16 Step:345} Server_Comm.py: The agent lost 1 packet! Is syncmode enabled?
{Wed 20:54:16 Step:345} Server_Comm.py: Received a new packet while thinking!
{Wed 20:54:16 Step:347} Server_Comm.py: The agent lost 1 packet! Is syncmode enabled?
{Wed 20:54:16 Step:347} Server_Comm.py: Received a new packet while thinking!
{Wed 20:54:16 Step:348} Server_Comm.py: Received a new packet while thinking!
{Wed 20:54:16 Step:350} Server_Comm.py: The agent lost 1 packet! Is syncmode enabled?
{Wed 20:54:16 Step:350} Server_Comm.py: Received a new packet while thinking!
{Wed 20:54:16 Step:351} Server_Comm.py: Received a new packet while thinking!
{Wed 20:54:16 Step:353} Server_Comm.py: The agent lost 1 packet! Is syncmode enabled?
{Wed 20:54:16 Step:353} Server_Comm.py: Received a new packet while thinking!
{Wed 20:54:16 Step:354} Server_Comm.py: Received a new packet while thinking!
{Wed 20:54:16 Step:356} Server_Comm.py: The agent lost 1 packet! Is syncmode enabled?
{Wed 20:54:16 Step:356} Server_Comm.py: Received a new packet while thinking!
{Wed 20:54:16 Step:357} Server_Comm.py: Received a new packet while thinking!
{Wed 20:54:16 Step:359} Server_Comm.py: The agent lost 1 packet! Is syncmode enabled?
{Wed 20:54:16 Step:359} Server_Comm.py: Received a new packet while thinking!
{Wed 20:54:16 Step:360} Server_Comm.py: Received a new packet while thinking!
{Wed 20:54:16 Step:362} Server_Comm.py: The agent lost 1 packet! Is syncmode enabled?
{Wed 20:54:16 Step:362} Server_Comm.py: Received a new packet while thinking!
{Wed 20:54:16 Step:363} Server_Comm.py: Received a new packet while thinking!
{Wed 20:54:16 Step:365} Server_Comm.py: The agent lost 1 packet! Is syncmode enabled?
{Wed 20:54:16 Step:365} Server_Comm.py: Received a new packet while thinking!
{Wed 20:54:16 Step:367} Server_Comm.py: The agent lost 1 packet! Is syncmode enabled?
{Wed 20:54:16 Step:367} Server_Comm.py: Received a new packet while thinking!
{Wed 20:54:16 Step:368} Server_Comm.py: Received a new packet while thinking!
{Wed 20:54:16 Step:370} Server_Comm.py: The agent lost 1 packet! Is syncmode enabled?
{Wed 20:54:16 Step:370} Server_Comm.py: Received a new packet while thinking!
{Wed 20:54:16 Step:372} Server_Comm.py: The agent lost 1 packet! Is syncmode enabled?
{Wed 20:54:16 Step:372} Server_Comm.py: Received a new packet while thinking!
{Wed 20:54:16 Step:373} Server_Comm.py: Received a new packet while thinking!
{Wed 20:54:16 Step:375} Server_Comm.py: The agent lost 1 packet! Is syncmode enabled?
{Wed 20:54:16 Step:375} Server_Comm.py: Received a new packet while thinking!
{Wed 20:54:16 Step:378} Server_Comm.py: The agent lost 2 consecutive packets! Is syncmode disabled?
{Wed 20:54:17 Step:378} Server_Comm.py: Received a new packet while thinking!
{Wed 20:54:17 Step:380} Server_Comm.py: The agent lost 1 packet! Is syncmode enabled?
{Wed 20:54:17 Step:380} Server_Comm.py: Received a new packet while thinking!
{Wed 20:54:17 Step:383} Server_Comm.py: The agent lost 2 consecutive packets! Is syncmode disabled?
{Wed 20:54:17 Step:383} Server_Comm.py: Received a new packet while thinking!
{Wed 20:54:17 Step:385} Server_Comm.py: The agent lost 1 packet! Is syncmode enabled?
{Wed 20:54:17 Step:385} Server_Comm.py: Received a new packet while on world.update()!
{Wed 20:54:17 Step:386} Server_Comm.py: Received a new packet while thinking!
{Wed 20:54:17 Step:388} Server_Comm.py: The agent lost 1 packet! Is syncmode enabled?
{Wed 20:54:17 Step:388} Server_Comm.py: Received a new packet while thinking!
{Wed 20:54:17 Step:390} Server_Comm.py: The agent lost 1 packet! Is syncmode enabled?
{Wed 20:54:17 Step:390} Server_Comm.py: Received a new packet while thinking!
{Wed 20:54:17 Step:392} Server_Comm.py: The agent lost 1 packet! Is syncmode enabled?
{Wed 20:54:17 Step:392} Server_Comm.py: Received a new packet while thinking!
{Wed 20:54:17 Step:395} Server_Comm.py: The agent lost 2 consecutive packets! Is syncmode disabled?
{Wed 20:54:17 Step:395} Server_Comm.py: Received a new packet while thinking!
{Wed 20:54:17 Step:397} Server_Comm.py: The agent lost 1 packet! Is syncmode enabled?
{Wed 20:54:17 Step:397} Server_Comm.py: Received a new packet while thinking!
{Wed 20:54:17 Step:399} Server_Comm.py: The agent lost 1 packet! Is syncmode enabled?
{Wed 20:54:17 Step:399} Server_Comm.py: Received a new packet while thinking!
{Wed 20:54:17 Step:402} Server_Comm.py: The agent lost 2 consecutive packets! Is syncmode disabled?
{Wed 20:54:17 Step:402} Server_Comm.py: Received a new packet while thinking!
{Wed 20:54:17 Step:404} Server_Comm.py: The agent lost 1 packet! Is syncmode enabled?
{Wed 20:54:17 Step:404} Server_Comm.py: Received a new packet while thinking!
{Wed 20:54:17 Step:407} Server_Comm.py: The agent lost 2 consecutive packets! Is syncmode disabled?
{Wed 20:54:17 Step:407} Server_Comm.py: Received a new packet while thinking!
{Wed 20:54:17 Step:408} Server_Comm.py: Received a new packet while thinking!
{Wed 20:54:17 Step:411} Server_Comm.py: The agent lost 2 consecutive packets! Is syncmode disabled?
{Wed 20:54:17 Step:411} Server_Comm.py: Received a new packet while thinking!
{Wed 20:54:17 Step:413} Server_Comm.py: The agent lost 1 packet! Is syncmode enabled?
{Wed 20:54:17 Step:413} Server_Comm.py: Received a new packet while thinking!
{Wed 20:54:17 Step:416} Server_Comm.py: The agent lost 2 consecutive packets! Is syncmode disabled?
{Wed 20:54:17 Step:416} Server_Comm.py: Received a new packet while thinking!
{Wed 20:54:17 Step:418} Server_Comm.py: The agent lost 1 packet! Is syncmode enabled?
{Wed 20:54:17 Step:418} Server_Comm.py: Received a new packet while thinking!
{Wed 20:54:17 Step:420} Server_Comm.py: The agent lost 1 packet! Is syncmode enabled?
{Wed 20:54:17 Step:420} Server_Comm.py: Received a new packet while thinking!
{Wed 20:54:17 Step:422} Server_Comm.py: The agent lost 1 packet! Is syncmode enabled?
{Wed 20:54:17 Step:422} Server_Comm.py: Received a new packet while thinking!
{Wed 20:54:17 Step:425} Server_Comm.py: The agent lost 2 consecutive packets! Is syncmode disabled?
{Wed 20:54:17 Step:425} Server_Comm.py: Received a new packet while thinking!
{Wed 20:54:17 Step:427} Server_Comm.py: The agent lost 1 packet! Is syncmode enabled?
{Wed 20:54:17 Step:427} Server_Comm.py: Received a new packet while thinking!
{Wed 20:54:18 Step:428} Server_Comm.py: Received a new packet while thinking!
{Wed 20:54:18 Step:430} Server_Comm.py: The agent lost 1 packet! Is syncmode enabled?
{Wed 20:54:18 Step:430} Server_Comm.py: Received a new packet while thinking!
{Wed 20:54:18 Step:433} Server_Comm.py: The agent lost 2 consecutive packets! Is syncmode disabled?
{Wed 20:54:18 Step:433} Server_Comm.py: Received a new packet while thinking!
{Wed 20:54:18 Step:435} Server_Comm.py: The agent lost 1 packet! Is syncmode enabled?
{Wed 20:54:18 Step:435} Server_Comm.py: Received a new packet while thinking!
{Wed 20:54:18 Step:436} Server_Comm.py: Received a new packet while on world.update()!
{Wed 20:54:18 Step:437} Server_Comm.py: Received a new packet while thinking!
{Wed 20:54:18 Step:438} Server_Comm.py: Received a new packet while thinking!
{Wed 20:54:18 Step:440} Server_Comm.py: The agent lost 1 packet! Is syncmode enabled?
{Wed 20:54:18 Step:440} Server_Comm.py: Received a new packet while thinking!
{Wed 20:54:18 Step:442} Server_Comm.py: The agent lost 1 packet! Is syncmode enabled?
{Wed 20:54:18 Step:442} Server_Comm.py: Received a new packet while thinking!
{Wed 20:54:18 Step:444} Server_Comm.py: The agent lost 1 packet! Is syncmode enabled?
{Wed 20:54:18 Step:444} Server_Comm.py: Received a new packet while thinking!
{Wed 20:54:18 Step:445} Server_Comm.py: Received a new packet while on world.update()!
{Wed 20:54:18 Step:446} Server_Comm.py: Received a new packet while thinking!
{Wed 20:54:18 Step:447} Server_Comm.py: Received a new packet while thinking!
{Wed 20:54:18 Step:449} Server_Comm.py: The agent lost 1 packet! Is syncmode enabled?
{Wed 20:54:18 Step:449} Server_Comm.py: Received a new packet while thinking!
{Wed 20:54:18 Step:451} Server_Comm.py: The agent lost 1 packet! Is syncmode enabled?
{Wed 20:54:18 Step:451} Server_Comm.py: Received a new packet while thinking!
{Wed 20:54:18 Step:453} Server_Comm.py: The agent lost 1 packet! Is syncmode enabled?
{Wed 20:54:18 Step:453} Server_Comm.py: Received a new packet while thinking!
{Wed 20:54:18 Step:455} Server_Comm.py: The agent lost 1 packet! Is syncmode enabled?
{Wed 20:54:18 Step:455} Server_Comm.py: Received a new packet while thinking!
{Wed 20:54:18 Step:456} Server_Comm.py: Received a new packet while thinking!
{Wed 20:54:18 Step:458} Server_Comm.py: The agent lost 1 packet! Is syncmode enabled?
{Wed 20:54:18 Step:458} Server_Comm.py: Received a new packet while thinking!
{Wed 20:54:18 Step:460} Server_Comm.py: The agent lost 1 packet! Is syncmode enabled?
{Wed 20:54:18 Step:460} Server_Comm.py: Received a new packet while thinking!
{Wed 20:54:18 Step:461} Server_Comm.py: Received a new packet while thinking!
{Wed 20:54:18 Step:463} Server_Comm.py: The agent lost 1 packet! Is syncmode enabled?
{Wed 20:54:18 Step:463} Server_Comm.py: Received a new packet while thinking!
{Wed 20:54:18 Step:464} Server_Comm.py: Received a new packet while thinking!
{Wed 20:54:18 Step:466} Server_Comm.py: The agent lost 1 packet! Is syncmode enabled?
{Wed 20:54:18 Step:466} Server_Comm.py: Received a new packet while thinking!
{Wed 20:54:18 Step:468} Server_Comm.py: The agent lost 1 packet! Is syncmode enabled?
{Wed 20:54:18 Step:468} Server_Comm.py: Received a new packet while thinking!
{Wed 20:54:18 Step:470} Server_Comm.py: The agent lost 1 packet! Is syncmode enabled?
{Wed 20:54:18 Step:470} Server_Comm.py: Received a new packet while thinking!
{Wed 20:54:18 Step:471} Server_Comm.py: Received a new packet while thinking!
{Wed 20:54:18 Step:473} Server_Comm.py: The agent lost 1 packet! Is syncmode enabled?
{Wed 20:54:18 Step:473} Server_Comm.py: Received a new packet while thinking!
{Wed 20:54:18 Step:474} Server_Comm.py: Received a new packet while thinking!
{Wed 20:54:18 Step:476} Server_Comm.py: The agent lost 1 packet! Is syncmode enabled?
{Wed 20:54:18 Step:476} Server_Comm.py: Received a new packet while thinking!
{Wed 20:54:18 Step:478} Server_Comm.py: The agent lost 1 packet! Is syncmode enabled?
{Wed 20:54:19 Step:478} Server_Comm.py: Received a new packet while thinking!
{Wed 20:54:19 Step:480} Server_Comm.py: The agent lost 1 packet! Is syncmode enabled?
{Wed 20:54:19 Step:480} Server_Comm.py: Received a new packet while thinking!
{Wed 20:54:19 Step:481} Server_Comm.py: Received a new packet while thinking!
{Wed 20:54:19 Step:483} Server_Comm.py: The agent lost 1 packet! Is syncmode enabled?
{Wed 20:54:19 Step:483} Server_Comm.py: Received a new packet while thinking!
{Wed 20:54:19 Step:484} Server_Comm.py: Received a new packet while thinking!
{Wed 20:54:19 Step:486} Server_Comm.py: The agent lost 1 packet! Is syncmode enabled?
{Wed 20:54:19 Step:486} Server_Comm.py: Received a new packet while thinking!
{Wed 20:54:19 Step:487} Server_Comm.py: Received a new packet while on world.update()!
{Wed 20:54:19 Step:489} Server_Comm.py: Received a new packet while thinking!
{Wed 20:54:19 Step:493} Server_Comm.py: The agent lost 1 packet! Is syncmode enabled?
{Wed 20:54:19 Step:494} Server_Comm.py: Received a new packet while thinking!
{Wed 20:54:19 Step:496} Server_Comm.py: The agent lost 1 packet! Is syncmode enabled?
{Wed 20:54:19 Step:497} Server_Comm.py: Received a new packet while thinking!
{Wed 20:54:19 Step:499} Server_Comm.py: The agent lost 1 packet! Is syncmode enabled?
{Wed 20:54:19 Step:500} Server_Comm.py: Received a new packet while thinking!
{Wed 20:54:19 Step:502} Server_Comm.py: The agent lost 1 packet! Is syncmode enabled?
{Wed 20:54:19 Step:505} Server_Comm.py: The agent lost 1 packet! Is syncmode enabled?
{Wed 20:54:19 Step:508} Server_Comm.py: The agent lost 1 packet! Is syncmode enabled?
{Wed 20:54:19 Step:510} Server_Comm.py: Received a new packet while thinking!
{Wed 20:54:19 Step:513} Server_Comm.py: Received a new packet while thinking!
{Wed 20:54:19 Step:517} Server_Comm.py: The agent lost 1 packet! Is syncmode enabled?
{Wed 20:54:19 Step:519} Server_Comm.py: Received a new packet while thinking!
{Wed 20:54:19 Step:522} Server_Comm.py: Received a new packet while thinking!
{Wed 20:54:19 Step:525} Server_Comm.py: Received a new packet while thinking!
{Wed 20:54:20 Step:528} Server_Comm.py: Received a new packet while thinking!
{Wed 20:54:20 Step:531} Server_Comm.py: Received a new packet while thinking!
{Wed 20:54:20 Step:534} Server_Comm.py: Received a new packet while thinking!
{Wed 20:54:20 Step:537} Server_Comm.py: Received a new packet while thinking!
{Wed 20:54:20 Step:540} Server_Comm.py: Received a new packet while thinking!
{Wed 20:54:20 Step:543} Server_Comm.py: Received a new packet while thinking!
{Wed 20:54:20 Step:546} Server_Comm.py: Received a new packet while thinking!
{Wed 20:54:20 Step:549} Server_Comm.py: Received a new packet while thinking!
{Wed 20:54:20 Step:552} Server_Comm.py: Received a new packet while thinking!
{Wed 20:54:20 Step:555} Server_Comm.py: Received a new packet while thinking!
{Wed 20:54:20 Step:558} Server_Comm.py: Received a new packet while thinking!
{Wed 20:54:20 Step:561} Server_Comm.py: Received a new packet while thinking!
{Wed 20:54:20 Step:564} Server_Comm.py: Received a new packet while thinking!
{Wed 20:54:20 Step:567} Server_Comm.py: Received a new packet while thinking!
{Wed 20:54:20 Step:570} Server_Comm.py: Received a new packet while thinking!
{Wed 20:54:20 Step:573} Server_Comm.py: Received a new packet while thinking!
{Wed 20:54:24 Step:721} Server_Comm.py: Received a new packet while thinking!
{Wed 20:54:24 Step:723} Server_Comm.py: The agent lost 1 packet! Is syncmode enabled?
{Wed 20:54:25 Step:728} Server_Comm.py: Received a new packet while thinking!
{Wed 20:54:25 Step:730} Server_Comm.py: The agent lost 1 packet! Is syncmode enabled?
{Wed 20:54:25 Step:733} Server_Comm.py: Received a new packet while thinking!
{Wed 20:54:25 Step:735} Server_Comm.py: The agent lost 1 packet! Is syncmode enabled?
{Wed 20:54:25 Step:738} Server_Comm.py: Received a new packet while thinking!
{Wed 20:54:25 Step:740} Server_Comm.py: The agent lost 1 packet! Is syncmode enabled?
{Wed 20:54:25 Step:742} Server_Comm.py: Received a new packet while thinking!
{Wed 20:54:25 Step:744} Server_Comm.py: The agent lost 1 packet! Is syncmode enabled?
{Wed 20:54:25 Step:745} Server_Comm.py: Received a new packet while thinking!
{Wed 20:54:25 Step:747} Server_Comm.py: The agent lost 1 packet! Is syncmode enabled?
{Wed 20:54:25 Step:748} Server_Comm.py: Received a new packet while thinking!
{Wed 20:54:25 Step:750} Server_Comm.py: The agent lost 1 packet! Is syncmode enabled?
{Wed 20:54:25 Step:750} Server_Comm.py: Received a new packet while thinking!
{Wed 20:54:25 Step:752} Server_Comm.py: The agent lost 1 packet! Is syncmode enabled?
{Wed 20:54:25 Step:753} Server_Comm.py: Received a new packet while thinking!
{Wed 20:54:25 Step:755} Server_Comm.py: The agent lost 1 packet! Is syncmode enabled?
{Wed 20:54:25 Step:756} Server_Comm.py: Received a new packet while thinking!
{Wed 20:54:25 Step:758} Server_Comm.py: The agent lost 1 packet! Is syncmode enabled?
{Wed 20:54:25 Step:759} Server_Comm.py: Received a new packet while thinking!
{Wed 20:54:25 Step:761} Server_Comm.py: The agent lost 1 packet! Is syncmode enabled?
{Wed 20:54:25 Step:761} Server_Comm.py: Received a new packet while thinking!
{Wed 20:54:25 Step:763} Server_Comm.py: The agent lost 1 packet! Is syncmode enabled?
{Wed 20:54:25 Step:764} Server_Comm.py: Received a new packet while thinking!
{Wed 20:54:25 Step:766} Server_Comm.py: The agent lost 1 packet! Is syncmode enabled?
{Wed 20:54:25 Step:767} Server_Comm.py: Received a new packet while thinking!
{Wed 20:54:25 Step:769} Server_Comm.py: The agent lost 1 packet! Is syncmode enabled?
{Wed 20:54:25 Step:770} Server_Comm.py: Received a new packet while thinking!
{Wed 20:54:25 Step:772} Server_Comm.py: The agent lost 1 packet! Is syncmode enabled?
{Wed 20:54:26 Step:773} Server_Comm.py: Received a new packet while thinking!
{Wed 20:54:26 Step:775} Server_Comm.py: The agent lost 1 packet! Is syncmode enabled?
{Wed 20:54:26 Step:776} Server_Comm.py: Received a new packet while thinking!
{Wed 20:54:26 Step:778} Server_Comm.py: The agent lost 1 packet! Is syncmode enabled?
{Wed 20:54:26 Step:779} Server_Comm.py: Received a new packet while thinking!
{Wed 20:54:26 Step:781} Server_Comm.py: The agent lost 1 packet! Is syncmode enabled?
{Wed 20:54:26 Step:783} Server_Comm.py: Received a new packet while thinking!
{Wed 20:54:26 Step:785} Server_Comm.py: The agent lost 1 packet! Is syncmode enabled?
{Wed 20:54:26 Step:787} Server_Comm.py: Received a new packet while thinking!
{Wed 20:54:26 Step:789} Server_Comm.py: The agent lost 1 packet! Is syncmode enabled?
{Wed 20:54:26 Step:790} Server_Comm.py: Received a new packet while thinking!
{Wed 20:54:26 Step:792} Server_Comm.py: The agent lost 1 packet! Is syncmode enabled?
{Wed 20:54:26 Step:793} Server_Comm.py: Received a new packet while thinking!
{Wed 20:54:26 Step:795} Server_Comm.py: The agent lost 1 packet! Is syncmode enabled?
{Wed 20:54:26 Step:796} Server_Comm.py: Received a new packet while thinking!
{Wed 20:54:26 Step:798} Server_Comm.py: The agent lost 1 packet! Is syncmode enabled?
{Wed 20:54:26 Step:799} Server_Comm.py: Received a new packet while thinking!
{Wed 20:54:26 Step:801} Server_Comm.py: The agent lost 1 packet! Is syncmode enabled?
{Wed 20:54:26 Step:802} Server_Comm.py: Received a new packet while thinking!
{Wed 20:54:26 Step:804} Server_Comm.py: The agent lost 1 packet! Is syncmode enabled?
{Wed 20:54:26 Step:808} Server_Comm.py: The agent lost 1 packet! Is syncmode enabled?
{Wed 20:54:26 Step:808} Server_Comm.py: Received a new packet while thinking!
{Wed 20:54:26 Step:810} Server_Comm.py: Received a new packet while thinking!
{Wed 20:54:26 Step:812} Server_Comm.py: The agent lost 1 packet! Is syncmode enabled?
{Wed 20:54:26 Step:816} Server_Comm.py: Received a new packet while thinking!
{Wed 20:54:26 Step:818} Server_Comm.py: The agent lost 1 packet! Is syncmode enabled?
{Wed 20:54:27 Step:822} Server_Comm.py: Received a new packet while thinking!
{Wed 20:54:27 Step:824} Server_Comm.py: The agent lost 1 packet! Is syncmode enabled?
{Wed 20:54:27 Step:830} Server_Comm.py: Received a new packet while thinking!
{Wed 20:54:27 Step:832} Server_Comm.py: The agent lost 1 packet! Is syncmode enabled?
{Wed 20:54:27 Step:834} Server_Comm.py: Received a new packet while thinking!
{Wed 20:54:27 Step:836} Server_Comm.py: Received a new packet while thinking!
{Wed 20:54:27 Step:838} Server_Comm.py: The agent lost 1 packet! Is syncmode enabled?
{Wed 20:54:27 Step:841} Server_Comm.py: The agent lost 1 packet! Is syncmode enabled?
{Wed 20:54:27 Step:843} Server_Comm.py: Received a new packet while thinking!
{Wed 20:54:27 Step:847} Server_Comm.py: The agent lost 1 packet! Is syncmode enabled?
{Wed 20:54:27 Step:849} Server_Comm.py: Received a new packet while thinking!
{Wed 20:54:27 Step:853} Server_Comm.py: The agent lost 1 packet! Is syncmode enabled?
{Wed 20:54:27 Step:855} Server_Comm.py: Received a new packet while thinking!
{Wed 20:54:27 Step:859} Server_Comm.py: The agent lost 1 packet! Is syncmode enabled?
{Wed 20:54:27 Step:861} Server_Comm.py: Received a new packet while thinking!
{Wed 20:54:27 Step:864} Server_Comm.py: Received a new packet while on world.update()!
{Wed 20:54:27 Step:868} Server_Comm.py: Received a new packet while thinking!
{Wed 20:54:27 Step:870} Server_Comm.py: Received a new packet while thinking!
{Wed 20:54:28 Step:874} Server_Comm.py: The agent lost 1 packet! Is syncmode enabled?
{Wed 20:54:28 Step:876} Server_Comm.py: Received a new packet while thinking!
{Wed 20:54:28 Step:877} Server_Comm.py: Received a new packet while thinking!
{Wed 20:54:28 Step:879} Server_Comm.py: The agent lost 1 packet! Is syncmode enabled?
{Wed 20:54:28 Step:879} Server_Comm.py: Received a new packet while thinking!
{Wed 20:54:28 Step:883} Server_Comm.py: The agent lost 1 packet! Is syncmode enabled?
{Wed 20:54:28 Step:885} Server_Comm.py: Received a new packet while thinking!
{Wed 20:54:28 Step:890} Server_Comm.py: Received a new packet while thinking!
{Wed 20:54:28 Step:892} Server_Comm.py: The agent lost 1 packet! Is syncmode enabled?
{Wed 20:54:31 Step:1046} Server_Comm.py: Received a new packet while thinking!
{Wed 20:54:31 Step:1048} Server_Comm.py: The agent lost 1 packet! Is syncmode enabled?
{Wed 20:54:31 Step:1051} Server_Comm.py: Received a new packet while thinking!
{Wed 20:54:31 Step:1053} Server_Comm.py: The agent lost 1 packet! Is syncmode enabled?
{Wed 20:54:31 Step:1054} Server_Comm.py: Received a new packet while thinking!
{Wed 20:54:31 Step:1056} Server_Comm.py: The agent lost 1 packet! Is syncmode enabled?
{Wed 20:54:31 Step:1058} Server_Comm.py: Received a new packet while thinking!
{Wed 20:54:31 Step:1060} Server_Comm.py: The agent lost 1 packet! Is syncmode enabled?
{Wed 20:54:31 Step:1060} Server_Comm.py: Received a new packet while thinking!
{Wed 20:54:31 Step:1062} Server_Comm.py: The agent lost 1 packet! Is syncmode enabled?
{Wed 20:54:31 Step:1063} Server_Comm.py: Received a new packet while thinking!
{Wed 20:54:31 Step:1065} Server_Comm.py: The agent lost 1 packet! Is syncmode enabled?
{Wed 20:54:31 Step:1066} Server_Comm.py: Received a new packet while thinking!
{Wed 20:54:31 Step:1068} Server_Comm.py: The agent lost 1 packet! Is syncmode enabled?
{Wed 20:54:31 Step:1068} Server_Comm.py: Received a new packet while thinking!
{Wed 20:54:31 Step:1070} Server_Comm.py: The agent lost 1 packet! Is syncmode enabled?
{Wed 20:54:32 Step:1070} Server_Comm.py: Received a new packet while thinking!
{Wed 20:54:32 Step:1072} Server_Comm.py: The agent lost 1 packet! Is syncmode enabled?
{Wed 20:54:32 Step:1072} Server_Comm.py: Received a new packet while thinking!
{Wed 20:54:32 Step:1074} Server_Comm.py: The agent lost 1 packet! Is syncmode enabled?
{Wed 20:54:32 Step:1075} Server_Comm.py: Received a new packet while thinking!
{Wed 20:54:32 Step:1077} Server_Comm.py: The agent lost 1 packet! Is syncmode enabled?
{Wed 20:54:32 Step:1077} Server_Comm.py: Received a new packet while thinking!
{Wed 20:54:32 Step:1079} Server_Comm.py: The agent lost 1 packet! Is syncmode enabled?
{Wed 20:54:32 Step:1079} Server_Comm.py: Received a new packet while thinking!
{Wed 20:54:32 Step:1081} Server_Comm.py: The agent lost 1 packet! Is syncmode enabled?
{Wed 20:54:32 Step:1082} Server_Comm.py: Received a new packet while thinking!
{Wed 20:54:32 Step:1084} Server_Comm.py: The agent lost 1 packet! Is syncmode enabled?
{Wed 20:54:32 Step:1085} Server_Comm.py: Received a new packet while thinking!
{Wed 20:54:32 Step:1087} Server_Comm.py: The agent lost 1 packet! Is syncmode enabled?
{Wed 20:54:32 Step:1087} Server_Comm.py: Received a new packet while thinking!
{Wed 20:54:32 Step:1089} Server_Comm.py: The agent lost 1 packet! Is syncmode enabled?
{Wed 20:54:32 Step:1091} Server_Comm.py: The agent lost 1 packet! Is syncmode enabled?
{Wed 20:54:32 Step:1091} Server_Comm.py: Received a new packet while thinking!
{Wed 20:54:32 Step:1092} Server_Comm.py: Received a new packet while thinking!
{Wed 20:54:32 Step:1094} Server_Comm.py: The agent lost 1 packet! Is syncmode enabled?
{Wed 20:54:32 Step:1097} Server_Comm.py: Received a new packet while thinking!
{Wed 20:54:32 Step:1099} Server_Comm.py: The agent lost 1 packet! Is syncmode enabled?
{Wed 20:54:32 Step:1100} Server_Comm.py: Received a new packet while thinking!
{Wed 20:54:32 Step:1102} Server_Comm.py: The agent lost 1 packet! Is syncmode enabled?
{Wed 20:54:32 Step:1105} Server_Comm.py: Received a new packet while thinking!
{Wed 20:54:32 Step:1107} Server_Comm.py: The agent lost 1 packet! Is syncmode enabled?
{Wed 20:54:32 Step:1108} Server_Comm.py: Received a new packet while thinking!
{Wed 20:54:32 Step:1110} Server_Comm.py: The agent lost 1 packet! Is syncmode enabled?
{Wed 20:54:32 Step:1116} Server_Comm.py: Received a new packet while thinking!
{Wed 20:54:32 Step:1118} Server_Comm.py: The agent lost 1 packet! Is syncmode enabled?
{Wed 20:54:33 Step:1123} Server_Comm.py: Received a new packet while thinking!
{Wed 20:54:33 Step:1125} Server_Comm.py: The agent lost 1 packet! Is syncmode enabled?
{Wed 20:54:33 Step:1147} Server_Comm.py: Received a new packet while thinking!
{Wed 20:54:33 Step:1149} Server_Comm.py: Received a new packet while thinking!
{Wed 20:54:33 Step:1152} Server_Comm.py: Received a new packet while thinking!
{Wed 20:54:33 Step:1156} Server_Comm.py: The agent lost 1 packet! Is syncmode enabled?
{Wed 20:54:33 Step:1158} Server_Comm.py: Received a new packet while thinking!
{Wed 20:54:33 Step:1162} Server_Comm.py: The agent lost 1 packet! Is syncmode enabled?
{Wed 20:54:33 Step:1167} Server_Comm.py: Received a new packet while thinking!
{Wed 20:54:33 Step:1170} Server_Comm.py: Received a new packet while thinking!
{Wed 20:54:34 Step:1173} Server_Comm.py: Received a new packet while thinking!
{Wed 20:54:34 Step:1176} Server_Comm.py: Received a new packet while thinking!
{Wed 20:54:34 Step:1179} Server_Comm.py: The agent lost 1 packet! Is syncmode enabled?
{Wed 20:54:34 Step:1179} Server_Comm.py: Received a new packet while thinking!
{Wed 20:54:34 Step:1180} Server_Comm.py: Received a new packet while thinking!
{Wed 20:54:34 Step:1182} Server_Comm.py: Received a new packet while thinking!
{Wed 20:54:34 Step:1186} Server_Comm.py: The agent lost 1 packet! Is syncmode enabled?
{Wed 20:54:34 Step:1188} Server_Comm.py: Received a new packet while thinking!
{Wed 20:54:34 Step:1190} Server_Comm.py: Received a new packet while thinking!
{Wed 20:54:34 Step:1192} Server_Comm.py: The agent lost 1 packet! Is syncmode enabled?
{Wed 20:54:34 Step:1194} Server_Comm.py: Received a new packet while thinking!
{Wed 20:54:34 Step:1196} Server_Comm.py: Received a new packet while thinking!
{Wed 20:54:34 Step:1198} Server_Comm.py: The agent lost 1 packet! Is syncmode enabled?
{Wed 20:54:34 Step:1201} Server_Comm.py: The agent lost 1 packet! Is syncmode enabled?
{Wed 20:54:34 Step:1203} Server_Comm.py: Received a new packet while thinking!
{Wed 20:54:34 Step:1207} Server_Comm.py: The agent lost 1 packet! Is syncmode enabled?
{Wed 20:54:34 Step:1209} Server_Comm.py: Received a new packet while thinking!
{Wed 20:54:34 Step:1212} Server_Comm.py: Received a new packet while thinking!
{Wed 20:54:34 Step:1216} Server_Comm.py: The agent lost 1 packet! Is syncmode enabled?
{Wed 20:54:34 Step:1218} Server_Comm.py: Received a new packet while thinking!
{Wed 20:54:38 Step:1406} Server_Comm.py: The agent lost 1 packet! Is syncmode enabled?
{Wed 20:54:38 Step:1406} Server_Comm.py: Received a new packet while thinking!
{Wed 20:54:38 Step:1412} Server_Comm.py: Received a new packet while thinking!
{Wed 20:54:38 Step:1414} Server_Comm.py: The agent lost 1 packet! Is syncmode enabled?
{Wed 20:54:38 Step:1417} Server_Comm.py: Received a new packet while thinking!
{Wed 20:54:38 Step:1419} Server_Comm.py: The agent lost 1 packet! Is syncmode enabled?
{Wed 20:54:39 Step:1423} Server_Comm.py: Received a new packet while thinking!
{Wed 20:54:39 Step:1425} Server_Comm.py: The agent lost 1 packet! Is syncmode enabled?
{Wed 20:54:39 Step:1429} Server_Comm.py: Received a new packet while thinking!
{Wed 20:54:39 Step:1431} Server_Comm.py: The agent lost 1 packet! Is syncmode enabled?
{Wed 20:54:39 Step:1435} Server_Comm.py: Received a new packet while thinking!
{Wed 20:54:39 Step:1437} Server_Comm.py: The agent lost 1 packet! Is syncmode enabled?
{Wed 20:54:39 Step:1444} Server_Comm.py: The agent lost 1 packet! Is syncmode enabled?
{Wed 20:54:39 Step:1449} Server_Comm.py: Received a new packet while thinking!
{Wed 20:54:39 Step:1452} Server_Comm.py: Received a new packet while thinking!
{Wed 20:54:39 Step:1455} Server_Comm.py: Received a new packet while on world.update()!
{Wed 20:54:39 Step:1459} Server_Comm.py: Received a new packet while thinking!
{Wed 20:54:39 Step:1461} Server_Comm.py: Received a new packet while thinking!
{Wed 20:54:39 Step:1463} Server_Comm.py: Received a new packet while thinking!
{Wed 20:54:39 Step:1465} Server_Comm.py: The agent lost 1 packet! Is syncmode enabled?
{Wed 20:54:39 Step:1468} Server_Comm.py: The agent lost 1 packet! Is syncmode enabled?
{Wed 20:54:40 Step:1470} Server_Comm.py: Received a new packet while thinking!
{Wed 20:54:40 Step:1473} Server_Comm.py: The agent lost 1 packet! Is syncmode enabled?
{Wed 20:54:40 Step:1473} Server_Comm.py: Received a new packet while thinking!
{Wed 20:54:40 Step:1476} Server_Comm.py: Received a new packet while thinking!
{Wed 20:54:40 Step:1480} Server_Comm.py: The agent lost 1 packet! Is syncmode enabled?
{Wed 20:54:40 Step:1482} Server_Comm.py: Received a new packet while thinking!
{Wed 20:54:40 Step:1486} Server_Comm.py: The agent lost 1 packet! Is syncmode enabled?
{Wed 20:54:40 Step:1498} Server_Comm.py: Received a new packet while thinking!
{Wed 20:54:40 Step:1500} Server_Comm.py: Received a new packet while thinking!
{Wed 20:54:40 Step:1503} Server_Comm.py: Received a new packet while thinking!
{Wed 20:54:40 Step:1505} Server_Comm.py: Received a new packet while thinking!
{Wed 20:54:40 Step:1507} Server_Comm.py: The agent lost 1 packet! Is syncmode enabled?
{Wed 20:54:40 Step:1509} Server_Comm.py: Received a new packet while thinking!
{Wed 20:54:40 Step:1513} Server_Comm.py: The agent lost 1 packet! Is syncmode enabled?
{Wed 20:54:40 Step:1515} Server_Comm.py: Received a new packet while thinking!
{Wed 20:54:40 Step:1519} Server_Comm.py: The agent lost 1 packet! Is syncmode enabled?
{Wed 20:54:41 Step:1521} Server_Comm.py: Received a new packet while thinking!
{Wed 20:54:41 Step:1524} Server_Comm.py: Received a new packet while thinking!
{Wed 20:54:41 Step:1528} Server_Comm.py: Received a new packet while thinking!
{Wed 20:54:41 Step:1530} Server_Comm.py: The agent lost 1 packet! Is syncmode enabled?
{Wed 20:54:41 Step:1536} Server_Comm.py: Received a new packet while thinking!
{Wed 20:54:41 Step:1538} Server_Comm.py: The agent lost 1 packet! Is syncmode enabled?
{Wed 20:54:41 Step:1542} Server_Comm.py: Received a new packet while thinking!
{Wed 20:54:41 Step:1544} Server_Comm.py: The agent lost 1 packet! Is syncmode enabled?
{Wed 20:54:42 Step:1590} Server_Comm.py: Received a new packet while thinking!
{Wed 20:54:42 Step:1592} Server_Comm.py: The agent lost 1 packet! Is syncmode enabled?
{Wed 20:54:42 Step:1598} Server_Comm.py: The agent lost 1 packet! Is syncmode enabled?
{Wed 20:54:42 Step:1598} Server_Comm.py: Received a new packet while thinking!
{Wed 20:54:42 Step:1602} Server_Comm.py: Received a new packet while thinking!
{Wed 20:54:42 Step:1604} Server_Comm.py: The agent lost 1 packet! Is syncmode enabled?
{Wed 20:54:42 Step:1607} Server_Comm.py: Received a new packet while thinking!
{Wed 20:54:42 Step:1609} Server_Comm.py: The agent lost 1 packet! Is syncmode enabled?
{Wed 20:54:42 Step:1614} Server_Comm.py: The agent lost 1 packet! Is syncmode enabled?
{Wed 20:54:42 Step:1616} Server_Comm.py: Received a new packet while thinking!
{Wed 20:54:42 Step:1618} Server_Comm.py: The agent lost 1 packet! Is syncmode enabled?
{Wed 20:54:43 Step:1620} Server_Comm.py: Received a new packet while thinking!
{Wed 20:54:43 Step:1622} Server_Comm.py: The agent lost 1 packet! Is syncmode enabled?
{Wed 20:54:43 Step:1624} Server_Comm.py: Received a new packet while thinking!
{Wed 20:54:43 Step:1626} Server_Comm.py: The agent lost 1 packet! Is syncmode enabled?
{Wed 20:54:43 Step:1627} Server_Comm.py: Received a new packet while thinking!
{Wed 20:54:43 Step:1629} Server_Comm.py: The agent lost 1 packet! Is syncmode enabled?
{Wed 20:54:43 Step:1630} Server_Comm.py: Received a new packet while thinking!
{Wed 20:54:43 Step:1632} Server_Comm.py: The agent lost 1 packet! Is syncmode enabled?
{Wed 20:54:43 Step:1633} Server_Comm.py: Received a new packet while thinking!
{Wed 20:54:43 Step:1635} Server_Comm.py: The agent lost 1 packet! Is syncmode enabled?
{Wed 20:54:43 Step:1636} Server_Comm.py: Received a new packet while thinking!
{Wed 20:54:43 Step:1638} Server_Comm.py: The agent lost 1 packet! Is syncmode enabled?
{Wed 20:54:43 Step:1641} Server_Comm.py: The agent lost 1 packet! Is syncmode enabled?
{Wed 20:54:43 Step:1643} Server_Comm.py: The agent lost 1 packet! Is syncmode enabled?
{Wed 20:54:43 Step:1646} Server_Comm.py: The agent lost 1 packet! Is syncmode enabled?
{Wed 20:54:43 Step:1650} Server_Comm.py: The agent lost 1 packet! Is syncmode enabled?
{Wed 20:54:43 Step:1654} Server_Comm.py: The agent lost 1 packet! Is syncmode enabled?
{Wed 20:54:43 Step:1658} Server_Comm.py: The agent lost 1 packet! Is syncmode enabled?
{Wed 20:54:43 Step:1663} Server_Comm.py: Received a new packet while thinking!
{Wed 20:54:43 Step:1665} Server_Comm.py: The agent lost 1 packet! Is syncmode enabled?
{Wed 20:54:44 Step:1668} Server_Comm.py: Received a new packet while thinking!
{Wed 20:54:44 Step:1670} Server_Comm.py: The agent lost 1 packet! Is syncmode enabled?
{Wed 20:54:44 Step:1681} Server_Comm.py: Received a new packet while thinking!
{Wed 20:54:44 Step:1683} Server_Comm.py: The agent lost 1 packet! Is syncmode enabled?
{Wed 20:54:44 Step:1713} Server_Comm.py: Received a new packet while thinking!
{Wed 20:54:44 Step:1716} Server_Comm.py: Received a new packet while thinking!
{Wed 20:54:45 Step:1718} Server_Comm.py: Received a new packet while thinking!
{Wed 20:54:45 Step:1720} Server_Comm.py: The agent lost 1 packet! Is syncmode enabled?
{Wed 20:54:45 Step:1723} Server_Comm.py: The agent lost 1 packet! Is syncmode enabled?
{Wed 20:54:45 Step:1725} Server_Comm.py: Received a new packet while thinking!
{Wed 20:54:45 Step:1728} Server_Comm.py: Received a new packet while thinking!
{Wed 20:54:45 Step:1732} Server_Comm.py: The agent lost 1 packet! Is syncmode enabled?
{Wed 20:54:45 Step:1734} Server_Comm.py: Received a new packet while thinking!
{Wed 20:54:45 Step:1736} Server_Comm.py: Received a new packet while thinking!
{Wed 20:54:45 Step:1738} Server_Comm.py: The agent lost 1 packet! Is syncmode enabled?
{Wed 20:54:45 Step:1739} Server_Comm.py: Received a new packet while thinking!
{Wed 20:54:45 Step:1741} Server_Comm.py: The agent lost 1 packet! Is syncmode enabled?
{Wed 20:54:45 Step:1742} Server_Comm.py: Received a new packet while thinking!
{Wed 20:54:45 Step:1744} Server_Comm.py: The agent lost 1 packet! Is syncmode enabled?
{Wed 20:54:45 Step:1744} Server_Comm.py: Received a new packet while thinking!
{Wed 20:54:45 Step:1746} Server_Comm.py: The agent lost 1 packet! Is syncmode enabled?
{Wed 20:54:45 Step:1746} Server_Comm.py: Received a new packet while thinking!
{Wed 20:54:45 Step:1748} Server_Comm.py: The agent lost 1 packet! Is syncmode enabled?
{Wed 20:54:45 Step:1748} Server_Comm.py: Received a new packet while thinking!
{Wed 20:54:45 Step:1750} Server_Comm.py: The agent lost 1 packet! Is syncmode enabled?
{Wed 20:54:45 Step:1750} Server_Comm.py: Received a new packet while thinking!
{Wed 20:54:45 Step:1751} Server_Comm.py: Received a new packet while thinking!
{Wed 20:54:45 Step:1753} Server_Comm.py: The agent lost 1 packet! Is syncmode enabled?
{Wed 20:54:45 Step:1753} Server_Comm.py: Received a new packet while thinking!
{Wed 20:54:45 Step:1755} Server_Comm.py: The agent lost 1 packet! Is syncmode enabled?
{Wed 20:54:45 Step:1755} Server_Comm.py: Received a new packet while thinking!
{Wed 20:54:45 Step:1757} Server_Comm.py: The agent lost 1 packet! Is syncmode enabled?
{Wed 20:54:45 Step:1757} Server_Comm.py: Received a new packet while thinking!
{Wed 20:54:45 Step:1758} Server_Comm.py: Received a new packet while thinking!
{Wed 20:54:45 Step:1760} Server_Comm.py: The agent lost 1 packet! Is syncmode enabled?
{Wed 20:54:45 Step:1760} Server_Comm.py: Received a new packet while thinking!
{Wed 20:54:45 Step:1762} Server_Comm.py: The agent lost 1 packet! Is syncmode enabled?
{Wed 20:54:45 Step:1762} Server_Comm.py: Received a new packet while thinking!
{Wed 20:54:45 Step:1763} Server_Comm.py: Received a new packet while thinking!
{Wed 20:54:45 Step:1765} Server_Comm.py: The agent lost 1 packet! Is syncmode enabled?
{Wed 20:54:45 Step:1765} Server_Comm.py: Received a new packet while thinking!
{Wed 20:54:45 Step:1767} Server_Comm.py: The agent lost 1 packet! Is syncmode enabled?
{Wed 20:54:45 Step:1767} Server_Comm.py: Received a new packet while thinking!
{Wed 20:54:46 Step:1768} Server_Comm.py: Received a new packet while thinking!
{Wed 20:54:46 Step:1770} Server_Comm.py: The agent lost 1 packet! Is syncmode enabled?
{Wed 20:54:46 Step:1770} Server_Comm.py: Received a new packet while thinking!
{Wed 20:54:46 Step:1771} Server_Comm.py: Received a new packet while thinking!
{Wed 20:54:46 Step:1773} Server_Comm.py: The agent lost 1 packet! Is syncmode enabled?
{Wed 20:54:46 Step:1776} Server_Comm.py: Received a new packet while thinking!
{Wed 20:54:46 Step:1779} Server_Comm.py: Received a new packet while thinking!
{Wed 20:54:46 Step:1782} Server_Comm.py: Received a new packet while thinking!
{Wed 20:54:46 Step:1785} Server_Comm.py: Received a new packet while thinking!
{Wed 20:54:46 Step:1788} Server_Comm.py: Received a new packet while thinking!
{Wed 20:54:46 Step:1791} Server_Comm.py: Received a new packet while thinking!
{Wed 20:54:46 Step:1794} Server_Comm.py: Received a new packet while thinking!
{Wed 20:54:46 Step:1797} Server_Comm.py: Received a new packet while thinking!
{Wed 20:54:46 Step:1800} Server_Comm.py: Received a new packet while thinking!
{Wed 20:54:46 Step:1803} Server_Comm.py: Received a new packet while thinking!
{Wed 20:54:48 Step:1887} Server_Comm.py: The agent lost 1 packet! Is syncmode enabled?
{Wed 20:54:48 Step:1894} Server_Comm.py: The agent lost 1 packet! Is syncmode enabled?
{Wed 20:54:48 Step:1899} Server_Comm.py: Received a new packet while thinking!
{Wed 20:54:48 Step:1901} Server_Comm.py: The agent lost 1 packet! Is syncmode enabled?
{Wed 20:54:48 Step:1904} Server_Comm.py: Received a new packet while thinking!
{Wed 20:54:48 Step:1906} Server_Comm.py: The agent lost 1 packet! Is syncmode enabled?
{Wed 20:54:48 Step:1909} Server_Comm.py: Received a new packet while thinking!
{Wed 20:54:48 Step:1911} Server_Comm.py: The agent lost 1 packet! Is syncmode enabled?
{Wed 20:54:48 Step:1914} Server_Comm.py: Received a new packet while thinking!
{Wed 20:54:48 Step:1916} Server_Comm.py: The agent lost 1 packet! Is syncmode enabled?
{Wed 20:54:49 Step:1918} Server_Comm.py: Received a new packet while thinking!
{Wed 20:54:49 Step:1920} Server_Comm.py: The agent lost 1 packet! Is syncmode enabled?
{Wed 20:54:49 Step:1921} Server_Comm.py: Received a new packet while thinking!
{Wed 20:54:49 Step:1923} Server_Comm.py: The agent lost 1 packet! Is syncmode enabled?
{Wed 20:54:49 Step:1926} Server_Comm.py: Received a new packet while thinking!
{Wed 20:54:49 Step:1928} Server_Comm.py: The agent lost 1 packet! Is syncmode enabled?
{Wed 20:54:49 Step:1930} Server_Comm.py: Received a new packet while thinking!
{Wed 20:54:49 Step:1932} Server_Comm.py: The agent lost 1 packet! Is syncmode enabled?
{Wed 20:54:49 Step:1935} Server_Comm.py: Received a new packet while thinking!
{Wed 20:54:49 Step:1937} Server_Comm.py: The agent lost 1 packet! Is syncmode enabled?
{Wed 20:54:49 Step:1940} Server_Comm.py: The agent lost 1 packet! Is syncmode enabled?
{Wed 20:54:49 Step:1940} Server_Comm.py: Received a new packet while thinking!
{Wed 20:54:49 Step:1945} Server_Comm.py: Received a new packet while thinking!
{Wed 20:54:49 Step:1947} Server_Comm.py: The agent lost 1 packet! Is syncmode enabled?
{Wed 20:54:50 Step:1991} Server_Comm.py: Received a new packet while thinking!
{Wed 20:54:50 Step:1993} Server_Comm.py: The agent lost 1 packet! Is syncmode enabled?
{Wed 20:54:50 Step:2014} Server_Comm.py: Received a new packet while thinking!
{Wed 20:54:50 Step:2016} Server_Comm.py: The agent lost 1 packet! Is syncmode enabled?
{Wed 20:54:51 Step:2038} Server_Comm.py: The agent lost 1 packet! Is syncmode enabled?
{Wed 20:54:51 Step:2046} Server_Comm.py: The agent lost 1 packet! Is syncmode enabled?
{Wed 20:54:51 Step:2048} Server_Comm.py: Received a new packet while thinking!
{Wed 20:54:51 Step:2050} Server_Comm.py: The agent lost 1 packet! Is syncmode enabled?
{Wed 20:54:51 Step:2051} Server_Comm.py: Received a new packet while thinking!
{Wed 20:54:51 Step:2053} Server_Comm.py: The agent lost 1 packet! Is syncmode enabled?
{Wed 20:54:51 Step:2054} Server_Comm.py: Received a new packet while thinking!
{Wed 20:54:51 Step:2056} Server_Comm.py: The agent lost 1 packet! Is syncmode enabled?
{Wed 20:54:51 Step:2057} Server_Comm.py: Received a new packet while thinking!
{Wed 20:54:51 Step:2059} Server_Comm.py: The agent lost 1 packet! Is syncmode enabled?
{Wed 20:54:51 Step:2060} Server_Comm.py: Received a new packet while thinking!
{Wed 20:54:51 Step:2062} Server_Comm.py: The agent lost 1 packet! Is syncmode enabled?
{Wed 20:54:51 Step:2063} Server_Comm.py: Received a new packet while thinking!
{Wed 20:54:51 Step:2065} Server_Comm.py: The agent lost 1 packet! Is syncmode enabled?
{Wed 20:54:51 Step:2065} Server_Comm.py: Received a new packet while thinking!
{Wed 20:54:52 Step:2067} Server_Comm.py: The agent lost 1 packet! Is syncmode enabled?
{Wed 20:54:52 Step:2067} Server_Comm.py: Received a new packet while thinking!
{Wed 20:54:52 Step:2069} Server_Comm.py: The agent lost 1 packet! Is syncmode enabled?
{Wed 20:54:52 Step:2069} Server_Comm.py: Received a new packet while thinking!
{Wed 20:54:52 Step:2071} Server_Comm.py: The agent lost 1 packet! Is syncmode enabled?
{Wed 20:54:52 Step:2071} Server_Comm.py: Received a new packet while thinking!
{Wed 20:54:52 Step:2074} Server_Comm.py: The agent lost 2 consecutive packets! Is syncmode disabled?
{Wed 20:54:52 Step:2074} Server_Comm.py: Received a new packet while thinking!
{Wed 20:54:52 Step:2076} Server_Comm.py: The agent lost 1 packet! Is syncmode enabled?
{Wed 20:54:52 Step:2079} Server_Comm.py: The agent lost 1 packet! Is syncmode enabled?
{Wed 20:54:52 Step:2082} Server_Comm.py: The agent lost 1 packet! Is syncmode enabled?
{Wed 20:54:52 Step:2084} Server_Comm.py: The agent lost 1 packet! Is syncmode enabled?
{Wed 20:54:52 Step:2084} Server_Comm.py: Received a new packet while thinking!
{Wed 20:54:52 Step:2086} Server_Comm.py: The agent lost 1 packet! Is syncmode enabled?
{Wed 20:54:52 Step:2087} Server_Comm.py: Received a new packet while thinking!
{Wed 20:54:52 Step:2089} Server_Comm.py: The agent lost 1 packet! Is syncmode enabled?
{Wed 20:54:52 Step:2091} Server_Comm.py: Received a new packet while thinking!
{Wed 20:54:52 Step:2093} Server_Comm.py: The agent lost 1 packet! Is syncmode enabled?
{Wed 20:54:52 Step:2094} Server_Comm.py: Received a new packet while thinking!
{Wed 20:54:52 Step:2096} Server_Comm.py: The agent lost 1 packet! Is syncmode enabled?
{Wed 20:54:52 Step:2097} Server_Comm.py: Received a new packet while thinking!
{Wed 20:54:52 Step:2099} Server_Comm.py: The agent lost 1 packet! Is syncmode enabled?
{Wed 20:54:52 Step:2100} Server_Comm.py: Received a new packet while thinking!
{Wed 20:54:52 Step:2102} Server_Comm.py: The agent lost 1 packet! Is syncmode enabled?
{Wed 20:54:52 Step:2104} Server_Comm.py: Received a new packet while thinking!
{Wed 20:54:52 Step:2106} Server_Comm.py: The agent lost 1 packet! Is syncmode enabled?
{Wed 20:54:52 Step:2110} Server_Comm.py: Received a new packet while thinking!
{Wed 20:54:52 Step:2112} Server_Comm.py: The agent lost 1 packet! Is syncmode enabled?
{Wed 20:54:53 Step:2158} Server_Comm.py: Received a new packet while thinking!
{Wed 20:54:53 Step:2160} Server_Comm.py: The agent lost 1 packet! Is syncmode enabled?
{Wed 20:54:54 Step:2172} Server_Comm.py: The agent lost 1 packet! Is syncmode enabled?
{Wed 20:54:54 Step:2172} Server_Comm.py: Received a new packet while thinking!
{Wed 20:54:54 Step:2175} Server_Comm.py: Received a new packet while thinking!
{Wed 20:54:54 Step:2178} Server_Comm.py: Received a new packet while thinking!
{Wed 20:54:54 Step:2179} Server_Comm.py: Received a new packet while thinking!
{Wed 20:54:54 Step:2181} Server_Comm.py: The agent lost 1 packet! Is syncmode enabled?
{Wed 20:54:54 Step:2181} Server_Comm.py: Received a new packet while thinking!
{Wed 20:54:54 Step:2183} Server_Comm.py: The agent lost 1 packet! Is syncmode enabled?
{Wed 20:54:54 Step:2183} Server_Comm.py: Received a new packet while thinking!
{Wed 20:54:54 Step:2184} Server_Comm.py: Received a new packet while thinking!
{Wed 20:54:54 Step:2186} Server_Comm.py: The agent lost 1 packet! Is syncmode enabled?
{Wed 20:54:54 Step:2186} Server_Comm.py: Received a new packet while thinking!
{Wed 20:54:54 Step:2187} Server_Comm.py: Received a new packet while thinking!
{Wed 20:54:54 Step:2189} Server_Comm.py: The agent lost 1 packet! Is syncmode enabled?
{Wed 20:54:54 Step:2189} Server_Comm.py: Received a new packet while thinking!
{Wed 20:54:54 Step:2191} Server_Comm.py: The agent lost 1 packet! Is syncmode enabled?
{Wed 20:54:54 Step:2191} Server_Comm.py: Received a new packet while thinking!
{Wed 20:54:54 Step:2193} Server_Comm.py: The agent lost 1 packet! Is syncmode enabled?
{Wed 20:54:54 Step:2193} Server_Comm.py: Received a new packet while thinking!
{Wed 20:54:54 Step:2195} Server_Comm.py: The agent lost 1 packet! Is syncmode enabled?
{Wed 20:54:54 Step:2195} Server_Comm.py: Received a new packet while thinking!
{Wed 20:54:54 Step:2196} Server_Comm.py: Received a new packet while thinking!
{Wed 20:54:54 Step:2198} Server_Comm.py: The agent lost 1 packet! Is syncmode enabled?
{Wed 20:54:54 Step:2198} Server_Comm.py: Received a new packet while thinking!
{Wed 20:54:54 Step:2200} Server_Comm.py: The agent lost 1 packet! Is syncmode enabled?
{Wed 20:54:54 Step:2200} Server_Comm.py: Received a new packet while thinking!
{Wed 20:54:54 Step:2202} Server_Comm.py: The agent lost 1 packet! Is syncmode enabled?
{Wed 20:54:54 Step:2202} Server_Comm.py: Received a new packet while thinking!
{Wed 20:54:54 Step:2204} Server_Comm.py: The agent lost 1 packet! Is syncmode enabled?
{Wed 20:54:54 Step:2204} Server_Comm.py: Received a new packet while thinking!
{Wed 20:54:54 Step:2205} Server_Comm.py: Received a new packet while thinking!
{Wed 20:54:54 Step:2206} Server_Comm.py: Received a new packet while thinking!
{Wed 20:54:54 Step:2208} Server_Comm.py: The agent lost 1 packet! Is syncmode enabled?
{Wed 20:54:54 Step:2208} Server_Comm.py: Received a new packet while thinking!
{Wed 20:54:54 Step:2209} Server_Comm.py: Received a new packet while thinking!
{Wed 20:54:54 Step:2211} Server_Comm.py: The agent lost 1 packet! Is syncmode enabled?
{Wed 20:54:54 Step:2211} Server_Comm.py: Received a new packet while thinking!
{Wed 20:54:54 Step:2212} Server_Comm.py: Received a new packet while thinking!
{Wed 20:54:54 Step:2214} Server_Comm.py: The agent lost 1 packet! Is syncmode enabled?
{Wed 20:54:55 Step:2220} Server_Comm.py: The agent lost 1 packet! Is syncmode enabled?
{Wed 20:54:55 Step:2226} Server_Comm.py: The agent lost 1 packet! Is syncmode enabled?
