{Wed 20:54:12 Step:88} Server_Comm.py: Received a new packet while thinking!
{Wed 20:54:12 Step:91} Server_Comm.py: The agent lost 1 packet! Is syncmode enabled?
{Wed 20:54:12 Step:92} Server_Comm.py: Received a new packet while thinking!
{Wed 20:54:12 Step:94} Server_Comm.py: The agent lost 1 packet! Is syncmode enabled?
{Wed 20:54:12 Step:97} Server_Comm.py: The agent lost 2 consecutive packets! Is syncmode disabled?
{Wed 20:54:12 Step:98} Server_Comm.py: Received a new packet while thinking!
{Wed 20:54:12 Step:100} Server_Comm.py: The agent lost 1 packet! Is syncmode enabled?
{Wed 20:54:12 Step:100} Server_Comm.py: Received a new packet while thinking!
{Wed 20:54:12 Step:103} Server_Comm.py: The agent lost 2 consecutive packets! Is syncmode disabled?
{Wed 20:54:12 Step:104} Server_Comm.py: Received a new packet while thinking!
{Wed 20:54:12 Step:106} Server_Comm.py: The agent lost 1 packet! Is syncmode enabled?
{Wed 20:54:12 Step:106} Server_Comm.py: Received a new packet while thinking!
{Wed 20:54:12 Step:109} Server_Comm.py: The agent lost 2 consecutive packets! Is syncmode disabled?
{Wed 20:54:12 Step:109} Server_Comm.py: Received a new packet while thinking!
{Wed 20:54:12 Step:112} Server_Comm.py: The agent lost 2 consecutive packets! Is syncmode disabled?
{Wed 20:54:12 Step:113} Server_Comm.py: Received a new packet while thinking!
{Wed 20:54:12 Step:117} Server_Comm.py: The agent lost 3 consecutive packets! Is syncmode disabled?
{Wed 20:54:12 Step:117} Server_Comm.py: Received a new packet while thinking!
{Wed 20:54:12 Step:118} Server_Comm.py: Received a new packet while thinking!
{Wed 20:54:12 Step:121} Server_Comm.py: The agent lost 2 consecutive packets! Is syncmode disabled?
{Wed 20:54:12 Step:122} Server_Comm.py: Received a new packet while thinking!
{Wed 20:54:13 Step:124} Server_Comm.py: The agent lost 1 packet! Is syncmode enabled?
{Wed 20:54:13 Step:124} Server_Comm.py: Received a new packet while thinking!
{Wed 20:54:13 Step:127} Server_Comm.py: The agent lost 2 consecutive packets! Is syncmode disabled?
{Wed 20:54:13 Step:128} Server_Comm.py: Received a new packet while thinking!
{Wed 20:54:13 Step:130} Server_Comm.py: The agent lost 1 packet! Is syncmode enabled?
{Wed 20:54:13 Step:131} Server_Comm.py: Received a new packet while thinking!
{Wed 20:54:13 Step:133} Server_Comm.py: The agent lost 1 packet! Is syncmode enabled?
{Wed 20:54:13 Step:133} Server_Comm.py: Received a new packet while thinking!
{Wed 20:54:13 Step:136} Server_Comm.py: The agent lost 2 consecutive packets! Is syncmode disabled?
{Wed 20:54:13 Step:137} Server_Comm.py: Received a new packet while thinking!
{Wed 20:54:13 Step:139} Server_Comm.py: The agent lost 1 packet! Is syncmode enabled?
{Wed 20:54:13 Step:140} Server_Comm.py: Received a new packet while thinking!
{Wed 20:54:13 Step:142} Server_Comm.py: The agent lost 1 packet! Is syncmode enabled?
{Wed 20:54:13 Step:142} Server_Comm.py: Received a new packet while thinking!
{Wed 20:54:13 Step:144} Server_Comm.py: The agent lost 1 packet! Is syncmode enabled?
{Wed 20:54:13 Step:144} Server_Comm.py: Received a new packet while thinking!
{Wed 20:54:13 Step:147} Server_Comm.py: The agent lost 2 consecutive packets! Is syncmode disabled?
{Wed 20:54:13 Step:147} Server_Comm.py: Received a new packet while thinking!
{Wed 20:54:13 Step:149} Server_Comm.py: Received a new packet while thinking!
{Wed 20:54:13 Step:151} Server_Comm.py: The agent lost 1 packet! Is syncmode enabled?
{Wed 20:54:13 Step:151} Server_Comm.py: Received a new packet while thinking!
{Wed 20:54:13 Step:153} Server_Comm.py: The agent lost 1 packet! Is syncmode enabled?
{Wed 20:54:13 Step:153} Server_Comm.py: Received a new packet while thinking!
{Wed 20:54:13 Step:154} Server_Comm.py: Received a new packet while thinking!
{Wed 20:54:13 Step:157} Server_Comm.py: The agent lost 2 consecutive packets! Is syncmode disabled?
{Wed 20:54:13 Step:158} Server_Comm.py: Received a new packet while thinking!
{Wed 20:54:13 Step:160} Server_Comm.py: The agent lost 1 packet! Is syncmode enabled?
{Wed 20:54:13 Step:161} Server_Comm.py: Received a new packet while thinking!
{Wed 20:54:13 Step:163} Server_Comm.py: The agent lost 1 packet! Is syncmode enabled?
{Wed 20:54:13 Step:164} Server_Comm.py: Received a new packet while thinking!
{Wed 20:54:13 Step:166} Server_Comm.py: The agent lost 1 packet! Is syncmode enabled?
{Wed 20:54:13 Step:166} Server_Comm.py: Received a new packet while thinking!
{Wed 20:54:13 Step:168} Server_Comm.py: The agent lost 1 packet! Is syncmode enabled?
{Wed 20:54:13 Step:168} Server_Comm.py: Received a new packet while thinking!
{Wed 20:54:13 Step:169} Server_Comm.py: Received a new packet while thinking!
{Wed 20:54:13 Step:171} Server_Comm.py: The agent lost 1 packet! Is syncmode enabled?
{Wed 20:54:13 Step:171} Server_Comm.py: Received a new packet while thinking!
{Wed 20:54:13 Step:172} Server_Comm.py: Received a new packet while thinking!
{Wed 20:54:14 Step:174} Server_Comm.py: The agent lost 1 packet! Is syncmode enabled?
{Wed 20:54:14 Step:174} Server_Comm.py: Received a new packet while thinking!
{Wed 20:54:14 Step:175} Server_Comm.py: Received a new packet while thinking!
{Wed 20:54:14 Step:178} Server_Comm.py: The agent lost 2 consecutive packets! Is syncmode disabled?
{Wed 20:54:14 Step:178} Server_Comm.py: Received a new packet while thinking!
{Wed 20:54:14 Step:181} Server_Comm.py: The agent lost 2 consecutive packets! Is syncmode disabled?
{Wed 20:54:14 Step:182} Server_Comm.py: Received a new packet while thinking!
{Wed 20:54:14 Step:184} Server_Comm.py: The agent lost 1 packet! Is syncmode enabled?
{Wed 20:54:14 Step:184} Server_Comm.py: Received a new packet while thinking!
{Wed 20:54:14 Step:187} Server_Comm.py: The agent lost 2 consecutive packets! Is syncmode disabled?
{Wed 20:54:14 Step:188} Server_Comm.py: Received a new packet while thinking!
{Wed 20:54:14 Step:192} Server_Comm.py: The agent lost 3 consecutive packets! Is syncmode disabled?
{Wed 20:54:14 Step:192} Server_Comm.py: Received a new packet while thinking!
{Wed 20:54:14 Step:193} Server_Comm.py: Received a new packet while thinking!
{Wed 20:54:14 Step:195} Server_Comm.py: The agent lost 1 packet! Is syncmode enabled?
{Wed 20:54:14 Step:195} Server_Comm.py: Received a new packet while thinking!
{Wed 20:54:14 Step:198} Server_Comm.py: The agent lost 2 consecutive packets! Is syncmode disabled?
{Wed 20:54:14 Step:198} Server_Comm.py: Received a new packet while thinking!
{Wed 20:54:14 Step:199} Server_Comm.py: Received a new packet while thinking!
{Wed 20:54:14 Step:202} Server_Comm.py: The agent lost 2 consecutive packets! Is syncmode disabled?
{Wed 20:54:14 Step:203} Server_Comm.py: Received a new packet while thinking!
{Wed 20:54:14 Step:207} Server_Comm.py: The agent lost 3 consecutive packets! Is syncmode disabled?
{Wed 20:54:14 Step:207} Server_Comm.py: Received a new packet while thinking!
{Wed 20:54:14 Step:208} Server_Comm.py: Received a new packet while thinking!
{Wed 20:54:14 Step:210} Server_Comm.py: The agent lost 1 packet! Is syncmode enabled?
{Wed 20:54:14 Step:210} Server_Comm.py: Received a new packet while thinking!
{Wed 20:54:14 Step:213} Server_Comm.py: The agent lost 2 consecutive packets! Is syncmode disabled?
{Wed 20:54:14 Step:213} Server_Comm.py: Received a new packet while thinking!
{Wed 20:54:14 Step:215} Server_Comm.py: Received a new packet while thinking!
{Wed 20:54:14 Step:217} Server_Comm.py: The agent lost 1 packet! Is syncmode enabled?
{Wed 20:54:14 Step:217} Server_Comm.py: Received a new packet while thinking!
{Wed 20:54:14 Step:219} Server_Comm.py: The agent lost 1 packet! Is syncmode enabled?
{Wed 20:54:14 Step:219} Server_Comm.py: Received a new packet while thinking!
{Wed 20:54:14 Step:220} Server_Comm.py: Received a new packet while on world.update()!
{Wed 20:54:14 Step:222} Server_Comm.py: The agent lost 1 packet! Is syncmode enabled?
{Wed 20:54:14 Step:222} Server_Comm.py: Received a new packet while thinking!
{Wed 20:54:15 Step:224} Server_Comm.py: Received a new packet while thinking!
{Wed 20:54:15 Step:226} Server_Comm.py: The agent lost 1 packet! Is syncmode enabled?
{Wed 20:54:15 Step:226} Server_Comm.py: Received a new packet while thinking!
{Wed 20:54:15 Step:229} Server_Comm.py: The agent lost 2 consecutive packets! Is syncmode disabled?
{Wed 20:54:15 Step:230} Server_Comm.py: Received a new packet while thinking!
{Wed 20:54:15 Step:232} Server_Comm.py: The agent lost 1 packet! Is syncmode enabled?
{Wed 20:54:15 Step:232} Server_Comm.py: Received a new packet while thinking!
{Wed 20:54:15 Step:235} Server_Comm.py: The agent lost 2 consecutive packets! Is syncmode disabled?
{Wed 20:54:15 Step:236} Server_Comm.py: Received a new packet while thinking!
{Wed 20:54:15 Step:238} Server_Comm.py: The agent lost 1 packet! Is syncmode enabled?
{Wed 20:54:15 Step:238} Server_Comm.py: Received a new packet while thinking!
{Wed 20:54:15 Step:241} Server_Comm.py: The agent lost 2 consecutive packets! Is syncmode disabled?
{Wed 20:54:15 Step:242} Server_Comm.py: Received a new packet while thinking!
{Wed 20:54:15 Step:244} Server_Comm.py: The agent lost 1 packet! Is syncmode enabled?
{Wed 20:54:15 Step:244} Server_Comm.py: Received a new packet while thinking!
{Wed 20:54:15 Step:247} Server_Comm.py: The agent lost 2 consecutive packets! Is syncmode disabled?
{Wed 20:54:15 Step:247} Server_Comm.py: Received a new packet while thinking!
{Wed 20:54:15 Step:249} Server_Comm.py: The agent lost 1 packet! Is syncmode enabled?
{Wed 20:54:15 Step:249} Server_Comm.py: Received a new packet while thinking!
{Wed 20:54:15 Step:251} Server_Comm.py: The agent lost 1 packet! Is syncmode enabled?
{Wed 20:54:15 Step:251} Server_Comm.py: Received a new packet while thinking!
{Wed 20:54:15 Step:253} Server_Comm.py: The agent lost 1 packet! Is syncmode enabled?
{Wed 20:54:15 Step:253} Server_Comm.py: Received a new packet while thinking!
{Wed 20:54:15 Step:255} Server_Comm.py: The agent lost 1 packet! Is syncmode enabled?
{Wed 20:54:15 Step:255} Server_Comm.py: Received a new packet while thinking!
{Wed 20:54:15 Step:257} Server_Comm.py: The agent lost 1 packet! Is syncmode enabled?
{Wed 20:54:15 Step:257} Server_Comm.py: Received a new packet while thinking!
{Wed 20:54:15 Step:259} Server_Comm.py: The agent lost 1 packet! Is syncmode enabled?
{Wed 20:54:15 Step:259} Server_Comm.py: Received a new packet while thinking!
{Wed 20:54:15 Step:261} Server_Comm.py: The agent lost 1 packet! Is syncmode enabled?
{Wed 20:54:15 Step:261} Server_Comm.py: Received a new packet while thinking!
{Wed 20:54:15 Step:263} Server_Comm.py: The agent lost 1 packet! Is syncmode enabled?
{Wed 20:54:15 Step:263} Server_Comm.py: Received a new packet while thinking!
{Wed 20:54:15 Step:264} Server_Comm.py: Received a new packet while thinking!
{Wed 20:54:15 Step:266} Server_Comm.py: The agent lost 1 packet! Is syncmode enabled?
{Wed 20:54:15 Step:266} Server_Comm.py: Received a new packet while thinking!
{Wed 20:54:15 Step:268} Server_Comm.py: The agent lost 1 packet! Is syncmode enabled?
{Wed 20:54:15 Step:268} Server_Comm.py: Received a new packet while thinking!
{Wed 20:54:15 Step:270} Server_Comm.py: The agent lost 1 packet! Is syncmode enabled?
{Wed 20:54:15 Step:270} Server_Comm.py: Received a new packet while thinking!
{Wed 20:54:15 Step:271} Server_Comm.py: Received a new packet while thinking!
{Wed 20:54:15 Step:273} Server_Comm.py: The agent lost 1 packet! Is syncmode enabled?
{Wed 20:54:16 Step:273} Server_Comm.py: Received a new packet while thinking!
{Wed 20:54:16 Step:274} Server_Comm.py: Received a new packet while thinking!
{Wed 20:54:16 Step:276} Server_Comm.py: The agent lost 1 packet! Is syncmode enabled?
{Wed 20:54:16 Step:276} Server_Comm.py: Received a new packet while thinking!
{Wed 20:54:16 Step:278} Server_Comm.py: The agent lost 1 packet! Is syncmode enabled?
{Wed 20:54:16 Step:278} Server_Comm.py: Received a new packet while thinking!
{Wed 20:54:16 Step:279} Server_Comm.py: Received a new packet while thinking!
{Wed 20:54:16 Step:281} Server_Comm.py: The agent lost 1 packet! Is syncmode enabled?
{Wed 20:54:16 Step:281} Server_Comm.py: Received a new packet while thinking!
{Wed 20:54:16 Step:283} Server_Comm.py: The agent lost 1 packet! Is syncmode enabled?
{Wed 20:54:16 Step:283} Server_Comm.py: Received a new packet while thinking!
{Wed 20:54:16 Step:285} Server_Comm.py: The agent lost 1 packet! Is syncmode enabled?
{Wed 20:54:16 Step:285} Server_Comm.py: Received a new packet while thinking!
{Wed 20:54:16 Step:286} Server_Comm.py: Received a new packet while thinking!
{Wed 20:54:16 Step:288} Server_Comm.py: The agent lost 1 packet! Is syncmode enabled?
{Wed 20:54:16 Step:288} Server_Comm.py: Received a new packet while thinking!
{Wed 20:54:16 Step:289} Server_Comm.py: Received a new packet while thinking!
{Wed 20:54:16 Step:291} Server_Comm.py: The agent lost 1 packet! Is syncmode enabled?
{Wed 20:54:16 Step:291} Server_Comm.py: Received a new packet while thinking!
{Wed 20:54:16 Step:292} Server_Comm.py: Received a new packet while thinking!
{Wed 20:54:16 Step:294} Server_Comm.py: The agent lost 1 packet! Is syncmode enabled?
{Wed 20:54:16 Step:294} Server_Comm.py: Received a new packet while thinking!
{Wed 20:54:16 Step:295} Server_Comm.py: Received a new packet while thinking!
{Wed 20:54:16 Step:297} Server_Comm.py: The agent lost 1 packet! Is syncmode enabled?
{Wed 20:54:16 Step:297} Server_Comm.py: Received a new packet while thinking!
{Wed 20:54:16 Step:298} Server_Comm.py: Received a new packet while thinking!
{Wed 20:54:16 Step:300} Server_Comm.py: The agent lost 1 packet! Is syncmode enabled?
{Wed 20:54:16 Step:300} Server_Comm.py: Received a new packet while thinking!
{Wed 20:54:16 Step:301} Server_Comm.py: Received a new packet while thinking!
{Wed 20:54:16 Step:303} Server_Comm.py: The agent lost 1 packet! Is syncmode enabled?
{Wed 20:54:16 Step:303} Server_Comm.py: Received a new packet while thinking!
{Wed 20:54:16 Step:304} Server_Comm.py: Received a new packet while thinking!
{Wed 20:54:16 Step:306} Server_Comm.py: The agent lost 1 packet! Is syncmode enabled?
{Wed 20:54:16 Step:306} Server_Comm.py: Received a new packet while thinking!
{Wed 20:54:16 Step:308} Server_Comm.py: The agent lost 1 packet! Is syncmode enabled?
{Wed 20:54:16 Step:308} Server_Comm.py: Received a new packet while thinking!
{Wed 20:54:16 Step:309} Server_Comm.py: Received a new packet while thinking!
{Wed 20:54:16 Step:311} Server_Comm.py: The agent lost 1 packet! Is syncmode enabled?
{Wed 20:54:16 Step:311} Server_Comm.py: Received a new packet while thinking!
{Wed 20:54:16 Step:313} Server_Comm.py: The agent lost 1 packet! Is syncmode enabled?
{Wed 20:54:16 Step:314} Server_Comm.py: Received a new packet while thinking!
{Wed 20:54:16 Step:315} Server_Comm.py: Received a new packet while thinking!
{Wed 20:54:16 Step:317} Server_Comm.py: The agent lost 1 packet! Is syncmode enabled?
{Wed 20:54:16 Step:317} Server_Comm.py: Received a new packet while thinking!
{Wed 20:54:16 Step:319} Server_Comm.py: The agent lost 1 packet! Is syncmode enabled?
{Wed 20:54:16 Step:319} Server_Comm.py: Received a new packet while thinking!
{Wed 20:54:16 Step:322} Server_Comm.py: The agent lost 2 consecutive packets! Is syncmode disabled?
{Wed 20:54:17 Step:322} Server_Comm.py: Received a new packet while thinking!
{Wed 20:54:17 Step:324} Server_Comm.py: The agent lost 1 packet! Is syncmode enabled?
{Wed 20:54:17 Step:324} Server_Comm.py: Received a new packet while thinking!
{Wed 20:54:17 Step:327} Server_Comm.py: The agent lost 2 consecutive packets! Is syncmode disabled?
{Wed 20:54:17 Step:327} Server_Comm.py: Received a new packet while thinking!
{Wed 20:54:17 Step:330} Server_Comm.py: The agent lost 2 consecutive packets! Is syncmode disabled?
{Wed 20:54:17 Step:330} Server_Comm.py: Received a new packet while thinking!
{Wed 20:54:17 Step:333} Server_Comm.py: The agent lost 2 consecutive packets! Is syncmode disabled?
{Wed 20:54:17 Step:334} Server_Comm.py: Received a new packet while thinking!
{Wed 20:54:17 Step:336} Server_Comm.py: The agent lost 1 packet! Is syncmode enabled?
{Wed 20:54:17 Step:336} Server_Comm.py: Received a new packet while thinking!
{Wed 20:54:17 Step:338} Server_Comm.py: The agent lost 1 packet! Is syncmode enabled?
{Wed 20:54:17 Step:338} Server_Comm.py: Received a new packet while thinking!
{Wed 20:54:17 Step:342} Server_Comm.py: The agent lost 3 consecutive packets! Is syncmode disabled?
{Wed 20:54:17 Step:342} Server_Comm.py: Received a new packet while thinking!
{Wed 20:54:17 Step:344} Server_Comm.py: The agent lost 1 packet! Is syncmode enabled?
{Wed 20:54:17 Step:344} Server_Comm.py: Received a new packet while thinking!
{Wed 20:54:17 Step:346} Server_Comm.py: The agent lost 1 packet! Is syncmode enabled?
{Wed 20:54:17 Step:346} Server_Comm.py: Received a new packet while thinking!
{Wed 20:54:17 Step:349} Server_Comm.py: The agent lost 2 consecutive packets! Is syncmode disabled?
{Wed 20:54:17 Step:349} Server_Comm.py: Received a new packet while thinking!
{Wed 20:54:17 Step:351} Server_Comm.py: The agent lost 1 packet! Is syncmode enabled?
{Wed 20:54:17 Step:351} Server_Comm.py: Received a new packet while thinking!
{Wed 20:54:17 Step:353} Server_Comm.py: The agent lost 1 packet! Is syncmode enabled?
{Wed 20:54:17 Step:353} Server_Comm.py: Received a new packet while thinking!
{Wed 20:54:17 Step:355} Server_Comm.py: The agent lost 1 packet! Is syncmode enabled?
{Wed 20:54:17 Step:355} Server_Comm.py: Received a new packet while thinking!
{Wed 20:54:17 Step:358} Server_Comm.py: The agent lost 2 consecutive packets! Is syncmode disabled?
{Wed 20:54:17 Step:358} Server_Comm.py: Received a new packet while thinking!
{Wed 20:54:17 Step:360} Server_Comm.py: The agent lost 1 packet! Is syncmode enabled?
{Wed 20:54:17 Step:360} Server_Comm.py: Received a new packet while thinking!
{Wed 20:54:17 Step:363} Server_Comm.py: The agent lost 2 consecutive packets! Is syncmode disabled?
{Wed 20:54:17 Step:363} Server_Comm.py: Received a new packet while thinking!
{Wed 20:54:17 Step:365} Server_Comm.py: The agent lost 1 packet! Is syncmode enabled?
{Wed 20:54:17 Step:365} Server_Comm.py: Received a new packet while thinking!
{Wed 20:54:17 Step:367} Server_Comm.py: The agent lost 1 packet! Is syncmode enabled?
{Wed 20:54:17 Step:367} Server_Comm.py: Received a new packet while thinking!
{Wed 20:54:17 Step:369} Server_Comm.py: The agent lost 1 packet! Is syncmode enabled?
{Wed 20:54:17 Step:369} Server_Comm.py: Received a new packet while thinking!
{Wed 20:54:17 Step:371} Server_Comm.py: The agent lost 1 packet! Is syncmode enabled?
{Wed 20:54:17 Step:371} Server_Comm.py: Received a new packet while thinking!
{Wed 20:54:17 Step:373} Server_Comm.py: The agent lost 1 packet! Is syncmode enabled?
{Wed 20:54:18 Step:373} Server_Comm.py: Received a new packet while thinking!
{Wed 20:54:18 Step:375} Server_Comm.py: The agent lost 1 packet! Is syncmode enabled?
{Wed 20:54:18 Step:375} Server_Comm.py: Received a new packet while thinking!
{Wed 20:54:18 Step:377} Server_Comm.py: The agent lost 1 packet! Is syncmode enabled?
{Wed 20:54:18 Step:377} Server_Comm.py: Received a new packet while thinking!
{Wed 20:54:18 Step:379} Server_Comm.py: The agent lost 1 packet! Is syncmode enabled?
{Wed 20:54:18 Step:379} Server_Comm.py: Received a new packet while thinking!
{Wed 20:54:18 Step:381} Server_Comm.py: The agent lost 1 packet! Is syncmode enabled?
{Wed 20:54:18 Step:381} Server_Comm.py: Received a new packet while thinking!
{Wed 20:54:18 Step:383} Server_Comm.py: The agent lost 1 packet! Is syncmode enabled?
{Wed 20:54:18 Step:383} Server_Comm.py: Received a new packet while thinking!
{Wed 20:54:18 Step:384} Server_Comm.py: Received a new packet while thinking!
{Wed 20:54:18 Step:386} Server_Comm.py: The agent lost 1 packet! Is syncmode enabled?
{Wed 20:54:18 Step:386} Server_Comm.py: Received a new packet while thinking!
{Wed 20:54:18 Step:388} Server_Comm.py: The agent lost 1 packet! Is syncmode enabled?
{Wed 20:54:18 Step:388} Server_Comm.py: Received a new packet while thinking!
{Wed 20:54:18 Step:390} Server_Comm.py: The agent lost 1 packet! Is syncmode enabled?
{Wed 20:54:18 Step:390} Server_Comm.py: Received a new packet while thinking!
{Wed 20:54:18 Step:391} Server_Comm.py: Received a new packet while thinking!
{Wed 20:54:18 Step:393} Server_Comm.py: The agent lost 1 packet! Is syncmode enabled?
{Wed 20:54:18 Step:393} Server_Comm.py: Received a new packet while thinking!
{Wed 20:54:18 Step:395} Server_Comm.py: The agent lost 1 packet! Is syncmode enabled?
{Wed 20:54:18 Step:395} Server_Comm.py: Received a new packet while thinking!
{Wed 20:54:18 Step:397} Server_Comm.py: The agent lost 1 packet! Is syncmode enabled?
{Wed 20:54:18 Step:397} Server_Comm.py: Received a new packet while thinking!
{Wed 20:54:18 Step:399} Server_Comm.py: The agent lost 1 packet! Is syncmode enabled?
{Wed 20:54:18 Step:399} Server_Comm.py: Received a new packet while thinking!
{Wed 20:54:18 Step:400} Server_Comm.py: Received a new packet while thinking!
{Wed 20:54:18 Step:402} Server_Comm.py: The agent lost 1 packet! Is syncmode enabled?
{Wed 20:54:18 Step:402} Server_Comm.py: Received a new packet while thinking!
{Wed 20:54:18 Step:404} Server_Comm.py: The agent lost 1 packet! Is syncmode enabled?
{Wed 20:54:18 Step:404} Server_Comm.py: Received a new packet while thinking!
{Wed 20:54:18 Step:405} Server_Comm.py: Received a new packet while thinking!
{Wed 20:54:18 Step:407} Server_Comm.py: The agent lost 1 packet! Is syncmode enabled?
{Wed 20:54:18 Step:407} Server_Comm.py: Received a new packet while thinking!
{Wed 20:54:18 Step:409} Server_Comm.py: The agent lost 1 packet! Is syncmode enabled?
{Wed 20:54:18 Step:409} Server_Comm.py: Received a new packet while thinking!
{Wed 20:54:18 Step:411} Server_Comm.py: The agent lost 1 packet! Is syncmode enabled?
{Wed 20:54:18 Step:412} Server_Comm.py: Received a new packet while thinking!
{Wed 20:54:18 Step:413} Server_Comm.py: Received a new packet while thinking!
{Wed 20:54:18 Step:415} Server_Comm.py: The agent lost 1 packet! Is syncmode enabled?
{Wed 20:54:18 Step:416} Server_Comm.py: Received a new packet while thinking!
{Wed 20:54:18 Step:418} Server_Comm.py: The agent lost 1 packet! Is syncmode enabled?
{Wed 20:54:18 Step:418} Server_Comm.py: Received a new packet while thinking!
{Wed 20:54:18 Step:421} Server_Comm.py: The agent lost 2 consecutive packets! Is syncmode disabled?
{Wed 20:54:18 Step:421} Server_Comm.py: Received a new packet while thinking!
{Wed 20:54:18 Step:422} Server_Comm.py: Received a new packet while on world.update()!
{Wed 20:54:19 Step:425} Server_Comm.py: Received a new packet while thinking!
{Wed 20:54:19 Step:427} Server_Comm.py: The agent lost 1 packet! Is syncmode enabled?
{Wed 20:54:19 Step:428} Server_Comm.py: Received a new packet while thinking!
{Wed 20:54:19 Step:430} Server_Comm.py: The agent lost 1 packet! Is syncmode enabled?
{Wed 20:54:19 Step:431} Server_Comm.py: Received a new packet while thinking!
{Wed 20:54:19 Step:433} Server_Comm.py: The agent lost 1 packet! Is syncmode enabled?
{Wed 20:54:19 Step:435} Server_Comm.py: Received a new packet while thinking!
{Wed 20:54:19 Step:437} Server_Comm.py: The agent lost 1 packet! Is syncmode enabled?
{Wed 20:54:19 Step:438} Server_Comm.py: Received a new packet while thinking!
{Wed 20:54:19 Step:440} Server_Comm.py: The agent lost 1 packet! Is syncmode enabled?
{Wed 20:54:19 Step:440} Server_Comm.py: Received a new packet while thinking!
{Wed 20:54:19 Step:442} Server_Comm.py: The agent lost 1 packet! Is syncmode enabled?
{Wed 20:54:19 Step:444} Server_Comm.py: Received a new packet while thinking!
{Wed 20:54:19 Step:446} Server_Comm.py: The agent lost 1 packet! Is syncmode enabled?
{Wed 20:54:19 Step:448} Server_Comm.py: Received a new packet while thinking!
{Wed 20:54:19 Step:450} Server_Comm.py: The agent lost 1 packet! Is syncmode enabled?
{Wed 20:54:19 Step:452} Server_Comm.py: Received a new packet while thinking!
{Wed 20:54:19 Step:454} Server_Comm.py: The agent lost 1 packet! Is syncmode enabled?
{Wed 20:54:19 Step:460} Server_Comm.py: Received a new packet while thinking!
{Wed 20:54:19 Step:462} Server_Comm.py: The agent lost 1 packet! Is syncmode enabled?
{Wed 20:54:20 Step:498} Server_Comm.py: Received a new packet while thinking!
{Wed 20:54:20 Step:501} Server_Comm.py: Received a new packet while thinking!
{Wed 20:54:20 Step:504} Server_Comm.py: Received a new packet while thinking!
{Wed 20:54:20 Step:507} Server_Comm.py: Received a new packet while thinking!
{Wed 20:54:20 Step:508} World_Parser.py: Received field line with NaNs [  3.22  26.24 -23.45    nan    nan    nan]
{Wed 20:54:20 Step:510} Server_Comm.py: Received a new packet while thinking!
{Wed 20:54:20 Step:513} Server_Comm.py: Received a new packet while thinking!
{Wed 20:54:20 Step:516} Server_Comm.py: Received a new packet while thinking!
{Wed 20:54:20 Step:519} Server_Comm.py: Received a new packet while thinking!
{Wed 20:54:21 Step:522} Server_Comm.py: Received a new packet while thinking!
{Wed 20:54:21 Step:525} Server_Comm.py: Received a new packet while thinking!
{Wed 20:54:21 Step:528} Server_Comm.py: Received a new packet while thinking!
{Wed 20:54:21 Step:531} Server_Comm.py: Received a new packet while thinking!
{Wed 20:54:21 Step:534} Server_Comm.py: Received a new packet while thinking!
{Wed 20:54:21 Step:537} Server_Comm.py: Received a new packet while thinking!
{Wed 20:54:21 Step:540} Server_Comm.py: Received a new packet while thinking!
{Wed 20:54:21 Step:543} Server_Comm.py: Received a new packet while thinking!
{Wed 20:54:21 Step:546} Server_Comm.py: Received a new packet while thinking!
{Wed 20:54:21 Step:549} Server_Comm.py: Received a new packet while thinking!
{Wed 20:54:21 Step:552} Server_Comm.py: Received a new packet while thinking!
{Wed 20:54:21 Step:555} Server_Comm.py: Received a new packet while thinking!
{Wed 20:54:21 Step:558} Server_Comm.py: Received a new packet while thinking!
{Wed 20:54:21 Step:561} Server_Comm.py: Received a new packet while thinking!
{Wed 20:54:21 Step:564} Server_Comm.py: Received a new packet while thinking!
{Wed 20:54:21 Step:567} Server_Comm.py: Received a new packet while thinking!
{Wed 20:54:21 Step:570} Server_Comm.py: Received a new packet while thinking!
{Wed 20:54:22 Step:573} Server_Comm.py: Received a new packet while thinking!
{Wed 20:54:22 Step:576} Server_Comm.py: Received a new packet while thinking!
{Wed 20:54:24 Step:665} Server_Comm.py: Received a new packet while thinking!
{Wed 20:54:25 Step:667} Server_Comm.py: The agent lost 1 packet! Is syncmode enabled?
{Wed 20:54:25 Step:673} Server_Comm.py: The agent lost 1 packet! Is syncmode enabled?
{Wed 20:54:25 Step:673} Server_Comm.py: Received a new packet while thinking!
{Wed 20:54:25 Step:677} Server_Comm.py: Received a new packet while thinking!
{Wed 20:54:25 Step:679} Server_Comm.py: The agent lost 1 packet! Is syncmode enabled?
{Wed 20:54:25 Step:681} Server_Comm.py: Received a new packet while thinking!
{Wed 20:54:25 Step:683} Server_Comm.py: The agent lost 1 packet! Is syncmode enabled?
{Wed 20:54:25 Step:685} Server_Comm.py: Received a new packet while thinking!
{Wed 20:54:25 Step:687} Server_Comm.py: The agent lost 1 packet! Is syncmode enabled?
{Wed 20:54:25 Step:688} Server_Comm.py: Received a new packet while thinking!
{Wed 20:54:25 Step:690} Server_Comm.py: The agent lost 1 packet! Is syncmode enabled?
{Wed 20:54:25 Step:692} Server_Comm.py: Received a new packet while thinking!
{Wed 20:54:25 Step:694} Server_Comm.py: The agent lost 1 packet! Is syncmode enabled?
{Wed 20:54:25 Step:694} Server_Comm.py: Received a new packet while thinking!
{Wed 20:54:25 Step:696} Server_Comm.py: The agent lost 1 packet! Is syncmode enabled?
{Wed 20:54:25 Step:697} Server_Comm.py: Received a new packet while thinking!
{Wed 20:54:25 Step:699} Server_Comm.py: The agent lost 1 packet! Is syncmode enabled?
{Wed 20:54:25 Step:699} Server_Comm.py: Received a new packet while thinking!
{Wed 20:54:25 Step:701} Server_Comm.py: The agent lost 1 packet! Is syncmode enabled?
{Wed 20:54:25 Step:702} Server_Comm.py: Received a new packet while thinking!
{Wed 20:54:25 Step:704} Server_Comm.py: The agent lost 1 packet! Is syncmode enabled?
{Wed 20:54:25 Step:705} Server_Comm.py: Received a new packet while thinking!
{Wed 20:54:25 Step:707} Server_Comm.py: The agent lost 1 packet! Is syncmode enabled?
{Wed 20:54:25 Step:708} Server_Comm.py: Received a new packet while thinking!
{Wed 20:54:25 Step:710} Server_Comm.py: The agent lost 1 packet! Is syncmode enabled?
{Wed 20:54:25 Step:711} Server_Comm.py: Received a new packet while thinking!
{Wed 20:54:25 Step:713} Server_Comm.py: The agent lost 1 packet! Is syncmode enabled?
{Wed 20:54:25 Step:714} Server_Comm.py: Received a new packet while thinking!
{Wed 20:54:25 Step:716} Server_Comm.py: The agent lost 1 packet! Is syncmode enabled?
{Wed 20:54:26 Step:717} Server_Comm.py: Received a new packet while thinking!
{Wed 20:54:26 Step:719} Server_Comm.py: The agent lost 1 packet! Is syncmode enabled?
{Wed 20:54:26 Step:720} Server_Comm.py: Received a new packet while thinking!
{Wed 20:54:26 Step:722} Server_Comm.py: The agent lost 1 packet! Is syncmode enabled?
{Wed 20:54:26 Step:723} Server_Comm.py: Received a new packet while thinking!
{Wed 20:54:26 Step:725} Server_Comm.py: The agent lost 1 packet! Is syncmode enabled?
{Wed 20:54:26 Step:726} Server_Comm.py: Received a new packet while thinking!
{Wed 20:54:26 Step:728} Server_Comm.py: The agent lost 1 packet! Is syncmode enabled?
{Wed 20:54:26 Step:732} Server_Comm.py: The agent lost 1 packet! Is syncmode enabled?
{Wed 20:54:26 Step:732} Server_Comm.py: Received a new packet while thinking!
{Wed 20:54:26 Step:734} Server_Comm.py: Received a new packet while thinking!
{Wed 20:54:26 Step:736} Server_Comm.py: The agent lost 1 packet! Is syncmode enabled?
{Wed 20:54:26 Step:737} Server_Comm.py: Received a new packet while thinking!
{Wed 20:54:26 Step:739} Server_Comm.py: The agent lost 1 packet! Is syncmode enabled?
{Wed 20:54:26 Step:740} Server_Comm.py: Received a new packet while thinking!
{Wed 20:54:26 Step:742} Server_Comm.py: The agent lost 1 packet! Is syncmode enabled?
{Wed 20:54:26 Step:743} Server_Comm.py: Received a new packet while thinking!
{Wed 20:54:26 Step:745} Server_Comm.py: The agent lost 1 packet! Is syncmode enabled?
{Wed 20:54:26 Step:746} Server_Comm.py: Received a new packet while thinking!
{Wed 20:54:26 Step:748} Server_Comm.py: The agent lost 1 packet! Is syncmode enabled?
{Wed 20:54:26 Step:750} Server_Comm.py: Received a new packet while thinking!
{Wed 20:54:26 Step:752} Server_Comm.py: The agent lost 1 packet! Is syncmode enabled?
{Wed 20:54:26 Step:754} Server_Comm.py: Received a new packet while thinking!
{Wed 20:54:26 Step:756} Server_Comm.py: The agent lost 1 packet! Is syncmode enabled?
{Wed 20:54:26 Step:760} Server_Comm.py: Received a new packet while thinking!
{Wed 20:54:26 Step:762} Server_Comm.py: The agent lost 1 packet! Is syncmode enabled?
{Wed 20:54:26 Step:765} Server_Comm.py: Received a new packet while thinking!
{Wed 20:54:27 Step:767} Server_Comm.py: The agent lost 1 packet! Is syncmode enabled?
{Wed 20:54:27 Step:774} Server_Comm.py: Received a new packet while thinking!
{Wed 20:54:27 Step:776} Server_Comm.py: The agent lost 1 packet! Is syncmode enabled?
{Wed 20:54:27 Step:780} Server_Comm.py: Received a new packet while thinking!
{Wed 20:54:27 Step:782} Server_Comm.py: The agent lost 1 packet! Is syncmode enabled?
{Wed 20:54:27 Step:784} Server_Comm.py: Received a new packet while thinking!
{Wed 20:54:27 Step:786} Server_Comm.py: The agent lost 1 packet! Is syncmode enabled?
{Wed 20:54:27 Step:790} Server_Comm.py: Received a new packet while thinking!
{Wed 20:54:27 Step:792} Server_Comm.py: The agent lost 1 packet! Is syncmode enabled?
{Wed 20:54:27 Step:798} Server_Comm.py: Received a new packet while thinking!
{Wed 20:54:27 Step:800} Server_Comm.py: The agent lost 1 packet! Is syncmode enabled?
{Wed 20:54:27 Step:803} Server_Comm.py: Received a new packet while thinking!
{Wed 20:54:27 Step:805} Server_Comm.py: The agent lost 1 packet! Is syncmode enabled?
{Wed 20:54:27 Step:811} Server_Comm.py: Received a new packet while thinking!
{Wed 20:54:27 Step:813} Server_Comm.py: The agent lost 1 packet! Is syncmode enabled?
{Wed 20:54:28 Step:817} Server_Comm.py: Received a new packet while thinking!
{Wed 20:54:28 Step:819} Server_Comm.py: The agent lost 1 packet! Is syncmode enabled?
{Wed 20:54:28 Step:821} Server_Comm.py: Received a new packet while thinking!
{Wed 20:54:28 Step:823} Server_Comm.py: The agent lost 1 packet! Is syncmode enabled?
{Wed 20:54:28 Step:826} Server_Comm.py: Received a new packet while thinking!
{Wed 20:54:28 Step:828} Server_Comm.py: The agent lost 1 packet! Is syncmode enabled?
{Wed 20:54:28 Step:833} Server_Comm.py: Received a new packet while thinking!
{Wed 20:54:28 Step:835} Server_Comm.py: The agent lost 1 packet! Is syncmode enabled?
{Wed 20:54:31 Step:990} Server_Comm.py: Received a new packet while thinking!
{Wed 20:54:31 Step:992} Server_Comm.py: The agent lost 1 packet! Is syncmode enabled?
{Wed 20:54:31 Step:993} Server_Comm.py: Received a new packet while thinking!
{Wed 20:54:31 Step:995} Server_Comm.py: Received a new packet while thinking!
{Wed 20:54:31 Step:997} Server_Comm.py: The agent lost 1 packet! Is syncmode enabled?
{Wed 20:54:31 Step:998} Server_Comm.py: Received a new packet while thinking!
{Wed 20:54:31 Step:1000} Server_Comm.py: The agent lost 1 packet! Is syncmode enabled?
{Wed 20:54:31 Step:1001} Server_Comm.py: Received a new packet while thinking!
{Wed 20:54:31 Step:1003} Server_Comm.py: The agent lost 1 packet! Is syncmode enabled?
{Wed 20:54:31 Step:1004} Server_Comm.py: Received a new packet while thinking!
{Wed 20:54:31 Step:1006} Server_Comm.py: The agent lost 1 packet! Is syncmode enabled?
{Wed 20:54:31 Step:1007} Server_Comm.py: Received a new packet while thinking!
{Wed 20:54:31 Step:1009} Server_Comm.py: The agent lost 1 packet! Is syncmode enabled?
{Wed 20:54:31 Step:1011} Server_Comm.py: The agent lost 1 packet! Is syncmode enabled?
{Wed 20:54:31 Step:1011} Server_Comm.py: Received a new packet while thinking!
{Wed 20:54:31 Step:1012} Server_Comm.py: Received a new packet while thinking!
{Wed 20:54:31 Step:1015} Server_Comm.py: The agent lost 2 consecutive packets! Is syncmode disabled?
{Wed 20:54:32 Step:1015} Server_Comm.py: Received a new packet while thinking!
{Wed 20:54:32 Step:1017} Server_Comm.py: The agent lost 1 packet! Is syncmode enabled?
{Wed 20:54:32 Step:1017} Server_Comm.py: Received a new packet while thinking!
{Wed 20:54:32 Step:1019} Server_Comm.py: The agent lost 1 packet! Is syncmode enabled?
{Wed 20:54:32 Step:1019} Server_Comm.py: Received a new packet while thinking!
{Wed 20:54:32 Step:1020} Server_Comm.py: Received a new packet while thinking!
{Wed 20:54:32 Step:1022} Server_Comm.py: The agent lost 1 packet! Is syncmode enabled?
{Wed 20:54:32 Step:1022} Server_Comm.py: Received a new packet while thinking!
{Wed 20:54:32 Step:1024} Server_Comm.py: The agent lost 1 packet! Is syncmode enabled?
{Wed 20:54:32 Step:1024} Server_Comm.py: Received a new packet while thinking!
{Wed 20:54:32 Step:1026} Server_Comm.py: The agent lost 1 packet! Is syncmode enabled?
{Wed 20:54:32 Step:1027} Server_Comm.py: Received a new packet while thinking!
{Wed 20:54:32 Step:1030} Server_Comm.py: The agent lost 1 packet! Is syncmode enabled?
{Wed 20:54:32 Step:1031} Server_Comm.py: Received a new packet while thinking!
{Wed 20:54:32 Step:1033} Server_Comm.py: The agent lost 1 packet! Is syncmode enabled?
{Wed 20:54:32 Step:1033} Server_Comm.py: Received a new packet while thinking!
{Wed 20:54:32 Step:1035} Server_Comm.py: The agent lost 1 packet! Is syncmode enabled?
{Wed 20:54:32 Step:1035} Server_Comm.py: Received a new packet while thinking!
{Wed 20:54:32 Step:1036} Server_Comm.py: Received a new packet while thinking!
{Wed 20:54:32 Step:1038} Server_Comm.py: The agent lost 1 packet! Is syncmode enabled?
{Wed 20:54:32 Step:1038} Server_Comm.py: Received a new packet while thinking!
{Wed 20:54:32 Step:1040} Server_Comm.py: Received a new packet while thinking!
{Wed 20:54:32 Step:1042} Server_Comm.py: The agent lost 1 packet! Is syncmode enabled?
{Wed 20:54:32 Step:1045} Server_Comm.py: The agent lost 1 packet! Is syncmode enabled?
{Wed 20:54:32 Step:1048} Server_Comm.py: The agent lost 1 packet! Is syncmode enabled?
{Wed 20:54:32 Step:1050} Server_Comm.py: Received a new packet while thinking!
{Wed 20:54:32 Step:1052} Server_Comm.py: Received a new packet while thinking!
{Wed 20:54:32 Step:1054} Server_Comm.py: The agent lost 1 packet! Is syncmode enabled?
{Wed 20:54:32 Step:1056} Server_Comm.py: Received a new packet while thinking!
{Wed 20:54:32 Step:1060} Server_Comm.py: The agent lost 1 packet! Is syncmode enabled?
{Wed 20:54:32 Step:1062} Server_Comm.py: Received a new packet while thinking!
{Wed 20:54:32 Step:1066} Server_Comm.py: The agent lost 1 packet! Is syncmode enabled?
{Wed 20:54:33 Step:1099} Server_Comm.py: Received a new packet while thinking!
{Wed 20:54:33 Step:1101} Server_Comm.py: The agent lost 1 packet! Is syncmode enabled?
{Wed 20:54:33 Step:1109} Server_Comm.py: Received a new packet while thinking!
{Wed 20:54:33 Step:1111} Server_Comm.py: The agent lost 1 packet! Is syncmode enabled?
{Wed 20:54:34 Step:1121} Server_Comm.py: Received a new packet while thinking!
{Wed 20:54:34 Step:1123} Server_Comm.py: The agent lost 1 packet! Is syncmode enabled?
{Wed 20:54:34 Step:1130} Server_Comm.py: The agent lost 1 packet! Is syncmode enabled?
{Wed 20:54:34 Step:1130} Server_Comm.py: Received a new packet while thinking!
{Wed 20:54:34 Step:1133} Server_Comm.py: Received a new packet while thinking!
{Wed 20:54:34 Step:1135} Server_Comm.py: The agent lost 1 packet! Is syncmode enabled?
{Wed 20:54:34 Step:1139} Server_Comm.py: Received a new packet while thinking!
{Wed 20:54:34 Step:1141} Server_Comm.py: The agent lost 1 packet! Is syncmode enabled?
{Wed 20:54:34 Step:1145} Server_Comm.py: Received a new packet while thinking!
{Wed 20:54:34 Step:1147} Server_Comm.py: The agent lost 1 packet! Is syncmode enabled?
{Wed 20:54:34 Step:1152} Server_Comm.py: The agent lost 1 packet! Is syncmode enabled?
{Wed 20:54:34 Step:1158} Server_Comm.py: Received a new packet while thinking!
{Wed 20:54:34 Step:1160} Server_Comm.py: The agent lost 1 packet! Is syncmode enabled?
{Wed 20:54:34 Step:1161} Server_Comm.py: Received a new packet while thinking!
{Wed 20:54:34 Step:1164} Server_Comm.py: Received a new packet while thinking!
{Wed 20:54:35 Step:1167} Server_Comm.py: Received a new packet while thinking!
{Wed 20:54:35 Step:1170} Server_Comm.py: Received a new packet while thinking!
{Wed 20:54:35 Step:1173} Server_Comm.py: Received a new packet while thinking!
{Wed 20:54:35 Step:1176} Server_Comm.py: Received a new packet while thinking!
{Wed 20:54:35 Step:1179} Server_Comm.py: Received a new packet while thinking!
{Wed 20:54:35 Step:1182} Server_Comm.py: Received a new packet while thinking!
{Wed 20:54:35 Step:1185} Server_Comm.py: Received a new packet while thinking!
{Wed 20:54:35 Step:1188} Server_Comm.py: Received a new packet while thinking!
{Wed 20:54:35 Step:1191} Server_Comm.py: Received a new packet while thinking!
{Wed 20:54:35 Step:1194} Server_Comm.py: Received a new packet while thinking!
{Wed 20:54:35 Step:1197} Server_Comm.py: Received a new packet while thinking!
{Wed 20:54:35 Step:1200} Server_Comm.py: Received a new packet while thinking!
{Wed 20:54:35 Step:1203} Server_Comm.py: Received a new packet while thinking!
{Wed 20:54:35 Step:1206} Server_Comm.py: Received a new packet while thinking!
{Wed 20:54:35 Step:1209} Server_Comm.py: Received a new packet while thinking!
{Wed 20:54:35 Step:1212} Server_Comm.py: Received a new packet while thinking!
{Wed 20:54:36 Step:1215} Server_Comm.py: Received a new packet while thinking!
{Wed 20:54:36 Step:1218} Server_Comm.py: Received a new packet while thinking!
{Wed 20:54:36 Step:1221} Server_Comm.py: Received a new packet while thinking!
{Wed 20:54:38 Step:1320} Server_Comm.py: Received a new packet while thinking!
{Wed 20:54:38 Step:1323} Server_Comm.py: Received a new packet while thinking!
{Wed 20:54:38 Step:1326} Server_Comm.py: Received a new packet while thinking!
{Wed 20:54:38 Step:1329} Server_Comm.py: Received a new packet while thinking!
{Wed 20:54:38 Step:1332} Server_Comm.py: Received a new packet while thinking!
{Wed 20:54:38 Step:1335} Server_Comm.py: Received a new packet while thinking!
{Wed 20:54:38 Step:1338} Server_Comm.py: Received a new packet while thinking!
{Wed 20:54:38 Step:1342} Server_Comm.py: The agent lost 1 packet! Is syncmode enabled?
{Wed 20:54:38 Step:1348} Server_Comm.py: Received a new packet while thinking!
{Wed 20:54:38 Step:1350} Server_Comm.py: Received a new packet while thinking!
{Wed 20:54:38 Step:1354} Server_Comm.py: The agent lost 1 packet! Is syncmode enabled?
{Wed 20:54:38 Step:1357} Server_Comm.py: Received a new packet while thinking!
{Wed 20:54:38 Step:1360} Server_Comm.py: The agent lost 1 packet! Is syncmode enabled?
{Wed 20:54:38 Step:1362} Server_Comm.py: Received a new packet while thinking!
{Wed 20:54:39 Step:1366} Server_Comm.py: The agent lost 1 packet! Is syncmode enabled?
{Wed 20:54:39 Step:1368} Server_Comm.py: Received a new packet while thinking!
{Wed 20:54:39 Step:1372} Server_Comm.py: The agent lost 1 packet! Is syncmode enabled?
{Wed 20:54:39 Step:1374} Server_Comm.py: Received a new packet while thinking!
{Wed 20:54:39 Step:1378} Server_Comm.py: The agent lost 1 packet! Is syncmode enabled?
{Wed 20:54:39 Step:1392} Server_Comm.py: The agent lost 1 packet! Is syncmode enabled?
{Wed 20:54:39 Step:1402} Server_Comm.py: The agent lost 1 packet! Is syncmode enabled?
{Wed 20:54:39 Step:1402} Server_Comm.py: Received a new packet while thinking!
{Wed 20:54:39 Step:1406} Server_Comm.py: Received a new packet while thinking!
{Wed 20:54:39 Step:1408} Server_Comm.py: The agent lost 1 packet! Is syncmode enabled?
{Wed 20:54:39 Step:1411} Server_Comm.py: Received a new packet while thinking!
{Wed 20:54:39 Step:1413} Server_Comm.py: The agent lost 1 packet! Is syncmode enabled?
{Wed 20:54:40 Step:1415} Server_Comm.py: Received a new packet while thinking!
{Wed 20:54:40 Step:1417} Server_Comm.py: The agent lost 1 packet! Is syncmode enabled?
{Wed 20:54:40 Step:1423} Server_Comm.py: Received a new packet while thinking!
{Wed 20:54:40 Step:1425} Server_Comm.py: The agent lost 1 packet! Is syncmode enabled?
{Wed 20:54:40 Step:1440} Server_Comm.py: Received a new packet while thinking!
{Wed 20:54:40 Step:1442} Server_Comm.py: The agent lost 1 packet! Is syncmode enabled?
{Wed 20:54:40 Step:1448} Server_Comm.py: Received a new packet while thinking!
{Wed 20:54:40 Step:1450} Server_Comm.py: The agent lost 1 packet! Is syncmode enabled?
{Wed 20:54:40 Step:1455} Server_Comm.py: Received a new packet while thinking!
{Wed 20:54:40 Step:1457} Server_Comm.py: The agent lost 1 packet! Is syncmode enabled?
{Wed 20:54:40 Step:1462} Server_Comm.py: Received a new packet while thinking!
{Wed 20:54:41 Step:1464} Server_Comm.py: The agent lost 1 packet! Is syncmode enabled?
{Wed 20:54:41 Step:1471} Server_Comm.py: Received a new packet while thinking!
{Wed 20:54:41 Step:1473} Server_Comm.py: The agent lost 1 packet! Is syncmode enabled?
{Wed 20:54:41 Step:1479} Server_Comm.py: Received a new packet while thinking!
{Wed 20:54:41 Step:1481} Server_Comm.py: The agent lost 1 packet! Is syncmode enabled?
{Wed 20:54:41 Step:1485} Server_Comm.py: Received a new packet while thinking!
{Wed 20:54:41 Step:1487} Server_Comm.py: The agent lost 1 packet! Is syncmode enabled?
{Wed 20:54:41 Step:1491} Server_Comm.py: Received a new packet while thinking!
{Wed 20:54:41 Step:1498} Server_Comm.py: The agent lost 1 packet! Is syncmode enabled?
{Wed 20:54:42 Step:1536} Server_Comm.py: Received a new packet while thinking!
{Wed 20:54:42 Step:1540} Server_Comm.py: The agent lost 1 packet! Is syncmode enabled?
{Wed 20:54:42 Step:1542} Server_Comm.py: Received a new packet while thinking!
{Wed 20:54:42 Step:1546} Server_Comm.py: The agent lost 1 packet! Is syncmode enabled?
{Wed 20:54:42 Step:1548} Server_Comm.py: Received a new packet while thinking!
{Wed 20:54:42 Step:1550} Server_Comm.py: Received a new packet while thinking!
{Wed 20:54:42 Step:1552} Server_Comm.py: The agent lost 1 packet! Is syncmode enabled?
{Wed 20:54:42 Step:1555} Server_Comm.py: The agent lost 1 packet! Is syncmode enabled?
{Wed 20:54:42 Step:1557} Server_Comm.py: Received a new packet while thinking!
{Wed 20:54:42 Step:1561} Server_Comm.py: The agent lost 1 packet! Is syncmode enabled?
{Wed 20:54:43 Step:1563} Server_Comm.py: Received a new packet while thinking!
{Wed 20:54:43 Step:1564} Server_Comm.py: Received a new packet while thinking!
{Wed 20:54:43 Step:1566} Server_Comm.py: The agent lost 1 packet! Is syncmode enabled?
{Wed 20:54:43 Step:1566} Server_Comm.py: Received a new packet while thinking!
{Wed 20:54:43 Step:1568} Server_Comm.py: Received a new packet while thinking!
{Wed 20:54:43 Step:1570} Server_Comm.py: The agent lost 1 packet! Is syncmode enabled?
{Wed 20:54:43 Step:1571} Server_Comm.py: Received a new packet while thinking!
{Wed 20:54:43 Step:1573} Server_Comm.py: The agent lost 1 packet! Is syncmode enabled?
{Wed 20:54:43 Step:1574} Server_Comm.py: Received a new packet while thinking!
{Wed 20:54:43 Step:1576} Server_Comm.py: The agent lost 1 packet! Is syncmode enabled?
{Wed 20:54:43 Step:1577} Server_Comm.py: Received a new packet while thinking!
{Wed 20:54:43 Step:1579} Server_Comm.py: The agent lost 1 packet! Is syncmode enabled?
{Wed 20:54:43 Step:1580} Server_Comm.py: Received a new packet while thinking!
{Wed 20:54:43 Step:1582} Server_Comm.py: The agent lost 1 packet! Is syncmode enabled?
{Wed 20:54:43 Step:1583} Server_Comm.py: Received a new packet while thinking!
{Wed 20:54:43 Step:1585} Server_Comm.py: The agent lost 1 packet! Is syncmode enabled?
{Wed 20:54:43 Step:1585} Server_Comm.py: Received a new packet while thinking!
{Wed 20:54:43 Step:1587} Server_Comm.py: The agent lost 1 packet! Is syncmode enabled?
{Wed 20:54:43 Step:1587} Server_Comm.py: Received a new packet while thinking!
{Wed 20:54:43 Step:1588} Server_Comm.py: Received a new packet while thinking!
{Wed 20:54:43 Step:1590} Server_Comm.py: The agent lost 1 packet! Is syncmode enabled?
{Wed 20:54:43 Step:1591} Server_Comm.py: Received a new packet while thinking!
{Wed 20:54:43 Step:1593} Server_Comm.py: The agent lost 1 packet! Is syncmode enabled?
{Wed 20:54:43 Step:1597} Server_Comm.py: The agent lost 1 packet! Is syncmode enabled?
{Wed 20:54:43 Step:1600} Server_Comm.py: The agent lost 1 packet! Is syncmode enabled?
{Wed 20:54:43 Step:1602} Server_Comm.py: Received a new packet while thinking!
{Wed 20:54:43 Step:1606} Server_Comm.py: The agent lost 1 packet! Is syncmode enabled?
{Wed 20:54:43 Step:1608} Server_Comm.py: Received a new packet while thinking!
{Wed 20:54:43 Step:1612} Server_Comm.py: The agent lost 1 packet! Is syncmode enabled?
{Wed 20:54:44 Step:1622} Server_Comm.py: Received a new packet while thinking!
{Wed 20:54:44 Step:1624} Server_Comm.py: The agent lost 1 packet! Is syncmode enabled?
{Wed 20:54:45 Step:1662} Server_Comm.py: Received a new packet while thinking!
{Wed 20:54:45 Step:1664} Server_Comm.py: The agent lost 1 packet! Is syncmode enabled?
{Wed 20:54:45 Step:1668} Server_Comm.py: The agent lost 1 packet! Is syncmode enabled?
{Wed 20:54:45 Step:1676} Server_Comm.py: Received a new packet while thinking!
{Wed 20:54:45 Step:1678} Server_Comm.py: The agent lost 1 packet! Is syncmode enabled?
{Wed 20:54:45 Step:1680} Server_Comm.py: Received a new packet while thinking!
{Wed 20:54:45 Step:1682} Server_Comm.py: The agent lost 1 packet! Is syncmode enabled?
{Wed 20:54:45 Step:1682} Server_Comm.py: Received a new packet while thinking!
{Wed 20:54:45 Step:1684} Server_Comm.py: The agent lost 1 packet! Is syncmode enabled?
{Wed 20:54:45 Step:1685} Server_Comm.py: Received a new packet while thinking!
{Wed 20:54:45 Step:1687} Server_Comm.py: The agent lost 1 packet! Is syncmode enabled?
{Wed 20:54:45 Step:1688} Server_Comm.py: Received a new packet while thinking!
{Wed 20:54:45 Step:1690} Server_Comm.py: The agent lost 1 packet! Is syncmode enabled?
{Wed 20:54:45 Step:1690} Server_Comm.py: Received a new packet while thinking!
{Wed 20:54:45 Step:1692} Server_Comm.py: The agent lost 1 packet! Is syncmode enabled?
{Wed 20:54:45 Step:1693} Server_Comm.py: Received a new packet while thinking!
{Wed 20:54:45 Step:1695} Server_Comm.py: The agent lost 1 packet! Is syncmode enabled?
{Wed 20:54:45 Step:1695} Server_Comm.py: Received a new packet while thinking!
{Wed 20:54:45 Step:1697} Server_Comm.py: The agent lost 1 packet! Is syncmode enabled?
{Wed 20:54:45 Step:1697} Server_Comm.py: Received a new packet while thinking!
{Wed 20:54:45 Step:1699} Server_Comm.py: The agent lost 1 packet! Is syncmode enabled?
{Wed 20:54:45 Step:1700} Server_Comm.py: Received a new packet while thinking!
{Wed 20:54:45 Step:1702} Server_Comm.py: The agent lost 1 packet! Is syncmode enabled?
{Wed 20:54:45 Step:1702} Server_Comm.py: Received a new packet while thinking!
{Wed 20:54:45 Step:1704} Server_Comm.py: The agent lost 1 packet! Is syncmode enabled?
{Wed 20:54:45 Step:1704} Server_Comm.py: Received a new packet while thinking!
{Wed 20:54:45 Step:1706} Server_Comm.py: The agent lost 1 packet! Is syncmode enabled?
{Wed 20:54:45 Step:1706} Server_Comm.py: Received a new packet while thinking!
{Wed 20:54:45 Step:1708} Server_Comm.py: The agent lost 1 packet! Is syncmode enabled?
{Wed 20:54:45 Step:1708} Server_Comm.py: Received a new packet while thinking!
{Wed 20:54:45 Step:1710} Server_Comm.py: The agent lost 1 packet! Is syncmode enabled?
{Wed 20:54:45 Step:1711} Server_Comm.py: Received a new packet while thinking!
{Wed 20:54:46 Step:1712} Server_Comm.py: Received a new packet while thinking!
{Wed 20:54:46 Step:1714} Server_Comm.py: The agent lost 1 packet! Is syncmode enabled?
{Wed 20:54:46 Step:1717} Server_Comm.py: The agent lost 1 packet! Is syncmode enabled?
{Wed 20:54:46 Step:1719} Server_Comm.py: Received a new packet while thinking!
{Wed 20:54:48 Step:1828} Server_Comm.py: Received a new packet while thinking!
{Wed 20:54:48 Step:1830} Server_Comm.py: The agent lost 1 packet! Is syncmode enabled?
{Wed 20:54:48 Step:1836} Server_Comm.py: Received a new packet while thinking!
{Wed 20:54:48 Step:1838} Server_Comm.py: The agent lost 1 packet! Is syncmode enabled?
{Wed 20:54:48 Step:1842} Server_Comm.py: Received a new packet while thinking!
{Wed 20:54:48 Step:1844} Server_Comm.py: The agent lost 1 packet! Is syncmode enabled?
{Wed 20:54:48 Step:1848} Server_Comm.py: Received a new packet while thinking!
{Wed 20:54:48 Step:1850} Server_Comm.py: The agent lost 1 packet! Is syncmode enabled?
{Wed 20:54:48 Step:1853} Server_Comm.py: Received a new packet while thinking!
{Wed 20:54:48 Step:1855} Server_Comm.py: The agent lost 1 packet! Is syncmode enabled?
{Wed 20:54:48 Step:1858} Server_Comm.py: Received a new packet while thinking!
{Wed 20:54:48 Step:1860} Server_Comm.py: The agent lost 1 packet! Is syncmode enabled?
{Wed 20:54:49 Step:1862} Server_Comm.py: Received a new packet while thinking!
{Wed 20:54:49 Step:1864} Server_Comm.py: The agent lost 1 packet! Is syncmode enabled?
{Wed 20:54:49 Step:1865} Server_Comm.py: Received a new packet while thinking!
{Wed 20:54:49 Step:1867} Server_Comm.py: The agent lost 1 packet! Is syncmode enabled?
{Wed 20:54:49 Step:1868} Server_Comm.py: Received a new packet while thinking!
{Wed 20:54:49 Step:1870} Server_Comm.py: The agent lost 1 packet! Is syncmode enabled?
{Wed 20:54:49 Step:1874} Server_Comm.py: Received a new packet while thinking!
{Wed 20:54:49 Step:1876} Server_Comm.py: The agent lost 1 packet! Is syncmode enabled?
{Wed 20:54:49 Step:1878} Server_Comm.py: Received a new packet while thinking!
{Wed 20:54:49 Step:1880} Server_Comm.py: The agent lost 1 packet! Is syncmode enabled?
{Wed 20:54:49 Step:1882} Server_Comm.py: Received a new packet while thinking!
{Wed 20:54:49 Step:1884} Server_Comm.py: The agent lost 1 packet! Is syncmode enabled?
{Wed 20:54:49 Step:1888} Server_Comm.py: Received a new packet while thinking!
{Wed 20:54:49 Step:1890} Server_Comm.py: The agent lost 1 packet! Is syncmode enabled?
{Wed 20:54:50 Step:1934} Server_Comm.py: Received a new packet while thinking!
{Wed 20:54:50 Step:1936} Server_Comm.py: The agent lost 1 packet! Is syncmode enabled?
{Wed 20:54:50 Step:1950} Server_Comm.py: Received a new packet while thinking!
{Wed 20:54:50 Step:1952} Server_Comm.py: The agent lost 1 packet! Is syncmode enabled?
{Wed 20:54:51 Step:1980} Server_Comm.py: Received a new packet while thinking!
{Wed 20:54:51 Step:1982} Server_Comm.py: The agent lost 1 packet! Is syncmode enabled?
{Wed 20:54:51 Step:1987} Server_Comm.py: The agent lost 1 packet! Is syncmode enabled?
{Wed 20:54:51 Step:1989} Server_Comm.py: Received a new packet while thinking!
{Wed 20:54:51 Step:1993} Server_Comm.py: The agent lost 1 packet! Is syncmode enabled?
{Wed 20:54:51 Step:1996} Server_Comm.py: The agent lost 1 packet! Is syncmode enabled?
{Wed 20:54:51 Step:1999} Server_Comm.py: The agent lost 1 packet! Is syncmode enabled?
{Wed 20:54:51 Step:2002} Server_Comm.py: The agent lost 1 packet! Is syncmode enabled?
{Wed 20:54:51 Step:2005} Server_Comm.py: The agent lost 1 packet! Is syncmode enabled?
{Wed 20:54:51 Step:2008} Server_Comm.py: The agent lost 1 packet! Is syncmode enabled?
{Wed 20:54:51 Step:2009} Server_Comm.py: Received a new packet while thinking!
{Wed 20:54:52 Step:2011} Server_Comm.py: The agent lost 1 packet! Is syncmode enabled?
{Wed 20:54:52 Step:2011} Server_Comm.py: Received a new packet while thinking!
{Wed 20:54:52 Step:2014} Server_Comm.py: The agent lost 2 consecutive packets! Is syncmode disabled?
{Wed 20:54:52 Step:2014} Server_Comm.py: Received a new packet while thinking!
{Wed 20:54:52 Step:2016} Server_Comm.py: The agent lost 1 packet! Is syncmode enabled?
{Wed 20:54:52 Step:2016} Server_Comm.py: Received a new packet while thinking!
{Wed 20:54:52 Step:2018} Server_Comm.py: The agent lost 1 packet! Is syncmode enabled?
{Wed 20:54:52 Step:2018} Server_Comm.py: Received a new packet while thinking!
{Wed 20:54:52 Step:2020} Server_Comm.py: The agent lost 1 packet! Is syncmode enabled?
{Wed 20:54:52 Step:2020} Server_Comm.py: Received a new packet while thinking!
{Wed 20:54:52 Step:2022} Server_Comm.py: The agent lost 1 packet! Is syncmode enabled?
{Wed 20:54:52 Step:2022} Server_Comm.py: Received a new packet while thinking!
{Wed 20:54:52 Step:2024} Server_Comm.py: The agent lost 1 packet! Is syncmode enabled?
{Wed 20:54:52 Step:2024} Server_Comm.py: Received a new packet while thinking!
{Wed 20:54:52 Step:2025} Server_Comm.py: Received a new packet while thinking!
{Wed 20:54:52 Step:2027} Server_Comm.py: The agent lost 1 packet! Is syncmode enabled?
{Wed 20:54:52 Step:2027} Server_Comm.py: Received a new packet while thinking!
{Wed 20:54:52 Step:2029} Server_Comm.py: The agent lost 1 packet! Is syncmode enabled?
{Wed 20:54:52 Step:2029} Server_Comm.py: Received a new packet while thinking!
{Wed 20:54:52 Step:2030} Server_Comm.py: Received a new packet while thinking!
{Wed 20:54:52 Step:2032} Server_Comm.py: The agent lost 1 packet! Is syncmode enabled?
{Wed 20:54:52 Step:2032} Server_Comm.py: Received a new packet while thinking!
{Wed 20:54:52 Step:2033} Server_Comm.py: Received a new packet while thinking!
{Wed 20:54:52 Step:2035} Server_Comm.py: The agent lost 1 packet! Is syncmode enabled?
{Wed 20:54:52 Step:2035} Server_Comm.py: Received a new packet while thinking!
{Wed 20:54:52 Step:2036} Server_Comm.py: Received a new packet while thinking!
{Wed 20:54:52 Step:2038} Server_Comm.py: The agent lost 1 packet! Is syncmode enabled?
{Wed 20:54:52 Step:2039} Server_Comm.py: Received a new packet while thinking!
{Wed 20:54:52 Step:2041} Server_Comm.py: The agent lost 1 packet! Is syncmode enabled?
{Wed 20:54:52 Step:2044} Server_Comm.py: The agent lost 1 packet! Is syncmode enabled?
{Wed 20:54:52 Step:2046} Server_Comm.py: Received a new packet while thinking!
{Wed 20:54:52 Step:2047} Server_Comm.py: Received a new packet while thinking!
{Wed 20:54:52 Step:2049} Server_Comm.py: The agent lost 1 packet! Is syncmode enabled?
{Wed 20:54:52 Step:2049} Server_Comm.py: Received a new packet while thinking!
{Wed 20:54:52 Step:2053} Server_Comm.py: The agent lost 1 packet! Is syncmode enabled?
{Wed 20:54:52 Step:2055} Server_Comm.py: Received a new packet while thinking!
{Wed 20:54:52 Step:2059} Server_Comm.py: The agent lost 1 packet! Is syncmode enabled?
{Wed 20:54:53 Step:2103} Server_Comm.py: Received a new packet while thinking!
{Wed 20:54:53 Step:2106} Server_Comm.py: Received a new packet while thinking!
{Wed 20:54:53 Step:2109} Server_Comm.py: Received a new packet while thinking!
{Wed 20:54:54 Step:2113} Server_Comm.py: The agent lost 1 packet! Is syncmode enabled?
{Wed 20:54:54 Step:2115} Server_Comm.py: Received a new packet while thinking!
{Wed 20:54:54 Step:2118} Server_Comm.py: Received a new packet while thinking!
{Wed 20:54:54 Step:2122} Server_Comm.py: The agent lost 1 packet! Is syncmode enabled?
{Wed 20:54:54 Step:2124} Server_Comm.py: Received a new packet while thinking!
{Wed 20:54:54 Step:2126} Server_Comm.py: Received a new packet while thinking!
{Wed 20:54:54 Step:2128} Server_Comm.py: The agent lost 1 packet! Is syncmode enabled?
{Wed 20:54:54 Step:2129} Server_Comm.py: Received a new packet while thinking!
{Wed 20:54:54 Step:2131} Server_Comm.py: The agent lost 1 packet! Is syncmode enabled?
{Wed 20:54:54 Step:2132} Server_Comm.py: Received a new packet while thinking!
{Wed 20:54:54 Step:2134} Server_Comm.py: The agent lost 1 packet! Is syncmode enabled?
{Wed 20:54:54 Step:2134} Server_Comm.py: Received a new packet while thinking!
{Wed 20:54:54 Step:2137} Server_Comm.py: The agent lost 2 consecutive packets! Is syncmode disabled?
{Wed 20:54:54 Step:2138} Server_Comm.py: Received a new packet while thinking!
{Wed 20:54:54 Step:2140} Server_Comm.py: The agent lost 1 packet! Is syncmode enabled?
{Wed 20:54:54 Step:2140} Server_Comm.py: Received a new packet while thinking!
{Wed 20:54:54 Step:2142} Server_Comm.py: The agent lost 1 packet! Is syncmode enabled?
{Wed 20:54:54 Step:2142} Server_Comm.py: Received a new packet while thinking!
{Wed 20:54:54 Step:2144} Server_Comm.py: The agent lost 1 packet! Is syncmode enabled?
{Wed 20:54:54 Step:2144} Server_Comm.py: Received a new packet while thinking!
{Wed 20:54:54 Step:2146} Server_Comm.py: The agent lost 1 packet! Is syncmode enabled?
{Wed 20:54:54 Step:2146} Server_Comm.py: Received a new packet while thinking!
{Wed 20:54:54 Step:2148} Server_Comm.py: The agent lost 1 packet! Is syncmode enabled?
{Wed 20:54:54 Step:2148} Server_Comm.py: Received a new packet while thinking!
{Wed 20:54:54 Step:2149} Server_Comm.py: Received a new packet while thinking!
{Wed 20:54:54 Step:2151} Server_Comm.py: The agent lost 1 packet! Is syncmode enabled?
{Wed 20:54:54 Step:2151} Server_Comm.py: Received a new packet while thinking!
{Wed 20:54:54 Step:2152} Server_Comm.py: Received a new packet while thinking!
{Wed 20:54:54 Step:2154} Server_Comm.py: The agent lost 1 packet! Is syncmode enabled?
{Wed 20:54:54 Step:2155} Server_Comm.py: Received a new packet while thinking!
{Wed 20:54:54 Step:2158} Server_Comm.py: The agent lost 1 packet! Is syncmode enabled?
{Wed 20:54:55 Step:2160} Server_Comm.py: Received a new packet while thinking!
{Wed 20:54:55 Step:2161} Server_Comm.py: Received a new packet while thinking!
{Wed 20:54:55 Step:2163} Server_Comm.py: The agent lost 1 packet! Is syncmode enabled?
{Wed 20:54:55 Step:2163} Server_Comm.py: Received a new packet while thinking!
{Wed 20:54:55 Step:2167} Server_Comm.py: The agent lost 1 packet! Is syncmode enabled?
