{Wed 20:54:12 Step:72} Server_Comm.py: Received a new packet while thinking!
{Wed 20:54:12 Step:73} Server_Comm.py: Received a new packet while thinking!
{Wed 20:54:12 Step:74} Server_Comm.py: Received a new packet while thinking!
{Wed 20:54:12 Step:76} Server_Comm.py: The agent lost 1 packet! Is syncmode enabled?
{Wed 20:54:12 Step:76} Server_Comm.py: Received a new packet while thinking!
{Wed 20:54:12 Step:79} Server_Comm.py: The agent lost 2 consecutive packets! Is syncmode disabled?
{Wed 20:54:12 Step:80} Server_Comm.py: Received a new packet while thinking!
{Wed 20:54:12 Step:82} Server_Comm.py: The agent lost 1 packet! Is syncmode enabled?
{Wed 20:54:12 Step:82} Server_Comm.py: Received a new packet while thinking!
{Wed 20:54:12 Step:85} Server_Comm.py: The agent lost 2 consecutive packets! Is syncmode disabled?
{Wed 20:54:12 Step:86} Server_Comm.py: Received a new packet while thinking!
{Wed 20:54:12 Step:88} Server_Comm.py: The agent lost 1 packet! Is syncmode enabled?
{Wed 20:54:12 Step:88} Server_Comm.py: Received a new packet while thinking!
{Wed 20:54:12 Step:91} Server_Comm.py: The agent lost 2 consecutive packets! Is syncmode disabled?
{Wed 20:54:12 Step:94} Server_Comm.py: The agent lost 2 consecutive packets! Is syncmode disabled?
{Wed 20:54:12 Step:95} Server_Comm.py: Received a new packet while thinking!
{Wed 20:54:12 Step:99} Server_Comm.py: The agent lost 3 consecutive packets! Is syncmode disabled?
{Wed 20:54:12 Step:99} Server_Comm.py: Received a new packet while thinking!
{Wed 20:54:12 Step:101} Server_Comm.py: The agent lost 1 packet! Is syncmode enabled?
{Wed 20:54:12 Step:101} Server_Comm.py: Received a new packet while thinking!
{Wed 20:54:12 Step:103} Server_Comm.py: The agent lost 1 packet! Is syncmode enabled?
{Wed 20:54:12 Step:103} Server_Comm.py: Received a new packet while thinking!
{Wed 20:54:12 Step:105} Server_Comm.py: The agent lost 1 packet! Is syncmode enabled?
{Wed 20:54:12 Step:105} Server_Comm.py: Received a new packet while thinking!
{Wed 20:54:12 Step:107} Server_Comm.py: The agent lost 1 packet! Is syncmode enabled?
{Wed 20:54:12 Step:107} Server_Comm.py: Received a new packet while thinking!
{Wed 20:54:13 Step:109} Server_Comm.py: The agent lost 1 packet! Is syncmode enabled?
{Wed 20:54:13 Step:109} Server_Comm.py: Received a new packet while thinking!
{Wed 20:54:13 Step:111} Server_Comm.py: The agent lost 1 packet! Is syncmode enabled?
{Wed 20:54:13 Step:111} Server_Comm.py: Received a new packet while thinking!
{Wed 20:54:13 Step:113} Server_Comm.py: The agent lost 1 packet! Is syncmode enabled?
{Wed 20:54:13 Step:113} Server_Comm.py: Received a new packet while thinking!
{Wed 20:54:13 Step:114} Server_Comm.py: Received a new packet while thinking!
{Wed 20:54:13 Step:116} Server_Comm.py: The agent lost 1 packet! Is syncmode enabled?
{Wed 20:54:13 Step:116} Server_Comm.py: Received a new packet while thinking!
{Wed 20:54:13 Step:118} Server_Comm.py: The agent lost 1 packet! Is syncmode enabled?
{Wed 20:54:13 Step:118} Server_Comm.py: Received a new packet while thinking!
{Wed 20:54:13 Step:120} Server_Comm.py: The agent lost 1 packet! Is syncmode enabled?
{Wed 20:54:13 Step:120} Server_Comm.py: Received a new packet while thinking!
{Wed 20:54:13 Step:122} Server_Comm.py: The agent lost 1 packet! Is syncmode enabled?
{Wed 20:54:13 Step:122} Server_Comm.py: Received a new packet while thinking!
{Wed 20:54:13 Step:123} Server_Comm.py: Received a new packet while thinking!
{Wed 20:54:13 Step:125} Server_Comm.py: The agent lost 1 packet! Is syncmode enabled?
{Wed 20:54:13 Step:125} Server_Comm.py: Received a new packet while thinking!
{Wed 20:54:13 Step:127} Server_Comm.py: The agent lost 1 packet! Is syncmode enabled?
{Wed 20:54:13 Step:127} Server_Comm.py: Received a new packet while thinking!
{Wed 20:54:13 Step:129} Server_Comm.py: The agent lost 1 packet! Is syncmode enabled?
{Wed 20:54:13 Step:129} Server_Comm.py: Received a new packet while thinking!
{Wed 20:54:13 Step:131} Server_Comm.py: The agent lost 1 packet! Is syncmode enabled?
{Wed 20:54:13 Step:131} Server_Comm.py: Received a new packet while thinking!
{Wed 20:54:13 Step:133} Server_Comm.py: The agent lost 1 packet! Is syncmode enabled?
{Wed 20:54:13 Step:136} Server_Comm.py: The agent lost 1 packet! Is syncmode enabled?
{Wed 20:54:13 Step:139} Server_Comm.py: The agent lost 1 packet! Is syncmode enabled?
{Wed 20:54:13 Step:140} Server_Comm.py: Received a new packet while thinking!
{Wed 20:54:13 Step:142} Server_Comm.py: The agent lost 1 packet! Is syncmode enabled?
{Wed 20:54:13 Step:142} Server_Comm.py: Received a new packet while thinking!
{Wed 20:54:13 Step:144} Server_Comm.py: The agent lost 1 packet! Is syncmode enabled?
{Wed 20:54:13 Step:144} Server_Comm.py: Received a new packet while thinking!
{Wed 20:54:13 Step:145} Server_Comm.py: Received a new packet while thinking!
{Wed 20:54:13 Step:148} Server_Comm.py: The agent lost 2 consecutive packets! Is syncmode disabled?
{Wed 20:54:13 Step:151} Server_Comm.py: The agent lost 1 packet! Is syncmode enabled?
{Wed 20:54:13 Step:154} Server_Comm.py: The agent lost 1 packet! Is syncmode enabled?
{Wed 20:54:13 Step:157} Server_Comm.py: The agent lost 1 packet! Is syncmode enabled?
{Wed 20:54:14 Step:160} Server_Comm.py: The agent lost 1 packet! Is syncmode enabled?
{Wed 20:54:14 Step:161} Server_Comm.py: Received a new packet while thinking!
{Wed 20:54:14 Step:165} Server_Comm.py: The agent lost 3 consecutive packets! Is syncmode disabled?
{Wed 20:54:14 Step:165} Server_Comm.py: Received a new packet while thinking!
{Wed 20:54:14 Step:166} Server_Comm.py: Received a new packet while thinking!
{Wed 20:54:14 Step:169} Server_Comm.py: The agent lost 2 consecutive packets! Is syncmode disabled?
{Wed 20:54:14 Step:170} Server_Comm.py: Received a new packet while thinking!
{Wed 20:54:14 Step:172} Server_Comm.py: The agent lost 1 packet! Is syncmode enabled?
{Wed 20:54:14 Step:172} Server_Comm.py: Received a new packet while on world.update()!
{Wed 20:54:14 Step:174} Server_Comm.py: The agent lost 1 packet! Is syncmode enabled?
{Wed 20:54:14 Step:174} Server_Comm.py: Received a new packet while thinking!
{Wed 20:54:14 Step:175} Server_Comm.py: Received a new packet while thinking!
{Wed 20:54:14 Step:178} Server_Comm.py: The agent lost 2 consecutive packets! Is syncmode disabled?
{Wed 20:54:14 Step:179} Server_Comm.py: Received a new packet while thinking!
{Wed 20:54:14 Step:181} Server_Comm.py: The agent lost 1 packet! Is syncmode enabled?
{Wed 20:54:14 Step:181} Server_Comm.py: Received a new packet while thinking!
{Wed 20:54:14 Step:184} Server_Comm.py: The agent lost 2 consecutive packets! Is syncmode disabled?
{Wed 20:54:14 Step:185} Server_Comm.py: Received a new packet while thinking!
{Wed 20:54:14 Step:187} Server_Comm.py: The agent lost 1 packet! Is syncmode enabled?
{Wed 20:54:14 Step:187} Server_Comm.py: Received a new packet while on world.update()!
{Wed 20:54:14 Step:189} Server_Comm.py: The agent lost 1 packet! Is syncmode enabled?
{Wed 20:54:14 Step:189} Server_Comm.py: Received a new packet while thinking!
{Wed 20:54:14 Step:190} Server_Comm.py: Received a new packet while thinking!
{Wed 20:54:14 Step:193} Server_Comm.py: The agent lost 2 consecutive packets! Is syncmode disabled?
{Wed 20:54:14 Step:193} Server_Comm.py: Received a new packet while thinking!
{Wed 20:54:14 Step:195} Server_Comm.py: The agent lost 1 packet! Is syncmode enabled?
{Wed 20:54:14 Step:195} Server_Comm.py: Received a new packet while thinking!
{Wed 20:54:14 Step:197} Server_Comm.py: The agent lost 1 packet! Is syncmode enabled?
{Wed 20:54:14 Step:197} Server_Comm.py: Received a new packet while thinking!
{Wed 20:54:14 Step:198} Server_Comm.py: Received a new packet while thinking!
{Wed 20:54:14 Step:200} Server_Comm.py: The agent lost 1 packet! Is syncmode enabled?
{Wed 20:54:14 Step:200} Server_Comm.py: Received a new packet while thinking!
{Wed 20:54:14 Step:202} Server_Comm.py: The agent lost 1 packet! Is syncmode enabled?
{Wed 20:54:14 Step:202} Server_Comm.py: Received a new packet while thinking!
{Wed 20:54:14 Step:204} Server_Comm.py: The agent lost 1 packet! Is syncmode enabled?
{Wed 20:54:14 Step:205} Server_Comm.py: Received a new packet while thinking!
{Wed 20:54:14 Step:208} Server_Comm.py: The agent lost 2 consecutive packets! Is syncmode disabled?
{Wed 20:54:15 Step:211} Server_Comm.py: The agent lost 1 packet! Is syncmode enabled?
{Wed 20:54:15 Step:212} Server_Comm.py: Received a new packet while thinking!
{Wed 20:54:15 Step:214} Server_Comm.py: The agent lost 1 packet! Is syncmode enabled?
{Wed 20:54:15 Step:214} Server_Comm.py: Received a new packet while thinking!
{Wed 20:54:15 Step:217} Server_Comm.py: The agent lost 2 consecutive packets! Is syncmode disabled?
{Wed 20:54:15 Step:218} Server_Comm.py: Received a new packet while thinking!
{Wed 20:54:15 Step:220} Server_Comm.py: The agent lost 1 packet! Is syncmode enabled?
{Wed 20:54:15 Step:220} Server_Comm.py: Received a new packet while thinking!
{Wed 20:54:15 Step:223} Server_Comm.py: The agent lost 2 consecutive packets! Is syncmode disabled?
{Wed 20:54:15 Step:224} Server_Comm.py: Received a new packet while thinking!
{Wed 20:54:15 Step:226} Server_Comm.py: The agent lost 1 packet! Is syncmode enabled?
{Wed 20:54:15 Step:226} Server_Comm.py: Received a new packet while thinking!
{Wed 20:54:15 Step:229} Server_Comm.py: The agent lost 2 consecutive packets! Is syncmode disabled?
{Wed 20:54:15 Step:230} Server_Comm.py: Received a new packet while thinking!
{Wed 20:54:15 Step:232} Server_Comm.py: The agent lost 1 packet! Is syncmode enabled?
{Wed 20:54:15 Step:232} Server_Comm.py: Received a new packet while thinking!
{Wed 20:54:15 Step:235} Server_Comm.py: The agent lost 2 consecutive packets! Is syncmode disabled?
{Wed 20:54:15 Step:236} Server_Comm.py: Received a new packet while thinking!
{Wed 20:54:15 Step:238} Server_Comm.py: The agent lost 1 packet! Is syncmode enabled?
{Wed 20:54:15 Step:238} Server_Comm.py: Received a new packet while thinking!
{Wed 20:54:15 Step:241} Server_Comm.py: The agent lost 2 consecutive packets! Is syncmode disabled?
{Wed 20:54:15 Step:241} Server_Comm.py: Received a new packet while thinking!
{Wed 20:54:15 Step:243} Server_Comm.py: The agent lost 1 packet! Is syncmode enabled?
{Wed 20:54:15 Step:243} Server_Comm.py: Received a new packet while thinking!
{Wed 20:54:15 Step:244} Server_Comm.py: Received a new packet while thinking!
{Wed 20:54:15 Step:247} Server_Comm.py: The agent lost 2 consecutive packets! Is syncmode disabled?
{Wed 20:54:15 Step:250} Server_Comm.py: The agent lost 1 packet! Is syncmode enabled?
{Wed 20:54:15 Step:251} Server_Comm.py: Received a new packet while thinking!
{Wed 20:54:15 Step:253} Server_Comm.py: The agent lost 1 packet! Is syncmode enabled?
{Wed 20:54:15 Step:253} Server_Comm.py: Received a new packet while thinking!
{Wed 20:54:15 Step:255} Server_Comm.py: The agent lost 1 packet! Is syncmode enabled?
{Wed 20:54:15 Step:255} Server_Comm.py: Received a new packet while thinking!
{Wed 20:54:16 Step:256} Server_Comm.py: Received a new packet while thinking!
{Wed 20:54:16 Step:258} Server_Comm.py: The agent lost 1 packet! Is syncmode enabled?
{Wed 20:54:16 Step:258} Server_Comm.py: Received a new packet while thinking!
{Wed 20:54:16 Step:259} Server_Comm.py: Received a new packet while thinking!
{Wed 20:54:16 Step:262} Server_Comm.py: The agent lost 2 consecutive packets! Is syncmode disabled?
{Wed 20:54:16 Step:265} Server_Comm.py: The agent lost 1 packet! Is syncmode enabled?
{Wed 20:54:16 Step:266} Server_Comm.py: Received a new packet while thinking!
{Wed 20:54:16 Step:268} Server_Comm.py: The agent lost 1 packet! Is syncmode enabled?
{Wed 20:54:16 Step:268} Server_Comm.py: Received a new packet while thinking!
{Wed 20:54:16 Step:270} Server_Comm.py: The agent lost 1 packet! Is syncmode enabled?
{Wed 20:54:16 Step:270} Server_Comm.py: Received a new packet while thinking!
{Wed 20:54:16 Step:271} Server_Comm.py: Received a new packet while thinking!
{Wed 20:54:16 Step:273} Server_Comm.py: The agent lost 1 packet! Is syncmode enabled?
{Wed 20:54:16 Step:273} Server_Comm.py: Received a new packet while thinking!
{Wed 20:54:16 Step:274} Server_Comm.py: Received a new packet while thinking!
{Wed 20:54:16 Step:276} Server_Comm.py: The agent lost 1 packet! Is syncmode enabled?
{Wed 20:54:16 Step:276} Server_Comm.py: Received a new packet while thinking!
{Wed 20:54:16 Step:277} Server_Comm.py: Received a new packet while thinking!
{Wed 20:54:16 Step:279} Server_Comm.py: The agent lost 1 packet! Is syncmode enabled?
{Wed 20:54:16 Step:279} Server_Comm.py: Received a new packet while thinking!
{Wed 20:54:16 Step:280} Server_Comm.py: Received a new packet while thinking!
{Wed 20:54:16 Step:282} Server_Comm.py: The agent lost 1 packet! Is syncmode enabled?
{Wed 20:54:16 Step:283} Server_Comm.py: Received a new packet while thinking!
{Wed 20:54:16 Step:285} Server_Comm.py: The agent lost 1 packet! Is syncmode enabled?
{Wed 20:54:16 Step:286} Server_Comm.py: Received a new packet while thinking!
{Wed 20:54:16 Step:289} Server_Comm.py: The agent lost 2 consecutive packets! Is syncmode disabled?
{Wed 20:54:16 Step:292} Server_Comm.py: The agent lost 1 packet! Is syncmode enabled?
{Wed 20:54:16 Step:295} Server_Comm.py: The agent lost 1 packet! Is syncmode enabled?
{Wed 20:54:16 Step:296} Server_Comm.py: Received a new packet while thinking!
{Wed 20:54:16 Step:298} Server_Comm.py: The agent lost 1 packet! Is syncmode enabled?
{Wed 20:54:16 Step:299} Server_Comm.py: Received a new packet while thinking!
{Wed 20:54:16 Step:301} Server_Comm.py: The agent lost 1 packet! Is syncmode enabled?
{Wed 20:54:16 Step:301} Server_Comm.py: Received a new packet while thinking!
{Wed 20:54:16 Step:303} Server_Comm.py: The agent lost 1 packet! Is syncmode enabled?
{Wed 20:54:16 Step:303} Server_Comm.py: Received a new packet while thinking!
{Wed 20:54:16 Step:306} Server_Comm.py: The agent lost 2 consecutive packets! Is syncmode disabled?
{Wed 20:54:17 Step:306} Server_Comm.py: Received a new packet while thinking!
{Wed 20:54:17 Step:309} Server_Comm.py: The agent lost 2 consecutive packets! Is syncmode disabled?
{Wed 20:54:17 Step:309} Server_Comm.py: Received a new packet while thinking!
{Wed 20:54:17 Step:312} Server_Comm.py: The agent lost 2 consecutive packets! Is syncmode disabled?
{Wed 20:54:17 Step:312} Server_Comm.py: Received a new packet while thinking!
{Wed 20:54:17 Step:313} Server_Comm.py: Received a new packet while thinking!
{Wed 20:54:17 Step:316} Server_Comm.py: The agent lost 2 consecutive packets! Is syncmode disabled?
{Wed 20:54:17 Step:316} Server_Comm.py: Received a new packet while thinking!
{Wed 20:54:17 Step:319} Server_Comm.py: The agent lost 2 consecutive packets! Is syncmode disabled?
{Wed 20:54:17 Step:320} Server_Comm.py: Received a new packet while thinking!
{Wed 20:54:17 Step:322} Server_Comm.py: The agent lost 1 packet! Is syncmode enabled?
{Wed 20:54:17 Step:322} Server_Comm.py: Received a new packet while thinking!
{Wed 20:54:17 Step:325} Server_Comm.py: The agent lost 2 consecutive packets! Is syncmode disabled?
{Wed 20:54:17 Step:325} Server_Comm.py: Received a new packet while thinking!
{Wed 20:54:17 Step:328} Server_Comm.py: The agent lost 2 consecutive packets! Is syncmode disabled?
{Wed 20:54:17 Step:329} Server_Comm.py: Received a new packet while thinking!
{Wed 20:54:17 Step:333} Server_Comm.py: The agent lost 3 consecutive packets! Is syncmode disabled?
{Wed 20:54:17 Step:334} Server_Comm.py: Received a new packet while thinking!
{Wed 20:54:17 Step:337} Server_Comm.py: The agent lost 2 consecutive packets! Is syncmode disabled?
{Wed 20:54:17 Step:338} Server_Comm.py: Received a new packet while thinking!
{Wed 20:54:17 Step:342} Server_Comm.py: The agent lost 3 consecutive packets! Is syncmode disabled?
{Wed 20:54:17 Step:342} Server_Comm.py: Received a new packet while thinking!
{Wed 20:54:17 Step:344} Server_Comm.py: The agent lost 1 packet! Is syncmode enabled?
{Wed 20:54:17 Step:344} Server_Comm.py: Received a new packet while thinking!
{Wed 20:54:17 Step:347} Server_Comm.py: The agent lost 2 consecutive packets! Is syncmode disabled?
{Wed 20:54:17 Step:347} Server_Comm.py: Received a new packet while thinking!
{Wed 20:54:17 Step:349} Server_Comm.py: The agent lost 1 packet! Is syncmode enabled?
{Wed 20:54:17 Step:349} Server_Comm.py: Received a new packet while thinking!
{Wed 20:54:17 Step:351} Server_Comm.py: The agent lost 1 packet! Is syncmode enabled?
{Wed 20:54:17 Step:351} Server_Comm.py: Received a new packet while thinking!
{Wed 20:54:17 Step:353} Server_Comm.py: The agent lost 1 packet! Is syncmode enabled?
{Wed 20:54:17 Step:353} Server_Comm.py: Received a new packet while thinking!
{Wed 20:54:17 Step:355} Server_Comm.py: The agent lost 1 packet! Is syncmode enabled?
{Wed 20:54:17 Step:355} Server_Comm.py: Received a new packet while thinking!
{Wed 20:54:17 Step:357} Server_Comm.py: The agent lost 1 packet! Is syncmode enabled?
{Wed 20:54:18 Step:357} Server_Comm.py: Received a new packet while thinking!
{Wed 20:54:18 Step:359} Server_Comm.py: The agent lost 1 packet! Is syncmode enabled?
{Wed 20:54:18 Step:359} Server_Comm.py: Received a new packet while thinking!
{Wed 20:54:18 Step:361} Server_Comm.py: The agent lost 1 packet! Is syncmode enabled?
{Wed 20:54:18 Step:361} Server_Comm.py: Received a new packet while thinking!
{Wed 20:54:18 Step:363} Server_Comm.py: The agent lost 1 packet! Is syncmode enabled?
{Wed 20:54:18 Step:363} Server_Comm.py: Received a new packet while thinking!
{Wed 20:54:18 Step:365} Server_Comm.py: The agent lost 1 packet! Is syncmode enabled?
{Wed 20:54:18 Step:365} Server_Comm.py: Received a new packet while thinking!
{Wed 20:54:18 Step:367} Server_Comm.py: The agent lost 1 packet! Is syncmode enabled?
{Wed 20:54:18 Step:367} Server_Comm.py: Received a new packet while thinking!
{Wed 20:54:18 Step:368} Server_Comm.py: Received a new packet while thinking!
{Wed 20:54:18 Step:371} Server_Comm.py: The agent lost 2 consecutive packets! Is syncmode disabled?
{Wed 20:54:18 Step:372} Server_Comm.py: Received a new packet while thinking!
{Wed 20:54:18 Step:373} Server_Comm.py: Received a new packet while thinking!
{Wed 20:54:18 Step:375} Server_Comm.py: The agent lost 1 packet! Is syncmode enabled?
{Wed 20:54:18 Step:375} Server_Comm.py: Received a new packet while thinking!
{Wed 20:54:18 Step:377} Server_Comm.py: The agent lost 1 packet! Is syncmode enabled?
{Wed 20:54:18 Step:377} Server_Comm.py: Received a new packet while thinking!
{Wed 20:54:18 Step:379} Server_Comm.py: The agent lost 1 packet! Is syncmode enabled?
{Wed 20:54:18 Step:379} Server_Comm.py: Received a new packet while on world.update()!
{Wed 20:54:18 Step:380} Server_Comm.py: Received a new packet while thinking!
{Wed 20:54:18 Step:381} Server_Comm.py: Received a new packet while thinking!
{Wed 20:54:18 Step:383} Server_Comm.py: The agent lost 1 packet! Is syncmode enabled?
{Wed 20:54:18 Step:383} Server_Comm.py: Received a new packet while thinking!
{Wed 20:54:18 Step:384} Server_Comm.py: Received a new packet while thinking!
{Wed 20:54:18 Step:386} Server_Comm.py: The agent lost 1 packet! Is syncmode enabled?
{Wed 20:54:18 Step:386} Server_Comm.py: Received a new packet while thinking!
{Wed 20:54:18 Step:388} Server_Comm.py: The agent lost 1 packet! Is syncmode enabled?
{Wed 20:54:18 Step:388} Server_Comm.py: Received a new packet while thinking!
{Wed 20:54:18 Step:389} Server_Comm.py: Received a new packet while thinking!
{Wed 20:54:18 Step:391} Server_Comm.py: The agent lost 1 packet! Is syncmode enabled?
{Wed 20:54:18 Step:391} Server_Comm.py: Received a new packet while thinking!
{Wed 20:54:18 Step:393} Server_Comm.py: The agent lost 1 packet! Is syncmode enabled?
{Wed 20:54:18 Step:393} Server_Comm.py: Received a new packet while thinking!
{Wed 20:54:18 Step:395} Server_Comm.py: The agent lost 1 packet! Is syncmode enabled?
{Wed 20:54:18 Step:395} Server_Comm.py: Received a new packet while thinking!
{Wed 20:54:18 Step:396} Server_Comm.py: Received a new packet while thinking!
{Wed 20:54:18 Step:398} Server_Comm.py: The agent lost 1 packet! Is syncmode enabled?
{Wed 20:54:18 Step:398} Server_Comm.py: Received a new packet while thinking!
{Wed 20:54:18 Step:400} Server_Comm.py: The agent lost 1 packet! Is syncmode enabled?
{Wed 20:54:18 Step:403} Server_Comm.py: The agent lost 1 packet! Is syncmode enabled?
{Wed 20:54:18 Step:406} Server_Comm.py: The agent lost 1 packet! Is syncmode enabled?
{Wed 20:54:19 Step:407} Server_Comm.py: Received a new packet while thinking!
{Wed 20:54:19 Step:409} Server_Comm.py: The agent lost 1 packet! Is syncmode enabled?
{Wed 20:54:19 Step:409} Server_Comm.py: Received a new packet while thinking!
{Wed 20:54:19 Step:411} Server_Comm.py: The agent lost 1 packet! Is syncmode enabled?
{Wed 20:54:19 Step:414} Server_Comm.py: The agent lost 1 packet! Is syncmode enabled?
{Wed 20:54:19 Step:415} Server_Comm.py: Received a new packet while thinking!
{Wed 20:54:19 Step:417} Server_Comm.py: The agent lost 1 packet! Is syncmode enabled?
{Wed 20:54:19 Step:419} Server_Comm.py: Received a new packet while thinking!
{Wed 20:54:19 Step:421} Server_Comm.py: The agent lost 1 packet! Is syncmode enabled?
{Wed 20:54:19 Step:422} Server_Comm.py: Received a new packet while thinking!
{Wed 20:54:19 Step:424} Server_Comm.py: The agent lost 1 packet! Is syncmode enabled?
{Wed 20:54:19 Step:424} Server_Comm.py: Received a new packet while thinking!
{Wed 20:54:19 Step:426} Server_Comm.py: The agent lost 1 packet! Is syncmode enabled?
{Wed 20:54:19 Step:426} Server_Comm.py: Received a new packet while thinking!
{Wed 20:54:19 Step:428} Server_Comm.py: The agent lost 1 packet! Is syncmode enabled?
{Wed 20:54:19 Step:429} Server_Comm.py: Received a new packet while thinking!
{Wed 20:54:19 Step:433} Server_Comm.py: The agent lost 1 packet! Is syncmode enabled?
{Wed 20:54:19 Step:436} Server_Comm.py: Received a new packet while thinking!
{Wed 20:54:19 Step:438} Server_Comm.py: The agent lost 1 packet! Is syncmode enabled?
{Wed 20:54:19 Step:446} Server_Comm.py: The agent lost 1 packet! Is syncmode enabled?
{Wed 20:54:20 Step:504} Server_Comm.py: Received a new packet while thinking!
{Wed 20:54:21 Step:510} Server_Comm.py: Received a new packet while thinking!
{Wed 20:54:21 Step:513} Server_Comm.py: Received a new packet while thinking!
{Wed 20:54:21 Step:516} Server_Comm.py: Received a new packet while thinking!
{Wed 20:54:24 Step:649} Server_Comm.py: Received a new packet while thinking!
{Wed 20:54:25 Step:651} Server_Comm.py: The agent lost 1 packet! Is syncmode enabled?
{Wed 20:54:25 Step:655} Server_Comm.py: Received a new packet while thinking!
{Wed 20:54:25 Step:657} Server_Comm.py: The agent lost 1 packet! Is syncmode enabled?
{Wed 20:54:25 Step:661} Server_Comm.py: Received a new packet while thinking!
{Wed 20:54:25 Step:663} Server_Comm.py: The agent lost 1 packet! Is syncmode enabled?
{Wed 20:54:25 Step:665} Server_Comm.py: Received a new packet while thinking!
{Wed 20:54:25 Step:667} Server_Comm.py: The agent lost 1 packet! Is syncmode enabled?
{Wed 20:54:25 Step:669} Server_Comm.py: Received a new packet while thinking!
{Wed 20:54:25 Step:671} Server_Comm.py: The agent lost 1 packet! Is syncmode enabled?
{Wed 20:54:25 Step:672} Server_Comm.py: Received a new packet while thinking!
{Wed 20:54:25 Step:674} Server_Comm.py: The agent lost 1 packet! Is syncmode enabled?
{Wed 20:54:25 Step:676} Server_Comm.py: Received a new packet while thinking!
{Wed 20:54:25 Step:678} Server_Comm.py: The agent lost 1 packet! Is syncmode enabled?
{Wed 20:54:25 Step:678} Server_Comm.py: Received a new packet while thinking!
{Wed 20:54:25 Step:680} Server_Comm.py: The agent lost 1 packet! Is syncmode enabled?
{Wed 20:54:25 Step:681} Server_Comm.py: Received a new packet while thinking!
{Wed 20:54:25 Step:683} Server_Comm.py: The agent lost 1 packet! Is syncmode enabled?
{Wed 20:54:25 Step:683} Server_Comm.py: Received a new packet while thinking!
{Wed 20:54:25 Step:685} Server_Comm.py: The agent lost 1 packet! Is syncmode enabled?
{Wed 20:54:25 Step:686} Server_Comm.py: Received a new packet while thinking!
{Wed 20:54:25 Step:688} Server_Comm.py: The agent lost 1 packet! Is syncmode enabled?
{Wed 20:54:25 Step:689} Server_Comm.py: Received a new packet while thinking!
{Wed 20:54:25 Step:691} Server_Comm.py: The agent lost 1 packet! Is syncmode enabled?
{Wed 20:54:25 Step:692} Server_Comm.py: Received a new packet while thinking!
{Wed 20:54:25 Step:694} Server_Comm.py: The agent lost 1 packet! Is syncmode enabled?
{Wed 20:54:25 Step:695} Server_Comm.py: Received a new packet while thinking!
{Wed 20:54:25 Step:697} Server_Comm.py: The agent lost 1 packet! Is syncmode enabled?
{Wed 20:54:25 Step:698} Server_Comm.py: Received a new packet while thinking!
{Wed 20:54:25 Step:700} Server_Comm.py: The agent lost 1 packet! Is syncmode enabled?
{Wed 20:54:26 Step:701} Server_Comm.py: Received a new packet while thinking!
{Wed 20:54:26 Step:703} Server_Comm.py: The agent lost 1 packet! Is syncmode enabled?
{Wed 20:54:26 Step:704} Server_Comm.py: Received a new packet while thinking!
{Wed 20:54:26 Step:706} Server_Comm.py: The agent lost 1 packet! Is syncmode enabled?
{Wed 20:54:26 Step:707} Server_Comm.py: Received a new packet while thinking!
{Wed 20:54:26 Step:709} Server_Comm.py: The agent lost 1 packet! Is syncmode enabled?
{Wed 20:54:26 Step:710} Server_Comm.py: Received a new packet while thinking!
{Wed 20:54:26 Step:712} Server_Comm.py: The agent lost 1 packet! Is syncmode enabled?
{Wed 20:54:26 Step:714} Server_Comm.py: Received a new packet while thinking!
{Wed 20:54:26 Step:716} Server_Comm.py: The agent lost 1 packet! Is syncmode enabled?
{Wed 20:54:26 Step:718} Server_Comm.py: Received a new packet while thinking!
{Wed 20:54:26 Step:720} Server_Comm.py: The agent lost 1 packet! Is syncmode enabled?
{Wed 20:54:26 Step:721} Server_Comm.py: Received a new packet while thinking!
{Wed 20:54:26 Step:723} Server_Comm.py: The agent lost 1 packet! Is syncmode enabled?
{Wed 20:54:26 Step:724} Server_Comm.py: Received a new packet while thinking!
{Wed 20:54:26 Step:726} Server_Comm.py: The agent lost 1 packet! Is syncmode enabled?
{Wed 20:54:26 Step:727} Server_Comm.py: Received a new packet while thinking!
{Wed 20:54:26 Step:729} Server_Comm.py: The agent lost 1 packet! Is syncmode enabled?
{Wed 20:54:26 Step:730} Server_Comm.py: Received a new packet while thinking!
{Wed 20:54:26 Step:732} Server_Comm.py: The agent lost 1 packet! Is syncmode enabled?
{Wed 20:54:26 Step:734} Server_Comm.py: Received a new packet while thinking!
{Wed 20:54:26 Step:736} Server_Comm.py: The agent lost 1 packet! Is syncmode enabled?
{Wed 20:54:26 Step:738} Server_Comm.py: Received a new packet while thinking!
{Wed 20:54:26 Step:740} Server_Comm.py: The agent lost 1 packet! Is syncmode enabled?
{Wed 20:54:26 Step:744} Server_Comm.py: Received a new packet while thinking!
{Wed 20:54:26 Step:746} Server_Comm.py: The agent lost 1 packet! Is syncmode enabled?
{Wed 20:54:26 Step:749} Server_Comm.py: Received a new packet while thinking!
{Wed 20:54:27 Step:751} Server_Comm.py: The agent lost 1 packet! Is syncmode enabled?
{Wed 20:54:27 Step:758} Server_Comm.py: Received a new packet while thinking!
{Wed 20:54:27 Step:760} Server_Comm.py: The agent lost 1 packet! Is syncmode enabled?
{Wed 20:54:27 Step:764} Server_Comm.py: Received a new packet while thinking!
{Wed 20:54:27 Step:766} Server_Comm.py: The agent lost 1 packet! Is syncmode enabled?
{Wed 20:54:27 Step:768} Server_Comm.py: Received a new packet while thinking!
{Wed 20:54:27 Step:770} Server_Comm.py: The agent lost 1 packet! Is syncmode enabled?
{Wed 20:54:27 Step:774} Server_Comm.py: Received a new packet while thinking!
{Wed 20:54:27 Step:776} Server_Comm.py: The agent lost 1 packet! Is syncmode enabled?
{Wed 20:54:27 Step:782} Server_Comm.py: Received a new packet while thinking!
{Wed 20:54:27 Step:784} Server_Comm.py: The agent lost 1 packet! Is syncmode enabled?
{Wed 20:54:27 Step:788} Server_Comm.py: The agent lost 1 packet! Is syncmode enabled?
{Wed 20:54:27 Step:788} Server_Comm.py: Received a new packet while thinking!
{Wed 20:54:27 Step:794} Server_Comm.py: Received a new packet while thinking!
{Wed 20:54:27 Step:796} Server_Comm.py: The agent lost 1 packet! Is syncmode enabled?
{Wed 20:54:28 Step:800} Server_Comm.py: Received a new packet while thinking!
{Wed 20:54:28 Step:802} Server_Comm.py: The agent lost 1 packet! Is syncmode enabled?
{Wed 20:54:28 Step:807} Server_Comm.py: The agent lost 1 packet! Is syncmode enabled?
{Wed 20:54:28 Step:810} Server_Comm.py: Received a new packet while thinking!
{Wed 20:54:28 Step:812} Server_Comm.py: The agent lost 1 packet! Is syncmode enabled?
{Wed 20:54:28 Step:817} Server_Comm.py: The agent lost 1 packet! Is syncmode enabled?
{Wed 20:54:28 Step:819} Server_Comm.py: Received a new packet while thinking!
{Wed 20:54:28 Step:840} Server_Comm.py: Received a new packet while thinking!
{Wed 20:54:28 Step:843} Server_Comm.py: Received a new packet while thinking!
{Wed 20:54:28 Step:846} Server_Comm.py: Received a new packet while thinking!
{Wed 20:54:28 Step:849} Server_Comm.py: Received a new packet while thinking!
{Wed 20:54:29 Step:852} Server_Comm.py: Received a new packet while thinking!
{Wed 20:54:29 Step:855} Server_Comm.py: Received a new packet while thinking!
{Wed 20:54:29 Step:858} Server_Comm.py: Received a new packet while thinking!
{Wed 20:54:29 Step:861} Server_Comm.py: Received a new packet while thinking!
{Wed 20:54:31 Step:974} Server_Comm.py: Received a new packet while thinking!
{Wed 20:54:31 Step:976} Server_Comm.py: The agent lost 1 packet! Is syncmode enabled?
{Wed 20:54:31 Step:979} Server_Comm.py: Received a new packet while thinking!
{Wed 20:54:31 Step:981} Server_Comm.py: The agent lost 1 packet! Is syncmode enabled?
{Wed 20:54:31 Step:982} Server_Comm.py: Received a new packet while thinking!
{Wed 20:54:31 Step:984} Server_Comm.py: The agent lost 1 packet! Is syncmode enabled?
{Wed 20:54:31 Step:985} Server_Comm.py: Received a new packet while thinking!
{Wed 20:54:31 Step:987} Server_Comm.py: The agent lost 1 packet! Is syncmode enabled?
{Wed 20:54:31 Step:988} Server_Comm.py: Received a new packet while thinking!
{Wed 20:54:31 Step:990} Server_Comm.py: The agent lost 1 packet! Is syncmode enabled?
{Wed 20:54:31 Step:992} Server_Comm.py: The agent lost 1 packet! Is syncmode enabled?
{Wed 20:54:31 Step:992} Server_Comm.py: Received a new packet while thinking!
{Wed 20:54:31 Step:993} Server_Comm.py: Received a new packet while thinking!
{Wed 20:54:31 Step:996} Server_Comm.py: The agent lost 2 consecutive packets! Is syncmode disabled?
{Wed 20:54:32 Step:998} Server_Comm.py: Received a new packet while thinking!
{Wed 20:54:32 Step:1000} Server_Comm.py: The agent lost 1 packet! Is syncmode enabled?
{Wed 20:54:32 Step:1000} Server_Comm.py: Received a new packet while thinking!
{Wed 20:54:32 Step:1002} Server_Comm.py: The agent lost 1 packet! Is syncmode enabled?
{Wed 20:54:32 Step:1002} Server_Comm.py: Received a new packet while thinking!
{Wed 20:54:32 Step:1004} Server_Comm.py: The agent lost 1 packet! Is syncmode enabled?
{Wed 20:54:32 Step:1004} Server_Comm.py: Received a new packet while thinking!
{Wed 20:54:32 Step:1006} Server_Comm.py: The agent lost 1 packet! Is syncmode enabled?
{Wed 20:54:32 Step:1006} Server_Comm.py: Received a new packet while thinking!
{Wed 20:54:32 Step:1008} Server_Comm.py: The agent lost 1 packet! Is syncmode enabled?
{Wed 20:54:32 Step:1008} Server_Comm.py: Received a new packet while thinking!
{Wed 20:54:32 Step:1010} Server_Comm.py: The agent lost 1 packet! Is syncmode enabled?
{Wed 20:54:32 Step:1010} Server_Comm.py: Received a new packet while thinking!
{Wed 20:54:32 Step:1011} Server_Comm.py: Received a new packet while thinking!
{Wed 20:54:32 Step:1013} Server_Comm.py: The agent lost 1 packet! Is syncmode enabled?
{Wed 20:54:32 Step:1017} Server_Comm.py: The agent lost 1 packet! Is syncmode enabled?
{Wed 20:54:32 Step:1017} Server_Comm.py: Received a new packet while thinking!
{Wed 20:54:32 Step:1019} Server_Comm.py: The agent lost 1 packet! Is syncmode enabled?
{Wed 20:54:32 Step:1020} Server_Comm.py: Received a new packet while thinking!
{Wed 20:54:32 Step:1022} Server_Comm.py: The agent lost 1 packet! Is syncmode enabled?
{Wed 20:54:32 Step:1024} Server_Comm.py: Received a new packet while thinking!
{Wed 20:54:32 Step:1026} Server_Comm.py: The agent lost 1 packet! Is syncmode enabled?
{Wed 20:54:32 Step:1030} Server_Comm.py: The agent lost 1 packet! Is syncmode enabled?
{Wed 20:54:32 Step:1032} Server_Comm.py: Received a new packet while thinking!
{Wed 20:54:32 Step:1034} Server_Comm.py: The agent lost 1 packet! Is syncmode enabled?
{Wed 20:54:32 Step:1035} Server_Comm.py: Received a new packet while thinking!
{Wed 20:54:32 Step:1037} Server_Comm.py: The agent lost 1 packet! Is syncmode enabled?
{Wed 20:54:32 Step:1044} Server_Comm.py: Received a new packet while thinking!
{Wed 20:54:32 Step:1046} Server_Comm.py: The agent lost 1 packet! Is syncmode enabled?
{Wed 20:54:33 Step:1051} Server_Comm.py: Received a new packet while thinking!
{Wed 20:54:33 Step:1053} Server_Comm.py: The agent lost 1 packet! Is syncmode enabled?
{Wed 20:54:33 Step:1083} Server_Comm.py: The agent lost 1 packet! Is syncmode enabled?
{Wed 20:54:33 Step:1093} Server_Comm.py: Received a new packet while thinking!
{Wed 20:54:33 Step:1095} Server_Comm.py: The agent lost 1 packet! Is syncmode enabled?
{Wed 20:54:34 Step:1105} Server_Comm.py: Received a new packet while thinking!
{Wed 20:54:34 Step:1107} Server_Comm.py: The agent lost 1 packet! Is syncmode enabled?
{Wed 20:54:34 Step:1112} Server_Comm.py: Received a new packet while thinking!
{Wed 20:54:34 Step:1114} Server_Comm.py: The agent lost 1 packet! Is syncmode enabled?
{Wed 20:54:34 Step:1119} Server_Comm.py: The agent lost 1 packet! Is syncmode enabled?
{Wed 20:54:34 Step:1125} Server_Comm.py: The agent lost 1 packet! Is syncmode enabled?
{Wed 20:54:34 Step:1131} Server_Comm.py: The agent lost 1 packet! Is syncmode enabled?
{Wed 20:54:34 Step:1133} Server_Comm.py: Received a new packet while thinking!
{Wed 20:54:34 Step:1135} Server_Comm.py: The agent lost 1 packet! Is syncmode enabled?
{Wed 20:54:34 Step:1137} Server_Comm.py: Received a new packet while thinking!
{Wed 20:54:34 Step:1142} Server_Comm.py: Received a new packet while thinking!
{Wed 20:54:34 Step:1144} Server_Comm.py: The agent lost 1 packet! Is syncmode enabled?
{Wed 20:54:38 Step:1330} Server_Comm.py: Received a new packet while thinking!
{Wed 20:54:38 Step:1332} Server_Comm.py: The agent lost 1 packet! Is syncmode enabled?
{Wed 20:54:38 Step:1339} Server_Comm.py: Received a new packet while thinking!
{Wed 20:54:38 Step:1341} Server_Comm.py: The agent lost 1 packet! Is syncmode enabled?
{Wed 20:54:38 Step:1344} Server_Comm.py: Received a new packet while thinking!
{Wed 20:54:38 Step:1346} Server_Comm.py: The agent lost 1 packet! Is syncmode enabled?
{Wed 20:54:39 Step:1350} Server_Comm.py: Received a new packet while thinking!
{Wed 20:54:39 Step:1352} Server_Comm.py: The agent lost 1 packet! Is syncmode enabled?
{Wed 20:54:39 Step:1356} Server_Comm.py: Received a new packet while thinking!
{Wed 20:54:39 Step:1358} Server_Comm.py: The agent lost 1 packet! Is syncmode enabled?
{Wed 20:54:39 Step:1362} Server_Comm.py: Received a new packet while thinking!
{Wed 20:54:39 Step:1364} Server_Comm.py: The agent lost 1 packet! Is syncmode enabled?
{Wed 20:54:39 Step:1374} Server_Comm.py: Received a new packet while thinking!
{Wed 20:54:39 Step:1376} Server_Comm.py: The agent lost 1 packet! Is syncmode enabled?
{Wed 20:54:39 Step:1384} Server_Comm.py: Received a new packet while thinking!
{Wed 20:54:39 Step:1386} Server_Comm.py: The agent lost 1 packet! Is syncmode enabled?
{Wed 20:54:39 Step:1390} Server_Comm.py: Received a new packet while thinking!
{Wed 20:54:39 Step:1392} Server_Comm.py: The agent lost 1 packet! Is syncmode enabled?
{Wed 20:54:39 Step:1395} Server_Comm.py: Received a new packet while thinking!
{Wed 20:54:39 Step:1397} Server_Comm.py: The agent lost 1 packet! Is syncmode enabled?
{Wed 20:54:40 Step:1399} Server_Comm.py: Received a new packet while thinking!
{Wed 20:54:40 Step:1401} Server_Comm.py: The agent lost 1 packet! Is syncmode enabled?
{Wed 20:54:40 Step:1407} Server_Comm.py: The agent lost 1 packet! Is syncmode enabled?
{Wed 20:54:40 Step:1417} Server_Comm.py: The agent lost 1 packet! Is syncmode enabled?
{Wed 20:54:40 Step:1432} Server_Comm.py: Received a new packet while thinking!
{Wed 20:54:40 Step:1434} Server_Comm.py: The agent lost 1 packet! Is syncmode enabled?
{Wed 20:54:40 Step:1439} Server_Comm.py: Received a new packet while thinking!
{Wed 20:54:40 Step:1441} Server_Comm.py: The agent lost 1 packet! Is syncmode enabled?
{Wed 20:54:40 Step:1446} Server_Comm.py: Received a new packet while thinking!
{Wed 20:54:41 Step:1448} Server_Comm.py: The agent lost 1 packet! Is syncmode enabled?
{Wed 20:54:41 Step:1453} Server_Comm.py: The agent lost 1 packet! Is syncmode enabled?
{Wed 20:54:41 Step:1455} Server_Comm.py: Received a new packet while thinking!
{Wed 20:54:41 Step:1458} Server_Comm.py: Received a new packet while thinking!
{Wed 20:54:41 Step:1462} Server_Comm.py: The agent lost 1 packet! Is syncmode enabled?
{Wed 20:54:41 Step:1464} Server_Comm.py: Received a new packet while thinking!
{Wed 20:54:41 Step:1468} Server_Comm.py: The agent lost 1 packet! Is syncmode enabled?
{Wed 20:54:41 Step:1470} Server_Comm.py: Received a new packet while thinking!
{Wed 20:54:41 Step:1473} Server_Comm.py: Received a new packet while thinking!
{Wed 20:54:41 Step:1477} Server_Comm.py: The agent lost 1 packet! Is syncmode enabled?
{Wed 20:54:42 Step:1501} Server_Comm.py: Received a new packet while thinking!
{Wed 20:54:42 Step:1516} Server_Comm.py: Received a new packet while thinking!
{Wed 20:54:42 Step:1519} Server_Comm.py: Received a new packet while thinking!
{Wed 20:54:42 Step:1521} Server_Comm.py: Received a new packet while thinking!
{Wed 20:54:42 Step:1525} Server_Comm.py: The agent lost 1 packet! Is syncmode enabled?
{Wed 20:54:42 Step:1527} Server_Comm.py: Received a new packet while thinking!
{Wed 20:54:42 Step:1531} Server_Comm.py: The agent lost 1 packet! Is syncmode enabled?
{Wed 20:54:42 Step:1533} Server_Comm.py: Received a new packet while thinking!
{Wed 20:54:42 Step:1534} Server_Comm.py: Received a new packet while thinking!
{Wed 20:54:42 Step:1536} Server_Comm.py: The agent lost 1 packet! Is syncmode enabled?
{Wed 20:54:42 Step:1536} Server_Comm.py: Received a new packet while thinking!
{Wed 20:54:42 Step:1540} Server_Comm.py: The agent lost 1 packet! Is syncmode enabled?
{Wed 20:54:42 Step:1542} Server_Comm.py: Received a new packet while on world.update()!
{Wed 20:54:42 Step:1545} Server_Comm.py: Received a new packet while thinking!
{Wed 20:54:43 Step:1549} Server_Comm.py: The agent lost 1 packet! Is syncmode enabled?
{Wed 20:54:43 Step:1551} Server_Comm.py: Received a new packet while thinking!
{Wed 20:54:43 Step:1552} Server_Comm.py: Received a new packet while thinking!
{Wed 20:54:43 Step:1554} Server_Comm.py: The agent lost 1 packet! Is syncmode enabled?
{Wed 20:54:43 Step:1554} Server_Comm.py: Received a new packet while thinking!
{Wed 20:54:43 Step:1555} Server_Comm.py: Received a new packet while thinking!
{Wed 20:54:43 Step:1558} Server_Comm.py: The agent lost 2 consecutive packets! Is syncmode disabled?
{Wed 20:54:43 Step:1560} Server_Comm.py: Received a new packet while thinking!
{Wed 20:54:43 Step:1561} Server_Comm.py: Received a new packet while thinking!
{Wed 20:54:43 Step:1564} Server_Comm.py: The agent lost 2 consecutive packets! Is syncmode disabled?
{Wed 20:54:43 Step:1567} Server_Comm.py: The agent lost 1 packet! Is syncmode enabled?
{Wed 20:54:43 Step:1570} Server_Comm.py: The agent lost 1 packet! Is syncmode enabled?
{Wed 20:54:43 Step:1573} Server_Comm.py: The agent lost 1 packet! Is syncmode enabled?
{Wed 20:54:43 Step:1576} Server_Comm.py: The agent lost 1 packet! Is syncmode enabled?
{Wed 20:54:43 Step:1579} Server_Comm.py: The agent lost 1 packet! Is syncmode enabled?
{Wed 20:54:43 Step:1581} Server_Comm.py: Received a new packet while thinking!
{Wed 20:54:43 Step:1585} Server_Comm.py: The agent lost 1 packet! Is syncmode enabled?
{Wed 20:54:43 Step:1588} Server_Comm.py: The agent lost 1 packet! Is syncmode enabled?
{Wed 20:54:43 Step:1595} Server_Comm.py: Received a new packet while thinking!
{Wed 20:54:43 Step:1597} Server_Comm.py: The agent lost 1 packet! Is syncmode enabled?
{Wed 20:54:44 Step:1606} Server_Comm.py: Received a new packet while thinking!
{Wed 20:54:44 Step:1608} Server_Comm.py: The agent lost 1 packet! Is syncmode enabled?
{Wed 20:54:44 Step:1639} Server_Comm.py: Received a new packet while thinking!
{Wed 20:54:44 Step:1641} Server_Comm.py: Received a new packet while thinking!
{Wed 20:54:44 Step:1645} Server_Comm.py: The agent lost 1 packet! Is syncmode enabled?
{Wed 20:54:45 Step:1647} Server_Comm.py: Received a new packet while thinking!
{Wed 20:54:45 Step:1651} Server_Comm.py: The agent lost 1 packet! Is syncmode enabled?
{Wed 20:54:45 Step:1653} Server_Comm.py: Received a new packet while thinking!
{Wed 20:54:45 Step:1656} Server_Comm.py: Received a new packet while thinking!
{Wed 20:54:45 Step:1660} Server_Comm.py: The agent lost 1 packet! Is syncmode enabled?
{Wed 20:54:45 Step:1662} Server_Comm.py: Received a new packet while thinking!
{Wed 20:54:45 Step:1664} Server_Comm.py: Received a new packet while thinking!
{Wed 20:54:45 Step:1666} Server_Comm.py: The agent lost 1 packet! Is syncmode enabled?
{Wed 20:54:45 Step:1666} Server_Comm.py: Received a new packet while thinking!
{Wed 20:54:45 Step:1668} Server_Comm.py: The agent lost 1 packet! Is syncmode enabled?
{Wed 20:54:45 Step:1668} Server_Comm.py: Received a new packet while thinking!
{Wed 20:54:45 Step:1670} Server_Comm.py: The agent lost 1 packet! Is syncmode enabled?
{Wed 20:54:45 Step:1670} Server_Comm.py: Received a new packet while thinking!
{Wed 20:54:45 Step:1671} Server_Comm.py: Received a new packet while thinking!
{Wed 20:54:45 Step:1673} Server_Comm.py: The agent lost 1 packet! Is syncmode enabled?
{Wed 20:54:45 Step:1673} Server_Comm.py: Received a new packet while thinking!
{Wed 20:54:45 Step:1675} Server_Comm.py: The agent lost 1 packet! Is syncmode enabled?
{Wed 20:54:45 Step:1675} Server_Comm.py: Received a new packet while thinking!
{Wed 20:54:45 Step:1677} Server_Comm.py: The agent lost 1 packet! Is syncmode enabled?
{Wed 20:54:45 Step:1678} Server_Comm.py: Received a new packet while thinking!
{Wed 20:54:45 Step:1679} Server_Comm.py: Received a new packet while thinking!
{Wed 20:54:45 Step:1681} Server_Comm.py: The agent lost 1 packet! Is syncmode enabled?
{Wed 20:54:45 Step:1681} Server_Comm.py: Received a new packet while thinking!
{Wed 20:54:45 Step:1684} Server_Comm.py: The agent lost 2 consecutive packets! Is syncmode disabled?
{Wed 20:54:45 Step:1687} Server_Comm.py: The agent lost 1 packet! Is syncmode enabled?
{Wed 20:54:45 Step:1688} Server_Comm.py: Received a new packet while thinking!
{Wed 20:54:45 Step:1690} Server_Comm.py: The agent lost 1 packet! Is syncmode enabled?
{Wed 20:54:45 Step:1691} Server_Comm.py: Received a new packet while thinking!
{Wed 20:54:45 Step:1693} Server_Comm.py: The agent lost 1 packet! Is syncmode enabled?
{Wed 20:54:45 Step:1695} Server_Comm.py: The agent lost 1 packet! Is syncmode enabled?
{Wed 20:54:45 Step:1695} Server_Comm.py: Received a new packet while thinking!
{Wed 20:54:46 Step:1696} Server_Comm.py: Received a new packet while thinking!
{Wed 20:54:46 Step:1698} Server_Comm.py: The agent lost 1 packet! Is syncmode enabled?
{Wed 20:54:46 Step:1698} Server_Comm.py: Received a new packet while thinking!
{Wed 20:54:46 Step:1700} Server_Comm.py: The agent lost 1 packet! Is syncmode enabled?
{Wed 20:54:48 Step:1814} Server_Comm.py: The agent lost 1 packet! Is syncmode enabled?
{Wed 20:54:48 Step:1822} Server_Comm.py: The agent lost 1 packet! Is syncmode enabled?
{Wed 20:54:48 Step:1828} Server_Comm.py: The agent lost 1 packet! Is syncmode enabled?
{Wed 20:54:48 Step:1834} Server_Comm.py: The agent lost 1 packet! Is syncmode enabled?
{Wed 20:54:48 Step:1837} Server_Comm.py: Received a new packet while thinking!
{Wed 20:54:48 Step:1839} Server_Comm.py: The agent lost 1 packet! Is syncmode enabled?
{Wed 20:54:48 Step:1842} Server_Comm.py: Received a new packet while thinking!
{Wed 20:54:48 Step:1844} Server_Comm.py: The agent lost 1 packet! Is syncmode enabled?
{Wed 20:54:49 Step:1845} Server_Comm.py: Received a new packet while thinking!
{Wed 20:54:49 Step:1847} Server_Comm.py: The agent lost 1 packet! Is syncmode enabled?
{Wed 20:54:49 Step:1849} Server_Comm.py: Received a new packet while thinking!
{Wed 20:54:49 Step:1851} Server_Comm.py: The agent lost 1 packet! Is syncmode enabled?
{Wed 20:54:49 Step:1852} Server_Comm.py: Received a new packet while thinking!
{Wed 20:54:49 Step:1854} Server_Comm.py: The agent lost 1 packet! Is syncmode enabled?
{Wed 20:54:49 Step:1857} Server_Comm.py: Received a new packet while thinking!
{Wed 20:54:49 Step:1859} Server_Comm.py: The agent lost 1 packet! Is syncmode enabled?
{Wed 20:54:49 Step:1862} Server_Comm.py: Received a new packet while thinking!
{Wed 20:54:49 Step:1864} Server_Comm.py: The agent lost 1 packet! Is syncmode enabled?
{Wed 20:54:49 Step:1866} Server_Comm.py: Received a new packet while thinking!
{Wed 20:54:49 Step:1868} Server_Comm.py: The agent lost 1 packet! Is syncmode enabled?
{Wed 20:54:49 Step:1872} Server_Comm.py: Received a new packet while thinking!
{Wed 20:54:49 Step:1874} Server_Comm.py: The agent lost 1 packet! Is syncmode enabled?
{Wed 20:54:50 Step:1918} Server_Comm.py: Received a new packet while thinking!
{Wed 20:54:50 Step:1920} Server_Comm.py: The agent lost 1 packet! Is syncmode enabled?
{Wed 20:54:50 Step:1934} Server_Comm.py: Received a new packet while thinking!
{Wed 20:54:50 Step:1936} Server_Comm.py: The agent lost 1 packet! Is syncmode enabled?
{Wed 20:54:50 Step:1944} Server_Comm.py: Received a new packet while thinking!
{Wed 20:54:51 Step:1953} Server_Comm.py: Received a new packet while thinking!
{Wed 20:54:51 Step:1956} Server_Comm.py: Received a new packet while thinking!
{Wed 20:54:51 Step:1959} Server_Comm.py: Received a new packet while thinking!
{Wed 20:54:51 Step:1963} Server_Comm.py: The agent lost 1 packet! Is syncmode enabled?
{Wed 20:54:51 Step:1965} Server_Comm.py: Received a new packet while thinking!
{Wed 20:54:51 Step:1968} Server_Comm.py: Received a new packet while thinking!
{Wed 20:54:51 Step:1972} Server_Comm.py: The agent lost 1 packet! Is syncmode enabled?
{Wed 20:54:51 Step:1974} Server_Comm.py: Received a new packet while thinking!
{Wed 20:54:51 Step:1976} Server_Comm.py: Received a new packet while thinking!
{Wed 20:54:51 Step:1978} Server_Comm.py: The agent lost 1 packet! Is syncmode enabled?
{Wed 20:54:51 Step:1979} Server_Comm.py: Received a new packet while thinking!
{Wed 20:54:51 Step:1981} Server_Comm.py: The agent lost 1 packet! Is syncmode enabled?
{Wed 20:54:51 Step:1982} Server_Comm.py: Received a new packet while thinking!
{Wed 20:54:51 Step:1984} Server_Comm.py: The agent lost 1 packet! Is syncmode enabled?
{Wed 20:54:51 Step:1985} Server_Comm.py: Received a new packet while thinking!
{Wed 20:54:51 Step:1987} Server_Comm.py: The agent lost 1 packet! Is syncmode enabled?
{Wed 20:54:51 Step:1988} Server_Comm.py: Received a new packet while thinking!
{Wed 20:54:51 Step:1990} Server_Comm.py: The agent lost 1 packet! Is syncmode enabled?
{Wed 20:54:51 Step:1991} Server_Comm.py: Received a new packet while thinking!
{Wed 20:54:51 Step:1993} Server_Comm.py: The agent lost 1 packet! Is syncmode enabled?
{Wed 20:54:51 Step:1993} Server_Comm.py: Received a new packet while thinking!
{Wed 20:54:52 Step:1996} Server_Comm.py: The agent lost 2 consecutive packets! Is syncmode disabled?
{Wed 20:54:52 Step:1997} Server_Comm.py: Received a new packet while thinking!
{Wed 20:54:52 Step:1999} Server_Comm.py: The agent lost 1 packet! Is syncmode enabled?
{Wed 20:54:52 Step:1999} Server_Comm.py: Received a new packet while thinking!
{Wed 20:54:52 Step:2002} Server_Comm.py: The agent lost 2 consecutive packets! Is syncmode disabled?
{Wed 20:54:52 Step:2003} Server_Comm.py: Received a new packet while thinking!
{Wed 20:54:52 Step:2005} Server_Comm.py: The agent lost 1 packet! Is syncmode enabled?
{Wed 20:54:52 Step:2005} Server_Comm.py: Received a new packet while thinking!
{Wed 20:54:52 Step:2008} Server_Comm.py: The agent lost 2 consecutive packets! Is syncmode disabled?
{Wed 20:54:52 Step:2008} Server_Comm.py: Received a new packet while thinking!
{Wed 20:54:52 Step:2010} Server_Comm.py: The agent lost 1 packet! Is syncmode enabled?
{Wed 20:54:52 Step:2010} Server_Comm.py: Received a new packet while thinking!
{Wed 20:54:52 Step:2011} Server_Comm.py: Received a new packet while thinking!
{Wed 20:54:52 Step:2013} Server_Comm.py: The agent lost 1 packet! Is syncmode enabled?
{Wed 20:54:52 Step:2013} Server_Comm.py: Received a new packet while thinking!
{Wed 20:54:52 Step:2014} Server_Comm.py: Received a new packet while thinking!
{Wed 20:54:52 Step:2016} Server_Comm.py: The agent lost 1 packet! Is syncmode enabled?
{Wed 20:54:52 Step:2016} Server_Comm.py: Received a new packet while thinking!
{Wed 20:54:52 Step:2017} Server_Comm.py: Received a new packet while thinking!
{Wed 20:54:52 Step:2019} Server_Comm.py: The agent lost 1 packet! Is syncmode enabled?
{Wed 20:54:52 Step:2019} Server_Comm.py: Received a new packet while thinking!
{Wed 20:54:52 Step:2020} Server_Comm.py: Received a new packet while thinking!
{Wed 20:54:52 Step:2022} Server_Comm.py: The agent lost 1 packet! Is syncmode enabled?
{Wed 20:54:52 Step:2022} Server_Comm.py: Received a new packet while thinking!
{Wed 20:54:52 Step:2023} Server_Comm.py: Received a new packet while thinking!
{Wed 20:54:52 Step:2025} Server_Comm.py: The agent lost 1 packet! Is syncmode enabled?
{Wed 20:54:52 Step:2025} Server_Comm.py: Received a new packet while thinking!
{Wed 20:54:52 Step:2026} Server_Comm.py: Received a new packet while thinking!
{Wed 20:54:52 Step:2028} Server_Comm.py: The agent lost 1 packet! Is syncmode enabled?
{Wed 20:54:52 Step:2028} Server_Comm.py: Received a new packet while thinking!
{Wed 20:54:52 Step:2029} Server_Comm.py: Received a new packet while thinking!
{Wed 20:54:52 Step:2030} Server_Comm.py: Received a new packet while thinking!
{Wed 20:54:52 Step:2032} Server_Comm.py: The agent lost 1 packet! Is syncmode enabled?
{Wed 20:54:52 Step:2032} Server_Comm.py: Received a new packet while thinking!
{Wed 20:54:52 Step:2033} Server_Comm.py: Received a new packet while thinking!
{Wed 20:54:52 Step:2035} Server_Comm.py: The agent lost 1 packet! Is syncmode enabled?
{Wed 20:54:52 Step:2037} Server_Comm.py: Received a new packet while thinking!
{Wed 20:54:52 Step:2041} Server_Comm.py: The agent lost 1 packet! Is syncmode enabled?
{Wed 20:54:53 Step:2088} Server_Comm.py: Received a new packet while thinking!
{Wed 20:54:53 Step:2091} Server_Comm.py: Received a new packet while thinking!
{Wed 20:54:53 Step:2094} Server_Comm.py: Received a new packet while thinking!
{Wed 20:54:54 Step:2098} Server_Comm.py: The agent lost 1 packet! Is syncmode enabled?
{Wed 20:54:54 Step:2100} Server_Comm.py: Received a new packet while thinking!
{Wed 20:54:54 Step:2103} Server_Comm.py: Received a new packet while thinking!
{Wed 20:54:54 Step:2107} Server_Comm.py: The agent lost 1 packet! Is syncmode enabled?
{Wed 20:54:54 Step:2110} Server_Comm.py: The agent lost 1 packet! Is syncmode enabled?
{Wed 20:54:54 Step:2113} Server_Comm.py: The agent lost 1 packet! Is syncmode enabled?
{Wed 20:54:54 Step:2116} Server_Comm.py: The agent lost 1 packet! Is syncmode enabled?
{Wed 20:54:54 Step:2119} Server_Comm.py: The agent lost 1 packet! Is syncmode enabled?
{Wed 20:54:54 Step:2120} Server_Comm.py: Received a new packet while thinking!
{Wed 20:54:54 Step:2122} Server_Comm.py: The agent lost 1 packet! Is syncmode enabled?
{Wed 20:54:54 Step:2122} Server_Comm.py: Received a new packet while thinking!
{Wed 20:54:54 Step:2125} Server_Comm.py: The agent lost 2 consecutive packets! Is syncmode disabled?
{Wed 20:54:54 Step:2125} Server_Comm.py: Received a new packet while thinking!
{Wed 20:54:54 Step:2127} Server_Comm.py: The agent lost 1 packet! Is syncmode enabled?
{Wed 20:54:54 Step:2127} Server_Comm.py: Received a new packet while thinking!
{Wed 20:54:54 Step:2128} Server_Comm.py: Received a new packet while on world.update()!
{Wed 20:54:54 Step:2130} Server_Comm.py: Received a new packet while thinking!
{Wed 20:54:54 Step:2133} Server_Comm.py: The agent lost 1 packet! Is syncmode enabled?
{Wed 20:54:54 Step:2133} Server_Comm.py: Received a new packet while thinking!
{Wed 20:54:54 Step:2136} Server_Comm.py: The agent lost 1 packet! Is syncmode enabled?
{Wed 20:54:54 Step:2136} Server_Comm.py: Received a new packet while thinking!
{Wed 20:54:54 Step:2138} Server_Comm.py: Received a new packet while thinking!
{Wed 20:54:54 Step:2140} Server_Comm.py: The agent lost 1 packet! Is syncmode enabled?
{Wed 20:54:54 Step:2141} Server_Comm.py: Received a new packet while thinking!
{Wed 20:54:54 Step:2143} Server_Comm.py: The agent lost 1 packet! Is syncmode enabled?
{Wed 20:54:55 Step:2145} Server_Comm.py: Received a new packet while thinking!
{Wed 20:54:55 Step:2147} Server_Comm.py: The agent lost 1 packet! Is syncmode enabled?
{Wed 20:54:55 Step:2153} Server_Comm.py: The agent lost 1 packet! Is syncmode enabled?
