{Mon 01:09:44 Step:2} Server_Comm.py: The agent lost 1 packet! Is syncmode enabled?
{Mon 01:09:44 Step:2} Server_Comm.py: Received a new packet while on world.update()!
{Mon 01:09:44 Step:6} Server_Comm.py: The agent lost 3 consecutive packets! Is syncmode disabled?
{Mon 01:09:44 Step:6} Server_Comm.py: Received a new packet while on world.update()!
{Mon 01:09:44 Step:7} Server_Comm.py: Received a new packet while on world.update()!
{Mon 01:09:44 Step:12} Server_Comm.py: The agent lost 4 consecutive packets! Is syncmode disabled?
{Mon 01:09:44 Step:12} Server_Comm.py: Received a new packet while on world.update()!
{Mon 01:09:44 Step:14} Server_Comm.py: The agent lost 1 packet! Is syncmode enabled?
{Mon 01:09:44 Step:14} Server_Comm.py: Received a new packet while on world.update()!
{Mon 01:09:44 Step:15} Server_Comm.py: Received a new packet while on world.update()!
{Mon 01:09:44 Step:18} Server_Comm.py: The agent lost 2 consecutive packets! Is syncmode disabled?
{Mon 01:09:44 Step:18} Server_Comm.py: Received a new packet while on world.update()!
{Mon 01:09:44 Step:19} Server_Comm.py: Received a new packet while on world.update()!
{Mon 01:09:44 Step:22} Server_Comm.py: The agent lost 2 consecutive packets! Is syncmode disabled?
{Mon 01:09:44 Step:22} Server_Comm.py: Received a new packet while on world.update()!
{Mon 01:09:44 Step:24} Server_Comm.py: The agent lost 1 packet! Is syncmode enabled?
{Mon 01:09:44 Step:27} Server_Comm.py: The agent lost 1 packet! Is syncmode enabled?
{Mon 01:09:44 Step:31} Server_Comm.py: The agent lost 3 consecutive packets! Is syncmode disabled?
{Mon 01:09:44 Step:34} Server_Comm.py: The agent lost 2 consecutive packets! Is syncmode disabled?
{Mon 01:09:44 Step:52} Server_Comm.py: The agent lost 17 consecutive packets! Is syncmode disabled?
{Mon 01:09:44 Step:59} Server_Comm.py: The agent lost 6 consecutive packets! Is syncmode disabled?
{Mon 01:09:44 Step:63} Server_Comm.py: The agent lost 3 consecutive packets! Is syncmode disabled?
{Mon 01:09:44 Step:67} Server_Comm.py: The agent lost 3 consecutive packets! Is syncmode disabled?
{Mon 01:09:44 Step:70} Server_Comm.py: The agent lost 2 consecutive packets! Is syncmode disabled?
{Mon 01:09:44 Step:101} Server_Comm.py: The agent lost 29 consecutive packets! Is syncmode disabled?
{Mon 01:09:44 Step:113} Server_Comm.py: The agent lost 11 consecutive packets! Is syncmode disabled?
{Mon 01:09:44 Step:119} Server_Comm.py: The agent lost 5 consecutive packets! Is syncmode disabled?
{Mon 01:09:44 Step:123} Server_Comm.py: The agent lost 3 consecutive packets! Is syncmode disabled?
{Mon 01:09:44 Step:130} Server_Comm.py: The agent lost 6 consecutive packets! Is syncmode disabled?
{Mon 01:09:44 Step:132} Server_Comm.py: The agent lost 1 packet! Is syncmode enabled?
{Mon 01:09:44 Step:136} Server_Comm.py: The agent lost 2 consecutive packets! Is syncmode disabled?
{Mon 01:09:44 Step:138} Server_Comm.py: The agent lost 1 packet! Is syncmode enabled?
{Mon 01:09:44 Step:140} Server_Comm.py: The agent lost 1 packet! Is syncmode enabled?
{Mon 01:09:44 Step:144} Server_Comm.py: The agent lost 2 consecutive packets! Is syncmode disabled?
{Mon 01:09:44 Step:146} Server_Comm.py: The agent lost 1 packet! Is syncmode enabled?
{Mon 01:09:44 Step:148} Server_Comm.py: The agent lost 1 packet! Is syncmode enabled?
{Mon 01:09:44 Step:150} Server_Comm.py: The agent lost 1 packet! Is syncmode enabled?
{Mon 01:09:44 Step:152} Server_Comm.py: The agent lost 1 packet! Is syncmode enabled?
{Mon 01:09:44 Step:154} Server_Comm.py: The agent lost 1 packet! Is syncmode enabled?
{Mon 01:09:44 Step:156} Server_Comm.py: The agent lost 1 packet! Is syncmode enabled?
{Mon 01:09:44 Step:158} Server_Comm.py: The agent lost 1 packet! Is syncmode enabled?
{Mon 01:09:44 Step:160} Server_Comm.py: The agent lost 1 packet! Is syncmode enabled?
{Mon 01:09:44 Step:163} Server_Comm.py: The agent lost 2 consecutive packets! Is syncmode disabled?
{Mon 01:09:44 Step:191} Server_Comm.py: The agent lost 1 packet! Is syncmode enabled?
{Mon 01:09:44 Step:197} Server_Comm.py: The agent lost 3 consecutive packets! Is syncmode disabled?
{Mon 01:09:44 Step:201} Server_Comm.py: The agent lost 1 packet! Is syncmode enabled?
{Mon 01:09:44 Step:209} Server_Comm.py: The agent lost 1 packet! Is syncmode enabled?
{Mon 01:09:44 Step:236} Server_Comm.py: The agent lost 2 consecutive packets! Is syncmode disabled?
{Mon 01:09:44 Step:238} Server_Comm.py: The agent lost 1 packet! Is syncmode enabled?
{Mon 01:09:44 Step:240} Server_Comm.py: The agent lost 1 packet! Is syncmode enabled?
{Mon 01:09:44 Step:247} Server_Comm.py: The agent lost 5 consecutive packets! Is syncmode disabled?
{Mon 01:09:44 Step:251} Server_Comm.py: The agent lost 3 consecutive packets! Is syncmode disabled?
{Mon 01:09:44 Step:255} Server_Comm.py: The agent lost 3 consecutive packets! Is syncmode disabled?
{Mon 01:09:44 Step:257} Server_Comm.py: The agent lost 1 packet! Is syncmode enabled?
{Mon 01:09:44 Step:261} Server_Comm.py: The agent lost 3 consecutive packets! Is syncmode disabled?
{Mon 01:09:44 Step:264} Server_Comm.py: The agent lost 2 consecutive packets! Is syncmode disabled?
{Mon 01:09:44 Step:266} Server_Comm.py: The agent lost 1 packet! Is syncmode enabled?
{Mon 01:09:44 Step:268} Server_Comm.py: The agent lost 1 packet! Is syncmode enabled?
{Mon 01:09:44 Step:270} Server_Comm.py: The agent lost 1 packet! Is syncmode enabled?
{Mon 01:09:44 Step:274} Server_Comm.py: The agent lost 2 consecutive packets! Is syncmode disabled?
{Mon 01:09:44 Step:279} Server_Comm.py: The agent lost 3 consecutive packets! Is syncmode disabled?
{Mon 01:09:44 Step:283} Server_Comm.py: The agent lost 3 consecutive packets! Is syncmode disabled?
{Mon 01:09:44 Step:287} Server_Comm.py: The agent lost 3 consecutive packets! Is syncmode disabled?
{Mon 01:09:44 Step:291} Server_Comm.py: The agent lost 3 consecutive packets! Is syncmode disabled?
{Mon 01:09:44 Step:295} Server_Comm.py: The agent lost 3 consecutive packets! Is syncmode disabled?
{Mon 01:09:44 Step:298} Server_Comm.py: The agent lost 2 consecutive packets! Is syncmode disabled?
{Mon 01:09:44 Step:300} Server_Comm.py: The agent lost 1 packet! Is syncmode enabled?
{Mon 01:09:44 Step:303} Server_Comm.py: The agent lost 1 packet! Is syncmode enabled?
{Mon 01:09:44 Step:306} Server_Comm.py: The agent lost 1 packet! Is syncmode enabled?
{Mon 01:09:44 Step:309} Server_Comm.py: The agent lost 1 packet! Is syncmode enabled?
{Mon 01:09:44 Step:314} Server_Comm.py: The agent lost 1 packet! Is syncmode enabled?
{Mon 01:09:44 Step:329} Server_Comm.py: The agent lost 1 packet! Is syncmode enabled?
{Mon 01:09:44 Step:335} Server_Comm.py: The agent lost 1 packet! Is syncmode enabled?
{Mon 01:09:44 Step:347} Server_Comm.py: The agent lost 1 packet! Is syncmode enabled?
{Mon 01:09:44 Step:351} Server_Comm.py: The agent lost 1 packet! Is syncmode enabled?
{Mon 01:09:44 Step:357} Server_Comm.py: The agent lost 1 packet! Is syncmode enabled?
{Mon 01:09:44 Step:359} Server_Comm.py: The agent lost 1 packet! Is syncmode enabled?
{Mon 01:09:44 Step:361} Server_Comm.py: The agent lost 1 packet! Is syncmode enabled?
{Mon 01:09:44 Step:363} Server_Comm.py: The agent lost 1 packet! Is syncmode enabled?
{Mon 01:09:44 Step:367} Server_Comm.py: The agent lost 1 packet! Is syncmode enabled?
{Mon 01:09:44 Step:370} Server_Comm.py: The agent lost 1 packet! Is syncmode enabled?
{Mon 01:09:44 Step:373} Server_Comm.py: The agent lost 1 packet! Is syncmode enabled?
{Mon 01:09:44 Step:378} Server_Comm.py: The agent lost 1 packet! Is syncmode enabled?
{Mon 01:09:44 Step:382} Server_Comm.py: The agent lost 1 packet! Is syncmode enabled?
{Mon 01:09:44 Step:388} Server_Comm.py: The agent lost 2 consecutive packets! Is syncmode disabled?
{Mon 01:09:44 Step:390} Server_Comm.py: The agent lost 1 packet! Is syncmode enabled?
{Mon 01:09:44 Step:392} Server_Comm.py: The agent lost 1 packet! Is syncmode enabled?
{Mon 01:09:44 Step:398} Server_Comm.py: The agent lost 5 consecutive packets! Is syncmode disabled?
{Mon 01:09:44 Step:401} Server_Comm.py: The agent lost 2 consecutive packets! Is syncmode disabled?
{Mon 01:09:44 Step:406} Server_Comm.py: The agent lost 4 consecutive packets! Is syncmode disabled?
{Mon 01:09:44 Step:408} Server_Comm.py: The agent lost 1 packet! Is syncmode enabled?
{Mon 01:09:44 Step:412} Server_Comm.py: The agent lost 2 consecutive packets! Is syncmode disabled?
{Mon 01:09:44 Step:414} Server_Comm.py: The agent lost 1 packet! Is syncmode enabled?
{Mon 01:09:44 Step:419} Server_Comm.py: The agent lost 3 consecutive packets! Is syncmode disabled?
{Mon 01:09:44 Step:422} Server_Comm.py: The agent lost 2 consecutive packets! Is syncmode disabled?
{Mon 01:09:44 Step:426} Server_Comm.py: The agent lost 2 consecutive packets! Is syncmode disabled?
{Mon 01:09:44 Step:428} Server_Comm.py: The agent lost 1 packet! Is syncmode enabled?
{Mon 01:09:44 Step:430} Server_Comm.py: The agent lost 1 packet! Is syncmode enabled?
{Mon 01:09:44 Step:432} Server_Comm.py: The agent lost 1 packet! Is syncmode enabled?
{Mon 01:09:44 Step:440} Server_Comm.py: The agent lost 1 packet! Is syncmode enabled?
{Mon 01:09:44 Step:445} Server_Comm.py: The agent lost 1 packet! Is syncmode enabled?
{Mon 01:09:44 Step:449} Server_Comm.py: The agent lost 1 packet! Is syncmode enabled?
{Mon 01:09:44 Step:452} Server_Comm.py: The agent lost 1 packet! Is syncmode enabled?
{Mon 01:09:44 Step:454} Server_Comm.py: The agent lost 1 packet! Is syncmode enabled?
{Mon 01:09:44 Step:463} Server_Comm.py: The agent lost 1 packet! Is syncmode enabled?
{Mon 01:09:44 Step:486} Server_Comm.py: The agent lost 1 packet! Is syncmode enabled?
{Mon 01:09:44 Step:490} Server_Comm.py: The agent lost 1 packet! Is syncmode enabled?
{Mon 01:09:44 Step:505} Server_Comm.py: The agent lost 1 packet! Is syncmode enabled?
{Mon 01:09:44 Step:512} Server_Comm.py: The agent lost 1 packet! Is syncmode enabled?
{Mon 01:09:44 Step:520} Server_Comm.py: The agent lost 2 consecutive packets! Is syncmode disabled?
{Mon 01:09:44 Step:524} Server_Comm.py: The agent lost 2 consecutive packets! Is syncmode disabled?
{Mon 01:09:44 Step:524} Server_Comm.py: Received a new packet while thinking!
{Mon 01:09:44 Step:600} Server_Comm.py: The agent lost 75 consecutive packets! Is syncmode disabled?
{Mon 01:09:44 Step:615} Server_Comm.py: The agent lost 14 consecutive packets! Is syncmode disabled?
{Mon 01:09:44 Step:620} Server_Comm.py: The agent lost 4 consecutive packets! Is syncmode disabled?
{Mon 01:09:44 Step:622} Server_Comm.py: The agent lost 1 packet! Is syncmode enabled?
{Mon 01:09:44 Step:625} Server_Comm.py: The agent lost 1 packet! Is syncmode enabled?
{Mon 01:09:44 Step:628} Server_Comm.py: The agent lost 2 consecutive packets! Is syncmode disabled?
{Mon 01:09:44 Step:630} Server_Comm.py: The agent lost 1 packet! Is syncmode enabled?
{Mon 01:09:44 Step:632} Server_Comm.py: The agent lost 1 packet! Is syncmode enabled?
{Mon 01:09:44 Step:634} Server_Comm.py: The agent lost 1 packet! Is syncmode enabled?
{Mon 01:09:44 Step:634} Server_Comm.py: Received a new packet while thinking!
{Mon 01:09:44 Step:766} Server_Comm.py: The agent lost 131 consecutive packets! Is syncmode disabled?
{Mon 01:09:44 Step:766} Server_Comm.py: Received a new packet while on world.update()!
{Mon 01:09:44 Step:767} Server_Comm.py: Received a new packet while on world.update()!
{Mon 01:09:44 Step:770} Server_Comm.py: The agent lost 2 consecutive packets! Is syncmode disabled?
{Mon 01:09:44 Step:770} Server_Comm.py: Received a new packet while on world.update()!
{Mon 01:09:44 Step:771} Server_Comm.py: Received a new packet while on world.update()!
{Mon 01:09:44 Step:773} Server_Comm.py: The agent lost 1 packet! Is syncmode enabled?
{Mon 01:09:44 Step:773} Server_Comm.py: Received a new packet while on world.update()!
{Mon 01:09:44 Step:774} Server_Comm.py: Received a new packet while on world.update()!
{Mon 01:09:44 Step:775} Server_Comm.py: Received a new packet while on world.update()!
{Mon 01:09:44 Step:777} Server_Comm.py: The agent lost 1 packet! Is syncmode enabled?
{Mon 01:09:44 Step:777} Server_Comm.py: Received a new packet while on world.update()!
{Mon 01:09:44 Step:779} Server_Comm.py: The agent lost 1 packet! Is syncmode enabled?
{Mon 01:09:44 Step:779} Server_Comm.py: Received a new packet while on world.update()!
{Mon 01:09:44 Step:781} Server_Comm.py: The agent lost 1 packet! Is syncmode enabled?
{Mon 01:09:44 Step:781} Server_Comm.py: Received a new packet while on world.update()!
{Mon 01:09:44 Step:783} Server_Comm.py: The agent lost 1 packet! Is syncmode enabled?
{Mon 01:09:44 Step:783} Server_Comm.py: Received a new packet while on world.update()!
{Mon 01:09:44 Step:784} Server_Comm.py: Received a new packet while on world.update()!
{Mon 01:09:44 Step:785} Server_Comm.py: Received a new packet while on world.update()!
{Mon 01:09:44 Step:787} Server_Comm.py: The agent lost 1 packet! Is syncmode enabled?
{Mon 01:09:44 Step:787} Server_Comm.py: Received a new packet while on world.update()!
{Mon 01:09:44 Step:788} Server_Comm.py: Received a new packet while on world.update()!
{Mon 01:09:44 Step:789} Server_Comm.py: Received a new packet while on world.update()!
{Mon 01:09:44 Step:790} Server_Comm.py: Received a new packet while on world.update()!
{Mon 01:09:44 Step:791} Server_Comm.py: Received a new packet while on world.update()!
{Mon 01:09:44 Step:792} Server_Comm.py: Received a new packet while on world.update()!
{Mon 01:09:44 Step:793} Server_Comm.py: Received a new packet while on world.update()!
{Mon 01:09:44 Step:795} Server_Comm.py: The agent lost 1 packet! Is syncmode enabled?
{Mon 01:09:44 Step:795} Server_Comm.py: Received a new packet while on world.update()!
{Mon 01:09:44 Step:797} Server_Comm.py: The agent lost 1 packet! Is syncmode enabled?
{Mon 01:09:44 Step:797} Server_Comm.py: Received a new packet while on world.update()!
{Mon 01:09:44 Step:799} Server_Comm.py: The agent lost 1 packet! Is syncmode enabled?
{Mon 01:09:44 Step:799} Server_Comm.py: Received a new packet while on world.update()!
{Mon 01:09:44 Step:801} Server_Comm.py: The agent lost 1 packet! Is syncmode enabled?
{Mon 01:09:44 Step:801} Server_Comm.py: Received a new packet while on world.update()!
{Mon 01:09:44 Step:803} Server_Comm.py: The agent lost 1 packet! Is syncmode enabled?
{Mon 01:09:44 Step:803} Server_Comm.py: Received a new packet while on world.update()!
{Mon 01:09:44 Step:804} Server_Comm.py: Received a new packet while on world.update()!
{Mon 01:09:44 Step:805} Server_Comm.py: Received a new packet while on world.update()!
{Mon 01:09:44 Step:806} Server_Comm.py: Received a new packet while on world.update()!
{Mon 01:09:44 Step:807} Server_Comm.py: Received a new packet while on world.update()!
{Mon 01:09:44 Step:808} Server_Comm.py: Received a new packet while on world.update()!
{Mon 01:09:44 Step:809} Server_Comm.py: Received a new packet while on world.update()!
{Mon 01:09:44 Step:811} Server_Comm.py: The agent lost 1 packet! Is syncmode enabled?
{Mon 01:09:44 Step:811} Server_Comm.py: Received a new packet while on world.update()!
{Mon 01:09:44 Step:813} Server_Comm.py: The agent lost 1 packet! Is syncmode enabled?
{Mon 01:09:44 Step:813} Server_Comm.py: Received a new packet while on world.update()!
{Mon 01:09:44 Step:816} Server_Comm.py: The agent lost 2 consecutive packets! Is syncmode disabled?
{Mon 01:09:44 Step:816} Server_Comm.py: Received a new packet while on world.update()!
{Mon 01:09:44 Step:817} Server_Comm.py: Received a new packet while on world.update()!
{Mon 01:09:44 Step:819} Server_Comm.py: The agent lost 1 packet! Is syncmode enabled?
{Mon 01:09:44 Step:819} Server_Comm.py: Received a new packet while on world.update()!
{Mon 01:09:44 Step:821} Server_Comm.py: The agent lost 1 packet! Is syncmode enabled?
{Mon 01:09:44 Step:821} Server_Comm.py: Received a new packet while on world.update()!
{Mon 01:09:44 Step:823} Server_Comm.py: The agent lost 1 packet! Is syncmode enabled?
{Mon 01:09:44 Step:823} Server_Comm.py: Received a new packet while on world.update()!
{Mon 01:09:44 Step:825} Server_Comm.py: The agent lost 1 packet! Is syncmode enabled?
{Mon 01:09:44 Step:825} Server_Comm.py: Received a new packet while on world.update()!
{Mon 01:09:44 Step:826} Server_Comm.py: Received a new packet while on world.update()!
{Mon 01:09:44 Step:827} Server_Comm.py: Received a new packet while on world.update()!
{Mon 01:09:44 Step:830} Server_Comm.py: The agent lost 2 consecutive packets! Is syncmode disabled?
{Mon 01:09:44 Step:830} Server_Comm.py: Received a new packet while on world.update()!
{Mon 01:09:44 Step:831} Server_Comm.py: Received a new packet while on world.update()!
{Mon 01:09:44 Step:833} Server_Comm.py: The agent lost 1 packet! Is syncmode enabled?
{Mon 01:09:44 Step:833} Server_Comm.py: Received a new packet while on world.update()!
{Mon 01:09:44 Step:836} Server_Comm.py: The agent lost 2 consecutive packets! Is syncmode disabled?
{Mon 01:09:44 Step:836} Server_Comm.py: Received a new packet while on world.update()!
{Mon 01:09:44 Step:837} Server_Comm.py: Received a new packet while on world.update()!
{Mon 01:09:44 Step:839} Server_Comm.py: The agent lost 1 packet! Is syncmode enabled?
{Mon 01:09:44 Step:839} Server_Comm.py: Received a new packet while on world.update()!
{Mon 01:09:44 Step:841} Server_Comm.py: The agent lost 1 packet! Is syncmode enabled?
{Mon 01:09:44 Step:841} Server_Comm.py: Received a new packet while on world.update()!
{Mon 01:09:44 Step:844} Server_Comm.py: The agent lost 2 consecutive packets! Is syncmode disabled?
{Mon 01:09:44 Step:844} Server_Comm.py: Received a new packet while on world.update()!
{Mon 01:09:44 Step:845} Server_Comm.py: Received a new packet while on world.update()!
{Mon 01:09:44 Step:847} Server_Comm.py: The agent lost 1 packet! Is syncmode enabled?
{Mon 01:09:44 Step:847} Server_Comm.py: Received a new packet while on world.update()!
{Mon 01:09:44 Step:850} Server_Comm.py: The agent lost 2 consecutive packets! Is syncmode disabled?
{Mon 01:09:44 Step:850} Server_Comm.py: Received a new packet while thinking!
{Mon 01:09:44 Step:851} Server_Comm.py: Received a new packet while on world.update()!
{Mon 01:09:44 Step:852} Server_Comm.py: Received a new packet while on world.update()!
{Mon 01:09:44 Step:853} Server_Comm.py: Received a new packet while on world.update()!
{Mon 01:09:44 Step:855} Server_Comm.py: The agent lost 1 packet! Is syncmode enabled?
{Mon 01:09:44 Step:855} Server_Comm.py: Received a new packet while on world.update()!
{Mon 01:09:44 Step:857} Server_Comm.py: The agent lost 1 packet! Is syncmode enabled?
{Mon 01:09:44 Step:857} Server_Comm.py: Received a new packet while on world.update()!
{Mon 01:09:44 Step:859} Server_Comm.py: The agent lost 1 packet! Is syncmode enabled?
{Mon 01:09:44 Step:859} Server_Comm.py: Received a new packet while on world.update()!
{Mon 01:09:44 Step:860} Server_Comm.py: Received a new packet while on world.update()!
{Mon 01:09:44 Step:861} Server_Comm.py: Received a new packet while on world.update()!
{Mon 01:09:44 Step:864} Server_Comm.py: The agent lost 2 consecutive packets! Is syncmode disabled?
{Mon 01:09:44 Step:864} Server_Comm.py: Received a new packet while on world.update()!
{Mon 01:09:44 Step:865} Server_Comm.py: Received a new packet while on world.update()!
{Mon 01:09:44 Step:867} Server_Comm.py: The agent lost 1 packet! Is syncmode enabled?
{Mon 01:09:44 Step:867} Server_Comm.py: Received a new packet while on world.update()!
{Mon 01:09:44 Step:869} Server_Comm.py: The agent lost 1 packet! Is syncmode enabled?
{Mon 01:09:44 Step:869} Server_Comm.py: Received a new packet while on world.update()!
{Mon 01:09:44 Step:871} Server_Comm.py: The agent lost 1 packet! Is syncmode enabled?
{Mon 01:09:44 Step:871} Server_Comm.py: Received a new packet while on world.update()!
{Mon 01:09:44 Step:873} Server_Comm.py: The agent lost 1 packet! Is syncmode enabled?
{Mon 01:09:44 Step:873} Server_Comm.py: Received a new packet while on world.update()!
{Mon 01:09:44 Step:876} Server_Comm.py: The agent lost 2 consecutive packets! Is syncmode disabled?
{Mon 01:09:44 Step:876} Server_Comm.py: Received a new packet while on world.update()!
{Mon 01:09:44 Step:877} Server_Comm.py: Received a new packet while on world.update()!
{Mon 01:09:44 Step:880} Server_Comm.py: The agent lost 2 consecutive packets! Is syncmode disabled?
{Mon 01:09:44 Step:880} Server_Comm.py: Received a new packet while on world.update()!
{Mon 01:09:44 Step:881} Server_Comm.py: Received a new packet while on world.update()!
{Mon 01:09:44 Step:884} Server_Comm.py: The agent lost 2 consecutive packets! Is syncmode disabled?
{Mon 01:09:44 Step:887} Server_Comm.py: The agent lost 1 packet! Is syncmode enabled?
{Mon 01:09:44 Step:889} Server_Comm.py: The agent lost 1 packet! Is syncmode enabled?
{Mon 01:09:44 Step:891} Server_Comm.py: The agent lost 1 packet! Is syncmode enabled?
{Mon 01:09:44 Step:894} Server_Comm.py: The agent lost 2 consecutive packets! Is syncmode disabled?
{Mon 01:09:44 Step:896} Server_Comm.py: The agent lost 1 packet! Is syncmode enabled?
{Mon 01:09:44 Step:899} Server_Comm.py: The agent lost 1 packet! Is syncmode enabled?
{Mon 01:09:44 Step:901} Server_Comm.py: The agent lost 1 packet! Is syncmode enabled?
{Mon 01:09:44 Step:903} Server_Comm.py: The agent lost 1 packet! Is syncmode enabled?
{Mon 01:09:44 Step:906} Server_Comm.py: The agent lost 2 consecutive packets! Is syncmode disabled?
{Mon 01:09:44 Step:909} Server_Comm.py: The agent lost 1 packet! Is syncmode enabled?
{Mon 01:09:44 Step:911} Server_Comm.py: The agent lost 1 packet! Is syncmode enabled?
{Mon 01:09:44 Step:913} Server_Comm.py: The agent lost 1 packet! Is syncmode enabled?
{Mon 01:09:44 Step:919} Server_Comm.py: The agent lost 1 packet! Is syncmode enabled?
{Mon 01:09:44 Step:923} Server_Comm.py: The agent lost 1 packet! Is syncmode enabled?
{Mon 01:09:44 Step:925} Server_Comm.py: The agent lost 1 packet! Is syncmode enabled?
{Mon 01:09:44 Step:931} Server_Comm.py: The agent lost 1 packet! Is syncmode enabled?
{Mon 01:09:44 Step:935} Server_Comm.py: The agent lost 1 packet! Is syncmode enabled?
{Mon 01:09:44 Step:952} Server_Comm.py: The agent lost 1 packet! Is syncmode enabled?
{Mon 01:09:44 Step:956} Server_Comm.py: The agent lost 1 packet! Is syncmode enabled?
{Mon 01:09:44 Step:961} Server_Comm.py: The agent lost 1 packet! Is syncmode enabled?
{Mon 01:09:44 Step:983} Server_Comm.py: The agent lost 1 packet! Is syncmode enabled?
{Mon 01:09:44 Step:989} Server_Comm.py: The agent lost 1 packet! Is syncmode enabled?
{Mon 01:09:44 Step:994} Server_Comm.py: The agent lost 1 packet! Is syncmode enabled?
{Mon 01:09:44 Step:998} Server_Comm.py: The agent lost 2 consecutive packets! Is syncmode disabled?
{Mon 01:09:44 Step:1004} Server_Comm.py: The agent lost 5 consecutive packets! Is syncmode disabled?
{Mon 01:09:44 Step:1006} Server_Comm.py: The agent lost 1 packet! Is syncmode enabled?
{Mon 01:09:44 Step:1008} Server_Comm.py: The agent lost 1 packet! Is syncmode enabled?
{Mon 01:09:44 Step:1010} Server_Comm.py: The agent lost 1 packet! Is syncmode enabled?
{Mon 01:09:44 Step:1012} Server_Comm.py: The agent lost 1 packet! Is syncmode enabled?
{Mon 01:09:44 Step:1016} Server_Comm.py: The agent lost 2 consecutive packets! Is syncmode disabled?
{Mon 01:09:44 Step:1018} Server_Comm.py: The agent lost 1 packet! Is syncmode enabled?
{Mon 01:09:44 Step:1020} Server_Comm.py: The agent lost 1 packet! Is syncmode enabled?
{Mon 01:09:44 Step:1024} Server_Comm.py: The agent lost 2 consecutive packets! Is syncmode disabled?
{Mon 01:09:44 Step:1026} Server_Comm.py: The agent lost 1 packet! Is syncmode enabled?
{Mon 01:09:44 Step:1028} Server_Comm.py: The agent lost 1 packet! Is syncmode enabled?
{Mon 01:09:45 Step:1028} Server_Comm.py: Received a new packet while thinking!
{Mon 01:09:45 Step:1276} Server_Comm.py: The agent lost 247 consecutive packets! Is syncmode disabled?
{Mon 01:09:45 Step:1276} Server_Comm.py: Received a new packet while on world.update()!
{Mon 01:09:45 Step:1278} Server_Comm.py: The agent lost 1 packet! Is syncmode enabled?
{Mon 01:09:45 Step:1278} Server_Comm.py: Received a new packet while on world.update()!
{Mon 01:09:45 Step:1279} Server_Comm.py: Received a new packet while on world.update()!
{Mon 01:09:45 Step:1282} Server_Comm.py: The agent lost 2 consecutive packets! Is syncmode disabled?
{Mon 01:09:45 Step:1282} Server_Comm.py: Received a new packet while on world.update()!
{Mon 01:09:45 Step:1283} Server_Comm.py: Received a new packet while on world.update()!
{Mon 01:09:45 Step:1286} Server_Comm.py: The agent lost 2 consecutive packets! Is syncmode disabled?
{Mon 01:09:45 Step:1286} Server_Comm.py: Received a new packet while on world.update()!
{Mon 01:09:45 Step:1287} Server_Comm.py: Received a new packet while on world.update()!
{Mon 01:09:45 Step:1290} Server_Comm.py: The agent lost 2 consecutive packets! Is syncmode disabled?
{Mon 01:09:45 Step:1290} Server_Comm.py: Received a new packet while thinking!
{Mon 01:09:45 Step:1291} Server_Comm.py: Received a new packet while on world.update()!
{Mon 01:09:45 Step:1294} Server_Comm.py: The agent lost 2 consecutive packets! Is syncmode disabled?
{Mon 01:09:45 Step:1294} Server_Comm.py: Received a new packet while on world.update()!
{Mon 01:09:45 Step:1296} Server_Comm.py: The agent lost 1 packet! Is syncmode enabled?
{Mon 01:09:45 Step:1296} Server_Comm.py: Received a new packet while thinking!
{Mon 01:09:45 Step:1297} Server_Comm.py: Received a new packet while on world.update()!
{Mon 01:09:45 Step:1300} Server_Comm.py: The agent lost 2 consecutive packets! Is syncmode disabled?
{Mon 01:09:45 Step:1300} Server_Comm.py: Received a new packet while thinking!
{Mon 01:09:45 Step:1301} Server_Comm.py: Received a new packet while on world.update()!
{Mon 01:09:45 Step:1304} Server_Comm.py: The agent lost 2 consecutive packets! Is syncmode disabled?
{Mon 01:09:45 Step:1304} Server_Comm.py: Received a new packet while on world.update()!
{Mon 01:09:45 Step:1305} Server_Comm.py: Received a new packet while on world.update()!
{Mon 01:09:45 Step:1308} Server_Comm.py: The agent lost 2 consecutive packets! Is syncmode disabled?
{Mon 01:09:45 Step:1308} Server_Comm.py: Received a new packet while on world.update()!
{Mon 01:09:45 Step:1309} Server_Comm.py: Received a new packet while on world.update()!
{Mon 01:09:45 Step:1313} Server_Comm.py: The agent lost 3 consecutive packets! Is syncmode disabled?
{Mon 01:09:45 Step:1313} Server_Comm.py: Received a new packet while on world.update()!
{Mon 01:09:45 Step:1316} Server_Comm.py: The agent lost 2 consecutive packets! Is syncmode disabled?
{Mon 01:09:45 Step:1316} Server_Comm.py: Received a new packet while thinking!
{Mon 01:09:45 Step:1317} Server_Comm.py: Received a new packet while on world.update()!
{Mon 01:09:45 Step:1320} Server_Comm.py: The agent lost 2 consecutive packets! Is syncmode disabled?
{Mon 01:09:45 Step:1320} Server_Comm.py: Received a new packet while on world.update()!
{Mon 01:09:45 Step:1321} Server_Comm.py: Received a new packet while on world.update()!
{Mon 01:09:45 Step:1324} Server_Comm.py: The agent lost 2 consecutive packets! Is syncmode disabled?
{Mon 01:09:45 Step:1324} Server_Comm.py: Received a new packet while on world.update()!
{Mon 01:09:45 Step:1326} Server_Comm.py: The agent lost 1 packet! Is syncmode enabled?
{Mon 01:09:45 Step:1326} Server_Comm.py: Received a new packet while thinking!
{Mon 01:09:45 Step:1327} Server_Comm.py: Received a new packet while on world.update()!
{Mon 01:09:45 Step:1330} Server_Comm.py: The agent lost 2 consecutive packets! Is syncmode disabled?
{Mon 01:09:45 Step:1330} Server_Comm.py: Received a new packet while on world.update()!
{Mon 01:09:45 Step:1331} Server_Comm.py: Received a new packet while on world.update()!
{Mon 01:09:45 Step:1335} Server_Comm.py: The agent lost 3 consecutive packets! Is syncmode disabled?
{Mon 01:09:45 Step:1335} Server_Comm.py: Received a new packet while on world.update()!
{Mon 01:09:45 Step:1338} Server_Comm.py: The agent lost 2 consecutive packets! Is syncmode disabled?
{Mon 01:09:45 Step:1338} Server_Comm.py: Received a new packet while on world.update()!
{Mon 01:09:45 Step:1339} Server_Comm.py: Received a new packet while on world.update()!
{Mon 01:09:45 Step:1343} Server_Comm.py: The agent lost 3 consecutive packets! Is syncmode disabled?
{Mon 01:09:45 Step:1343} Server_Comm.py: Received a new packet while on world.update()!
{Mon 01:09:45 Step:1346} Server_Comm.py: The agent lost 2 consecutive packets! Is syncmode disabled?
{Mon 01:09:45 Step:1346} Server_Comm.py: Received a new packet while on world.update()!
{Mon 01:09:45 Step:1348} Server_Comm.py: The agent lost 1 packet! Is syncmode enabled?
{Mon 01:09:45 Step:1348} Server_Comm.py: Received a new packet while thinking!
{Mon 01:09:45 Step:1349} Server_Comm.py: Received a new packet while on world.update()!
{Mon 01:09:45 Step:1352} Server_Comm.py: The agent lost 2 consecutive packets! Is syncmode disabled?
{Mon 01:09:45 Step:1352} Server_Comm.py: Received a new packet while on world.update()!
{Mon 01:09:45 Step:1354} Server_Comm.py: The agent lost 1 packet! Is syncmode enabled?
{Mon 01:09:45 Step:1358} Server_Comm.py: The agent lost 2 consecutive packets! Is syncmode disabled?
{Mon 01:09:45 Step:1360} Server_Comm.py: The agent lost 1 packet! Is syncmode enabled?
{Mon 01:09:45 Step:1362} Server_Comm.py: The agent lost 1 packet! Is syncmode enabled?
{Mon 01:09:45 Step:1364} Server_Comm.py: The agent lost 1 packet! Is syncmode enabled?
{Mon 01:09:45 Step:1369} Server_Comm.py: The agent lost 3 consecutive packets! Is syncmode disabled?
{Mon 01:09:45 Step:1372} Server_Comm.py: The agent lost 2 consecutive packets! Is syncmode disabled?
{Mon 01:09:45 Step:1374} Server_Comm.py: The agent lost 1 packet! Is syncmode enabled?
{Mon 01:09:45 Step:1376} Server_Comm.py: The agent lost 1 packet! Is syncmode enabled?
{Mon 01:09:45 Step:1380} Server_Comm.py: The agent lost 2 consecutive packets! Is syncmode disabled?
{Mon 01:09:45 Step:1383} Server_Comm.py: The agent lost 1 packet! Is syncmode enabled?
{Mon 01:09:45 Step:1386} Server_Comm.py: The agent lost 2 consecutive packets! Is syncmode disabled?
{Mon 01:09:45 Step:1388} Server_Comm.py: The agent lost 1 packet! Is syncmode enabled?
{Mon 01:09:45 Step:1391} Server_Comm.py: The agent lost 1 packet! Is syncmode enabled?
{Mon 01:09:45 Step:1394} Server_Comm.py: The agent lost 2 consecutive packets! Is syncmode disabled?
{Mon 01:09:45 Step:1396} Server_Comm.py: The agent lost 1 packet! Is syncmode enabled?
{Mon 01:09:45 Step:1398} Server_Comm.py: The agent lost 1 packet! Is syncmode enabled?
{Mon 01:09:45 Step:1400} Server_Comm.py: The agent lost 1 packet! Is syncmode enabled?
{Mon 01:09:45 Step:1404} Server_Comm.py: The agent lost 2 consecutive packets! Is syncmode disabled?
{Mon 01:09:45 Step:1406} Server_Comm.py: The agent lost 1 packet! Is syncmode enabled?
{Mon 01:09:45 Step:1408} Server_Comm.py: The agent lost 1 packet! Is syncmode enabled?
{Mon 01:09:45 Step:1412} Server_Comm.py: The agent lost 2 consecutive packets! Is syncmode disabled?
{Mon 01:09:45 Step:1414} Server_Comm.py: The agent lost 1 packet! Is syncmode enabled?
{Mon 01:09:45 Step:1418} Server_Comm.py: The agent lost 2 consecutive packets! Is syncmode disabled?
{Mon 01:09:45 Step:1420} Server_Comm.py: The agent lost 1 packet! Is syncmode enabled?
{Mon 01:09:45 Step:1422} Server_Comm.py: The agent lost 1 packet! Is syncmode enabled?
{Mon 01:09:45 Step:1427} Server_Comm.py: The agent lost 4 consecutive packets! Is syncmode disabled?
{Mon 01:09:45 Step:1430} Server_Comm.py: The agent lost 2 consecutive packets! Is syncmode disabled?
{Mon 01:09:45 Step:1432} Server_Comm.py: The agent lost 1 packet! Is syncmode enabled?
{Mon 01:09:45 Step:1436} Server_Comm.py: The agent lost 2 consecutive packets! Is syncmode disabled?
{Mon 01:09:45 Step:1440} Server_Comm.py: The agent lost 2 consecutive packets! Is syncmode disabled?
{Mon 01:09:45 Step:1442} Server_Comm.py: The agent lost 1 packet! Is syncmode enabled?
{Mon 01:09:45 Step:1446} Server_Comm.py: The agent lost 2 consecutive packets! Is syncmode disabled?
{Mon 01:09:45 Step:1448} Server_Comm.py: The agent lost 1 packet! Is syncmode enabled?
{Mon 01:09:45 Step:1450} Server_Comm.py: The agent lost 1 packet! Is syncmode enabled?
{Mon 01:09:45 Step:1455} Server_Comm.py: The agent lost 3 consecutive packets! Is syncmode disabled?
{Mon 01:09:45 Step:1459} Server_Comm.py: The agent lost 3 consecutive packets! Is syncmode disabled?
{Mon 01:09:45 Step:1462} Server_Comm.py: The agent lost 2 consecutive packets! Is syncmode disabled?
{Mon 01:09:45 Step:1464} Server_Comm.py: The agent lost 1 packet! Is syncmode enabled?
{Mon 01:09:45 Step:1466} Server_Comm.py: The agent lost 1 packet! Is syncmode enabled?
{Mon 01:09:45 Step:1468} Server_Comm.py: The agent lost 1 packet! Is syncmode enabled?
{Mon 01:09:45 Step:1470} Server_Comm.py: The agent lost 1 packet! Is syncmode enabled?
{Mon 01:09:45 Step:1472} Server_Comm.py: The agent lost 1 packet! Is syncmode enabled?
{Mon 01:09:45 Step:1476} Server_Comm.py: The agent lost 2 consecutive packets! Is syncmode disabled?
{Mon 01:09:45 Step:1479} Server_Comm.py: The agent lost 2 consecutive packets! Is syncmode disabled?
{Mon 01:09:45 Step:1483} Server_Comm.py: The agent lost 3 consecutive packets! Is syncmode disabled?
{Mon 01:09:45 Step:1485} Server_Comm.py: The agent lost 1 packet! Is syncmode enabled?
{Mon 01:09:45 Step:1488} Server_Comm.py: The agent lost 2 consecutive packets! Is syncmode disabled?
{Mon 01:09:45 Step:1490} Server_Comm.py: The agent lost 1 packet! Is syncmode enabled?
{Mon 01:09:45 Step:1492} Server_Comm.py: The agent lost 1 packet! Is syncmode enabled?
{Mon 01:09:45 Step:1496} Server_Comm.py: The agent lost 2 consecutive packets! Is syncmode disabled?
{Mon 01:09:45 Step:1498} Server_Comm.py: The agent lost 1 packet! Is syncmode enabled?
{Mon 01:09:45 Step:1500} Server_Comm.py: The agent lost 1 packet! Is syncmode enabled?
{Mon 01:09:45 Step:1502} Server_Comm.py: The agent lost 1 packet! Is syncmode enabled?
{Mon 01:09:45 Step:1506} Server_Comm.py: The agent lost 2 consecutive packets! Is syncmode disabled?
{Mon 01:09:45 Step:1508} Server_Comm.py: The agent lost 1 packet! Is syncmode enabled?
{Mon 01:09:45 Step:1513} Server_Comm.py: The agent lost 3 consecutive packets! Is syncmode disabled?
{Mon 01:09:45 Step:1516} Server_Comm.py: The agent lost 2 consecutive packets! Is syncmode disabled?
{Mon 01:09:45 Step:1518} Server_Comm.py: The agent lost 1 packet! Is syncmode enabled?
{Mon 01:09:45 Step:1520} Server_Comm.py: The agent lost 1 packet! Is syncmode enabled?
{Mon 01:09:45 Step:1523} Server_Comm.py: The agent lost 2 consecutive packets! Is syncmode disabled?
{Mon 01:09:45 Step:1528} Server_Comm.py: The agent lost 4 consecutive packets! Is syncmode disabled?
{Mon 01:09:45 Step:1531} Server_Comm.py: The agent lost 2 consecutive packets! Is syncmode disabled?
{Mon 01:09:45 Step:1534} Server_Comm.py: The agent lost 2 consecutive packets! Is syncmode disabled?
{Mon 01:09:45 Step:1536} Server_Comm.py: The agent lost 1 packet! Is syncmode enabled?
{Mon 01:09:45 Step:1540} Server_Comm.py: The agent lost 2 consecutive packets! Is syncmode disabled?
{Mon 01:09:45 Step:1547} Server_Comm.py: The agent lost 6 consecutive packets! Is syncmode disabled?
{Mon 01:09:45 Step:1552} Server_Comm.py: The agent lost 4 consecutive packets! Is syncmode disabled?
{Mon 01:09:45 Step:1555} Server_Comm.py: The agent lost 2 consecutive packets! Is syncmode disabled?
{Mon 01:09:45 Step:1559} Server_Comm.py: The agent lost 3 consecutive packets! Is syncmode disabled?
{Mon 01:09:45 Step:1562} Server_Comm.py: The agent lost 2 consecutive packets! Is syncmode disabled?
{Mon 01:09:45 Step:1564} Server_Comm.py: The agent lost 1 packet! Is syncmode enabled?
{Mon 01:09:45 Step:1566} Server_Comm.py: The agent lost 1 packet! Is syncmode enabled?
{Mon 01:09:45 Step:1568} Server_Comm.py: The agent lost 1 packet! Is syncmode enabled?
{Mon 01:09:45 Step:1570} Server_Comm.py: The agent lost 1 packet! Is syncmode enabled?
{Mon 01:09:45 Step:1575} Server_Comm.py: The agent lost 3 consecutive packets! Is syncmode disabled?
{Mon 01:09:45 Step:1579} Server_Comm.py: The agent lost 3 consecutive packets! Is syncmode disabled?
{Mon 01:09:45 Step:1581} Server_Comm.py: The agent lost 1 packet! Is syncmode enabled?
{Mon 01:09:45 Step:1583} Server_Comm.py: The agent lost 1 packet! Is syncmode enabled?
{Mon 01:09:45 Step:1587} Server_Comm.py: The agent lost 1 packet! Is syncmode enabled?
{Mon 01:09:45 Step:1593} Server_Comm.py: The agent lost 1 packet! Is syncmode enabled?
{Mon 01:09:45 Step:1599} Server_Comm.py: The agent lost 1 packet! Is syncmode enabled?
{Mon 01:09:45 Step:1602} Server_Comm.py: The agent lost 1 packet! Is syncmode enabled?
{Mon 01:09:45 Step:1622} Server_Comm.py: The agent lost 1 packet! Is syncmode enabled?
{Mon 01:09:45 Step:1625} Server_Comm.py: The agent lost 1 packet! Is syncmode enabled?
{Mon 01:09:45 Step:1627} Server_Comm.py: The agent lost 1 packet! Is syncmode enabled?
{Mon 01:09:45 Step:1631} Server_Comm.py: The agent lost 1 packet! Is syncmode enabled?
{Mon 01:09:45 Step:1633} Server_Comm.py: The agent lost 1 packet! Is syncmode enabled?
{Mon 01:09:45 Step:1635} Server_Comm.py: The agent lost 1 packet! Is syncmode enabled?
{Mon 01:09:45 Step:1637} Server_Comm.py: The agent lost 1 packet! Is syncmode enabled?
{Mon 01:09:45 Step:1639} Server_Comm.py: The agent lost 1 packet! Is syncmode enabled?
{Mon 01:09:45 Step:1644} Server_Comm.py: The agent lost 1 packet! Is syncmode enabled?
{Mon 01:09:45 Step:1657} Server_Comm.py: The agent lost 1 packet! Is syncmode enabled?
{Mon 01:09:45 Step:1671} Server_Comm.py: The agent lost 1 packet! Is syncmode enabled?
{Mon 01:09:45 Step:1674} Server_Comm.py: The agent lost 2 consecutive packets! Is syncmode disabled?
{Mon 01:09:45 Step:1676} Server_Comm.py: The agent lost 1 packet! Is syncmode enabled?
{Mon 01:09:45 Step:1680} Server_Comm.py: The agent lost 2 consecutive packets! Is syncmode disabled?
{Mon 01:09:45 Step:1686} Server_Comm.py: The agent lost 5 consecutive packets! Is syncmode disabled?
{Mon 01:09:45 Step:1690} Server_Comm.py: The agent lost 3 consecutive packets! Is syncmode disabled?
{Mon 01:09:45 Step:1693} Server_Comm.py: The agent lost 2 consecutive packets! Is syncmode disabled?
{Mon 01:09:45 Step:1696} Server_Comm.py: The agent lost 2 consecutive packets! Is syncmode disabled?
{Mon 01:09:45 Step:1698} Server_Comm.py: The agent lost 1 packet! Is syncmode enabled?
{Mon 01:09:45 Step:1700} Server_Comm.py: The agent lost 1 packet! Is syncmode enabled?
{Mon 01:09:45 Step:1704} Server_Comm.py: The agent lost 2 consecutive packets! Is syncmode disabled?
{Mon 01:09:45 Step:1706} Server_Comm.py: The agent lost 1 packet! Is syncmode enabled?
{Mon 01:09:45 Step:1708} Server_Comm.py: The agent lost 1 packet! Is syncmode enabled?
{Mon 01:09:45 Step:1712} Server_Comm.py: The agent lost 2 consecutive packets! Is syncmode disabled?
{Mon 01:09:45 Step:1715} Server_Comm.py: The agent lost 2 consecutive packets! Is syncmode disabled?
{Mon 01:09:45 Step:1718} Server_Comm.py: The agent lost 2 consecutive packets! Is syncmode disabled?
{Mon 01:09:45 Step:1721} Server_Comm.py: The agent lost 2 consecutive packets! Is syncmode disabled?
{Mon 01:09:45 Step:1725} Server_Comm.py: The agent lost 3 consecutive packets! Is syncmode disabled?
{Mon 01:09:45 Step:1729} Server_Comm.py: The agent lost 3 consecutive packets! Is syncmode disabled?
{Mon 01:09:45 Step:1731} Server_Comm.py: The agent lost 1 packet! Is syncmode enabled?
{Mon 01:09:45 Step:1733} Server_Comm.py: The agent lost 1 packet! Is syncmode enabled?
{Mon 01:09:45 Step:1737} Server_Comm.py: The agent lost 1 packet! Is syncmode enabled?
{Mon 01:09:45 Step:1741} Server_Comm.py: The agent lost 1 packet! Is syncmode enabled?
{Mon 01:09:45 Step:1744} Server_Comm.py: The agent lost 1 packet! Is syncmode enabled?
{Mon 01:09:45 Step:1747} Server_Comm.py: The agent lost 1 packet! Is syncmode enabled?
{Mon 01:09:45 Step:1775} Server_Comm.py: The agent lost 1 packet! Is syncmode enabled?
{Mon 01:09:45 Step:1785} Server_Comm.py: The agent lost 1 packet! Is syncmode enabled?
{Mon 01:09:45 Step:1789} Server_Comm.py: The agent lost 1 packet! Is syncmode enabled?
{Mon 01:09:45 Step:1807} Server_Comm.py: The agent lost 1 packet! Is syncmode enabled?
{Mon 01:09:45 Step:1813} Server_Comm.py: The agent lost 1 packet! Is syncmode enabled?
{Mon 01:09:45 Step:1814} Server_Comm.py: Received a new packet while thinking!
{Mon 01:09:45 Step:1902} Server_Comm.py: The agent lost 87 consecutive packets! Is syncmode disabled?
{Mon 01:09:45 Step:1915} Server_Comm.py: The agent lost 12 consecutive packets! Is syncmode disabled?
{Mon 01:09:45 Step:1918} Server_Comm.py: The agent lost 2 consecutive packets! Is syncmode disabled?
{Mon 01:09:45 Step:1920} Server_Comm.py: The agent lost 1 packet! Is syncmode enabled?
{Mon 01:09:45 Step:1923} Server_Comm.py: The agent lost 1 packet! Is syncmode enabled?
{Mon 01:09:45 Step:1926} Server_Comm.py: The agent lost 2 consecutive packets! Is syncmode disabled?
{Mon 01:09:45 Step:1928} Server_Comm.py: The agent lost 1 packet! Is syncmode enabled?
{Mon 01:09:45 Step:1931} Server_Comm.py: The agent lost 1 packet! Is syncmode enabled?
{Mon 01:09:45 Step:1937} Server_Comm.py: The agent lost 5 consecutive packets! Is syncmode disabled?
{Mon 01:09:45 Step:1942} Server_Comm.py: The agent lost 4 consecutive packets! Is syncmode disabled?
{Mon 01:09:45 Step:1945} Server_Comm.py: The agent lost 2 consecutive packets! Is syncmode disabled?
{Mon 01:09:45 Step:1949} Server_Comm.py: The agent lost 3 consecutive packets! Is syncmode disabled?
{Mon 01:09:45 Step:1954} Server_Comm.py: The agent lost 4 consecutive packets! Is syncmode disabled?
{Mon 01:09:45 Step:1957} Server_Comm.py: The agent lost 2 consecutive packets! Is syncmode disabled?
{Mon 01:09:45 Step:1959} Server_Comm.py: The agent lost 1 packet! Is syncmode enabled?
{Mon 01:09:45 Step:1963} Server_Comm.py: The agent lost 3 consecutive packets! Is syncmode disabled?
{Mon 01:09:45 Step:1967} Server_Comm.py: The agent lost 3 consecutive packets! Is syncmode disabled?
{Mon 01:09:45 Step:1971} Server_Comm.py: The agent lost 3 consecutive packets! Is syncmode disabled?
{Mon 01:09:45 Step:1976} Server_Comm.py: The agent lost 4 consecutive packets! Is syncmode disabled?
{Mon 01:09:45 Step:1979} Server_Comm.py: The agent lost 2 consecutive packets! Is syncmode disabled?
{Mon 01:09:45 Step:1981} Server_Comm.py: The agent lost 1 packet! Is syncmode enabled?
{Mon 01:09:45 Step:1983} Server_Comm.py: The agent lost 1 packet! Is syncmode enabled?
{Mon 01:09:45 Step:1986} Server_Comm.py: The agent lost 2 consecutive packets! Is syncmode disabled?
{Mon 01:09:45 Step:1988} Server_Comm.py: The agent lost 1 packet! Is syncmode enabled?
{Mon 01:09:45 Step:1990} Server_Comm.py: The agent lost 1 packet! Is syncmode enabled?
{Mon 01:09:45 Step:1995} Server_Comm.py: The agent lost 1 packet! Is syncmode enabled?
{Mon 01:09:45 Step:1998} Server_Comm.py: The agent lost 2 consecutive packets! Is syncmode disabled?
{Mon 01:09:45 Step:2005} Server_Comm.py: The agent lost 1 packet! Is syncmode enabled?
{Mon 01:09:45 Step:2008} Server_Comm.py: The agent lost 1 packet! Is syncmode enabled?
{Mon 01:09:45 Step:2014} Server_Comm.py: The agent lost 1 packet! Is syncmode enabled?
{Mon 01:09:45 Step:2016} Server_Comm.py: The agent lost 1 packet! Is syncmode enabled?
{Mon 01:09:45 Step:2019} Server_Comm.py: The agent lost 2 consecutive packets! Is syncmode disabled?
{Mon 01:09:45 Step:2023} Server_Comm.py: The agent lost 3 consecutive packets! Is syncmode disabled?
{Mon 01:09:45 Step:2026} Server_Comm.py: The agent lost 2 consecutive packets! Is syncmode disabled?
{Mon 01:09:45 Step:2029} Server_Comm.py: The agent lost 2 consecutive packets! Is syncmode disabled?
{Mon 01:09:45 Step:2032} Server_Comm.py: The agent lost 2 consecutive packets! Is syncmode disabled?
{Mon 01:09:45 Step:2035} Server_Comm.py: The agent lost 2 consecutive packets! Is syncmode disabled?
{Mon 01:09:45 Step:2038} Server_Comm.py: The agent lost 2 consecutive packets! Is syncmode disabled?
{Mon 01:09:45 Step:2041} Server_Comm.py: The agent lost 1 packet! Is syncmode enabled?
{Mon 01:09:45 Step:2044} Server_Comm.py: The agent lost 2 consecutive packets! Is syncmode disabled?
{Mon 01:09:45 Step:2047} Server_Comm.py: The agent lost 2 consecutive packets! Is syncmode disabled?
{Mon 01:09:45 Step:2049} Server_Comm.py: The agent lost 1 packet! Is syncmode enabled?
{Mon 01:09:45 Step:2066} Server_Comm.py: The agent lost 1 packet! Is syncmode enabled?
{Mon 01:09:45 Step:2093} Server_Comm.py: The agent lost 1 packet! Is syncmode enabled?
{Mon 01:09:45 Step:2096} Server_Comm.py: The agent lost 2 consecutive packets! Is syncmode disabled?
{Mon 01:09:45 Step:2102} Server_Comm.py: The agent lost 5 consecutive packets! Is syncmode disabled?
{Mon 01:09:45 Step:2106} Server_Comm.py: The agent lost 3 consecutive packets! Is syncmode disabled?
{Mon 01:09:45 Step:2109} Server_Comm.py: The agent lost 2 consecutive packets! Is syncmode disabled?
{Mon 01:09:45 Step:2114} Server_Comm.py: The agent lost 4 consecutive packets! Is syncmode disabled?
{Mon 01:09:45 Step:2117} Server_Comm.py: The agent lost 2 consecutive packets! Is syncmode disabled?
{Mon 01:09:45 Step:2120} Server_Comm.py: The agent lost 2 consecutive packets! Is syncmode disabled?
{Mon 01:09:45 Step:2122} Server_Comm.py: The agent lost 1 packet! Is syncmode enabled?
{Mon 01:09:45 Step:2124} Server_Comm.py: The agent lost 1 packet! Is syncmode enabled?
{Mon 01:09:45 Step:2126} Server_Comm.py: The agent lost 1 packet! Is syncmode enabled?
{Mon 01:09:45 Step:2130} Server_Comm.py: The agent lost 2 consecutive packets! Is syncmode disabled?
{Mon 01:09:45 Step:2133} Server_Comm.py: The agent lost 2 consecutive packets! Is syncmode disabled?
{Mon 01:09:45 Step:2136} Server_Comm.py: The agent lost 2 consecutive packets! Is syncmode disabled?
{Mon 01:09:45 Step:2139} Server_Comm.py: The agent lost 1 packet! Is syncmode enabled?
{Mon 01:09:45 Step:2141} Server_Comm.py: The agent lost 1 packet! Is syncmode enabled?
{Mon 01:09:45 Step:2147} Server_Comm.py: The agent lost 1 packet! Is syncmode enabled?
{Mon 01:09:45 Step:2153} Server_Comm.py: The agent lost 1 packet! Is syncmode enabled?
{Mon 01:09:45 Step:2178} Server_Comm.py: The agent lost 1 packet! Is syncmode enabled?
{Mon 01:09:45 Step:2183} Server_Comm.py: The agent lost 1 packet! Is syncmode enabled?
{Mon 01:09:45 Step:2186} Server_Comm.py: The agent lost 1 packet! Is syncmode enabled?
{Mon 01:09:45 Step:2191} Server_Comm.py: The agent lost 1 packet! Is syncmode enabled?
{Mon 01:09:45 Step:2197} Server_Comm.py: The agent lost 1 packet! Is syncmode enabled?
{Mon 01:09:45 Step:2204} Server_Comm.py: The agent lost 1 packet! Is syncmode enabled?
{Mon 01:09:45 Step:2221} Server_Comm.py: The agent lost 1 packet! Is syncmode enabled?
{Mon 01:09:45 Step:2223} Server_Comm.py: The agent lost 1 packet! Is syncmode enabled?
{Mon 01:09:45 Step:2225} Server_Comm.py: The agent lost 1 packet! Is syncmode enabled?
{Mon 01:09:45 Step:2228} Server_Comm.py: The agent lost 2 consecutive packets! Is syncmode disabled?
{Mon 01:09:45 Step:2230} Server_Comm.py: The agent lost 1 packet! Is syncmode enabled?
{Mon 01:09:45 Step:2236} Server_Comm.py: The agent lost 5 consecutive packets! Is syncmode disabled?
{Mon 01:09:45 Step:2239} Server_Comm.py: The agent lost 2 consecutive packets! Is syncmode disabled?
{Mon 01:09:45 Step:2243} Server_Comm.py: The agent lost 3 consecutive packets! Is syncmode disabled?
{Mon 01:09:45 Step:2247} Server_Comm.py: The agent lost 3 consecutive packets! Is syncmode disabled?
{Mon 01:09:45 Step:2251} Server_Comm.py: The agent lost 3 consecutive packets! Is syncmode disabled?
{Mon 01:09:45 Step:2255} Server_Comm.py: The agent lost 3 consecutive packets! Is syncmode disabled?
{Mon 01:09:45 Step:2260} Server_Comm.py: The agent lost 4 consecutive packets! Is syncmode disabled?
{Mon 01:09:45 Step:2262} Server_Comm.py: The agent lost 1 packet! Is syncmode enabled?
{Mon 01:09:45 Step:2264} Server_Comm.py: The agent lost 1 packet! Is syncmode enabled?
{Mon 01:09:45 Step:2287} Server_Comm.py: The agent lost 1 packet! Is syncmode enabled?
{Mon 01:09:45 Step:2291} Server_Comm.py: The agent lost 1 packet! Is syncmode enabled?
{Mon 01:09:45 Step:2293} Server_Comm.py: The agent lost 1 packet! Is syncmode enabled?
{Mon 01:09:45 Step:2349} Server_Comm.py: The agent lost 1 packet! Is syncmode enabled?
{Mon 01:09:45 Step:2352} Server_Comm.py: The agent lost 2 consecutive packets! Is syncmode disabled?
{Mon 01:09:45 Step:2372} Server_Comm.py: The agent lost 19 consecutive packets! Is syncmode disabled?
{Mon 01:09:45 Step:2379} Server_Comm.py: The agent lost 6 consecutive packets! Is syncmode disabled?
{Mon 01:09:45 Step:2385} Server_Comm.py: The agent lost 5 consecutive packets! Is syncmode disabled?
{Mon 01:09:45 Step:2390} Server_Comm.py: The agent lost 4 consecutive packets! Is syncmode disabled?
{Mon 01:09:45 Step:2392} Server_Comm.py: The agent lost 1 packet! Is syncmode enabled?
{Mon 01:09:45 Step:2394} Server_Comm.py: The agent lost 1 packet! Is syncmode enabled?
{Mon 01:09:45 Step:2396} Server_Comm.py: The agent lost 1 packet! Is syncmode enabled?
{Mon 01:09:45 Step:2398} Server_Comm.py: The agent lost 1 packet! Is syncmode enabled?
{Mon 01:09:45 Step:2402} Server_Comm.py: The agent lost 2 consecutive packets! Is syncmode disabled?
{Mon 01:09:45 Step:2406} Server_Comm.py: The agent lost 2 consecutive packets! Is syncmode disabled?
{Mon 01:09:45 Step:2408} Server_Comm.py: The agent lost 1 packet! Is syncmode enabled?
{Mon 01:09:45 Step:2413} Server_Comm.py: The agent lost 3 consecutive packets! Is syncmode disabled?
{Mon 01:09:45 Step:2417} Server_Comm.py: The agent lost 3 consecutive packets! Is syncmode disabled?
{Mon 01:09:45 Step:2419} Server_Comm.py: The agent lost 1 packet! Is syncmode enabled?
{Mon 01:09:45 Step:2421} Server_Comm.py: The agent lost 1 packet! Is syncmode enabled?
{Mon 01:09:45 Step:2423} Server_Comm.py: The agent lost 1 packet! Is syncmode enabled?
{Mon 01:09:45 Step:2430} Server_Comm.py: The agent lost 1 packet! Is syncmode enabled?
{Mon 01:09:45 Step:2437} Server_Comm.py: The agent lost 1 packet! Is syncmode enabled?
{Mon 01:09:45 Step:2447} Server_Comm.py: The agent lost 1 packet! Is syncmode enabled?
{Mon 01:09:45 Step:2465} Server_Comm.py: The agent lost 1 packet! Is syncmode enabled?
{Mon 01:09:45 Step:2481} Server_Comm.py: The agent lost 1 packet! Is syncmode enabled?
{Mon 01:09:45 Step:2485} Server_Comm.py: The agent lost 1 packet! Is syncmode enabled?
{Mon 01:09:45 Step:2493} Server_Comm.py: The agent lost 1 packet! Is syncmode enabled?
{Mon 01:09:45 Step:2500} Server_Comm.py: The agent lost 2 consecutive packets! Is syncmode disabled?
{Mon 01:09:45 Step:2504} Server_Comm.py: The agent lost 2 consecutive packets! Is syncmode disabled?
{Mon 01:09:45 Step:2510} Server_Comm.py: The agent lost 5 consecutive packets! Is syncmode disabled?
{Mon 01:09:45 Step:2513} Server_Comm.py: The agent lost 2 consecutive packets! Is syncmode disabled?
{Mon 01:09:45 Step:2516} Server_Comm.py: The agent lost 2 consecutive packets! Is syncmode disabled?
{Mon 01:09:45 Step:2518} Server_Comm.py: The agent lost 1 packet! Is syncmode enabled?
{Mon 01:09:45 Step:2520} Server_Comm.py: The agent lost 1 packet! Is syncmode enabled?
{Mon 01:09:45 Step:2522} Server_Comm.py: The agent lost 1 packet! Is syncmode enabled?
{Mon 01:09:45 Step:2526} Server_Comm.py: The agent lost 2 consecutive packets! Is syncmode disabled?
{Mon 01:09:45 Step:2528} Server_Comm.py: The agent lost 1 packet! Is syncmode enabled?
{Mon 01:09:45 Step:2532} Server_Comm.py: The agent lost 2 consecutive packets! Is syncmode disabled?
{Mon 01:09:45 Step:2534} Server_Comm.py: The agent lost 1 packet! Is syncmode enabled?
{Mon 01:09:45 Step:2537} Server_Comm.py: The agent lost 1 packet! Is syncmode enabled?
{Mon 01:09:45 Step:2540} Server_Comm.py: The agent lost 2 consecutive packets! Is syncmode disabled?
{Mon 01:09:45 Step:2542} Server_Comm.py: The agent lost 1 packet! Is syncmode enabled?
{Mon 01:09:45 Step:2544} Server_Comm.py: The agent lost 1 packet! Is syncmode enabled?
{Mon 01:09:45 Step:2548} Server_Comm.py: The agent lost 2 consecutive packets! Is syncmode disabled?
{Mon 01:09:45 Step:2550} Server_Comm.py: The agent lost 1 packet! Is syncmode enabled?
{Mon 01:09:45 Step:2560} Server_Comm.py: The agent lost 1 packet! Is syncmode enabled?
{Mon 01:09:45 Step:2563} Server_Comm.py: The agent lost 1 packet! Is syncmode enabled?
{Mon 01:09:45 Step:2577} Server_Comm.py: The agent lost 1 packet! Is syncmode enabled?
{Mon 01:09:45 Step:2583} Server_Comm.py: The agent lost 1 packet! Is syncmode enabled?
{Mon 01:09:45 Step:2609} Server_Comm.py: The agent lost 1 packet! Is syncmode enabled?
{Mon 01:09:45 Step:2613} Server_Comm.py: The agent lost 1 packet! Is syncmode enabled?
{Mon 01:09:45 Step:2628} Server_Comm.py: The agent lost 2 consecutive packets! Is syncmode disabled?
{Mon 01:09:45 Step:2630} Server_Comm.py: The agent lost 1 packet! Is syncmode enabled?
{Mon 01:09:45 Step:2644} Server_Comm.py: The agent lost 12 consecutive packets! Is syncmode disabled?
{Mon 01:09:45 Step:2650} Server_Comm.py: The agent lost 5 consecutive packets! Is syncmode disabled?
{Mon 01:09:45 Step:2652} Server_Comm.py: The agent lost 1 packet! Is syncmode enabled?
{Mon 01:09:45 Step:2654} Server_Comm.py: The agent lost 1 packet! Is syncmode enabled?
{Mon 01:09:45 Step:2658} Server_Comm.py: The agent lost 2 consecutive packets! Is syncmode disabled?
{Mon 01:09:45 Step:2662} Server_Comm.py: The agent lost 2 consecutive packets! Is syncmode disabled?
{Mon 01:09:45 Step:2666} Server_Comm.py: The agent lost 2 consecutive packets! Is syncmode disabled?
{Mon 01:09:45 Step:2683} Server_Comm.py: The agent lost 16 consecutive packets! Is syncmode disabled?
{Mon 01:09:45 Step:2692} Server_Comm.py: The agent lost 8 consecutive packets! Is syncmode disabled?
{Mon 01:09:45 Step:2697} Server_Comm.py: The agent lost 4 consecutive packets! Is syncmode disabled?
{Mon 01:09:45 Step:2702} Server_Comm.py: The agent lost 4 consecutive packets! Is syncmode disabled?
{Mon 01:09:45 Step:2705} Server_Comm.py: The agent lost 2 consecutive packets! Is syncmode disabled?
{Mon 01:09:45 Step:2708} Server_Comm.py: The agent lost 2 consecutive packets! Is syncmode disabled?
{Mon 01:09:45 Step:2710} Server_Comm.py: The agent lost 1 packet! Is syncmode enabled?
{Mon 01:09:45 Step:2712} Server_Comm.py: The agent lost 1 packet! Is syncmode enabled?
{Mon 01:09:45 Step:2717} Server_Comm.py: The agent lost 3 consecutive packets! Is syncmode disabled?
{Mon 01:09:45 Step:2721} Server_Comm.py: The agent lost 3 consecutive packets! Is syncmode disabled?
{Mon 01:09:45 Step:2725} Server_Comm.py: The agent lost 3 consecutive packets! Is syncmode disabled?
{Mon 01:09:46 Step:2729} Server_Comm.py: The agent lost 3 consecutive packets! Is syncmode disabled?
{Mon 01:09:46 Step:2733} Server_Comm.py: The agent lost 3 consecutive packets! Is syncmode disabled?
{Mon 01:09:46 Step:2735} Server_Comm.py: The agent lost 1 packet! Is syncmode enabled?
{Mon 01:09:46 Step:2739} Server_Comm.py: The agent lost 3 consecutive packets! Is syncmode disabled?
{Mon 01:09:46 Step:2742} Server_Comm.py: The agent lost 2 consecutive packets! Is syncmode disabled?
{Mon 01:09:46 Step:2744} Server_Comm.py: The agent lost 1 packet! Is syncmode enabled?
{Mon 01:09:46 Step:2746} Server_Comm.py: The agent lost 1 packet! Is syncmode enabled?
{Mon 01:09:46 Step:2746} Server_Comm.py: Received a new packet while thinking!
{Mon 01:09:46 Step:2812} Server_Comm.py: The agent lost 65 consecutive packets! Is syncmode disabled?
{Mon 01:09:46 Step:2851} Server_Comm.py: The agent lost 38 consecutive packets! Is syncmode disabled?
{Mon 01:09:46 Step:2860} Server_Comm.py: The agent lost 8 consecutive packets! Is syncmode disabled?
{Mon 01:09:46 Step:2863} Server_Comm.py: The agent lost 2 consecutive packets! Is syncmode disabled?
{Mon 01:09:46 Step:2868} Server_Comm.py: The agent lost 4 consecutive packets! Is syncmode disabled?
{Mon 01:09:46 Step:2871} Server_Comm.py: The agent lost 2 consecutive packets! Is syncmode disabled?
{Mon 01:09:46 Step:2876} Server_Comm.py: The agent lost 4 consecutive packets! Is syncmode disabled?
{Mon 01:09:46 Step:2879} Server_Comm.py: The agent lost 2 consecutive packets! Is syncmode disabled?
{Mon 01:09:46 Step:2883} Server_Comm.py: The agent lost 3 consecutive packets! Is syncmode disabled?
{Mon 01:09:46 Step:2888} Server_Comm.py: The agent lost 4 consecutive packets! Is syncmode disabled?
{Mon 01:09:46 Step:2888} Server_Comm.py: Received a new packet while thinking!
