{Wed 20:25:21 Step:105} Server_Comm.py: The agent lost 1 packet! Is syncmode enabled?
{Wed 20:25:21 Step:111} Server_Comm.py: Received a new packet while thinking!
{Wed 20:25:21 Step:112} Server_Comm.py: Received a new packet while thinking!
{Wed 20:25:21 Step:115} Server_Comm.py: The agent lost 2 consecutive packets! Is syncmode disabled?
{Wed 20:25:21 Step:116} Server_Comm.py: Received a new packet while thinking!
{Wed 20:25:21 Step:118} Server_Comm.py: The agent lost 1 packet! Is syncmode enabled?
{Wed 20:25:21 Step:118} Server_Comm.py: Received a new packet while thinking!
{Wed 20:25:21 Step:121} Server_Comm.py: The agent lost 2 consecutive packets! Is syncmode disabled?
{Wed 20:25:22 Step:122} Server_Comm.py: Received a new packet while thinking!
{Wed 20:25:22 Step:124} Server_Comm.py: The agent lost 1 packet! Is syncmode enabled?
{Wed 20:25:22 Step:124} Server_Comm.py: Received a new packet while on world.update()!
{Wed 20:25:22 Step:126} Server_Comm.py: The agent lost 1 packet! Is syncmode enabled?
{Wed 20:25:22 Step:126} Server_Comm.py: Received a new packet while thinking!
{Wed 20:25:22 Step:127} Server_Comm.py: Received a new packet while thinking!
{Wed 20:25:22 Step:130} Server_Comm.py: The agent lost 2 consecutive packets! Is syncmode disabled?
{Wed 20:25:22 Step:131} Server_Comm.py: Received a new packet while thinking!
{Wed 20:25:22 Step:133} Server_Comm.py: The agent lost 1 packet! Is syncmode enabled?
{Wed 20:25:22 Step:133} Server_Comm.py: Received a new packet while thinking!
{Wed 20:25:22 Step:136} Server_Comm.py: The agent lost 2 consecutive packets! Is syncmode disabled?
{Wed 20:25:22 Step:137} Server_Comm.py: Received a new packet while thinking!
{Wed 20:25:22 Step:139} Server_Comm.py: The agent lost 1 packet! Is syncmode enabled?
{Wed 20:25:22 Step:139} Server_Comm.py: Received a new packet while thinking!
{Wed 20:25:22 Step:142} Server_Comm.py: The agent lost 2 consecutive packets! Is syncmode disabled?
{Wed 20:25:22 Step:142} Server_Comm.py: Received a new packet while thinking!
{Wed 20:25:22 Step:145} Server_Comm.py: The agent lost 2 consecutive packets! Is syncmode disabled?
{Wed 20:25:22 Step:146} Server_Comm.py: Received a new packet while thinking!
{Wed 20:25:22 Step:148} Server_Comm.py: The agent lost 1 packet! Is syncmode enabled?
{Wed 20:25:22 Step:148} Server_Comm.py: Received a new packet while on world.update()!
{Wed 20:25:22 Step:150} Server_Comm.py: The agent lost 1 packet! Is syncmode enabled?
{Wed 20:25:22 Step:150} Server_Comm.py: Received a new packet while thinking!
{Wed 20:25:22 Step:151} Server_Comm.py: Received a new packet while thinking!
{Wed 20:25:22 Step:154} Server_Comm.py: The agent lost 2 consecutive packets! Is syncmode disabled?
{Wed 20:25:22 Step:155} Server_Comm.py: Received a new packet while thinking!
{Wed 20:25:22 Step:157} Server_Comm.py: The agent lost 1 packet! Is syncmode enabled?
{Wed 20:25:22 Step:157} Server_Comm.py: Received a new packet while thinking!
{Wed 20:25:22 Step:160} Server_Comm.py: The agent lost 2 consecutive packets! Is syncmode disabled?
{Wed 20:25:22 Step:160} Server_Comm.py: Received a new packet while thinking!
{Wed 20:25:22 Step:162} Server_Comm.py: The agent lost 1 packet! Is syncmode enabled?
{Wed 20:25:22 Step:162} Server_Comm.py: Received a new packet while thinking!
{Wed 20:25:22 Step:164} Server_Comm.py: The agent lost 1 packet! Is syncmode enabled?
{Wed 20:25:22 Step:164} Server_Comm.py: Received a new packet while thinking!
{Wed 20:25:22 Step:166} Server_Comm.py: The agent lost 1 packet! Is syncmode enabled?
{Wed 20:25:22 Step:166} Server_Comm.py: Received a new packet while thinking!
{Wed 20:25:22 Step:168} Server_Comm.py: The agent lost 1 packet! Is syncmode enabled?
{Wed 20:25:22 Step:168} Server_Comm.py: Received a new packet while thinking!
{Wed 20:25:22 Step:169} Server_Comm.py: Received a new packet while on world.update()!
{Wed 20:25:22 Step:170} Server_Comm.py: Received a new packet while thinking!
{Wed 20:25:22 Step:171} Server_Comm.py: Received a new packet while thinking!
{Wed 20:25:23 Step:173} Server_Comm.py: The agent lost 1 packet! Is syncmode enabled?
{Wed 20:25:23 Step:173} Server_Comm.py: Received a new packet while thinking!
{Wed 20:25:23 Step:175} Server_Comm.py: The agent lost 1 packet! Is syncmode enabled?
{Wed 20:25:23 Step:175} Server_Comm.py: Received a new packet while thinking!
{Wed 20:25:23 Step:177} Server_Comm.py: The agent lost 1 packet! Is syncmode enabled?
{Wed 20:25:23 Step:177} Server_Comm.py: Received a new packet while thinking!
{Wed 20:25:23 Step:179} Server_Comm.py: The agent lost 1 packet! Is syncmode enabled?
{Wed 20:25:23 Step:179} Server_Comm.py: Received a new packet while thinking!
{Wed 20:25:23 Step:180} Server_Comm.py: Received a new packet while thinking!
{Wed 20:25:23 Step:182} Server_Comm.py: The agent lost 1 packet! Is syncmode enabled?
{Wed 20:25:23 Step:182} Server_Comm.py: Received a new packet while thinking!
{Wed 20:25:23 Step:183} Server_Comm.py: Received a new packet while thinking!
{Wed 20:25:23 Step:185} Server_Comm.py: The agent lost 1 packet! Is syncmode enabled?
{Wed 20:25:23 Step:185} Server_Comm.py: Received a new packet while thinking!
{Wed 20:25:23 Step:186} Server_Comm.py: Received a new packet while thinking!
{Wed 20:25:23 Step:188} Server_Comm.py: The agent lost 1 packet! Is syncmode enabled?
{Wed 20:25:23 Step:188} Server_Comm.py: Received a new packet while thinking!
{Wed 20:25:23 Step:189} Server_Comm.py: Received a new packet while thinking!
{Wed 20:25:23 Step:191} Server_Comm.py: The agent lost 1 packet! Is syncmode enabled?
{Wed 20:25:23 Step:191} Server_Comm.py: Received a new packet while thinking!
{Wed 20:25:23 Step:192} Server_Comm.py: Received a new packet while thinking!
{Wed 20:25:23 Step:194} Server_Comm.py: The agent lost 1 packet! Is syncmode enabled?
{Wed 20:25:23 Step:194} Server_Comm.py: Received a new packet while thinking!
{Wed 20:25:23 Step:196} Server_Comm.py: The agent lost 1 packet! Is syncmode enabled?
{Wed 20:25:23 Step:196} Server_Comm.py: Received a new packet while thinking!
{Wed 20:25:23 Step:197} Server_Comm.py: Received a new packet while thinking!
{Wed 20:25:23 Step:199} Server_Comm.py: The agent lost 1 packet! Is syncmode enabled?
{Wed 20:25:23 Step:199} Server_Comm.py: Received a new packet while thinking!
{Wed 20:25:23 Step:201} Server_Comm.py: The agent lost 1 packet! Is syncmode enabled?
{Wed 20:25:23 Step:201} Server_Comm.py: Received a new packet while thinking!
{Wed 20:25:23 Step:203} Server_Comm.py: The agent lost 1 packet! Is syncmode enabled?
{Wed 20:25:23 Step:203} Server_Comm.py: Received a new packet while thinking!
{Wed 20:25:23 Step:205} Server_Comm.py: The agent lost 1 packet! Is syncmode enabled?
{Wed 20:25:23 Step:205} Server_Comm.py: Received a new packet while thinking!
{Wed 20:25:23 Step:207} Server_Comm.py: The agent lost 1 packet! Is syncmode enabled?
{Wed 20:25:23 Step:207} Server_Comm.py: Received a new packet while thinking!
{Wed 20:25:23 Step:209} Server_Comm.py: The agent lost 1 packet! Is syncmode enabled?
{Wed 20:25:23 Step:209} Server_Comm.py: Received a new packet while thinking!
{Wed 20:25:23 Step:211} Server_Comm.py: The agent lost 1 packet! Is syncmode enabled?
{Wed 20:25:23 Step:211} Server_Comm.py: Received a new packet while thinking!
{Wed 20:25:23 Step:213} Server_Comm.py: The agent lost 1 packet! Is syncmode enabled?
{Wed 20:25:23 Step:213} Server_Comm.py: Received a new packet while thinking!
{Wed 20:25:23 Step:215} Server_Comm.py: The agent lost 1 packet! Is syncmode enabled?
{Wed 20:25:23 Step:215} Server_Comm.py: Received a new packet while thinking!
{Wed 20:25:23 Step:217} Server_Comm.py: The agent lost 1 packet! Is syncmode enabled?
{Wed 20:25:23 Step:217} Server_Comm.py: Received a new packet while thinking!
{Wed 20:25:23 Step:219} Server_Comm.py: The agent lost 1 packet! Is syncmode enabled?
{Wed 20:25:23 Step:219} Server_Comm.py: Received a new packet while thinking!
{Wed 20:25:23 Step:221} Server_Comm.py: The agent lost 1 packet! Is syncmode enabled?
{Wed 20:25:23 Step:221} Server_Comm.py: Received a new packet while thinking!
{Wed 20:25:24 Step:222} Server_Comm.py: Received a new packet while thinking!
{Wed 20:25:24 Step:224} Server_Comm.py: The agent lost 1 packet! Is syncmode enabled?
{Wed 20:25:24 Step:224} Server_Comm.py: Received a new packet while thinking!
{Wed 20:25:24 Step:225} Server_Comm.py: Received a new packet while thinking!
{Wed 20:25:24 Step:227} Server_Comm.py: The agent lost 1 packet! Is syncmode enabled?
{Wed 20:25:24 Step:227} Server_Comm.py: Received a new packet while thinking!
{Wed 20:25:24 Step:229} Server_Comm.py: The agent lost 1 packet! Is syncmode enabled?
{Wed 20:25:24 Step:229} Server_Comm.py: Received a new packet while thinking!
{Wed 20:25:24 Step:231} Server_Comm.py: The agent lost 1 packet! Is syncmode enabled?
{Wed 20:25:24 Step:231} Server_Comm.py: Received a new packet while thinking!
{Wed 20:25:24 Step:232} Server_Comm.py: Received a new packet while thinking!
{Wed 20:25:24 Step:234} Server_Comm.py: The agent lost 1 packet! Is syncmode enabled?
{Wed 20:25:24 Step:234} Server_Comm.py: Received a new packet while thinking!
{Wed 20:25:24 Step:236} Server_Comm.py: The agent lost 1 packet! Is syncmode enabled?
{Wed 20:25:24 Step:236} Server_Comm.py: Received a new packet while thinking!
{Wed 20:25:24 Step:237} Server_Comm.py: Received a new packet while thinking!
{Wed 20:25:24 Step:239} Server_Comm.py: The agent lost 1 packet! Is syncmode enabled?
{Wed 20:25:24 Step:239} Server_Comm.py: Received a new packet while thinking!
{Wed 20:25:24 Step:240} Server_Comm.py: Received a new packet while thinking!
{Wed 20:25:24 Step:242} Server_Comm.py: The agent lost 1 packet! Is syncmode enabled?
{Wed 20:25:24 Step:242} Server_Comm.py: Received a new packet while thinking!
{Wed 20:25:24 Step:243} Server_Comm.py: Received a new packet while thinking!
{Wed 20:25:24 Step:245} Server_Comm.py: The agent lost 1 packet! Is syncmode enabled?
{Wed 20:25:24 Step:245} Server_Comm.py: Received a new packet while thinking!
{Wed 20:25:24 Step:246} Server_Comm.py: Received a new packet while thinking!
{Wed 20:25:24 Step:248} Server_Comm.py: The agent lost 1 packet! Is syncmode enabled?
{Wed 20:25:24 Step:248} Server_Comm.py: Received a new packet while thinking!
{Wed 20:25:24 Step:250} Server_Comm.py: The agent lost 1 packet! Is syncmode enabled?
{Wed 20:25:24 Step:250} Server_Comm.py: Received a new packet while thinking!
{Wed 20:25:24 Step:252} Server_Comm.py: The agent lost 1 packet! Is syncmode enabled?
{Wed 20:25:24 Step:252} Server_Comm.py: Received a new packet while thinking!
{Wed 20:25:24 Step:253} Server_Comm.py: Received a new packet while on world.update()!
{Wed 20:25:24 Step:254} Server_Comm.py: Received a new packet while thinking!
{Wed 20:25:24 Step:255} Server_Comm.py: Received a new packet while thinking!
{Wed 20:25:24 Step:256} Server_Comm.py: Received a new packet while on world.update()!
{Wed 20:25:24 Step:258} Server_Comm.py: Received a new packet while thinking!
{Wed 20:25:24 Step:260} Server_Comm.py: Received a new packet while thinking!
{Wed 20:25:24 Step:262} Server_Comm.py: The agent lost 1 packet! Is syncmode enabled?
{Wed 20:25:24 Step:262} Server_Comm.py: Received a new packet while thinking!
{Wed 20:25:24 Step:265} Server_Comm.py: The agent lost 2 consecutive packets! Is syncmode disabled?
{Wed 20:25:24 Step:266} Server_Comm.py: Received a new packet while thinking!
{Wed 20:25:24 Step:268} Server_Comm.py: The agent lost 1 packet! Is syncmode enabled?
{Wed 20:25:24 Step:268} Server_Comm.py: Received a new packet while thinking!
{Wed 20:25:24 Step:271} Server_Comm.py: The agent lost 2 consecutive packets! Is syncmode disabled?
{Wed 20:25:25 Step:272} Server_Comm.py: Received a new packet while thinking!
{Wed 20:25:25 Step:274} Server_Comm.py: The agent lost 1 packet! Is syncmode enabled?
{Wed 20:25:25 Step:274} Server_Comm.py: Received a new packet while thinking!
{Wed 20:25:25 Step:276} Server_Comm.py: The agent lost 1 packet! Is syncmode enabled?
{Wed 20:25:25 Step:276} Server_Comm.py: Received a new packet while thinking!
{Wed 20:25:25 Step:277} Server_Comm.py: Received a new packet while thinking!
{Wed 20:25:25 Step:280} Server_Comm.py: The agent lost 2 consecutive packets! Is syncmode disabled?
{Wed 20:25:25 Step:281} Server_Comm.py: Received a new packet while thinking!
{Wed 20:25:25 Step:283} Server_Comm.py: The agent lost 1 packet! Is syncmode enabled?
{Wed 20:25:25 Step:283} Server_Comm.py: Received a new packet while thinking!
{Wed 20:25:25 Step:285} Server_Comm.py: The agent lost 1 packet! Is syncmode enabled?
{Wed 20:25:25 Step:285} Server_Comm.py: Received a new packet while thinking!
{Wed 20:25:25 Step:286} Server_Comm.py: Received a new packet while thinking!
{Wed 20:25:25 Step:289} Server_Comm.py: The agent lost 2 consecutive packets! Is syncmode disabled?
{Wed 20:25:25 Step:290} Server_Comm.py: Received a new packet while thinking!
{Wed 20:25:25 Step:292} Server_Comm.py: The agent lost 1 packet! Is syncmode enabled?
{Wed 20:25:25 Step:292} Server_Comm.py: Received a new packet while thinking!
{Wed 20:25:25 Step:294} Server_Comm.py: The agent lost 1 packet! Is syncmode enabled?
{Wed 20:25:25 Step:294} Server_Comm.py: Received a new packet while thinking!
{Wed 20:25:25 Step:295} Server_Comm.py: Received a new packet while thinking!
{Wed 20:25:25 Step:297} Server_Comm.py: The agent lost 1 packet! Is syncmode enabled?
{Wed 20:25:25 Step:297} Server_Comm.py: Received a new packet while thinking!
{Wed 20:25:25 Step:298} Server_Comm.py: Received a new packet while thinking!
{Wed 20:25:25 Step:301} Server_Comm.py: The agent lost 2 consecutive packets! Is syncmode disabled?
{Wed 20:25:25 Step:302} Server_Comm.py: Received a new packet while thinking!
{Wed 20:25:25 Step:304} Server_Comm.py: The agent lost 1 packet! Is syncmode enabled?
{Wed 20:25:25 Step:304} Server_Comm.py: Received a new packet while thinking!
{Wed 20:25:25 Step:306} Server_Comm.py: The agent lost 1 packet! Is syncmode enabled?
{Wed 20:25:25 Step:306} Server_Comm.py: Received a new packet while thinking!
{Wed 20:25:25 Step:307} Server_Comm.py: Received a new packet while thinking!
{Wed 20:25:25 Step:310} Server_Comm.py: The agent lost 2 consecutive packets! Is syncmode disabled?
{Wed 20:25:25 Step:310} Server_Comm.py: Received a new packet while thinking!
{Wed 20:25:25 Step:312} Server_Comm.py: The agent lost 1 packet! Is syncmode enabled?
{Wed 20:25:25 Step:312} Server_Comm.py: Received a new packet while thinking!
{Wed 20:25:25 Step:313} Server_Comm.py: Received a new packet while thinking!
{Wed 20:25:25 Step:316} Server_Comm.py: The agent lost 2 consecutive packets! Is syncmode disabled?
{Wed 20:25:25 Step:317} Server_Comm.py: Received a new packet while thinking!
{Wed 20:25:25 Step:319} Server_Comm.py: The agent lost 1 packet! Is syncmode enabled?
{Wed 20:25:26 Step:320} Server_Comm.py: Received a new packet while thinking!
{Wed 20:25:26 Step:322} Server_Comm.py: The agent lost 1 packet! Is syncmode enabled?
{Wed 20:25:26 Step:322} Server_Comm.py: Received a new packet while thinking!
{Wed 20:25:26 Step:324} Server_Comm.py: The agent lost 1 packet! Is syncmode enabled?
{Wed 20:25:26 Step:324} Server_Comm.py: Received a new packet while thinking!
{Wed 20:25:26 Step:325} Server_Comm.py: Received a new packet while thinking!
{Wed 20:25:26 Step:328} Server_Comm.py: The agent lost 2 consecutive packets! Is syncmode disabled?
{Wed 20:25:26 Step:328} Server_Comm.py: Received a new packet while thinking!
{Wed 20:25:26 Step:331} Server_Comm.py: The agent lost 2 consecutive packets! Is syncmode disabled?
{Wed 20:25:26 Step:331} Server_Comm.py: Received a new packet while thinking!
{Wed 20:25:26 Step:334} Server_Comm.py: The agent lost 2 consecutive packets! Is syncmode disabled?
{Wed 20:25:26 Step:335} Server_Comm.py: Received a new packet while thinking!
{Wed 20:25:26 Step:337} Server_Comm.py: The agent lost 1 packet! Is syncmode enabled?
{Wed 20:25:26 Step:337} Server_Comm.py: Received a new packet while thinking!
{Wed 20:25:26 Step:340} Server_Comm.py: The agent lost 2 consecutive packets! Is syncmode disabled?
{Wed 20:25:26 Step:340} Server_Comm.py: Received a new packet while thinking!
{Wed 20:25:26 Step:343} Server_Comm.py: The agent lost 2 consecutive packets! Is syncmode disabled?
{Wed 20:25:26 Step:344} Server_Comm.py: Received a new packet while thinking!
{Wed 20:25:26 Step:346} Server_Comm.py: The agent lost 1 packet! Is syncmode enabled?
{Wed 20:25:26 Step:346} Server_Comm.py: Received a new packet while thinking!
{Wed 20:25:26 Step:350} Server_Comm.py: The agent lost 3 consecutive packets! Is syncmode disabled?
{Wed 20:25:26 Step:350} Server_Comm.py: Received a new packet while thinking!
{Wed 20:25:26 Step:352} Server_Comm.py: The agent lost 1 packet! Is syncmode enabled?
{Wed 20:25:26 Step:352} Server_Comm.py: Received a new packet while thinking!
{Wed 20:25:26 Step:354} Server_Comm.py: The agent lost 1 packet! Is syncmode enabled?
{Wed 20:25:26 Step:354} Server_Comm.py: Received a new packet while thinking!
{Wed 20:25:26 Step:356} Server_Comm.py: The agent lost 1 packet! Is syncmode enabled?
{Wed 20:25:26 Step:356} Server_Comm.py: Received a new packet while thinking!
{Wed 20:25:26 Step:358} Server_Comm.py: The agent lost 1 packet! Is syncmode enabled?
{Wed 20:25:26 Step:358} Server_Comm.py: Received a new packet while thinking!
{Wed 20:25:26 Step:360} Server_Comm.py: The agent lost 1 packet! Is syncmode enabled?
{Wed 20:25:26 Step:360} Server_Comm.py: Received a new packet while thinking!
{Wed 20:25:26 Step:362} Server_Comm.py: The agent lost 1 packet! Is syncmode enabled?
{Wed 20:25:26 Step:362} Server_Comm.py: Received a new packet while thinking!
{Wed 20:25:26 Step:364} Server_Comm.py: The agent lost 1 packet! Is syncmode enabled?
{Wed 20:25:26 Step:364} Server_Comm.py: Received a new packet while thinking!
{Wed 20:25:26 Step:366} Server_Comm.py: The agent lost 1 packet! Is syncmode enabled?
{Wed 20:25:26 Step:366} Server_Comm.py: Received a new packet while thinking!
{Wed 20:25:26 Step:368} Server_Comm.py: The agent lost 1 packet! Is syncmode enabled?
{Wed 20:25:26 Step:368} Server_Comm.py: Received a new packet while thinking!
{Wed 20:25:26 Step:370} Server_Comm.py: The agent lost 1 packet! Is syncmode enabled?
{Wed 20:25:26 Step:370} Server_Comm.py: Received a new packet while thinking!
{Wed 20:25:27 Step:372} Server_Comm.py: The agent lost 1 packet! Is syncmode enabled?
{Wed 20:25:27 Step:372} Server_Comm.py: Received a new packet while thinking!
{Wed 20:25:27 Step:374} Server_Comm.py: The agent lost 1 packet! Is syncmode enabled?
{Wed 20:25:27 Step:374} Server_Comm.py: Received a new packet while thinking!
{Wed 20:25:27 Step:375} Server_Comm.py: Received a new packet while thinking!
{Wed 20:25:27 Step:377} Server_Comm.py: The agent lost 1 packet! Is syncmode enabled?
{Wed 20:25:27 Step:377} Server_Comm.py: Received a new packet while thinking!
{Wed 20:25:27 Step:379} Server_Comm.py: The agent lost 1 packet! Is syncmode enabled?
{Wed 20:25:27 Step:379} Server_Comm.py: Received a new packet while on world.update()!
{Wed 20:25:27 Step:380} Server_Comm.py: Received a new packet while thinking!
{Wed 20:25:27 Step:381} Server_Comm.py: Received a new packet while thinking!
{Wed 20:25:27 Step:383} Server_Comm.py: The agent lost 1 packet! Is syncmode enabled?
{Wed 20:25:27 Step:383} Server_Comm.py: Received a new packet while thinking!
{Wed 20:25:27 Step:384} Server_Comm.py: Received a new packet while thinking!
{Wed 20:25:27 Step:386} Server_Comm.py: The agent lost 1 packet! Is syncmode enabled?
{Wed 20:25:27 Step:387} Server_Comm.py: Received a new packet while thinking!
{Wed 20:25:27 Step:389} Server_Comm.py: Received a new packet while thinking!
{Wed 20:25:27 Step:391} Server_Comm.py: The agent lost 1 packet! Is syncmode enabled?
{Wed 20:25:27 Step:392} Server_Comm.py: Received a new packet while thinking!
{Wed 20:25:27 Step:394} Server_Comm.py: The agent lost 1 packet! Is syncmode enabled?
{Wed 20:25:27 Step:397} Server_Comm.py: The agent lost 1 packet! Is syncmode enabled?
{Wed 20:25:27 Step:400} Server_Comm.py: The agent lost 1 packet! Is syncmode enabled?
{Wed 20:25:27 Step:403} Server_Comm.py: Received a new packet while thinking!
{Wed 20:25:27 Step:405} Server_Comm.py: The agent lost 1 packet! Is syncmode enabled?
{Wed 20:25:27 Step:413} Server_Comm.py: Received a new packet while thinking!
{Wed 20:25:27 Step:415} Server_Comm.py: The agent lost 1 packet! Is syncmode enabled?
{Wed 20:25:28 Step:427} Server_Comm.py: Received a new packet while thinking!
{Wed 20:25:28 Step:429} Server_Comm.py: The agent lost 1 packet! Is syncmode enabled?
{Wed 20:25:28 Step:443} Server_Comm.py: Received a new packet while thinking!
{Wed 20:25:28 Step:445} Server_Comm.py: The agent lost 1 packet! Is syncmode enabled?
{Wed 20:25:28 Step:468} Server_Comm.py: Received a new packet while thinking!
{Wed 20:25:29 Step:471} Server_Comm.py: Received a new packet while thinking!
{Wed 20:25:29 Step:474} Server_Comm.py: Received a new packet while thinking!
{Wed 20:25:29 Step:477} Server_Comm.py: Received a new packet while thinking!
{Wed 20:25:29 Step:480} Server_Comm.py: Received a new packet while thinking!
{Wed 20:25:29 Step:482} Server_Comm.py: Received a new packet while thinking!
{Wed 20:25:29 Step:484} Server_Comm.py: The agent lost 1 packet! Is syncmode enabled?
{Wed 20:25:29 Step:486} Server_Comm.py: Received a new packet while thinking!
{Wed 20:25:29 Step:490} Server_Comm.py: The agent lost 1 packet! Is syncmode enabled?
{Wed 20:25:29 Step:492} Server_Comm.py: Received a new packet while thinking!
{Wed 20:25:29 Step:496} Server_Comm.py: The agent lost 1 packet! Is syncmode enabled?
{Wed 20:25:29 Step:499} Server_Comm.py: The agent lost 1 packet! Is syncmode enabled?
{Wed 20:25:29 Step:502} Server_Comm.py: The agent lost 1 packet! Is syncmode enabled?
{Wed 20:25:29 Step:505} Server_Comm.py: The agent lost 1 packet! Is syncmode enabled?
{Wed 20:25:29 Step:506} Server_Comm.py: Received a new packet while thinking!
{Wed 20:25:29 Step:508} Server_Comm.py: The agent lost 1 packet! Is syncmode enabled?
{Wed 20:25:29 Step:509} Server_Comm.py: Received a new packet while thinking!
{Wed 20:25:29 Step:511} Server_Comm.py: The agent lost 1 packet! Is syncmode enabled?
{Wed 20:25:29 Step:511} Server_Comm.py: Received a new packet while thinking!
{Wed 20:25:29 Step:513} Server_Comm.py: The agent lost 1 packet! Is syncmode enabled?
{Wed 20:25:29 Step:513} Server_Comm.py: Received a new packet while thinking!
{Wed 20:25:29 Step:515} Server_Comm.py: Received a new packet while thinking!
{Wed 20:25:29 Step:517} Server_Comm.py: The agent lost 1 packet! Is syncmode enabled?
{Wed 20:25:29 Step:518} Server_Comm.py: Received a new packet while thinking!
{Wed 20:25:29 Step:520} Server_Comm.py: The agent lost 1 packet! Is syncmode enabled?
{Wed 20:25:30 Step:520} Server_Comm.py: Received a new packet while thinking!
{Wed 20:25:30 Step:522} Server_Comm.py: The agent lost 1 packet! Is syncmode enabled?
{Wed 20:25:30 Step:523} Server_Comm.py: Received a new packet while thinking!
{Wed 20:25:30 Step:525} Server_Comm.py: The agent lost 1 packet! Is syncmode enabled?
{Wed 20:25:30 Step:527} Server_Comm.py: Received a new packet while thinking!
{Wed 20:25:30 Step:529} Server_Comm.py: The agent lost 1 packet! Is syncmode enabled?
{Wed 20:25:30 Step:532} Server_Comm.py: The agent lost 1 packet! Is syncmode enabled?
{Wed 20:25:30 Step:534} Server_Comm.py: Received a new packet while thinking!
{Wed 20:25:30 Step:537} Server_Comm.py: Received a new packet while thinking!
{Wed 20:25:30 Step:539} Server_Comm.py: The agent lost 1 packet! Is syncmode enabled?
{Wed 20:25:30 Step:543} Server_Comm.py: Received a new packet while thinking!
{Wed 20:25:30 Step:545} Server_Comm.py: The agent lost 1 packet! Is syncmode enabled?
{Wed 20:25:30 Step:553} Server_Comm.py: Received a new packet while thinking!
{Wed 20:25:30 Step:555} Server_Comm.py: The agent lost 1 packet! Is syncmode enabled?
{Wed 20:25:30 Step:560} Server_Comm.py: Received a new packet while thinking!
{Wed 20:25:30 Step:562} Server_Comm.py: The agent lost 1 packet! Is syncmode enabled?
{Wed 20:25:30 Step:567} Server_Comm.py: Received a new packet while thinking!
{Wed 20:25:30 Step:569} Server_Comm.py: The agent lost 1 packet! Is syncmode enabled?
{Wed 20:25:33 Step:626} Server_Comm.py: Received a new packet while thinking!
{Wed 20:25:33 Step:628} Server_Comm.py: The agent lost 1 packet! Is syncmode enabled?
{Wed 20:25:33 Step:645} Server_Comm.py: Received a new packet while thinking!
{Wed 20:25:33 Step:647} Server_Comm.py: The agent lost 1 packet! Is syncmode enabled?
{Wed 20:25:33 Step:653} Server_Comm.py: Received a new packet while thinking!
{Wed 20:25:33 Step:655} Server_Comm.py: The agent lost 1 packet! Is syncmode enabled?
{Wed 20:25:33 Step:657} Server_Comm.py: Received a new packet while thinking!
{Wed 20:25:33 Step:659} Server_Comm.py: The agent lost 1 packet! Is syncmode enabled?
{Wed 20:25:33 Step:660} Server_Comm.py: Received a new packet while thinking!
{Wed 20:25:33 Step:662} Server_Comm.py: The agent lost 1 packet! Is syncmode enabled?
{Wed 20:25:33 Step:663} Server_Comm.py: Received a new packet while thinking!
{Wed 20:25:33 Step:665} Server_Comm.py: The agent lost 1 packet! Is syncmode enabled?
{Wed 20:25:33 Step:665} Server_Comm.py: Received a new packet while thinking!
{Wed 20:25:34 Step:667} Server_Comm.py: The agent lost 1 packet! Is syncmode enabled?
{Wed 20:25:34 Step:668} Server_Comm.py: Received a new packet while thinking!
{Wed 20:25:34 Step:670} Server_Comm.py: The agent lost 1 packet! Is syncmode enabled?
{Wed 20:25:34 Step:671} Server_Comm.py: Received a new packet while thinking!
{Wed 20:25:34 Step:673} Server_Comm.py: The agent lost 1 packet! Is syncmode enabled?
{Wed 20:25:34 Step:673} Server_Comm.py: Received a new packet while thinking!
{Wed 20:25:34 Step:675} Server_Comm.py: The agent lost 1 packet! Is syncmode enabled?
{Wed 20:25:34 Step:677} Server_Comm.py: Received a new packet while thinking!
{Wed 20:25:34 Step:679} Server_Comm.py: The agent lost 1 packet! Is syncmode enabled?
{Wed 20:25:34 Step:680} Server_Comm.py: Received a new packet while thinking!
{Wed 20:25:34 Step:682} Server_Comm.py: The agent lost 1 packet! Is syncmode enabled?
{Wed 20:25:34 Step:683} Server_Comm.py: Received a new packet while thinking!
{Wed 20:25:34 Step:685} Server_Comm.py: The agent lost 1 packet! Is syncmode enabled?
{Wed 20:25:34 Step:686} Server_Comm.py: Received a new packet while thinking!
{Wed 20:25:34 Step:688} Server_Comm.py: The agent lost 1 packet! Is syncmode enabled?
{Wed 20:25:34 Step:689} Server_Comm.py: Received a new packet while thinking!
{Wed 20:25:34 Step:691} Server_Comm.py: The agent lost 1 packet! Is syncmode enabled?
{Wed 20:25:34 Step:692} Server_Comm.py: Received a new packet while thinking!
{Wed 20:25:34 Step:694} Server_Comm.py: The agent lost 1 packet! Is syncmode enabled?
{Wed 20:25:34 Step:695} Server_Comm.py: Received a new packet while thinking!
{Wed 20:25:34 Step:697} Server_Comm.py: The agent lost 1 packet! Is syncmode enabled?
{Wed 20:25:34 Step:698} Server_Comm.py: Received a new packet while thinking!
{Wed 20:25:34 Step:700} Server_Comm.py: The agent lost 1 packet! Is syncmode enabled?
{Wed 20:25:34 Step:701} Server_Comm.py: Received a new packet while thinking!
{Wed 20:25:34 Step:703} Server_Comm.py: The agent lost 1 packet! Is syncmode enabled?
{Wed 20:25:34 Step:705} Server_Comm.py: Received a new packet while thinking!
{Wed 20:25:34 Step:707} Server_Comm.py: The agent lost 1 packet! Is syncmode enabled?
{Wed 20:25:34 Step:708} Server_Comm.py: Received a new packet while thinking!
{Wed 20:25:34 Step:710} Server_Comm.py: The agent lost 1 packet! Is syncmode enabled?
{Wed 20:25:34 Step:711} Server_Comm.py: Received a new packet while thinking!
{Wed 20:25:34 Step:713} Server_Comm.py: The agent lost 1 packet! Is syncmode enabled?
{Wed 20:25:34 Step:715} Server_Comm.py: Received a new packet while thinking!
{Wed 20:25:35 Step:717} Server_Comm.py: The agent lost 1 packet! Is syncmode enabled?
{Wed 20:25:35 Step:719} Server_Comm.py: Received a new packet while thinking!
{Wed 20:25:35 Step:721} Server_Comm.py: The agent lost 1 packet! Is syncmode enabled?
{Wed 20:25:35 Step:722} Server_Comm.py: Received a new packet while thinking!
{Wed 20:25:35 Step:724} Server_Comm.py: The agent lost 1 packet! Is syncmode enabled?
{Wed 20:25:35 Step:727} Server_Comm.py: Received a new packet while thinking!
{Wed 20:25:35 Step:729} Server_Comm.py: The agent lost 1 packet! Is syncmode enabled?
{Wed 20:25:35 Step:733} Server_Comm.py: Received a new packet while thinking!
{Wed 20:25:35 Step:735} Server_Comm.py: The agent lost 1 packet! Is syncmode enabled?
{Wed 20:25:35 Step:739} Server_Comm.py: Received a new packet while thinking!
{Wed 20:25:35 Step:741} Server_Comm.py: The agent lost 1 packet! Is syncmode enabled?
{Wed 20:25:35 Step:749} Server_Comm.py: Received a new packet while thinking!
{Wed 20:25:35 Step:751} Server_Comm.py: The agent lost 1 packet! Is syncmode enabled?
{Wed 20:25:36 Step:805} Server_Comm.py: The agent lost 1 packet! Is syncmode enabled?
{Wed 20:25:37 Step:826} Server_Comm.py: Received a new packet while thinking!
{Wed 20:25:37 Step:847} Server_Comm.py: Received a new packet while thinking!
{Wed 20:25:37 Step:850} Server_Comm.py: Received a new packet while thinking!
{Wed 20:25:37 Step:852} Server_Comm.py: Received a new packet while thinking!
{Wed 20:25:37 Step:856} Server_Comm.py: The agent lost 1 packet! Is syncmode enabled?
{Wed 20:25:37 Step:858} Server_Comm.py: Received a new packet while thinking!
{Wed 20:25:37 Step:862} Server_Comm.py: The agent lost 1 packet! Is syncmode enabled?
{Wed 20:25:37 Step:864} Server_Comm.py: Received a new packet while thinking!
{Wed 20:25:38 Step:868} Server_Comm.py: The agent lost 1 packet! Is syncmode enabled?
{Wed 20:25:38 Step:871} Server_Comm.py: The agent lost 1 packet! Is syncmode enabled?
{Wed 20:25:38 Step:873} Server_Comm.py: Received a new packet while on world.update()!
{Wed 20:25:38 Step:877} Server_Comm.py: The agent lost 1 packet! Is syncmode enabled?
{Wed 20:25:38 Step:878} Server_Comm.py: Received a new packet while thinking!
{Wed 20:25:38 Step:880} Server_Comm.py: The agent lost 1 packet! Is syncmode enabled?
{Wed 20:25:38 Step:881} Server_Comm.py: Received a new packet while thinking!
{Wed 20:25:38 Step:883} Server_Comm.py: The agent lost 1 packet! Is syncmode enabled?
{Wed 20:25:38 Step:883} Server_Comm.py: Received a new packet while thinking!
{Wed 20:25:38 Step:886} Server_Comm.py: The agent lost 2 consecutive packets! Is syncmode disabled?
{Wed 20:25:38 Step:889} Server_Comm.py: The agent lost 1 packet! Is syncmode enabled?
{Wed 20:25:38 Step:890} Server_Comm.py: Received a new packet while thinking!
{Wed 20:25:38 Step:892} Server_Comm.py: The agent lost 1 packet! Is syncmode enabled?
{Wed 20:25:38 Step:892} Server_Comm.py: Received a new packet while thinking!
{Wed 20:25:38 Step:894} Server_Comm.py: The agent lost 1 packet! Is syncmode enabled?
{Wed 20:25:38 Step:894} Server_Comm.py: Received a new packet while thinking!
{Wed 20:25:38 Step:895} Server_Comm.py: Received a new packet while thinking!
{Wed 20:25:38 Step:897} Server_Comm.py: The agent lost 1 packet! Is syncmode enabled?
{Wed 20:25:38 Step:897} Server_Comm.py: Received a new packet while thinking!
{Wed 20:25:38 Step:899} Server_Comm.py: Received a new packet while thinking!
{Wed 20:25:38 Step:901} Server_Comm.py: The agent lost 1 packet! Is syncmode enabled?
{Wed 20:25:38 Step:902} Server_Comm.py: Received a new packet while thinking!
{Wed 20:25:38 Step:904} Server_Comm.py: The agent lost 1 packet! Is syncmode enabled?
{Wed 20:25:38 Step:905} Server_Comm.py: Received a new packet while thinking!
{Wed 20:25:38 Step:907} Server_Comm.py: The agent lost 1 packet! Is syncmode enabled?
{Wed 20:25:38 Step:910} Server_Comm.py: The agent lost 1 packet! Is syncmode enabled?
{Wed 20:25:38 Step:913} Server_Comm.py: The agent lost 1 packet! Is syncmode enabled?
{Wed 20:25:39 Step:915} Server_Comm.py: Received a new packet while thinking!
{Wed 20:25:39 Step:918} Server_Comm.py: Received a new packet while thinking!
{Wed 20:25:39 Step:922} Server_Comm.py: The agent lost 1 packet! Is syncmode enabled?
{Wed 20:25:40 Step:1005} Server_Comm.py: Received a new packet while thinking!
{Wed 20:25:40 Step:1008} Server_Comm.py: Received a new packet while thinking!
{Wed 20:25:40 Step:1012} Server_Comm.py: The agent lost 1 packet! Is syncmode enabled?
{Wed 20:25:40 Step:1014} Server_Comm.py: Received a new packet while thinking!
{Wed 20:25:41 Step:1018} Server_Comm.py: The agent lost 1 packet! Is syncmode enabled?
{Wed 20:25:41 Step:1020} Server_Comm.py: Received a new packet while thinking!
{Wed 20:25:41 Step:1024} Server_Comm.py: The agent lost 1 packet! Is syncmode enabled?
{Wed 20:25:41 Step:1026} Server_Comm.py: Received a new packet while thinking!
{Wed 20:25:41 Step:1029} Server_Comm.py: Received a new packet while thinking!
{Wed 20:25:41 Step:1033} Server_Comm.py: The agent lost 1 packet! Is syncmode enabled?
{Wed 20:25:41 Step:1038} Server_Comm.py: Received a new packet while thinking!
{Wed 20:25:41 Step:1041} Server_Comm.py: Received a new packet while thinking!
{Wed 20:25:41 Step:1044} Server_Comm.py: Received a new packet while thinking!
{Wed 20:25:41 Step:1048} Server_Comm.py: The agent lost 1 packet! Is syncmode enabled?
{Wed 20:25:41 Step:1054} Server_Comm.py: Received a new packet while thinking!
{Wed 20:25:41 Step:1056} Server_Comm.py: Received a new packet while thinking!
{Wed 20:25:41 Step:1060} Server_Comm.py: The agent lost 1 packet! Is syncmode enabled?
{Wed 20:25:41 Step:1062} Server_Comm.py: Received a new packet while thinking!
{Wed 20:25:42 Step:1066} Server_Comm.py: The agent lost 1 packet! Is syncmode enabled?
{Wed 20:25:42 Step:1068} Server_Comm.py: Received a new packet while thinking!
{Wed 20:25:42 Step:1072} Server_Comm.py: The agent lost 1 packet! Is syncmode enabled?
{Wed 20:25:42 Step:1074} Server_Comm.py: Received a new packet while thinking!
{Wed 20:25:42 Step:1078} Server_Comm.py: The agent lost 1 packet! Is syncmode enabled?
{Wed 20:25:42 Step:1080} Server_Comm.py: Received a new packet while thinking!
{Wed 20:25:42 Step:1084} Server_Comm.py: The agent lost 1 packet! Is syncmode enabled?
{Wed 20:25:42 Step:1086} Server_Comm.py: Received a new packet while thinking!
{Wed 20:25:42 Step:1089} Server_Comm.py: Received a new packet while thinking!
{Wed 20:25:42 Step:1093} Server_Comm.py: The agent lost 1 packet! Is syncmode enabled?
{Wed 20:25:42 Step:1098} Server_Comm.py: Received a new packet while thinking!
{Wed 20:25:42 Step:1107} Server_Comm.py: Received a new packet while thinking!
{Wed 20:25:42 Step:1110} Server_Comm.py: Received a new packet while thinking!
{Wed 20:25:42 Step:1113} Server_Comm.py: Received a new packet while thinking!
{Wed 20:25:43 Step:1116} Server_Comm.py: Received a new packet while thinking!
{Wed 20:25:43 Step:1119} Server_Comm.py: Received a new packet while thinking!
{Wed 20:25:43 Step:1122} Server_Comm.py: Received a new packet while thinking!
{Wed 20:25:43 Step:1126} Server_Comm.py: The agent lost 1 packet! Is syncmode enabled?
{Wed 20:25:43 Step:1131} Server_Comm.py: Received a new packet while thinking!
{Wed 20:25:43 Step:1134} Server_Comm.py: Received a new packet while thinking!
{Wed 20:25:43 Step:1137} Server_Comm.py: Received a new packet while thinking!
{Wed 20:25:43 Step:1140} Server_Comm.py: Received a new packet while on world.update()!
{Wed 20:25:43 Step:1143} Server_Comm.py: Received a new packet while thinking!
{Wed 20:25:43 Step:1147} Server_Comm.py: The agent lost 1 packet! Is syncmode enabled?
{Wed 20:25:43 Step:1149} Server_Comm.py: Received a new packet while thinking!
{Wed 20:25:43 Step:1153} Server_Comm.py: The agent lost 1 packet! Is syncmode enabled?
{Wed 20:25:43 Step:1156} Server_Comm.py: The agent lost 1 packet! Is syncmode enabled?
{Wed 20:25:43 Step:1158} Server_Comm.py: Received a new packet while thinking!
{Wed 20:25:43 Step:1160} Server_Comm.py: Received a new packet while thinking!
{Wed 20:25:43 Step:1162} Server_Comm.py: The agent lost 1 packet! Is syncmode enabled?
{Wed 20:25:44 Step:1165} Server_Comm.py: The agent lost 1 packet! Is syncmode enabled?
{Wed 20:25:44 Step:1168} Server_Comm.py: The agent lost 1 packet! Is syncmode enabled?
{Wed 20:25:44 Step:1171} Server_Comm.py: The agent lost 1 packet! Is syncmode enabled?
{Wed 20:25:44 Step:1173} Server_Comm.py: Received a new packet while thinking!
{Wed 20:25:44 Step:1175} Server_Comm.py: Received a new packet while thinking!
{Wed 20:25:44 Step:1177} Server_Comm.py: The agent lost 1 packet! Is syncmode enabled?
{Wed 20:25:44 Step:1178} Server_Comm.py: Received a new packet while thinking!
{Wed 20:25:44 Step:1180} Server_Comm.py: The agent lost 1 packet! Is syncmode enabled?
{Wed 20:25:44 Step:1183} Server_Comm.py: The agent lost 1 packet! Is syncmode enabled?
{Wed 20:25:44 Step:1185} Server_Comm.py: Received a new packet while thinking!
{Wed 20:25:44 Step:1189} Server_Comm.py: The agent lost 1 packet! Is syncmode enabled?
{Wed 20:25:44 Step:1191} Server_Comm.py: Received a new packet while thinking!
{Wed 20:25:44 Step:1194} Server_Comm.py: Received a new packet while thinking!
{Wed 20:25:44 Step:1198} Server_Comm.py: The agent lost 1 packet! Is syncmode enabled?
{Wed 20:25:44 Step:1200} Server_Comm.py: Received a new packet while thinking!
{Wed 20:25:44 Step:1204} Server_Comm.py: The agent lost 1 packet! Is syncmode enabled?
{Wed 20:25:44 Step:1206} Server_Comm.py: Received a new packet while thinking!
{Wed 20:25:44 Step:1208} Server_Comm.py: Received a new packet while thinking!
{Wed 20:25:44 Step:1210} Server_Comm.py: The agent lost 1 packet! Is syncmode enabled?
{Wed 20:25:44 Step:1213} Server_Comm.py: The agent lost 1 packet! Is syncmode enabled?
{Wed 20:25:45 Step:1216} Server_Comm.py: Received a new packet while thinking!
{Wed 20:25:45 Step:1218} Server_Comm.py: Received a new packet while thinking!
{Wed 20:25:45 Step:1221} Server_Comm.py: Received a new packet while thinking!
{Wed 20:25:45 Step:1225} Server_Comm.py: The agent lost 1 packet! Is syncmode enabled?
{Wed 20:25:46 Step:1294} Server_Comm.py: Received a new packet while thinking!
{Wed 20:25:46 Step:1297} Server_Comm.py: The agent lost 1 packet! Is syncmode enabled?
{Wed 20:25:46 Step:1300} Server_Comm.py: The agent lost 1 packet! Is syncmode enabled?
{Wed 20:25:46 Step:1302} Server_Comm.py: Received a new packet while thinking!
{Wed 20:25:46 Step:1303} Server_Comm.py: Received a new packet while thinking!
{Wed 20:25:46 Step:1306} Server_Comm.py: The agent lost 2 consecutive packets! Is syncmode disabled?
{Wed 20:25:46 Step:1307} Server_Comm.py: Received a new packet while thinking!
{Wed 20:25:46 Step:1309} Server_Comm.py: The agent lost 1 packet! Is syncmode enabled?
{Wed 20:25:46 Step:1309} Server_Comm.py: Received a new packet while thinking!
{Wed 20:25:46 Step:1311} Server_Comm.py: The agent lost 1 packet! Is syncmode enabled?
{Wed 20:25:46 Step:1311} Server_Comm.py: Received a new packet while thinking!
{Wed 20:25:46 Step:1312} Server_Comm.py: Received a new packet while on world.update()!
{Wed 20:25:46 Step:1314} Server_Comm.py: The agent lost 1 packet! Is syncmode enabled?
{Wed 20:25:47 Step:1314} Server_Comm.py: Received a new packet while thinking!
{Wed 20:25:47 Step:1315} Server_Comm.py: Received a new packet while thinking!
{Wed 20:25:47 Step:1317} Server_Comm.py: The agent lost 1 packet! Is syncmode enabled?
{Wed 20:25:47 Step:1317} Server_Comm.py: Received a new packet while thinking!
{Wed 20:25:47 Step:1318} Server_Comm.py: Received a new packet while thinking!
{Wed 20:25:47 Step:1321} Server_Comm.py: The agent lost 2 consecutive packets! Is syncmode disabled?
{Wed 20:25:47 Step:1322} Server_Comm.py: Received a new packet while thinking!
{Wed 20:25:47 Step:1324} Server_Comm.py: The agent lost 1 packet! Is syncmode enabled?
{Wed 20:25:47 Step:1324} Server_Comm.py: Received a new packet while thinking!
{Wed 20:25:47 Step:1327} Server_Comm.py: The agent lost 2 consecutive packets! Is syncmode disabled?
{Wed 20:25:47 Step:1328} Server_Comm.py: Received a new packet while thinking!
{Wed 20:25:47 Step:1330} Server_Comm.py: The agent lost 1 packet! Is syncmode enabled?
{Wed 20:25:47 Step:1331} Server_Comm.py: Received a new packet while thinking!
{Wed 20:25:47 Step:1333} Server_Comm.py: The agent lost 1 packet! Is syncmode enabled?
{Wed 20:25:47 Step:1334} Server_Comm.py: Received a new packet while thinking!
{Wed 20:25:47 Step:1336} Server_Comm.py: The agent lost 1 packet! Is syncmode enabled?
{Wed 20:25:47 Step:1337} Server_Comm.py: Received a new packet while thinking!
{Wed 20:25:47 Step:1339} Server_Comm.py: The agent lost 1 packet! Is syncmode enabled?
{Wed 20:25:47 Step:1340} Server_Comm.py: Received a new packet while thinking!
{Wed 20:25:47 Step:1342} Server_Comm.py: The agent lost 1 packet! Is syncmode enabled?
{Wed 20:25:47 Step:1345} Server_Comm.py: The agent lost 1 packet! Is syncmode enabled?
{Wed 20:25:47 Step:1348} Server_Comm.py: The agent lost 1 packet! Is syncmode enabled?
{Wed 20:25:47 Step:1349} Server_Comm.py: Received a new packet while thinking!
{Wed 20:25:47 Step:1351} Server_Comm.py: The agent lost 1 packet! Is syncmode enabled?
{Wed 20:25:47 Step:1352} Server_Comm.py: Received a new packet while thinking!
{Wed 20:25:47 Step:1354} Server_Comm.py: The agent lost 1 packet! Is syncmode enabled?
{Wed 20:25:47 Step:1361} Server_Comm.py: Received a new packet while thinking!
{Wed 20:25:47 Step:1363} Server_Comm.py: The agent lost 1 packet! Is syncmode enabled?
{Wed 20:25:48 Step:1370} Server_Comm.py: Received a new packet while thinking!
{Wed 20:25:48 Step:1372} Server_Comm.py: The agent lost 1 packet! Is syncmode enabled?
{Wed 20:25:50 Step:1503} Server_Comm.py: Received a new packet while thinking!
{Wed 20:25:50 Step:1505} Server_Comm.py: The agent lost 1 packet! Is syncmode enabled?
{Wed 20:25:50 Step:1505} Server_Comm.py: Received a new packet while thinking!
{Wed 20:25:50 Step:1510} Server_Comm.py: Received a new packet while thinking!
{Wed 20:25:50 Step:1512} Server_Comm.py: The agent lost 1 packet! Is syncmode enabled?
{Wed 20:25:51 Step:1516} Server_Comm.py: Received a new packet while thinking!
{Wed 20:25:51 Step:1518} Server_Comm.py: The agent lost 1 packet! Is syncmode enabled?
{Wed 20:25:51 Step:1521} Server_Comm.py: Received a new packet while thinking!
{Wed 20:25:51 Step:1523} Server_Comm.py: The agent lost 1 packet! Is syncmode enabled?
