{Wed 20:25:21 Step:120} Server_Comm.py: Received a new packet while on world.update()!
{Wed 20:25:21 Step:126} Server_Comm.py: Received a new packet while thinking!
{Wed 20:25:21 Step:128} Server_Comm.py: Received a new packet while thinking!
{Wed 20:25:21 Step:130} Server_Comm.py: The agent lost 1 packet! Is syncmode enabled?
{Wed 20:25:21 Step:130} Server_Comm.py: Received a new packet while thinking!
{Wed 20:25:21 Step:133} Server_Comm.py: The agent lost 2 consecutive packets! Is syncmode disabled?
{Wed 20:25:21 Step:134} Server_Comm.py: Received a new packet while thinking!
{Wed 20:25:21 Step:136} Server_Comm.py: The agent lost 1 packet! Is syncmode enabled?
{Wed 20:25:21 Step:136} Server_Comm.py: Received a new packet while thinking!
{Wed 20:25:22 Step:139} Server_Comm.py: The agent lost 2 consecutive packets! Is syncmode disabled?
{Wed 20:25:22 Step:141} Server_Comm.py: The agent lost 1 packet! Is syncmode enabled?
{Wed 20:25:22 Step:141} Server_Comm.py: Received a new packet while thinking!
{Wed 20:25:22 Step:144} Server_Comm.py: The agent lost 2 consecutive packets! Is syncmode disabled?
{Wed 20:25:22 Step:144} Server_Comm.py: Received a new packet while thinking!
{Wed 20:25:22 Step:145} Server_Comm.py: Received a new packet while thinking!
{Wed 20:25:22 Step:148} Server_Comm.py: The agent lost 2 consecutive packets! Is syncmode disabled?
{Wed 20:25:22 Step:149} Server_Comm.py: Received a new packet while thinking!
{Wed 20:25:22 Step:151} Server_Comm.py: The agent lost 1 packet! Is syncmode enabled?
{Wed 20:25:22 Step:151} Server_Comm.py: Received a new packet while thinking!
{Wed 20:25:22 Step:154} Server_Comm.py: The agent lost 2 consecutive packets! Is syncmode disabled?
{Wed 20:25:22 Step:155} Server_Comm.py: Received a new packet while thinking!
{Wed 20:25:22 Step:157} Server_Comm.py: The agent lost 1 packet! Is syncmode enabled?
{Wed 20:25:22 Step:157} Server_Comm.py: Received a new packet while thinking!
{Wed 20:25:22 Step:161} Server_Comm.py: The agent lost 3 consecutive packets! Is syncmode disabled?
{Wed 20:25:22 Step:161} Server_Comm.py: Received a new packet while thinking!
{Wed 20:25:22 Step:163} Server_Comm.py: The agent lost 1 packet! Is syncmode enabled?
{Wed 20:25:22 Step:163} Server_Comm.py: Received a new packet while thinking!
{Wed 20:25:22 Step:165} Server_Comm.py: The agent lost 1 packet! Is syncmode enabled?
{Wed 20:25:22 Step:165} Server_Comm.py: Received a new packet while thinking!
{Wed 20:25:22 Step:168} Server_Comm.py: The agent lost 2 consecutive packets! Is syncmode disabled?
{Wed 20:25:22 Step:168} Server_Comm.py: Received a new packet while thinking!
{Wed 20:25:22 Step:170} Server_Comm.py: The agent lost 1 packet! Is syncmode enabled?
{Wed 20:25:22 Step:170} Server_Comm.py: Received a new packet while thinking!
{Wed 20:25:22 Step:172} Server_Comm.py: The agent lost 1 packet! Is syncmode enabled?
{Wed 20:25:22 Step:172} Server_Comm.py: Received a new packet while thinking!
{Wed 20:25:22 Step:174} Server_Comm.py: The agent lost 1 packet! Is syncmode enabled?
{Wed 20:25:22 Step:174} Server_Comm.py: Received a new packet while thinking!
{Wed 20:25:22 Step:176} Server_Comm.py: The agent lost 1 packet! Is syncmode enabled?
{Wed 20:25:22 Step:176} Server_Comm.py: Received a new packet while thinking!
{Wed 20:25:22 Step:178} Server_Comm.py: The agent lost 1 packet! Is syncmode enabled?
{Wed 20:25:22 Step:178} Server_Comm.py: Received a new packet while thinking!
{Wed 20:25:22 Step:180} Server_Comm.py: The agent lost 1 packet! Is syncmode enabled?
{Wed 20:25:22 Step:180} Server_Comm.py: Received a new packet while thinking!
{Wed 20:25:22 Step:182} Server_Comm.py: The agent lost 1 packet! Is syncmode enabled?
{Wed 20:25:22 Step:182} Server_Comm.py: Received a new packet while thinking!
{Wed 20:25:22 Step:184} Server_Comm.py: The agent lost 1 packet! Is syncmode enabled?
{Wed 20:25:22 Step:184} Server_Comm.py: Received a new packet while thinking!
{Wed 20:25:22 Step:185} Server_Comm.py: Received a new packet while thinking!
{Wed 20:25:22 Step:187} Server_Comm.py: The agent lost 1 packet! Is syncmode enabled?
{Wed 20:25:22 Step:187} Server_Comm.py: Received a new packet while thinking!
{Wed 20:25:23 Step:189} Server_Comm.py: The agent lost 1 packet! Is syncmode enabled?
{Wed 20:25:23 Step:189} Server_Comm.py: Received a new packet while thinking!
{Wed 20:25:23 Step:191} Server_Comm.py: The agent lost 1 packet! Is syncmode enabled?
{Wed 20:25:23 Step:191} Server_Comm.py: Received a new packet while thinking!
{Wed 20:25:23 Step:193} Server_Comm.py: The agent lost 1 packet! Is syncmode enabled?
{Wed 20:25:23 Step:193} Server_Comm.py: Received a new packet while thinking!
{Wed 20:25:23 Step:195} Server_Comm.py: The agent lost 1 packet! Is syncmode enabled?
{Wed 20:25:23 Step:195} Server_Comm.py: Received a new packet while thinking!
{Wed 20:25:23 Step:196} Server_Comm.py: Received a new packet while thinking!
{Wed 20:25:23 Step:198} Server_Comm.py: The agent lost 1 packet! Is syncmode enabled?
{Wed 20:25:23 Step:198} Server_Comm.py: Received a new packet while thinking!
{Wed 20:25:23 Step:199} Server_Comm.py: Received a new packet while thinking!
{Wed 20:25:23 Step:201} Server_Comm.py: The agent lost 1 packet! Is syncmode enabled?
{Wed 20:25:23 Step:201} Server_Comm.py: Received a new packet while thinking!
{Wed 20:25:23 Step:202} Server_Comm.py: Received a new packet while thinking!
{Wed 20:25:23 Step:204} Server_Comm.py: The agent lost 1 packet! Is syncmode enabled?
{Wed 20:25:23 Step:204} Server_Comm.py: Received a new packet while thinking!
{Wed 20:25:23 Step:205} Server_Comm.py: Received a new packet while thinking!
{Wed 20:25:23 Step:207} Server_Comm.py: The agent lost 1 packet! Is syncmode enabled?
{Wed 20:25:23 Step:207} Server_Comm.py: Received a new packet while thinking!
{Wed 20:25:23 Step:208} Server_Comm.py: Received a new packet while thinking!
{Wed 20:25:23 Step:210} Server_Comm.py: The agent lost 1 packet! Is syncmode enabled?
{Wed 20:25:23 Step:210} Server_Comm.py: Received a new packet while thinking!
{Wed 20:25:23 Step:212} Server_Comm.py: The agent lost 1 packet! Is syncmode enabled?
{Wed 20:25:23 Step:212} Server_Comm.py: Received a new packet while thinking!
{Wed 20:25:23 Step:213} Server_Comm.py: Received a new packet while thinking!
{Wed 20:25:23 Step:215} Server_Comm.py: The agent lost 1 packet! Is syncmode enabled?
{Wed 20:25:23 Step:215} Server_Comm.py: Received a new packet while thinking!
{Wed 20:25:23 Step:217} Server_Comm.py: The agent lost 1 packet! Is syncmode enabled?
{Wed 20:25:23 Step:217} Server_Comm.py: Received a new packet while thinking!
{Wed 20:25:23 Step:219} Server_Comm.py: The agent lost 1 packet! Is syncmode enabled?
{Wed 20:25:23 Step:219} Server_Comm.py: Received a new packet while thinking!
{Wed 20:25:23 Step:221} Server_Comm.py: The agent lost 1 packet! Is syncmode enabled?
{Wed 20:25:23 Step:221} Server_Comm.py: Received a new packet while thinking!
{Wed 20:25:23 Step:223} Server_Comm.py: The agent lost 1 packet! Is syncmode enabled?
{Wed 20:25:23 Step:223} Server_Comm.py: Received a new packet while thinking!
{Wed 20:25:23 Step:225} Server_Comm.py: The agent lost 1 packet! Is syncmode enabled?
{Wed 20:25:23 Step:225} Server_Comm.py: Received a new packet while thinking!
{Wed 20:25:23 Step:227} Server_Comm.py: The agent lost 1 packet! Is syncmode enabled?
{Wed 20:25:23 Step:227} Server_Comm.py: Received a new packet while thinking!
{Wed 20:25:23 Step:229} Server_Comm.py: The agent lost 1 packet! Is syncmode enabled?
{Wed 20:25:23 Step:229} Server_Comm.py: Received a new packet while thinking!
{Wed 20:25:23 Step:231} Server_Comm.py: The agent lost 1 packet! Is syncmode enabled?
{Wed 20:25:23 Step:231} Server_Comm.py: Received a new packet while thinking!
{Wed 20:25:23 Step:233} Server_Comm.py: The agent lost 1 packet! Is syncmode enabled?
{Wed 20:25:23 Step:233} Server_Comm.py: Received a new packet while thinking!
{Wed 20:25:23 Step:235} Server_Comm.py: The agent lost 1 packet! Is syncmode enabled?
{Wed 20:25:23 Step:235} Server_Comm.py: Received a new packet while thinking!
{Wed 20:25:23 Step:237} Server_Comm.py: The agent lost 1 packet! Is syncmode enabled?
{Wed 20:25:23 Step:237} Server_Comm.py: Received a new packet while thinking!
{Wed 20:25:24 Step:238} Server_Comm.py: Received a new packet while thinking!
{Wed 20:25:24 Step:240} Server_Comm.py: The agent lost 1 packet! Is syncmode enabled?
{Wed 20:25:24 Step:240} Server_Comm.py: Received a new packet while thinking!
{Wed 20:25:24 Step:241} Server_Comm.py: Received a new packet while thinking!
{Wed 20:25:24 Step:243} Server_Comm.py: The agent lost 1 packet! Is syncmode enabled?
{Wed 20:25:24 Step:243} Server_Comm.py: Received a new packet while thinking!
{Wed 20:25:24 Step:245} Server_Comm.py: The agent lost 1 packet! Is syncmode enabled?
{Wed 20:25:24 Step:245} Server_Comm.py: Received a new packet while thinking!
{Wed 20:25:24 Step:247} Server_Comm.py: The agent lost 1 packet! Is syncmode enabled?
{Wed 20:25:24 Step:247} Server_Comm.py: Received a new packet while thinking!
{Wed 20:25:24 Step:248} Server_Comm.py: Received a new packet while thinking!
{Wed 20:25:24 Step:250} Server_Comm.py: The agent lost 1 packet! Is syncmode enabled?
{Wed 20:25:24 Step:250} Server_Comm.py: Received a new packet while thinking!
{Wed 20:25:24 Step:252} Server_Comm.py: The agent lost 1 packet! Is syncmode enabled?
{Wed 20:25:24 Step:252} Server_Comm.py: Received a new packet while thinking!
{Wed 20:25:24 Step:253} Server_Comm.py: Received a new packet while thinking!
{Wed 20:25:24 Step:255} Server_Comm.py: The agent lost 1 packet! Is syncmode enabled?
{Wed 20:25:24 Step:255} Server_Comm.py: Received a new packet while thinking!
{Wed 20:25:24 Step:256} Server_Comm.py: Received a new packet while thinking!
{Wed 20:25:24 Step:258} Server_Comm.py: The agent lost 1 packet! Is syncmode enabled?
{Wed 20:25:24 Step:258} Server_Comm.py: Received a new packet while thinking!
{Wed 20:25:24 Step:259} Server_Comm.py: Received a new packet while thinking!
{Wed 20:25:24 Step:261} Server_Comm.py: The agent lost 1 packet! Is syncmode enabled?
{Wed 20:25:24 Step:261} Server_Comm.py: Received a new packet while thinking!
{Wed 20:25:24 Step:262} Server_Comm.py: Received a new packet while thinking!
{Wed 20:25:24 Step:264} Server_Comm.py: The agent lost 1 packet! Is syncmode enabled?
{Wed 20:25:24 Step:264} Server_Comm.py: Received a new packet while thinking!
{Wed 20:25:24 Step:266} Server_Comm.py: The agent lost 1 packet! Is syncmode enabled?
{Wed 20:25:24 Step:266} Server_Comm.py: Received a new packet while thinking!
{Wed 20:25:24 Step:268} Server_Comm.py: The agent lost 1 packet! Is syncmode enabled?
{Wed 20:25:24 Step:268} Server_Comm.py: Received a new packet while thinking!
{Wed 20:25:24 Step:269} Server_Comm.py: Received a new packet while thinking!
{Wed 20:25:24 Step:271} Server_Comm.py: The agent lost 1 packet! Is syncmode enabled?
{Wed 20:25:24 Step:271} Server_Comm.py: Received a new packet while thinking!
{Wed 20:25:24 Step:272} Server_Comm.py: Received a new packet while thinking!
{Wed 20:25:24 Step:274} Server_Comm.py: The agent lost 1 packet! Is syncmode enabled?
{Wed 20:25:24 Step:274} Server_Comm.py: Received a new packet while thinking!
{Wed 20:25:24 Step:275} Server_Comm.py: Received a new packet while thinking!
{Wed 20:25:24 Step:277} Server_Comm.py: The agent lost 1 packet! Is syncmode enabled?
{Wed 20:25:24 Step:277} Server_Comm.py: Received a new packet while thinking!
{Wed 20:25:24 Step:279} Server_Comm.py: The agent lost 1 packet! Is syncmode enabled?
{Wed 20:25:24 Step:279} Server_Comm.py: Received a new packet while thinking!
{Wed 20:25:24 Step:281} Server_Comm.py: The agent lost 1 packet! Is syncmode enabled?
{Wed 20:25:24 Step:281} Server_Comm.py: Received a new packet while thinking!
{Wed 20:25:24 Step:283} Server_Comm.py: The agent lost 1 packet! Is syncmode enabled?
{Wed 20:25:24 Step:283} Server_Comm.py: Received a new packet while thinking!
{Wed 20:25:24 Step:285} Server_Comm.py: The agent lost 1 packet! Is syncmode enabled?
{Wed 20:25:24 Step:285} Server_Comm.py: Received a new packet while thinking!
{Wed 20:25:24 Step:287} Server_Comm.py: The agent lost 1 packet! Is syncmode enabled?
{Wed 20:25:25 Step:287} Server_Comm.py: Received a new packet while thinking!
{Wed 20:25:25 Step:289} Server_Comm.py: The agent lost 1 packet! Is syncmode enabled?
{Wed 20:25:25 Step:289} Server_Comm.py: Received a new packet while thinking!
{Wed 20:25:25 Step:291} Server_Comm.py: The agent lost 1 packet! Is syncmode enabled?
{Wed 20:25:25 Step:291} Server_Comm.py: Received a new packet while thinking!
{Wed 20:25:25 Step:292} Server_Comm.py: Received a new packet while thinking!
{Wed 20:25:25 Step:294} Server_Comm.py: The agent lost 1 packet! Is syncmode enabled?
{Wed 20:25:25 Step:294} Server_Comm.py: Received a new packet while thinking!
{Wed 20:25:25 Step:296} Server_Comm.py: The agent lost 1 packet! Is syncmode enabled?
{Wed 20:25:25 Step:296} Server_Comm.py: Received a new packet while thinking!
{Wed 20:25:25 Step:298} Server_Comm.py: The agent lost 1 packet! Is syncmode enabled?
{Wed 20:25:25 Step:298} Server_Comm.py: Received a new packet while thinking!
{Wed 20:25:25 Step:299} Server_Comm.py: Received a new packet while thinking!
{Wed 20:25:25 Step:301} Server_Comm.py: The agent lost 1 packet! Is syncmode enabled?
{Wed 20:25:25 Step:301} Server_Comm.py: Received a new packet while thinking!
{Wed 20:25:25 Step:303} Server_Comm.py: The agent lost 1 packet! Is syncmode enabled?
{Wed 20:25:25 Step:303} Server_Comm.py: Received a new packet while thinking!
{Wed 20:25:25 Step:304} Server_Comm.py: Received a new packet while on world.update()!
{Wed 20:25:25 Step:305} Server_Comm.py: Received a new packet while thinking!
{Wed 20:25:25 Step:307} Server_Comm.py: The agent lost 1 packet! Is syncmode enabled?
{Wed 20:25:25 Step:307} Server_Comm.py: Received a new packet while thinking!
{Wed 20:25:25 Step:308} Server_Comm.py: Received a new packet while thinking!
{Wed 20:25:25 Step:310} Server_Comm.py: The agent lost 1 packet! Is syncmode enabled?
{Wed 20:25:25 Step:310} Server_Comm.py: Received a new packet while thinking!
{Wed 20:25:25 Step:312} Server_Comm.py: The agent lost 1 packet! Is syncmode enabled?
{Wed 20:25:25 Step:312} Server_Comm.py: Received a new packet while thinking!
{Wed 20:25:25 Step:313} Server_Comm.py: Received a new packet while thinking!
{Wed 20:25:25 Step:315} Server_Comm.py: The agent lost 1 packet! Is syncmode enabled?
{Wed 20:25:25 Step:315} Server_Comm.py: Received a new packet while thinking!
{Wed 20:25:25 Step:317} Server_Comm.py: The agent lost 1 packet! Is syncmode enabled?
{Wed 20:25:25 Step:317} Server_Comm.py: Received a new packet while thinking!
{Wed 20:25:25 Step:319} Server_Comm.py: The agent lost 1 packet! Is syncmode enabled?
{Wed 20:25:25 Step:319} Server_Comm.py: Received a new packet while thinking!
{Wed 20:25:25 Step:321} Server_Comm.py: The agent lost 1 packet! Is syncmode enabled?
{Wed 20:25:25 Step:321} Server_Comm.py: Received a new packet while thinking!
{Wed 20:25:25 Step:322} Server_Comm.py: Received a new packet while thinking!
{Wed 20:25:25 Step:324} Server_Comm.py: The agent lost 1 packet! Is syncmode enabled?
{Wed 20:25:25 Step:324} Server_Comm.py: Received a new packet while thinking!
{Wed 20:25:25 Step:326} Server_Comm.py: The agent lost 1 packet! Is syncmode enabled?
{Wed 20:25:25 Step:326} Server_Comm.py: Received a new packet while thinking!
{Wed 20:25:25 Step:328} Server_Comm.py: The agent lost 1 packet! Is syncmode enabled?
{Wed 20:25:25 Step:328} Server_Comm.py: Received a new packet while thinking!
{Wed 20:25:25 Step:330} Server_Comm.py: The agent lost 1 packet! Is syncmode enabled?
{Wed 20:25:25 Step:330} Server_Comm.py: Received a new packet while thinking!
{Wed 20:25:25 Step:332} Server_Comm.py: The agent lost 1 packet! Is syncmode enabled?
{Wed 20:25:25 Step:332} Server_Comm.py: Received a new packet while thinking!
{Wed 20:25:25 Step:334} Server_Comm.py: The agent lost 1 packet! Is syncmode enabled?
{Wed 20:25:25 Step:334} Server_Comm.py: Received a new packet while thinking!
{Wed 20:25:25 Step:335} Server_Comm.py: Received a new packet while thinking!
{Wed 20:25:25 Step:337} Server_Comm.py: The agent lost 1 packet! Is syncmode enabled?
{Wed 20:25:25 Step:337} Server_Comm.py: Received a new packet while thinking!
{Wed 20:25:26 Step:338} Server_Comm.py: Received a new packet while thinking!
{Wed 20:25:26 Step:340} Server_Comm.py: The agent lost 1 packet! Is syncmode enabled?
{Wed 20:25:26 Step:340} Server_Comm.py: Received a new packet while thinking!
{Wed 20:25:26 Step:342} Server_Comm.py: The agent lost 1 packet! Is syncmode enabled?
{Wed 20:25:26 Step:342} Server_Comm.py: Received a new packet while thinking!
{Wed 20:25:26 Step:344} Server_Comm.py: The agent lost 1 packet! Is syncmode enabled?
{Wed 20:25:26 Step:344} Server_Comm.py: Received a new packet while thinking!
{Wed 20:25:26 Step:347} Server_Comm.py: The agent lost 2 consecutive packets! Is syncmode disabled?
{Wed 20:25:26 Step:347} Server_Comm.py: Received a new packet while thinking!
{Wed 20:25:26 Step:349} Server_Comm.py: The agent lost 1 packet! Is syncmode enabled?
{Wed 20:25:26 Step:349} Server_Comm.py: Received a new packet while on world.update()!
{Wed 20:25:26 Step:350} Server_Comm.py: Received a new packet while thinking!
{Wed 20:25:26 Step:352} Server_Comm.py: The agent lost 1 packet! Is syncmode enabled?
{Wed 20:25:26 Step:352} Server_Comm.py: Received a new packet while thinking!
{Wed 20:25:26 Step:354} Server_Comm.py: The agent lost 1 packet! Is syncmode enabled?
{Wed 20:25:26 Step:354} Server_Comm.py: Received a new packet while thinking!
{Wed 20:25:26 Step:356} Server_Comm.py: The agent lost 1 packet! Is syncmode enabled?
{Wed 20:25:26 Step:356} Server_Comm.py: Received a new packet while thinking!
{Wed 20:25:26 Step:359} Server_Comm.py: The agent lost 2 consecutive packets! Is syncmode disabled?
{Wed 20:25:26 Step:359} Server_Comm.py: Received a new packet while thinking!
{Wed 20:25:26 Step:361} Server_Comm.py: The agent lost 1 packet! Is syncmode enabled?
{Wed 20:25:26 Step:361} Server_Comm.py: Received a new packet while thinking!
{Wed 20:25:26 Step:363} Server_Comm.py: The agent lost 1 packet! Is syncmode enabled?
{Wed 20:25:26 Step:363} Server_Comm.py: Received a new packet while thinking!
{Wed 20:25:26 Step:365} Server_Comm.py: The agent lost 1 packet! Is syncmode enabled?
{Wed 20:25:26 Step:365} Server_Comm.py: Received a new packet while thinking!
{Wed 20:25:26 Step:368} Server_Comm.py: The agent lost 2 consecutive packets! Is syncmode disabled?
{Wed 20:25:26 Step:368} Server_Comm.py: Received a new packet while thinking!
{Wed 20:25:26 Step:370} Server_Comm.py: The agent lost 1 packet! Is syncmode enabled?
{Wed 20:25:26 Step:370} Server_Comm.py: Received a new packet while thinking!
{Wed 20:25:26 Step:372} Server_Comm.py: The agent lost 1 packet! Is syncmode enabled?
{Wed 20:25:26 Step:372} Server_Comm.py: Received a new packet while thinking!
{Wed 20:25:26 Step:374} Server_Comm.py: The agent lost 1 packet! Is syncmode enabled?
{Wed 20:25:26 Step:374} Server_Comm.py: Received a new packet while thinking!
{Wed 20:25:26 Step:376} Server_Comm.py: The agent lost 1 packet! Is syncmode enabled?
{Wed 20:25:26 Step:376} Server_Comm.py: Received a new packet while thinking!
{Wed 20:25:26 Step:378} Server_Comm.py: The agent lost 1 packet! Is syncmode enabled?
{Wed 20:25:26 Step:378} Server_Comm.py: Received a new packet while thinking!
{Wed 20:25:26 Step:380} Server_Comm.py: The agent lost 1 packet! Is syncmode enabled?
{Wed 20:25:26 Step:380} Server_Comm.py: Received a new packet while thinking!
{Wed 20:25:26 Step:382} Server_Comm.py: The agent lost 1 packet! Is syncmode enabled?
{Wed 20:25:26 Step:382} Server_Comm.py: Received a new packet while thinking!
{Wed 20:25:26 Step:384} Server_Comm.py: The agent lost 1 packet! Is syncmode enabled?
{Wed 20:25:26 Step:384} Server_Comm.py: Received a new packet while thinking!
{Wed 20:25:26 Step:386} Server_Comm.py: The agent lost 1 packet! Is syncmode enabled?
{Wed 20:25:26 Step:386} Server_Comm.py: Received a new packet while thinking!
{Wed 20:25:27 Step:388} Server_Comm.py: The agent lost 1 packet! Is syncmode enabled?
{Wed 20:25:27 Step:388} Server_Comm.py: Received a new packet while thinking!
{Wed 20:25:27 Step:390} Server_Comm.py: The agent lost 1 packet! Is syncmode enabled?
{Wed 20:25:27 Step:390} Server_Comm.py: Received a new packet while thinking!
{Wed 20:25:27 Step:391} Server_Comm.py: Received a new packet while thinking!
{Wed 20:25:27 Step:393} Server_Comm.py: The agent lost 1 packet! Is syncmode enabled?
{Wed 20:25:27 Step:393} Server_Comm.py: Received a new packet while thinking!
{Wed 20:25:27 Step:395} Server_Comm.py: The agent lost 1 packet! Is syncmode enabled?
{Wed 20:25:27 Step:395} Server_Comm.py: Received a new packet while thinking!
{Wed 20:25:27 Step:397} Server_Comm.py: The agent lost 1 packet! Is syncmode enabled?
{Wed 20:25:27 Step:397} Server_Comm.py: Received a new packet while thinking!
{Wed 20:25:27 Step:399} Server_Comm.py: The agent lost 1 packet! Is syncmode enabled?
{Wed 20:25:27 Step:399} Server_Comm.py: Received a new packet while thinking!
{Wed 20:25:27 Step:400} Server_Comm.py: Received a new packet while thinking!
{Wed 20:25:27 Step:401} Server_Comm.py: Received a new packet while on world.update()!
{Wed 20:25:27 Step:403} Server_Comm.py: Received a new packet while thinking!
{Wed 20:25:27 Step:406} Server_Comm.py: The agent lost 1 packet! Is syncmode enabled?
{Wed 20:25:27 Step:409} Server_Comm.py: The agent lost 1 packet! Is syncmode enabled?
{Wed 20:25:27 Step:411} Server_Comm.py: Received a new packet while thinking!
{Wed 20:25:27 Step:412} Server_Comm.py: Received a new packet while thinking!
{Wed 20:25:27 Step:414} Server_Comm.py: The agent lost 1 packet! Is syncmode enabled?
{Wed 20:25:27 Step:414} Server_Comm.py: Received a new packet while on world.update()!
{Wed 20:25:27 Step:417} Server_Comm.py: Received a new packet while thinking!
{Wed 20:25:27 Step:421} Server_Comm.py: The agent lost 1 packet! Is syncmode enabled?
{Wed 20:25:27 Step:431} Server_Comm.py: The agent lost 1 packet! Is syncmode enabled?
{Wed 20:25:27 Step:431} Server_Comm.py: Received a new packet while thinking!
{Wed 20:25:28 Step:443} Server_Comm.py: Received a new packet while thinking!
{Wed 20:25:28 Step:445} Server_Comm.py: The agent lost 1 packet! Is syncmode enabled?
{Wed 20:25:28 Step:459} Server_Comm.py: Received a new packet while thinking!
{Wed 20:25:28 Step:461} Server_Comm.py: The agent lost 1 packet! Is syncmode enabled?
{Wed 20:25:29 Step:489} Server_Comm.py: Received a new packet while thinking!
{Wed 20:25:29 Step:492} Server_Comm.py: Received a new packet while thinking!
{Wed 20:25:29 Step:495} Server_Comm.py: Received a new packet while thinking!
{Wed 20:25:29 Step:499} Server_Comm.py: The agent lost 1 packet! Is syncmode enabled?
{Wed 20:25:29 Step:501} Server_Comm.py: Received a new packet while thinking!
{Wed 20:25:29 Step:505} Server_Comm.py: The agent lost 1 packet! Is syncmode enabled?
{Wed 20:25:29 Step:507} Server_Comm.py: Received a new packet while thinking!
{Wed 20:25:29 Step:510} Server_Comm.py: Received a new packet while thinking!
{Wed 20:25:29 Step:511} Server_Comm.py: Received a new packet while thinking!
{Wed 20:25:29 Step:513} Server_Comm.py: The agent lost 1 packet! Is syncmode enabled?
{Wed 20:25:29 Step:513} Server_Comm.py: Received a new packet while thinking!
{Wed 20:25:29 Step:515} Server_Comm.py: The agent lost 1 packet! Is syncmode enabled?
{Wed 20:25:29 Step:516} Server_Comm.py: Received a new packet while thinking!
{Wed 20:25:29 Step:518} Server_Comm.py: Received a new packet while thinking!
{Wed 20:25:29 Step:520} Server_Comm.py: The agent lost 1 packet! Is syncmode enabled?
{Wed 20:25:29 Step:520} Server_Comm.py: Received a new packet while thinking!
{Wed 20:25:29 Step:522} Server_Comm.py: The agent lost 1 packet! Is syncmode enabled?
{Wed 20:25:29 Step:522} Server_Comm.py: Received a new packet while on world.update()!
{Wed 20:25:29 Step:523} Server_Comm.py: Received a new packet while thinking!
{Wed 20:25:29 Step:524} Server_Comm.py: Received a new packet while thinking!
{Wed 20:25:29 Step:526} Server_Comm.py: The agent lost 1 packet! Is syncmode enabled?
{Wed 20:25:29 Step:526} Server_Comm.py: Received a new packet while thinking!
{Wed 20:25:29 Step:527} Server_Comm.py: Received a new packet while thinking!
{Wed 20:25:29 Step:529} Server_Comm.py: The agent lost 1 packet! Is syncmode enabled?
{Wed 20:25:29 Step:529} Server_Comm.py: Received a new packet while thinking!
{Wed 20:25:29 Step:530} Server_Comm.py: Received a new packet while on world.update()!
{Wed 20:25:29 Step:532} Server_Comm.py: Received a new packet while thinking!
{Wed 20:25:29 Step:535} Server_Comm.py: The agent lost 1 packet! Is syncmode enabled?
{Wed 20:25:30 Step:536} Server_Comm.py: Received a new packet while thinking!
{Wed 20:25:30 Step:538} Server_Comm.py: The agent lost 1 packet! Is syncmode enabled?
{Wed 20:25:30 Step:541} Server_Comm.py: The agent lost 1 packet! Is syncmode enabled?
{Wed 20:25:30 Step:544} Server_Comm.py: The agent lost 1 packet! Is syncmode enabled?
{Wed 20:25:30 Step:546} Server_Comm.py: Received a new packet while thinking!
{Wed 20:25:30 Step:547} Server_Comm.py: Received a new packet while thinking!
{Wed 20:25:30 Step:549} Server_Comm.py: The agent lost 1 packet! Is syncmode enabled?
{Wed 20:25:30 Step:549} Server_Comm.py: Received a new packet while thinking!
{Wed 20:25:30 Step:553} Server_Comm.py: The agent lost 1 packet! Is syncmode enabled?
{Wed 20:25:30 Step:559} Server_Comm.py: Received a new packet while thinking!
{Wed 20:25:30 Step:561} Server_Comm.py: The agent lost 1 packet! Is syncmode enabled?
{Wed 20:25:30 Step:569} Server_Comm.py: Received a new packet while thinking!
{Wed 20:25:30 Step:571} Server_Comm.py: The agent lost 1 packet! Is syncmode enabled?
{Wed 20:25:30 Step:576} Server_Comm.py: Received a new packet while thinking!
{Wed 20:25:30 Step:578} Server_Comm.py: The agent lost 1 packet! Is syncmode enabled?
{Wed 20:25:30 Step:583} Server_Comm.py: Received a new packet while thinking!
{Wed 20:25:30 Step:585} Server_Comm.py: The agent lost 1 packet! Is syncmode enabled?
{Wed 20:25:33 Step:633} Server_Comm.py: Received a new packet while thinking!
{Wed 20:25:33 Step:636} Server_Comm.py: Received a new packet while thinking!
{Wed 20:25:33 Step:639} Server_Comm.py: Received a new packet while thinking!
{Wed 20:25:33 Step:643} Server_Comm.py: The agent lost 1 packet! Is syncmode enabled?
{Wed 20:25:33 Step:645} Server_Comm.py: Received a new packet while thinking!
{Wed 20:25:33 Step:648} Server_Comm.py: Received a new packet while thinking!
{Wed 20:25:33 Step:651} Server_Comm.py: Received a new packet while thinking!
{Wed 20:25:33 Step:654} Server_Comm.py: Received a new packet while thinking!
{Wed 20:25:33 Step:657} Server_Comm.py: Received a new packet while thinking!
{Wed 20:25:33 Step:661} Server_Comm.py: The agent lost 1 packet! Is syncmode enabled?
{Wed 20:25:33 Step:663} Server_Comm.py: Received a new packet while thinking!
{Wed 20:25:33 Step:666} Server_Comm.py: Received a new packet while thinking!
{Wed 20:25:33 Step:670} Server_Comm.py: The agent lost 1 packet! Is syncmode enabled?
{Wed 20:25:33 Step:672} Server_Comm.py: Received a new packet while thinking!
{Wed 20:25:33 Step:673} Server_Comm.py: Received a new packet while thinking!
{Wed 20:25:33 Step:675} Server_Comm.py: The agent lost 1 packet! Is syncmode enabled?
{Wed 20:25:33 Step:675} Server_Comm.py: Received a new packet while thinking!
{Wed 20:25:33 Step:676} Server_Comm.py: Received a new packet while thinking!
{Wed 20:25:33 Step:678} Server_Comm.py: The agent lost 1 packet! Is syncmode enabled?
{Wed 20:25:33 Step:678} Server_Comm.py: Received a new packet while thinking!
{Wed 20:25:33 Step:679} Server_Comm.py: Received a new packet while thinking!
{Wed 20:25:33 Step:681} Server_Comm.py: The agent lost 1 packet! Is syncmode enabled?
{Wed 20:25:33 Step:681} Server_Comm.py: Received a new packet while thinking!
{Wed 20:25:34 Step:683} Server_Comm.py: The agent lost 1 packet! Is syncmode enabled?
{Wed 20:25:34 Step:684} Server_Comm.py: Received a new packet while thinking!
{Wed 20:25:34 Step:686} Server_Comm.py: The agent lost 1 packet! Is syncmode enabled?
{Wed 20:25:34 Step:687} Server_Comm.py: Received a new packet while thinking!
{Wed 20:25:34 Step:689} Server_Comm.py: The agent lost 1 packet! Is syncmode enabled?
{Wed 20:25:34 Step:689} Server_Comm.py: Received a new packet while thinking!
{Wed 20:25:34 Step:691} Server_Comm.py: The agent lost 1 packet! Is syncmode enabled?
{Wed 20:25:34 Step:694} Server_Comm.py: The agent lost 1 packet! Is syncmode enabled?
{Wed 20:25:34 Step:697} Server_Comm.py: The agent lost 1 packet! Is syncmode enabled?
{Wed 20:25:34 Step:700} Server_Comm.py: The agent lost 1 packet! Is syncmode enabled?
{Wed 20:25:34 Step:703} Server_Comm.py: The agent lost 1 packet! Is syncmode enabled?
{Wed 20:25:34 Step:706} Server_Comm.py: The agent lost 1 packet! Is syncmode enabled?
{Wed 20:25:34 Step:709} Server_Comm.py: The agent lost 1 packet! Is syncmode enabled?
{Wed 20:25:34 Step:712} Server_Comm.py: The agent lost 1 packet! Is syncmode enabled?
{Wed 20:25:34 Step:715} Server_Comm.py: The agent lost 1 packet! Is syncmode enabled?
{Wed 20:25:34 Step:718} Server_Comm.py: The agent lost 1 packet! Is syncmode enabled?
{Wed 20:25:34 Step:721} Server_Comm.py: The agent lost 1 packet! Is syncmode enabled?
{Wed 20:25:34 Step:723} Server_Comm.py: Received a new packet while thinking!
{Wed 20:25:34 Step:724} Server_Comm.py: Received a new packet while thinking!
{Wed 20:25:34 Step:726} Server_Comm.py: The agent lost 1 packet! Is syncmode enabled?
{Wed 20:25:34 Step:726} Server_Comm.py: Received a new packet while thinking!
{Wed 20:25:34 Step:727} Server_Comm.py: Received a new packet while thinking!
{Wed 20:25:34 Step:729} Server_Comm.py: The agent lost 1 packet! Is syncmode enabled?
{Wed 20:25:34 Step:729} Server_Comm.py: Received a new packet while thinking!
{Wed 20:25:34 Step:731} Server_Comm.py: Received a new packet while thinking!
{Wed 20:25:35 Step:733} Server_Comm.py: The agent lost 1 packet! Is syncmode enabled?
{Wed 20:25:35 Step:736} Server_Comm.py: The agent lost 1 packet! Is syncmode enabled?
{Wed 20:25:35 Step:739} Server_Comm.py: The agent lost 1 packet! Is syncmode enabled?
{Wed 20:25:35 Step:741} Server_Comm.py: Received a new packet while thinking!
{Wed 20:25:35 Step:743} Server_Comm.py: Received a new packet while thinking!
{Wed 20:25:35 Step:745} Server_Comm.py: The agent lost 1 packet! Is syncmode enabled?
{Wed 20:25:35 Step:748} Server_Comm.py: The agent lost 1 packet! Is syncmode enabled?
{Wed 20:25:35 Step:750} Server_Comm.py: Received a new packet while thinking!
{Wed 20:25:35 Step:754} Server_Comm.py: The agent lost 1 packet! Is syncmode enabled?
{Wed 20:25:35 Step:756} Server_Comm.py: Received a new packet while thinking!
{Wed 20:25:35 Step:759} Server_Comm.py: Received a new packet while thinking!
{Wed 20:25:35 Step:762} Server_Comm.py: Received a new packet while thinking!
{Wed 20:25:35 Step:766} Server_Comm.py: The agent lost 1 packet! Is syncmode enabled?
{Wed 20:25:35 Step:768} Server_Comm.py: Received a new packet while thinking!
{Wed 20:25:35 Step:772} Server_Comm.py: Received a new packet while thinking!
{Wed 20:25:35 Step:774} Server_Comm.py: Received a new packet while thinking!
{Wed 20:25:35 Step:777} Server_Comm.py: Received a new packet while thinking!
{Wed 20:25:35 Step:780} Server_Comm.py: Received a new packet while thinking!
{Wed 20:25:36 Step:783} Server_Comm.py: Received a new packet while thinking!
{Wed 20:25:36 Step:786} Server_Comm.py: Received a new packet while thinking!
{Wed 20:25:36 Step:789} Server_Comm.py: Received a new packet while thinking!
{Wed 20:25:36 Step:792} Server_Comm.py: Received a new packet while thinking!
{Wed 20:25:36 Step:795} Server_Comm.py: Received a new packet while thinking!
{Wed 20:25:36 Step:798} Server_Comm.py: Received a new packet while thinking!
{Wed 20:25:36 Step:801} Server_Comm.py: Received a new packet while thinking!
{Wed 20:25:36 Step:804} Server_Comm.py: Received a new packet while thinking!
{Wed 20:25:36 Step:807} Server_Comm.py: Received a new packet while thinking!
{Wed 20:25:36 Step:810} Server_Comm.py: Received a new packet while thinking!
{Wed 20:25:36 Step:813} Server_Comm.py: Received a new packet while thinking!
{Wed 20:25:36 Step:816} Server_Comm.py: Received a new packet while thinking!
{Wed 20:25:36 Step:819} Server_Comm.py: Received a new packet while thinking!
{Wed 20:25:36 Step:823} Server_Comm.py: The agent lost 1 packet! Is syncmode enabled?
{Wed 20:25:37 Step:864} Server_Comm.py: Received a new packet while thinking!
{Wed 20:25:37 Step:867} Server_Comm.py: Received a new packet while thinking!
{Wed 20:25:37 Step:871} Server_Comm.py: The agent lost 1 packet! Is syncmode enabled?
{Wed 20:25:37 Step:873} Server_Comm.py: Received a new packet while thinking!
{Wed 20:25:37 Step:877} Server_Comm.py: The agent lost 1 packet! Is syncmode enabled?
{Wed 20:25:37 Step:879} Server_Comm.py: Received a new packet while thinking!
{Wed 20:25:38 Step:883} Server_Comm.py: The agent lost 1 packet! Is syncmode enabled?
{Wed 20:25:38 Step:885} Server_Comm.py: Received a new packet while thinking!
{Wed 20:25:38 Step:887} Server_Comm.py: Received a new packet while thinking!
{Wed 20:25:38 Step:889} Server_Comm.py: The agent lost 1 packet! Is syncmode enabled?
{Wed 20:25:38 Step:890} Server_Comm.py: Received a new packet while thinking!
{Wed 20:25:38 Step:892} Server_Comm.py: The agent lost 1 packet! Is syncmode enabled?
{Wed 20:25:38 Step:892} Server_Comm.py: Received a new packet while thinking!
{Wed 20:25:38 Step:894} Server_Comm.py: The agent lost 1 packet! Is syncmode enabled?
{Wed 20:25:38 Step:894} Server_Comm.py: Received a new packet while on world.update()!
{Wed 20:25:38 Step:898} Server_Comm.py: The agent lost 1 packet! Is syncmode enabled?
{Wed 20:25:38 Step:899} Server_Comm.py: Received a new packet while thinking!
{Wed 20:25:38 Step:901} Server_Comm.py: The agent lost 1 packet! Is syncmode enabled?
{Wed 20:25:38 Step:903} Server_Comm.py: The agent lost 1 packet! Is syncmode enabled?
{Wed 20:25:38 Step:903} Server_Comm.py: Received a new packet while thinking!
{Wed 20:25:38 Step:904} Server_Comm.py: Received a new packet while thinking!
{Wed 20:25:38 Step:907} Server_Comm.py: The agent lost 2 consecutive packets! Is syncmode disabled?
{Wed 20:25:38 Step:907} Server_Comm.py: Received a new packet while thinking!
{Wed 20:25:38 Step:909} Server_Comm.py: The agent lost 1 packet! Is syncmode enabled?
{Wed 20:25:38 Step:909} Server_Comm.py: Received a new packet while thinking!
{Wed 20:25:38 Step:910} Server_Comm.py: Received a new packet while thinking!
{Wed 20:25:38 Step:912} Server_Comm.py: The agent lost 1 packet! Is syncmode enabled?
{Wed 20:25:38 Step:912} Server_Comm.py: Received a new packet while thinking!
{Wed 20:25:38 Step:913} Server_Comm.py: Received a new packet while thinking!
{Wed 20:25:38 Step:915} Server_Comm.py: The agent lost 1 packet! Is syncmode enabled?
{Wed 20:25:38 Step:919} Server_Comm.py: The agent lost 1 packet! Is syncmode enabled?
{Wed 20:25:38 Step:922} Server_Comm.py: The agent lost 1 packet! Is syncmode enabled?
{Wed 20:25:38 Step:925} Server_Comm.py: The agent lost 1 packet! Is syncmode enabled?
{Wed 20:25:38 Step:927} Server_Comm.py: Received a new packet while thinking!
{Wed 20:25:38 Step:929} Server_Comm.py: Received a new packet while thinking!
{Wed 20:25:38 Step:931} Server_Comm.py: The agent lost 1 packet! Is syncmode enabled?
{Wed 20:25:40 Step:1021} Server_Comm.py: Received a new packet while thinking!
{Wed 20:25:40 Step:1023} Server_Comm.py: The agent lost 1 packet! Is syncmode enabled?
{Wed 20:25:40 Step:1028} Server_Comm.py: Received a new packet while thinking!
{Wed 20:25:40 Step:1030} Server_Comm.py: The agent lost 1 packet! Is syncmode enabled?
{Wed 20:25:41 Step:1032} Server_Comm.py: Received a new packet while thinking!
{Wed 20:25:41 Step:1036} Server_Comm.py: The agent lost 1 packet! Is syncmode enabled?
{Wed 20:25:41 Step:1038} Server_Comm.py: Received a new packet while thinking!
{Wed 20:25:41 Step:1040} Server_Comm.py: Received a new packet while thinking!
{Wed 20:25:41 Step:1042} Server_Comm.py: The agent lost 1 packet! Is syncmode enabled?
{Wed 20:25:41 Step:1044} Server_Comm.py: Received a new packet while thinking!
{Wed 20:25:41 Step:1048} Server_Comm.py: The agent lost 1 packet! Is syncmode enabled?
{Wed 20:25:41 Step:1053} Server_Comm.py: Received a new packet while thinking!
{Wed 20:25:41 Step:1056} Server_Comm.py: Received a new packet while thinking!
{Wed 20:25:41 Step:1059} Server_Comm.py: Received a new packet while thinking!
{Wed 20:25:41 Step:1062} Server_Comm.py: Received a new packet while thinking!
{Wed 20:25:41 Step:1066} Server_Comm.py: The agent lost 1 packet! Is syncmode enabled?
{Wed 20:25:41 Step:1071} Server_Comm.py: Received a new packet while thinking!
{Wed 20:25:41 Step:1075} Server_Comm.py: The agent lost 1 packet! Is syncmode enabled?
{Wed 20:25:41 Step:1077} Server_Comm.py: Received a new packet while thinking!
{Wed 20:25:41 Step:1081} Server_Comm.py: The agent lost 1 packet! Is syncmode enabled?
{Wed 20:25:42 Step:1083} Server_Comm.py: Received a new packet while thinking!
{Wed 20:25:42 Step:1086} Server_Comm.py: Received a new packet while thinking!
{Wed 20:25:42 Step:1088} Server_Comm.py: Received a new packet while thinking!
{Wed 20:25:42 Step:1090} Server_Comm.py: The agent lost 1 packet! Is syncmode enabled?
{Wed 20:25:42 Step:1093} Server_Comm.py: The agent lost 1 packet! Is syncmode enabled?
{Wed 20:25:42 Step:1095} Server_Comm.py: Received a new packet while thinking!
{Wed 20:25:42 Step:1099} Server_Comm.py: The agent lost 1 packet! Is syncmode enabled?
{Wed 20:25:42 Step:1101} Server_Comm.py: Received a new packet while thinking!
{Wed 20:25:42 Step:1104} Server_Comm.py: Received a new packet while thinking!
{Wed 20:25:42 Step:1108} Server_Comm.py: The agent lost 1 packet! Is syncmode enabled?
{Wed 20:25:42 Step:1113} Server_Comm.py: Received a new packet while thinking!
{Wed 20:25:42 Step:1116} Server_Comm.py: Received a new packet while thinking!
{Wed 20:25:42 Step:1119} Server_Comm.py: Received a new packet while thinking!
{Wed 20:25:42 Step:1122} Server_Comm.py: Received a new packet while thinking!
{Wed 20:25:42 Step:1125} Server_Comm.py: Received a new packet while thinking!
{Wed 20:25:42 Step:1128} Server_Comm.py: Received a new packet while thinking!
{Wed 20:25:43 Step:1131} Server_Comm.py: Received a new packet while thinking!
{Wed 20:25:43 Step:1134} Server_Comm.py: Received a new packet while thinking!
{Wed 20:25:43 Step:1137} Server_Comm.py: Received a new packet while thinking!
{Wed 20:25:43 Step:1141} Server_Comm.py: The agent lost 1 packet! Is syncmode enabled?
{Wed 20:25:43 Step:1146} Server_Comm.py: Received a new packet while thinking!
{Wed 20:25:43 Step:1149} Server_Comm.py: Received a new packet while thinking!
{Wed 20:25:43 Step:1152} Server_Comm.py: Received a new packet while thinking!
{Wed 20:25:43 Step:1155} Server_Comm.py: Received a new packet while thinking!
{Wed 20:25:43 Step:1159} Server_Comm.py: The agent lost 1 packet! Is syncmode enabled?
{Wed 20:25:43 Step:1161} Server_Comm.py: Received a new packet while on world.update()!
{Wed 20:25:43 Step:1165} Server_Comm.py: Received a new packet while thinking!
{Wed 20:25:43 Step:1168} Server_Comm.py: The agent lost 1 packet! Is syncmode enabled?
{Wed 20:25:43 Step:1170} Server_Comm.py: Received a new packet while thinking!
{Wed 20:25:43 Step:1174} Server_Comm.py: The agent lost 1 packet! Is syncmode enabled?
{Wed 20:25:43 Step:1177} Server_Comm.py: The agent lost 1 packet! Is syncmode enabled?
{Wed 20:25:43 Step:1180} Server_Comm.py: The agent lost 1 packet! Is syncmode enabled?
{Wed 20:25:44 Step:1182} Server_Comm.py: Received a new packet while thinking!
{Wed 20:25:44 Step:1184} Server_Comm.py: Received a new packet while thinking!
{Wed 20:25:44 Step:1186} Server_Comm.py: The agent lost 1 packet! Is syncmode enabled?
{Wed 20:25:44 Step:1187} Server_Comm.py: Received a new packet while thinking!
{Wed 20:25:44 Step:1189} Server_Comm.py: The agent lost 1 packet! Is syncmode enabled?
{Wed 20:25:44 Step:1192} Server_Comm.py: The agent lost 1 packet! Is syncmode enabled?
{Wed 20:25:44 Step:1195} Server_Comm.py: The agent lost 1 packet! Is syncmode enabled?
{Wed 20:25:44 Step:1201} Server_Comm.py: The agent lost 1 packet! Is syncmode enabled?
{Wed 20:25:44 Step:1205} Server_Comm.py: Received a new packet while thinking!
{Wed 20:25:44 Step:1207} Server_Comm.py: The agent lost 1 packet! Is syncmode enabled?
{Wed 20:25:44 Step:1214} Server_Comm.py: Received a new packet while thinking!
{Wed 20:25:44 Step:1216} Server_Comm.py: The agent lost 1 packet! Is syncmode enabled?
{Wed 20:25:44 Step:1220} Server_Comm.py: Received a new packet while thinking!
{Wed 20:25:44 Step:1222} Server_Comm.py: The agent lost 1 packet! Is syncmode enabled?
{Wed 20:25:44 Step:1224} Server_Comm.py: Received a new packet while thinking!
{Wed 20:25:44 Step:1226} Server_Comm.py: The agent lost 1 packet! Is syncmode enabled?
{Wed 20:25:45 Step:1231} Server_Comm.py: Received a new packet while thinking!
{Wed 20:25:45 Step:1233} Server_Comm.py: The agent lost 1 packet! Is syncmode enabled?
{Wed 20:25:45 Step:1253} Server_Comm.py: Received a new packet while thinking!
{Wed 20:25:45 Step:1255} Server_Comm.py: The agent lost 1 packet! Is syncmode enabled?
{Wed 20:25:46 Step:1305} Server_Comm.py: Received a new packet while thinking!
{Wed 20:25:46 Step:1308} Server_Comm.py: Received a new packet while thinking!
{Wed 20:25:46 Step:1311} Server_Comm.py: Received a new packet while thinking!
{Wed 20:25:46 Step:1313} Server_Comm.py: Received a new packet while thinking!
{Wed 20:25:46 Step:1315} Server_Comm.py: The agent lost 1 packet! Is syncmode enabled?
{Wed 20:25:46 Step:1316} Server_Comm.py: Received a new packet while thinking!
{Wed 20:25:46 Step:1318} Server_Comm.py: The agent lost 1 packet! Is syncmode enabled?
{Wed 20:25:46 Step:1319} Server_Comm.py: Received a new packet while thinking!
{Wed 20:25:46 Step:1321} Server_Comm.py: The agent lost 1 packet! Is syncmode enabled?
{Wed 20:25:46 Step:1321} Server_Comm.py: Received a new packet while thinking!
{Wed 20:25:46 Step:1324} Server_Comm.py: The agent lost 2 consecutive packets! Is syncmode disabled?
{Wed 20:25:46 Step:1327} Server_Comm.py: The agent lost 1 packet! Is syncmode enabled?
{Wed 20:25:47 Step:1328} Server_Comm.py: Received a new packet while thinking!
{Wed 20:25:47 Step:1330} Server_Comm.py: The agent lost 1 packet! Is syncmode enabled?
{Wed 20:25:47 Step:1330} Server_Comm.py: Received a new packet while thinking!
{Wed 20:25:47 Step:1333} Server_Comm.py: The agent lost 2 consecutive packets! Is syncmode disabled?
{Wed 20:25:47 Step:1333} Server_Comm.py: Received a new packet while thinking!
{Wed 20:25:47 Step:1335} Server_Comm.py: The agent lost 1 packet! Is syncmode enabled?
{Wed 20:25:47 Step:1335} Server_Comm.py: Received a new packet while thinking!
{Wed 20:25:47 Step:1337} Server_Comm.py: The agent lost 1 packet! Is syncmode enabled?
{Wed 20:25:47 Step:1337} Server_Comm.py: Received a new packet while thinking!
{Wed 20:25:47 Step:1339} Server_Comm.py: The agent lost 1 packet! Is syncmode enabled?
{Wed 20:25:47 Step:1339} Server_Comm.py: Received a new packet while thinking!
{Wed 20:25:47 Step:1341} Server_Comm.py: The agent lost 1 packet! Is syncmode enabled?
{Wed 20:25:47 Step:1341} Server_Comm.py: Received a new packet while thinking!
{Wed 20:25:47 Step:1343} Server_Comm.py: The agent lost 1 packet! Is syncmode enabled?
{Wed 20:25:47 Step:1343} Server_Comm.py: Received a new packet while thinking!
{Wed 20:25:47 Step:1344} Server_Comm.py: Received a new packet while thinking!
{Wed 20:25:47 Step:1346} Server_Comm.py: The agent lost 1 packet! Is syncmode enabled?
{Wed 20:25:47 Step:1346} Server_Comm.py: Received a new packet while thinking!
{Wed 20:25:47 Step:1348} Server_Comm.py: The agent lost 1 packet! Is syncmode enabled?
{Wed 20:25:47 Step:1348} Server_Comm.py: Received a new packet while thinking!
{Wed 20:25:47 Step:1349} Server_Comm.py: Received a new packet while thinking!
{Wed 20:25:47 Step:1351} Server_Comm.py: The agent lost 1 packet! Is syncmode enabled?
{Wed 20:25:47 Step:1351} Server_Comm.py: Received a new packet while thinking!
{Wed 20:25:47 Step:1352} Server_Comm.py: Received a new packet while thinking!
{Wed 20:25:47 Step:1354} Server_Comm.py: The agent lost 1 packet! Is syncmode enabled?
{Wed 20:25:47 Step:1354} Server_Comm.py: Received a new packet while thinking!
{Wed 20:25:47 Step:1355} Server_Comm.py: Received a new packet while thinking!
{Wed 20:25:47 Step:1357} Server_Comm.py: The agent lost 1 packet! Is syncmode enabled?
{Wed 20:25:47 Step:1360} Server_Comm.py: Received a new packet while thinking!
{Wed 20:25:47 Step:1362} Server_Comm.py: The agent lost 1 packet! Is syncmode enabled?
{Wed 20:25:47 Step:1362} Server_Comm.py: Received a new packet while thinking!
{Wed 20:25:47 Step:1363} Server_Comm.py: Received a new packet while thinking!
{Wed 20:25:47 Step:1365} Server_Comm.py: The agent lost 1 packet! Is syncmode enabled?
{Wed 20:25:47 Step:1365} Server_Comm.py: Received a new packet while on world.update()!
{Wed 20:25:47 Step:1369} Server_Comm.py: The agent lost 1 packet! Is syncmode enabled?
{Wed 20:25:47 Step:1371} Server_Comm.py: Received a new packet while thinking!
{Wed 20:25:47 Step:1375} Server_Comm.py: The agent lost 1 packet! Is syncmode enabled?
{Wed 20:25:47 Step:1378} Server_Comm.py: Received a new packet while thinking!
{Wed 20:25:48 Step:1380} Server_Comm.py: Received a new packet while thinking!
{Wed 20:25:48 Step:1384} Server_Comm.py: The agent lost 1 packet! Is syncmode enabled?
{Wed 20:25:48 Step:1387} Server_Comm.py: Received a new packet while thinking!
{Wed 20:25:48 Step:1390} Server_Comm.py: Received a new packet while thinking!
{Wed 20:25:50 Step:1519} Server_Comm.py: Received a new packet while thinking!
{Wed 20:25:50 Step:1521} Server_Comm.py: The agent lost 1 packet! Is syncmode enabled?
{Wed 20:25:50 Step:1526} Server_Comm.py: Received a new packet while thinking!
{Wed 20:25:50 Step:1528} Server_Comm.py: The agent lost 1 packet! Is syncmode enabled?
{Wed 20:25:51 Step:1532} Server_Comm.py: Received a new packet while thinking!
{Wed 20:25:51 Step:1534} Server_Comm.py: The agent lost 1 packet! Is syncmode enabled?
{Wed 20:25:51 Step:1537} Server_Comm.py: Received a new packet while thinking!
{Wed 20:25:51 Step:1539} Server_Comm.py: The agent lost 1 packet! Is syncmode enabled?
