{Wed 20:25:21 Step:97} Server_Comm.py: The agent lost 1 packet! Is syncmode enabled?
{Wed 20:25:21 Step:102} Server_Comm.py: Received a new packet while thinking!
{Wed 20:25:21 Step:104} Server_Comm.py: Received a new packet while thinking!
{Wed 20:25:21 Step:106} Server_Comm.py: The agent lost 1 packet! Is syncmode enabled?
{Wed 20:25:21 Step:106} Server_Comm.py: Received a new packet while thinking!
{Wed 20:25:21 Step:109} Server_Comm.py: The agent lost 2 consecutive packets! Is syncmode disabled?
{Wed 20:25:21 Step:109} Server_Comm.py: Received a new packet while thinking!
{Wed 20:25:21 Step:111} Server_Comm.py: The agent lost 1 packet! Is syncmode enabled?
{Wed 20:25:21 Step:111} Server_Comm.py: Received a new packet while thinking!
{Wed 20:25:21 Step:113} Server_Comm.py: The agent lost 1 packet! Is syncmode enabled?
{Wed 20:25:21 Step:113} Server_Comm.py: Received a new packet while thinking!
{Wed 20:25:22 Step:115} Server_Comm.py: The agent lost 1 packet! Is syncmode enabled?
{Wed 20:25:22 Step:115} Server_Comm.py: Received a new packet while on world.update()!
{Wed 20:25:22 Step:116} Server_Comm.py: Received a new packet while thinking!
{Wed 20:25:22 Step:118} Server_Comm.py: The agent lost 1 packet! Is syncmode enabled?
{Wed 20:25:22 Step:118} Server_Comm.py: Received a new packet while thinking!
{Wed 20:25:22 Step:120} Server_Comm.py: The agent lost 1 packet! Is syncmode enabled?
{Wed 20:25:22 Step:120} Server_Comm.py: Received a new packet while thinking!
{Wed 20:25:22 Step:122} Server_Comm.py: The agent lost 1 packet! Is syncmode enabled?
{Wed 20:25:22 Step:122} Server_Comm.py: Received a new packet while thinking!
{Wed 20:25:22 Step:124} Server_Comm.py: The agent lost 1 packet! Is syncmode enabled?
{Wed 20:25:22 Step:124} Server_Comm.py: Received a new packet while thinking!
{Wed 20:25:22 Step:126} Server_Comm.py: The agent lost 1 packet! Is syncmode enabled?
{Wed 20:25:22 Step:126} Server_Comm.py: Received a new packet while thinking!
{Wed 20:25:22 Step:128} Server_Comm.py: The agent lost 1 packet! Is syncmode enabled?
{Wed 20:25:22 Step:128} Server_Comm.py: Received a new packet while thinking!
{Wed 20:25:22 Step:130} Server_Comm.py: The agent lost 1 packet! Is syncmode enabled?
{Wed 20:25:22 Step:130} Server_Comm.py: Received a new packet while thinking!
{Wed 20:25:22 Step:132} Server_Comm.py: The agent lost 1 packet! Is syncmode enabled?
{Wed 20:25:22 Step:132} Server_Comm.py: Received a new packet while thinking!
{Wed 20:25:22 Step:135} Server_Comm.py: The agent lost 2 consecutive packets! Is syncmode disabled?
{Wed 20:25:22 Step:135} Server_Comm.py: Received a new packet while thinking!
{Wed 20:25:22 Step:137} Server_Comm.py: The agent lost 1 packet! Is syncmode enabled?
{Wed 20:25:22 Step:137} Server_Comm.py: Received a new packet while thinking!
{Wed 20:25:22 Step:139} Server_Comm.py: The agent lost 1 packet! Is syncmode enabled?
{Wed 20:25:22 Step:139} Server_Comm.py: Received a new packet while thinking!
{Wed 20:25:22 Step:142} Server_Comm.py: The agent lost 2 consecutive packets! Is syncmode disabled?
{Wed 20:25:22 Step:142} Server_Comm.py: Received a new packet while thinking!
{Wed 20:25:22 Step:144} Server_Comm.py: The agent lost 1 packet! Is syncmode enabled?
{Wed 20:25:22 Step:144} Server_Comm.py: Received a new packet while thinking!
{Wed 20:25:22 Step:146} Server_Comm.py: The agent lost 1 packet! Is syncmode enabled?
{Wed 20:25:22 Step:146} Server_Comm.py: Received a new packet while thinking!
{Wed 20:25:22 Step:148} Server_Comm.py: The agent lost 1 packet! Is syncmode enabled?
{Wed 20:25:22 Step:148} Server_Comm.py: Received a new packet while thinking!
{Wed 20:25:22 Step:150} Server_Comm.py: The agent lost 1 packet! Is syncmode enabled?
{Wed 20:25:22 Step:150} Server_Comm.py: Received a new packet while thinking!
{Wed 20:25:22 Step:152} Server_Comm.py: The agent lost 1 packet! Is syncmode enabled?
{Wed 20:25:22 Step:152} Server_Comm.py: Received a new packet while thinking!
{Wed 20:25:22 Step:154} Server_Comm.py: The agent lost 1 packet! Is syncmode enabled?
{Wed 20:25:22 Step:154} Server_Comm.py: Received a new packet while thinking!
{Wed 20:25:22 Step:156} Server_Comm.py: The agent lost 1 packet! Is syncmode enabled?
{Wed 20:25:22 Step:156} Server_Comm.py: Received a new packet while thinking!
{Wed 20:25:22 Step:158} Server_Comm.py: The agent lost 1 packet! Is syncmode enabled?
{Wed 20:25:22 Step:158} Server_Comm.py: Received a new packet while thinking!
{Wed 20:25:22 Step:160} Server_Comm.py: The agent lost 1 packet! Is syncmode enabled?
{Wed 20:25:22 Step:160} Server_Comm.py: Received a new packet while thinking!
{Wed 20:25:22 Step:162} Server_Comm.py: The agent lost 1 packet! Is syncmode enabled?
{Wed 20:25:22 Step:162} Server_Comm.py: Received a new packet while thinking!
{Wed 20:25:22 Step:163} Server_Comm.py: Received a new packet while on world.update()!
{Wed 20:25:22 Step:164} Server_Comm.py: Received a new packet while thinking!
{Wed 20:25:23 Step:165} Server_Comm.py: Received a new packet while thinking!
{Wed 20:25:23 Step:167} Server_Comm.py: The agent lost 1 packet! Is syncmode enabled?
{Wed 20:25:23 Step:167} Server_Comm.py: Received a new packet while thinking!
{Wed 20:25:23 Step:169} Server_Comm.py: The agent lost 1 packet! Is syncmode enabled?
{Wed 20:25:23 Step:169} Server_Comm.py: Received a new packet while thinking!
{Wed 20:25:23 Step:171} Server_Comm.py: The agent lost 1 packet! Is syncmode enabled?
{Wed 20:25:23 Step:171} Server_Comm.py: Received a new packet while thinking!
{Wed 20:25:23 Step:172} Server_Comm.py: Received a new packet while thinking!
{Wed 20:25:23 Step:174} Server_Comm.py: The agent lost 1 packet! Is syncmode enabled?
{Wed 20:25:23 Step:174} Server_Comm.py: Received a new packet while thinking!
{Wed 20:25:23 Step:175} Server_Comm.py: Received a new packet while on world.update()!
{Wed 20:25:23 Step:177} Server_Comm.py: Received a new packet while thinking!
{Wed 20:25:23 Step:179} Server_Comm.py: Received a new packet while thinking!
{Wed 20:25:23 Step:181} Server_Comm.py: The agent lost 1 packet! Is syncmode enabled?
{Wed 20:25:23 Step:182} Server_Comm.py: Received a new packet while thinking!
{Wed 20:25:23 Step:184} Server_Comm.py: The agent lost 1 packet! Is syncmode enabled?
{Wed 20:25:23 Step:185} Server_Comm.py: Received a new packet while thinking!
{Wed 20:25:23 Step:187} Server_Comm.py: The agent lost 1 packet! Is syncmode enabled?
{Wed 20:25:23 Step:187} Server_Comm.py: Received a new packet while thinking!
{Wed 20:25:23 Step:189} Server_Comm.py: The agent lost 1 packet! Is syncmode enabled?
{Wed 20:25:23 Step:189} Server_Comm.py: Received a new packet while thinking!
{Wed 20:25:23 Step:190} Server_Comm.py: Received a new packet while thinking!
{Wed 20:25:23 Step:193} Server_Comm.py: The agent lost 2 consecutive packets! Is syncmode disabled?
{Wed 20:25:23 Step:194} Server_Comm.py: Received a new packet while thinking!
{Wed 20:25:23 Step:196} Server_Comm.py: The agent lost 1 packet! Is syncmode enabled?
{Wed 20:25:23 Step:196} Server_Comm.py: Received a new packet while thinking!
{Wed 20:25:23 Step:199} Server_Comm.py: The agent lost 2 consecutive packets! Is syncmode disabled?
{Wed 20:25:23 Step:200} Server_Comm.py: Received a new packet while thinking!
{Wed 20:25:23 Step:202} Server_Comm.py: The agent lost 1 packet! Is syncmode enabled?
{Wed 20:25:23 Step:202} Server_Comm.py: Received a new packet while thinking!
{Wed 20:25:23 Step:205} Server_Comm.py: The agent lost 2 consecutive packets! Is syncmode disabled?
{Wed 20:25:23 Step:206} Server_Comm.py: Received a new packet while thinking!
{Wed 20:25:23 Step:208} Server_Comm.py: The agent lost 1 packet! Is syncmode enabled?
{Wed 20:25:23 Step:208} Server_Comm.py: Received a new packet while thinking!
{Wed 20:25:23 Step:211} Server_Comm.py: The agent lost 2 consecutive packets! Is syncmode disabled?
{Wed 20:25:23 Step:212} Server_Comm.py: Received a new packet while thinking!
{Wed 20:25:23 Step:214} Server_Comm.py: The agent lost 1 packet! Is syncmode enabled?
{Wed 20:25:24 Step:215} Server_Comm.py: Received a new packet while thinking!
{Wed 20:25:24 Step:217} Server_Comm.py: The agent lost 1 packet! Is syncmode enabled?
{Wed 20:25:24 Step:217} Server_Comm.py: Received a new packet while thinking!
{Wed 20:25:24 Step:219} Server_Comm.py: The agent lost 1 packet! Is syncmode enabled?
{Wed 20:25:24 Step:219} Server_Comm.py: Received a new packet while thinking!
{Wed 20:25:24 Step:220} Server_Comm.py: Received a new packet while thinking!
{Wed 20:25:24 Step:223} Server_Comm.py: The agent lost 2 consecutive packets! Is syncmode disabled?
{Wed 20:25:24 Step:224} Server_Comm.py: Received a new packet while thinking!
{Wed 20:25:24 Step:226} Server_Comm.py: The agent lost 1 packet! Is syncmode enabled?
{Wed 20:25:24 Step:227} Server_Comm.py: Received a new packet while thinking!
{Wed 20:25:24 Step:229} Server_Comm.py: The agent lost 1 packet! Is syncmode enabled?
{Wed 20:25:24 Step:230} Server_Comm.py: Received a new packet while thinking!
{Wed 20:25:24 Step:232} Server_Comm.py: The agent lost 1 packet! Is syncmode enabled?
{Wed 20:25:24 Step:233} Server_Comm.py: Received a new packet while thinking!
{Wed 20:25:24 Step:235} Server_Comm.py: The agent lost 1 packet! Is syncmode enabled?
{Wed 20:25:24 Step:236} Server_Comm.py: Received a new packet while thinking!
{Wed 20:25:24 Step:238} Server_Comm.py: The agent lost 1 packet! Is syncmode enabled?
{Wed 20:25:24 Step:239} Server_Comm.py: Received a new packet while thinking!
{Wed 20:25:24 Step:241} Server_Comm.py: The agent lost 1 packet! Is syncmode enabled?
{Wed 20:25:24 Step:241} Server_Comm.py: Received a new packet while thinking!
{Wed 20:25:24 Step:244} Server_Comm.py: The agent lost 2 consecutive packets! Is syncmode disabled?
{Wed 20:25:24 Step:245} Server_Comm.py: Received a new packet while thinking!
{Wed 20:25:24 Step:247} Server_Comm.py: The agent lost 1 packet! Is syncmode enabled?
{Wed 20:25:24 Step:250} Server_Comm.py: The agent lost 1 packet! Is syncmode enabled?
{Wed 20:25:24 Step:253} Server_Comm.py: The agent lost 1 packet! Is syncmode enabled?
{Wed 20:25:24 Step:254} Server_Comm.py: Received a new packet while thinking!
{Wed 20:25:24 Step:256} Server_Comm.py: The agent lost 1 packet! Is syncmode enabled?
{Wed 20:25:24 Step:256} Server_Comm.py: Received a new packet while thinking!
{Wed 20:25:24 Step:259} Server_Comm.py: The agent lost 2 consecutive packets! Is syncmode disabled?
{Wed 20:25:24 Step:260} Server_Comm.py: Received a new packet while thinking!
{Wed 20:25:24 Step:262} Server_Comm.py: The agent lost 1 packet! Is syncmode enabled?
{Wed 20:25:25 Step:262} Server_Comm.py: Received a new packet while thinking!
{Wed 20:25:25 Step:265} Server_Comm.py: The agent lost 2 consecutive packets! Is syncmode disabled?
{Wed 20:25:25 Step:266} Server_Comm.py: Received a new packet while thinking!
{Wed 20:25:25 Step:268} Server_Comm.py: The agent lost 1 packet! Is syncmode enabled?
{Wed 20:25:25 Step:269} Server_Comm.py: Received a new packet while thinking!
{Wed 20:25:25 Step:271} Server_Comm.py: The agent lost 1 packet! Is syncmode enabled?
{Wed 20:25:25 Step:271} Server_Comm.py: Received a new packet while thinking!
{Wed 20:25:25 Step:274} Server_Comm.py: The agent lost 2 consecutive packets! Is syncmode disabled?
{Wed 20:25:25 Step:275} Server_Comm.py: Received a new packet while thinking!
{Wed 20:25:25 Step:277} Server_Comm.py: The agent lost 1 packet! Is syncmode enabled?
{Wed 20:25:25 Step:278} Server_Comm.py: Received a new packet while thinking!
{Wed 20:25:25 Step:280} Server_Comm.py: The agent lost 1 packet! Is syncmode enabled?
{Wed 20:25:25 Step:280} Server_Comm.py: Received a new packet while thinking!
{Wed 20:25:25 Step:283} Server_Comm.py: The agent lost 2 consecutive packets! Is syncmode disabled?
{Wed 20:25:25 Step:284} Server_Comm.py: Received a new packet while thinking!
{Wed 20:25:25 Step:286} Server_Comm.py: The agent lost 1 packet! Is syncmode enabled?
{Wed 20:25:25 Step:287} Server_Comm.py: Received a new packet while thinking!
{Wed 20:25:25 Step:289} Server_Comm.py: The agent lost 1 packet! Is syncmode enabled?
{Wed 20:25:25 Step:290} Server_Comm.py: Received a new packet while thinking!
{Wed 20:25:25 Step:292} Server_Comm.py: The agent lost 1 packet! Is syncmode enabled?
{Wed 20:25:25 Step:292} Server_Comm.py: Received a new packet while thinking!
{Wed 20:25:25 Step:295} Server_Comm.py: The agent lost 2 consecutive packets! Is syncmode disabled?
{Wed 20:25:25 Step:296} Server_Comm.py: Received a new packet while thinking!
{Wed 20:25:25 Step:298} Server_Comm.py: The agent lost 1 packet! Is syncmode enabled?
{Wed 20:25:25 Step:298} Server_Comm.py: Received a new packet while thinking!
{Wed 20:25:25 Step:300} Server_Comm.py: The agent lost 1 packet! Is syncmode enabled?
{Wed 20:25:25 Step:300} Server_Comm.py: Received a new packet while thinking!
{Wed 20:25:25 Step:301} Server_Comm.py: Received a new packet while thinking!
{Wed 20:25:25 Step:304} Server_Comm.py: The agent lost 2 consecutive packets! Is syncmode disabled?
{Wed 20:25:25 Step:304} Server_Comm.py: Received a new packet while thinking!
{Wed 20:25:25 Step:306} Server_Comm.py: The agent lost 1 packet! Is syncmode enabled?
{Wed 20:25:25 Step:306} Server_Comm.py: Received a new packet while thinking!
{Wed 20:25:25 Step:308} Server_Comm.py: The agent lost 1 packet! Is syncmode enabled?
{Wed 20:25:25 Step:308} Server_Comm.py: Received a new packet while thinking!
{Wed 20:25:25 Step:310} Server_Comm.py: The agent lost 1 packet! Is syncmode enabled?
{Wed 20:25:25 Step:310} Server_Comm.py: Received a new packet while thinking!
{Wed 20:25:25 Step:311} Server_Comm.py: Received a new packet while thinking!
{Wed 20:25:25 Step:313} Server_Comm.py: The agent lost 1 packet! Is syncmode enabled?
{Wed 20:25:26 Step:313} Server_Comm.py: Received a new packet while thinking!
{Wed 20:25:26 Step:315} Server_Comm.py: The agent lost 1 packet! Is syncmode enabled?
{Wed 20:25:26 Step:315} Server_Comm.py: Received a new packet while thinking!
{Wed 20:25:26 Step:316} Server_Comm.py: Received a new packet while thinking!
{Wed 20:25:26 Step:318} Server_Comm.py: The agent lost 1 packet! Is syncmode enabled?
{Wed 20:25:26 Step:318} Server_Comm.py: Received a new packet while thinking!
{Wed 20:25:26 Step:321} Server_Comm.py: The agent lost 2 consecutive packets! Is syncmode disabled?
{Wed 20:25:26 Step:321} Server_Comm.py: Received a new packet while thinking!
{Wed 20:25:26 Step:323} Server_Comm.py: The agent lost 1 packet! Is syncmode enabled?
{Wed 20:25:26 Step:323} Server_Comm.py: Received a new packet while thinking!
{Wed 20:25:26 Step:326} Server_Comm.py: The agent lost 2 consecutive packets! Is syncmode disabled?
{Wed 20:25:26 Step:326} Server_Comm.py: Received a new packet while thinking!
{Wed 20:25:26 Step:328} Server_Comm.py: The agent lost 1 packet! Is syncmode enabled?
{Wed 20:25:26 Step:328} Server_Comm.py: Received a new packet while thinking!
{Wed 20:25:26 Step:330} Server_Comm.py: The agent lost 1 packet! Is syncmode enabled?
{Wed 20:25:26 Step:330} Server_Comm.py: Received a new packet while thinking!
{Wed 20:25:26 Step:333} Server_Comm.py: The agent lost 2 consecutive packets! Is syncmode disabled?
{Wed 20:25:26 Step:333} Server_Comm.py: Received a new packet while thinking!
{Wed 20:25:26 Step:335} Server_Comm.py: The agent lost 1 packet! Is syncmode enabled?
{Wed 20:25:26 Step:335} Server_Comm.py: Received a new packet while thinking!
{Wed 20:25:26 Step:337} Server_Comm.py: The agent lost 1 packet! Is syncmode enabled?
{Wed 20:25:26 Step:337} Server_Comm.py: Received a new packet while thinking!
{Wed 20:25:26 Step:339} Server_Comm.py: The agent lost 1 packet! Is syncmode enabled?
{Wed 20:25:26 Step:339} Server_Comm.py: Received a new packet while thinking!
{Wed 20:25:26 Step:342} Server_Comm.py: The agent lost 2 consecutive packets! Is syncmode disabled?
{Wed 20:25:26 Step:342} Server_Comm.py: Received a new packet while thinking!
{Wed 20:25:26 Step:344} Server_Comm.py: The agent lost 1 packet! Is syncmode enabled?
{Wed 20:25:26 Step:344} Server_Comm.py: Received a new packet while thinking!
{Wed 20:25:26 Step:346} Server_Comm.py: The agent lost 1 packet! Is syncmode enabled?
{Wed 20:25:26 Step:346} Server_Comm.py: Received a new packet while thinking!
{Wed 20:25:26 Step:348} Server_Comm.py: The agent lost 1 packet! Is syncmode enabled?
{Wed 20:25:26 Step:348} Server_Comm.py: Received a new packet while thinking!
{Wed 20:25:26 Step:350} Server_Comm.py: The agent lost 1 packet! Is syncmode enabled?
{Wed 20:25:26 Step:350} Server_Comm.py: Received a new packet while thinking!
{Wed 20:25:26 Step:352} Server_Comm.py: The agent lost 1 packet! Is syncmode enabled?
{Wed 20:25:26 Step:352} Server_Comm.py: Received a new packet while thinking!
{Wed 20:25:26 Step:355} Server_Comm.py: The agent lost 2 consecutive packets! Is syncmode disabled?
{Wed 20:25:26 Step:355} Server_Comm.py: Received a new packet while thinking!
{Wed 20:25:26 Step:356} Server_Comm.py: Received a new packet while thinking!
{Wed 20:25:26 Step:358} Server_Comm.py: The agent lost 1 packet! Is syncmode enabled?
{Wed 20:25:26 Step:358} Server_Comm.py: Received a new packet while thinking!
{Wed 20:25:26 Step:360} Server_Comm.py: The agent lost 1 packet! Is syncmode enabled?
{Wed 20:25:26 Step:360} Server_Comm.py: Received a new packet while thinking!
{Wed 20:25:26 Step:362} Server_Comm.py: The agent lost 1 packet! Is syncmode enabled?
{Wed 20:25:26 Step:362} Server_Comm.py: Received a new packet while thinking!
{Wed 20:25:27 Step:364} Server_Comm.py: The agent lost 1 packet! Is syncmode enabled?
{Wed 20:25:27 Step:364} Server_Comm.py: Received a new packet while thinking!
{Wed 20:25:27 Step:366} Server_Comm.py: The agent lost 1 packet! Is syncmode enabled?
{Wed 20:25:27 Step:366} Server_Comm.py: Received a new packet while thinking!
{Wed 20:25:27 Step:367} Server_Comm.py: Received a new packet while thinking!
{Wed 20:25:27 Step:369} Server_Comm.py: The agent lost 1 packet! Is syncmode enabled?
{Wed 20:25:27 Step:369} Server_Comm.py: Received a new packet while thinking!
{Wed 20:25:27 Step:372} Server_Comm.py: The agent lost 2 consecutive packets! Is syncmode disabled?
{Wed 20:25:27 Step:372} Server_Comm.py: Received a new packet while thinking!
{Wed 20:25:27 Step:373} Server_Comm.py: Received a new packet while thinking!
{Wed 20:25:27 Step:375} Server_Comm.py: The agent lost 1 packet! Is syncmode enabled?
{Wed 20:25:27 Step:375} Server_Comm.py: Received a new packet while thinking!
{Wed 20:25:27 Step:376} Server_Comm.py: Received a new packet while thinking!
{Wed 20:25:27 Step:378} Server_Comm.py: The agent lost 1 packet! Is syncmode enabled?
{Wed 20:25:27 Step:378} Server_Comm.py: Received a new packet while thinking!
{Wed 20:25:27 Step:379} Server_Comm.py: Received a new packet while thinking!
{Wed 20:25:27 Step:380} Server_Comm.py: Received a new packet while thinking!
{Wed 20:25:27 Step:382} Server_Comm.py: The agent lost 1 packet! Is syncmode enabled?
{Wed 20:25:27 Step:382} Server_Comm.py: Received a new packet while thinking!
{Wed 20:25:27 Step:383} Server_Comm.py: Received a new packet while thinking!
{Wed 20:25:27 Step:385} Server_Comm.py: The agent lost 1 packet! Is syncmode enabled?
{Wed 20:25:27 Step:385} Server_Comm.py: Received a new packet while thinking!
{Wed 20:25:27 Step:386} Server_Comm.py: Received a new packet while thinking!
{Wed 20:25:27 Step:388} Server_Comm.py: The agent lost 1 packet! Is syncmode enabled?
{Wed 20:25:27 Step:391} Server_Comm.py: The agent lost 1 packet! Is syncmode enabled?
{Wed 20:25:27 Step:393} Server_Comm.py: Received a new packet while thinking!
{Wed 20:25:27 Step:395} Server_Comm.py: Received a new packet while thinking!
{Wed 20:25:27 Step:397} Server_Comm.py: The agent lost 1 packet! Is syncmode enabled?
{Wed 20:25:27 Step:399} Server_Comm.py: Received a new packet while thinking!
{Wed 20:25:27 Step:403} Server_Comm.py: The agent lost 1 packet! Is syncmode enabled?
{Wed 20:25:27 Step:406} Server_Comm.py: Received a new packet while thinking!
{Wed 20:25:27 Step:408} Server_Comm.py: Received a new packet while thinking!
{Wed 20:25:27 Step:411} Server_Comm.py: Received a new packet while thinking!
{Wed 20:25:28 Step:414} Server_Comm.py: Received a new packet while thinking!
{Wed 20:25:28 Step:418} Server_Comm.py: The agent lost 1 packet! Is syncmode enabled?
{Wed 20:25:28 Step:420} Server_Comm.py: Received a new packet while thinking!
{Wed 20:25:28 Step:423} Server_Comm.py: Received a new packet while thinking!
{Wed 20:25:28 Step:426} Server_Comm.py: Received a new packet while thinking!
{Wed 20:25:28 Step:429} Server_Comm.py: Received a new packet while on world.update()!
{Wed 20:25:28 Step:436} Server_Comm.py: Received a new packet while thinking!
{Wed 20:25:28 Step:438} Server_Comm.py: Received a new packet while thinking!
{Wed 20:25:28 Step:442} Server_Comm.py: Received a new packet while thinking!
{Wed 20:25:28 Step:447} Server_Comm.py: Received a new packet while thinking!
{Wed 20:25:28 Step:450} Server_Comm.py: Received a new packet while thinking!
{Wed 20:25:28 Step:453} Server_Comm.py: Received a new packet while thinking!
{Wed 20:25:28 Step:456} Server_Comm.py: Received a new packet while thinking!
{Wed 20:25:28 Step:459} Server_Comm.py: Received a new packet while thinking!
{Wed 20:25:28 Step:462} Server_Comm.py: Received a new packet while thinking!
{Wed 20:25:29 Step:465} Server_Comm.py: Received a new packet while thinking!
{Wed 20:25:29 Step:468} Server_Comm.py: Received a new packet while thinking!
{Wed 20:25:29 Step:471} Server_Comm.py: Received a new packet while thinking!
{Wed 20:25:29 Step:475} Server_Comm.py: The agent lost 1 packet! Is syncmode enabled?
{Wed 20:25:29 Step:477} Server_Comm.py: Received a new packet while thinking!
{Wed 20:25:29 Step:481} Server_Comm.py: The agent lost 1 packet! Is syncmode enabled?
{Wed 20:25:29 Step:483} Server_Comm.py: Received a new packet while thinking!
{Wed 20:25:29 Step:487} Server_Comm.py: The agent lost 1 packet! Is syncmode enabled?
{Wed 20:25:29 Step:489} Server_Comm.py: Received a new packet while thinking!
{Wed 20:25:29 Step:491} Server_Comm.py: Received a new packet while thinking!
{Wed 20:25:29 Step:493} Server_Comm.py: The agent lost 1 packet! Is syncmode enabled?
{Wed 20:25:29 Step:494} Server_Comm.py: Received a new packet while thinking!
{Wed 20:25:29 Step:496} Server_Comm.py: The agent lost 1 packet! Is syncmode enabled?
{Wed 20:25:29 Step:496} Server_Comm.py: Received a new packet while thinking!
{Wed 20:25:29 Step:499} Server_Comm.py: The agent lost 2 consecutive packets! Is syncmode disabled?
{Wed 20:25:29 Step:499} Server_Comm.py: Received a new packet while thinking!
{Wed 20:25:29 Step:500} Server_Comm.py: Received a new packet while thinking!
{Wed 20:25:29 Step:502} Server_Comm.py: The agent lost 1 packet! Is syncmode enabled?
{Wed 20:25:29 Step:502} Server_Comm.py: Received a new packet while thinking!
{Wed 20:25:29 Step:504} Server_Comm.py: The agent lost 1 packet! Is syncmode enabled?
{Wed 20:25:29 Step:504} Server_Comm.py: Received a new packet while thinking!
{Wed 20:25:29 Step:505} Server_Comm.py: Received a new packet while thinking!
{Wed 20:25:29 Step:507} Server_Comm.py: The agent lost 1 packet! Is syncmode enabled?
{Wed 20:25:29 Step:509} Server_Comm.py: Received a new packet while thinking!
{Wed 20:25:29 Step:511} Server_Comm.py: The agent lost 1 packet! Is syncmode enabled?
{Wed 20:25:30 Step:512} Server_Comm.py: Received a new packet while thinking!
{Wed 20:25:30 Step:514} Server_Comm.py: The agent lost 1 packet! Is syncmode enabled?
{Wed 20:25:30 Step:515} Server_Comm.py: Received a new packet while thinking!
{Wed 20:25:30 Step:517} Server_Comm.py: The agent lost 1 packet! Is syncmode enabled?
{Wed 20:25:30 Step:519} Server_Comm.py: Received a new packet while thinking!
{Wed 20:25:30 Step:521} Server_Comm.py: The agent lost 1 packet! Is syncmode enabled?
{Wed 20:25:30 Step:523} Server_Comm.py: Received a new packet while thinking!
{Wed 20:25:30 Step:525} Server_Comm.py: The agent lost 1 packet! Is syncmode enabled?
{Wed 20:25:30 Step:529} Server_Comm.py: Received a new packet while thinking!
{Wed 20:25:30 Step:531} Server_Comm.py: The agent lost 1 packet! Is syncmode enabled?
{Wed 20:25:30 Step:535} Server_Comm.py: Received a new packet while thinking!
{Wed 20:25:30 Step:537} Server_Comm.py: The agent lost 1 packet! Is syncmode enabled?
{Wed 20:25:30 Step:545} Server_Comm.py: Received a new packet while thinking!
{Wed 20:25:30 Step:547} Server_Comm.py: The agent lost 1 packet! Is syncmode enabled?
{Wed 20:25:30 Step:552} Server_Comm.py: Received a new packet while thinking!
{Wed 20:25:30 Step:554} Server_Comm.py: The agent lost 1 packet! Is syncmode enabled?
{Wed 20:25:30 Step:559} Server_Comm.py: Received a new packet while thinking!
{Wed 20:25:30 Step:561} Server_Comm.py: The agent lost 1 packet! Is syncmode enabled?
{Wed 20:25:33 Step:618} Server_Comm.py: Received a new packet while thinking!
{Wed 20:25:33 Step:620} Server_Comm.py: The agent lost 1 packet! Is syncmode enabled?
{Wed 20:25:33 Step:637} Server_Comm.py: Received a new packet while thinking!
{Wed 20:25:33 Step:639} Server_Comm.py: The agent lost 1 packet! Is syncmode enabled?
{Wed 20:25:33 Step:645} Server_Comm.py: Received a new packet while thinking!
{Wed 20:25:33 Step:647} Server_Comm.py: The agent lost 1 packet! Is syncmode enabled?
{Wed 20:25:33 Step:649} Server_Comm.py: Received a new packet while thinking!
{Wed 20:25:33 Step:651} Server_Comm.py: The agent lost 1 packet! Is syncmode enabled?
{Wed 20:25:33 Step:652} Server_Comm.py: Received a new packet while thinking!
{Wed 20:25:33 Step:654} Server_Comm.py: The agent lost 1 packet! Is syncmode enabled?
{Wed 20:25:33 Step:655} Server_Comm.py: Received a new packet while thinking!
{Wed 20:25:33 Step:657} Server_Comm.py: The agent lost 1 packet! Is syncmode enabled?
{Wed 20:25:33 Step:657} Server_Comm.py: Received a new packet while thinking!
{Wed 20:25:34 Step:659} Server_Comm.py: The agent lost 1 packet! Is syncmode enabled?
{Wed 20:25:34 Step:660} Server_Comm.py: Received a new packet while thinking!
{Wed 20:25:34 Step:662} Server_Comm.py: The agent lost 1 packet! Is syncmode enabled?
{Wed 20:25:34 Step:663} Server_Comm.py: Received a new packet while thinking!
{Wed 20:25:34 Step:665} Server_Comm.py: The agent lost 1 packet! Is syncmode enabled?
{Wed 20:25:34 Step:665} Server_Comm.py: Received a new packet while thinking!
{Wed 20:25:34 Step:667} Server_Comm.py: The agent lost 1 packet! Is syncmode enabled?
{Wed 20:25:34 Step:669} Server_Comm.py: Received a new packet while thinking!
{Wed 20:25:34 Step:671} Server_Comm.py: The agent lost 1 packet! Is syncmode enabled?
{Wed 20:25:34 Step:672} Server_Comm.py: Received a new packet while thinking!
{Wed 20:25:34 Step:674} Server_Comm.py: The agent lost 1 packet! Is syncmode enabled?
{Wed 20:25:34 Step:675} Server_Comm.py: Received a new packet while thinking!
{Wed 20:25:34 Step:677} Server_Comm.py: The agent lost 1 packet! Is syncmode enabled?
{Wed 20:25:34 Step:678} Server_Comm.py: Received a new packet while thinking!
{Wed 20:25:34 Step:680} Server_Comm.py: The agent lost 1 packet! Is syncmode enabled?
{Wed 20:25:34 Step:681} Server_Comm.py: Received a new packet while thinking!
{Wed 20:25:34 Step:683} Server_Comm.py: The agent lost 1 packet! Is syncmode enabled?
{Wed 20:25:34 Step:684} Server_Comm.py: Received a new packet while thinking!
{Wed 20:25:34 Step:686} Server_Comm.py: The agent lost 1 packet! Is syncmode enabled?
{Wed 20:25:34 Step:687} Server_Comm.py: Received a new packet while thinking!
{Wed 20:25:34 Step:689} Server_Comm.py: The agent lost 1 packet! Is syncmode enabled?
{Wed 20:25:34 Step:690} Server_Comm.py: Received a new packet while thinking!
{Wed 20:25:34 Step:692} Server_Comm.py: The agent lost 1 packet! Is syncmode enabled?
{Wed 20:25:34 Step:693} Server_Comm.py: Received a new packet while thinking!
{Wed 20:25:34 Step:695} Server_Comm.py: The agent lost 1 packet! Is syncmode enabled?
{Wed 20:25:34 Step:697} Server_Comm.py: Received a new packet while thinking!
{Wed 20:25:34 Step:699} Server_Comm.py: The agent lost 1 packet! Is syncmode enabled?
{Wed 20:25:34 Step:700} Server_Comm.py: Received a new packet while thinking!
{Wed 20:25:34 Step:702} Server_Comm.py: The agent lost 1 packet! Is syncmode enabled?
{Wed 20:25:34 Step:703} Server_Comm.py: Received a new packet while thinking!
{Wed 20:25:34 Step:705} Server_Comm.py: The agent lost 1 packet! Is syncmode enabled?
{Wed 20:25:34 Step:707} Server_Comm.py: Received a new packet while thinking!
{Wed 20:25:35 Step:709} Server_Comm.py: The agent lost 1 packet! Is syncmode enabled?
{Wed 20:25:35 Step:711} Server_Comm.py: Received a new packet while thinking!
{Wed 20:25:35 Step:713} Server_Comm.py: The agent lost 1 packet! Is syncmode enabled?
{Wed 20:25:35 Step:714} Server_Comm.py: Received a new packet while thinking!
{Wed 20:25:35 Step:716} Server_Comm.py: The agent lost 1 packet! Is syncmode enabled?
{Wed 20:25:35 Step:720} Server_Comm.py: The agent lost 1 packet! Is syncmode enabled?
{Wed 20:25:35 Step:720} Server_Comm.py: Received a new packet while thinking!
{Wed 20:25:35 Step:725} Server_Comm.py: Received a new packet while thinking!
{Wed 20:25:35 Step:727} Server_Comm.py: The agent lost 1 packet! Is syncmode enabled?
{Wed 20:25:35 Step:731} Server_Comm.py: Received a new packet while thinking!
{Wed 20:25:35 Step:733} Server_Comm.py: The agent lost 1 packet! Is syncmode enabled?
{Wed 20:25:35 Step:741} Server_Comm.py: Received a new packet while thinking!
{Wed 20:25:35 Step:743} Server_Comm.py: The agent lost 1 packet! Is syncmode enabled?
{Wed 20:25:37 Step:817} Server_Comm.py: Received a new packet while thinking!
{Wed 20:25:37 Step:819} Server_Comm.py: The agent lost 1 packet! Is syncmode enabled?
{Wed 20:25:37 Step:840} Server_Comm.py: Received a new packet while thinking!
{Wed 20:25:37 Step:843} Server_Comm.py: Received a new packet while thinking!
{Wed 20:25:37 Step:847} Server_Comm.py: The agent lost 1 packet! Is syncmode enabled?
{Wed 20:25:37 Step:849} Server_Comm.py: Received a new packet while thinking!
{Wed 20:25:37 Step:853} Server_Comm.py: The agent lost 1 packet! Is syncmode enabled?
{Wed 20:25:37 Step:855} Server_Comm.py: Received a new packet while thinking!
{Wed 20:25:38 Step:859} Server_Comm.py: The agent lost 1 packet! Is syncmode enabled?
{Wed 20:25:38 Step:861} Server_Comm.py: Received a new packet while thinking!
{Wed 20:25:38 Step:863} Server_Comm.py: Received a new packet while thinking!
{Wed 20:25:38 Step:865} Server_Comm.py: The agent lost 1 packet! Is syncmode enabled?
{Wed 20:25:38 Step:865} Server_Comm.py: Received a new packet while thinking!
{Wed 20:25:38 Step:867} Server_Comm.py: The agent lost 1 packet! Is syncmode enabled?
{Wed 20:25:38 Step:867} Server_Comm.py: Received a new packet while thinking!
{Wed 20:25:38 Step:868} Server_Comm.py: Received a new packet while thinking!
{Wed 20:25:38 Step:871} Server_Comm.py: The agent lost 2 consecutive packets! Is syncmode disabled?
{Wed 20:25:38 Step:874} Server_Comm.py: The agent lost 1 packet! Is syncmode enabled?
{Wed 20:25:38 Step:875} Server_Comm.py: Received a new packet while thinking!
{Wed 20:25:38 Step:877} Server_Comm.py: The agent lost 1 packet! Is syncmode enabled?
{Wed 20:25:38 Step:877} Server_Comm.py: Received a new packet while thinking!
{Wed 20:25:38 Step:879} Server_Comm.py: The agent lost 1 packet! Is syncmode enabled?
{Wed 20:25:38 Step:879} Server_Comm.py: Received a new packet while thinking!
{Wed 20:25:38 Step:880} Server_Comm.py: Received a new packet while thinking!
{Wed 20:25:38 Step:883} Server_Comm.py: The agent lost 2 consecutive packets! Is syncmode disabled?
{Wed 20:25:38 Step:884} Server_Comm.py: Received a new packet while thinking!
{Wed 20:25:38 Step:886} Server_Comm.py: The agent lost 1 packet! Is syncmode enabled?
{Wed 20:25:38 Step:887} Server_Comm.py: Received a new packet while thinking!
{Wed 20:25:38 Step:889} Server_Comm.py: The agent lost 1 packet! Is syncmode enabled?
{Wed 20:25:38 Step:892} Server_Comm.py: The agent lost 1 packet! Is syncmode enabled?
{Wed 20:25:38 Step:895} Server_Comm.py: The agent lost 1 packet! Is syncmode enabled?
{Wed 20:25:38 Step:898} Server_Comm.py: The agent lost 1 packet! Is syncmode enabled?
{Wed 20:25:38 Step:901} Server_Comm.py: The agent lost 1 packet! Is syncmode enabled?
{Wed 20:25:38 Step:903} Server_Comm.py: Received a new packet while thinking!
{Wed 20:25:38 Step:905} Server_Comm.py: Received a new packet while thinking!
{Wed 20:25:38 Step:907} Server_Comm.py: The agent lost 1 packet! Is syncmode enabled?
{Wed 20:25:40 Step:995} Server_Comm.py: Received a new packet while thinking!
{Wed 20:25:40 Step:997} Server_Comm.py: The agent lost 1 packet! Is syncmode enabled?
{Wed 20:25:40 Step:1004} Server_Comm.py: Received a new packet while thinking!
{Wed 20:25:40 Step:1006} Server_Comm.py: The agent lost 1 packet! Is syncmode enabled?
{Wed 20:25:41 Step:1011} Server_Comm.py: Received a new packet while thinking!
{Wed 20:25:41 Step:1013} Server_Comm.py: The agent lost 1 packet! Is syncmode enabled?
{Wed 20:25:41 Step:1016} Server_Comm.py: Received a new packet while thinking!
{Wed 20:25:41 Step:1018} Server_Comm.py: The agent lost 1 packet! Is syncmode enabled?
{Wed 20:25:41 Step:1028} Server_Comm.py: Received a new packet while thinking!
{Wed 20:25:41 Step:1030} Server_Comm.py: The agent lost 1 packet! Is syncmode enabled?
{Wed 20:25:41 Step:1043} Server_Comm.py: Received a new packet while thinking!
{Wed 20:25:41 Step:1045} Server_Comm.py: The agent lost 1 packet! Is syncmode enabled?
{Wed 20:25:41 Step:1052} Server_Comm.py: Received a new packet while thinking!
{Wed 20:25:41 Step:1054} Server_Comm.py: The agent lost 1 packet! Is syncmode enabled?
{Wed 20:25:42 Step:1058} Server_Comm.py: Received a new packet while thinking!
{Wed 20:25:42 Step:1060} Server_Comm.py: The agent lost 1 packet! Is syncmode enabled?
{Wed 20:25:42 Step:1064} Server_Comm.py: Received a new packet while thinking!
{Wed 20:25:42 Step:1066} Server_Comm.py: The agent lost 1 packet! Is syncmode enabled?
{Wed 20:25:42 Step:1070} Server_Comm.py: Received a new packet while thinking!
{Wed 20:25:42 Step:1072} Server_Comm.py: The agent lost 1 packet! Is syncmode enabled?
{Wed 20:25:42 Step:1076} Server_Comm.py: Received a new packet while thinking!
{Wed 20:25:42 Step:1078} Server_Comm.py: The agent lost 1 packet! Is syncmode enabled?
{Wed 20:25:42 Step:1088} Server_Comm.py: Received a new packet while thinking!
{Wed 20:25:42 Step:1090} Server_Comm.py: The agent lost 1 packet! Is syncmode enabled?
{Wed 20:25:43 Step:1121} Server_Comm.py: Received a new packet while thinking!
{Wed 20:25:43 Step:1123} Server_Comm.py: The agent lost 1 packet! Is syncmode enabled?
{Wed 20:25:43 Step:1134} Server_Comm.py: Received a new packet while thinking!
{Wed 20:25:43 Step:1136} Server_Comm.py: The agent lost 1 packet! Is syncmode enabled?
{Wed 20:25:43 Step:1139} Server_Comm.py: Received a new packet while thinking!
{Wed 20:25:43 Step:1141} Server_Comm.py: The agent lost 1 packet! Is syncmode enabled?
{Wed 20:25:43 Step:1145} Server_Comm.py: Received a new packet while thinking!
{Wed 20:25:43 Step:1147} Server_Comm.py: The agent lost 1 packet! Is syncmode enabled?
{Wed 20:25:43 Step:1150} Server_Comm.py: The agent lost 1 packet! Is syncmode enabled?
{Wed 20:25:43 Step:1153} Server_Comm.py: The agent lost 1 packet! Is syncmode enabled?
{Wed 20:25:43 Step:1156} Server_Comm.py: The agent lost 1 packet! Is syncmode enabled?
{Wed 20:25:44 Step:1158} Server_Comm.py: Received a new packet while thinking!
{Wed 20:25:44 Step:1159} Server_Comm.py: Received a new packet while thinking!
{Wed 20:25:44 Step:1161} Server_Comm.py: The agent lost 1 packet! Is syncmode enabled?
{Wed 20:25:44 Step:1161} Server_Comm.py: Received a new packet while thinking!
{Wed 20:25:44 Step:1163} Server_Comm.py: Received a new packet while thinking!
{Wed 20:25:44 Step:1165} Server_Comm.py: The agent lost 1 packet! Is syncmode enabled?
{Wed 20:25:44 Step:1168} Server_Comm.py: The agent lost 1 packet! Is syncmode enabled?
{Wed 20:25:44 Step:1171} Server_Comm.py: The agent lost 1 packet! Is syncmode enabled?
{Wed 20:25:44 Step:1174} Server_Comm.py: The agent lost 1 packet! Is syncmode enabled?
{Wed 20:25:44 Step:1176} Server_Comm.py: Received a new packet while thinking!
{Wed 20:25:44 Step:1180} Server_Comm.py: The agent lost 1 packet! Is syncmode enabled?
{Wed 20:25:44 Step:1182} Server_Comm.py: Received a new packet while thinking!
{Wed 20:25:44 Step:1185} Server_Comm.py: Received a new packet while thinking!
{Wed 20:25:44 Step:1189} Server_Comm.py: The agent lost 1 packet! Is syncmode enabled?
{Wed 20:25:44 Step:1191} Server_Comm.py: Received a new packet while thinking!
{Wed 20:25:44 Step:1195} Server_Comm.py: The agent lost 1 packet! Is syncmode enabled?
{Wed 20:25:44 Step:1197} Server_Comm.py: Received a new packet while thinking!
{Wed 20:25:44 Step:1201} Server_Comm.py: The agent lost 1 packet! Is syncmode enabled?
{Wed 20:25:44 Step:1204} Server_Comm.py: The agent lost 1 packet! Is syncmode enabled?
{Wed 20:25:45 Step:1208} Server_Comm.py: Received a new packet while thinking!
{Wed 20:25:45 Step:1209} Server_Comm.py: Received a new packet while thinking!
{Wed 20:25:45 Step:1212} Server_Comm.py: Received a new packet while thinking!
{Wed 20:25:45 Step:1229} Server_Comm.py: The agent lost 1 packet! Is syncmode enabled?
{Wed 20:25:46 Step:1278} Server_Comm.py: Received a new packet while thinking!
{Wed 20:25:46 Step:1281} Server_Comm.py: Received a new packet while thinking!
{Wed 20:25:46 Step:1284} Server_Comm.py: Received a new packet while thinking!
{Wed 20:25:46 Step:1287} Server_Comm.py: Received a new packet while thinking!
{Wed 20:25:46 Step:1288} Server_Comm.py: Received a new packet while thinking!
{Wed 20:25:46 Step:1290} Server_Comm.py: The agent lost 1 packet! Is syncmode enabled?
{Wed 20:25:46 Step:1290} Server_Comm.py: Received a new packet while thinking!
{Wed 20:25:46 Step:1293} Server_Comm.py: The agent lost 1 packet! Is syncmode enabled?
{Wed 20:25:46 Step:1293} Server_Comm.py: Received a new packet while thinking!
{Wed 20:25:46 Step:1295} Server_Comm.py: Received a new packet while thinking!
{Wed 20:25:46 Step:1297} Server_Comm.py: The agent lost 1 packet! Is syncmode enabled?
{Wed 20:25:46 Step:1297} Server_Comm.py: Received a new packet while thinking!
{Wed 20:25:46 Step:1300} Server_Comm.py: The agent lost 2 consecutive packets! Is syncmode disabled?
{Wed 20:25:46 Step:1301} Server_Comm.py: Received a new packet while thinking!
{Wed 20:25:46 Step:1303} Server_Comm.py: The agent lost 1 packet! Is syncmode enabled?
{Wed 20:25:46 Step:1303} Server_Comm.py: Received a new packet while thinking!
{Wed 20:25:46 Step:1306} Server_Comm.py: The agent lost 2 consecutive packets! Is syncmode disabled?
{Wed 20:25:47 Step:1307} Server_Comm.py: Received a new packet while thinking!
{Wed 20:25:47 Step:1309} Server_Comm.py: The agent lost 1 packet! Is syncmode enabled?
{Wed 20:25:47 Step:1310} Server_Comm.py: Received a new packet while thinking!
{Wed 20:25:47 Step:1312} Server_Comm.py: The agent lost 1 packet! Is syncmode enabled?
{Wed 20:25:47 Step:1312} Server_Comm.py: Received a new packet while thinking!
{Wed 20:25:47 Step:1315} Server_Comm.py: The agent lost 2 consecutive packets! Is syncmode disabled?
{Wed 20:25:47 Step:1316} Server_Comm.py: Received a new packet while thinking!
{Wed 20:25:47 Step:1318} Server_Comm.py: The agent lost 1 packet! Is syncmode enabled?
{Wed 20:25:47 Step:1318} Server_Comm.py: Received a new packet while thinking!
{Wed 20:25:47 Step:1321} Server_Comm.py: The agent lost 2 consecutive packets! Is syncmode disabled?
{Wed 20:25:47 Step:1324} Server_Comm.py: The agent lost 1 packet! Is syncmode enabled?
{Wed 20:25:47 Step:1327} Server_Comm.py: The agent lost 1 packet! Is syncmode enabled?
{Wed 20:25:47 Step:1330} Server_Comm.py: The agent lost 1 packet! Is syncmode enabled?
{Wed 20:25:47 Step:1333} Server_Comm.py: The agent lost 1 packet! Is syncmode enabled?
{Wed 20:25:47 Step:1336} Server_Comm.py: Received a new packet while thinking!
{Wed 20:25:47 Step:1338} Server_Comm.py: The agent lost 1 packet! Is syncmode enabled?
{Wed 20:25:47 Step:1339} Server_Comm.py: Received a new packet while thinking!
{Wed 20:25:47 Step:1341} Server_Comm.py: The agent lost 1 packet! Is syncmode enabled?
{Wed 20:25:47 Step:1341} Server_Comm.py: Received a new packet while thinking!
{Wed 20:25:47 Step:1343} Server_Comm.py: The agent lost 1 packet! Is syncmode enabled?
{Wed 20:25:47 Step:1344} Server_Comm.py: Received a new packet while thinking!
{Wed 20:25:47 Step:1346} Server_Comm.py: The agent lost 1 packet! Is syncmode enabled?
{Wed 20:25:47 Step:1353} Server_Comm.py: Received a new packet while thinking!
{Wed 20:25:47 Step:1355} Server_Comm.py: The agent lost 1 packet! Is syncmode enabled?
{Wed 20:25:48 Step:1363} Server_Comm.py: The agent lost 1 packet! Is syncmode enabled?
{Wed 20:25:50 Step:1495} Server_Comm.py: Received a new packet while thinking!
{Wed 20:25:50 Step:1497} Server_Comm.py: The agent lost 1 packet! Is syncmode enabled?
{Wed 20:25:50 Step:1502} Server_Comm.py: Received a new packet while thinking!
{Wed 20:25:50 Step:1504} Server_Comm.py: The agent lost 1 packet! Is syncmode enabled?
{Wed 20:25:51 Step:1508} Server_Comm.py: Received a new packet while thinking!
{Wed 20:25:51 Step:1510} Server_Comm.py: The agent lost 1 packet! Is syncmode enabled?
{Wed 20:25:51 Step:1513} Server_Comm.py: Received a new packet while thinking!
{Wed 20:25:51 Step:1515} Server_Comm.py: The agent lost 1 packet! Is syncmode enabled?
