{Wed 20:25:21 Step:113} Server_Comm.py: The agent lost 1 packet! Is syncmode enabled?
{Wed 20:25:21 Step:118} Server_Comm.py: Received a new packet while thinking!
{Wed 20:25:21 Step:120} Server_Comm.py: Received a new packet while thinking!
{Wed 20:25:21 Step:123} Server_Comm.py: The agent lost 2 consecutive packets! Is syncmode disabled?
{Wed 20:25:21 Step:123} Server_Comm.py: Received a new packet while thinking!
{Wed 20:25:21 Step:124} Server_Comm.py: Received a new packet while thinking!
{Wed 20:25:21 Step:127} Server_Comm.py: The agent lost 2 consecutive packets! Is syncmode disabled?
{Wed 20:25:21 Step:128} Server_Comm.py: Received a new packet while thinking!
{Wed 20:25:22 Step:130} Server_Comm.py: The agent lost 1 packet! Is syncmode enabled?
{Wed 20:25:22 Step:130} Server_Comm.py: Received a new packet while thinking!
{Wed 20:25:22 Step:133} Server_Comm.py: The agent lost 2 consecutive packets! Is syncmode disabled?
{Wed 20:25:22 Step:133} Server_Comm.py: Received a new packet while thinking!
{Wed 20:25:22 Step:136} Server_Comm.py: The agent lost 2 consecutive packets! Is syncmode disabled?
{Wed 20:25:22 Step:136} Server_Comm.py: Received a new packet while thinking!
{Wed 20:25:22 Step:138} Server_Comm.py: The agent lost 1 packet! Is syncmode enabled?
{Wed 20:25:22 Step:138} Server_Comm.py: Received a new packet while thinking!
{Wed 20:25:22 Step:140} Server_Comm.py: The agent lost 1 packet! Is syncmode enabled?
{Wed 20:25:22 Step:140} Server_Comm.py: Received a new packet while thinking!
{Wed 20:25:22 Step:142} Server_Comm.py: The agent lost 1 packet! Is syncmode enabled?
{Wed 20:25:22 Step:142} Server_Comm.py: Received a new packet while thinking!
{Wed 20:25:22 Step:144} Server_Comm.py: The agent lost 1 packet! Is syncmode enabled?
{Wed 20:25:22 Step:144} Server_Comm.py: Received a new packet while thinking!
{Wed 20:25:22 Step:146} Server_Comm.py: The agent lost 1 packet! Is syncmode enabled?
{Wed 20:25:22 Step:146} Server_Comm.py: Received a new packet while thinking!
{Wed 20:25:22 Step:148} Server_Comm.py: The agent lost 1 packet! Is syncmode enabled?
{Wed 20:25:22 Step:148} Server_Comm.py: Received a new packet while thinking!
{Wed 20:25:22 Step:150} Server_Comm.py: The agent lost 1 packet! Is syncmode enabled?
{Wed 20:25:22 Step:150} Server_Comm.py: Received a new packet while thinking!
{Wed 20:25:22 Step:153} Server_Comm.py: The agent lost 2 consecutive packets! Is syncmode disabled?
{Wed 20:25:22 Step:153} Server_Comm.py: Received a new packet while thinking!
{Wed 20:25:22 Step:155} Server_Comm.py: The agent lost 1 packet! Is syncmode enabled?
{Wed 20:25:22 Step:155} Server_Comm.py: Received a new packet while thinking!
{Wed 20:25:22 Step:157} Server_Comm.py: The agent lost 1 packet! Is syncmode enabled?
{Wed 20:25:22 Step:157} Server_Comm.py: Received a new packet while thinking!
{Wed 20:25:22 Step:160} Server_Comm.py: The agent lost 2 consecutive packets! Is syncmode disabled?
{Wed 20:25:22 Step:160} Server_Comm.py: Received a new packet while thinking!
{Wed 20:25:22 Step:162} Server_Comm.py: The agent lost 1 packet! Is syncmode enabled?
{Wed 20:25:22 Step:162} Server_Comm.py: Received a new packet while thinking!
{Wed 20:25:22 Step:164} Server_Comm.py: The agent lost 1 packet! Is syncmode enabled?
{Wed 20:25:22 Step:164} Server_Comm.py: Received a new packet while thinking!
{Wed 20:25:22 Step:166} Server_Comm.py: The agent lost 1 packet! Is syncmode enabled?
{Wed 20:25:22 Step:166} Server_Comm.py: Received a new packet while thinking!
{Wed 20:25:22 Step:168} Server_Comm.py: The agent lost 1 packet! Is syncmode enabled?
{Wed 20:25:22 Step:168} Server_Comm.py: Received a new packet while thinking!
{Wed 20:25:22 Step:170} Server_Comm.py: The agent lost 1 packet! Is syncmode enabled?
{Wed 20:25:22 Step:170} Server_Comm.py: Received a new packet while thinking!
{Wed 20:25:22 Step:172} Server_Comm.py: The agent lost 1 packet! Is syncmode enabled?
{Wed 20:25:22 Step:172} Server_Comm.py: Received a new packet while thinking!
{Wed 20:25:22 Step:174} Server_Comm.py: The agent lost 1 packet! Is syncmode enabled?
{Wed 20:25:22 Step:174} Server_Comm.py: Received a new packet while thinking!
{Wed 20:25:22 Step:176} Server_Comm.py: The agent lost 1 packet! Is syncmode enabled?
{Wed 20:25:22 Step:176} Server_Comm.py: Received a new packet while thinking!
{Wed 20:25:22 Step:177} Server_Comm.py: Received a new packet while thinking!
{Wed 20:25:22 Step:179} Server_Comm.py: The agent lost 1 packet! Is syncmode enabled?
{Wed 20:25:22 Step:179} Server_Comm.py: Received a new packet while thinking!
{Wed 20:25:23 Step:181} Server_Comm.py: The agent lost 1 packet! Is syncmode enabled?
{Wed 20:25:23 Step:181} Server_Comm.py: Received a new packet while thinking!
{Wed 20:25:23 Step:183} Server_Comm.py: The agent lost 1 packet! Is syncmode enabled?
{Wed 20:25:23 Step:183} Server_Comm.py: Received a new packet while thinking!
{Wed 20:25:23 Step:185} Server_Comm.py: The agent lost 1 packet! Is syncmode enabled?
{Wed 20:25:23 Step:185} Server_Comm.py: Received a new packet while thinking!
{Wed 20:25:23 Step:187} Server_Comm.py: The agent lost 1 packet! Is syncmode enabled?
{Wed 20:25:23 Step:187} Server_Comm.py: Received a new packet while thinking!
{Wed 20:25:23 Step:188} Server_Comm.py: Received a new packet while thinking!
{Wed 20:25:23 Step:190} Server_Comm.py: The agent lost 1 packet! Is syncmode enabled?
{Wed 20:25:23 Step:190} Server_Comm.py: Received a new packet while thinking!
{Wed 20:25:23 Step:191} Server_Comm.py: Received a new packet while thinking!
{Wed 20:25:23 Step:193} Server_Comm.py: The agent lost 1 packet! Is syncmode enabled?
{Wed 20:25:23 Step:193} Server_Comm.py: Received a new packet while thinking!
{Wed 20:25:23 Step:194} Server_Comm.py: Received a new packet while thinking!
{Wed 20:25:23 Step:196} Server_Comm.py: The agent lost 1 packet! Is syncmode enabled?
{Wed 20:25:23 Step:196} Server_Comm.py: Received a new packet while thinking!
{Wed 20:25:23 Step:197} Server_Comm.py: Received a new packet while thinking!
{Wed 20:25:23 Step:199} Server_Comm.py: The agent lost 1 packet! Is syncmode enabled?
{Wed 20:25:23 Step:199} Server_Comm.py: Received a new packet while thinking!
{Wed 20:25:23 Step:200} Server_Comm.py: Received a new packet while thinking!
{Wed 20:25:23 Step:202} Server_Comm.py: The agent lost 1 packet! Is syncmode enabled?
{Wed 20:25:23 Step:202} Server_Comm.py: Received a new packet while thinking!
{Wed 20:25:23 Step:204} Server_Comm.py: The agent lost 1 packet! Is syncmode enabled?
{Wed 20:25:23 Step:204} Server_Comm.py: Received a new packet while thinking!
{Wed 20:25:23 Step:205} Server_Comm.py: Received a new packet while thinking!
{Wed 20:25:23 Step:207} Server_Comm.py: The agent lost 1 packet! Is syncmode enabled?
{Wed 20:25:23 Step:207} Server_Comm.py: Received a new packet while thinking!
{Wed 20:25:23 Step:209} Server_Comm.py: The agent lost 1 packet! Is syncmode enabled?
{Wed 20:25:23 Step:209} Server_Comm.py: Received a new packet while thinking!
{Wed 20:25:23 Step:211} Server_Comm.py: The agent lost 1 packet! Is syncmode enabled?
{Wed 20:25:23 Step:211} Server_Comm.py: Received a new packet while thinking!
{Wed 20:25:23 Step:213} Server_Comm.py: The agent lost 1 packet! Is syncmode enabled?
{Wed 20:25:23 Step:213} Server_Comm.py: Received a new packet while thinking!
{Wed 20:25:23 Step:215} Server_Comm.py: The agent lost 1 packet! Is syncmode enabled?
{Wed 20:25:23 Step:215} Server_Comm.py: Received a new packet while thinking!
{Wed 20:25:23 Step:217} Server_Comm.py: The agent lost 1 packet! Is syncmode enabled?
{Wed 20:25:23 Step:217} Server_Comm.py: Received a new packet while thinking!
{Wed 20:25:23 Step:219} Server_Comm.py: The agent lost 1 packet! Is syncmode enabled?
{Wed 20:25:23 Step:219} Server_Comm.py: Received a new packet while thinking!
{Wed 20:25:23 Step:221} Server_Comm.py: The agent lost 1 packet! Is syncmode enabled?
{Wed 20:25:23 Step:221} Server_Comm.py: Received a new packet while thinking!
{Wed 20:25:23 Step:223} Server_Comm.py: The agent lost 1 packet! Is syncmode enabled?
{Wed 20:25:23 Step:223} Server_Comm.py: Received a new packet while thinking!
{Wed 20:25:23 Step:225} Server_Comm.py: The agent lost 1 packet! Is syncmode enabled?
{Wed 20:25:23 Step:225} Server_Comm.py: Received a new packet while thinking!
{Wed 20:25:23 Step:227} Server_Comm.py: The agent lost 1 packet! Is syncmode enabled?
{Wed 20:25:23 Step:227} Server_Comm.py: Received a new packet while thinking!
{Wed 20:25:23 Step:229} Server_Comm.py: The agent lost 1 packet! Is syncmode enabled?
{Wed 20:25:23 Step:229} Server_Comm.py: Received a new packet while thinking!
{Wed 20:25:24 Step:230} Server_Comm.py: Received a new packet while thinking!
{Wed 20:25:24 Step:232} Server_Comm.py: The agent lost 1 packet! Is syncmode enabled?
{Wed 20:25:24 Step:232} Server_Comm.py: Received a new packet while thinking!
{Wed 20:25:24 Step:233} Server_Comm.py: Received a new packet while thinking!
{Wed 20:25:24 Step:235} Server_Comm.py: The agent lost 1 packet! Is syncmode enabled?
{Wed 20:25:24 Step:235} Server_Comm.py: Received a new packet while thinking!
{Wed 20:25:24 Step:237} Server_Comm.py: The agent lost 1 packet! Is syncmode enabled?
{Wed 20:25:24 Step:237} Server_Comm.py: Received a new packet while thinking!
{Wed 20:25:24 Step:239} Server_Comm.py: The agent lost 1 packet! Is syncmode enabled?
{Wed 20:25:24 Step:239} Server_Comm.py: Received a new packet while thinking!
{Wed 20:25:24 Step:240} Server_Comm.py: Received a new packet while thinking!
{Wed 20:25:24 Step:242} Server_Comm.py: The agent lost 1 packet! Is syncmode enabled?
{Wed 20:25:24 Step:242} Server_Comm.py: Received a new packet while thinking!
{Wed 20:25:24 Step:244} Server_Comm.py: The agent lost 1 packet! Is syncmode enabled?
{Wed 20:25:24 Step:244} Server_Comm.py: Received a new packet while thinking!
{Wed 20:25:24 Step:245} Server_Comm.py: Received a new packet while thinking!
{Wed 20:25:24 Step:247} Server_Comm.py: The agent lost 1 packet! Is syncmode enabled?
{Wed 20:25:24 Step:247} Server_Comm.py: Received a new packet while thinking!
{Wed 20:25:24 Step:248} Server_Comm.py: Received a new packet while thinking!
{Wed 20:25:24 Step:250} Server_Comm.py: The agent lost 1 packet! Is syncmode enabled?
{Wed 20:25:24 Step:250} Server_Comm.py: Received a new packet while thinking!
{Wed 20:25:24 Step:251} Server_Comm.py: Received a new packet while thinking!
{Wed 20:25:24 Step:253} Server_Comm.py: The agent lost 1 packet! Is syncmode enabled?
{Wed 20:25:24 Step:253} Server_Comm.py: Received a new packet while thinking!
{Wed 20:25:24 Step:254} Server_Comm.py: Received a new packet while thinking!
{Wed 20:25:24 Step:256} Server_Comm.py: The agent lost 1 packet! Is syncmode enabled?
{Wed 20:25:24 Step:256} Server_Comm.py: Received a new packet while thinking!
{Wed 20:25:24 Step:258} Server_Comm.py: The agent lost 1 packet! Is syncmode enabled?
{Wed 20:25:24 Step:258} Server_Comm.py: Received a new packet while thinking!
{Wed 20:25:24 Step:260} Server_Comm.py: The agent lost 1 packet! Is syncmode enabled?
{Wed 20:25:24 Step:260} Server_Comm.py: Received a new packet while thinking!
{Wed 20:25:24 Step:261} Server_Comm.py: Received a new packet while thinking!
{Wed 20:25:24 Step:263} Server_Comm.py: The agent lost 1 packet! Is syncmode enabled?
{Wed 20:25:24 Step:263} Server_Comm.py: Received a new packet while thinking!
{Wed 20:25:24 Step:264} Server_Comm.py: Received a new packet while thinking!
{Wed 20:25:24 Step:266} Server_Comm.py: The agent lost 1 packet! Is syncmode enabled?
{Wed 20:25:24 Step:266} Server_Comm.py: Received a new packet while thinking!
{Wed 20:25:24 Step:267} Server_Comm.py: Received a new packet while thinking!
{Wed 20:25:24 Step:269} Server_Comm.py: The agent lost 1 packet! Is syncmode enabled?
{Wed 20:25:24 Step:269} Server_Comm.py: Received a new packet while thinking!
{Wed 20:25:24 Step:271} Server_Comm.py: The agent lost 1 packet! Is syncmode enabled?
{Wed 20:25:24 Step:271} Server_Comm.py: Received a new packet while thinking!
{Wed 20:25:24 Step:273} Server_Comm.py: The agent lost 1 packet! Is syncmode enabled?
{Wed 20:25:24 Step:273} Server_Comm.py: Received a new packet while thinking!
{Wed 20:25:24 Step:275} Server_Comm.py: The agent lost 1 packet! Is syncmode enabled?
{Wed 20:25:24 Step:275} Server_Comm.py: Received a new packet while thinking!
{Wed 20:25:24 Step:277} Server_Comm.py: The agent lost 1 packet! Is syncmode enabled?
{Wed 20:25:24 Step:277} Server_Comm.py: Received a new packet while thinking!
{Wed 20:25:24 Step:279} Server_Comm.py: The agent lost 1 packet! Is syncmode enabled?
{Wed 20:25:25 Step:279} Server_Comm.py: Received a new packet while thinking!
{Wed 20:25:25 Step:281} Server_Comm.py: The agent lost 1 packet! Is syncmode enabled?
{Wed 20:25:25 Step:281} Server_Comm.py: Received a new packet while thinking!
{Wed 20:25:25 Step:283} Server_Comm.py: The agent lost 1 packet! Is syncmode enabled?
{Wed 20:25:25 Step:283} Server_Comm.py: Received a new packet while thinking!
{Wed 20:25:25 Step:284} Server_Comm.py: Received a new packet while thinking!
{Wed 20:25:25 Step:286} Server_Comm.py: The agent lost 1 packet! Is syncmode enabled?
{Wed 20:25:25 Step:286} Server_Comm.py: Received a new packet while thinking!
{Wed 20:25:25 Step:288} Server_Comm.py: The agent lost 1 packet! Is syncmode enabled?
{Wed 20:25:25 Step:288} Server_Comm.py: Received a new packet while thinking!
{Wed 20:25:25 Step:290} Server_Comm.py: The agent lost 1 packet! Is syncmode enabled?
{Wed 20:25:25 Step:290} Server_Comm.py: Received a new packet while thinking!
{Wed 20:25:25 Step:291} Server_Comm.py: Received a new packet while thinking!
{Wed 20:25:25 Step:293} Server_Comm.py: The agent lost 1 packet! Is syncmode enabled?
{Wed 20:25:25 Step:293} Server_Comm.py: Received a new packet while thinking!
{Wed 20:25:25 Step:295} Server_Comm.py: The agent lost 1 packet! Is syncmode enabled?
{Wed 20:25:25 Step:295} Server_Comm.py: Received a new packet while thinking!
{Wed 20:25:25 Step:297} Server_Comm.py: The agent lost 1 packet! Is syncmode enabled?
{Wed 20:25:25 Step:297} Server_Comm.py: Received a new packet while thinking!
{Wed 20:25:25 Step:299} Server_Comm.py: The agent lost 1 packet! Is syncmode enabled?
{Wed 20:25:25 Step:299} Server_Comm.py: Received a new packet while thinking!
{Wed 20:25:25 Step:300} Server_Comm.py: Received a new packet while thinking!
{Wed 20:25:25 Step:302} Server_Comm.py: The agent lost 1 packet! Is syncmode enabled?
{Wed 20:25:25 Step:302} Server_Comm.py: Received a new packet while thinking!
{Wed 20:25:25 Step:304} Server_Comm.py: The agent lost 1 packet! Is syncmode enabled?
{Wed 20:25:25 Step:304} Server_Comm.py: Received a new packet while thinking!
{Wed 20:25:25 Step:305} Server_Comm.py: Received a new packet while thinking!
{Wed 20:25:25 Step:307} Server_Comm.py: The agent lost 1 packet! Is syncmode enabled?
{Wed 20:25:25 Step:307} Server_Comm.py: Received a new packet while thinking!
{Wed 20:25:25 Step:309} Server_Comm.py: The agent lost 1 packet! Is syncmode enabled?
{Wed 20:25:25 Step:309} Server_Comm.py: Received a new packet while thinking!
{Wed 20:25:25 Step:311} Server_Comm.py: The agent lost 1 packet! Is syncmode enabled?
{Wed 20:25:25 Step:311} Server_Comm.py: Received a new packet while thinking!
{Wed 20:25:25 Step:313} Server_Comm.py: The agent lost 1 packet! Is syncmode enabled?
{Wed 20:25:25 Step:313} Server_Comm.py: Received a new packet while thinking!
{Wed 20:25:25 Step:314} Server_Comm.py: Received a new packet while thinking!
{Wed 20:25:25 Step:316} Server_Comm.py: The agent lost 1 packet! Is syncmode enabled?
{Wed 20:25:25 Step:316} Server_Comm.py: Received a new packet while thinking!
{Wed 20:25:25 Step:318} Server_Comm.py: The agent lost 1 packet! Is syncmode enabled?
{Wed 20:25:25 Step:318} Server_Comm.py: Received a new packet while thinking!
{Wed 20:25:25 Step:320} Server_Comm.py: The agent lost 1 packet! Is syncmode enabled?
{Wed 20:25:25 Step:320} Server_Comm.py: Received a new packet while thinking!
{Wed 20:25:25 Step:322} Server_Comm.py: The agent lost 1 packet! Is syncmode enabled?
{Wed 20:25:25 Step:322} Server_Comm.py: Received a new packet while thinking!
{Wed 20:25:25 Step:324} Server_Comm.py: The agent lost 1 packet! Is syncmode enabled?
{Wed 20:25:25 Step:324} Server_Comm.py: Received a new packet while thinking!
{Wed 20:25:25 Step:326} Server_Comm.py: The agent lost 1 packet! Is syncmode enabled?
{Wed 20:25:25 Step:326} Server_Comm.py: Received a new packet while thinking!
{Wed 20:25:25 Step:327} Server_Comm.py: Received a new packet while thinking!
{Wed 20:25:25 Step:329} Server_Comm.py: The agent lost 1 packet! Is syncmode enabled?
{Wed 20:25:25 Step:329} Server_Comm.py: Received a new packet while thinking!
{Wed 20:25:26 Step:330} Server_Comm.py: Received a new packet while thinking!
{Wed 20:25:26 Step:332} Server_Comm.py: The agent lost 1 packet! Is syncmode enabled?
{Wed 20:25:26 Step:332} Server_Comm.py: Received a new packet while thinking!
{Wed 20:25:26 Step:334} Server_Comm.py: The agent lost 1 packet! Is syncmode enabled?
{Wed 20:25:26 Step:334} Server_Comm.py: Received a new packet while thinking!
{Wed 20:25:26 Step:337} Server_Comm.py: The agent lost 2 consecutive packets! Is syncmode disabled?
{Wed 20:25:26 Step:337} Server_Comm.py: Received a new packet while thinking!
{Wed 20:25:26 Step:339} Server_Comm.py: The agent lost 1 packet! Is syncmode enabled?
{Wed 20:25:26 Step:339} Server_Comm.py: Received a new packet while thinking!
{Wed 20:25:26 Step:342} Server_Comm.py: The agent lost 2 consecutive packets! Is syncmode disabled?
{Wed 20:25:26 Step:342} Server_Comm.py: Received a new packet while thinking!
{Wed 20:25:26 Step:344} Server_Comm.py: The agent lost 1 packet! Is syncmode enabled?
{Wed 20:25:26 Step:344} Server_Comm.py: Received a new packet while thinking!
{Wed 20:25:26 Step:346} Server_Comm.py: The agent lost 1 packet! Is syncmode enabled?
{Wed 20:25:26 Step:346} Server_Comm.py: Received a new packet while thinking!
{Wed 20:25:26 Step:348} Server_Comm.py: The agent lost 1 packet! Is syncmode enabled?
{Wed 20:25:26 Step:348} Server_Comm.py: Received a new packet while thinking!
{Wed 20:25:26 Step:351} Server_Comm.py: The agent lost 2 consecutive packets! Is syncmode disabled?
{Wed 20:25:26 Step:351} Server_Comm.py: Received a new packet while thinking!
{Wed 20:25:26 Step:353} Server_Comm.py: The agent lost 1 packet! Is syncmode enabled?
{Wed 20:25:26 Step:353} Server_Comm.py: Received a new packet while thinking!
{Wed 20:25:26 Step:355} Server_Comm.py: The agent lost 1 packet! Is syncmode enabled?
{Wed 20:25:26 Step:355} Server_Comm.py: Received a new packet while thinking!
{Wed 20:25:26 Step:357} Server_Comm.py: The agent lost 1 packet! Is syncmode enabled?
{Wed 20:25:26 Step:357} Server_Comm.py: Received a new packet while thinking!
{Wed 20:25:26 Step:360} Server_Comm.py: The agent lost 2 consecutive packets! Is syncmode disabled?
{Wed 20:25:26 Step:360} Server_Comm.py: Received a new packet while thinking!
{Wed 20:25:26 Step:362} Server_Comm.py: The agent lost 1 packet! Is syncmode enabled?
{Wed 20:25:26 Step:362} Server_Comm.py: Received a new packet while thinking!
{Wed 20:25:26 Step:364} Server_Comm.py: The agent lost 1 packet! Is syncmode enabled?
{Wed 20:25:26 Step:364} Server_Comm.py: Received a new packet while thinking!
{Wed 20:25:26 Step:366} Server_Comm.py: The agent lost 1 packet! Is syncmode enabled?
{Wed 20:25:26 Step:366} Server_Comm.py: Received a new packet while thinking!
{Wed 20:25:26 Step:368} Server_Comm.py: The agent lost 1 packet! Is syncmode enabled?
{Wed 20:25:26 Step:368} Server_Comm.py: Received a new packet while thinking!
{Wed 20:25:26 Step:370} Server_Comm.py: The agent lost 1 packet! Is syncmode enabled?
{Wed 20:25:26 Step:370} Server_Comm.py: Received a new packet while thinking!
{Wed 20:25:26 Step:372} Server_Comm.py: The agent lost 1 packet! Is syncmode enabled?
{Wed 20:25:26 Step:372} Server_Comm.py: Received a new packet while thinking!
{Wed 20:25:26 Step:374} Server_Comm.py: The agent lost 1 packet! Is syncmode enabled?
{Wed 20:25:26 Step:374} Server_Comm.py: Received a new packet while thinking!
{Wed 20:25:26 Step:376} Server_Comm.py: The agent lost 1 packet! Is syncmode enabled?
{Wed 20:25:26 Step:376} Server_Comm.py: Received a new packet while thinking!
{Wed 20:25:26 Step:378} Server_Comm.py: The agent lost 1 packet! Is syncmode enabled?
{Wed 20:25:26 Step:378} Server_Comm.py: Received a new packet while thinking!
{Wed 20:25:27 Step:380} Server_Comm.py: The agent lost 1 packet! Is syncmode enabled?
{Wed 20:25:27 Step:380} Server_Comm.py: Received a new packet while thinking!
{Wed 20:25:27 Step:382} Server_Comm.py: The agent lost 1 packet! Is syncmode enabled?
{Wed 20:25:27 Step:382} Server_Comm.py: Received a new packet while thinking!
{Wed 20:25:27 Step:383} Server_Comm.py: Received a new packet while thinking!
{Wed 20:25:27 Step:385} Server_Comm.py: The agent lost 1 packet! Is syncmode enabled?
{Wed 20:25:27 Step:385} Server_Comm.py: Received a new packet while thinking!
{Wed 20:25:27 Step:387} Server_Comm.py: The agent lost 1 packet! Is syncmode enabled?
{Wed 20:25:27 Step:387} Server_Comm.py: Received a new packet while thinking!
{Wed 20:25:27 Step:389} Server_Comm.py: The agent lost 1 packet! Is syncmode enabled?
{Wed 20:25:27 Step:389} Server_Comm.py: Received a new packet while thinking!
{Wed 20:25:27 Step:391} Server_Comm.py: The agent lost 1 packet! Is syncmode enabled?
{Wed 20:25:27 Step:391} Server_Comm.py: Received a new packet while thinking!
{Wed 20:25:27 Step:392} Server_Comm.py: Received a new packet while thinking!
{Wed 20:25:27 Step:394} Server_Comm.py: The agent lost 1 packet! Is syncmode enabled?
{Wed 20:25:27 Step:396} Server_Comm.py: Received a new packet while thinking!
{Wed 20:25:27 Step:399} Server_Comm.py: The agent lost 1 packet! Is syncmode enabled?
{Wed 20:25:27 Step:399} Server_Comm.py: Received a new packet while thinking!
{Wed 20:25:27 Step:400} Server_Comm.py: Received a new packet while thinking!
{Wed 20:25:27 Step:402} Server_Comm.py: The agent lost 1 packet! Is syncmode enabled?
{Wed 20:25:27 Step:402} Server_Comm.py: Received a new packet while thinking!
{Wed 20:25:27 Step:404} Server_Comm.py: Received a new packet while thinking!
{Wed 20:25:27 Step:406} Server_Comm.py: The agent lost 1 packet! Is syncmode enabled?
{Wed 20:25:27 Step:407} Server_Comm.py: Received a new packet while thinking!
{Wed 20:25:27 Step:409} Server_Comm.py: The agent lost 1 packet! Is syncmode enabled?
{Wed 20:25:27 Step:411} Server_Comm.py: Received a new packet while thinking!
{Wed 20:25:27 Step:413} Server_Comm.py: The agent lost 1 packet! Is syncmode enabled?
{Wed 20:25:27 Step:421} Server_Comm.py: Received a new packet while thinking!
{Wed 20:25:27 Step:423} Server_Comm.py: The agent lost 1 packet! Is syncmode enabled?
{Wed 20:25:28 Step:435} Server_Comm.py: Received a new packet while thinking!
{Wed 20:25:28 Step:437} Server_Comm.py: The agent lost 1 packet! Is syncmode enabled?
{Wed 20:25:28 Step:451} Server_Comm.py: Received a new packet while thinking!
{Wed 20:25:28 Step:453} Server_Comm.py: The agent lost 1 packet! Is syncmode enabled?
{Wed 20:25:29 Step:492} Server_Comm.py: The agent lost 1 packet! Is syncmode enabled?
{Wed 20:25:29 Step:497} Server_Comm.py: Received a new packet while thinking!
{Wed 20:25:29 Step:499} Server_Comm.py: The agent lost 1 packet! Is syncmode enabled?
{Wed 20:25:29 Step:501} Server_Comm.py: Received a new packet while thinking!
{Wed 20:25:29 Step:503} Server_Comm.py: Received a new packet while thinking!
{Wed 20:25:29 Step:505} Server_Comm.py: The agent lost 1 packet! Is syncmode enabled?
{Wed 20:25:29 Step:508} Server_Comm.py: The agent lost 1 packet! Is syncmode enabled?
{Wed 20:25:29 Step:511} Server_Comm.py: The agent lost 1 packet! Is syncmode enabled?
{Wed 20:25:29 Step:512} Server_Comm.py: Received a new packet while thinking!
{Wed 20:25:29 Step:514} Server_Comm.py: The agent lost 1 packet! Is syncmode enabled?
{Wed 20:25:29 Step:516} Server_Comm.py: The agent lost 1 packet! Is syncmode enabled?
{Wed 20:25:29 Step:516} Server_Comm.py: Received a new packet while thinking!
{Wed 20:25:29 Step:517} Server_Comm.py: Received a new packet while thinking!
{Wed 20:25:29 Step:519} Server_Comm.py: The agent lost 1 packet! Is syncmode enabled?
{Wed 20:25:29 Step:519} Server_Comm.py: Received a new packet while thinking!
{Wed 20:25:29 Step:520} Server_Comm.py: Received a new packet while thinking!
{Wed 20:25:29 Step:523} Server_Comm.py: The agent lost 2 consecutive packets! Is syncmode disabled?
{Wed 20:25:29 Step:525} Server_Comm.py: Received a new packet while thinking!
{Wed 20:25:29 Step:526} Server_Comm.py: Received a new packet while thinking!
{Wed 20:25:29 Step:529} Server_Comm.py: The agent lost 2 consecutive packets! Is syncmode disabled?
{Wed 20:25:30 Step:532} Server_Comm.py: The agent lost 1 packet! Is syncmode enabled?
{Wed 20:25:30 Step:534} Server_Comm.py: Received a new packet while thinking!
{Wed 20:25:30 Step:537} Server_Comm.py: The agent lost 1 packet! Is syncmode enabled?
{Wed 20:25:30 Step:537} Server_Comm.py: Received a new packet while thinking!
{Wed 20:25:30 Step:539} Server_Comm.py: Received a new packet while thinking!
{Wed 20:25:30 Step:541} Server_Comm.py: The agent lost 1 packet! Is syncmode enabled?
{Wed 20:25:30 Step:544} Server_Comm.py: The agent lost 1 packet! Is syncmode enabled?
{Wed 20:25:30 Step:546} Server_Comm.py: Received a new packet while thinking!
{Wed 20:25:30 Step:550} Server_Comm.py: The agent lost 1 packet! Is syncmode enabled?
{Wed 20:25:30 Step:552} Server_Comm.py: Received a new packet while thinking!
{Wed 20:25:30 Step:555} Server_Comm.py: Received a new packet while thinking!
{Wed 20:25:30 Step:558} Server_Comm.py: Received a new packet while thinking!
{Wed 20:25:30 Step:562} Server_Comm.py: The agent lost 1 packet! Is syncmode enabled?
{Wed 20:25:30 Step:564} Server_Comm.py: Received a new packet while thinking!
{Wed 20:25:30 Step:568} Server_Comm.py: The agent lost 1 packet! Is syncmode enabled?
{Wed 20:25:30 Step:570} Server_Comm.py: Received a new packet while thinking!
{Wed 20:25:30 Step:574} Server_Comm.py: The agent lost 1 packet! Is syncmode enabled?
{Wed 20:25:30 Step:576} Server_Comm.py: Received a new packet while thinking!
{Wed 20:25:31 Step:579} Server_Comm.py: Received a new packet while thinking!
{Wed 20:25:31 Step:582} Server_Comm.py: Received a new packet while thinking!
{Wed 20:25:31 Step:585} Server_Comm.py: Received a new packet while thinking!
{Wed 20:25:31 Step:588} Server_Comm.py: Received a new packet while thinking!
{Wed 20:25:31 Step:591} Server_Comm.py: Received a new packet while thinking!
{Wed 20:25:32 Step:594} Server_Comm.py: Received a new packet while thinking!
{Wed 20:25:32 Step:597} Server_Comm.py: Received a new packet while thinking!
{Wed 20:25:32 Step:600} Server_Comm.py: Received a new packet while thinking!
{Wed 20:25:32 Step:603} Server_Comm.py: Received a new packet while thinking!
{Wed 20:25:32 Step:606} Server_Comm.py: Received a new packet while thinking!
{Wed 20:25:32 Step:612} Server_Comm.py: Received a new packet while thinking!
{Wed 20:25:32 Step:618} Server_Comm.py: Received a new packet while thinking!
{Wed 20:25:32 Step:622} Server_Comm.py: Received a new packet while thinking!
{Wed 20:25:32 Step:624} Server_Comm.py: Received a new packet while thinking!
{Wed 20:25:33 Step:627} Server_Comm.py: Received a new packet while thinking!
{Wed 20:25:33 Step:630} Server_Comm.py: Received a new packet while thinking!
{Wed 20:25:33 Step:634} Server_Comm.py: The agent lost 1 packet! Is syncmode enabled?
{Wed 20:25:33 Step:636} Server_Comm.py: Received a new packet while thinking!
{Wed 20:25:33 Step:639} Server_Comm.py: Received a new packet while thinking!
{Wed 20:25:33 Step:642} Server_Comm.py: Received a new packet while thinking!
{Wed 20:25:33 Step:645} Server_Comm.py: Received a new packet while thinking!
{Wed 20:25:33 Step:648} Server_Comm.py: Received a new packet while thinking!
{Wed 20:25:33 Step:651} Server_Comm.py: Received a new packet while thinking!
{Wed 20:25:33 Step:653} Server_Comm.py: Received a new packet while thinking!
{Wed 20:25:33 Step:655} Server_Comm.py: The agent lost 1 packet! Is syncmode enabled?
{Wed 20:25:33 Step:657} Server_Comm.py: Received a new packet while thinking!
{Wed 20:25:33 Step:661} Server_Comm.py: The agent lost 1 packet! Is syncmode enabled?
{Wed 20:25:33 Step:663} Server_Comm.py: Received a new packet while thinking!
{Wed 20:25:33 Step:665} Server_Comm.py: Received a new packet while thinking!
{Wed 20:25:33 Step:667} Server_Comm.py: The agent lost 1 packet! Is syncmode enabled?
{Wed 20:25:33 Step:668} Server_Comm.py: Received a new packet while thinking!
{Wed 20:25:33 Step:670} Server_Comm.py: The agent lost 1 packet! Is syncmode enabled?
{Wed 20:25:33 Step:671} Server_Comm.py: Received a new packet while thinking!
{Wed 20:25:33 Step:673} Server_Comm.py: The agent lost 1 packet! Is syncmode enabled?
{Wed 20:25:34 Step:675} Server_Comm.py: The agent lost 1 packet! Is syncmode enabled?
{Wed 20:25:34 Step:675} Server_Comm.py: Received a new packet while thinking!
{Wed 20:25:34 Step:676} Server_Comm.py: Received a new packet while thinking!
{Wed 20:25:34 Step:678} Server_Comm.py: The agent lost 1 packet! Is syncmode enabled?
{Wed 20:25:34 Step:678} Server_Comm.py: Received a new packet while on world.update()!
{Wed 20:25:34 Step:682} Server_Comm.py: The agent lost 1 packet! Is syncmode enabled?
{Wed 20:25:34 Step:685} Server_Comm.py: The agent lost 1 packet! Is syncmode enabled?
{Wed 20:25:34 Step:687} Server_Comm.py: Received a new packet while on world.update()!
{Wed 20:25:34 Step:690} Server_Comm.py: Received a new packet while thinking!
{Wed 20:25:34 Step:691} Server_Comm.py: Received a new packet while thinking!
{Wed 20:25:34 Step:693} Server_Comm.py: The agent lost 1 packet! Is syncmode enabled?
{Wed 20:25:34 Step:693} Server_Comm.py: Received a new packet while thinking!
{Wed 20:25:34 Step:695} Server_Comm.py: The agent lost 1 packet! Is syncmode enabled?
{Wed 20:25:34 Step:695} Server_Comm.py: Received a new packet while thinking!
{Wed 20:25:34 Step:696} Server_Comm.py: Received a new packet while thinking!
{Wed 20:25:34 Step:698} Server_Comm.py: The agent lost 1 packet! Is syncmode enabled?
{Wed 20:25:34 Step:698} Server_Comm.py: Received a new packet while thinking!
{Wed 20:25:34 Step:700} Server_Comm.py: The agent lost 1 packet! Is syncmode enabled?
{Wed 20:25:34 Step:706} Server_Comm.py: The agent lost 2 consecutive packets! Is syncmode disabled?
{Wed 20:25:34 Step:708} Server_Comm.py: Received a new packet while thinking!
{Wed 20:25:34 Step:709} Server_Comm.py: Received a new packet while thinking!
{Wed 20:25:34 Step:711} Server_Comm.py: The agent lost 1 packet! Is syncmode enabled?
{Wed 20:25:34 Step:711} Server_Comm.py: Received a new packet while thinking!
{Wed 20:25:34 Step:713} Server_Comm.py: The agent lost 1 packet! Is syncmode enabled?
{Wed 20:25:34 Step:714} Server_Comm.py: Received a new packet while thinking!
{Wed 20:25:34 Step:716} Server_Comm.py: Received a new packet while thinking!
{Wed 20:25:34 Step:718} Server_Comm.py: The agent lost 1 packet! Is syncmode enabled?
{Wed 20:25:34 Step:719} Server_Comm.py: Received a new packet while thinking!
{Wed 20:25:34 Step:721} Server_Comm.py: The agent lost 1 packet! Is syncmode enabled?
{Wed 20:25:34 Step:724} Server_Comm.py: The agent lost 1 packet! Is syncmode enabled?
{Wed 20:25:35 Step:729} Server_Comm.py: The agent lost 1 packet! Is syncmode enabled?
{Wed 20:25:35 Step:730} Server_Comm.py: Received a new packet while thinking!
{Wed 20:25:35 Step:732} Server_Comm.py: The agent lost 1 packet! Is syncmode enabled?
{Wed 20:25:35 Step:735} Server_Comm.py: Received a new packet while thinking!
{Wed 20:25:35 Step:737} Server_Comm.py: The agent lost 1 packet! Is syncmode enabled?
{Wed 20:25:35 Step:741} Server_Comm.py: Received a new packet while thinking!
{Wed 20:25:35 Step:743} Server_Comm.py: The agent lost 1 packet! Is syncmode enabled?
{Wed 20:25:35 Step:747} Server_Comm.py: Received a new packet while thinking!
{Wed 20:25:35 Step:749} Server_Comm.py: The agent lost 1 packet! Is syncmode enabled?
{Wed 20:25:35 Step:757} Server_Comm.py: Received a new packet while thinking!
{Wed 20:25:35 Step:759} Server_Comm.py: The agent lost 1 packet! Is syncmode enabled?
{Wed 20:25:37 Step:833} Server_Comm.py: Received a new packet while thinking!
{Wed 20:25:37 Step:835} Server_Comm.py: The agent lost 1 packet! Is syncmode enabled?
{Wed 20:25:37 Step:864} Server_Comm.py: Received a new packet while thinking!
{Wed 20:25:37 Step:866} Server_Comm.py: The agent lost 1 packet! Is syncmode enabled?
{Wed 20:25:37 Step:869} Server_Comm.py: Received a new packet while thinking!
{Wed 20:25:37 Step:871} Server_Comm.py: The agent lost 1 packet! Is syncmode enabled?
{Wed 20:25:38 Step:875} Server_Comm.py: Received a new packet while thinking!
{Wed 20:25:38 Step:877} Server_Comm.py: The agent lost 1 packet! Is syncmode enabled?
{Wed 20:25:38 Step:879} Server_Comm.py: Received a new packet while thinking!
{Wed 20:25:38 Step:881} Server_Comm.py: The agent lost 1 packet! Is syncmode enabled?
{Wed 20:25:38 Step:881} Server_Comm.py: Received a new packet while thinking!
{Wed 20:25:38 Step:883} Server_Comm.py: The agent lost 1 packet! Is syncmode enabled?
{Wed 20:25:38 Step:884} Server_Comm.py: Received a new packet while thinking!
{Wed 20:25:38 Step:886} Server_Comm.py: The agent lost 1 packet! Is syncmode enabled?
{Wed 20:25:38 Step:886} Server_Comm.py: Received a new packet while thinking!
{Wed 20:25:38 Step:888} Server_Comm.py: The agent lost 1 packet! Is syncmode enabled?
{Wed 20:25:38 Step:889} Server_Comm.py: Received a new packet while thinking!
{Wed 20:25:38 Step:891} Server_Comm.py: The agent lost 1 packet! Is syncmode enabled?
{Wed 20:25:38 Step:893} Server_Comm.py: The agent lost 1 packet! Is syncmode enabled?
{Wed 20:25:38 Step:893} Server_Comm.py: Received a new packet while thinking!
{Wed 20:25:38 Step:895} Server_Comm.py: The agent lost 1 packet! Is syncmode enabled?
{Wed 20:25:38 Step:896} Server_Comm.py: Received a new packet while thinking!
{Wed 20:25:38 Step:898} Server_Comm.py: The agent lost 1 packet! Is syncmode enabled?
{Wed 20:25:38 Step:898} Server_Comm.py: Received a new packet while thinking!
{Wed 20:25:38 Step:900} Server_Comm.py: The agent lost 1 packet! Is syncmode enabled?
{Wed 20:25:38 Step:900} Server_Comm.py: Received a new packet while thinking!
{Wed 20:25:38 Step:902} Server_Comm.py: The agent lost 1 packet! Is syncmode enabled?
{Wed 20:25:38 Step:905} Server_Comm.py: The agent lost 1 packet! Is syncmode enabled?
{Wed 20:25:38 Step:909} Server_Comm.py: The agent lost 1 packet! Is syncmode enabled?
{Wed 20:25:38 Step:910} Server_Comm.py: Received a new packet while thinking!
{Wed 20:25:38 Step:912} Server_Comm.py: The agent lost 1 packet! Is syncmode enabled?
{Wed 20:25:38 Step:913} Server_Comm.py: Received a new packet while thinking!
{Wed 20:25:38 Step:915} Server_Comm.py: The agent lost 1 packet! Is syncmode enabled?
{Wed 20:25:38 Step:919} Server_Comm.py: The agent lost 1 packet! Is syncmode enabled?
{Wed 20:25:38 Step:923} Server_Comm.py: The agent lost 1 packet! Is syncmode enabled?
{Wed 20:25:40 Step:1012} Server_Comm.py: Received a new packet while thinking!
{Wed 20:25:40 Step:1014} Server_Comm.py: The agent lost 1 packet! Is syncmode enabled?
{Wed 20:25:40 Step:1020} Server_Comm.py: Received a new packet while thinking!
{Wed 20:25:40 Step:1022} Server_Comm.py: The agent lost 1 packet! Is syncmode enabled?
{Wed 20:25:41 Step:1027} Server_Comm.py: Received a new packet while thinking!
{Wed 20:25:41 Step:1029} Server_Comm.py: The agent lost 1 packet! Is syncmode enabled?
{Wed 20:25:41 Step:1032} Server_Comm.py: Received a new packet while thinking!
{Wed 20:25:41 Step:1034} Server_Comm.py: The agent lost 1 packet! Is syncmode enabled?
{Wed 20:25:41 Step:1044} Server_Comm.py: Received a new packet while thinking!
{Wed 20:25:41 Step:1046} Server_Comm.py: The agent lost 1 packet! Is syncmode enabled?
{Wed 20:25:41 Step:1063} Server_Comm.py: The agent lost 1 packet! Is syncmode enabled?
{Wed 20:25:41 Step:1063} Server_Comm.py: Received a new packet while thinking!
{Wed 20:25:41 Step:1068} Server_Comm.py: Received a new packet while thinking!
{Wed 20:25:41 Step:1070} Server_Comm.py: The agent lost 1 packet! Is syncmode enabled?
{Wed 20:25:42 Step:1074} Server_Comm.py: Received a new packet while thinking!
{Wed 20:25:42 Step:1076} Server_Comm.py: The agent lost 1 packet! Is syncmode enabled?
{Wed 20:25:42 Step:1080} Server_Comm.py: Received a new packet while thinking!
{Wed 20:25:42 Step:1082} Server_Comm.py: The agent lost 1 packet! Is syncmode enabled?
{Wed 20:25:42 Step:1086} Server_Comm.py: Received a new packet while thinking!
{Wed 20:25:42 Step:1088} Server_Comm.py: The agent lost 1 packet! Is syncmode enabled?
{Wed 20:25:42 Step:1092} Server_Comm.py: Received a new packet while thinking!
{Wed 20:25:42 Step:1094} Server_Comm.py: The agent lost 1 packet! Is syncmode enabled?
{Wed 20:25:42 Step:1104} Server_Comm.py: Received a new packet while thinking!
{Wed 20:25:42 Step:1106} Server_Comm.py: The agent lost 1 packet! Is syncmode enabled?
{Wed 20:25:43 Step:1137} Server_Comm.py: Received a new packet while thinking!
{Wed 20:25:43 Step:1139} Server_Comm.py: The agent lost 1 packet! Is syncmode enabled?
{Wed 20:25:43 Step:1150} Server_Comm.py: Received a new packet while thinking!
{Wed 20:25:43 Step:1152} Server_Comm.py: The agent lost 1 packet! Is syncmode enabled?
{Wed 20:25:43 Step:1155} Server_Comm.py: Received a new packet while thinking!
{Wed 20:25:43 Step:1157} Server_Comm.py: The agent lost 1 packet! Is syncmode enabled?
{Wed 20:25:43 Step:1161} Server_Comm.py: Received a new packet while thinking!
{Wed 20:25:43 Step:1163} Server_Comm.py: The agent lost 1 packet! Is syncmode enabled?
{Wed 20:25:43 Step:1167} Server_Comm.py: The agent lost 1 packet! Is syncmode enabled?
{Wed 20:25:43 Step:1168} Server_Comm.py: Received a new packet while thinking!
{Wed 20:25:43 Step:1170} Server_Comm.py: The agent lost 1 packet! Is syncmode enabled?
{Wed 20:25:44 Step:1172} Server_Comm.py: Received a new packet while thinking!
{Wed 20:25:44 Step:1174} Server_Comm.py: The agent lost 1 packet! Is syncmode enabled?
{Wed 20:25:44 Step:1177} Server_Comm.py: The agent lost 1 packet! Is syncmode enabled?
{Wed 20:25:44 Step:1177} Server_Comm.py: Received a new packet while thinking!
{Wed 20:25:44 Step:1180} Server_Comm.py: The agent lost 1 packet! Is syncmode enabled?
{Wed 20:25:44 Step:1183} Server_Comm.py: The agent lost 1 packet! Is syncmode enabled?
{Wed 20:25:44 Step:1186} Server_Comm.py: The agent lost 1 packet! Is syncmode enabled?
{Wed 20:25:44 Step:1188} Server_Comm.py: Received a new packet while thinking!
{Wed 20:25:44 Step:1192} Server_Comm.py: The agent lost 1 packet! Is syncmode enabled?
{Wed 20:25:44 Step:1194} Server_Comm.py: Received a new packet while thinking!
{Wed 20:25:44 Step:1198} Server_Comm.py: The agent lost 1 packet! Is syncmode enabled?
{Wed 20:25:44 Step:1206} Server_Comm.py: Received a new packet while thinking!
{Wed 20:25:44 Step:1208} Server_Comm.py: The agent lost 1 packet! Is syncmode enabled?
{Wed 20:25:44 Step:1212} Server_Comm.py: Received a new packet while thinking!
{Wed 20:25:44 Step:1214} Server_Comm.py: The agent lost 1 packet! Is syncmode enabled?
{Wed 20:25:44 Step:1218} Server_Comm.py: The agent lost 1 packet! Is syncmode enabled?
{Wed 20:25:45 Step:1223} Server_Comm.py: Received a new packet while thinking!
{Wed 20:25:45 Step:1225} Server_Comm.py: The agent lost 1 packet! Is syncmode enabled?
{Wed 20:25:45 Step:1245} Server_Comm.py: Received a new packet while thinking!
{Wed 20:25:45 Step:1247} Server_Comm.py: The agent lost 1 packet! Is syncmode enabled?
{Wed 20:25:46 Step:1305} Server_Comm.py: Received a new packet while thinking!
{Wed 20:25:46 Step:1307} Server_Comm.py: The agent lost 1 packet! Is syncmode enabled?
{Wed 20:25:46 Step:1308} Server_Comm.py: Received a new packet while thinking!
{Wed 20:25:46 Step:1310} Server_Comm.py: The agent lost 1 packet! Is syncmode enabled?
{Wed 20:25:46 Step:1311} Server_Comm.py: Received a new packet while thinking!
{Wed 20:25:46 Step:1313} Server_Comm.py: The agent lost 1 packet! Is syncmode enabled?
{Wed 20:25:46 Step:1313} Server_Comm.py: Received a new packet while thinking!
{Wed 20:25:46 Step:1315} Server_Comm.py: The agent lost 1 packet! Is syncmode enabled?
{Wed 20:25:46 Step:1315} Server_Comm.py: Received a new packet while thinking!
{Wed 20:25:46 Step:1317} Server_Comm.py: The agent lost 1 packet! Is syncmode enabled?
{Wed 20:25:46 Step:1317} Server_Comm.py: Received a new packet while thinking!
{Wed 20:25:46 Step:1319} Server_Comm.py: The agent lost 1 packet! Is syncmode enabled?
{Wed 20:25:46 Step:1319} Server_Comm.py: Received a new packet while thinking!
{Wed 20:25:46 Step:1321} Server_Comm.py: The agent lost 1 packet! Is syncmode enabled?
{Wed 20:25:47 Step:1321} Server_Comm.py: Received a new packet while thinking!
{Wed 20:25:47 Step:1323} Server_Comm.py: The agent lost 1 packet! Is syncmode enabled?
{Wed 20:25:47 Step:1323} Server_Comm.py: Received a new packet while thinking!
{Wed 20:25:47 Step:1324} Server_Comm.py: Received a new packet while thinking!
{Wed 20:25:47 Step:1327} Server_Comm.py: The agent lost 2 consecutive packets! Is syncmode disabled?
{Wed 20:25:47 Step:1328} Server_Comm.py: Received a new packet while thinking!
{Wed 20:25:47 Step:1330} Server_Comm.py: The agent lost 1 packet! Is syncmode enabled?
{Wed 20:25:47 Step:1330} Server_Comm.py: Received a new packet while thinking!
{Wed 20:25:47 Step:1333} Server_Comm.py: The agent lost 2 consecutive packets! Is syncmode disabled?
{Wed 20:25:47 Step:1334} Server_Comm.py: Received a new packet while thinking!
{Wed 20:25:47 Step:1336} Server_Comm.py: The agent lost 1 packet! Is syncmode enabled?
{Wed 20:25:47 Step:1337} Server_Comm.py: Received a new packet while thinking!
{Wed 20:25:47 Step:1339} Server_Comm.py: The agent lost 1 packet! Is syncmode enabled?
{Wed 20:25:47 Step:1339} Server_Comm.py: Received a new packet while thinking!
{Wed 20:25:47 Step:1341} Server_Comm.py: The agent lost 1 packet! Is syncmode enabled?
{Wed 20:25:47 Step:1341} Server_Comm.py: Received a new packet while thinking!
{Wed 20:25:47 Step:1344} Server_Comm.py: The agent lost 1 packet! Is syncmode enabled?
{Wed 20:25:47 Step:1344} Server_Comm.py: Received a new packet while thinking!
{Wed 20:25:47 Step:1345} Server_Comm.py: Received a new packet while thinking!
{Wed 20:25:47 Step:1347} Server_Comm.py: The agent lost 1 packet! Is syncmode enabled?
{Wed 20:25:47 Step:1350} Server_Comm.py: The agent lost 1 packet! Is syncmode enabled?
{Wed 20:25:47 Step:1352} Server_Comm.py: Received a new packet while thinking!
{Wed 20:25:47 Step:1354} Server_Comm.py: The agent lost 1 packet! Is syncmode enabled?
{Wed 20:25:47 Step:1357} Server_Comm.py: The agent lost 1 packet! Is syncmode enabled?
{Wed 20:25:47 Step:1359} Server_Comm.py: The agent lost 1 packet! Is syncmode enabled?
{Wed 20:25:47 Step:1361} Server_Comm.py: Received a new packet while thinking!
{Wed 20:25:47 Step:1363} Server_Comm.py: The agent lost 1 packet! Is syncmode enabled?
{Wed 20:25:47 Step:1369} Server_Comm.py: Received a new packet while thinking!
{Wed 20:25:47 Step:1371} Server_Comm.py: The agent lost 1 packet! Is syncmode enabled?
{Wed 20:25:48 Step:1380} Server_Comm.py: The agent lost 1 packet! Is syncmode enabled?
{Wed 20:25:50 Step:1511} Server_Comm.py: Received a new packet while thinking!
{Wed 20:25:50 Step:1513} Server_Comm.py: The agent lost 1 packet! Is syncmode enabled?
{Wed 20:25:50 Step:1518} Server_Comm.py: Received a new packet while thinking!
{Wed 20:25:50 Step:1520} Server_Comm.py: The agent lost 1 packet! Is syncmode enabled?
{Wed 20:25:51 Step:1524} Server_Comm.py: Received a new packet while thinking!
{Wed 20:25:51 Step:1526} Server_Comm.py: The agent lost 1 packet! Is syncmode enabled?
{Wed 20:25:51 Step:1529} Server_Comm.py: Received a new packet while thinking!
{Wed 20:25:51 Step:1531} Server_Comm.py: The agent lost 1 packet! Is syncmode enabled?
