{Wed 20:25:21 Step:147} Server_Comm.py: Received a new packet while on world.update()!
{Wed 20:25:21 Step:150} Server_Comm.py: Received a new packet while thinking!
{Wed 20:25:21 Step:152} Server_Comm.py: Received a new packet while thinking!
{Wed 20:25:21 Step:154} Server_Comm.py: The agent lost 1 packet! Is syncmode enabled?
{Wed 20:25:21 Step:154} Server_Comm.py: Received a new packet while thinking!
{Wed 20:25:21 Step:156} Server_Comm.py: The agent lost 1 packet! Is syncmode enabled?
{Wed 20:25:21 Step:156} Server_Comm.py: Received a new packet while thinking!
{Wed 20:25:21 Step:157} Server_Comm.py: Received a new packet while thinking!
{Wed 20:25:21 Step:160} Server_Comm.py: The agent lost 2 consecutive packets! Is syncmode disabled?
{Wed 20:25:21 Step:160} Server_Comm.py: Received a new packet while thinking!
{Wed 20:25:22 Step:163} Server_Comm.py: The agent lost 2 consecutive packets! Is syncmode disabled?
{Wed 20:25:22 Step:163} Server_Comm.py: Received a new packet while thinking!
{Wed 20:25:22 Step:165} Server_Comm.py: The agent lost 1 packet! Is syncmode enabled?
{Wed 20:25:22 Step:165} Server_Comm.py: Received a new packet while thinking!
{Wed 20:25:22 Step:166} Server_Comm.py: Received a new packet while thinking!
{Wed 20:25:22 Step:169} Server_Comm.py: The agent lost 2 consecutive packets! Is syncmode disabled?
{Wed 20:25:22 Step:169} Server_Comm.py: Received a new packet while thinking!
{Wed 20:25:22 Step:172} Server_Comm.py: The agent lost 2 consecutive packets! Is syncmode disabled?
{Wed 20:25:22 Step:173} Server_Comm.py: Received a new packet while thinking!
{Wed 20:25:22 Step:175} Server_Comm.py: The agent lost 1 packet! Is syncmode enabled?
{Wed 20:25:22 Step:175} Server_Comm.py: Received a new packet while thinking!
{Wed 20:25:22 Step:178} Server_Comm.py: The agent lost 2 consecutive packets! Is syncmode disabled?
{Wed 20:25:22 Step:179} Server_Comm.py: Received a new packet while thinking!
{Wed 20:25:22 Step:181} Server_Comm.py: The agent lost 1 packet! Is syncmode enabled?
{Wed 20:25:22 Step:181} Server_Comm.py: Received a new packet while thinking!
{Wed 20:25:22 Step:185} Server_Comm.py: The agent lost 3 consecutive packets! Is syncmode disabled?
{Wed 20:25:22 Step:185} Server_Comm.py: Received a new packet while thinking!
{Wed 20:25:22 Step:187} Server_Comm.py: The agent lost 1 packet! Is syncmode enabled?
{Wed 20:25:22 Step:187} Server_Comm.py: Received a new packet while thinking!
{Wed 20:25:22 Step:189} Server_Comm.py: The agent lost 1 packet! Is syncmode enabled?
{Wed 20:25:22 Step:189} Server_Comm.py: Received a new packet while thinking!
{Wed 20:25:22 Step:191} Server_Comm.py: The agent lost 1 packet! Is syncmode enabled?
{Wed 20:25:22 Step:191} Server_Comm.py: Received a new packet while thinking!
{Wed 20:25:22 Step:193} Server_Comm.py: The agent lost 1 packet! Is syncmode enabled?
{Wed 20:25:22 Step:193} Server_Comm.py: Received a new packet while thinking!
{Wed 20:25:22 Step:196} Server_Comm.py: The agent lost 2 consecutive packets! Is syncmode disabled?
{Wed 20:25:22 Step:196} Server_Comm.py: Received a new packet while thinking!
{Wed 20:25:22 Step:198} Server_Comm.py: The agent lost 1 packet! Is syncmode enabled?
{Wed 20:25:22 Step:198} Server_Comm.py: Received a new packet while thinking!
{Wed 20:25:22 Step:200} Server_Comm.py: The agent lost 1 packet! Is syncmode enabled?
{Wed 20:25:22 Step:200} Server_Comm.py: Received a new packet while thinking!
{Wed 20:25:22 Step:202} Server_Comm.py: The agent lost 1 packet! Is syncmode enabled?
{Wed 20:25:22 Step:202} Server_Comm.py: Received a new packet while thinking!
{Wed 20:25:22 Step:204} Server_Comm.py: The agent lost 1 packet! Is syncmode enabled?
{Wed 20:25:22 Step:204} Server_Comm.py: Received a new packet while thinking!
{Wed 20:25:22 Step:206} Server_Comm.py: The agent lost 1 packet! Is syncmode enabled?
{Wed 20:25:22 Step:206} Server_Comm.py: Received a new packet while thinking!
{Wed 20:25:22 Step:207} Server_Comm.py: Received a new packet while thinking!
{Wed 20:25:22 Step:209} Server_Comm.py: The agent lost 1 packet! Is syncmode enabled?
{Wed 20:25:22 Step:209} Server_Comm.py: Received a new packet while thinking!
{Wed 20:25:22 Step:211} Server_Comm.py: The agent lost 1 packet! Is syncmode enabled?
{Wed 20:25:22 Step:211} Server_Comm.py: Received a new packet while thinking!
{Wed 20:25:23 Step:213} Server_Comm.py: The agent lost 1 packet! Is syncmode enabled?
{Wed 20:25:23 Step:213} Server_Comm.py: Received a new packet while thinking!
{Wed 20:25:23 Step:215} Server_Comm.py: The agent lost 1 packet! Is syncmode enabled?
{Wed 20:25:23 Step:215} Server_Comm.py: Received a new packet while thinking!
{Wed 20:25:23 Step:217} Server_Comm.py: The agent lost 1 packet! Is syncmode enabled?
{Wed 20:25:23 Step:217} Server_Comm.py: Received a new packet while thinking!
{Wed 20:25:23 Step:218} Server_Comm.py: Received a new packet while thinking!
{Wed 20:25:23 Step:220} Server_Comm.py: The agent lost 1 packet! Is syncmode enabled?
{Wed 20:25:23 Step:220} Server_Comm.py: Received a new packet while thinking!
{Wed 20:25:23 Step:222} Server_Comm.py: The agent lost 1 packet! Is syncmode enabled?
{Wed 20:25:23 Step:222} Server_Comm.py: Received a new packet while thinking!
{Wed 20:25:23 Step:223} Server_Comm.py: Received a new packet while thinking!
{Wed 20:25:23 Step:225} Server_Comm.py: The agent lost 1 packet! Is syncmode enabled?
{Wed 20:25:23 Step:225} Server_Comm.py: Received a new packet while thinking!
{Wed 20:25:23 Step:226} Server_Comm.py: Received a new packet while thinking!
{Wed 20:25:23 Step:228} Server_Comm.py: The agent lost 1 packet! Is syncmode enabled?
{Wed 20:25:23 Step:228} Server_Comm.py: Received a new packet while thinking!
{Wed 20:25:23 Step:229} Server_Comm.py: Received a new packet while thinking!
{Wed 20:25:23 Step:231} Server_Comm.py: The agent lost 1 packet! Is syncmode enabled?
{Wed 20:25:23 Step:231} Server_Comm.py: Received a new packet while thinking!
{Wed 20:25:23 Step:232} Server_Comm.py: Received a new packet while thinking!
{Wed 20:25:23 Step:234} Server_Comm.py: The agent lost 1 packet! Is syncmode enabled?
{Wed 20:25:23 Step:234} Server_Comm.py: Received a new packet while thinking!
{Wed 20:25:23 Step:236} Server_Comm.py: The agent lost 1 packet! Is syncmode enabled?
{Wed 20:25:23 Step:236} Server_Comm.py: Received a new packet while thinking!
{Wed 20:25:23 Step:237} Server_Comm.py: Received a new packet while thinking!
{Wed 20:25:23 Step:239} Server_Comm.py: The agent lost 1 packet! Is syncmode enabled?
{Wed 20:25:23 Step:239} Server_Comm.py: Received a new packet while thinking!
{Wed 20:25:23 Step:241} Server_Comm.py: The agent lost 1 packet! Is syncmode enabled?
{Wed 20:25:23 Step:241} Server_Comm.py: Received a new packet while thinking!
{Wed 20:25:23 Step:243} Server_Comm.py: The agent lost 1 packet! Is syncmode enabled?
{Wed 20:25:23 Step:243} Server_Comm.py: Received a new packet while thinking!
{Wed 20:25:23 Step:245} Server_Comm.py: The agent lost 1 packet! Is syncmode enabled?
{Wed 20:25:23 Step:245} Server_Comm.py: Received a new packet while thinking!
{Wed 20:25:23 Step:247} Server_Comm.py: The agent lost 1 packet! Is syncmode enabled?
{Wed 20:25:23 Step:247} Server_Comm.py: Received a new packet while thinking!
{Wed 20:25:23 Step:249} Server_Comm.py: The agent lost 1 packet! Is syncmode enabled?
{Wed 20:25:23 Step:249} Server_Comm.py: Received a new packet while thinking!
{Wed 20:25:23 Step:251} Server_Comm.py: The agent lost 1 packet! Is syncmode enabled?
{Wed 20:25:23 Step:251} Server_Comm.py: Received a new packet while thinking!
{Wed 20:25:23 Step:253} Server_Comm.py: The agent lost 1 packet! Is syncmode enabled?
{Wed 20:25:23 Step:253} Server_Comm.py: Received a new packet while thinking!
{Wed 20:25:23 Step:255} Server_Comm.py: The agent lost 1 packet! Is syncmode enabled?
{Wed 20:25:23 Step:255} Server_Comm.py: Received a new packet while thinking!
{Wed 20:25:23 Step:257} Server_Comm.py: The agent lost 1 packet! Is syncmode enabled?
{Wed 20:25:23 Step:257} Server_Comm.py: Received a new packet while thinking!
{Wed 20:25:23 Step:259} Server_Comm.py: The agent lost 1 packet! Is syncmode enabled?
{Wed 20:25:23 Step:259} Server_Comm.py: Received a new packet while thinking!
{Wed 20:25:23 Step:260} Server_Comm.py: Received a new packet while thinking!
{Wed 20:25:23 Step:262} Server_Comm.py: The agent lost 1 packet! Is syncmode enabled?
{Wed 20:25:24 Step:262} Server_Comm.py: Received a new packet while thinking!
{Wed 20:25:24 Step:264} Server_Comm.py: The agent lost 1 packet! Is syncmode enabled?
{Wed 20:25:24 Step:264} Server_Comm.py: Received a new packet while thinking!
{Wed 20:25:24 Step:265} Server_Comm.py: Received a new packet while thinking!
{Wed 20:25:24 Step:267} Server_Comm.py: The agent lost 1 packet! Is syncmode enabled?
{Wed 20:25:24 Step:267} Server_Comm.py: Received a new packet while thinking!
{Wed 20:25:24 Step:269} Server_Comm.py: The agent lost 1 packet! Is syncmode enabled?
{Wed 20:25:24 Step:269} Server_Comm.py: Received a new packet while thinking!
{Wed 20:25:24 Step:271} Server_Comm.py: The agent lost 1 packet! Is syncmode enabled?
{Wed 20:25:24 Step:271} Server_Comm.py: Received a new packet while thinking!
{Wed 20:25:24 Step:272} Server_Comm.py: Received a new packet while thinking!
{Wed 20:25:24 Step:274} Server_Comm.py: The agent lost 1 packet! Is syncmode enabled?
{Wed 20:25:24 Step:274} Server_Comm.py: Received a new packet while thinking!
{Wed 20:25:24 Step:276} Server_Comm.py: The agent lost 1 packet! Is syncmode enabled?
{Wed 20:25:24 Step:276} Server_Comm.py: Received a new packet while thinking!
{Wed 20:25:24 Step:277} Server_Comm.py: Received a new packet while thinking!
{Wed 20:25:24 Step:278} Server_Comm.py: Received a new packet while thinking!
{Wed 20:25:24 Step:280} Server_Comm.py: The agent lost 1 packet! Is syncmode enabled?
{Wed 20:25:24 Step:280} Server_Comm.py: Received a new packet while thinking!
{Wed 20:25:24 Step:282} Server_Comm.py: The agent lost 1 packet! Is syncmode enabled?
{Wed 20:25:24 Step:282} Server_Comm.py: Received a new packet while thinking!
{Wed 20:25:24 Step:283} Server_Comm.py: Received a new packet while thinking!
{Wed 20:25:24 Step:285} Server_Comm.py: The agent lost 1 packet! Is syncmode enabled?
{Wed 20:25:24 Step:285} Server_Comm.py: Received a new packet while thinking!
{Wed 20:25:24 Step:286} Server_Comm.py: Received a new packet while thinking!
{Wed 20:25:24 Step:288} Server_Comm.py: The agent lost 1 packet! Is syncmode enabled?
{Wed 20:25:24 Step:288} Server_Comm.py: Received a new packet while thinking!
{Wed 20:25:24 Step:290} Server_Comm.py: The agent lost 1 packet! Is syncmode enabled?
{Wed 20:25:24 Step:290} Server_Comm.py: Received a new packet while thinking!
{Wed 20:25:24 Step:292} Server_Comm.py: The agent lost 1 packet! Is syncmode enabled?
{Wed 20:25:24 Step:292} Server_Comm.py: Received a new packet while thinking!
{Wed 20:25:24 Step:293} Server_Comm.py: Received a new packet while thinking!
{Wed 20:25:24 Step:295} Server_Comm.py: The agent lost 1 packet! Is syncmode enabled?
{Wed 20:25:24 Step:295} Server_Comm.py: Received a new packet while thinking!
{Wed 20:25:24 Step:296} Server_Comm.py: Received a new packet while thinking!
{Wed 20:25:24 Step:298} Server_Comm.py: The agent lost 1 packet! Is syncmode enabled?
{Wed 20:25:24 Step:298} Server_Comm.py: Received a new packet while thinking!
{Wed 20:25:24 Step:299} Server_Comm.py: Received a new packet while thinking!
{Wed 20:25:24 Step:301} Server_Comm.py: The agent lost 1 packet! Is syncmode enabled?
{Wed 20:25:24 Step:301} Server_Comm.py: Received a new packet while thinking!
{Wed 20:25:24 Step:303} Server_Comm.py: The agent lost 1 packet! Is syncmode enabled?
{Wed 20:25:24 Step:303} Server_Comm.py: Received a new packet while thinking!
{Wed 20:25:24 Step:305} Server_Comm.py: The agent lost 1 packet! Is syncmode enabled?
{Wed 20:25:24 Step:305} Server_Comm.py: Received a new packet while thinking!
{Wed 20:25:24 Step:307} Server_Comm.py: The agent lost 1 packet! Is syncmode enabled?
{Wed 20:25:24 Step:307} Server_Comm.py: Received a new packet while thinking!
{Wed 20:25:24 Step:309} Server_Comm.py: The agent lost 1 packet! Is syncmode enabled?
{Wed 20:25:24 Step:309} Server_Comm.py: Received a new packet while thinking!
{Wed 20:25:24 Step:311} Server_Comm.py: The agent lost 1 packet! Is syncmode enabled?
{Wed 20:25:25 Step:311} Server_Comm.py: Received a new packet while thinking!
{Wed 20:25:25 Step:313} Server_Comm.py: The agent lost 1 packet! Is syncmode enabled?
{Wed 20:25:25 Step:313} Server_Comm.py: Received a new packet while thinking!
{Wed 20:25:25 Step:314} Server_Comm.py: Received a new packet while thinking!
{Wed 20:25:25 Step:316} Server_Comm.py: The agent lost 1 packet! Is syncmode enabled?
{Wed 20:25:25 Step:316} Server_Comm.py: Received a new packet while thinking!
{Wed 20:25:25 Step:318} Server_Comm.py: The agent lost 1 packet! Is syncmode enabled?
{Wed 20:25:25 Step:318} Server_Comm.py: Received a new packet while thinking!
{Wed 20:25:25 Step:320} Server_Comm.py: The agent lost 1 packet! Is syncmode enabled?
{Wed 20:25:25 Step:320} Server_Comm.py: Received a new packet while thinking!
{Wed 20:25:25 Step:322} Server_Comm.py: The agent lost 1 packet! Is syncmode enabled?
{Wed 20:25:25 Step:322} Server_Comm.py: Received a new packet while thinking!
{Wed 20:25:25 Step:323} Server_Comm.py: Received a new packet while thinking!
{Wed 20:25:25 Step:325} Server_Comm.py: The agent lost 1 packet! Is syncmode enabled?
{Wed 20:25:25 Step:325} Server_Comm.py: Received a new packet while thinking!
{Wed 20:25:25 Step:327} Server_Comm.py: The agent lost 1 packet! Is syncmode enabled?
{Wed 20:25:25 Step:327} Server_Comm.py: Received a new packet while thinking!
{Wed 20:25:25 Step:328} Server_Comm.py: Received a new packet while thinking!
{Wed 20:25:25 Step:330} Server_Comm.py: The agent lost 1 packet! Is syncmode enabled?
{Wed 20:25:25 Step:330} Server_Comm.py: Received a new packet while thinking!
{Wed 20:25:25 Step:332} Server_Comm.py: The agent lost 1 packet! Is syncmode enabled?
{Wed 20:25:25 Step:332} Server_Comm.py: Received a new packet while thinking!
{Wed 20:25:25 Step:334} Server_Comm.py: The agent lost 1 packet! Is syncmode enabled?
{Wed 20:25:25 Step:334} Server_Comm.py: Received a new packet while thinking!
{Wed 20:25:25 Step:336} Server_Comm.py: The agent lost 1 packet! Is syncmode enabled?
{Wed 20:25:25 Step:336} Server_Comm.py: Received a new packet while thinking!
{Wed 20:25:25 Step:337} Server_Comm.py: Received a new packet while thinking!
{Wed 20:25:25 Step:339} Server_Comm.py: The agent lost 1 packet! Is syncmode enabled?
{Wed 20:25:25 Step:339} Server_Comm.py: Received a new packet while thinking!
{Wed 20:25:25 Step:341} Server_Comm.py: The agent lost 1 packet! Is syncmode enabled?
{Wed 20:25:25 Step:341} Server_Comm.py: Received a new packet while thinking!
{Wed 20:25:25 Step:343} Server_Comm.py: The agent lost 1 packet! Is syncmode enabled?
{Wed 20:25:25 Step:343} Server_Comm.py: Received a new packet while thinking!
{Wed 20:25:25 Step:344} Server_Comm.py: Received a new packet while thinking!
{Wed 20:25:25 Step:346} Server_Comm.py: The agent lost 1 packet! Is syncmode enabled?
{Wed 20:25:25 Step:346} Server_Comm.py: Received a new packet while thinking!
{Wed 20:25:25 Step:348} Server_Comm.py: The agent lost 1 packet! Is syncmode enabled?
{Wed 20:25:25 Step:348} Server_Comm.py: Received a new packet while thinking!
{Wed 20:25:25 Step:350} Server_Comm.py: The agent lost 1 packet! Is syncmode enabled?
{Wed 20:25:25 Step:350} Server_Comm.py: Received a new packet while thinking!
{Wed 20:25:25 Step:352} Server_Comm.py: The agent lost 1 packet! Is syncmode enabled?
{Wed 20:25:25 Step:352} Server_Comm.py: Received a new packet while thinking!
{Wed 20:25:25 Step:354} Server_Comm.py: The agent lost 1 packet! Is syncmode enabled?
{Wed 20:25:25 Step:354} Server_Comm.py: Received a new packet while thinking!
{Wed 20:25:25 Step:356} Server_Comm.py: The agent lost 1 packet! Is syncmode enabled?
{Wed 20:25:25 Step:356} Server_Comm.py: Received a new packet while thinking!
{Wed 20:25:25 Step:358} Server_Comm.py: The agent lost 1 packet! Is syncmode enabled?
{Wed 20:25:25 Step:358} Server_Comm.py: Received a new packet while thinking!
{Wed 20:25:25 Step:359} Server_Comm.py: Received a new packet while thinking!
{Wed 20:25:25 Step:361} Server_Comm.py: The agent lost 1 packet! Is syncmode enabled?
{Wed 20:25:25 Step:361} Server_Comm.py: Received a new packet while thinking!
{Wed 20:25:26 Step:362} Server_Comm.py: Received a new packet while thinking!
{Wed 20:25:26 Step:363} Server_Comm.py: Received a new packet while thinking!
{Wed 20:25:26 Step:366} Server_Comm.py: The agent lost 2 consecutive packets! Is syncmode disabled?
{Wed 20:25:26 Step:366} Server_Comm.py: Received a new packet while thinking!
{Wed 20:25:26 Step:368} Server_Comm.py: The agent lost 1 packet! Is syncmode enabled?
{Wed 20:25:26 Step:368} Server_Comm.py: Received a new packet while thinking!
{Wed 20:25:26 Step:371} Server_Comm.py: The agent lost 2 consecutive packets! Is syncmode disabled?
{Wed 20:25:26 Step:371} Server_Comm.py: Received a new packet while thinking!
{Wed 20:25:26 Step:373} Server_Comm.py: The agent lost 1 packet! Is syncmode enabled?
{Wed 20:25:26 Step:373} Server_Comm.py: Received a new packet while thinking!
{Wed 20:25:26 Step:376} Server_Comm.py: The agent lost 2 consecutive packets! Is syncmode disabled?
{Wed 20:25:26 Step:376} Server_Comm.py: Received a new packet while thinking!
{Wed 20:25:26 Step:378} Server_Comm.py: The agent lost 1 packet! Is syncmode enabled?
{Wed 20:25:26 Step:378} Server_Comm.py: Received a new packet while thinking!
{Wed 20:25:26 Step:380} Server_Comm.py: The agent lost 1 packet! Is syncmode enabled?
{Wed 20:25:26 Step:380} Server_Comm.py: Received a new packet while thinking!
{Wed 20:25:26 Step:383} Server_Comm.py: The agent lost 2 consecutive packets! Is syncmode disabled?
{Wed 20:25:26 Step:383} Server_Comm.py: Received a new packet while thinking!
{Wed 20:25:26 Step:385} Server_Comm.py: The agent lost 1 packet! Is syncmode enabled?
{Wed 20:25:26 Step:385} Server_Comm.py: Received a new packet while thinking!
{Wed 20:25:26 Step:387} Server_Comm.py: The agent lost 1 packet! Is syncmode enabled?
{Wed 20:25:26 Step:387} Server_Comm.py: Received a new packet while thinking!
{Wed 20:25:26 Step:389} Server_Comm.py: The agent lost 1 packet! Is syncmode enabled?
{Wed 20:25:26 Step:389} Server_Comm.py: Received a new packet while thinking!
{Wed 20:25:26 Step:391} Server_Comm.py: The agent lost 1 packet! Is syncmode enabled?
{Wed 20:25:26 Step:391} Server_Comm.py: Received a new packet while on world.update()!
{Wed 20:25:26 Step:392} Server_Comm.py: Received a new packet while thinking!
{Wed 20:25:26 Step:394} Server_Comm.py: The agent lost 1 packet! Is syncmode enabled?
{Wed 20:25:26 Step:394} Server_Comm.py: Received a new packet while thinking!
{Wed 20:25:26 Step:396} Server_Comm.py: The agent lost 1 packet! Is syncmode enabled?
{Wed 20:25:26 Step:396} Server_Comm.py: Received a new packet while thinking!
{Wed 20:25:26 Step:398} Server_Comm.py: The agent lost 1 packet! Is syncmode enabled?
{Wed 20:25:26 Step:398} Server_Comm.py: Received a new packet while thinking!
{Wed 20:25:26 Step:400} Server_Comm.py: The agent lost 1 packet! Is syncmode enabled?
{Wed 20:25:26 Step:400} Server_Comm.py: Received a new packet while thinking!
{Wed 20:25:26 Step:402} Server_Comm.py: The agent lost 1 packet! Is syncmode enabled?
{Wed 20:25:26 Step:402} Server_Comm.py: Received a new packet while thinking!
{Wed 20:25:26 Step:404} Server_Comm.py: The agent lost 1 packet! Is syncmode enabled?
{Wed 20:25:26 Step:404} Server_Comm.py: Received a new packet while thinking!
{Wed 20:25:26 Step:406} Server_Comm.py: The agent lost 1 packet! Is syncmode enabled?
{Wed 20:25:26 Step:406} Server_Comm.py: Received a new packet while thinking!
{Wed 20:25:26 Step:408} Server_Comm.py: The agent lost 1 packet! Is syncmode enabled?
{Wed 20:25:26 Step:408} Server_Comm.py: Received a new packet while thinking!
{Wed 20:25:26 Step:410} Server_Comm.py: The agent lost 1 packet! Is syncmode enabled?
{Wed 20:25:26 Step:410} Server_Comm.py: Received a new packet while thinking!
{Wed 20:25:27 Step:412} Server_Comm.py: The agent lost 1 packet! Is syncmode enabled?
{Wed 20:25:27 Step:412} Server_Comm.py: Received a new packet while thinking!
{Wed 20:25:27 Step:413} Server_Comm.py: Received a new packet while on world.update()!
{Wed 20:25:27 Step:414} Server_Comm.py: Received a new packet while thinking!
{Wed 20:25:27 Step:415} Server_Comm.py: Received a new packet while thinking!
{Wed 20:25:27 Step:417} Server_Comm.py: The agent lost 1 packet! Is syncmode enabled?
{Wed 20:25:27 Step:417} Server_Comm.py: Received a new packet while thinking!
{Wed 20:25:27 Step:419} Server_Comm.py: The agent lost 1 packet! Is syncmode enabled?
{Wed 20:25:27 Step:419} Server_Comm.py: Received a new packet while thinking!
{Wed 20:25:27 Step:421} Server_Comm.py: The agent lost 1 packet! Is syncmode enabled?
{Wed 20:25:27 Step:421} Server_Comm.py: Received a new packet while thinking!
{Wed 20:25:27 Step:423} Server_Comm.py: The agent lost 1 packet! Is syncmode enabled?
{Wed 20:25:27 Step:424} Server_Comm.py: Received a new packet while thinking!
{Wed 20:25:27 Step:426} Server_Comm.py: Received a new packet while thinking!
{Wed 20:25:27 Step:428} Server_Comm.py: The agent lost 1 packet! Is syncmode enabled?
{Wed 20:25:27 Step:429} Server_Comm.py: Received a new packet while thinking!
{Wed 20:25:27 Step:430} Server_Comm.py: Received a new packet while thinking!
{Wed 20:25:27 Step:433} Server_Comm.py: The agent lost 2 consecutive packets! Is syncmode disabled?
{Wed 20:25:27 Step:436} Server_Comm.py: Received a new packet while thinking!
{Wed 20:25:27 Step:438} Server_Comm.py: The agent lost 1 packet! Is syncmode enabled?
{Wed 20:25:27 Step:439} Server_Comm.py: Received a new packet while thinking!
{Wed 20:25:27 Step:441} Server_Comm.py: The agent lost 1 packet! Is syncmode enabled?
{Wed 20:25:27 Step:443} Server_Comm.py: Received a new packet while thinking!
{Wed 20:25:27 Step:445} Server_Comm.py: The agent lost 1 packet! Is syncmode enabled?
{Wed 20:25:27 Step:455} Server_Comm.py: Received a new packet while thinking!
{Wed 20:25:27 Step:457} Server_Comm.py: The agent lost 1 packet! Is syncmode enabled?
{Wed 20:25:28 Step:467} Server_Comm.py: Received a new packet while thinking!
{Wed 20:25:28 Step:469} Server_Comm.py: The agent lost 1 packet! Is syncmode enabled?
{Wed 20:25:28 Step:483} Server_Comm.py: Received a new packet while thinking!
{Wed 20:25:28 Step:485} Server_Comm.py: The agent lost 1 packet! Is syncmode enabled?
{Wed 20:25:29 Step:525} Server_Comm.py: The agent lost 1 packet! Is syncmode enabled?
{Wed 20:25:29 Step:529} Server_Comm.py: Received a new packet while thinking!
{Wed 20:25:29 Step:531} Server_Comm.py: The agent lost 1 packet! Is syncmode enabled?
{Wed 20:25:29 Step:537} Server_Comm.py: The agent lost 1 packet! Is syncmode enabled?
{Wed 20:25:29 Step:541} Server_Comm.py: The agent lost 1 packet! Is syncmode enabled?
{Wed 20:25:29 Step:544} Server_Comm.py: The agent lost 1 packet! Is syncmode enabled?
{Wed 20:25:29 Step:546} Server_Comm.py: The agent lost 1 packet! Is syncmode enabled?
{Wed 20:25:29 Step:548} Server_Comm.py: The agent lost 1 packet! Is syncmode enabled?
{Wed 20:25:29 Step:551} Server_Comm.py: The agent lost 1 packet! Is syncmode enabled?
{Wed 20:25:29 Step:554} Server_Comm.py: The agent lost 1 packet! Is syncmode enabled?
{Wed 20:25:29 Step:555} Server_Comm.py: Received a new packet while thinking!
{Wed 20:25:29 Step:557} Server_Comm.py: The agent lost 1 packet! Is syncmode enabled?
{Wed 20:25:29 Step:558} Server_Comm.py: Received a new packet while thinking!
{Wed 20:25:29 Step:560} Server_Comm.py: The agent lost 1 packet! Is syncmode enabled?
{Wed 20:25:30 Step:560} Server_Comm.py: Received a new packet while thinking!
{Wed 20:25:30 Step:562} Server_Comm.py: The agent lost 1 packet! Is syncmode enabled?
{Wed 20:25:30 Step:564} Server_Comm.py: Received a new packet while thinking!
{Wed 20:25:30 Step:566} Server_Comm.py: The agent lost 1 packet! Is syncmode enabled?
{Wed 20:25:30 Step:568} Server_Comm.py: Received a new packet while thinking!
{Wed 20:25:30 Step:570} Server_Comm.py: The agent lost 1 packet! Is syncmode enabled?
{Wed 20:25:30 Step:571} Server_Comm.py: Received a new packet while thinking!
{Wed 20:25:30 Step:573} Server_Comm.py: The agent lost 1 packet! Is syncmode enabled?
{Wed 20:25:30 Step:577} Server_Comm.py: Received a new packet while thinking!
{Wed 20:25:30 Step:579} Server_Comm.py: The agent lost 1 packet! Is syncmode enabled?
{Wed 20:25:30 Step:583} Server_Comm.py: Received a new packet while thinking!
{Wed 20:25:30 Step:585} Server_Comm.py: The agent lost 1 packet! Is syncmode enabled?
{Wed 20:25:30 Step:593} Server_Comm.py: Received a new packet while thinking!
{Wed 20:25:30 Step:595} Server_Comm.py: The agent lost 1 packet! Is syncmode enabled?
{Wed 20:25:30 Step:601} Server_Comm.py: Received a new packet while thinking!
{Wed 20:25:30 Step:603} Server_Comm.py: The agent lost 1 packet! Is syncmode enabled?
{Wed 20:25:31 Step:610} Server_Comm.py: Received a new packet while thinking!
{Wed 20:25:31 Step:612} Server_Comm.py: The agent lost 1 packet! Is syncmode enabled?
{Wed 20:25:33 Step:669} Server_Comm.py: The agent lost 1 packet! Is syncmode enabled?
{Wed 20:25:33 Step:678} Server_Comm.py: Received a new packet while thinking!
{Wed 20:25:33 Step:681} Server_Comm.py: Received a new packet while thinking!
{Wed 20:25:33 Step:685} Server_Comm.py: The agent lost 1 packet! Is syncmode enabled?
{Wed 20:25:33 Step:688} Server_Comm.py: Received a new packet while thinking!
{Wed 20:25:33 Step:690} Server_Comm.py: Received a new packet while thinking!
{Wed 20:25:33 Step:694} Server_Comm.py: The agent lost 1 packet! Is syncmode enabled?
{Wed 20:25:33 Step:696} Server_Comm.py: Received a new packet while thinking!
{Wed 20:25:33 Step:697} Server_Comm.py: Received a new packet while thinking!
{Wed 20:25:33 Step:699} Server_Comm.py: The agent lost 1 packet! Is syncmode enabled?
{Wed 20:25:33 Step:699} Server_Comm.py: Received a new packet while thinking!
{Wed 20:25:33 Step:700} Server_Comm.py: Received a new packet while thinking!
{Wed 20:25:33 Step:702} Server_Comm.py: The agent lost 1 packet! Is syncmode enabled?
{Wed 20:25:33 Step:702} Server_Comm.py: Received a new packet while thinking!
{Wed 20:25:33 Step:703} Server_Comm.py: Received a new packet while thinking!
{Wed 20:25:33 Step:705} Server_Comm.py: The agent lost 1 packet! Is syncmode enabled?
{Wed 20:25:33 Step:705} Server_Comm.py: Received a new packet while thinking!
{Wed 20:25:34 Step:706} Server_Comm.py: Received a new packet while thinking!
{Wed 20:25:34 Step:709} Server_Comm.py: The agent lost 2 consecutive packets! Is syncmode disabled?
{Wed 20:25:34 Step:709} Server_Comm.py: Received a new packet while thinking!
{Wed 20:25:34 Step:710} Server_Comm.py: Received a new packet while thinking!
{Wed 20:25:34 Step:712} Server_Comm.py: The agent lost 1 packet! Is syncmode enabled?
{Wed 20:25:34 Step:712} Server_Comm.py: Received a new packet while thinking!
{Wed 20:25:34 Step:713} Server_Comm.py: Received a new packet while thinking!
{Wed 20:25:34 Step:715} Server_Comm.py: The agent lost 1 packet! Is syncmode enabled?
{Wed 20:25:34 Step:715} Server_Comm.py: Received a new packet while thinking!
{Wed 20:25:34 Step:716} Server_Comm.py: Received a new packet while thinking!
{Wed 20:25:34 Step:718} Server_Comm.py: The agent lost 1 packet! Is syncmode enabled?
{Wed 20:25:34 Step:718} Server_Comm.py: Received a new packet while thinking!
{Wed 20:25:34 Step:719} Server_Comm.py: Received a new packet while thinking!
{Wed 20:25:34 Step:721} Server_Comm.py: The agent lost 1 packet! Is syncmode enabled?
{Wed 20:25:34 Step:721} Server_Comm.py: Received a new packet while thinking!
{Wed 20:25:34 Step:722} Server_Comm.py: Received a new packet while thinking!
{Wed 20:25:34 Step:724} Server_Comm.py: The agent lost 1 packet! Is syncmode enabled?
{Wed 20:25:34 Step:724} Server_Comm.py: Received a new packet while thinking!
{Wed 20:25:34 Step:725} Server_Comm.py: Received a new packet while thinking!
{Wed 20:25:34 Step:727} Server_Comm.py: The agent lost 1 packet! Is syncmode enabled?
{Wed 20:25:34 Step:727} Server_Comm.py: Received a new packet while thinking!
{Wed 20:25:34 Step:728} Server_Comm.py: Received a new packet while thinking!
{Wed 20:25:34 Step:730} Server_Comm.py: The agent lost 1 packet! Is syncmode enabled?
{Wed 20:25:34 Step:730} Server_Comm.py: Received a new packet while thinking!
{Wed 20:25:34 Step:731} Server_Comm.py: Received a new packet while thinking!
{Wed 20:25:34 Step:733} Server_Comm.py: The agent lost 1 packet! Is syncmode enabled?
{Wed 20:25:34 Step:733} Server_Comm.py: Received a new packet while thinking!
{Wed 20:25:34 Step:734} Server_Comm.py: Received a new packet while thinking!
{Wed 20:25:34 Step:736} Server_Comm.py: The agent lost 1 packet! Is syncmode enabled?
{Wed 20:25:34 Step:736} Server_Comm.py: Received a new packet while thinking!
{Wed 20:25:34 Step:737} Server_Comm.py: Received a new packet while thinking!
{Wed 20:25:34 Step:739} Server_Comm.py: The agent lost 1 packet! Is syncmode enabled?
{Wed 20:25:34 Step:739} Server_Comm.py: Received a new packet while thinking!
{Wed 20:25:34 Step:740} Server_Comm.py: Received a new packet while thinking!
{Wed 20:25:34 Step:742} Server_Comm.py: The agent lost 1 packet! Is syncmode enabled?
{Wed 20:25:34 Step:742} Server_Comm.py: Received a new packet while thinking!
{Wed 20:25:34 Step:743} Server_Comm.py: Received a new packet while thinking!
{Wed 20:25:34 Step:744} Server_Comm.py: Received a new packet while thinking!
{Wed 20:25:34 Step:746} Server_Comm.py: The agent lost 1 packet! Is syncmode enabled?
{Wed 20:25:34 Step:746} Server_Comm.py: Received a new packet while thinking!
{Wed 20:25:34 Step:747} Server_Comm.py: Received a new packet while thinking!
{Wed 20:25:34 Step:749} Server_Comm.py: The agent lost 1 packet! Is syncmode enabled?
{Wed 20:25:34 Step:749} Server_Comm.py: Received a new packet while thinking!
{Wed 20:25:34 Step:750} Server_Comm.py: Received a new packet while thinking!
{Wed 20:25:34 Step:752} Server_Comm.py: The agent lost 1 packet! Is syncmode enabled?
{Wed 20:25:34 Step:752} Server_Comm.py: Received a new packet while thinking!
{Wed 20:25:34 Step:753} Server_Comm.py: Received a new packet while thinking!
{Wed 20:25:34 Step:755} Server_Comm.py: The agent lost 1 packet! Is syncmode enabled?
{Wed 20:25:34 Step:756} Server_Comm.py: Received a new packet while thinking!
{Wed 20:25:35 Step:760} Server_Comm.py: The agent lost 1 packet! Is syncmode enabled?
{Wed 20:25:35 Step:763} Server_Comm.py: The agent lost 1 packet! Is syncmode enabled?
{Wed 20:25:35 Step:765} Server_Comm.py: Received a new packet while thinking!
{Wed 20:25:35 Step:767} Server_Comm.py: Received a new packet while thinking!
{Wed 20:25:35 Step:769} Server_Comm.py: The agent lost 1 packet! Is syncmode enabled?
{Wed 20:25:35 Step:771} Server_Comm.py: Received a new packet while thinking!
{Wed 20:25:35 Step:773} Server_Comm.py: Received a new packet while thinking!
{Wed 20:25:35 Step:775} Server_Comm.py: The agent lost 1 packet! Is syncmode enabled?
{Wed 20:25:35 Step:777} Server_Comm.py: Received a new packet while on world.update()!
{Wed 20:25:35 Step:780} Server_Comm.py: Received a new packet while thinking!
{Wed 20:25:35 Step:795} Server_Comm.py: Received a new packet while thinking!
{Wed 20:25:35 Step:797} Server_Comm.py: The agent lost 1 packet! Is syncmode enabled?
{Wed 20:25:37 Step:865} Server_Comm.py: Received a new packet while thinking!
{Wed 20:25:37 Step:867} Server_Comm.py: The agent lost 1 packet! Is syncmode enabled?
{Wed 20:25:37 Step:894} Server_Comm.py: Received a new packet while thinking!
{Wed 20:25:37 Step:896} Server_Comm.py: Received a new packet while thinking!
{Wed 20:25:37 Step:898} Server_Comm.py: The agent lost 1 packet! Is syncmode enabled?
{Wed 20:25:37 Step:900} Server_Comm.py: Received a new packet while thinking!
{Wed 20:25:37 Step:903} Server_Comm.py: The agent lost 1 packet! Is syncmode enabled?
{Wed 20:25:37 Step:903} Server_Comm.py: Received a new packet while thinking!
{Wed 20:25:37 Step:904} Server_Comm.py: Received a new packet while thinking!
{Wed 20:25:38 Step:907} Server_Comm.py: The agent lost 1 packet! Is syncmode enabled?
{Wed 20:25:38 Step:909} Server_Comm.py: Received a new packet while thinking!
{Wed 20:25:38 Step:911} Server_Comm.py: Received a new packet while thinking!
{Wed 20:25:38 Step:913} Server_Comm.py: The agent lost 1 packet! Is syncmode enabled?
{Wed 20:25:38 Step:914} Server_Comm.py: Received a new packet while thinking!
{Wed 20:25:38 Step:916} Server_Comm.py: The agent lost 1 packet! Is syncmode enabled?
{Wed 20:25:38 Step:918} Server_Comm.py: The agent lost 1 packet! Is syncmode enabled?
{Wed 20:25:38 Step:918} Server_Comm.py: Received a new packet while thinking!
{Wed 20:25:38 Step:919} Server_Comm.py: Received a new packet while thinking!
{Wed 20:25:38 Step:922} Server_Comm.py: The agent lost 2 consecutive packets! Is syncmode disabled?
{Wed 20:25:38 Step:922} Server_Comm.py: Received a new packet while thinking!
{Wed 20:25:38 Step:923} Server_Comm.py: Received a new packet while thinking!
{Wed 20:25:38 Step:925} Server_Comm.py: The agent lost 1 packet! Is syncmode enabled?
{Wed 20:25:38 Step:925} Server_Comm.py: Received a new packet while thinking!
{Wed 20:25:38 Step:927} Server_Comm.py: The agent lost 1 packet! Is syncmode enabled?
{Wed 20:25:38 Step:927} Server_Comm.py: Received a new packet while thinking!
{Wed 20:25:38 Step:929} Server_Comm.py: The agent lost 1 packet! Is syncmode enabled?
{Wed 20:25:38 Step:929} Server_Comm.py: Received a new packet while thinking!
{Wed 20:25:38 Step:931} Server_Comm.py: The agent lost 1 packet! Is syncmode enabled?
{Wed 20:25:38 Step:931} Server_Comm.py: Received a new packet while thinking!
{Wed 20:25:38 Step:933} Server_Comm.py: The agent lost 1 packet! Is syncmode enabled?
{Wed 20:25:38 Step:934} Server_Comm.py: Received a new packet while thinking!
{Wed 20:25:38 Step:935} Server_Comm.py: Received a new packet while thinking!
{Wed 20:25:38 Step:937} Server_Comm.py: The agent lost 1 packet! Is syncmode enabled?
{Wed 20:25:38 Step:940} Server_Comm.py: The agent lost 1 packet! Is syncmode enabled?
{Wed 20:25:38 Step:943} Server_Comm.py: The agent lost 1 packet! Is syncmode enabled?
{Wed 20:25:38 Step:946} Server_Comm.py: The agent lost 1 packet! Is syncmode enabled?
{Wed 20:25:38 Step:948} Server_Comm.py: Received a new packet while thinking!
{Wed 20:25:38 Step:949} Server_Comm.py: Received a new packet while thinking!
{Wed 20:25:38 Step:951} Server_Comm.py: The agent lost 1 packet! Is syncmode enabled?
{Wed 20:25:38 Step:951} Server_Comm.py: Received a new packet while thinking!
{Wed 20:25:38 Step:953} Server_Comm.py: Received a new packet while thinking!
{Wed 20:25:38 Step:955} Server_Comm.py: The agent lost 1 packet! Is syncmode enabled?
{Wed 20:25:39 Step:957} Server_Comm.py: Received a new packet while thinking!
{Wed 20:25:39 Step:960} Server_Comm.py: Received a new packet while thinking!
{Wed 20:25:40 Step:1046} Server_Comm.py: Received a new packet while thinking!
{Wed 20:25:40 Step:1048} Server_Comm.py: The agent lost 1 packet! Is syncmode enabled?
{Wed 20:25:40 Step:1055} Server_Comm.py: The agent lost 1 packet! Is syncmode enabled?
{Wed 20:25:41 Step:1062} Server_Comm.py: The agent lost 1 packet! Is syncmode enabled?
{Wed 20:25:41 Step:1066} Server_Comm.py: The agent lost 1 packet! Is syncmode enabled?
{Wed 20:25:41 Step:1076} Server_Comm.py: Received a new packet while thinking!
{Wed 20:25:41 Step:1078} Server_Comm.py: The agent lost 1 packet! Is syncmode enabled?
{Wed 20:25:41 Step:1094} Server_Comm.py: Received a new packet while thinking!
{Wed 20:25:41 Step:1096} Server_Comm.py: The agent lost 1 packet! Is syncmode enabled?
{Wed 20:25:41 Step:1100} Server_Comm.py: Received a new packet while thinking!
{Wed 20:25:41 Step:1102} Server_Comm.py: The agent lost 1 packet! Is syncmode enabled?
{Wed 20:25:42 Step:1106} Server_Comm.py: Received a new packet while thinking!
{Wed 20:25:42 Step:1108} Server_Comm.py: The agent lost 1 packet! Is syncmode enabled?
{Wed 20:25:42 Step:1113} Server_Comm.py: Received a new packet while thinking!
{Wed 20:25:42 Step:1115} Server_Comm.py: The agent lost 1 packet! Is syncmode enabled?
{Wed 20:25:42 Step:1118} Server_Comm.py: Received a new packet while thinking!
{Wed 20:25:42 Step:1120} Server_Comm.py: The agent lost 1 packet! Is syncmode enabled?
{Wed 20:25:42 Step:1124} Server_Comm.py: Received a new packet while thinking!
{Wed 20:25:42 Step:1126} Server_Comm.py: The agent lost 1 packet! Is syncmode enabled?
{Wed 20:25:42 Step:1137} Server_Comm.py: Received a new packet while thinking!
{Wed 20:25:42 Step:1139} Server_Comm.py: The agent lost 1 packet! Is syncmode enabled?
{Wed 20:25:43 Step:1169} Server_Comm.py: Received a new packet while thinking!
{Wed 20:25:43 Step:1171} Server_Comm.py: The agent lost 1 packet! Is syncmode enabled?
{Wed 20:25:43 Step:1183} Server_Comm.py: The agent lost 1 packet! Is syncmode enabled?
{Wed 20:25:43 Step:1185} Server_Comm.py: Received a new packet while thinking!
{Wed 20:25:43 Step:1189} Server_Comm.py: The agent lost 1 packet! Is syncmode enabled?
{Wed 20:25:43 Step:1192} Server_Comm.py: The agent lost 1 packet! Is syncmode enabled?
{Wed 20:25:43 Step:1194} Server_Comm.py: Received a new packet while thinking!
{Wed 20:25:43 Step:1198} Server_Comm.py: The agent lost 1 packet! Is syncmode enabled?
{Wed 20:25:43 Step:1201} Server_Comm.py: The agent lost 1 packet! Is syncmode enabled?
{Wed 20:25:43 Step:1203} Server_Comm.py: Received a new packet while thinking!
{Wed 20:25:44 Step:1204} Server_Comm.py: Received a new packet while thinking!
{Wed 20:25:44 Step:1206} Server_Comm.py: The agent lost 1 packet! Is syncmode enabled?
{Wed 20:25:44 Step:1206} Server_Comm.py: Received a new packet while thinking!
{Wed 20:25:44 Step:1208} Server_Comm.py: Received a new packet while thinking!
{Wed 20:25:44 Step:1210} Server_Comm.py: The agent lost 1 packet! Is syncmode enabled?
{Wed 20:25:44 Step:1211} Server_Comm.py: Received a new packet while thinking!
{Wed 20:25:44 Step:1213} Server_Comm.py: The agent lost 1 packet! Is syncmode enabled?
{Wed 20:25:44 Step:1216} Server_Comm.py: The agent lost 1 packet! Is syncmode enabled?
{Wed 20:25:44 Step:1219} Server_Comm.py: The agent lost 1 packet! Is syncmode enabled?
{Wed 20:25:44 Step:1222} Server_Comm.py: The agent lost 1 packet! Is syncmode enabled?
{Wed 20:25:44 Step:1224} Server_Comm.py: Received a new packet while thinking!
{Wed 20:25:44 Step:1227} Server_Comm.py: Received a new packet while thinking!
{Wed 20:25:44 Step:1229} Server_Comm.py: Received a new packet while thinking!
{Wed 20:25:44 Step:1231} Server_Comm.py: The agent lost 1 packet! Is syncmode enabled?
{Wed 20:25:44 Step:1233} Server_Comm.py: Received a new packet while thinking!
{Wed 20:25:44 Step:1236} Server_Comm.py: Received a new packet while on world.update()!
{Wed 20:25:44 Step:1239} Server_Comm.py: Received a new packet while thinking!
{Wed 20:25:44 Step:1243} Server_Comm.py: The agent lost 1 packet! Is syncmode enabled?
{Wed 20:25:44 Step:1245} Server_Comm.py: Received a new packet while thinking!
{Wed 20:25:44 Step:1249} Server_Comm.py: The agent lost 1 packet! Is syncmode enabled?
{Wed 20:25:44 Step:1251} Server_Comm.py: Received a new packet while thinking!
{Wed 20:25:45 Step:1255} Server_Comm.py: The agent lost 1 packet! Is syncmode enabled?
{Wed 20:25:45 Step:1257} Server_Comm.py: Received a new packet while thinking!
{Wed 20:25:45 Step:1260} Server_Comm.py: Received a new packet while thinking!
{Wed 20:25:45 Step:1263} Server_Comm.py: Received a new packet while thinking!
{Wed 20:25:45 Step:1267} Server_Comm.py: The agent lost 1 packet! Is syncmode enabled?
{Wed 20:25:46 Step:1337} Server_Comm.py: Received a new packet while thinking!
{Wed 20:25:46 Step:1339} Server_Comm.py: The agent lost 1 packet! Is syncmode enabled?
{Wed 20:25:46 Step:1340} Server_Comm.py: Received a new packet while thinking!
{Wed 20:25:46 Step:1342} Server_Comm.py: The agent lost 1 packet! Is syncmode enabled?
{Wed 20:25:46 Step:1343} Server_Comm.py: Received a new packet while thinking!
{Wed 20:25:46 Step:1345} Server_Comm.py: The agent lost 1 packet! Is syncmode enabled?
{Wed 20:25:46 Step:1345} Server_Comm.py: Received a new packet while thinking!
{Wed 20:25:46 Step:1347} Server_Comm.py: The agent lost 1 packet! Is syncmode enabled?
{Wed 20:25:46 Step:1347} Server_Comm.py: Received a new packet while thinking!
{Wed 20:25:46 Step:1349} Server_Comm.py: The agent lost 1 packet! Is syncmode enabled?
{Wed 20:25:46 Step:1349} Server_Comm.py: Received a new packet while thinking!
{Wed 20:25:46 Step:1351} Server_Comm.py: The agent lost 1 packet! Is syncmode enabled?
{Wed 20:25:46 Step:1351} Server_Comm.py: Received a new packet while thinking!
{Wed 20:25:46 Step:1353} Server_Comm.py: The agent lost 1 packet! Is syncmode enabled?
{Wed 20:25:47 Step:1353} Server_Comm.py: Received a new packet while thinking!
{Wed 20:25:47 Step:1355} Server_Comm.py: The agent lost 1 packet! Is syncmode enabled?
{Wed 20:25:47 Step:1355} Server_Comm.py: Received a new packet while thinking!
{Wed 20:25:47 Step:1357} Server_Comm.py: The agent lost 1 packet! Is syncmode enabled?
{Wed 20:25:47 Step:1357} Server_Comm.py: Received a new packet while thinking!
{Wed 20:25:47 Step:1359} Server_Comm.py: The agent lost 1 packet! Is syncmode enabled?
{Wed 20:25:47 Step:1359} Server_Comm.py: Received a new packet while thinking!
{Wed 20:25:47 Step:1361} Server_Comm.py: The agent lost 1 packet! Is syncmode enabled?
{Wed 20:25:47 Step:1361} Server_Comm.py: Received a new packet while thinking!
{Wed 20:25:47 Step:1362} Server_Comm.py: Received a new packet while on world.update()!
{Wed 20:25:47 Step:1363} Server_Comm.py: Received a new packet while thinking!
{Wed 20:25:47 Step:1365} Server_Comm.py: The agent lost 1 packet! Is syncmode enabled?
{Wed 20:25:47 Step:1365} Server_Comm.py: Received a new packet while thinking!
{Wed 20:25:47 Step:1367} Server_Comm.py: The agent lost 1 packet! Is syncmode enabled?
{Wed 20:25:47 Step:1367} Server_Comm.py: Received a new packet while thinking!
{Wed 20:25:47 Step:1368} Server_Comm.py: Received a new packet while thinking!
{Wed 20:25:47 Step:1370} Server_Comm.py: The agent lost 1 packet! Is syncmode enabled?
{Wed 20:25:47 Step:1370} Server_Comm.py: Received a new packet while thinking!
{Wed 20:25:47 Step:1371} Server_Comm.py: Received a new packet while thinking!
{Wed 20:25:47 Step:1373} Server_Comm.py: The agent lost 1 packet! Is syncmode enabled?
{Wed 20:25:47 Step:1373} Server_Comm.py: Received a new packet while thinking!
{Wed 20:25:47 Step:1375} Server_Comm.py: The agent lost 1 packet! Is syncmode enabled?
{Wed 20:25:47 Step:1375} Server_Comm.py: Received a new packet while thinking!
{Wed 20:25:47 Step:1376} Server_Comm.py: Received a new packet while thinking!
{Wed 20:25:47 Step:1378} Server_Comm.py: Received a new packet while thinking!
{Wed 20:25:47 Step:1380} Server_Comm.py: The agent lost 1 packet! Is syncmode enabled?
{Wed 20:25:47 Step:1381} Server_Comm.py: Received a new packet while thinking!
{Wed 20:25:47 Step:1383} Server_Comm.py: The agent lost 1 packet! Is syncmode enabled?
{Wed 20:25:47 Step:1384} Server_Comm.py: Received a new packet while thinking!
{Wed 20:25:47 Step:1386} Server_Comm.py: The agent lost 1 packet! Is syncmode enabled?
{Wed 20:25:47 Step:1387} Server_Comm.py: Received a new packet while thinking!
{Wed 20:25:47 Step:1389} Server_Comm.py: The agent lost 1 packet! Is syncmode enabled?
{Wed 20:25:47 Step:1389} Server_Comm.py: Received a new packet while thinking!
{Wed 20:25:47 Step:1391} Server_Comm.py: The agent lost 1 packet! Is syncmode enabled?
{Wed 20:25:47 Step:1393} Server_Comm.py: Received a new packet while thinking!
{Wed 20:25:47 Step:1395} Server_Comm.py: The agent lost 1 packet! Is syncmode enabled?
{Wed 20:25:47 Step:1401} Server_Comm.py: Received a new packet while thinking!
{Wed 20:25:47 Step:1403} Server_Comm.py: The agent lost 1 packet! Is syncmode enabled?
{Wed 20:25:48 Step:1410} Server_Comm.py: Received a new packet while thinking!
{Wed 20:25:48 Step:1412} Server_Comm.py: The agent lost 1 packet! Is syncmode enabled?
{Wed 20:25:48 Step:1422} Server_Comm.py: Received a new packet while thinking!
{Wed 20:25:48 Step:1425} Server_Comm.py: Received a new packet while thinking!
{Wed 20:25:48 Step:1428} Server_Comm.py: Received a new packet while thinking!
{Wed 20:25:48 Step:1431} Server_Comm.py: Received a new packet while thinking!
{Wed 20:25:48 Step:1434} Server_Comm.py: Received a new packet while thinking!
{Wed 20:25:48 Step:1437} Server_Comm.py: Received a new packet while thinking!
{Wed 20:25:48 Step:1441} Server_Comm.py: The agent lost 1 packet! Is syncmode enabled?
{Wed 20:25:50 Step:1545} Server_Comm.py: Received a new packet while thinking!
{Wed 20:25:50 Step:1548} Server_Comm.py: Received a new packet while thinking!
{Wed 20:25:50 Step:1550} Server_Comm.py: Received a new packet while thinking!
{Wed 20:25:50 Step:1552} Server_Comm.py: The agent lost 1 packet! Is syncmode enabled?
{Wed 20:25:51 Step:1555} Server_Comm.py: The agent lost 1 packet! Is syncmode enabled?
{Wed 20:25:51 Step:1557} Server_Comm.py: Received a new packet while thinking!
{Wed 20:25:51 Step:1561} Server_Comm.py: The agent lost 1 packet! Is syncmode enabled?
{Wed 20:25:51 Step:1563} Server_Comm.py: Received a new packet while thinking!
