{Wed 20:25:21 Step:174} Server_Comm.py: Received a new packet while thinking!
{Wed 20:25:21 Step:176} Server_Comm.py: The agent lost 1 packet! Is syncmode enabled?
{Wed 20:25:21 Step:177} Server_Comm.py: Received a new packet while thinking!
{Wed 20:25:21 Step:178} Server_Comm.py: Received a new packet while thinking!
{Wed 20:25:21 Step:181} Server_Comm.py: The agent lost 2 consecutive packets! Is syncmode disabled?
{Wed 20:25:21 Step:181} Server_Comm.py: Received a new packet while thinking!
{Wed 20:25:21 Step:183} Server_Comm.py: The agent lost 1 packet! Is syncmode enabled?
{Wed 20:25:21 Step:183} Server_Comm.py: Received a new packet while thinking!
{Wed 20:25:21 Step:185} Server_Comm.py: The agent lost 1 packet! Is syncmode enabled?
{Wed 20:25:21 Step:185} Server_Comm.py: Received a new packet while thinking!
{Wed 20:25:21 Step:188} Server_Comm.py: The agent lost 2 consecutive packets! Is syncmode disabled?
{Wed 20:25:22 Step:188} Server_Comm.py: Received a new packet while thinking!
{Wed 20:25:22 Step:190} Server_Comm.py: The agent lost 1 packet! Is syncmode enabled?
{Wed 20:25:22 Step:190} Server_Comm.py: Received a new packet while thinking!
{Wed 20:25:22 Step:192} Server_Comm.py: The agent lost 1 packet! Is syncmode enabled?
{Wed 20:25:22 Step:192} Server_Comm.py: Received a new packet while thinking!
{Wed 20:25:22 Step:194} Server_Comm.py: The agent lost 1 packet! Is syncmode enabled?
{Wed 20:25:22 Step:194} Server_Comm.py: Received a new packet while thinking!
{Wed 20:25:22 Step:196} Server_Comm.py: The agent lost 1 packet! Is syncmode enabled?
{Wed 20:25:22 Step:196} Server_Comm.py: Received a new packet while thinking!
{Wed 20:25:22 Step:198} Server_Comm.py: The agent lost 1 packet! Is syncmode enabled?
{Wed 20:25:22 Step:198} Server_Comm.py: Received a new packet while thinking!
{Wed 20:25:22 Step:200} Server_Comm.py: The agent lost 1 packet! Is syncmode enabled?
{Wed 20:25:22 Step:200} Server_Comm.py: Received a new packet while thinking!
{Wed 20:25:22 Step:202} Server_Comm.py: The agent lost 1 packet! Is syncmode enabled?
{Wed 20:25:22 Step:202} Server_Comm.py: Received a new packet while thinking!
{Wed 20:25:22 Step:204} Server_Comm.py: The agent lost 1 packet! Is syncmode enabled?
{Wed 20:25:22 Step:204} Server_Comm.py: Received a new packet while thinking!
{Wed 20:25:22 Step:207} Server_Comm.py: The agent lost 2 consecutive packets! Is syncmode disabled?
{Wed 20:25:22 Step:207} Server_Comm.py: Received a new packet while thinking!
{Wed 20:25:22 Step:209} Server_Comm.py: The agent lost 1 packet! Is syncmode enabled?
{Wed 20:25:22 Step:209} Server_Comm.py: Received a new packet while thinking!
{Wed 20:25:22 Step:212} Server_Comm.py: The agent lost 2 consecutive packets! Is syncmode disabled?
{Wed 20:25:22 Step:212} Server_Comm.py: Received a new packet while thinking!
{Wed 20:25:22 Step:214} Server_Comm.py: The agent lost 1 packet! Is syncmode enabled?
{Wed 20:25:22 Step:214} Server_Comm.py: Received a new packet while thinking!
{Wed 20:25:22 Step:216} Server_Comm.py: The agent lost 1 packet! Is syncmode enabled?
{Wed 20:25:22 Step:216} Server_Comm.py: Received a new packet while thinking!
{Wed 20:25:22 Step:218} Server_Comm.py: The agent lost 1 packet! Is syncmode enabled?
{Wed 20:25:22 Step:218} Server_Comm.py: Received a new packet while thinking!
{Wed 20:25:22 Step:220} Server_Comm.py: The agent lost 1 packet! Is syncmode enabled?
{Wed 20:25:22 Step:220} Server_Comm.py: Received a new packet while thinking!
{Wed 20:25:22 Step:222} Server_Comm.py: The agent lost 1 packet! Is syncmode enabled?
{Wed 20:25:22 Step:222} Server_Comm.py: Received a new packet while thinking!
{Wed 20:25:22 Step:225} Server_Comm.py: The agent lost 2 consecutive packets! Is syncmode disabled?
{Wed 20:25:22 Step:225} Server_Comm.py: Received a new packet while thinking!
{Wed 20:25:22 Step:227} Server_Comm.py: The agent lost 1 packet! Is syncmode enabled?
{Wed 20:25:22 Step:227} Server_Comm.py: Received a new packet while thinking!
{Wed 20:25:22 Step:228} Server_Comm.py: Received a new packet while thinking!
{Wed 20:25:22 Step:230} Server_Comm.py: The agent lost 1 packet! Is syncmode enabled?
{Wed 20:25:22 Step:230} Server_Comm.py: Received a new packet while thinking!
{Wed 20:25:22 Step:232} Server_Comm.py: The agent lost 1 packet! Is syncmode enabled?
{Wed 20:25:22 Step:232} Server_Comm.py: Received a new packet while thinking!
{Wed 20:25:22 Step:234} Server_Comm.py: The agent lost 1 packet! Is syncmode enabled?
{Wed 20:25:22 Step:234} Server_Comm.py: Received a new packet while thinking!
{Wed 20:25:22 Step:236} Server_Comm.py: The agent lost 1 packet! Is syncmode enabled?
{Wed 20:25:22 Step:236} Server_Comm.py: Received a new packet while thinking!
{Wed 20:25:23 Step:238} Server_Comm.py: The agent lost 1 packet! Is syncmode enabled?
{Wed 20:25:23 Step:238} Server_Comm.py: Received a new packet while thinking!
{Wed 20:25:23 Step:240} Server_Comm.py: The agent lost 1 packet! Is syncmode enabled?
{Wed 20:25:23 Step:240} Server_Comm.py: Received a new packet while thinking!
{Wed 20:25:23 Step:242} Server_Comm.py: The agent lost 1 packet! Is syncmode enabled?
{Wed 20:25:23 Step:242} Server_Comm.py: Received a new packet while thinking!
{Wed 20:25:23 Step:243} Server_Comm.py: Received a new packet while thinking!
{Wed 20:25:23 Step:245} Server_Comm.py: The agent lost 1 packet! Is syncmode enabled?
{Wed 20:25:23 Step:245} Server_Comm.py: Received a new packet while thinking!
{Wed 20:25:23 Step:247} Server_Comm.py: The agent lost 1 packet! Is syncmode enabled?
{Wed 20:25:23 Step:247} Server_Comm.py: Received a new packet while thinking!
{Wed 20:25:23 Step:248} Server_Comm.py: Received a new packet while thinking!
{Wed 20:25:23 Step:249} Server_Comm.py: Received a new packet while thinking!
{Wed 20:25:23 Step:251} Server_Comm.py: The agent lost 1 packet! Is syncmode enabled?
{Wed 20:25:23 Step:251} Server_Comm.py: Received a new packet while thinking!
{Wed 20:25:23 Step:253} Server_Comm.py: The agent lost 1 packet! Is syncmode enabled?
{Wed 20:25:23 Step:253} Server_Comm.py: Received a new packet while thinking!
{Wed 20:25:23 Step:254} Server_Comm.py: Received a new packet while thinking!
{Wed 20:25:23 Step:255} Server_Comm.py: Received a new packet while thinking!
{Wed 20:25:23 Step:257} Server_Comm.py: The agent lost 1 packet! Is syncmode enabled?
{Wed 20:25:23 Step:257} Server_Comm.py: Received a new packet while thinking!
{Wed 20:25:23 Step:259} Server_Comm.py: The agent lost 1 packet! Is syncmode enabled?
{Wed 20:25:23 Step:259} Server_Comm.py: Received a new packet while thinking!
{Wed 20:25:23 Step:260} Server_Comm.py: Received a new packet while thinking!
{Wed 20:25:23 Step:262} Server_Comm.py: The agent lost 1 packet! Is syncmode enabled?
{Wed 20:25:23 Step:262} Server_Comm.py: Received a new packet while thinking!
{Wed 20:25:23 Step:264} Server_Comm.py: The agent lost 1 packet! Is syncmode enabled?
{Wed 20:25:23 Step:264} Server_Comm.py: Received a new packet while thinking!
{Wed 20:25:23 Step:265} Server_Comm.py: Received a new packet while on world.update()!
{Wed 20:25:23 Step:266} Server_Comm.py: Received a new packet while thinking!
{Wed 20:25:23 Step:268} Server_Comm.py: The agent lost 1 packet! Is syncmode enabled?
{Wed 20:25:23 Step:268} Server_Comm.py: Received a new packet while thinking!
{Wed 20:25:23 Step:270} Server_Comm.py: The agent lost 1 packet! Is syncmode enabled?
{Wed 20:25:23 Step:270} Server_Comm.py: Received a new packet while thinking!
{Wed 20:25:23 Step:271} Server_Comm.py: Received a new packet while on world.update()!
{Wed 20:25:23 Step:272} Server_Comm.py: Received a new packet while thinking!
{Wed 20:25:23 Step:274} Server_Comm.py: The agent lost 1 packet! Is syncmode enabled?
{Wed 20:25:23 Step:274} Server_Comm.py: Received a new packet while thinking!
{Wed 20:25:23 Step:275} Server_Comm.py: Received a new packet while thinking!
{Wed 20:25:23 Step:278} Server_Comm.py: The agent lost 2 consecutive packets! Is syncmode disabled?
{Wed 20:25:23 Step:278} Server_Comm.py: Received a new packet while thinking!
{Wed 20:25:23 Step:280} Server_Comm.py: The agent lost 1 packet! Is syncmode enabled?
{Wed 20:25:23 Step:280} Server_Comm.py: Received a new packet while thinking!
{Wed 20:25:23 Step:281} Server_Comm.py: Received a new packet while thinking!
{Wed 20:25:23 Step:284} Server_Comm.py: The agent lost 2 consecutive packets! Is syncmode disabled?
{Wed 20:25:23 Step:284} Server_Comm.py: Received a new packet while thinking!
{Wed 20:25:23 Step:285} Server_Comm.py: Received a new packet while thinking!
{Wed 20:25:23 Step:287} Server_Comm.py: The agent lost 1 packet! Is syncmode enabled?
{Wed 20:25:24 Step:287} Server_Comm.py: Received a new packet while thinking!
{Wed 20:25:24 Step:288} Server_Comm.py: Received a new packet while on world.update()!
{Wed 20:25:24 Step:289} Server_Comm.py: Received a new packet while thinking!
{Wed 20:25:24 Step:290} Server_Comm.py: Received a new packet while thinking!
{Wed 20:25:24 Step:292} Server_Comm.py: The agent lost 1 packet! Is syncmode enabled?
{Wed 20:25:24 Step:292} Server_Comm.py: Received a new packet while thinking!
{Wed 20:25:24 Step:294} Server_Comm.py: The agent lost 1 packet! Is syncmode enabled?
{Wed 20:25:24 Step:294} Server_Comm.py: Received a new packet while thinking!
{Wed 20:25:24 Step:295} Server_Comm.py: Received a new packet while thinking!
{Wed 20:25:24 Step:297} Server_Comm.py: The agent lost 1 packet! Is syncmode enabled?
{Wed 20:25:24 Step:297} Server_Comm.py: Received a new packet while thinking!
{Wed 20:25:24 Step:299} Server_Comm.py: The agent lost 1 packet! Is syncmode enabled?
{Wed 20:25:24 Step:299} Server_Comm.py: Received a new packet while thinking!
{Wed 20:25:24 Step:300} Server_Comm.py: Received a new packet while thinking!
{Wed 20:25:24 Step:302} Server_Comm.py: The agent lost 1 packet! Is syncmode enabled?
{Wed 20:25:24 Step:302} Server_Comm.py: Received a new packet while thinking!
{Wed 20:25:24 Step:303} Server_Comm.py: Received a new packet while thinking!
{Wed 20:25:24 Step:305} Server_Comm.py: The agent lost 1 packet! Is syncmode enabled?
{Wed 20:25:24 Step:305} Server_Comm.py: Received a new packet while thinking!
{Wed 20:25:24 Step:306} Server_Comm.py: Received a new packet while thinking!
{Wed 20:25:24 Step:308} Server_Comm.py: The agent lost 1 packet! Is syncmode enabled?
{Wed 20:25:24 Step:308} Server_Comm.py: Received a new packet while thinking!
{Wed 20:25:24 Step:309} Server_Comm.py: Received a new packet while thinking!
{Wed 20:25:24 Step:311} Server_Comm.py: The agent lost 1 packet! Is syncmode enabled?
{Wed 20:25:24 Step:311} Server_Comm.py: Received a new packet while thinking!
{Wed 20:25:24 Step:313} Server_Comm.py: The agent lost 1 packet! Is syncmode enabled?
{Wed 20:25:24 Step:313} Server_Comm.py: Received a new packet while thinking!
{Wed 20:25:24 Step:315} Server_Comm.py: The agent lost 1 packet! Is syncmode enabled?
{Wed 20:25:24 Step:315} Server_Comm.py: Received a new packet while thinking!
{Wed 20:25:24 Step:316} Server_Comm.py: Received a new packet while on world.update()!
{Wed 20:25:24 Step:317} Server_Comm.py: Received a new packet while thinking!
{Wed 20:25:24 Step:318} Server_Comm.py: Received a new packet while thinking!
{Wed 20:25:24 Step:320} Server_Comm.py: The agent lost 1 packet! Is syncmode enabled?
{Wed 20:25:24 Step:320} Server_Comm.py: Received a new packet while thinking!
{Wed 20:25:24 Step:321} Server_Comm.py: Received a new packet while thinking!
{Wed 20:25:24 Step:323} Server_Comm.py: The agent lost 1 packet! Is syncmode enabled?
{Wed 20:25:24 Step:323} Server_Comm.py: Received a new packet while thinking!
{Wed 20:25:24 Step:324} Server_Comm.py: Received a new packet while thinking!
{Wed 20:25:24 Step:325} Server_Comm.py: Received a new packet while on world.update()!
{Wed 20:25:24 Step:326} Server_Comm.py: Received a new packet while thinking!
{Wed 20:25:24 Step:328} Server_Comm.py: The agent lost 1 packet! Is syncmode enabled?
{Wed 20:25:24 Step:328} Server_Comm.py: Received a new packet while thinking!
{Wed 20:25:24 Step:330} Server_Comm.py: The agent lost 1 packet! Is syncmode enabled?
{Wed 20:25:24 Step:330} Server_Comm.py: Received a new packet while thinking!
{Wed 20:25:24 Step:332} Server_Comm.py: The agent lost 1 packet! Is syncmode enabled?
{Wed 20:25:24 Step:332} Server_Comm.py: Received a new packet while thinking!
{Wed 20:25:24 Step:333} Server_Comm.py: Received a new packet while on world.update()!
{Wed 20:25:24 Step:334} Server_Comm.py: Received a new packet while thinking!
{Wed 20:25:24 Step:336} Server_Comm.py: The agent lost 1 packet! Is syncmode enabled?
{Wed 20:25:25 Step:336} Server_Comm.py: Received a new packet while thinking!
{Wed 20:25:25 Step:338} Server_Comm.py: The agent lost 1 packet! Is syncmode enabled?
{Wed 20:25:25 Step:338} Server_Comm.py: Received a new packet while thinking!
{Wed 20:25:25 Step:339} Server_Comm.py: Received a new packet while thinking!
{Wed 20:25:25 Step:341} Server_Comm.py: The agent lost 1 packet! Is syncmode enabled?
{Wed 20:25:25 Step:341} Server_Comm.py: Received a new packet while thinking!
{Wed 20:25:25 Step:343} Server_Comm.py: The agent lost 1 packet! Is syncmode enabled?
{Wed 20:25:25 Step:343} Server_Comm.py: Received a new packet while thinking!
{Wed 20:25:25 Step:345} Server_Comm.py: The agent lost 1 packet! Is syncmode enabled?
{Wed 20:25:25 Step:345} Server_Comm.py: Received a new packet while thinking!
{Wed 20:25:25 Step:346} Server_Comm.py: Received a new packet while on world.update()!
{Wed 20:25:25 Step:347} Server_Comm.py: Received a new packet while thinking!
{Wed 20:25:25 Step:348} Server_Comm.py: Received a new packet while thinking!
{Wed 20:25:25 Step:350} Server_Comm.py: The agent lost 1 packet! Is syncmode enabled?
{Wed 20:25:25 Step:350} Server_Comm.py: Received a new packet while thinking!
{Wed 20:25:25 Step:351} Server_Comm.py: Received a new packet while thinking!
{Wed 20:25:25 Step:353} Server_Comm.py: The agent lost 1 packet! Is syncmode enabled?
{Wed 20:25:25 Step:353} Server_Comm.py: Received a new packet while thinking!
{Wed 20:25:25 Step:355} Server_Comm.py: The agent lost 1 packet! Is syncmode enabled?
{Wed 20:25:25 Step:355} Server_Comm.py: Received a new packet while thinking!
{Wed 20:25:25 Step:357} Server_Comm.py: The agent lost 1 packet! Is syncmode enabled?
{Wed 20:25:25 Step:357} Server_Comm.py: Received a new packet while thinking!
{Wed 20:25:25 Step:359} Server_Comm.py: The agent lost 1 packet! Is syncmode enabled?
{Wed 20:25:25 Step:359} Server_Comm.py: Received a new packet while thinking!
{Wed 20:25:25 Step:360} Server_Comm.py: Received a new packet while thinking!
{Wed 20:25:25 Step:362} Server_Comm.py: The agent lost 1 packet! Is syncmode enabled?
{Wed 20:25:25 Step:362} Server_Comm.py: Received a new packet while thinking!
{Wed 20:25:25 Step:364} Server_Comm.py: The agent lost 1 packet! Is syncmode enabled?
{Wed 20:25:25 Step:364} Server_Comm.py: Received a new packet while thinking!
{Wed 20:25:25 Step:366} Server_Comm.py: The agent lost 1 packet! Is syncmode enabled?
{Wed 20:25:25 Step:366} Server_Comm.py: Received a new packet while thinking!
{Wed 20:25:25 Step:367} Server_Comm.py: Received a new packet while on world.update()!
{Wed 20:25:25 Step:368} Server_Comm.py: Received a new packet while thinking!
{Wed 20:25:25 Step:369} Server_Comm.py: Received a new packet while thinking!
{Wed 20:25:25 Step:371} Server_Comm.py: The agent lost 1 packet! Is syncmode enabled?
{Wed 20:25:25 Step:371} Server_Comm.py: Received a new packet while thinking!
{Wed 20:25:25 Step:373} Server_Comm.py: The agent lost 1 packet! Is syncmode enabled?
{Wed 20:25:25 Step:373} Server_Comm.py: Received a new packet while thinking!
{Wed 20:25:25 Step:375} Server_Comm.py: The agent lost 1 packet! Is syncmode enabled?
{Wed 20:25:25 Step:375} Server_Comm.py: Received a new packet while thinking!
{Wed 20:25:25 Step:377} Server_Comm.py: The agent lost 1 packet! Is syncmode enabled?
{Wed 20:25:25 Step:377} Server_Comm.py: Received a new packet while thinking!
{Wed 20:25:25 Step:379} Server_Comm.py: The agent lost 1 packet! Is syncmode enabled?
{Wed 20:25:25 Step:379} Server_Comm.py: Received a new packet while thinking!
{Wed 20:25:25 Step:381} Server_Comm.py: The agent lost 1 packet! Is syncmode enabled?
{Wed 20:25:25 Step:381} Server_Comm.py: Received a new packet while thinking!
{Wed 20:25:25 Step:383} Server_Comm.py: The agent lost 1 packet! Is syncmode enabled?
{Wed 20:25:25 Step:383} Server_Comm.py: Received a new packet while thinking!
{Wed 20:25:25 Step:384} Server_Comm.py: Received a new packet while thinking!
{Wed 20:25:25 Step:386} Server_Comm.py: The agent lost 1 packet! Is syncmode enabled?
{Wed 20:25:25 Step:386} Server_Comm.py: Received a new packet while thinking!
{Wed 20:25:26 Step:387} Server_Comm.py: Received a new packet while thinking!
{Wed 20:25:26 Step:389} Server_Comm.py: The agent lost 1 packet! Is syncmode enabled?
{Wed 20:25:26 Step:389} Server_Comm.py: Received a new packet while thinking!
{Wed 20:25:26 Step:391} Server_Comm.py: The agent lost 1 packet! Is syncmode enabled?
{Wed 20:25:26 Step:391} Server_Comm.py: Received a new packet while thinking!
{Wed 20:25:26 Step:393} Server_Comm.py: The agent lost 1 packet! Is syncmode enabled?
{Wed 20:25:26 Step:393} Server_Comm.py: Received a new packet while thinking!
{Wed 20:25:26 Step:396} Server_Comm.py: The agent lost 2 consecutive packets! Is syncmode disabled?
{Wed 20:25:26 Step:396} Server_Comm.py: Received a new packet while thinking!
{Wed 20:25:26 Step:398} Server_Comm.py: The agent lost 1 packet! Is syncmode enabled?
{Wed 20:25:26 Step:398} Server_Comm.py: Received a new packet while thinking!
{Wed 20:25:26 Step:400} Server_Comm.py: The agent lost 1 packet! Is syncmode enabled?
{Wed 20:25:26 Step:400} Server_Comm.py: Received a new packet while thinking!
{Wed 20:25:26 Step:403} Server_Comm.py: The agent lost 2 consecutive packets! Is syncmode disabled?
{Wed 20:25:26 Step:403} Server_Comm.py: Received a new packet while thinking!
{Wed 20:25:26 Step:405} Server_Comm.py: The agent lost 1 packet! Is syncmode enabled?
{Wed 20:25:26 Step:405} Server_Comm.py: Received a new packet while thinking!
{Wed 20:25:26 Step:408} Server_Comm.py: The agent lost 2 consecutive packets! Is syncmode disabled?
{Wed 20:25:26 Step:408} Server_Comm.py: Received a new packet while thinking!
{Wed 20:25:26 Step:410} Server_Comm.py: The agent lost 1 packet! Is syncmode enabled?
{Wed 20:25:26 Step:410} Server_Comm.py: Received a new packet while thinking!
{Wed 20:25:26 Step:412} Server_Comm.py: The agent lost 1 packet! Is syncmode enabled?
{Wed 20:25:26 Step:412} Server_Comm.py: Received a new packet while thinking!
{Wed 20:25:26 Step:414} Server_Comm.py: The agent lost 1 packet! Is syncmode enabled?
{Wed 20:25:26 Step:414} Server_Comm.py: Received a new packet while thinking!
{Wed 20:25:26 Step:416} Server_Comm.py: The agent lost 1 packet! Is syncmode enabled?
{Wed 20:25:26 Step:416} Server_Comm.py: Received a new packet while thinking!
{Wed 20:25:26 Step:418} Server_Comm.py: The agent lost 1 packet! Is syncmode enabled?
{Wed 20:25:26 Step:418} Server_Comm.py: Received a new packet while on world.update()!
{Wed 20:25:26 Step:419} Server_Comm.py: Received a new packet while thinking!
{Wed 20:25:26 Step:421} Server_Comm.py: The agent lost 1 packet! Is syncmode enabled?
{Wed 20:25:26 Step:421} Server_Comm.py: Received a new packet while thinking!
{Wed 20:25:26 Step:423} Server_Comm.py: The agent lost 1 packet! Is syncmode enabled?
{Wed 20:25:26 Step:423} Server_Comm.py: Received a new packet while thinking!
{Wed 20:25:26 Step:425} Server_Comm.py: The agent lost 1 packet! Is syncmode enabled?
{Wed 20:25:26 Step:425} Server_Comm.py: Received a new packet while thinking!
{Wed 20:25:26 Step:427} Server_Comm.py: The agent lost 1 packet! Is syncmode enabled?
{Wed 20:25:26 Step:427} Server_Comm.py: Received a new packet while thinking!
{Wed 20:25:26 Step:429} Server_Comm.py: The agent lost 1 packet! Is syncmode enabled?
{Wed 20:25:26 Step:429} Server_Comm.py: Received a new packet while thinking!
{Wed 20:25:26 Step:431} Server_Comm.py: The agent lost 1 packet! Is syncmode enabled?
{Wed 20:25:26 Step:431} Server_Comm.py: Received a new packet while thinking!
{Wed 20:25:26 Step:433} Server_Comm.py: The agent lost 1 packet! Is syncmode enabled?
{Wed 20:25:26 Step:433} Server_Comm.py: Received a new packet while thinking!
{Wed 20:25:26 Step:435} Server_Comm.py: The agent lost 1 packet! Is syncmode enabled?
{Wed 20:25:26 Step:435} Server_Comm.py: Received a new packet while thinking!
{Wed 20:25:27 Step:437} Server_Comm.py: The agent lost 1 packet! Is syncmode enabled?
{Wed 20:25:27 Step:437} Server_Comm.py: Received a new packet while thinking!
{Wed 20:25:27 Step:438} Server_Comm.py: Received a new packet while thinking!
{Wed 20:25:27 Step:440} Server_Comm.py: The agent lost 1 packet! Is syncmode enabled?
{Wed 20:25:27 Step:440} Server_Comm.py: Received a new packet while thinking!
{Wed 20:25:27 Step:442} Server_Comm.py: The agent lost 1 packet! Is syncmode enabled?
{Wed 20:25:27 Step:442} Server_Comm.py: Received a new packet while thinking!
{Wed 20:25:27 Step:444} Server_Comm.py: The agent lost 1 packet! Is syncmode enabled?
{Wed 20:25:27 Step:444} Server_Comm.py: Received a new packet while thinking!
{Wed 20:25:27 Step:446} Server_Comm.py: The agent lost 1 packet! Is syncmode enabled?
{Wed 20:25:27 Step:446} Server_Comm.py: Received a new packet while thinking!
{Wed 20:25:27 Step:447} Server_Comm.py: Received a new packet while thinking!
{Wed 20:25:27 Step:449} Server_Comm.py: The agent lost 1 packet! Is syncmode enabled?
{Wed 20:25:27 Step:449} Server_Comm.py: Received a new packet while thinking!
{Wed 20:25:27 Step:450} Server_Comm.py: Received a new packet while thinking!
{Wed 20:25:27 Step:452} Server_Comm.py: The agent lost 1 packet! Is syncmode enabled?
{Wed 20:25:27 Step:453} Server_Comm.py: Received a new packet while thinking!
{Wed 20:25:27 Step:455} Server_Comm.py: Received a new packet while thinking!
{Wed 20:25:27 Step:457} Server_Comm.py: The agent lost 1 packet! Is syncmode enabled?
{Wed 20:25:27 Step:457} Server_Comm.py: Received a new packet while thinking!
{Wed 20:25:27 Step:459} Server_Comm.py: The agent lost 1 packet! Is syncmode enabled?
{Wed 20:25:27 Step:461} Server_Comm.py: Received a new packet while thinking!
{Wed 20:25:27 Step:463} Server_Comm.py: The agent lost 1 packet! Is syncmode enabled?
{Wed 20:25:27 Step:464} Server_Comm.py: Received a new packet while thinking!
{Wed 20:25:27 Step:466} Server_Comm.py: The agent lost 1 packet! Is syncmode enabled?
{Wed 20:25:27 Step:469} Server_Comm.py: The agent lost 1 packet! Is syncmode enabled?
{Wed 20:25:27 Step:471} Server_Comm.py: Received a new packet while thinking!
{Wed 20:25:27 Step:474} Server_Comm.py: Received a new packet while thinking!
{Wed 20:25:27 Step:477} Server_Comm.py: Received a new packet while thinking!
{Wed 20:25:27 Step:481} Server_Comm.py: The agent lost 1 packet! Is syncmode enabled?
{Wed 20:25:27 Step:483} Server_Comm.py: Received a new packet while thinking!
{Wed 20:25:28 Step:486} Server_Comm.py: Received a new packet while thinking!
{Wed 20:25:28 Step:489} Server_Comm.py: Received a new packet while thinking!
{Wed 20:25:28 Step:493} Server_Comm.py: The agent lost 1 packet! Is syncmode enabled?
{Wed 20:25:28 Step:495} Server_Comm.py: Received a new packet while thinking!
{Wed 20:25:28 Step:498} Server_Comm.py: Received a new packet while thinking!
{Wed 20:25:28 Step:501} Server_Comm.py: Received a new packet while thinking!
{Wed 20:25:28 Step:504} Server_Comm.py: Received a new packet while thinking!
{Wed 20:25:28 Step:507} Server_Comm.py: Received a new packet while on world.update()!
{Wed 20:25:28 Step:523} Server_Comm.py: Received a new packet while thinking!
{Wed 20:25:28 Step:535} Server_Comm.py: Received a new packet while thinking!
{Wed 20:25:29 Step:542} Server_Comm.py: Received a new packet while thinking!
{Wed 20:25:29 Step:543} Server_Comm.py: Received a new packet while thinking!
{Wed 20:25:29 Step:546} Server_Comm.py: Received a new packet while thinking!
{Wed 20:25:29 Step:550} Server_Comm.py: The agent lost 1 packet! Is syncmode enabled?
{Wed 20:25:29 Step:552} Server_Comm.py: Received a new packet while thinking!
{Wed 20:25:29 Step:554} Server_Comm.py: Received a new packet while thinking!
{Wed 20:25:29 Step:556} Server_Comm.py: The agent lost 1 packet! Is syncmode enabled?
{Wed 20:25:29 Step:558} Server_Comm.py: Received a new packet while thinking!
{Wed 20:25:29 Step:560} Server_Comm.py: Received a new packet while thinking!
{Wed 20:25:29 Step:562} Server_Comm.py: The agent lost 1 packet! Is syncmode enabled?
{Wed 20:25:29 Step:565} Server_Comm.py: The agent lost 1 packet! Is syncmode enabled?
{Wed 20:25:29 Step:568} Server_Comm.py: The agent lost 1 packet! Is syncmode enabled?
{Wed 20:25:29 Step:569} Server_Comm.py: Received a new packet while thinking!
{Wed 20:25:29 Step:571} Server_Comm.py: The agent lost 1 packet! Is syncmode enabled?
{Wed 20:25:29 Step:571} Server_Comm.py: Received a new packet while thinking!
{Wed 20:25:29 Step:573} Server_Comm.py: The agent lost 1 packet! Is syncmode enabled?
{Wed 20:25:29 Step:573} Server_Comm.py: Received a new packet while thinking!
{Wed 20:25:29 Step:574} Server_Comm.py: Received a new packet while thinking!
{Wed 20:25:29 Step:576} Server_Comm.py: The agent lost 1 packet! Is syncmode enabled?
{Wed 20:25:29 Step:576} Server_Comm.py: Received a new packet while thinking!
{Wed 20:25:29 Step:577} Server_Comm.py: Received a new packet while thinking!
{Wed 20:25:29 Step:579} Server_Comm.py: The agent lost 1 packet! Is syncmode enabled?
{Wed 20:25:29 Step:579} Server_Comm.py: Received a new packet while thinking!
{Wed 20:25:29 Step:581} Server_Comm.py: The agent lost 1 packet! Is syncmode enabled?
{Wed 20:25:29 Step:581} Server_Comm.py: Received a new packet while thinking!
{Wed 20:25:29 Step:582} Server_Comm.py: Received a new packet while thinking!
{Wed 20:25:29 Step:584} Server_Comm.py: The agent lost 1 packet! Is syncmode enabled?
{Wed 20:25:29 Step:584} Server_Comm.py: Received a new packet while thinking!
{Wed 20:25:30 Step:585} Server_Comm.py: Received a new packet while thinking!
{Wed 20:25:30 Step:587} Server_Comm.py: The agent lost 1 packet! Is syncmode enabled?
{Wed 20:25:30 Step:587} Server_Comm.py: Received a new packet while thinking!
{Wed 20:25:30 Step:588} Server_Comm.py: Received a new packet while thinking!
{Wed 20:25:30 Step:590} Server_Comm.py: The agent lost 1 packet! Is syncmode enabled?
{Wed 20:25:30 Step:590} Server_Comm.py: Received a new packet while thinking!
{Wed 20:25:30 Step:591} Server_Comm.py: Received a new packet while thinking!
{Wed 20:25:30 Step:592} Server_Comm.py: Received a new packet while thinking!
{Wed 20:25:30 Step:594} Server_Comm.py: The agent lost 1 packet! Is syncmode enabled?
{Wed 20:25:30 Step:594} Server_Comm.py: Received a new packet while thinking!
{Wed 20:25:30 Step:595} Server_Comm.py: Received a new packet while thinking!
{Wed 20:25:30 Step:596} Server_Comm.py: Received a new packet while thinking!
{Wed 20:25:30 Step:598} Server_Comm.py: The agent lost 1 packet! Is syncmode enabled?
{Wed 20:25:30 Step:598} Server_Comm.py: Received a new packet while thinking!
{Wed 20:25:30 Step:599} Server_Comm.py: Received a new packet while thinking!
{Wed 20:25:30 Step:600} Server_Comm.py: Received a new packet while thinking!
{Wed 20:25:30 Step:602} Server_Comm.py: The agent lost 1 packet! Is syncmode enabled?
{Wed 20:25:30 Step:608} Server_Comm.py: Received a new packet while thinking!
{Wed 20:25:30 Step:610} Server_Comm.py: The agent lost 1 packet! Is syncmode enabled?
{Wed 20:25:30 Step:612} Server_Comm.py: Received a new packet while thinking!
{Wed 20:25:30 Step:615} Server_Comm.py: Received a new packet while thinking!
{Wed 20:25:30 Step:619} Server_Comm.py: The agent lost 1 packet! Is syncmode enabled?
{Wed 20:25:30 Step:621} Server_Comm.py: Received a new packet while thinking!
{Wed 20:25:30 Step:624} Server_Comm.py: Received a new packet while thinking!
{Wed 20:25:30 Step:626} Server_Comm.py: Received a new packet while thinking!
{Wed 20:25:30 Step:628} Server_Comm.py: The agent lost 1 packet! Is syncmode enabled?
{Wed 20:25:31 Step:635} Server_Comm.py: Received a new packet while thinking!
{Wed 20:25:31 Step:637} Server_Comm.py: The agent lost 1 packet! Is syncmode enabled?
{Wed 20:25:33 Step:684} Server_Comm.py: Received a new packet while thinking!
{Wed 20:25:33 Step:687} Server_Comm.py: Received a new packet while thinking!
{Wed 20:25:33 Step:690} Server_Comm.py: Received a new packet while thinking!
{Wed 20:25:33 Step:692} Server_Comm.py: Received a new packet while thinking!
{Wed 20:25:33 Step:694} Server_Comm.py: The agent lost 1 packet! Is syncmode enabled?
{Wed 20:25:33 Step:712} Server_Comm.py: Received a new packet while thinking!
{Wed 20:25:33 Step:714} Server_Comm.py: The agent lost 1 packet! Is syncmode enabled?
{Wed 20:25:33 Step:720} Server_Comm.py: The agent lost 1 packet! Is syncmode enabled?
{Wed 20:25:33 Step:722} Server_Comm.py: Received a new packet while thinking!
{Wed 20:25:33 Step:724} Server_Comm.py: The agent lost 1 packet! Is syncmode enabled?
{Wed 20:25:33 Step:727} Server_Comm.py: The agent lost 1 packet! Is syncmode enabled?
{Wed 20:25:33 Step:728} Server_Comm.py: Received a new packet while thinking!
{Wed 20:25:33 Step:730} Server_Comm.py: The agent lost 1 packet! Is syncmode enabled?
{Wed 20:25:34 Step:731} Server_Comm.py: Received a new packet while thinking!
{Wed 20:25:34 Step:733} Server_Comm.py: The agent lost 1 packet! Is syncmode enabled?
{Wed 20:25:34 Step:733} Server_Comm.py: Received a new packet while thinking!
{Wed 20:25:34 Step:735} Server_Comm.py: The agent lost 1 packet! Is syncmode enabled?
{Wed 20:25:34 Step:735} Server_Comm.py: Received a new packet while thinking!
{Wed 20:25:34 Step:736} Server_Comm.py: Received a new packet while thinking!
{Wed 20:25:34 Step:738} Server_Comm.py: The agent lost 1 packet! Is syncmode enabled?
{Wed 20:25:34 Step:739} Server_Comm.py: Received a new packet while thinking!
{Wed 20:25:34 Step:741} Server_Comm.py: The agent lost 1 packet! Is syncmode enabled?
{Wed 20:25:34 Step:744} Server_Comm.py: The agent lost 1 packet! Is syncmode enabled?
{Wed 20:25:34 Step:744} Server_Comm.py: Received a new packet while thinking!
{Wed 20:25:34 Step:747} Server_Comm.py: The agent lost 1 packet! Is syncmode enabled?
{Wed 20:25:34 Step:747} Server_Comm.py: Received a new packet while thinking!
{Wed 20:25:34 Step:748} Server_Comm.py: Received a new packet while thinking!
{Wed 20:25:34 Step:750} Server_Comm.py: The agent lost 1 packet! Is syncmode enabled?
{Wed 20:25:34 Step:750} Server_Comm.py: Received a new packet while thinking!
{Wed 20:25:34 Step:751} Server_Comm.py: Received a new packet while thinking!
{Wed 20:25:34 Step:753} Server_Comm.py: The agent lost 1 packet! Is syncmode enabled?
{Wed 20:25:34 Step:753} Server_Comm.py: Received a new packet while thinking!
{Wed 20:25:34 Step:754} Server_Comm.py: Received a new packet while thinking!
{Wed 20:25:34 Step:756} Server_Comm.py: The agent lost 1 packet! Is syncmode enabled?
{Wed 20:25:34 Step:756} Server_Comm.py: Received a new packet while thinking!
{Wed 20:25:34 Step:757} Server_Comm.py: Received a new packet while thinking!
{Wed 20:25:34 Step:759} Server_Comm.py: The agent lost 1 packet! Is syncmode enabled?
{Wed 20:25:34 Step:759} Server_Comm.py: Received a new packet while thinking!
{Wed 20:25:34 Step:760} Server_Comm.py: Received a new packet while thinking!
{Wed 20:25:34 Step:762} Server_Comm.py: The agent lost 1 packet! Is syncmode enabled?
{Wed 20:25:34 Step:765} Server_Comm.py: The agent lost 1 packet! Is syncmode enabled?
{Wed 20:25:34 Step:765} Server_Comm.py: Received a new packet while thinking!
{Wed 20:25:34 Step:768} Server_Comm.py: The agent lost 1 packet! Is syncmode enabled?
{Wed 20:25:34 Step:768} Server_Comm.py: Received a new packet while thinking!
{Wed 20:25:34 Step:770} Server_Comm.py: Received a new packet while thinking!
{Wed 20:25:34 Step:772} Server_Comm.py: The agent lost 1 packet! Is syncmode enabled?
{Wed 20:25:34 Step:773} Server_Comm.py: Received a new packet while thinking!
{Wed 20:25:34 Step:775} Server_Comm.py: The agent lost 1 packet! Is syncmode enabled?
{Wed 20:25:34 Step:778} Server_Comm.py: The agent lost 1 packet! Is syncmode enabled?
{Wed 20:25:34 Step:778} Server_Comm.py: Received a new packet while thinking!
{Wed 20:25:34 Step:781} Server_Comm.py: The agent lost 1 packet! Is syncmode enabled?
{Wed 20:25:35 Step:783} Server_Comm.py: Received a new packet while thinking!
{Wed 20:25:35 Step:784} Server_Comm.py: Received a new packet while thinking!
{Wed 20:25:35 Step:786} Server_Comm.py: The agent lost 1 packet! Is syncmode enabled?
{Wed 20:25:35 Step:786} Server_Comm.py: Received a new packet while thinking!
{Wed 20:25:35 Step:787} Server_Comm.py: Received a new packet while thinking!
{Wed 20:25:35 Step:789} Server_Comm.py: The agent lost 1 packet! Is syncmode enabled?
{Wed 20:25:35 Step:794} Server_Comm.py: The agent lost 1 packet! Is syncmode enabled?
{Wed 20:25:35 Step:800} Server_Comm.py: The agent lost 1 packet! Is syncmode enabled?
{Wed 20:25:35 Step:806} Server_Comm.py: The agent lost 1 packet! Is syncmode enabled?
{Wed 20:25:35 Step:822} Server_Comm.py: The agent lost 1 packet! Is syncmode enabled?
{Wed 20:25:37 Step:914} Server_Comm.py: Received a new packet while thinking!
{Wed 20:25:37 Step:916} Server_Comm.py: The agent lost 1 packet! Is syncmode enabled?
{Wed 20:25:37 Step:921} Server_Comm.py: Received a new packet while thinking!
{Wed 20:25:37 Step:923} Server_Comm.py: The agent lost 1 packet! Is syncmode enabled?
{Wed 20:25:37 Step:926} Server_Comm.py: Received a new packet while thinking!
{Wed 20:25:37 Step:928} Server_Comm.py: The agent lost 1 packet! Is syncmode enabled?
{Wed 20:25:38 Step:930} Server_Comm.py: Received a new packet while thinking!
{Wed 20:25:38 Step:932} Server_Comm.py: Received a new packet while thinking!
{Wed 20:25:38 Step:934} Server_Comm.py: The agent lost 1 packet! Is syncmode enabled?
{Wed 20:25:38 Step:937} Server_Comm.py: The agent lost 1 packet! Is syncmode enabled?
{Wed 20:25:38 Step:940} Server_Comm.py: The agent lost 1 packet! Is syncmode enabled?
{Wed 20:25:38 Step:941} Server_Comm.py: Received a new packet while thinking!
{Wed 20:25:38 Step:943} Server_Comm.py: The agent lost 1 packet! Is syncmode enabled?
{Wed 20:25:38 Step:944} Server_Comm.py: Received a new packet while thinking!
{Wed 20:25:38 Step:946} Server_Comm.py: The agent lost 1 packet! Is syncmode enabled?
{Wed 20:25:38 Step:946} Server_Comm.py: Received a new packet while thinking!
{Wed 20:25:38 Step:948} Server_Comm.py: The agent lost 1 packet! Is syncmode enabled?
{Wed 20:25:38 Step:948} Server_Comm.py: Received a new packet while thinking!
{Wed 20:25:38 Step:949} Server_Comm.py: Received a new packet while thinking!
{Wed 20:25:38 Step:952} Server_Comm.py: The agent lost 2 consecutive packets! Is syncmode disabled?
{Wed 20:25:38 Step:953} Server_Comm.py: Received a new packet while thinking!
{Wed 20:25:38 Step:955} Server_Comm.py: The agent lost 1 packet! Is syncmode enabled?
{Wed 20:25:38 Step:955} Server_Comm.py: Received a new packet while thinking!
{Wed 20:25:38 Step:957} Server_Comm.py: The agent lost 1 packet! Is syncmode enabled?
{Wed 20:25:38 Step:958} Server_Comm.py: Received a new packet while thinking!
{Wed 20:25:38 Step:960} Server_Comm.py: The agent lost 1 packet! Is syncmode enabled?
{Wed 20:25:38 Step:962} Server_Comm.py: The agent lost 1 packet! Is syncmode enabled?
{Wed 20:25:38 Step:962} Server_Comm.py: Received a new packet while thinking!
{Wed 20:25:38 Step:964} Server_Comm.py: Received a new packet while thinking!
{Wed 20:25:38 Step:966} Server_Comm.py: The agent lost 1 packet! Is syncmode enabled?
{Wed 20:25:38 Step:969} Server_Comm.py: The agent lost 1 packet! Is syncmode enabled?
{Wed 20:25:38 Step:970} Server_Comm.py: Received a new packet while thinking!
{Wed 20:25:38 Step:972} Server_Comm.py: The agent lost 1 packet! Is syncmode enabled?
{Wed 20:25:38 Step:976} Server_Comm.py: The agent lost 1 packet! Is syncmode enabled?
{Wed 20:25:38 Step:979} Server_Comm.py: Received a new packet while thinking!
{Wed 20:25:39 Step:981} Server_Comm.py: The agent lost 1 packet! Is syncmode enabled?
{Wed 20:25:40 Step:1062} Server_Comm.py: Received a new packet while thinking!
{Wed 20:25:40 Step:1065} Server_Comm.py: Received a new packet while thinking!
{Wed 20:25:40 Step:1069} Server_Comm.py: The agent lost 1 packet! Is syncmode enabled?
{Wed 20:25:40 Step:1072} Server_Comm.py: Received a new packet while thinking!
{Wed 20:25:40 Step:1074} Server_Comm.py: Received a new packet while thinking!
{Wed 20:25:40 Step:1080} Server_Comm.py: The agent lost 1 packet! Is syncmode enabled?
{Wed 20:25:41 Step:1080} Server_Comm.py: Received a new packet while thinking!
{Wed 20:25:41 Step:1084} Server_Comm.py: The agent lost 1 packet! Is syncmode enabled?
{Wed 20:25:41 Step:1090} Server_Comm.py: The agent lost 1 packet! Is syncmode enabled?
{Wed 20:25:41 Step:1092} Server_Comm.py: Received a new packet while thinking!
{Wed 20:25:41 Step:1095} Server_Comm.py: Received a new packet while thinking!
{Wed 20:25:41 Step:1099} Server_Comm.py: The agent lost 1 packet! Is syncmode enabled?
{Wed 20:25:41 Step:1105} Server_Comm.py: Received a new packet while thinking!
{Wed 20:25:41 Step:1108} Server_Comm.py: Received a new packet while thinking!
{Wed 20:25:41 Step:1110} Server_Comm.py: Received a new packet while thinking!
{Wed 20:25:41 Step:1113} Server_Comm.py: Received a new packet while thinking!
{Wed 20:25:41 Step:1117} Server_Comm.py: The agent lost 1 packet! Is syncmode enabled?
{Wed 20:25:41 Step:1120} Server_Comm.py: Received a new packet while thinking!
{Wed 20:25:41 Step:1122} Server_Comm.py: Received a new packet while thinking!
{Wed 20:25:41 Step:1126} Server_Comm.py: The agent lost 1 packet! Is syncmode enabled?
{Wed 20:25:41 Step:1128} Server_Comm.py: Received a new packet while thinking!
{Wed 20:25:42 Step:1132} Server_Comm.py: The agent lost 1 packet! Is syncmode enabled?
{Wed 20:25:42 Step:1134} Server_Comm.py: Received a new packet while thinking!
{Wed 20:25:42 Step:1138} Server_Comm.py: The agent lost 1 packet! Is syncmode enabled?
{Wed 20:25:42 Step:1140} Server_Comm.py: Received a new packet while thinking!
{Wed 20:25:42 Step:1144} Server_Comm.py: The agent lost 1 packet! Is syncmode enabled?
{Wed 20:25:42 Step:1146} Server_Comm.py: Received a new packet while thinking!
{Wed 20:25:42 Step:1150} Server_Comm.py: The agent lost 1 packet! Is syncmode enabled?
{Wed 20:25:42 Step:1152} Server_Comm.py: Received a new packet while thinking!
{Wed 20:25:42 Step:1155} Server_Comm.py: Received a new packet while thinking!
{Wed 20:25:42 Step:1158} Server_Comm.py: Received a new packet while thinking!
{Wed 20:25:42 Step:1162} Server_Comm.py: The agent lost 1 packet! Is syncmode enabled?
{Wed 20:25:42 Step:1165} Server_Comm.py: Received a new packet while thinking!
{Wed 20:25:42 Step:1168} Server_Comm.py: Received a new packet while thinking!
{Wed 20:25:42 Step:1171} Server_Comm.py: Received a new packet while thinking!
{Wed 20:25:42 Step:1173} Server_Comm.py: Received a new packet while thinking!
{Wed 20:25:42 Step:1176} Server_Comm.py: Received a new packet while thinking!
{Wed 20:25:42 Step:1179} Server_Comm.py: Received a new packet while thinking!
{Wed 20:25:43 Step:1182} Server_Comm.py: Received a new packet while thinking!
{Wed 20:25:43 Step:1185} Server_Comm.py: Received a new packet while thinking!
{Wed 20:25:43 Step:1188} Server_Comm.py: Received a new packet while thinking!
{Wed 20:25:43 Step:1191} Server_Comm.py: Received a new packet while thinking!
{Wed 20:25:43 Step:1195} Server_Comm.py: The agent lost 1 packet! Is syncmode enabled?
{Wed 20:25:43 Step:1198} Server_Comm.py: Received a new packet while thinking!
{Wed 20:25:43 Step:1201} Server_Comm.py: Received a new packet while thinking!
{Wed 20:25:43 Step:1203} Server_Comm.py: Received a new packet while thinking!
{Wed 20:25:43 Step:1206} Server_Comm.py: Received a new packet while thinking!
{Wed 20:25:43 Step:1209} Server_Comm.py: The agent lost 1 packet! Is syncmode enabled?
{Wed 20:25:43 Step:1209} Server_Comm.py: Received a new packet while thinking!
{Wed 20:25:43 Step:1212} Server_Comm.py: Received a new packet while thinking!
{Wed 20:25:43 Step:1213} Server_Comm.py: Received a new packet while thinking!
{Wed 20:25:43 Step:1215} Server_Comm.py: The agent lost 1 packet! Is syncmode enabled?
{Wed 20:25:43 Step:1215} Server_Comm.py: Received a new packet while thinking!
{Wed 20:25:43 Step:1216} Server_Comm.py: Received a new packet while thinking!
{Wed 20:25:43 Step:1218} Server_Comm.py: The agent lost 1 packet! Is syncmode enabled?
{Wed 20:25:43 Step:1219} Server_Comm.py: Received a new packet while thinking!
{Wed 20:25:43 Step:1221} Server_Comm.py: Received a new packet while thinking!
{Wed 20:25:43 Step:1222} Server_Comm.py: Received a new packet while thinking!
{Wed 20:25:43 Step:1224} Server_Comm.py: The agent lost 1 packet! Is syncmode enabled?
{Wed 20:25:43 Step:1224} Server_Comm.py: Received a new packet while thinking!
{Wed 20:25:43 Step:1226} Server_Comm.py: Received a new packet while thinking!
{Wed 20:25:43 Step:1228} Server_Comm.py: The agent lost 1 packet! Is syncmode enabled?
{Wed 20:25:44 Step:1231} Server_Comm.py: The agent lost 1 packet! Is syncmode enabled?
{Wed 20:25:44 Step:1234} Server_Comm.py: The agent lost 1 packet! Is syncmode enabled?
{Wed 20:25:44 Step:1237} Server_Comm.py: The agent lost 1 packet! Is syncmode enabled?
{Wed 20:25:44 Step:1239} Server_Comm.py: Received a new packet while thinking!
{Wed 20:25:44 Step:1240} Server_Comm.py: Received a new packet while thinking!
{Wed 20:25:44 Step:1242} Server_Comm.py: The agent lost 1 packet! Is syncmode enabled?
{Wed 20:25:44 Step:1242} Server_Comm.py: Received a new packet while thinking!
{Wed 20:25:44 Step:1243} Server_Comm.py: Received a new packet while thinking!
{Wed 20:25:44 Step:1245} Server_Comm.py: The agent lost 1 packet! Is syncmode enabled?
{Wed 20:25:44 Step:1245} Server_Comm.py: Received a new packet while thinking!
{Wed 20:25:44 Step:1249} Server_Comm.py: The agent lost 1 packet! Is syncmode enabled?
{Wed 20:25:44 Step:1251} Server_Comm.py: Received a new packet while thinking!
{Wed 20:25:44 Step:1255} Server_Comm.py: The agent lost 1 packet! Is syncmode enabled?
{Wed 20:25:44 Step:1256} Server_Comm.py: Received a new packet while thinking!
{Wed 20:25:44 Step:1258} Server_Comm.py: Received a new packet while thinking!
{Wed 20:25:44 Step:1260} Server_Comm.py: Received a new packet while thinking!
{Wed 20:25:44 Step:1264} Server_Comm.py: The agent lost 1 packet! Is syncmode enabled?
{Wed 20:25:44 Step:1266} Server_Comm.py: Received a new packet while thinking!
{Wed 20:25:44 Step:1270} Server_Comm.py: The agent lost 1 packet! Is syncmode enabled?
{Wed 20:25:44 Step:1272} Server_Comm.py: Received a new packet while thinking!
{Wed 20:25:44 Step:1274} Server_Comm.py: Received a new packet while thinking!
{Wed 20:25:44 Step:1276} Server_Comm.py: The agent lost 1 packet! Is syncmode enabled?
{Wed 20:25:44 Step:1279} Server_Comm.py: The agent lost 1 packet! Is syncmode enabled?
{Wed 20:25:45 Step:1308} Server_Comm.py: Received a new packet while thinking!
{Wed 20:25:45 Step:1310} Server_Comm.py: The agent lost 1 packet! Is syncmode enabled?
{Wed 20:25:46 Step:1362} Server_Comm.py: Received a new packet while thinking!
{Wed 20:25:46 Step:1364} Server_Comm.py: The agent lost 1 packet! Is syncmode enabled?
{Wed 20:25:46 Step:1365} Server_Comm.py: Received a new packet while thinking!
{Wed 20:25:46 Step:1367} Server_Comm.py: The agent lost 1 packet! Is syncmode enabled?
{Wed 20:25:46 Step:1368} Server_Comm.py: Received a new packet while thinking!
{Wed 20:25:46 Step:1370} Server_Comm.py: The agent lost 1 packet! Is syncmode enabled?
{Wed 20:25:46 Step:1370} Server_Comm.py: Received a new packet while thinking!
{Wed 20:25:46 Step:1372} Server_Comm.py: The agent lost 1 packet! Is syncmode enabled?
{Wed 20:25:46 Step:1373} Server_Comm.py: Received a new packet while thinking!
{Wed 20:25:46 Step:1375} Server_Comm.py: The agent lost 1 packet! Is syncmode enabled?
{Wed 20:25:46 Step:1375} Server_Comm.py: Received a new packet while thinking!
{Wed 20:25:46 Step:1377} Server_Comm.py: The agent lost 1 packet! Is syncmode enabled?
{Wed 20:25:47 Step:1377} Server_Comm.py: Received a new packet while thinking!
{Wed 20:25:47 Step:1380} Server_Comm.py: The agent lost 2 consecutive packets! Is syncmode disabled?
{Wed 20:25:47 Step:1380} Server_Comm.py: Received a new packet while thinking!
{Wed 20:25:47 Step:1382} Server_Comm.py: The agent lost 1 packet! Is syncmode enabled?
{Wed 20:25:47 Step:1382} Server_Comm.py: Received a new packet while thinking!
{Wed 20:25:47 Step:1384} Server_Comm.py: The agent lost 1 packet! Is syncmode enabled?
{Wed 20:25:47 Step:1384} Server_Comm.py: Received a new packet while thinking!
{Wed 20:25:47 Step:1386} Server_Comm.py: The agent lost 1 packet! Is syncmode enabled?
{Wed 20:25:47 Step:1386} Server_Comm.py: Received a new packet while thinking!
{Wed 20:25:47 Step:1387} Server_Comm.py: Received a new packet while thinking!
{Wed 20:25:47 Step:1390} Server_Comm.py: The agent lost 2 consecutive packets! Is syncmode disabled?
{Wed 20:25:47 Step:1390} Server_Comm.py: Received a new packet while thinking!
{Wed 20:25:47 Step:1391} Server_Comm.py: Received a new packet while on world.update()!
{Wed 20:25:47 Step:1392} Server_Comm.py: Received a new packet while thinking!
{Wed 20:25:47 Step:1393} Server_Comm.py: Received a new packet while thinking!
{Wed 20:25:47 Step:1395} Server_Comm.py: The agent lost 1 packet! Is syncmode enabled?
{Wed 20:25:47 Step:1395} Server_Comm.py: Received a new packet while thinking!
{Wed 20:25:47 Step:1396} Server_Comm.py: Received a new packet while thinking!
{Wed 20:25:47 Step:1398} Server_Comm.py: The agent lost 1 packet! Is syncmode enabled?
{Wed 20:25:47 Step:1398} Server_Comm.py: Received a new packet while thinking!
{Wed 20:25:47 Step:1400} Server_Comm.py: The agent lost 1 packet! Is syncmode enabled?
{Wed 20:25:47 Step:1401} Server_Comm.py: Received a new packet while thinking!
{Wed 20:25:47 Step:1402} Server_Comm.py: Received a new packet while thinking!
{Wed 20:25:47 Step:1403} Server_Comm.py: Received a new packet while thinking!
{Wed 20:25:47 Step:1405} Server_Comm.py: The agent lost 1 packet! Is syncmode enabled?
{Wed 20:25:47 Step:1408} Server_Comm.py: The agent lost 1 packet! Is syncmode enabled?
{Wed 20:25:47 Step:1409} Server_Comm.py: Received a new packet while thinking!
{Wed 20:25:47 Step:1411} Server_Comm.py: The agent lost 1 packet! Is syncmode enabled?
{Wed 20:25:47 Step:1412} Server_Comm.py: Received a new packet while thinking!
{Wed 20:25:47 Step:1414} Server_Comm.py: The agent lost 1 packet! Is syncmode enabled?
{Wed 20:25:47 Step:1416} Server_Comm.py: The agent lost 1 packet! Is syncmode enabled?
{Wed 20:25:47 Step:1416} Server_Comm.py: Received a new packet while thinking!
{Wed 20:25:47 Step:1418} Server_Comm.py: Received a new packet while thinking!
{Wed 20:25:47 Step:1420} Server_Comm.py: The agent lost 1 packet! Is syncmode enabled?
{Wed 20:25:47 Step:1426} Server_Comm.py: Received a new packet while thinking!
{Wed 20:25:47 Step:1428} Server_Comm.py: The agent lost 1 packet! Is syncmode enabled?
{Wed 20:25:48 Step:1435} Server_Comm.py: Received a new packet while thinking!
{Wed 20:25:48 Step:1437} Server_Comm.py: The agent lost 1 packet! Is syncmode enabled?
{Wed 20:25:49 Step:1485} Server_Comm.py: Received a new packet while thinking!
{Wed 20:25:49 Step:1488} Server_Comm.py: Received a new packet while thinking!
{Wed 20:25:49 Step:1491} Server_Comm.py: Received a new packet while thinking!
{Wed 20:25:49 Step:1494} Server_Comm.py: Received a new packet while thinking!
{Wed 20:25:49 Step:1497} Server_Comm.py: Received a new packet while thinking!
{Wed 20:25:49 Step:1500} Server_Comm.py: Received a new packet while thinking!
{Wed 20:25:49 Step:1503} Server_Comm.py: Received a new packet while thinking!
{Wed 20:25:49 Step:1518} Server_Comm.py: Received a new packet while thinking!
{Wed 20:25:49 Step:1522} Server_Comm.py: The agent lost 1 packet! Is syncmode enabled?
{Wed 20:25:50 Step:1572} Server_Comm.py: Received a new packet while thinking!
{Wed 20:25:50 Step:1576} Server_Comm.py: The agent lost 1 packet! Is syncmode enabled?
{Wed 20:25:51 Step:1578} Server_Comm.py: Received a new packet while thinking!
{Wed 20:25:51 Step:1582} Server_Comm.py: The agent lost 1 packet! Is syncmode enabled?
{Wed 20:25:51 Step:1584} Server_Comm.py: Received a new packet while thinking!
{Wed 20:25:51 Step:1586} Server_Comm.py: Received a new packet while thinking!
{Wed 20:25:51 Step:1588} Server_Comm.py: The agent lost 1 packet! Is syncmode enabled?
