{Wed 20:25:21 Step:43} Server_Comm.py: The agent lost 1 packet! Is syncmode enabled?
{Wed 20:25:21 Step:54} Server_Comm.py: Received a new packet while thinking!
{Wed 20:25:21 Step:56} Server_Comm.py: Received a new packet while thinking!
{Wed 20:25:21 Step:58} Server_Comm.py: The agent lost 1 packet! Is syncmode enabled?
{Wed 20:25:21 Step:58} Server_Comm.py: Received a new packet while thinking!
{Wed 20:25:21 Step:61} Server_Comm.py: The agent lost 2 consecutive packets! Is syncmode disabled?
{Wed 20:25:21 Step:61} Server_Comm.py: Received a new packet while thinking!
{Wed 20:25:21 Step:63} Server_Comm.py: The agent lost 1 packet! Is syncmode enabled?
{Wed 20:25:21 Step:63} Server_Comm.py: Received a new packet while thinking!
{Wed 20:25:21 Step:66} Server_Comm.py: The agent lost 2 consecutive packets! Is syncmode disabled?
{Wed 20:25:21 Step:66} Server_Comm.py: Received a new packet while thinking!
{Wed 20:25:22 Step:68} Server_Comm.py: The agent lost 1 packet! Is syncmode enabled?
{Wed 20:25:22 Step:68} Server_Comm.py: Received a new packet while thinking!
{Wed 20:25:22 Step:70} Server_Comm.py: The agent lost 1 packet! Is syncmode enabled?
{Wed 20:25:22 Step:70} Server_Comm.py: Received a new packet while thinking!
{Wed 20:25:22 Step:72} Server_Comm.py: The agent lost 1 packet! Is syncmode enabled?
{Wed 20:25:22 Step:72} Server_Comm.py: Received a new packet while thinking!
{Wed 20:25:22 Step:74} Server_Comm.py: The agent lost 1 packet! Is syncmode enabled?
{Wed 20:25:22 Step:74} Server_Comm.py: Received a new packet while thinking!
{Wed 20:25:22 Step:77} Server_Comm.py: The agent lost 2 consecutive packets! Is syncmode disabled?
{Wed 20:25:22 Step:78} Server_Comm.py: Received a new packet while thinking!
{Wed 20:25:22 Step:79} Server_Comm.py: Received a new packet while thinking!
{Wed 20:25:22 Step:83} Server_Comm.py: The agent lost 3 consecutive packets! Is syncmode disabled?
{Wed 20:25:22 Step:85} Server_Comm.py: The agent lost 1 packet! Is syncmode enabled?
{Wed 20:25:22 Step:86} Server_Comm.py: Received a new packet while thinking!
{Wed 20:25:22 Step:90} Server_Comm.py: The agent lost 3 consecutive packets! Is syncmode disabled?
{Wed 20:25:22 Step:92} Server_Comm.py: The agent lost 1 packet! Is syncmode enabled?
{Wed 20:25:22 Step:94} Server_Comm.py: The agent lost 1 packet! Is syncmode enabled?
{Wed 20:25:22 Step:95} Server_Comm.py: Received a new packet while thinking!
{Wed 20:25:22 Step:97} Server_Comm.py: The agent lost 1 packet! Is syncmode enabled?
{Wed 20:25:22 Step:97} Server_Comm.py: Received a new packet while thinking!
{Wed 20:25:22 Step:100} Server_Comm.py: The agent lost 2 consecutive packets! Is syncmode disabled?
{Wed 20:25:22 Step:103} Server_Comm.py: The agent lost 2 consecutive packets! Is syncmode disabled?
{Wed 20:25:22 Step:107} Server_Comm.py: The agent lost 2 consecutive packets! Is syncmode disabled?
{Wed 20:25:22 Step:108} Server_Comm.py: Received a new packet while thinking!
{Wed 20:25:22 Step:109} Server_Comm.py: Received a new packet while thinking!
{Wed 20:25:22 Step:112} Server_Comm.py: The agent lost 2 consecutive packets! Is syncmode disabled?
{Wed 20:25:22 Step:113} Server_Comm.py: Received a new packet while thinking!
{Wed 20:25:22 Step:115} Server_Comm.py: The agent lost 1 packet! Is syncmode enabled?
{Wed 20:25:22 Step:115} Server_Comm.py: Received a new packet while thinking!
{Wed 20:25:23 Step:118} Server_Comm.py: The agent lost 2 consecutive packets! Is syncmode disabled?
{Wed 20:25:23 Step:121} Server_Comm.py: The agent lost 1 packet! Is syncmode enabled?
{Wed 20:25:23 Step:122} Server_Comm.py: Received a new packet while thinking!
{Wed 20:25:23 Step:124} Server_Comm.py: The agent lost 1 packet! Is syncmode enabled?
{Wed 20:25:23 Step:125} Server_Comm.py: Received a new packet while thinking!
{Wed 20:25:23 Step:127} Server_Comm.py: The agent lost 1 packet! Is syncmode enabled?
{Wed 20:25:23 Step:128} Server_Comm.py: Received a new packet while thinking!
{Wed 20:25:23 Step:130} Server_Comm.py: The agent lost 1 packet! Is syncmode enabled?
{Wed 20:25:23 Step:133} Server_Comm.py: The agent lost 2 consecutive packets! Is syncmode disabled?
{Wed 20:25:23 Step:135} Server_Comm.py: Received a new packet while thinking!
{Wed 20:25:23 Step:139} Server_Comm.py: The agent lost 2 consecutive packets! Is syncmode disabled?
{Wed 20:25:23 Step:142} Server_Comm.py: The agent lost 1 packet! Is syncmode enabled?
{Wed 20:25:23 Step:145} Server_Comm.py: The agent lost 1 packet! Is syncmode enabled?
{Wed 20:25:23 Step:148} Server_Comm.py: The agent lost 2 consecutive packets! Is syncmode disabled?
{Wed 20:25:23 Step:151} Server_Comm.py: The agent lost 1 packet! Is syncmode enabled?
{Wed 20:25:23 Step:151} Server_Comm.py: Received a new packet while thinking!
{Wed 20:25:23 Step:154} Server_Comm.py: The agent lost 2 consecutive packets! Is syncmode disabled?
{Wed 20:25:23 Step:157} Server_Comm.py: The agent lost 1 packet! Is syncmode enabled?
{Wed 20:25:23 Step:160} Server_Comm.py: The agent lost 2 consecutive packets! Is syncmode disabled?
{Wed 20:25:23 Step:163} Server_Comm.py: The agent lost 1 packet! Is syncmode enabled?
{Wed 20:25:23 Step:164} Server_Comm.py: Received a new packet while thinking!
{Wed 20:25:24 Step:166} Server_Comm.py: The agent lost 1 packet! Is syncmode enabled?
{Wed 20:25:24 Step:167} Server_Comm.py: Received a new packet while thinking!
{Wed 20:25:24 Step:169} Server_Comm.py: The agent lost 1 packet! Is syncmode enabled?
{Wed 20:25:24 Step:169} Server_Comm.py: Received a new packet while thinking!
{Wed 20:25:24 Step:172} Server_Comm.py: The agent lost 2 consecutive packets! Is syncmode disabled?
{Wed 20:25:24 Step:175} Server_Comm.py: The agent lost 1 packet! Is syncmode enabled?
{Wed 20:25:24 Step:176} Server_Comm.py: Received a new packet while thinking!
{Wed 20:25:24 Step:178} Server_Comm.py: The agent lost 1 packet! Is syncmode enabled?
{Wed 20:25:24 Step:179} Server_Comm.py: Received a new packet while thinking!
{Wed 20:25:24 Step:181} Server_Comm.py: The agent lost 1 packet! Is syncmode enabled?
{Wed 20:25:24 Step:182} Server_Comm.py: Received a new packet while thinking!
{Wed 20:25:24 Step:184} Server_Comm.py: The agent lost 1 packet! Is syncmode enabled?
{Wed 20:25:24 Step:185} Server_Comm.py: Received a new packet while thinking!
{Wed 20:25:24 Step:187} Server_Comm.py: The agent lost 1 packet! Is syncmode enabled?
{Wed 20:25:24 Step:188} Server_Comm.py: Received a new packet while thinking!
{Wed 20:25:24 Step:190} Server_Comm.py: The agent lost 1 packet! Is syncmode enabled?
{Wed 20:25:24 Step:190} Server_Comm.py: Received a new packet while thinking!
{Wed 20:25:24 Step:193} Server_Comm.py: The agent lost 2 consecutive packets! Is syncmode disabled?
{Wed 20:25:24 Step:196} Server_Comm.py: The agent lost 1 packet! Is syncmode enabled?
{Wed 20:25:24 Step:197} Server_Comm.py: Received a new packet while thinking!
{Wed 20:25:24 Step:199} Server_Comm.py: The agent lost 1 packet! Is syncmode enabled?
{Wed 20:25:24 Step:200} Server_Comm.py: Received a new packet while thinking!
{Wed 20:25:24 Step:202} Server_Comm.py: The agent lost 1 packet! Is syncmode enabled?
{Wed 20:25:24 Step:205} Server_Comm.py: The agent lost 1 packet! Is syncmode enabled?
{Wed 20:25:24 Step:208} Server_Comm.py: The agent lost 2 consecutive packets! Is syncmode disabled?
{Wed 20:25:24 Step:209} Server_Comm.py: Received a new packet while thinking!
{Wed 20:25:24 Step:211} Server_Comm.py: The agent lost 1 packet! Is syncmode enabled?
{Wed 20:25:24 Step:214} Server_Comm.py: The agent lost 2 consecutive packets! Is syncmode disabled?
{Wed 20:25:25 Step:217} Server_Comm.py: The agent lost 1 packet! Is syncmode enabled?
{Wed 20:25:25 Step:218} Server_Comm.py: Received a new packet while thinking!
{Wed 20:25:25 Step:220} Server_Comm.py: The agent lost 1 packet! Is syncmode enabled?
{Wed 20:25:25 Step:223} Server_Comm.py: The agent lost 2 consecutive packets! Is syncmode disabled?
{Wed 20:25:25 Step:226} Server_Comm.py: The agent lost 1 packet! Is syncmode enabled?
{Wed 20:25:25 Step:227} Server_Comm.py: Received a new packet while thinking!
{Wed 20:25:25 Step:229} Server_Comm.py: The agent lost 1 packet! Is syncmode enabled?
{Wed 20:25:25 Step:230} Server_Comm.py: Received a new packet while thinking!
{Wed 20:25:25 Step:232} Server_Comm.py: The agent lost 1 packet! Is syncmode enabled?
{Wed 20:25:25 Step:232} Server_Comm.py: Received a new packet while thinking!
{Wed 20:25:25 Step:235} Server_Comm.py: The agent lost 2 consecutive packets! Is syncmode disabled?
{Wed 20:25:25 Step:236} Server_Comm.py: Received a new packet while thinking!
{Wed 20:25:25 Step:238} Server_Comm.py: The agent lost 1 packet! Is syncmode enabled?
{Wed 20:25:25 Step:239} Server_Comm.py: Received a new packet while thinking!
{Wed 20:25:25 Step:241} Server_Comm.py: The agent lost 1 packet! Is syncmode enabled?
{Wed 20:25:25 Step:244} Server_Comm.py: The agent lost 2 consecutive packets! Is syncmode disabled?
{Wed 20:25:25 Step:247} Server_Comm.py: The agent lost 1 packet! Is syncmode enabled?
{Wed 20:25:25 Step:248} Server_Comm.py: Received a new packet while thinking!
{Wed 20:25:25 Step:250} Server_Comm.py: The agent lost 1 packet! Is syncmode enabled?
{Wed 20:25:25 Step:250} Server_Comm.py: Received a new packet while thinking!
{Wed 20:25:25 Step:253} Server_Comm.py: The agent lost 2 consecutive packets! Is syncmode disabled?
{Wed 20:25:25 Step:254} Server_Comm.py: Received a new packet while thinking!
{Wed 20:25:25 Step:256} Server_Comm.py: The agent lost 1 packet! Is syncmode enabled?
{Wed 20:25:25 Step:256} Server_Comm.py: Received a new packet while thinking!
{Wed 20:25:25 Step:259} Server_Comm.py: The agent lost 2 consecutive packets! Is syncmode disabled?
{Wed 20:25:25 Step:259} Server_Comm.py: Received a new packet while thinking!
{Wed 20:25:25 Step:261} Server_Comm.py: The agent lost 1 packet! Is syncmode enabled?
{Wed 20:25:25 Step:262} Server_Comm.py: Received a new packet while thinking!
{Wed 20:25:25 Step:263} Server_Comm.py: Received a new packet while thinking!
{Wed 20:25:25 Step:265} Server_Comm.py: The agent lost 1 packet! Is syncmode enabled?
{Wed 20:25:26 Step:266} Server_Comm.py: Received a new packet while thinking!
{Wed 20:25:26 Step:268} Server_Comm.py: The agent lost 1 packet! Is syncmode enabled?
{Wed 20:25:26 Step:271} Server_Comm.py: The agent lost 2 consecutive packets! Is syncmode disabled?
{Wed 20:25:26 Step:272} Server_Comm.py: Received a new packet while thinking!
{Wed 20:25:26 Step:276} Server_Comm.py: The agent lost 3 consecutive packets! Is syncmode disabled?
{Wed 20:25:26 Step:276} Server_Comm.py: Received a new packet while thinking!
{Wed 20:25:26 Step:277} Server_Comm.py: Received a new packet while thinking!
{Wed 20:25:26 Step:280} Server_Comm.py: The agent lost 2 consecutive packets! Is syncmode disabled?
{Wed 20:25:26 Step:283} Server_Comm.py: The agent lost 2 consecutive packets! Is syncmode disabled?
{Wed 20:25:26 Step:284} Server_Comm.py: Received a new packet while thinking!
{Wed 20:25:26 Step:286} Server_Comm.py: The agent lost 1 packet! Is syncmode enabled?
{Wed 20:25:26 Step:286} Server_Comm.py: Received a new packet while on world.update()!
{Wed 20:25:26 Step:288} Server_Comm.py: The agent lost 1 packet! Is syncmode enabled?
{Wed 20:25:26 Step:288} Server_Comm.py: Received a new packet while thinking!
{Wed 20:25:26 Step:289} Server_Comm.py: Received a new packet while thinking!
{Wed 20:25:26 Step:292} Server_Comm.py: The agent lost 2 consecutive packets! Is syncmode disabled?
{Wed 20:25:26 Step:292} Server_Comm.py: Received a new packet while thinking!
{Wed 20:25:26 Step:294} Server_Comm.py: The agent lost 1 packet! Is syncmode enabled?
{Wed 20:25:26 Step:294} Server_Comm.py: Received a new packet while thinking!
{Wed 20:25:26 Step:296} Server_Comm.py: The agent lost 1 packet! Is syncmode enabled?
{Wed 20:25:26 Step:296} Server_Comm.py: Received a new packet while thinking!
{Wed 20:25:26 Step:298} Server_Comm.py: The agent lost 1 packet! Is syncmode enabled?
{Wed 20:25:26 Step:298} Server_Comm.py: Received a new packet while on world.update()!
{Wed 20:25:26 Step:301} Server_Comm.py: The agent lost 1 packet! Is syncmode enabled?
{Wed 20:25:26 Step:302} Server_Comm.py: Received a new packet while thinking!
{Wed 20:25:26 Step:304} Server_Comm.py: The agent lost 1 packet! Is syncmode enabled?
{Wed 20:25:26 Step:304} Server_Comm.py: Received a new packet while thinking!
{Wed 20:25:26 Step:307} Server_Comm.py: The agent lost 2 consecutive packets! Is syncmode disabled?
{Wed 20:25:26 Step:308} Server_Comm.py: Received a new packet while thinking!
{Wed 20:25:26 Step:310} Server_Comm.py: The agent lost 1 packet! Is syncmode enabled?
{Wed 20:25:26 Step:310} Server_Comm.py: Received a new packet while thinking!
{Wed 20:25:26 Step:313} Server_Comm.py: The agent lost 2 consecutive packets! Is syncmode disabled?
{Wed 20:25:27 Step:316} Server_Comm.py: The agent lost 1 packet! Is syncmode enabled?
{Wed 20:25:27 Step:316} Server_Comm.py: Received a new packet while thinking!
{Wed 20:25:27 Step:317} Server_Comm.py: Received a new packet while thinking!
{Wed 20:25:27 Step:319} Server_Comm.py: The agent lost 1 packet! Is syncmode enabled?
{Wed 20:25:27 Step:319} Server_Comm.py: Received a new packet while thinking!
{Wed 20:25:27 Step:322} Server_Comm.py: The agent lost 2 consecutive packets! Is syncmode disabled?
{Wed 20:25:27 Step:323} Server_Comm.py: Received a new packet while thinking!
{Wed 20:25:27 Step:325} Server_Comm.py: The agent lost 1 packet! Is syncmode enabled?
{Wed 20:25:27 Step:326} Server_Comm.py: Received a new packet while thinking!
{Wed 20:25:27 Step:328} Server_Comm.py: The agent lost 1 packet! Is syncmode enabled?
{Wed 20:25:27 Step:329} Server_Comm.py: Received a new packet while thinking!
{Wed 20:25:27 Step:331} Server_Comm.py: The agent lost 1 packet! Is syncmode enabled?
{Wed 20:25:27 Step:334} Server_Comm.py: The agent lost 1 packet! Is syncmode enabled?
{Wed 20:25:27 Step:337} Server_Comm.py: The agent lost 1 packet! Is syncmode enabled?
{Wed 20:25:27 Step:340} Server_Comm.py: The agent lost 1 packet! Is syncmode enabled?
{Wed 20:25:27 Step:343} Server_Comm.py: The agent lost 1 packet! Is syncmode enabled?
{Wed 20:25:27 Step:346} Server_Comm.py: The agent lost 1 packet! Is syncmode enabled?
{Wed 20:25:27 Step:348} Server_Comm.py: Received a new packet while thinking!
{Wed 20:25:27 Step:352} Server_Comm.py: The agent lost 1 packet! Is syncmode enabled?
{Wed 20:25:27 Step:358} Server_Comm.py: Received a new packet while thinking!
{Wed 20:25:27 Step:360} Server_Comm.py: Received a new packet while thinking!
{Wed 20:25:27 Step:363} Server_Comm.py: Received a new packet while thinking!
{Wed 20:25:28 Step:367} Server_Comm.py: The agent lost 1 packet! Is syncmode enabled?
{Wed 20:25:28 Step:372} Server_Comm.py: Received a new packet while thinking!
{Wed 20:25:28 Step:375} Server_Comm.py: Received a new packet while thinking!
{Wed 20:25:28 Step:379} Server_Comm.py: The agent lost 1 packet! Is syncmode enabled?
{Wed 20:25:28 Step:387} Server_Comm.py: Received a new packet while thinking!
{Wed 20:25:28 Step:390} Server_Comm.py: Received a new packet while thinking!
{Wed 20:25:28 Step:399} Server_Comm.py: Received a new packet while thinking!
{Wed 20:25:28 Step:402} Server_Comm.py: Received a new packet while thinking!
{Wed 20:25:29 Step:426} Server_Comm.py: Received a new packet while thinking!
{Wed 20:25:29 Step:428} Server_Comm.py: The agent lost 1 packet! Is syncmode enabled?
{Wed 20:25:29 Step:432} Server_Comm.py: Received a new packet while thinking!
{Wed 20:25:29 Step:434} Server_Comm.py: The agent lost 1 packet! Is syncmode enabled?
{Wed 20:25:29 Step:439} Server_Comm.py: Received a new packet while thinking!
{Wed 20:25:29 Step:441} Server_Comm.py: The agent lost 1 packet! Is syncmode enabled?
{Wed 20:25:29 Step:445} Server_Comm.py: The agent lost 2 consecutive packets! Is syncmode disabled?
{Wed 20:25:29 Step:448} Server_Comm.py: Received a new packet while thinking!
{Wed 20:25:29 Step:450} Server_Comm.py: The agent lost 1 packet! Is syncmode enabled?
{Wed 20:25:29 Step:450} Server_Comm.py: Received a new packet while thinking!
{Wed 20:25:29 Step:452} Server_Comm.py: The agent lost 1 packet! Is syncmode enabled?
{Wed 20:25:29 Step:453} Server_Comm.py: Received a new packet while thinking!
{Wed 20:25:29 Step:455} Server_Comm.py: The agent lost 1 packet! Is syncmode enabled?
{Wed 20:25:29 Step:455} Server_Comm.py: Received a new packet while thinking!
{Wed 20:25:29 Step:457} Server_Comm.py: The agent lost 1 packet! Is syncmode enabled?
{Wed 20:25:29 Step:458} Server_Comm.py: Received a new packet while thinking!
{Wed 20:25:29 Step:460} Server_Comm.py: The agent lost 1 packet! Is syncmode enabled?
{Wed 20:25:29 Step:461} Server_Comm.py: Received a new packet while thinking!
{Wed 20:25:29 Step:463} Server_Comm.py: The agent lost 1 packet! Is syncmode enabled?
{Wed 20:25:30 Step:464} Server_Comm.py: Received a new packet while thinking!
{Wed 20:25:30 Step:466} Server_Comm.py: The agent lost 1 packet! Is syncmode enabled?
{Wed 20:25:30 Step:467} Server_Comm.py: Received a new packet while thinking!
{Wed 20:25:30 Step:469} Server_Comm.py: The agent lost 1 packet! Is syncmode enabled?
{Wed 20:25:30 Step:471} Server_Comm.py: Received a new packet while thinking!
{Wed 20:25:30 Step:473} Server_Comm.py: The agent lost 1 packet! Is syncmode enabled?
{Wed 20:25:30 Step:475} Server_Comm.py: Received a new packet while thinking!
{Wed 20:25:30 Step:477} Server_Comm.py: The agent lost 1 packet! Is syncmode enabled?
{Wed 20:25:30 Step:480} Server_Comm.py: Received a new packet while thinking!
{Wed 20:25:30 Step:482} Server_Comm.py: The agent lost 1 packet! Is syncmode enabled?
{Wed 20:25:30 Step:486} Server_Comm.py: Received a new packet while thinking!
{Wed 20:25:30 Step:488} Server_Comm.py: The agent lost 1 packet! Is syncmode enabled?
{Wed 20:25:30 Step:496} Server_Comm.py: Received a new packet while thinking!
{Wed 20:25:30 Step:498} Server_Comm.py: The agent lost 1 packet! Is syncmode enabled?
{Wed 20:25:30 Step:504} Server_Comm.py: Received a new packet while thinking!
{Wed 20:25:30 Step:506} Server_Comm.py: The agent lost 1 packet! Is syncmode enabled?
{Wed 20:25:30 Step:509} Server_Comm.py: Received a new packet while thinking!
{Wed 20:25:30 Step:511} Server_Comm.py: The agent lost 1 packet! Is syncmode enabled?
{Wed 20:25:32 Step:552} Server_Comm.py: Received a new packet while thinking!
{Wed 20:25:32 Step:555} Server_Comm.py: Received a new packet while thinking!
{Wed 20:25:32 Step:558} Server_Comm.py: Received a new packet while thinking!
{Wed 20:25:33 Step:561} Server_Comm.py: Received a new packet while thinking!
{Wed 20:25:33 Step:564} Server_Comm.py: Received a new packet while thinking!
{Wed 20:25:33 Step:568} Server_Comm.py: The agent lost 1 packet! Is syncmode enabled?
{Wed 20:25:33 Step:571} Server_Comm.py: Received a new packet while thinking!
{Wed 20:25:33 Step:573} Server_Comm.py: Received a new packet while on world.update()!
{Wed 20:25:33 Step:589} Server_Comm.py: Received a new packet while thinking!
{Wed 20:25:33 Step:591} Server_Comm.py: Received a new packet while thinking!
{Wed 20:25:33 Step:595} Server_Comm.py: The agent lost 1 packet! Is syncmode enabled?
{Wed 20:25:33 Step:598} Server_Comm.py: Received a new packet while thinking!
{Wed 20:25:33 Step:601} Server_Comm.py: The agent lost 1 packet! Is syncmode enabled?
{Wed 20:25:33 Step:604} Server_Comm.py: The agent lost 1 packet! Is syncmode enabled?
{Wed 20:25:33 Step:607} Server_Comm.py: The agent lost 1 packet! Is syncmode enabled?
{Wed 20:25:33 Step:610} Server_Comm.py: The agent lost 1 packet! Is syncmode enabled?
{Wed 20:25:34 Step:613} Server_Comm.py: The agent lost 1 packet! Is syncmode enabled?
{Wed 20:25:34 Step:614} Server_Comm.py: Received a new packet while thinking!
{Wed 20:25:34 Step:616} Server_Comm.py: The agent lost 1 packet! Is syncmode enabled?
{Wed 20:25:34 Step:617} Server_Comm.py: Received a new packet while thinking!
{Wed 20:25:34 Step:619} Server_Comm.py: The agent lost 1 packet! Is syncmode enabled?
{Wed 20:25:34 Step:620} Server_Comm.py: Received a new packet while thinking!
{Wed 20:25:34 Step:622} Server_Comm.py: The agent lost 1 packet! Is syncmode enabled?
{Wed 20:25:34 Step:623} Server_Comm.py: Received a new packet while thinking!
{Wed 20:25:34 Step:625} Server_Comm.py: The agent lost 1 packet! Is syncmode enabled?
{Wed 20:25:34 Step:628} Server_Comm.py: The agent lost 1 packet! Is syncmode enabled?
{Wed 20:25:34 Step:631} Server_Comm.py: The agent lost 1 packet! Is syncmode enabled?
{Wed 20:25:34 Step:634} Server_Comm.py: The agent lost 1 packet! Is syncmode enabled?
{Wed 20:25:34 Step:637} Server_Comm.py: The agent lost 1 packet! Is syncmode enabled?
{Wed 20:25:34 Step:638} Server_Comm.py: Received a new packet while thinking!
{Wed 20:25:34 Step:640} Server_Comm.py: The agent lost 1 packet! Is syncmode enabled?
{Wed 20:25:34 Step:641} Server_Comm.py: Received a new packet while thinking!
{Wed 20:25:34 Step:643} Server_Comm.py: The agent lost 1 packet! Is syncmode enabled?
{Wed 20:25:34 Step:646} Server_Comm.py: The agent lost 1 packet! Is syncmode enabled?
{Wed 20:25:34 Step:649} Server_Comm.py: The agent lost 1 packet! Is syncmode enabled?
{Wed 20:25:34 Step:652} Server_Comm.py: The agent lost 1 packet! Is syncmode enabled?
{Wed 20:25:34 Step:655} Server_Comm.py: The agent lost 1 packet! Is syncmode enabled?
{Wed 20:25:34 Step:658} Server_Comm.py: The agent lost 1 packet! Is syncmode enabled?
{Wed 20:25:34 Step:660} Server_Comm.py: Received a new packet while thinking!
{Wed 20:25:35 Step:664} Server_Comm.py: The agent lost 1 packet! Is syncmode enabled?
{Wed 20:25:35 Step:667} Server_Comm.py: The agent lost 1 packet! Is syncmode enabled?
{Wed 20:25:35 Step:670} Server_Comm.py: The agent lost 1 packet! Is syncmode enabled?
{Wed 20:25:35 Step:672} Server_Comm.py: Received a new packet while thinking!
{Wed 20:25:35 Step:676} Server_Comm.py: The agent lost 1 packet! Is syncmode enabled?
{Wed 20:25:35 Step:678} Server_Comm.py: Received a new packet while thinking!
{Wed 20:25:35 Step:682} Server_Comm.py: The agent lost 1 packet! Is syncmode enabled?
{Wed 20:25:35 Step:684} Server_Comm.py: Received a new packet while thinking!
{Wed 20:25:35 Step:687} Server_Comm.py: Received a new packet while thinking!
{Wed 20:25:35 Step:691} Server_Comm.py: The agent lost 1 packet! Is syncmode enabled?
{Wed 20:25:35 Step:694} Server_Comm.py: Received a new packet while thinking!
{Wed 20:25:35 Step:696} Server_Comm.py: Received a new packet while thinking!
{Wed 20:25:35 Step:699} Server_Comm.py: Received a new packet while thinking!
{Wed 20:25:35 Step:702} Server_Comm.py: Received a new packet while thinking!
{Wed 20:25:35 Step:705} Server_Comm.py: Received a new packet while thinking!
{Wed 20:25:35 Step:708} Server_Comm.py: Received a new packet while thinking!
{Wed 20:25:36 Step:711} Server_Comm.py: Received a new packet while thinking!
{Wed 20:25:36 Step:714} Server_Comm.py: Received a new packet while thinking!
{Wed 20:25:36 Step:717} Server_Comm.py: Received a new packet while thinking!
{Wed 20:25:36 Step:720} Server_Comm.py: Received a new packet while thinking!
{Wed 20:25:36 Step:721} World_Parser.py: Received field line with NaNs [ 17.15 -59.37  12.09    nan    nan    nan]
{Wed 20:25:36 Step:723} Server_Comm.py: Received a new packet while thinking!
{Wed 20:25:36 Step:726} Server_Comm.py: Received a new packet while thinking!
{Wed 20:25:36 Step:729} Server_Comm.py: Received a new packet while thinking!
{Wed 20:25:36 Step:732} Server_Comm.py: Received a new packet while thinking!
{Wed 20:25:36 Step:735} Server_Comm.py: Received a new packet while thinking!
{Wed 20:25:36 Step:738} Server_Comm.py: Received a new packet while thinking!
{Wed 20:25:36 Step:742} Server_Comm.py: The agent lost 1 packet! Is syncmode enabled?
{Wed 20:25:37 Step:799} Server_Comm.py: Received a new packet while thinking!
{Wed 20:25:37 Step:801} Server_Comm.py: The agent lost 1 packet! Is syncmode enabled?
{Wed 20:25:37 Step:805} Server_Comm.py: Received a new packet while thinking!
{Wed 20:25:37 Step:807} Server_Comm.py: The agent lost 1 packet! Is syncmode enabled?
{Wed 20:25:38 Step:812} Server_Comm.py: The agent lost 1 packet! Is syncmode enabled?
{Wed 20:25:38 Step:815} Server_Comm.py: Received a new packet while thinking!
{Wed 20:25:38 Step:817} Server_Comm.py: The agent lost 1 packet! Is syncmode enabled?
{Wed 20:25:38 Step:817} Server_Comm.py: Received a new packet while thinking!
{Wed 20:25:38 Step:819} Server_Comm.py: The agent lost 1 packet! Is syncmode enabled?
{Wed 20:25:38 Step:820} Server_Comm.py: Received a new packet while thinking!
{Wed 20:25:38 Step:822} Server_Comm.py: The agent lost 1 packet! Is syncmode enabled?
{Wed 20:25:38 Step:822} Server_Comm.py: Received a new packet while thinking!
{Wed 20:25:38 Step:825} Server_Comm.py: The agent lost 2 consecutive packets! Is syncmode disabled?
{Wed 20:25:38 Step:826} Server_Comm.py: Received a new packet while on world.update()!
{Wed 20:25:38 Step:829} Server_Comm.py: Received a new packet while thinking!
{Wed 20:25:38 Step:831} Server_Comm.py: The agent lost 1 packet! Is syncmode enabled?
{Wed 20:25:38 Step:831} Server_Comm.py: Received a new packet while thinking!
{Wed 20:25:38 Step:833} Server_Comm.py: The agent lost 1 packet! Is syncmode enabled?
{Wed 20:25:38 Step:834} Server_Comm.py: Received a new packet while thinking!
{Wed 20:25:38 Step:836} Server_Comm.py: The agent lost 1 packet! Is syncmode enabled?
{Wed 20:25:38 Step:836} Server_Comm.py: Received a new packet while thinking!
{Wed 20:25:38 Step:838} Server_Comm.py: The agent lost 1 packet! Is syncmode enabled?
{Wed 20:25:38 Step:839} Server_Comm.py: Received a new packet while thinking!
{Wed 20:25:38 Step:841} Server_Comm.py: The agent lost 1 packet! Is syncmode enabled?
{Wed 20:25:38 Step:842} Server_Comm.py: Received a new packet while thinking!
{Wed 20:25:38 Step:844} Server_Comm.py: The agent lost 1 packet! Is syncmode enabled?
{Wed 20:25:38 Step:845} Server_Comm.py: Received a new packet while thinking!
{Wed 20:25:38 Step:847} Server_Comm.py: The agent lost 1 packet! Is syncmode enabled?
{Wed 20:25:38 Step:849} Server_Comm.py: Received a new packet while thinking!
{Wed 20:25:38 Step:851} Server_Comm.py: The agent lost 1 packet! Is syncmode enabled?
{Wed 20:25:38 Step:853} Server_Comm.py: Received a new packet while thinking!
{Wed 20:25:38 Step:855} Server_Comm.py: The agent lost 1 packet! Is syncmode enabled?
{Wed 20:25:38 Step:857} Server_Comm.py: Received a new packet while thinking!
{Wed 20:25:38 Step:859} Server_Comm.py: The agent lost 1 packet! Is syncmode enabled?
{Wed 20:25:40 Step:922} Server_Comm.py: The agent lost 1 packet! Is syncmode enabled?
{Wed 20:25:40 Step:948} Server_Comm.py: Received a new packet while thinking!
{Wed 20:25:40 Step:951} Server_Comm.py: Received a new packet while thinking!
{Wed 20:25:40 Step:955} Server_Comm.py: The agent lost 1 packet! Is syncmode enabled?
{Wed 20:25:40 Step:957} Server_Comm.py: Received a new packet while thinking!
{Wed 20:25:41 Step:961} Server_Comm.py: The agent lost 1 packet! Is syncmode enabled?
{Wed 20:25:41 Step:964} Server_Comm.py: Received a new packet while thinking!
{Wed 20:25:41 Step:967} Server_Comm.py: The agent lost 1 packet! Is syncmode enabled?
{Wed 20:25:41 Step:977} Server_Comm.py: Received a new packet while thinking!
{Wed 20:25:41 Step:979} Server_Comm.py: The agent lost 1 packet! Is syncmode enabled?
{Wed 20:25:41 Step:990} Server_Comm.py: Received a new packet while on world.update()!
{Wed 20:25:41 Step:1004} Server_Comm.py: Received a new packet while thinking!
{Wed 20:25:41 Step:1006} Server_Comm.py: The agent lost 1 packet! Is syncmode enabled?
{Wed 20:25:42 Step:1011} Server_Comm.py: The agent lost 1 packet! Is syncmode enabled?
{Wed 20:25:42 Step:1011} Server_Comm.py: Received a new packet while thinking!
{Wed 20:25:42 Step:1016} Server_Comm.py: Received a new packet while thinking!
{Wed 20:25:42 Step:1018} Server_Comm.py: The agent lost 1 packet! Is syncmode enabled?
{Wed 20:25:42 Step:1023} Server_Comm.py: The agent lost 1 packet! Is syncmode enabled?
{Wed 20:25:42 Step:1029} Server_Comm.py: The agent lost 1 packet! Is syncmode enabled?
{Wed 20:25:42 Step:1038} Server_Comm.py: Received a new packet while thinking!
{Wed 20:25:42 Step:1040} Server_Comm.py: The agent lost 1 packet! Is syncmode enabled?
{Wed 20:25:43 Step:1073} Server_Comm.py: Received a new packet while thinking!
{Wed 20:25:43 Step:1075} Server_Comm.py: The agent lost 1 packet! Is syncmode enabled?
{Wed 20:25:43 Step:1086} Server_Comm.py: Received a new packet while thinking!
{Wed 20:25:43 Step:1088} Server_Comm.py: The agent lost 1 packet! Is syncmode enabled?
{Wed 20:25:43 Step:1091} Server_Comm.py: Received a new packet while thinking!
{Wed 20:25:43 Step:1093} Server_Comm.py: The agent lost 1 packet! Is syncmode enabled?
{Wed 20:25:43 Step:1096} Server_Comm.py: Received a new packet while thinking!
{Wed 20:25:43 Step:1098} Server_Comm.py: The agent lost 1 packet! Is syncmode enabled?
{Wed 20:25:43 Step:1101} Server_Comm.py: Received a new packet while thinking!
{Wed 20:25:43 Step:1103} Server_Comm.py: The agent lost 1 packet! Is syncmode enabled?
{Wed 20:25:43 Step:1106} Server_Comm.py: The agent lost 1 packet! Is syncmode enabled?
{Wed 20:25:44 Step:1109} Server_Comm.py: The agent lost 1 packet! Is syncmode enabled?
{Wed 20:25:44 Step:1113} Server_Comm.py: The agent lost 1 packet! Is syncmode enabled?
{Wed 20:25:44 Step:1115} Server_Comm.py: Received a new packet while thinking!
{Wed 20:25:44 Step:1117} Server_Comm.py: The agent lost 1 packet! Is syncmode enabled?
{Wed 20:25:44 Step:1118} Server_Comm.py: Received a new packet while thinking!
{Wed 20:25:44 Step:1120} Server_Comm.py: The agent lost 1 packet! Is syncmode enabled?
{Wed 20:25:44 Step:1121} Server_Comm.py: Received a new packet while thinking!
{Wed 20:25:44 Step:1123} Server_Comm.py: The agent lost 1 packet! Is syncmode enabled?
{Wed 20:25:44 Step:1125} Server_Comm.py: Received a new packet while thinking!
{Wed 20:25:44 Step:1127} Server_Comm.py: The agent lost 1 packet! Is syncmode enabled?
{Wed 20:25:44 Step:1133} Server_Comm.py: Received a new packet while thinking!
{Wed 20:25:44 Step:1135} Server_Comm.py: The agent lost 1 packet! Is syncmode enabled?
{Wed 20:25:44 Step:1137} Server_Comm.py: Received a new packet while thinking!
{Wed 20:25:44 Step:1142} Server_Comm.py: Received a new packet while thinking!
{Wed 20:25:44 Step:1144} Server_Comm.py: The agent lost 1 packet! Is syncmode enabled?
{Wed 20:25:44 Step:1147} Server_Comm.py: The agent lost 1 packet! Is syncmode enabled?
{Wed 20:25:44 Step:1152} Server_Comm.py: Received a new packet while thinking!
{Wed 20:25:44 Step:1154} Server_Comm.py: The agent lost 1 packet! Is syncmode enabled?
{Wed 20:25:45 Step:1157} Server_Comm.py: Received a new packet while thinking!
{Wed 20:25:45 Step:1159} Server_Comm.py: The agent lost 1 packet! Is syncmode enabled?
{Wed 20:25:45 Step:1178} Server_Comm.py: Received a new packet while thinking!
{Wed 20:25:45 Step:1180} Server_Comm.py: The agent lost 1 packet! Is syncmode enabled?
{Wed 20:25:46 Step:1242} Server_Comm.py: The agent lost 1 packet! Is syncmode enabled?
{Wed 20:25:46 Step:1245} Server_Comm.py: The agent lost 1 packet! Is syncmode enabled?
{Wed 20:25:46 Step:1247} Server_Comm.py: Received a new packet while on world.update()!
{Wed 20:25:46 Step:1249} Server_Comm.py: The agent lost 1 packet! Is syncmode enabled?
{Wed 20:25:46 Step:1252} Server_Comm.py: The agent lost 1 packet! Is syncmode enabled?
{Wed 20:25:46 Step:1253} Server_Comm.py: Received a new packet while thinking!
{Wed 20:25:46 Step:1255} Server_Comm.py: The agent lost 1 packet! Is syncmode enabled?
{Wed 20:25:46 Step:1255} Server_Comm.py: Received a new packet while thinking!
{Wed 20:25:47 Step:1258} Server_Comm.py: The agent lost 2 consecutive packets! Is syncmode disabled?
{Wed 20:25:47 Step:1259} Server_Comm.py: Received a new packet while thinking!
{Wed 20:25:47 Step:1261} Server_Comm.py: The agent lost 1 packet! Is syncmode enabled?
{Wed 20:25:47 Step:1264} Server_Comm.py: The agent lost 2 consecutive packets! Is syncmode disabled?
{Wed 20:25:47 Step:1267} Server_Comm.py: The agent lost 1 packet! Is syncmode enabled?
{Wed 20:25:47 Step:1270} Server_Comm.py: The agent lost 2 consecutive packets! Is syncmode disabled?
{Wed 20:25:47 Step:1273} Server_Comm.py: The agent lost 1 packet! Is syncmode enabled?
{Wed 20:25:47 Step:1276} Server_Comm.py: The agent lost 1 packet! Is syncmode enabled?
{Wed 20:25:47 Step:1279} Server_Comm.py: The agent lost 1 packet! Is syncmode enabled?
{Wed 20:25:47 Step:1282} Server_Comm.py: The agent lost 1 packet! Is syncmode enabled?
{Wed 20:25:47 Step:1285} Server_Comm.py: The agent lost 1 packet! Is syncmode enabled?
{Wed 20:25:47 Step:1288} Server_Comm.py: The agent lost 1 packet! Is syncmode enabled?
{Wed 20:25:47 Step:1291} Server_Comm.py: The agent lost 1 packet! Is syncmode enabled?
{Wed 20:25:47 Step:1294} Server_Comm.py: The agent lost 1 packet! Is syncmode enabled?
{Wed 20:25:47 Step:1297} Server_Comm.py: The agent lost 1 packet! Is syncmode enabled?
{Wed 20:25:47 Step:1300} Server_Comm.py: The agent lost 1 packet! Is syncmode enabled?
{Wed 20:25:47 Step:1305} Server_Comm.py: Received a new packet while thinking!
{Wed 20:25:48 Step:1309} Server_Comm.py: The agent lost 1 packet! Is syncmode enabled?
{Wed 20:25:48 Step:1312} Server_Comm.py: Received a new packet while thinking!
{Wed 20:25:48 Step:1314} Server_Comm.py: Received a new packet while thinking!
{Wed 20:25:48 Step:1317} Server_Comm.py: Received a new packet while thinking!
{Wed 20:25:48 Step:1320} Server_Comm.py: Received a new packet while thinking!
{Wed 20:25:48 Step:1323} Server_Comm.py: Received a new packet while thinking!
{Wed 20:25:48 Step:1326} Server_Comm.py: Received a new packet while thinking!
{Wed 20:25:48 Step:1329} Server_Comm.py: Received a new packet while thinking!
{Wed 20:25:48 Step:1333} Server_Comm.py: The agent lost 1 packet! Is syncmode enabled?
{Wed 20:25:50 Step:1446} Server_Comm.py: Received a new packet while thinking!
{Wed 20:25:50 Step:1449} Server_Comm.py: Received a new packet while thinking!
{Wed 20:25:50 Step:1453} Server_Comm.py: The agent lost 1 packet! Is syncmode enabled?
{Wed 20:25:50 Step:1455} Server_Comm.py: Received a new packet while thinking!
{Wed 20:25:51 Step:1459} Server_Comm.py: The agent lost 1 packet! Is syncmode enabled?
{Wed 20:25:51 Step:1461} Server_Comm.py: Received a new packet while thinking!
{Wed 20:25:51 Step:1465} Server_Comm.py: The agent lost 1 packet! Is syncmode enabled?
{Wed 20:25:51 Step:1467} Server_Comm.py: Received a new packet while on world.update()!
