{Mon 01:10:45 Step:2} Server_Comm.py: The agent lost 1 packet! Is syncmode enabled?
{Mon 01:10:45 Step:2} Server_Comm.py: Received a new packet while on world.update()!
{Mon 01:10:45 Step:6} Server_Comm.py: The agent lost 3 consecutive packets! Is syncmode disabled?
{Mon 01:10:45 Step:6} Server_Comm.py: Received a new packet while on world.update()!
{Mon 01:10:45 Step:8} Server_Comm.py: The agent lost 1 packet! Is syncmode enabled?
{Mon 01:10:45 Step:11} Server_Comm.py: The agent lost 1 packet! Is syncmode enabled?
{Mon 01:10:45 Step:14} Server_Comm.py: The agent lost 2 consecutive packets! Is syncmode disabled?
{Mon 01:10:45 Step:16} Server_Comm.py: The agent lost 1 packet! Is syncmode enabled?
{Mon 01:10:45 Step:32} Server_Comm.py: The agent lost 15 consecutive packets! Is syncmode disabled?
{Mon 01:10:45 Step:37} Server_Comm.py: The agent lost 4 consecutive packets! Is syncmode disabled?
{Mon 01:10:45 Step:41} Server_Comm.py: The agent lost 3 consecutive packets! Is syncmode disabled?
{Mon 01:10:45 Step:44} Server_Comm.py: The agent lost 2 consecutive packets! Is syncmode disabled?
{Mon 01:10:45 Step:46} Server_Comm.py: The agent lost 1 packet! Is syncmode enabled?
{Mon 01:10:45 Step:54} Server_Comm.py: The agent lost 6 consecutive packets! Is syncmode disabled?
{Mon 01:10:45 Step:58} Server_Comm.py: The agent lost 3 consecutive packets! Is syncmode disabled?
{Mon 01:10:45 Step:60} Server_Comm.py: The agent lost 1 packet! Is syncmode enabled?
{Mon 01:10:45 Step:62} Server_Comm.py: The agent lost 1 packet! Is syncmode enabled?
{Mon 01:10:45 Step:64} Server_Comm.py: The agent lost 1 packet! Is syncmode enabled?
{Mon 01:10:45 Step:69} Server_Comm.py: The agent lost 3 consecutive packets! Is syncmode disabled?
{Mon 01:10:45 Step:74} Server_Comm.py: The agent lost 4 consecutive packets! Is syncmode disabled?
{Mon 01:10:45 Step:76} Server_Comm.py: The agent lost 1 packet! Is syncmode enabled?
{Mon 01:10:45 Step:78} Server_Comm.py: The agent lost 1 packet! Is syncmode enabled?
{Mon 01:10:45 Step:80} Server_Comm.py: The agent lost 1 packet! Is syncmode enabled?
{Mon 01:10:45 Step:82} Server_Comm.py: The agent lost 1 packet! Is syncmode enabled?
{Mon 01:10:45 Step:84} Server_Comm.py: The agent lost 1 packet! Is syncmode enabled?
{Mon 01:10:45 Step:86} Server_Comm.py: The agent lost 1 packet! Is syncmode enabled?
{Mon 01:10:45 Step:90} Server_Comm.py: The agent lost 2 consecutive packets! Is syncmode disabled?
{Mon 01:10:45 Step:94} Server_Comm.py: The agent lost 2 consecutive packets! Is syncmode disabled?
{Mon 01:10:45 Step:96} Server_Comm.py: The agent lost 1 packet! Is syncmode enabled?
{Mon 01:10:45 Step:100} Server_Comm.py: The agent lost 2 consecutive packets! Is syncmode disabled?
{Mon 01:10:45 Step:104} Server_Comm.py: The agent lost 2 consecutive packets! Is syncmode disabled?
{Mon 01:10:45 Step:106} Server_Comm.py: The agent lost 1 packet! Is syncmode enabled?
{Mon 01:10:45 Step:110} Server_Comm.py: The agent lost 2 consecutive packets! Is syncmode disabled?
{Mon 01:10:45 Step:112} Server_Comm.py: The agent lost 1 packet! Is syncmode enabled?
{Mon 01:10:45 Step:114} Server_Comm.py: The agent lost 1 packet! Is syncmode enabled?
{Mon 01:10:45 Step:117} Server_Comm.py: The agent lost 1 packet! Is syncmode enabled?
{Mon 01:10:45 Step:120} Server_Comm.py: The agent lost 2 consecutive packets! Is syncmode disabled?
{Mon 01:10:45 Step:122} Server_Comm.py: The agent lost 1 packet! Is syncmode enabled?
{Mon 01:10:45 Step:124} Server_Comm.py: The agent lost 1 packet! Is syncmode enabled?
{Mon 01:10:45 Step:127} Server_Comm.py: The agent lost 1 packet! Is syncmode enabled?
{Mon 01:10:45 Step:131} Server_Comm.py: The agent lost 3 consecutive packets! Is syncmode disabled?
{Mon 01:10:45 Step:136} Server_Comm.py: The agent lost 4 consecutive packets! Is syncmode disabled?
{Mon 01:10:45 Step:139} Server_Comm.py: The agent lost 2 consecutive packets! Is syncmode disabled?
{Mon 01:10:45 Step:142} Server_Comm.py: The agent lost 2 consecutive packets! Is syncmode disabled?
{Mon 01:10:45 Step:144} Server_Comm.py: The agent lost 1 packet! Is syncmode enabled?
{Mon 01:10:45 Step:146} Server_Comm.py: The agent lost 1 packet! Is syncmode enabled?
{Mon 01:10:45 Step:150} Server_Comm.py: The agent lost 2 consecutive packets! Is syncmode disabled?
{Mon 01:10:45 Step:152} Server_Comm.py: The agent lost 1 packet! Is syncmode enabled?
{Mon 01:10:45 Step:154} Server_Comm.py: The agent lost 1 packet! Is syncmode enabled?
{Mon 01:10:45 Step:156} Server_Comm.py: The agent lost 1 packet! Is syncmode enabled?
{Mon 01:10:45 Step:160} Server_Comm.py: The agent lost 2 consecutive packets! Is syncmode disabled?
{Mon 01:10:45 Step:162} Server_Comm.py: The agent lost 1 packet! Is syncmode enabled?
{Mon 01:10:45 Step:182} Server_Comm.py: The agent lost 1 packet! Is syncmode enabled?
{Mon 01:10:45 Step:206} Server_Comm.py: The agent lost 2 consecutive packets! Is syncmode disabled?
{Mon 01:10:45 Step:213} Server_Comm.py: The agent lost 5 consecutive packets! Is syncmode disabled?
{Mon 01:10:45 Step:218} Server_Comm.py: The agent lost 4 consecutive packets! Is syncmode disabled?
{Mon 01:10:45 Step:220} Server_Comm.py: The agent lost 1 packet! Is syncmode enabled?
{Mon 01:10:45 Step:223} Server_Comm.py: The agent lost 2 consecutive packets! Is syncmode disabled?
{Mon 01:10:45 Step:227} Server_Comm.py: The agent lost 3 consecutive packets! Is syncmode disabled?
{Mon 01:10:45 Step:231} Server_Comm.py: The agent lost 3 consecutive packets! Is syncmode disabled?
{Mon 01:10:45 Step:236} Server_Comm.py: The agent lost 4 consecutive packets! Is syncmode disabled?
{Mon 01:10:45 Step:238} Server_Comm.py: The agent lost 1 packet! Is syncmode enabled?
{Mon 01:10:45 Step:242} Server_Comm.py: The agent lost 2 consecutive packets! Is syncmode disabled?
{Mon 01:10:45 Step:246} Server_Comm.py: The agent lost 2 consecutive packets! Is syncmode disabled?
{Mon 01:10:45 Step:248} Server_Comm.py: The agent lost 1 packet! Is syncmode enabled?
{Mon 01:10:45 Step:252} Server_Comm.py: The agent lost 2 consecutive packets! Is syncmode disabled?
{Mon 01:10:45 Step:254} Server_Comm.py: The agent lost 1 packet! Is syncmode enabled?
{Mon 01:10:45 Step:256} Server_Comm.py: The agent lost 1 packet! Is syncmode enabled?
{Mon 01:10:45 Step:258} Server_Comm.py: The agent lost 1 packet! Is syncmode enabled?
{Mon 01:10:45 Step:261} Server_Comm.py: The agent lost 1 packet! Is syncmode enabled?
{Mon 01:10:45 Step:264} Server_Comm.py: The agent lost 2 consecutive packets! Is syncmode disabled?
{Mon 01:10:45 Step:266} Server_Comm.py: The agent lost 1 packet! Is syncmode enabled?
{Mon 01:10:45 Step:270} Server_Comm.py: The agent lost 2 consecutive packets! Is syncmode disabled?
{Mon 01:10:45 Step:272} Server_Comm.py: The agent lost 1 packet! Is syncmode enabled?
{Mon 01:10:45 Step:272} Server_Comm.py: Received a new packet while thinking!
{Mon 01:10:45 Step:374} Server_Comm.py: The agent lost 101 consecutive packets! Is syncmode disabled?
{Mon 01:10:45 Step:382} Server_Comm.py: The agent lost 7 consecutive packets! Is syncmode disabled?
{Mon 01:10:45 Step:385} Server_Comm.py: The agent lost 2 consecutive packets! Is syncmode disabled?
{Mon 01:10:45 Step:389} Server_Comm.py: The agent lost 3 consecutive packets! Is syncmode disabled?
{Mon 01:10:45 Step:392} Server_Comm.py: The agent lost 2 consecutive packets! Is syncmode disabled?
{Mon 01:10:45 Step:394} Server_Comm.py: The agent lost 1 packet! Is syncmode enabled?
{Mon 01:10:45 Step:398} Server_Comm.py: The agent lost 2 consecutive packets! Is syncmode disabled?
{Mon 01:10:45 Step:400} Server_Comm.py: The agent lost 1 packet! Is syncmode enabled?
{Mon 01:10:45 Step:404} Server_Comm.py: The agent lost 2 consecutive packets! Is syncmode disabled?
{Mon 01:10:45 Step:406} Server_Comm.py: The agent lost 1 packet! Is syncmode enabled?
{Mon 01:10:45 Step:408} Server_Comm.py: The agent lost 1 packet! Is syncmode enabled?
{Mon 01:10:45 Step:410} Server_Comm.py: The agent lost 1 packet! Is syncmode enabled?
{Mon 01:10:45 Step:414} Server_Comm.py: The agent lost 2 consecutive packets! Is syncmode disabled?
{Mon 01:10:45 Step:416} Server_Comm.py: The agent lost 1 packet! Is syncmode enabled?
{Mon 01:10:45 Step:418} Server_Comm.py: The agent lost 1 packet! Is syncmode enabled?
{Mon 01:10:45 Step:420} Server_Comm.py: The agent lost 1 packet! Is syncmode enabled?
{Mon 01:10:45 Step:423} Server_Comm.py: The agent lost 1 packet! Is syncmode enabled?
{Mon 01:10:45 Step:426} Server_Comm.py: The agent lost 2 consecutive packets! Is syncmode disabled?
{Mon 01:10:45 Step:428} Server_Comm.py: The agent lost 1 packet! Is syncmode enabled?
{Mon 01:10:45 Step:432} Server_Comm.py: The agent lost 2 consecutive packets! Is syncmode disabled?
{Mon 01:10:45 Step:434} Server_Comm.py: The agent lost 1 packet! Is syncmode enabled?
{Mon 01:10:45 Step:436} Server_Comm.py: The agent lost 1 packet! Is syncmode enabled?
{Mon 01:10:45 Step:439} Server_Comm.py: The agent lost 1 packet! Is syncmode enabled?
{Mon 01:10:45 Step:442} Server_Comm.py: The agent lost 2 consecutive packets! Is syncmode disabled?
{Mon 01:10:45 Step:444} Server_Comm.py: The agent lost 1 packet! Is syncmode enabled?
{Mon 01:10:45 Step:446} Server_Comm.py: The agent lost 1 packet! Is syncmode enabled?
{Mon 01:10:45 Step:448} Server_Comm.py: The agent lost 1 packet! Is syncmode enabled?
{Mon 01:10:45 Step:452} Server_Comm.py: The agent lost 2 consecutive packets! Is syncmode disabled?
{Mon 01:10:45 Step:454} Server_Comm.py: The agent lost 1 packet! Is syncmode enabled?
{Mon 01:10:45 Step:456} Server_Comm.py: The agent lost 1 packet! Is syncmode enabled?
{Mon 01:10:45 Step:458} Server_Comm.py: The agent lost 1 packet! Is syncmode enabled?
{Mon 01:10:45 Step:462} Server_Comm.py: The agent lost 2 consecutive packets! Is syncmode disabled?
{Mon 01:10:45 Step:464} Server_Comm.py: The agent lost 1 packet! Is syncmode enabled?
{Mon 01:10:45 Step:466} Server_Comm.py: The agent lost 1 packet! Is syncmode enabled?
{Mon 01:10:45 Step:469} Server_Comm.py: The agent lost 1 packet! Is syncmode enabled?
{Mon 01:10:45 Step:472} Server_Comm.py: The agent lost 2 consecutive packets! Is syncmode disabled?
{Mon 01:10:45 Step:472} Server_Comm.py: Received a new packet while thinking!
{Mon 01:10:45 Step:590} Server_Comm.py: The agent lost 117 consecutive packets! Is syncmode disabled?
{Mon 01:10:45 Step:600} Server_Comm.py: The agent lost 9 consecutive packets! Is syncmode disabled?
{Mon 01:10:45 Step:603} Server_Comm.py: The agent lost 2 consecutive packets! Is syncmode disabled?
{Mon 01:10:45 Step:610} Server_Comm.py: The agent lost 1 packet! Is syncmode enabled?
{Mon 01:10:45 Step:622} Server_Comm.py: The agent lost 1 packet! Is syncmode enabled?
{Mon 01:10:45 Step:636} Server_Comm.py: The agent lost 2 consecutive packets! Is syncmode disabled?
{Mon 01:10:45 Step:652} Server_Comm.py: The agent lost 1 packet! Is syncmode enabled?
{Mon 01:10:45 Step:672} Server_Comm.py: The agent lost 1 packet! Is syncmode enabled?
{Mon 01:10:45 Step:676} Server_Comm.py: The agent lost 1 packet! Is syncmode enabled?
{Mon 01:10:45 Step:679} Server_Comm.py: The agent lost 1 packet! Is syncmode enabled?
{Mon 01:10:45 Step:684} Server_Comm.py: The agent lost 1 packet! Is syncmode enabled?
{Mon 01:10:45 Step:688} Server_Comm.py: The agent lost 1 packet! Is syncmode enabled?
{Mon 01:10:45 Step:700} Server_Comm.py: The agent lost 2 consecutive packets! Is syncmode disabled?
{Mon 01:10:45 Step:702} Server_Comm.py: The agent lost 1 packet! Is syncmode enabled?
{Mon 01:10:45 Step:707} Server_Comm.py: The agent lost 4 consecutive packets! Is syncmode disabled?
{Mon 01:10:45 Step:711} Server_Comm.py: The agent lost 3 consecutive packets! Is syncmode disabled?
{Mon 01:10:45 Step:714} Server_Comm.py: The agent lost 2 consecutive packets! Is syncmode disabled?
{Mon 01:10:45 Step:716} Server_Comm.py: The agent lost 1 packet! Is syncmode enabled?
{Mon 01:10:45 Step:718} Server_Comm.py: The agent lost 1 packet! Is syncmode enabled?
{Mon 01:10:45 Step:720} Server_Comm.py: The agent lost 1 packet! Is syncmode enabled?
{Mon 01:10:45 Step:724} Server_Comm.py: The agent lost 2 consecutive packets! Is syncmode disabled?
{Mon 01:10:45 Step:726} Server_Comm.py: The agent lost 1 packet! Is syncmode enabled?
{Mon 01:10:45 Step:728} Server_Comm.py: The agent lost 1 packet! Is syncmode enabled?
{Mon 01:10:45 Step:730} Server_Comm.py: The agent lost 1 packet! Is syncmode enabled?
{Mon 01:10:45 Step:732} Server_Comm.py: The agent lost 1 packet! Is syncmode enabled?
{Mon 01:10:45 Step:735} Server_Comm.py: The agent lost 1 packet! Is syncmode enabled?
{Mon 01:10:45 Step:738} Server_Comm.py: The agent lost 2 consecutive packets! Is syncmode disabled?
{Mon 01:10:45 Step:742} Server_Comm.py: The agent lost 2 consecutive packets! Is syncmode disabled?
{Mon 01:10:45 Step:744} Server_Comm.py: The agent lost 1 packet! Is syncmode enabled?
{Mon 01:10:45 Step:746} Server_Comm.py: The agent lost 1 packet! Is syncmode enabled?
{Mon 01:10:45 Step:748} Server_Comm.py: The agent lost 1 packet! Is syncmode enabled?
{Mon 01:10:45 Step:752} Server_Comm.py: The agent lost 2 consecutive packets! Is syncmode disabled?
{Mon 01:10:45 Step:754} Server_Comm.py: The agent lost 1 packet! Is syncmode enabled?
{Mon 01:10:45 Step:757} Server_Comm.py: The agent lost 1 packet! Is syncmode enabled?
{Mon 01:10:45 Step:759} Server_Comm.py: The agent lost 1 packet! Is syncmode enabled?
{Mon 01:10:45 Step:761} Server_Comm.py: The agent lost 1 packet! Is syncmode enabled?
{Mon 01:10:45 Step:768} Server_Comm.py: The agent lost 1 packet! Is syncmode enabled?
{Mon 01:10:45 Step:778} Server_Comm.py: The agent lost 2 consecutive packets! Is syncmode disabled?
{Mon 01:10:45 Step:780} Server_Comm.py: The agent lost 1 packet! Is syncmode enabled?
{Mon 01:10:45 Step:790} Server_Comm.py: The agent lost 1 packet! Is syncmode enabled?
{Mon 01:10:45 Step:792} Server_Comm.py: The agent lost 1 packet! Is syncmode enabled?
{Mon 01:10:45 Step:794} Server_Comm.py: The agent lost 1 packet! Is syncmode enabled?
{Mon 01:10:45 Step:796} Server_Comm.py: The agent lost 1 packet! Is syncmode enabled?
{Mon 01:10:45 Step:799} Server_Comm.py: The agent lost 1 packet! Is syncmode enabled?
{Mon 01:10:45 Step:802} Server_Comm.py: The agent lost 1 packet! Is syncmode enabled?
{Mon 01:10:45 Step:808} Server_Comm.py: The agent lost 1 packet! Is syncmode enabled?
{Mon 01:10:45 Step:813} Server_Comm.py: The agent lost 1 packet! Is syncmode enabled?
{Mon 01:10:45 Step:822} Server_Comm.py: The agent lost 1 packet! Is syncmode enabled?
{Mon 01:10:45 Step:824} Server_Comm.py: The agent lost 1 packet! Is syncmode enabled?
{Mon 01:10:45 Step:838} Server_Comm.py: The agent lost 1 packet! Is syncmode enabled?
{Mon 01:10:45 Step:842} Server_Comm.py: The agent lost 2 consecutive packets! Is syncmode disabled?
{Mon 01:10:45 Step:844} Server_Comm.py: The agent lost 1 packet! Is syncmode enabled?
{Mon 01:10:45 Step:863} Server_Comm.py: The agent lost 18 consecutive packets! Is syncmode disabled?
{Mon 01:10:45 Step:871} Server_Comm.py: The agent lost 7 consecutive packets! Is syncmode disabled?
{Mon 01:10:45 Step:876} Server_Comm.py: The agent lost 4 consecutive packets! Is syncmode disabled?
{Mon 01:10:45 Step:879} Server_Comm.py: The agent lost 2 consecutive packets! Is syncmode disabled?
{Mon 01:10:45 Step:882} Server_Comm.py: The agent lost 2 consecutive packets! Is syncmode disabled?
{Mon 01:10:45 Step:884} Server_Comm.py: The agent lost 1 packet! Is syncmode enabled?
{Mon 01:10:45 Step:887} Server_Comm.py: The agent lost 1 packet! Is syncmode enabled?
{Mon 01:10:45 Step:890} Server_Comm.py: The agent lost 2 consecutive packets! Is syncmode disabled?
{Mon 01:10:45 Step:892} Server_Comm.py: The agent lost 1 packet! Is syncmode enabled?
{Mon 01:10:45 Step:894} Server_Comm.py: The agent lost 1 packet! Is syncmode enabled?
{Mon 01:10:45 Step:898} Server_Comm.py: The agent lost 1 packet! Is syncmode enabled?
{Mon 01:10:45 Step:904} Server_Comm.py: The agent lost 1 packet! Is syncmode enabled?
{Mon 01:10:45 Step:910} Server_Comm.py: The agent lost 1 packet! Is syncmode enabled?
{Mon 01:10:45 Step:915} Server_Comm.py: The agent lost 1 packet! Is syncmode enabled?
{Mon 01:10:45 Step:918} Server_Comm.py: The agent lost 1 packet! Is syncmode enabled?
{Mon 01:10:45 Step:922} Server_Comm.py: The agent lost 1 packet! Is syncmode enabled?
{Mon 01:10:45 Step:927} Server_Comm.py: The agent lost 1 packet! Is syncmode enabled?
{Mon 01:10:45 Step:934} Server_Comm.py: The agent lost 1 packet! Is syncmode enabled?
{Mon 01:10:45 Step:938} Server_Comm.py: The agent lost 1 packet! Is syncmode enabled?
{Mon 01:10:45 Step:945} Server_Comm.py: The agent lost 1 packet! Is syncmode enabled?
{Mon 01:10:45 Step:950} Server_Comm.py: The agent lost 1 packet! Is syncmode enabled?
{Mon 01:10:45 Step:958} Server_Comm.py: The agent lost 1 packet! Is syncmode enabled?
{Mon 01:10:45 Step:966} Server_Comm.py: The agent lost 1 packet! Is syncmode enabled?
{Mon 01:10:45 Step:968} Server_Comm.py: The agent lost 1 packet! Is syncmode enabled?
{Mon 01:10:45 Step:973} Server_Comm.py: The agent lost 1 packet! Is syncmode enabled?
{Mon 01:10:45 Step:977} Server_Comm.py: The agent lost 1 packet! Is syncmode enabled?
{Mon 01:10:45 Step:988} Server_Comm.py: The agent lost 2 consecutive packets! Is syncmode disabled?
{Mon 01:10:45 Step:990} Server_Comm.py: The agent lost 1 packet! Is syncmode enabled?
{Mon 01:10:45 Step:999} Server_Comm.py: The agent lost 7 consecutive packets! Is syncmode disabled?
{Mon 01:10:46 Step:1004} Server_Comm.py: The agent lost 4 consecutive packets! Is syncmode disabled?
{Mon 01:10:46 Step:1006} Server_Comm.py: The agent lost 1 packet! Is syncmode enabled?
{Mon 01:10:46 Step:1008} Server_Comm.py: The agent lost 1 packet! Is syncmode enabled?
{Mon 01:10:46 Step:1010} Server_Comm.py: The agent lost 1 packet! Is syncmode enabled?
{Mon 01:10:46 Step:1014} Server_Comm.py: The agent lost 2 consecutive packets! Is syncmode disabled?
{Mon 01:10:46 Step:1016} Server_Comm.py: The agent lost 1 packet! Is syncmode enabled?
{Mon 01:10:46 Step:1018} Server_Comm.py: The agent lost 1 packet! Is syncmode enabled?
{Mon 01:10:46 Step:1022} Server_Comm.py: The agent lost 2 consecutive packets! Is syncmode disabled?
{Mon 01:10:46 Step:1024} Server_Comm.py: The agent lost 1 packet! Is syncmode enabled?
{Mon 01:10:46 Step:1026} Server_Comm.py: The agent lost 1 packet! Is syncmode enabled?
{Mon 01:10:46 Step:1030} Server_Comm.py: The agent lost 2 consecutive packets! Is syncmode disabled?
{Mon 01:10:46 Step:1032} Server_Comm.py: The agent lost 1 packet! Is syncmode enabled?
{Mon 01:10:46 Step:1034} Server_Comm.py: The agent lost 1 packet! Is syncmode enabled?
{Mon 01:10:46 Step:1036} Server_Comm.py: The agent lost 1 packet! Is syncmode enabled?
{Mon 01:10:46 Step:1040} Server_Comm.py: The agent lost 2 consecutive packets! Is syncmode disabled?
{Mon 01:10:46 Step:1042} Server_Comm.py: The agent lost 1 packet! Is syncmode enabled?
{Mon 01:10:46 Step:1044} Server_Comm.py: The agent lost 1 packet! Is syncmode enabled?
{Mon 01:10:46 Step:1046} Server_Comm.py: The agent lost 1 packet! Is syncmode enabled?
{Mon 01:10:46 Step:1049} Server_Comm.py: The agent lost 1 packet! Is syncmode enabled?
{Mon 01:10:46 Step:1052} Server_Comm.py: The agent lost 2 consecutive packets! Is syncmode disabled?
{Mon 01:10:46 Step:1054} Server_Comm.py: The agent lost 1 packet! Is syncmode enabled?
{Mon 01:10:46 Step:1056} Server_Comm.py: The agent lost 1 packet! Is syncmode enabled?
{Mon 01:10:46 Step:1058} Server_Comm.py: The agent lost 1 packet! Is syncmode enabled?
{Mon 01:10:46 Step:1062} Server_Comm.py: The agent lost 2 consecutive packets! Is syncmode disabled?
{Mon 01:10:46 Step:1064} Server_Comm.py: The agent lost 1 packet! Is syncmode enabled?
{Mon 01:10:46 Step:1068} Server_Comm.py: The agent lost 2 consecutive packets! Is syncmode disabled?
{Mon 01:10:46 Step:1070} Server_Comm.py: The agent lost 1 packet! Is syncmode enabled?
{Mon 01:10:46 Step:1074} Server_Comm.py: The agent lost 2 consecutive packets! Is syncmode disabled?
{Mon 01:10:46 Step:1076} Server_Comm.py: The agent lost 1 packet! Is syncmode enabled?
{Mon 01:10:46 Step:1078} Server_Comm.py: The agent lost 1 packet! Is syncmode enabled?
{Mon 01:10:46 Step:1080} Server_Comm.py: The agent lost 1 packet! Is syncmode enabled?
{Mon 01:10:46 Step:1084} Server_Comm.py: The agent lost 2 consecutive packets! Is syncmode disabled?
{Mon 01:10:46 Step:1086} Server_Comm.py: The agent lost 1 packet! Is syncmode enabled?
{Mon 01:10:46 Step:1090} Server_Comm.py: The agent lost 2 consecutive packets! Is syncmode disabled?
{Mon 01:10:46 Step:1092} Server_Comm.py: The agent lost 1 packet! Is syncmode enabled?
{Mon 01:10:46 Step:1094} Server_Comm.py: The agent lost 1 packet! Is syncmode enabled?
{Mon 01:10:46 Step:1096} Server_Comm.py: The agent lost 1 packet! Is syncmode enabled?
{Mon 01:10:46 Step:1100} Server_Comm.py: The agent lost 2 consecutive packets! Is syncmode disabled?
{Mon 01:10:46 Step:1102} Server_Comm.py: The agent lost 1 packet! Is syncmode enabled?
{Mon 01:10:46 Step:1104} Server_Comm.py: The agent lost 1 packet! Is syncmode enabled?
{Mon 01:10:46 Step:1108} Server_Comm.py: The agent lost 2 consecutive packets! Is syncmode disabled?
{Mon 01:10:46 Step:1110} Server_Comm.py: The agent lost 1 packet! Is syncmode enabled?
{Mon 01:10:46 Step:1114} Server_Comm.py: The agent lost 2 consecutive packets! Is syncmode disabled?
{Mon 01:10:46 Step:1116} Server_Comm.py: The agent lost 1 packet! Is syncmode enabled?
{Mon 01:10:46 Step:1118} Server_Comm.py: The agent lost 1 packet! Is syncmode enabled?
{Mon 01:10:46 Step:1120} Server_Comm.py: The agent lost 1 packet! Is syncmode enabled?
{Mon 01:10:46 Step:1122} Server_Comm.py: The agent lost 1 packet! Is syncmode enabled?
{Mon 01:10:46 Step:1126} Server_Comm.py: The agent lost 2 consecutive packets! Is syncmode disabled?
{Mon 01:10:46 Step:1128} Server_Comm.py: The agent lost 1 packet! Is syncmode enabled?
{Mon 01:10:46 Step:1130} Server_Comm.py: The agent lost 1 packet! Is syncmode enabled?
{Mon 01:10:46 Step:1132} Server_Comm.py: The agent lost 1 packet! Is syncmode enabled?
{Mon 01:10:46 Step:1134} Server_Comm.py: The agent lost 1 packet! Is syncmode enabled?
{Mon 01:10:46 Step:1136} Server_Comm.py: The agent lost 1 packet! Is syncmode enabled?
{Mon 01:10:46 Step:1140} Server_Comm.py: The agent lost 2 consecutive packets! Is syncmode disabled?
{Mon 01:10:46 Step:1142} Server_Comm.py: The agent lost 1 packet! Is syncmode enabled?
{Mon 01:10:46 Step:1144} Server_Comm.py: The agent lost 1 packet! Is syncmode enabled?
{Mon 01:10:46 Step:1146} Server_Comm.py: The agent lost 1 packet! Is syncmode enabled?
{Mon 01:10:46 Step:1148} Server_Comm.py: The agent lost 1 packet! Is syncmode enabled?
{Mon 01:10:46 Step:1152} Server_Comm.py: The agent lost 2 consecutive packets! Is syncmode disabled?
{Mon 01:10:46 Step:1154} Server_Comm.py: The agent lost 1 packet! Is syncmode enabled?
{Mon 01:10:46 Step:1156} Server_Comm.py: The agent lost 1 packet! Is syncmode enabled?
{Mon 01:10:46 Step:1158} Server_Comm.py: The agent lost 1 packet! Is syncmode enabled?
{Mon 01:10:46 Step:1160} Server_Comm.py: The agent lost 1 packet! Is syncmode enabled?
{Mon 01:10:46 Step:1162} Server_Comm.py: The agent lost 1 packet! Is syncmode enabled?
{Mon 01:10:46 Step:1166} Server_Comm.py: The agent lost 2 consecutive packets! Is syncmode disabled?
{Mon 01:10:46 Step:1168} Server_Comm.py: The agent lost 1 packet! Is syncmode enabled?
{Mon 01:10:46 Step:1170} Server_Comm.py: The agent lost 1 packet! Is syncmode enabled?
{Mon 01:10:46 Step:1174} Server_Comm.py: The agent lost 2 consecutive packets! Is syncmode disabled?
{Mon 01:10:46 Step:1176} Server_Comm.py: The agent lost 1 packet! Is syncmode enabled?
{Mon 01:10:46 Step:1179} Server_Comm.py: The agent lost 1 packet! Is syncmode enabled?
{Mon 01:10:46 Step:1181} Server_Comm.py: The agent lost 1 packet! Is syncmode enabled?
{Mon 01:10:46 Step:1188} Server_Comm.py: The agent lost 6 consecutive packets! Is syncmode disabled?
{Mon 01:10:46 Step:1192} Server_Comm.py: The agent lost 3 consecutive packets! Is syncmode disabled?
{Mon 01:10:46 Step:1194} Server_Comm.py: The agent lost 1 packet! Is syncmode enabled?
{Mon 01:10:46 Step:1196} Server_Comm.py: The agent lost 1 packet! Is syncmode enabled?
{Mon 01:10:46 Step:1200} Server_Comm.py: The agent lost 2 consecutive packets! Is syncmode disabled?
{Mon 01:10:46 Step:1202} Server_Comm.py: The agent lost 1 packet! Is syncmode enabled?
{Mon 01:10:46 Step:1204} Server_Comm.py: The agent lost 1 packet! Is syncmode enabled?
{Mon 01:10:46 Step:1206} Server_Comm.py: The agent lost 1 packet! Is syncmode enabled?
{Mon 01:10:46 Step:1210} Server_Comm.py: The agent lost 2 consecutive packets! Is syncmode disabled?
{Mon 01:10:46 Step:1212} Server_Comm.py: The agent lost 1 packet! Is syncmode enabled?
{Mon 01:10:46 Step:1214} Server_Comm.py: The agent lost 1 packet! Is syncmode enabled?
{Mon 01:10:46 Step:1216} Server_Comm.py: The agent lost 1 packet! Is syncmode enabled?
{Mon 01:10:46 Step:1218} Server_Comm.py: The agent lost 1 packet! Is syncmode enabled?
{Mon 01:10:46 Step:1222} Server_Comm.py: The agent lost 2 consecutive packets! Is syncmode disabled?
{Mon 01:10:46 Step:1226} Server_Comm.py: The agent lost 2 consecutive packets! Is syncmode disabled?
{Mon 01:10:46 Step:1228} Server_Comm.py: The agent lost 1 packet! Is syncmode enabled?
{Mon 01:10:46 Step:1230} Server_Comm.py: The agent lost 1 packet! Is syncmode enabled?
{Mon 01:10:46 Step:1232} Server_Comm.py: The agent lost 1 packet! Is syncmode enabled?
{Mon 01:10:46 Step:1236} Server_Comm.py: The agent lost 2 consecutive packets! Is syncmode disabled?
{Mon 01:10:46 Step:1238} Server_Comm.py: The agent lost 1 packet! Is syncmode enabled?
{Mon 01:10:46 Step:1240} Server_Comm.py: The agent lost 1 packet! Is syncmode enabled?
{Mon 01:10:46 Step:1244} Server_Comm.py: The agent lost 2 consecutive packets! Is syncmode disabled?
{Mon 01:10:46 Step:1246} Server_Comm.py: The agent lost 1 packet! Is syncmode enabled?
{Mon 01:10:46 Step:1250} Server_Comm.py: The agent lost 2 consecutive packets! Is syncmode disabled?
{Mon 01:10:46 Step:1252} Server_Comm.py: The agent lost 1 packet! Is syncmode enabled?
{Mon 01:10:46 Step:1256} Server_Comm.py: The agent lost 2 consecutive packets! Is syncmode disabled?
{Mon 01:10:46 Step:1258} Server_Comm.py: The agent lost 1 packet! Is syncmode enabled?
{Mon 01:10:46 Step:1262} Server_Comm.py: The agent lost 2 consecutive packets! Is syncmode disabled?
{Mon 01:10:46 Step:1264} Server_Comm.py: The agent lost 1 packet! Is syncmode enabled?
{Mon 01:10:46 Step:1266} Server_Comm.py: The agent lost 1 packet! Is syncmode enabled?
{Mon 01:10:46 Step:1270} Server_Comm.py: The agent lost 2 consecutive packets! Is syncmode disabled?
{Mon 01:10:46 Step:1272} Server_Comm.py: The agent lost 1 packet! Is syncmode enabled?
{Mon 01:10:46 Step:1274} Server_Comm.py: The agent lost 1 packet! Is syncmode enabled?
{Mon 01:10:46 Step:1276} Server_Comm.py: The agent lost 1 packet! Is syncmode enabled?
{Mon 01:10:46 Step:1280} Server_Comm.py: The agent lost 2 consecutive packets! Is syncmode disabled?
{Mon 01:10:46 Step:1282} Server_Comm.py: The agent lost 1 packet! Is syncmode enabled?
{Mon 01:10:46 Step:1284} Server_Comm.py: The agent lost 1 packet! Is syncmode enabled?
{Mon 01:10:46 Step:1288} Server_Comm.py: The agent lost 2 consecutive packets! Is syncmode disabled?
{Mon 01:10:46 Step:1290} Server_Comm.py: The agent lost 1 packet! Is syncmode enabled?
{Mon 01:10:46 Step:1294} Server_Comm.py: The agent lost 2 consecutive packets! Is syncmode disabled?
{Mon 01:10:46 Step:1298} Server_Comm.py: The agent lost 2 consecutive packets! Is syncmode disabled?
{Mon 01:10:46 Step:1301} Server_Comm.py: The agent lost 1 packet! Is syncmode enabled?
{Mon 01:10:46 Step:1303} Server_Comm.py: The agent lost 1 packet! Is syncmode enabled?
{Mon 01:10:46 Step:1305} Server_Comm.py: The agent lost 1 packet! Is syncmode enabled?
{Mon 01:10:46 Step:1308} Server_Comm.py: The agent lost 2 consecutive packets! Is syncmode disabled?
{Mon 01:10:46 Step:1310} Server_Comm.py: The agent lost 1 packet! Is syncmode enabled?
{Mon 01:10:46 Step:1313} Server_Comm.py: The agent lost 1 packet! Is syncmode enabled?
{Mon 01:10:46 Step:1316} Server_Comm.py: The agent lost 2 consecutive packets! Is syncmode disabled?
{Mon 01:10:46 Step:1318} Server_Comm.py: The agent lost 1 packet! Is syncmode enabled?
{Mon 01:10:46 Step:1320} Server_Comm.py: The agent lost 1 packet! Is syncmode enabled?
{Mon 01:10:46 Step:1324} Server_Comm.py: The agent lost 2 consecutive packets! Is syncmode disabled?
{Mon 01:10:46 Step:1326} Server_Comm.py: The agent lost 1 packet! Is syncmode enabled?
{Mon 01:10:46 Step:1328} Server_Comm.py: The agent lost 1 packet! Is syncmode enabled?
{Mon 01:10:46 Step:1330} Server_Comm.py: The agent lost 1 packet! Is syncmode enabled?
{Mon 01:10:46 Step:1335} Server_Comm.py: The agent lost 3 consecutive packets! Is syncmode disabled?
{Mon 01:10:46 Step:1339} Server_Comm.py: The agent lost 3 consecutive packets! Is syncmode disabled?
{Mon 01:10:46 Step:1344} Server_Comm.py: The agent lost 4 consecutive packets! Is syncmode disabled?
{Mon 01:10:46 Step:1347} Server_Comm.py: The agent lost 2 consecutive packets! Is syncmode disabled?
{Mon 01:10:46 Step:1352} Server_Comm.py: The agent lost 1 packet! Is syncmode enabled?
{Mon 01:10:46 Step:1356} Server_Comm.py: The agent lost 1 packet! Is syncmode enabled?
{Mon 01:10:46 Step:1364} Server_Comm.py: The agent lost 2 consecutive packets! Is syncmode disabled?
{Mon 01:10:46 Step:1366} Server_Comm.py: The agent lost 1 packet! Is syncmode enabled?
{Mon 01:10:46 Step:1368} Server_Comm.py: The agent lost 1 packet! Is syncmode enabled?
{Mon 01:10:46 Step:1374} Server_Comm.py: The agent lost 5 consecutive packets! Is syncmode disabled?
{Mon 01:10:46 Step:1377} Server_Comm.py: The agent lost 2 consecutive packets! Is syncmode disabled?
{Mon 01:10:46 Step:1382} Server_Comm.py: The agent lost 4 consecutive packets! Is syncmode disabled?
{Mon 01:10:46 Step:1385} Server_Comm.py: The agent lost 2 consecutive packets! Is syncmode disabled?
{Mon 01:10:46 Step:1390} Server_Comm.py: The agent lost 4 consecutive packets! Is syncmode disabled?
{Mon 01:10:46 Step:1394} Server_Comm.py: The agent lost 2 consecutive packets! Is syncmode disabled?
{Mon 01:10:46 Step:1397} Server_Comm.py: The agent lost 2 consecutive packets! Is syncmode disabled?
{Mon 01:10:46 Step:1400} Server_Comm.py: The agent lost 2 consecutive packets! Is syncmode disabled?
{Mon 01:10:46 Step:1402} Server_Comm.py: The agent lost 1 packet! Is syncmode enabled?
{Mon 01:10:46 Step:1406} Server_Comm.py: The agent lost 2 consecutive packets! Is syncmode disabled?
{Mon 01:10:46 Step:1408} Server_Comm.py: The agent lost 1 packet! Is syncmode enabled?
{Mon 01:10:46 Step:1410} Server_Comm.py: The agent lost 1 packet! Is syncmode enabled?
{Mon 01:10:46 Step:1412} Server_Comm.py: The agent lost 1 packet! Is syncmode enabled?
{Mon 01:10:46 Step:1414} Server_Comm.py: The agent lost 1 packet! Is syncmode enabled?
{Mon 01:10:46 Step:1416} Server_Comm.py: The agent lost 1 packet! Is syncmode enabled?
{Mon 01:10:46 Step:1418} Server_Comm.py: The agent lost 1 packet! Is syncmode enabled?
{Mon 01:10:46 Step:1426} Server_Comm.py: The agent lost 1 packet! Is syncmode enabled?
{Mon 01:10:46 Step:1438} Server_Comm.py: The agent lost 1 packet! Is syncmode enabled?
{Mon 01:10:46 Step:1441} Server_Comm.py: The agent lost 1 packet! Is syncmode enabled?
{Mon 01:10:46 Step:1444} Server_Comm.py: The agent lost 1 packet! Is syncmode enabled?
{Mon 01:10:46 Step:1449} Server_Comm.py: The agent lost 1 packet! Is syncmode enabled?
{Mon 01:10:46 Step:1452} Server_Comm.py: The agent lost 1 packet! Is syncmode enabled?
{Mon 01:10:46 Step:1465} Server_Comm.py: The agent lost 1 packet! Is syncmode enabled?
{Mon 01:10:46 Step:1467} Server_Comm.py: The agent lost 1 packet! Is syncmode enabled?
{Mon 01:10:46 Step:1477} Server_Comm.py: The agent lost 1 packet! Is syncmode enabled?
{Mon 01:10:46 Step:1486} Server_Comm.py: The agent lost 1 packet! Is syncmode enabled?
{Mon 01:10:46 Step:1492} Server_Comm.py: The agent lost 1 packet! Is syncmode enabled?
{Mon 01:10:46 Step:1500} Server_Comm.py: The agent lost 1 packet! Is syncmode enabled?
{Mon 01:10:46 Step:1503} Server_Comm.py: The agent lost 1 packet! Is syncmode enabled?
{Mon 01:10:46 Step:1506} Server_Comm.py: The agent lost 2 consecutive packets! Is syncmode disabled?
{Mon 01:10:46 Step:1508} Server_Comm.py: The agent lost 1 packet! Is syncmode enabled?
{Mon 01:10:46 Step:1508} Server_Comm.py: Received a new packet while thinking!
{Mon 01:10:46 Step:1653} Server_Comm.py: The agent lost 144 consecutive packets! Is syncmode disabled?
{Mon 01:10:46 Step:1664} Server_Comm.py: The agent lost 10 consecutive packets! Is syncmode disabled?
{Mon 01:10:46 Step:1668} Server_Comm.py: The agent lost 3 consecutive packets! Is syncmode disabled?
{Mon 01:10:46 Step:1671} Server_Comm.py: The agent lost 2 consecutive packets! Is syncmode disabled?
{Mon 01:10:46 Step:1675} Server_Comm.py: The agent lost 3 consecutive packets! Is syncmode disabled?
{Mon 01:10:46 Step:1679} Server_Comm.py: The agent lost 3 consecutive packets! Is syncmode disabled?
{Mon 01:10:46 Step:1683} Server_Comm.py: The agent lost 3 consecutive packets! Is syncmode disabled?
{Mon 01:10:46 Step:1687} Server_Comm.py: The agent lost 3 consecutive packets! Is syncmode disabled?
{Mon 01:10:46 Step:1691} Server_Comm.py: The agent lost 3 consecutive packets! Is syncmode disabled?
{Mon 01:10:46 Step:1695} Server_Comm.py: The agent lost 3 consecutive packets! Is syncmode disabled?
{Mon 01:10:46 Step:1698} Server_Comm.py: The agent lost 2 consecutive packets! Is syncmode disabled?
{Mon 01:10:46 Step:1700} Server_Comm.py: The agent lost 1 packet! Is syncmode enabled?
{Mon 01:10:46 Step:1702} Server_Comm.py: The agent lost 1 packet! Is syncmode enabled?
{Mon 01:10:46 Step:1707} Server_Comm.py: The agent lost 3 consecutive packets! Is syncmode disabled?
{Mon 01:10:46 Step:1710} Server_Comm.py: The agent lost 2 consecutive packets! Is syncmode disabled?
{Mon 01:10:46 Step:1712} Server_Comm.py: The agent lost 1 packet! Is syncmode enabled?
{Mon 01:10:46 Step:1714} Server_Comm.py: The agent lost 1 packet! Is syncmode enabled?
{Mon 01:10:46 Step:1716} Server_Comm.py: The agent lost 1 packet! Is syncmode enabled?
{Mon 01:10:46 Step:1720} Server_Comm.py: The agent lost 2 consecutive packets! Is syncmode disabled?
{Mon 01:10:46 Step:1722} Server_Comm.py: The agent lost 1 packet! Is syncmode enabled?
{Mon 01:10:46 Step:1724} Server_Comm.py: The agent lost 1 packet! Is syncmode enabled?
{Mon 01:10:46 Step:1726} Server_Comm.py: The agent lost 1 packet! Is syncmode enabled?
{Mon 01:10:46 Step:1730} Server_Comm.py: The agent lost 2 consecutive packets! Is syncmode disabled?
{Mon 01:10:46 Step:1732} Server_Comm.py: The agent lost 1 packet! Is syncmode enabled?
{Mon 01:10:46 Step:1734} Server_Comm.py: The agent lost 1 packet! Is syncmode enabled?
{Mon 01:10:46 Step:1736} Server_Comm.py: The agent lost 1 packet! Is syncmode enabled?
{Mon 01:10:46 Step:1738} Server_Comm.py: The agent lost 1 packet! Is syncmode enabled?
{Mon 01:10:46 Step:1741} Server_Comm.py: The agent lost 1 packet! Is syncmode enabled?
{Mon 01:10:46 Step:1744} Server_Comm.py: The agent lost 2 consecutive packets! Is syncmode disabled?
{Mon 01:10:46 Step:1747} Server_Comm.py: The agent lost 2 consecutive packets! Is syncmode disabled?
{Mon 01:10:46 Step:1750} Server_Comm.py: The agent lost 2 consecutive packets! Is syncmode disabled?
{Mon 01:10:46 Step:1752} Server_Comm.py: The agent lost 1 packet! Is syncmode enabled?
{Mon 01:10:46 Step:1754} Server_Comm.py: The agent lost 1 packet! Is syncmode enabled?
{Mon 01:10:46 Step:1761} Server_Comm.py: The agent lost 6 consecutive packets! Is syncmode disabled?
{Mon 01:10:46 Step:1767} Server_Comm.py: The agent lost 5 consecutive packets! Is syncmode disabled?
{Mon 01:10:46 Step:1771} Server_Comm.py: The agent lost 3 consecutive packets! Is syncmode disabled?
{Mon 01:10:46 Step:1776} Server_Comm.py: The agent lost 4 consecutive packets! Is syncmode disabled?
{Mon 01:10:46 Step:1779} Server_Comm.py: The agent lost 2 consecutive packets! Is syncmode disabled?
{Mon 01:10:46 Step:1783} Server_Comm.py: The agent lost 3 consecutive packets! Is syncmode disabled?
{Mon 01:10:46 Step:1787} Server_Comm.py: The agent lost 3 consecutive packets! Is syncmode disabled?
{Mon 01:10:46 Step:1791} Server_Comm.py: The agent lost 3 consecutive packets! Is syncmode disabled?
{Mon 01:10:46 Step:1795} Server_Comm.py: The agent lost 3 consecutive packets! Is syncmode disabled?
{Mon 01:10:46 Step:1800} Server_Comm.py: The agent lost 4 consecutive packets! Is syncmode disabled?
{Mon 01:10:46 Step:1804} Server_Comm.py: The agent lost 3 consecutive packets! Is syncmode disabled?
{Mon 01:10:46 Step:1806} Server_Comm.py: The agent lost 1 packet! Is syncmode enabled?
{Mon 01:10:46 Step:1808} Server_Comm.py: The agent lost 1 packet! Is syncmode enabled?
{Mon 01:10:46 Step:1810} Server_Comm.py: The agent lost 1 packet! Is syncmode enabled?
{Mon 01:10:46 Step:1814} Server_Comm.py: The agent lost 2 consecutive packets! Is syncmode disabled?
{Mon 01:10:46 Step:1816} Server_Comm.py: The agent lost 1 packet! Is syncmode enabled?
{Mon 01:10:46 Step:1820} Server_Comm.py: The agent lost 2 consecutive packets! Is syncmode disabled?
{Mon 01:10:46 Step:1822} Server_Comm.py: The agent lost 1 packet! Is syncmode enabled?
{Mon 01:10:46 Step:1824} Server_Comm.py: The agent lost 1 packet! Is syncmode enabled?
{Mon 01:10:46 Step:1826} Server_Comm.py: The agent lost 1 packet! Is syncmode enabled?
{Mon 01:10:46 Step:1829} Server_Comm.py: The agent lost 1 packet! Is syncmode enabled?
{Mon 01:10:46 Step:1840} Server_Comm.py: The agent lost 1 packet! Is syncmode enabled?
{Mon 01:10:46 Step:1858} Server_Comm.py: The agent lost 1 packet! Is syncmode enabled?
{Mon 01:10:46 Step:1860} Server_Comm.py: The agent lost 1 packet! Is syncmode enabled?
{Mon 01:10:46 Step:1862} Server_Comm.py: The agent lost 1 packet! Is syncmode enabled?
{Mon 01:10:46 Step:1866} Server_Comm.py: The agent lost 1 packet! Is syncmode enabled?
{Mon 01:10:46 Step:1868} Server_Comm.py: The agent lost 1 packet! Is syncmode enabled?
{Mon 01:10:46 Step:1872} Server_Comm.py: The agent lost 1 packet! Is syncmode enabled?
{Mon 01:10:46 Step:1880} Server_Comm.py: The agent lost 1 packet! Is syncmode enabled?
{Mon 01:10:46 Step:1886} Server_Comm.py: The agent lost 1 packet! Is syncmode enabled?
{Mon 01:10:46 Step:1903} Server_Comm.py: The agent lost 1 packet! Is syncmode enabled?
{Mon 01:10:46 Step:1907} Server_Comm.py: The agent lost 3 consecutive packets! Is syncmode disabled?
{Mon 01:10:46 Step:1911} Server_Comm.py: The agent lost 3 consecutive packets! Is syncmode disabled?
{Mon 01:10:46 Step:1928} Server_Comm.py: The agent lost 16 consecutive packets! Is syncmode disabled?
{Mon 01:10:46 Step:1935} Server_Comm.py: The agent lost 6 consecutive packets! Is syncmode disabled?
{Mon 01:10:46 Step:1941} Server_Comm.py: The agent lost 5 consecutive packets! Is syncmode disabled?
{Mon 01:10:46 Step:1945} Server_Comm.py: The agent lost 3 consecutive packets! Is syncmode disabled?
{Mon 01:10:46 Step:1947} Server_Comm.py: The agent lost 1 packet! Is syncmode enabled?
{Mon 01:10:46 Step:1950} Server_Comm.py: The agent lost 1 packet! Is syncmode enabled?
{Mon 01:10:46 Step:1953} Server_Comm.py: The agent lost 1 packet! Is syncmode enabled?
{Mon 01:10:46 Step:1956} Server_Comm.py: The agent lost 1 packet! Is syncmode enabled?
{Mon 01:10:46 Step:1968} Server_Comm.py: The agent lost 1 packet! Is syncmode enabled?
{Mon 01:10:46 Step:1978} Server_Comm.py: The agent lost 1 packet! Is syncmode enabled?
{Mon 01:10:46 Step:1993} Server_Comm.py: The agent lost 1 packet! Is syncmode enabled?
{Mon 01:10:46 Step:2005} Server_Comm.py: The agent lost 1 packet! Is syncmode enabled?
{Mon 01:10:46 Step:2012} Server_Comm.py: The agent lost 1 packet! Is syncmode enabled?
{Mon 01:10:46 Step:2024} Server_Comm.py: The agent lost 1 packet! Is syncmode enabled?
{Mon 01:10:46 Step:2040} Server_Comm.py: The agent lost 2 consecutive packets! Is syncmode disabled?
{Mon 01:10:46 Step:2042} Server_Comm.py: The agent lost 1 packet! Is syncmode enabled?
{Mon 01:10:46 Step:2044} Server_Comm.py: The agent lost 1 packet! Is syncmode enabled?
{Mon 01:10:46 Step:2098} Server_Comm.py: The agent lost 53 consecutive packets! Is syncmode disabled?
{Mon 01:10:46 Step:2116} Server_Comm.py: The agent lost 17 consecutive packets! Is syncmode disabled?
{Mon 01:10:46 Step:2122} Server_Comm.py: The agent lost 5 consecutive packets! Is syncmode disabled?
{Mon 01:10:46 Step:2125} Server_Comm.py: The agent lost 1 packet! Is syncmode enabled?
{Mon 01:10:46 Step:2127} Server_Comm.py: The agent lost 1 packet! Is syncmode enabled?
{Mon 01:10:46 Step:2130} Server_Comm.py: The agent lost 2 consecutive packets! Is syncmode disabled?
{Mon 01:10:46 Step:2132} Server_Comm.py: The agent lost 1 packet! Is syncmode enabled?
{Mon 01:10:46 Step:2136} Server_Comm.py: The agent lost 2 consecutive packets! Is syncmode disabled?
{Mon 01:10:46 Step:2136} Server_Comm.py: Received a new packet while thinking!
{Mon 01:10:46 Step:2266} Server_Comm.py: The agent lost 129 consecutive packets! Is syncmode disabled?
{Mon 01:10:46 Step:2266} Server_Comm.py: Received a new packet while on world.update()!
{Mon 01:10:46 Step:2268} Server_Comm.py: The agent lost 1 packet! Is syncmode enabled?
{Mon 01:10:46 Step:2271} Server_Comm.py: The agent lost 1 packet! Is syncmode enabled?
{Mon 01:10:46 Step:2274} Server_Comm.py: The agent lost 2 consecutive packets! Is syncmode disabled?
{Mon 01:10:46 Step:2276} Server_Comm.py: The agent lost 1 packet! Is syncmode enabled?
{Mon 01:10:46 Step:2278} Server_Comm.py: The agent lost 1 packet! Is syncmode enabled?
{Mon 01:10:46 Step:2280} Server_Comm.py: The agent lost 1 packet! Is syncmode enabled?
{Mon 01:10:46 Step:2283} Server_Comm.py: The agent lost 1 packet! Is syncmode enabled?
{Mon 01:10:46 Step:2285} Server_Comm.py: The agent lost 1 packet! Is syncmode enabled?
{Mon 01:10:46 Step:2289} Server_Comm.py: The agent lost 1 packet! Is syncmode enabled?
{Mon 01:10:46 Step:2301} Server_Comm.py: The agent lost 1 packet! Is syncmode enabled?
{Mon 01:10:46 Step:2307} Server_Comm.py: The agent lost 1 packet! Is syncmode enabled?
{Mon 01:10:46 Step:2310} Server_Comm.py: The agent lost 1 packet! Is syncmode enabled?
{Mon 01:10:46 Step:2314} Server_Comm.py: The agent lost 1 packet! Is syncmode enabled?
{Mon 01:10:46 Step:2332} Server_Comm.py: The agent lost 1 packet! Is syncmode enabled?
{Mon 01:10:46 Step:2339} Server_Comm.py: The agent lost 1 packet! Is syncmode enabled?
{Mon 01:10:46 Step:2344} Server_Comm.py: The agent lost 1 packet! Is syncmode enabled?
{Mon 01:10:46 Step:2346} Server_Comm.py: The agent lost 1 packet! Is syncmode enabled?
{Mon 01:10:46 Step:2371} Server_Comm.py: The agent lost 1 packet! Is syncmode enabled?
{Mon 01:10:46 Step:2375} Server_Comm.py: The agent lost 1 packet! Is syncmode enabled?
{Mon 01:10:46 Step:2378} Server_Comm.py: The agent lost 2 consecutive packets! Is syncmode disabled?
{Mon 01:10:46 Step:2387} Server_Comm.py: The agent lost 7 consecutive packets! Is syncmode disabled?
{Mon 01:10:46 Step:2393} Server_Comm.py: The agent lost 5 consecutive packets! Is syncmode disabled?
{Mon 01:10:46 Step:2396} Server_Comm.py: The agent lost 2 consecutive packets! Is syncmode disabled?
{Mon 01:10:46 Step:2399} Server_Comm.py: The agent lost 2 consecutive packets! Is syncmode disabled?
{Mon 01:10:46 Step:2402} Server_Comm.py: The agent lost 2 consecutive packets! Is syncmode disabled?
{Mon 01:10:46 Step:2404} Server_Comm.py: The agent lost 1 packet! Is syncmode enabled?
{Mon 01:10:46 Step:2406} Server_Comm.py: The agent lost 1 packet! Is syncmode enabled?
{Mon 01:10:46 Step:2408} Server_Comm.py: The agent lost 1 packet! Is syncmode enabled?
{Mon 01:10:46 Step:2410} Server_Comm.py: The agent lost 1 packet! Is syncmode enabled?
{Mon 01:10:46 Step:2414} Server_Comm.py: The agent lost 2 consecutive packets! Is syncmode disabled?
{Mon 01:10:46 Step:2417} Server_Comm.py: The agent lost 1 packet! Is syncmode enabled?
{Mon 01:10:46 Step:2420} Server_Comm.py: The agent lost 2 consecutive packets! Is syncmode disabled?
{Mon 01:10:46 Step:2424} Server_Comm.py: The agent lost 2 consecutive packets! Is syncmode disabled?
{Mon 01:10:46 Step:2426} Server_Comm.py: The agent lost 1 packet! Is syncmode enabled?
{Mon 01:10:46 Step:2430} Server_Comm.py: The agent lost 2 consecutive packets! Is syncmode disabled?
{Mon 01:10:46 Step:2432} Server_Comm.py: The agent lost 1 packet! Is syncmode enabled?
{Mon 01:10:46 Step:2434} Server_Comm.py: The agent lost 1 packet! Is syncmode enabled?
{Mon 01:10:46 Step:2464} Server_Comm.py: The agent lost 1 packet! Is syncmode enabled?
{Mon 01:10:46 Step:2472} Server_Comm.py: The agent lost 1 packet! Is syncmode enabled?
{Mon 01:10:46 Step:2488} Server_Comm.py: The agent lost 1 packet! Is syncmode enabled?
{Mon 01:10:46 Step:2492} Server_Comm.py: The agent lost 1 packet! Is syncmode enabled?
{Mon 01:10:46 Step:2506} Server_Comm.py: The agent lost 1 packet! Is syncmode enabled?
{Mon 01:10:46 Step:2509} Server_Comm.py: The agent lost 1 packet! Is syncmode enabled?
{Mon 01:10:46 Step:2512} Server_Comm.py: The agent lost 2 consecutive packets! Is syncmode disabled?
{Mon 01:10:46 Step:2526} Server_Comm.py: The agent lost 13 consecutive packets! Is syncmode disabled?
{Mon 01:10:46 Step:2532} Server_Comm.py: The agent lost 5 consecutive packets! Is syncmode disabled?
{Mon 01:10:46 Step:2535} Server_Comm.py: The agent lost 2 consecutive packets! Is syncmode disabled?
{Mon 01:10:46 Step:2539} Server_Comm.py: The agent lost 3 consecutive packets! Is syncmode disabled?
{Mon 01:10:46 Step:2543} Server_Comm.py: The agent lost 3 consecutive packets! Is syncmode disabled?
{Mon 01:10:46 Step:2547} Server_Comm.py: The agent lost 3 consecutive packets! Is syncmode disabled?
{Mon 01:10:46 Step:2551} Server_Comm.py: The agent lost 3 consecutive packets! Is syncmode disabled?
{Mon 01:10:46 Step:2556} Server_Comm.py: The agent lost 4 consecutive packets! Is syncmode disabled?
{Mon 01:10:46 Step:2558} Server_Comm.py: The agent lost 1 packet! Is syncmode enabled?
{Mon 01:10:46 Step:2560} Server_Comm.py: The agent lost 1 packet! Is syncmode enabled?
{Mon 01:10:46 Step:2562} Server_Comm.py: The agent lost 1 packet! Is syncmode enabled?
{Mon 01:10:46 Step:2580} Server_Comm.py: The agent lost 1 packet! Is syncmode enabled?
{Mon 01:10:46 Step:2583} Server_Comm.py: The agent lost 1 packet! Is syncmode enabled?
{Mon 01:10:46 Step:2586} Server_Comm.py: The agent lost 1 packet! Is syncmode enabled?
{Mon 01:10:46 Step:2598} Server_Comm.py: The agent lost 1 packet! Is syncmode enabled?
{Mon 01:10:46 Step:2606} Server_Comm.py: The agent lost 1 packet! Is syncmode enabled?
{Mon 01:10:46 Step:2618} Server_Comm.py: The agent lost 1 packet! Is syncmode enabled?
{Mon 01:10:46 Step:2624} Server_Comm.py: The agent lost 1 packet! Is syncmode enabled?
{Mon 01:10:46 Step:2637} Server_Comm.py: The agent lost 1 packet! Is syncmode enabled?
{Mon 01:10:46 Step:2647} Server_Comm.py: The agent lost 1 packet! Is syncmode enabled?
{Mon 01:10:46 Step:2650} Server_Comm.py: The agent lost 2 consecutive packets! Is syncmode disabled?
{Mon 01:10:47 Step:2652} Server_Comm.py: The agent lost 1 packet! Is syncmode enabled?
{Mon 01:10:47 Step:2664} Server_Comm.py: The agent lost 11 consecutive packets! Is syncmode disabled?
{Mon 01:10:47 Step:2668} Server_Comm.py: The agent lost 3 consecutive packets! Is syncmode disabled?
{Mon 01:10:47 Step:2670} Server_Comm.py: The agent lost 1 packet! Is syncmode enabled?
{Mon 01:10:47 Step:2672} Server_Comm.py: The agent lost 1 packet! Is syncmode enabled?
{Mon 01:10:47 Step:2676} Server_Comm.py: The agent lost 2 consecutive packets! Is syncmode disabled?
{Mon 01:10:47 Step:2678} Server_Comm.py: The agent lost 1 packet! Is syncmode enabled?
{Mon 01:10:47 Step:2680} Server_Comm.py: The agent lost 1 packet! Is syncmode enabled?
{Mon 01:10:47 Step:2682} Server_Comm.py: The agent lost 1 packet! Is syncmode enabled?
{Mon 01:10:47 Step:2686} Server_Comm.py: The agent lost 1 packet! Is syncmode enabled?
{Mon 01:10:47 Step:2688} Server_Comm.py: The agent lost 1 packet! Is syncmode enabled?
{Mon 01:10:47 Step:2690} Server_Comm.py: The agent lost 1 packet! Is syncmode enabled?
{Mon 01:10:47 Step:2692} Server_Comm.py: The agent lost 1 packet! Is syncmode enabled?
{Mon 01:10:47 Step:2696} Server_Comm.py: The agent lost 2 consecutive packets! Is syncmode disabled?
{Mon 01:10:47 Step:2698} Server_Comm.py: The agent lost 1 packet! Is syncmode enabled?
{Mon 01:10:47 Step:2700} Server_Comm.py: The agent lost 1 packet! Is syncmode enabled?
{Mon 01:10:47 Step:2702} Server_Comm.py: The agent lost 1 packet! Is syncmode enabled?
{Mon 01:10:47 Step:2706} Server_Comm.py: The agent lost 2 consecutive packets! Is syncmode disabled?
{Mon 01:10:47 Step:2708} Server_Comm.py: The agent lost 1 packet! Is syncmode enabled?
{Mon 01:10:47 Step:2710} Server_Comm.py: The agent lost 1 packet! Is syncmode enabled?
{Mon 01:10:47 Step:2712} Server_Comm.py: The agent lost 1 packet! Is syncmode enabled?
{Mon 01:10:47 Step:2716} Server_Comm.py: The agent lost 2 consecutive packets! Is syncmode disabled?
{Mon 01:10:47 Step:2718} Server_Comm.py: The agent lost 1 packet! Is syncmode enabled?
{Mon 01:10:47 Step:2720} Server_Comm.py: The agent lost 1 packet! Is syncmode enabled?
{Mon 01:10:47 Step:2724} Server_Comm.py: The agent lost 2 consecutive packets! Is syncmode disabled?
{Mon 01:10:47 Step:2727} Server_Comm.py: The agent lost 1 packet! Is syncmode enabled?
{Mon 01:10:47 Step:2730} Server_Comm.py: The agent lost 2 consecutive packets! Is syncmode disabled?
{Mon 01:10:47 Step:2732} Server_Comm.py: The agent lost 1 packet! Is syncmode enabled?
{Mon 01:10:47 Step:2734} Server_Comm.py: The agent lost 1 packet! Is syncmode enabled?
{Mon 01:10:47 Step:2737} Server_Comm.py: The agent lost 1 packet! Is syncmode enabled?
{Mon 01:10:47 Step:2739} Server_Comm.py: The agent lost 1 packet! Is syncmode enabled?
{Mon 01:10:47 Step:2742} Server_Comm.py: The agent lost 2 consecutive packets! Is syncmode disabled?
{Mon 01:10:47 Step:2745} Server_Comm.py: The agent lost 1 packet! Is syncmode enabled?
{Mon 01:10:47 Step:2749} Server_Comm.py: The agent lost 3 consecutive packets! Is syncmode disabled?
{Mon 01:10:47 Step:2752} Server_Comm.py: The agent lost 2 consecutive packets! Is syncmode disabled?
{Mon 01:10:47 Step:2756} Server_Comm.py: The agent lost 2 consecutive packets! Is syncmode disabled?
{Mon 01:10:47 Step:2759} Server_Comm.py: The agent lost 1 packet! Is syncmode enabled?
{Mon 01:10:47 Step:2761} Server_Comm.py: The agent lost 1 packet! Is syncmode enabled?
{Mon 01:10:47 Step:2764} Server_Comm.py: The agent lost 2 consecutive packets! Is syncmode disabled?
{Mon 01:10:47 Step:2768} Server_Comm.py: The agent lost 2 consecutive packets! Is syncmode disabled?
{Mon 01:10:47 Step:2772} Server_Comm.py: The agent lost 2 consecutive packets! Is syncmode disabled?
{Mon 01:10:47 Step:2776} Server_Comm.py: The agent lost 2 consecutive packets! Is syncmode disabled?
{Mon 01:10:47 Step:2780} Server_Comm.py: The agent lost 2 consecutive packets! Is syncmode disabled?
{Mon 01:10:47 Step:2782} Server_Comm.py: The agent lost 1 packet! Is syncmode enabled?
{Mon 01:10:47 Step:2784} Server_Comm.py: The agent lost 1 packet! Is syncmode enabled?
{Mon 01:10:47 Step:2786} Server_Comm.py: The agent lost 1 packet! Is syncmode enabled?
{Mon 01:10:47 Step:2791} Server_Comm.py: The agent lost 3 consecutive packets! Is syncmode disabled?
{Mon 01:10:47 Step:2794} Server_Comm.py: The agent lost 2 consecutive packets! Is syncmode disabled?
{Mon 01:10:47 Step:2802} Server_Comm.py: The agent lost 1 packet! Is syncmode enabled?
{Mon 01:10:47 Step:2808} Server_Comm.py: The agent lost 1 packet! Is syncmode enabled?
{Mon 01:10:47 Step:2814} Server_Comm.py: The agent lost 1 packet! Is syncmode enabled?
{Mon 01:10:47 Step:2819} Server_Comm.py: The agent lost 1 packet! Is syncmode enabled?
{Mon 01:10:47 Step:2822} Server_Comm.py: The agent lost 2 consecutive packets! Is syncmode disabled?
{Mon 01:10:47 Step:2824} Server_Comm.py: The agent lost 1 packet! Is syncmode enabled?
{Mon 01:10:47 Step:2828} Server_Comm.py: The agent lost 2 consecutive packets! Is syncmode disabled?
{Mon 01:10:47 Step:2833} Server_Comm.py: The agent lost 4 consecutive packets! Is syncmode disabled?
{Mon 01:10:47 Step:2837} Server_Comm.py: The agent lost 3 consecutive packets! Is syncmode disabled?
{Mon 01:10:47 Step:2841} Server_Comm.py: The agent lost 3 consecutive packets! Is syncmode disabled?
{Mon 01:10:47 Step:2844} Server_Comm.py: The agent lost 2 consecutive packets! Is syncmode disabled?
{Mon 01:10:47 Step:2846} Server_Comm.py: The agent lost 1 packet! Is syncmode enabled?
{Mon 01:10:47 Step:2848} Server_Comm.py: The agent lost 1 packet! Is syncmode enabled?
{Mon 01:10:47 Step:2850} Server_Comm.py: The agent lost 1 packet! Is syncmode enabled?
{Mon 01:10:47 Step:2852} Server_Comm.py: The agent lost 1 packet! Is syncmode enabled?
{Mon 01:10:47 Step:2854} Server_Comm.py: The agent lost 1 packet! Is syncmode enabled?
{Mon 01:10:47 Step:2856} Server_Comm.py: The agent lost 1 packet! Is syncmode enabled?
{Mon 01:10:47 Step:2858} Server_Comm.py: The agent lost 1 packet! Is syncmode enabled?
{Mon 01:10:47 Step:2863} Server_Comm.py: The agent lost 3 consecutive packets! Is syncmode disabled?
{Mon 01:10:47 Step:2865} Server_Comm.py: The agent lost 1 packet! Is syncmode enabled?
{Mon 01:10:47 Step:2878} Server_Comm.py: The agent lost 1 packet! Is syncmode enabled?
{Mon 01:10:47 Step:2885} Server_Comm.py: The agent lost 1 packet! Is syncmode enabled?
{Mon 01:10:47 Step:2888} Server_Comm.py: The agent lost 1 packet! Is syncmode enabled?
{Mon 01:10:47 Step:2912} Server_Comm.py: The agent lost 1 packet! Is syncmode enabled?
{Mon 01:10:47 Step:2953} Server_Comm.py: The agent lost 5 consecutive packets! Is syncmode disabled?
{Mon 01:10:47 Step:2957} Server_Comm.py: The agent lost 3 consecutive packets! Is syncmode disabled?
{Mon 01:10:47 Step:2960} Server_Comm.py: The agent lost 2 consecutive packets! Is syncmode disabled?
{Mon 01:10:47 Step:2962} Server_Comm.py: The agent lost 1 packet! Is syncmode enabled?
{Mon 01:10:47 Step:2965} Server_Comm.py: The agent lost 1 packet! Is syncmode enabled?
{Mon 01:10:47 Step:2968} Server_Comm.py: The agent lost 2 consecutive packets! Is syncmode disabled?
{Mon 01:10:47 Step:2970} Server_Comm.py: The agent lost 1 packet! Is syncmode enabled?
{Mon 01:10:47 Step:2972} Server_Comm.py: The agent lost 1 packet! Is syncmode enabled?
{Mon 01:10:47 Step:2974} Server_Comm.py: The agent lost 1 packet! Is syncmode enabled?
{Mon 01:10:47 Step:2978} Server_Comm.py: The agent lost 2 consecutive packets! Is syncmode disabled?
{Mon 01:10:47 Step:2980} Server_Comm.py: The agent lost 1 packet! Is syncmode enabled?
{Mon 01:10:47 Step:2982} Server_Comm.py: The agent lost 1 packet! Is syncmode enabled?
{Mon 01:10:47 Step:2984} Server_Comm.py: The agent lost 1 packet! Is syncmode enabled?
{Mon 01:10:47 Step:2988} Server_Comm.py: The agent lost 2 consecutive packets! Is syncmode disabled?
{Mon 01:10:47 Step:2990} Server_Comm.py: The agent lost 1 packet! Is syncmode enabled?
{Mon 01:10:47 Step:2992} Server_Comm.py: The agent lost 1 packet! Is syncmode enabled?
{Mon 01:10:47 Step:2994} Server_Comm.py: The agent lost 1 packet! Is syncmode enabled?
{Mon 01:10:47 Step:2998} Server_Comm.py: The agent lost 2 consecutive packets! Is syncmode disabled?
{Mon 01:10:47 Step:3002} Server_Comm.py: The agent lost 2 consecutive packets! Is syncmode disabled?
{Mon 01:10:47 Step:3004} Server_Comm.py: The agent lost 1 packet! Is syncmode enabled?
{Mon 01:10:47 Step:3006} Server_Comm.py: The agent lost 1 packet! Is syncmode enabled?
{Mon 01:10:47 Step:3010} Server_Comm.py: The agent lost 2 consecutive packets! Is syncmode disabled?
{Mon 01:10:47 Step:3012} Server_Comm.py: The agent lost 1 packet! Is syncmode enabled?
{Mon 01:10:47 Step:3016} Server_Comm.py: The agent lost 2 consecutive packets! Is syncmode disabled?
{Mon 01:10:47 Step:3021} Server_Comm.py: The agent lost 3 consecutive packets! Is syncmode disabled?
{Mon 01:10:47 Step:3023} Server_Comm.py: The agent lost 1 packet! Is syncmode enabled?
{Mon 01:10:47 Step:3026} Server_Comm.py: The agent lost 1 packet! Is syncmode enabled?
{Mon 01:10:47 Step:3028} Server_Comm.py: The agent lost 1 packet! Is syncmode enabled?
{Mon 01:10:47 Step:3031} Server_Comm.py: The agent lost 1 packet! Is syncmode enabled?
{Mon 01:10:47 Step:3046} Server_Comm.py: The agent lost 1 packet! Is syncmode enabled?
{Mon 01:10:47 Step:3052} Server_Comm.py: The agent lost 1 packet! Is syncmode enabled?
{Mon 01:10:47 Step:3058} Server_Comm.py: The agent lost 1 packet! Is syncmode enabled?
{Mon 01:10:47 Step:3064} Server_Comm.py: The agent lost 1 packet! Is syncmode enabled?
{Mon 01:10:47 Step:3070} Server_Comm.py: The agent lost 1 packet! Is syncmode enabled?
{Mon 01:10:47 Step:3076} Server_Comm.py: The agent lost 1 packet! Is syncmode enabled?
{Mon 01:10:47 Step:3089} Server_Comm.py: The agent lost 1 packet! Is syncmode enabled?
{Mon 01:10:47 Step:3091} Server_Comm.py: The agent lost 1 packet! Is syncmode enabled?
{Mon 01:10:47 Step:3096} Server_Comm.py: The agent lost 4 consecutive packets! Is syncmode disabled?
{Mon 01:10:47 Step:3099} Server_Comm.py: The agent lost 2 consecutive packets! Is syncmode disabled?
{Mon 01:10:47 Step:3102} Server_Comm.py: The agent lost 2 consecutive packets! Is syncmode disabled?
{Mon 01:10:47 Step:3104} Server_Comm.py: The agent lost 1 packet! Is syncmode enabled?
{Mon 01:10:47 Step:3108} Server_Comm.py: The agent lost 2 consecutive packets! Is syncmode disabled?
{Mon 01:10:47 Step:3112} Server_Comm.py: The agent lost 2 consecutive packets! Is syncmode disabled?
{Mon 01:10:47 Step:3114} Server_Comm.py: The agent lost 1 packet! Is syncmode enabled?
{Mon 01:10:47 Step:3121} Server_Comm.py: The agent lost 3 consecutive packets! Is syncmode disabled?
{Mon 01:10:47 Step:3125} Server_Comm.py: The agent lost 3 consecutive packets! Is syncmode disabled?
{Mon 01:10:47 Step:3129} Server_Comm.py: The agent lost 3 consecutive packets! Is syncmode disabled?
{Mon 01:10:47 Step:3132} Server_Comm.py: The agent lost 2 consecutive packets! Is syncmode disabled?
{Mon 01:10:47 Step:3134} Server_Comm.py: The agent lost 1 packet! Is syncmode enabled?
{Mon 01:10:47 Step:3136} Server_Comm.py: The agent lost 1 packet! Is syncmode enabled?
{Mon 01:10:47 Step:3140} Server_Comm.py: The agent lost 2 consecutive packets! Is syncmode disabled?
{Mon 01:10:47 Step:3142} Server_Comm.py: The agent lost 1 packet! Is syncmode enabled?
{Mon 01:10:47 Step:3144} Server_Comm.py: The agent lost 1 packet! Is syncmode enabled?
{Mon 01:10:47 Step:3148} Server_Comm.py: The agent lost 2 consecutive packets! Is syncmode disabled?
{Mon 01:10:47 Step:3160} Server_Comm.py: The agent lost 1 packet! Is syncmode enabled?
{Mon 01:10:47 Step:3206} Server_Comm.py: The agent lost 1 packet! Is syncmode enabled?
{Mon 01:10:47 Step:3219} Server_Comm.py: The agent lost 1 packet! Is syncmode enabled?
{Mon 01:10:47 Step:3221} Server_Comm.py: The agent lost 1 packet! Is syncmode enabled?
{Mon 01:10:47 Step:3228} Server_Comm.py: The agent lost 6 consecutive packets! Is syncmode disabled?
{Mon 01:10:47 Step:3232} Server_Comm.py: The agent lost 3 consecutive packets! Is syncmode disabled?
{Mon 01:10:47 Step:3234} Server_Comm.py: The agent lost 1 packet! Is syncmode enabled?
{Mon 01:10:47 Step:3236} Server_Comm.py: The agent lost 1 packet! Is syncmode enabled?
{Mon 01:10:47 Step:3238} Server_Comm.py: The agent lost 1 packet! Is syncmode enabled?
{Mon 01:10:47 Step:3240} Server_Comm.py: The agent lost 1 packet! Is syncmode enabled?
{Mon 01:10:47 Step:3242} Server_Comm.py: The agent lost 1 packet! Is syncmode enabled?
{Mon 01:10:47 Step:3246} Server_Comm.py: The agent lost 2 consecutive packets! Is syncmode disabled?
{Mon 01:10:47 Step:3248} Server_Comm.py: The agent lost 1 packet! Is syncmode enabled?
{Mon 01:10:47 Step:3252} Server_Comm.py: The agent lost 2 consecutive packets! Is syncmode disabled?
{Mon 01:10:47 Step:3254} Server_Comm.py: The agent lost 1 packet! Is syncmode enabled?
{Mon 01:10:47 Step:3256} Server_Comm.py: The agent lost 1 packet! Is syncmode enabled?
{Mon 01:10:47 Step:3261} Server_Comm.py: The agent lost 3 consecutive packets! Is syncmode disabled?
{Mon 01:10:47 Step:3265} Server_Comm.py: The agent lost 3 consecutive packets! Is syncmode disabled?
{Mon 01:10:47 Step:3268} Server_Comm.py: The agent lost 2 consecutive packets! Is syncmode disabled?
{Mon 01:10:47 Step:3270} Server_Comm.py: The agent lost 1 packet! Is syncmode enabled?
{Mon 01:10:47 Step:3272} Server_Comm.py: The agent lost 1 packet! Is syncmode enabled?
{Mon 01:10:47 Step:3274} Server_Comm.py: The agent lost 1 packet! Is syncmode enabled?
{Mon 01:10:47 Step:3276} Server_Comm.py: The agent lost 1 packet! Is syncmode enabled?
{Mon 01:10:47 Step:3280} Server_Comm.py: The agent lost 2 consecutive packets! Is syncmode disabled?
{Mon 01:10:47 Step:3282} Server_Comm.py: The agent lost 1 packet! Is syncmode enabled?
{Mon 01:10:47 Step:3284} Server_Comm.py: The agent lost 1 packet! Is syncmode enabled?
{Mon 01:10:47 Step:3288} Server_Comm.py: The agent lost 2 consecutive packets! Is syncmode disabled?
{Mon 01:10:47 Step:3290} Server_Comm.py: The agent lost 1 packet! Is syncmode enabled?
{Mon 01:10:47 Step:3292} Server_Comm.py: The agent lost 1 packet! Is syncmode enabled?
{Mon 01:10:47 Step:3294} Server_Comm.py: The agent lost 1 packet! Is syncmode enabled?
{Mon 01:10:47 Step:3296} Server_Comm.py: The agent lost 1 packet! Is syncmode enabled?
{Mon 01:10:47 Step:3300} Server_Comm.py: The agent lost 2 consecutive packets! Is syncmode disabled?
{Mon 01:10:47 Step:3302} Server_Comm.py: The agent lost 1 packet! Is syncmode enabled?
{Mon 01:10:47 Step:3305} Server_Comm.py: The agent lost 2 consecutive packets! Is syncmode disabled?
{Mon 01:10:47 Step:3308} Server_Comm.py: The agent lost 1 packet! Is syncmode enabled?
{Mon 01:10:47 Step:3312} Server_Comm.py: The agent lost 1 packet! Is syncmode enabled?
{Mon 01:10:47 Step:3316} Server_Comm.py: The agent lost 1 packet! Is syncmode enabled?
{Mon 01:10:47 Step:3327} Server_Comm.py: The agent lost 2 consecutive packets! Is syncmode disabled?
{Mon 01:10:47 Step:3350} Server_Comm.py: The agent lost 1 packet! Is syncmode enabled?
{Mon 01:10:47 Step:3360} Server_Comm.py: The agent lost 1 packet! Is syncmode enabled?
{Mon 01:10:47 Step:3363} Server_Comm.py: The agent lost 1 packet! Is syncmode enabled?
{Mon 01:10:47 Step:3366} Server_Comm.py: The agent lost 1 packet! Is syncmode enabled?
{Mon 01:10:47 Step:3370} Server_Comm.py: The agent lost 2 consecutive packets! Is syncmode disabled?
{Mon 01:10:47 Step:3373} Server_Comm.py: The agent lost 2 consecutive packets! Is syncmode disabled?
{Mon 01:10:47 Step:3383} Server_Comm.py: The agent lost 9 consecutive packets! Is syncmode disabled?
{Mon 01:10:47 Step:3389} Server_Comm.py: The agent lost 5 consecutive packets! Is syncmode disabled?
{Mon 01:10:47 Step:3394} Server_Comm.py: The agent lost 4 consecutive packets! Is syncmode disabled?
{Mon 01:10:47 Step:3396} Server_Comm.py: The agent lost 1 packet! Is syncmode enabled?
{Mon 01:10:47 Step:3398} Server_Comm.py: The agent lost 1 packet! Is syncmode enabled?
{Mon 01:10:47 Step:3400} Server_Comm.py: The agent lost 1 packet! Is syncmode enabled?
{Mon 01:10:47 Step:3404} Server_Comm.py: The agent lost 2 consecutive packets! Is syncmode disabled?
{Mon 01:10:47 Step:3406} Server_Comm.py: The agent lost 1 packet! Is syncmode enabled?
{Mon 01:10:47 Step:3409} Server_Comm.py: The agent lost 1 packet! Is syncmode enabled?
{Mon 01:10:47 Step:3414} Server_Comm.py: The agent lost 2 consecutive packets! Is syncmode disabled?
{Mon 01:10:47 Step:3416} Server_Comm.py: The agent lost 1 packet! Is syncmode enabled?
{Mon 01:10:47 Step:3422} Server_Comm.py: The agent lost 1 packet! Is syncmode enabled?
{Mon 01:10:47 Step:3430} Server_Comm.py: The agent lost 1 packet! Is syncmode enabled?
{Mon 01:10:47 Step:3434} Server_Comm.py: The agent lost 1 packet! Is syncmode enabled?
{Mon 01:10:47 Step:3438} Server_Comm.py: The agent lost 1 packet! Is syncmode enabled?
{Mon 01:10:47 Step:3443} Server_Comm.py: The agent lost 1 packet! Is syncmode enabled?
{Mon 01:10:47 Step:3460} Server_Comm.py: The agent lost 1 packet! Is syncmode enabled?
{Mon 01:10:47 Step:3472} Server_Comm.py: The agent lost 1 packet! Is syncmode enabled?
{Mon 01:10:47 Step:3480} Server_Comm.py: The agent lost 1 packet! Is syncmode enabled?
{Mon 01:10:47 Step:3492} Server_Comm.py: The agent lost 1 packet! Is syncmode enabled?
{Mon 01:10:47 Step:3497} Server_Comm.py: The agent lost 1 packet! Is syncmode enabled?
{Mon 01:10:47 Step:3537} Server_Comm.py: The agent lost 36 consecutive packets! Is syncmode disabled?
{Mon 01:10:47 Step:3549} Server_Comm.py: The agent lost 11 consecutive packets! Is syncmode disabled?
{Mon 01:10:47 Step:3553} Server_Comm.py: The agent lost 3 consecutive packets! Is syncmode disabled?
{Mon 01:10:47 Step:3555} Server_Comm.py: The agent lost 1 packet! Is syncmode enabled?
{Mon 01:10:47 Step:3557} Server_Comm.py: The agent lost 1 packet! Is syncmode enabled?
{Mon 01:10:47 Step:3559} Server_Comm.py: The agent lost 1 packet! Is syncmode enabled?
{Mon 01:10:47 Step:3562} Server_Comm.py: The agent lost 2 consecutive packets! Is syncmode disabled?
{Mon 01:10:47 Step:3564} Server_Comm.py: The agent lost 1 packet! Is syncmode enabled?
{Mon 01:10:47 Step:3568} Server_Comm.py: The agent lost 1 packet! Is syncmode enabled?
{Mon 01:10:47 Step:3574} Server_Comm.py: The agent lost 1 packet! Is syncmode enabled?
{Mon 01:10:47 Step:3577} Server_Comm.py: The agent lost 1 packet! Is syncmode enabled?
{Mon 01:10:47 Step:3579} Server_Comm.py: The agent lost 1 packet! Is syncmode enabled?
{Mon 01:10:47 Step:3581} Server_Comm.py: The agent lost 1 packet! Is syncmode enabled?
{Mon 01:10:47 Step:3583} Server_Comm.py: The agent lost 1 packet! Is syncmode enabled?
{Mon 01:10:47 Step:3585} Server_Comm.py: The agent lost 1 packet! Is syncmode enabled?
{Mon 01:10:47 Step:3587} Server_Comm.py: The agent lost 1 packet! Is syncmode enabled?
{Mon 01:10:47 Step:3590} Server_Comm.py: The agent lost 1 packet! Is syncmode enabled?
{Mon 01:10:47 Step:3593} Server_Comm.py: The agent lost 1 packet! Is syncmode enabled?
{Mon 01:10:47 Step:3595} Server_Comm.py: The agent lost 1 packet! Is syncmode enabled?
{Mon 01:10:47 Step:3597} Server_Comm.py: The agent lost 1 packet! Is syncmode enabled?
{Mon 01:10:47 Step:3599} Server_Comm.py: The agent lost 1 packet! Is syncmode enabled?
{Mon 01:10:47 Step:3601} Server_Comm.py: The agent lost 1 packet! Is syncmode enabled?
{Mon 01:10:47 Step:3604} Server_Comm.py: The agent lost 1 packet! Is syncmode enabled?
{Mon 01:10:47 Step:3614} Server_Comm.py: The agent lost 1 packet! Is syncmode enabled?
{Mon 01:10:47 Step:3624} Server_Comm.py: The agent lost 1 packet! Is syncmode enabled?
{Mon 01:10:47 Step:3626} Server_Comm.py: The agent lost 1 packet! Is syncmode enabled?
{Mon 01:10:47 Step:3628} Server_Comm.py: The agent lost 1 packet! Is syncmode enabled?
{Mon 01:10:47 Step:3645} Server_Comm.py: The agent lost 1 packet! Is syncmode enabled?
{Mon 01:10:47 Step:3665} Server_Comm.py: The agent lost 1 packet! Is syncmode enabled?
{Mon 01:10:47 Step:3668} Server_Comm.py: The agent lost 2 consecutive packets! Is syncmode disabled?
{Mon 01:10:47 Step:3668} Server_Comm.py: Received a new packet while thinking!
{Mon 01:10:47 Step:3796} Server_Comm.py: The agent lost 127 consecutive packets! Is syncmode disabled?
{Mon 01:10:47 Step:3804} Server_Comm.py: The agent lost 7 consecutive packets! Is syncmode disabled?
{Mon 01:10:47 Step:3808} Server_Comm.py: The agent lost 3 consecutive packets! Is syncmode disabled?
{Mon 01:10:47 Step:3810} Server_Comm.py: The agent lost 1 packet! Is syncmode enabled?
{Mon 01:10:47 Step:3812} Server_Comm.py: The agent lost 1 packet! Is syncmode enabled?
{Mon 01:10:47 Step:3815} Server_Comm.py: The agent lost 2 consecutive packets! Is syncmode disabled?
{Mon 01:10:47 Step:3818} Server_Comm.py: The agent lost 2 consecutive packets! Is syncmode disabled?
{Mon 01:10:47 Step:3820} Server_Comm.py: The agent lost 1 packet! Is syncmode enabled?
{Mon 01:10:47 Step:3822} Server_Comm.py: The agent lost 1 packet! Is syncmode enabled?
{Mon 01:10:47 Step:3824} Server_Comm.py: The agent lost 1 packet! Is syncmode enabled?
{Mon 01:10:47 Step:3829} Server_Comm.py: The agent lost 3 consecutive packets! Is syncmode disabled?
{Mon 01:10:47 Step:3829} Server_Comm.py: Received a new packet while thinking!
{Mon 01:10:47 Step:3891} Server_Comm.py: The agent lost 61 consecutive packets! Is syncmode disabled?
{Mon 01:10:47 Step:3934} Server_Comm.py: The agent lost 42 consecutive packets! Is syncmode disabled?
{Mon 01:10:47 Step:3943} Server_Comm.py: The agent lost 8 consecutive packets! Is syncmode disabled?
{Mon 01:10:47 Step:3947} Server_Comm.py: The agent lost 3 consecutive packets! Is syncmode disabled?
{Mon 01:10:47 Step:3950} Server_Comm.py: The agent lost 2 consecutive packets! Is syncmode disabled?
{Mon 01:10:47 Step:3952} Server_Comm.py: The agent lost 1 packet! Is syncmode enabled?
{Mon 01:10:47 Step:3978} Server_Comm.py: The agent lost 1 packet! Is syncmode enabled?
{Mon 01:10:47 Step:3985} Server_Comm.py: The agent lost 1 packet! Is syncmode enabled?
{Mon 01:10:47 Step:4005} Server_Comm.py: The agent lost 1 packet! Is syncmode enabled?
{Mon 01:10:47 Step:4010} Server_Comm.py: The agent lost 1 packet! Is syncmode enabled?
{Mon 01:10:47 Step:4015} Server_Comm.py: The agent lost 1 packet! Is syncmode enabled?
{Mon 01:10:47 Step:4030} Server_Comm.py: The agent lost 1 packet! Is syncmode enabled?
{Mon 01:10:47 Step:4035} Server_Comm.py: The agent lost 1 packet! Is syncmode enabled?
{Mon 01:10:47 Step:4039} Server_Comm.py: The agent lost 1 packet! Is syncmode enabled?
{Mon 01:10:47 Step:4042} Server_Comm.py: The agent lost 2 consecutive packets! Is syncmode disabled?
{Mon 01:10:47 Step:4044} Server_Comm.py: The agent lost 1 packet! Is syncmode enabled?
{Mon 01:10:47 Step:4048} Server_Comm.py: The agent lost 2 consecutive packets! Is syncmode disabled?
{Mon 01:10:47 Step:4056} Server_Comm.py: The agent lost 7 consecutive packets! Is syncmode disabled?
{Mon 01:10:47 Step:4061} Server_Comm.py: The agent lost 4 consecutive packets! Is syncmode disabled?
{Mon 01:10:47 Step:4063} Server_Comm.py: The agent lost 1 packet! Is syncmode enabled?
{Mon 01:10:47 Step:4066} Server_Comm.py: The agent lost 2 consecutive packets! Is syncmode disabled?
{Mon 01:10:47 Step:4068} Server_Comm.py: The agent lost 1 packet! Is syncmode enabled?
{Mon 01:10:47 Step:4072} Server_Comm.py: The agent lost 2 consecutive packets! Is syncmode disabled?
{Mon 01:10:47 Step:4074} Server_Comm.py: The agent lost 1 packet! Is syncmode enabled?
{Mon 01:10:47 Step:4076} Server_Comm.py: The agent lost 1 packet! Is syncmode enabled?
{Mon 01:10:47 Step:4080} Server_Comm.py: The agent lost 2 consecutive packets! Is syncmode disabled?
{Mon 01:10:47 Step:4084} Server_Comm.py: The agent lost 2 consecutive packets! Is syncmode disabled?
{Mon 01:10:47 Step:4086} Server_Comm.py: The agent lost 1 packet! Is syncmode enabled?
{Mon 01:10:47 Step:4089} Server_Comm.py: The agent lost 1 packet! Is syncmode enabled?
{Mon 01:10:47 Step:4092} Server_Comm.py: The agent lost 2 consecutive packets! Is syncmode disabled?
{Mon 01:10:47 Step:4094} Server_Comm.py: The agent lost 1 packet! Is syncmode enabled?
{Mon 01:10:47 Step:4096} Server_Comm.py: The agent lost 1 packet! Is syncmode enabled?
{Mon 01:10:47 Step:4098} Server_Comm.py: The agent lost 1 packet! Is syncmode enabled?
{Mon 01:10:47 Step:4102} Server_Comm.py: The agent lost 2 consecutive packets! Is syncmode disabled?
{Mon 01:10:47 Step:4106} Server_Comm.py: The agent lost 2 consecutive packets! Is syncmode disabled?
{Mon 01:10:47 Step:4108} Server_Comm.py: The agent lost 1 packet! Is syncmode enabled?
{Mon 01:10:47 Step:4112} Server_Comm.py: The agent lost 2 consecutive packets! Is syncmode disabled?
{Mon 01:10:47 Step:4116} Server_Comm.py: The agent lost 2 consecutive packets! Is syncmode disabled?
{Mon 01:10:47 Step:4120} Server_Comm.py: The agent lost 2 consecutive packets! Is syncmode disabled?
{Mon 01:10:47 Step:4122} Server_Comm.py: The agent lost 1 packet! Is syncmode enabled?
{Mon 01:10:47 Step:4124} Server_Comm.py: The agent lost 1 packet! Is syncmode enabled?
{Mon 01:10:47 Step:4128} Server_Comm.py: The agent lost 2 consecutive packets! Is syncmode disabled?
{Mon 01:10:47 Step:4130} Server_Comm.py: The agent lost 1 packet! Is syncmode enabled?
{Mon 01:10:47 Step:4132} Server_Comm.py: The agent lost 1 packet! Is syncmode enabled?
{Mon 01:10:47 Step:4138} Server_Comm.py: The agent lost 2 consecutive packets! Is syncmode disabled?
{Mon 01:10:47 Step:4142} Server_Comm.py: The agent lost 2 consecutive packets! Is syncmode disabled?
{Mon 01:10:47 Step:4144} Server_Comm.py: The agent lost 1 packet! Is syncmode enabled?
{Mon 01:10:47 Step:4146} Server_Comm.py: The agent lost 1 packet! Is syncmode enabled?
{Mon 01:10:47 Step:4148} Server_Comm.py: The agent lost 1 packet! Is syncmode enabled?
{Mon 01:10:47 Step:4152} Server_Comm.py: The agent lost 2 consecutive packets! Is syncmode disabled?
{Mon 01:10:47 Step:4154} Server_Comm.py: The agent lost 1 packet! Is syncmode enabled?
{Mon 01:10:47 Step:4156} Server_Comm.py: The agent lost 1 packet! Is syncmode enabled?
{Mon 01:10:47 Step:4158} Server_Comm.py: The agent lost 1 packet! Is syncmode enabled?
{Mon 01:10:47 Step:4162} Server_Comm.py: The agent lost 2 consecutive packets! Is syncmode disabled?
{Mon 01:10:47 Step:4164} Server_Comm.py: The agent lost 1 packet! Is syncmode enabled?
{Mon 01:10:47 Step:4166} Server_Comm.py: The agent lost 1 packet! Is syncmode enabled?
{Mon 01:10:47 Step:4169} Server_Comm.py: The agent lost 1 packet! Is syncmode enabled?
{Mon 01:10:47 Step:4172} Server_Comm.py: The agent lost 2 consecutive packets! Is syncmode disabled?
{Mon 01:10:47 Step:4174} Server_Comm.py: The agent lost 1 packet! Is syncmode enabled?
{Mon 01:10:47 Step:4176} Server_Comm.py: The agent lost 1 packet! Is syncmode enabled?
{Mon 01:10:47 Step:4180} Server_Comm.py: The agent lost 2 consecutive packets! Is syncmode disabled?
{Mon 01:10:47 Step:4185} Server_Comm.py: The agent lost 3 consecutive packets! Is syncmode disabled?
{Mon 01:10:47 Step:4189} Server_Comm.py: The agent lost 3 consecutive packets! Is syncmode disabled?
{Mon 01:10:47 Step:4194} Server_Comm.py: The agent lost 4 consecutive packets! Is syncmode disabled?
{Mon 01:10:47 Step:4198} Server_Comm.py: The agent lost 2 consecutive packets! Is syncmode disabled?
{Mon 01:10:47 Step:4200} Server_Comm.py: The agent lost 1 packet! Is syncmode enabled?
{Mon 01:10:47 Step:4202} Server_Comm.py: The agent lost 1 packet! Is syncmode enabled?
{Mon 01:10:47 Step:4204} Server_Comm.py: The agent lost 1 packet! Is syncmode enabled?
{Mon 01:10:47 Step:4209} Server_Comm.py: The agent lost 3 consecutive packets! Is syncmode disabled?
{Mon 01:10:47 Step:4213} Server_Comm.py: The agent lost 3 consecutive packets! Is syncmode disabled?
{Mon 01:10:47 Step:4218} Server_Comm.py: The agent lost 4 consecutive packets! Is syncmode disabled?
{Mon 01:10:47 Step:4220} Server_Comm.py: The agent lost 1 packet! Is syncmode enabled?
{Mon 01:10:47 Step:4222} Server_Comm.py: The agent lost 1 packet! Is syncmode enabled?
{Mon 01:10:47 Step:4224} Server_Comm.py: The agent lost 1 packet! Is syncmode enabled?
{Mon 01:10:47 Step:4226} Server_Comm.py: The agent lost 1 packet! Is syncmode enabled?
{Mon 01:10:47 Step:4231} Server_Comm.py: The agent lost 3 consecutive packets! Is syncmode disabled?
{Mon 01:10:47 Step:4235} Server_Comm.py: The agent lost 3 consecutive packets! Is syncmode disabled?
{Mon 01:10:47 Step:4239} Server_Comm.py: The agent lost 3 consecutive packets! Is syncmode disabled?
{Mon 01:10:47 Step:4243} Server_Comm.py: The agent lost 3 consecutive packets! Is syncmode disabled?
{Mon 01:10:47 Step:4247} Server_Comm.py: The agent lost 3 consecutive packets! Is syncmode disabled?
{Mon 01:10:47 Step:4251} Server_Comm.py: The agent lost 3 consecutive packets! Is syncmode disabled?
{Mon 01:10:47 Step:4256} Server_Comm.py: The agent lost 4 consecutive packets! Is syncmode disabled?
{Mon 01:10:47 Step:4258} Server_Comm.py: The agent lost 1 packet! Is syncmode enabled?
{Mon 01:10:47 Step:4260} Server_Comm.py: The agent lost 1 packet! Is syncmode enabled?
{Mon 01:10:47 Step:4262} Server_Comm.py: The agent lost 1 packet! Is syncmode enabled?
{Mon 01:10:47 Step:4270} Server_Comm.py: The agent lost 6 consecutive packets! Is syncmode disabled?
{Mon 01:10:47 Step:4274} Server_Comm.py: The agent lost 3 consecutive packets! Is syncmode disabled?
{Mon 01:10:47 Step:4276} Server_Comm.py: The agent lost 1 packet! Is syncmode enabled?
{Mon 01:10:47 Step:4278} Server_Comm.py: The agent lost 1 packet! Is syncmode enabled?
{Mon 01:10:47 Step:4280} Server_Comm.py: The agent lost 1 packet! Is syncmode enabled?
{Mon 01:10:47 Step:4282} Server_Comm.py: The agent lost 1 packet! Is syncmode enabled?
{Mon 01:10:48 Step:4286} Server_Comm.py: The agent lost 2 consecutive packets! Is syncmode disabled?
{Mon 01:10:48 Step:4288} Server_Comm.py: The agent lost 1 packet! Is syncmode enabled?
{Mon 01:10:48 Step:4290} Server_Comm.py: The agent lost 1 packet! Is syncmode enabled?
{Mon 01:10:48 Step:4292} Server_Comm.py: The agent lost 1 packet! Is syncmode enabled?
{Mon 01:10:48 Step:4294} Server_Comm.py: The agent lost 1 packet! Is syncmode enabled?
{Mon 01:10:48 Step:4296} Server_Comm.py: The agent lost 1 packet! Is syncmode enabled?
{Mon 01:10:48 Step:4298} Server_Comm.py: The agent lost 1 packet! Is syncmode enabled?
{Mon 01:10:48 Step:4300} Server_Comm.py: The agent lost 1 packet! Is syncmode enabled?
{Mon 01:10:48 Step:4304} Server_Comm.py: The agent lost 2 consecutive packets! Is syncmode disabled?
{Mon 01:10:48 Step:4306} Server_Comm.py: The agent lost 1 packet! Is syncmode enabled?
{Mon 01:10:48 Step:4308} Server_Comm.py: The agent lost 1 packet! Is syncmode enabled?
{Mon 01:10:48 Step:4310} Server_Comm.py: The agent lost 1 packet! Is syncmode enabled?
{Mon 01:10:48 Step:4312} Server_Comm.py: The agent lost 1 packet! Is syncmode enabled?
{Mon 01:10:48 Step:4314} Server_Comm.py: The agent lost 1 packet! Is syncmode enabled?
{Mon 01:10:48 Step:4314} Server_Comm.py: Received a new packet while thinking!
