{Mon 01:10:14 Step:2} Server_Comm.py: The agent lost 1 packet! Is syncmode enabled?
{Mon 01:10:14 Step:2} Server_Comm.py: Received a new packet while on world.update()!
{Mon 01:10:14 Step:12} Server_Comm.py: The agent lost 9 consecutive packets! Is syncmode disabled?
{Mon 01:10:14 Step:12} Server_Comm.py: Received a new packet while on world.update()!
{Mon 01:10:14 Step:13} Server_Comm.py: Received a new packet while on world.update()!
{Mon 01:10:14 Step:17} Server_Comm.py: The agent lost 3 consecutive packets! Is syncmode disabled?
{Mon 01:10:14 Step:17} Server_Comm.py: Received a new packet while on world.update()!
{Mon 01:10:14 Step:20} Server_Comm.py: The agent lost 2 consecutive packets! Is syncmode disabled?
{Mon 01:10:14 Step:20} Server_Comm.py: Received a new packet while on world.update()!
{Mon 01:10:14 Step:21} Server_Comm.py: Received a new packet while on world.update()!
{Mon 01:10:14 Step:26} Server_Comm.py: The agent lost 4 consecutive packets! Is syncmode disabled?
{Mon 01:10:14 Step:26} Server_Comm.py: Received a new packet while on world.update()!
{Mon 01:10:14 Step:27} Server_Comm.py: Received a new packet while on world.update()!
{Mon 01:10:14 Step:30} Server_Comm.py: The agent lost 2 consecutive packets! Is syncmode disabled?
{Mon 01:10:14 Step:30} Server_Comm.py: Received a new packet while on world.update()!
{Mon 01:10:14 Step:31} Server_Comm.py: Received a new packet while on world.update()!
{Mon 01:10:14 Step:34} Server_Comm.py: The agent lost 2 consecutive packets! Is syncmode disabled?
{Mon 01:10:14 Step:34} Server_Comm.py: Received a new packet while on world.update()!
{Mon 01:10:14 Step:38} Server_Comm.py: The agent lost 3 consecutive packets! Is syncmode disabled?
{Mon 01:10:14 Step:38} Server_Comm.py: Received a new packet while on world.update()!
{Mon 01:10:14 Step:42} Server_Comm.py: The agent lost 3 consecutive packets! Is syncmode disabled?
{Mon 01:10:14 Step:42} Server_Comm.py: Received a new packet while on world.update()!
{Mon 01:10:14 Step:43} Server_Comm.py: Received a new packet while on world.update()!
{Mon 01:10:14 Step:56} Server_Comm.py: The agent lost 12 consecutive packets! Is syncmode disabled?
{Mon 01:10:14 Step:56} Server_Comm.py: Received a new packet while on world.update()!
{Mon 01:10:14 Step:62} Server_Comm.py: The agent lost 5 consecutive packets! Is syncmode disabled?
{Mon 01:10:14 Step:62} Server_Comm.py: Received a new packet while on world.update()!
{Mon 01:10:14 Step:66} Server_Comm.py: The agent lost 3 consecutive packets! Is syncmode disabled?
{Mon 01:10:14 Step:66} Server_Comm.py: Received a new packet while on world.update()!
{Mon 01:10:14 Step:72} Server_Comm.py: The agent lost 5 consecutive packets! Is syncmode disabled?
{Mon 01:10:14 Step:72} Server_Comm.py: Received a new packet while on world.update()!
{Mon 01:10:14 Step:74} Server_Comm.py: The agent lost 1 packet! Is syncmode enabled?
{Mon 01:10:14 Step:74} Server_Comm.py: Received a new packet while on world.update()!
{Mon 01:10:14 Step:76} Server_Comm.py: The agent lost 1 packet! Is syncmode enabled?
{Mon 01:10:14 Step:76} Server_Comm.py: Received a new packet while on world.update()!
{Mon 01:10:14 Step:78} Server_Comm.py: The agent lost 1 packet! Is syncmode enabled?
{Mon 01:10:14 Step:84} Server_Comm.py: The agent lost 4 consecutive packets! Is syncmode disabled?
{Mon 01:10:14 Step:88} Server_Comm.py: The agent lost 3 consecutive packets! Is syncmode disabled?
{Mon 01:10:14 Step:92} Server_Comm.py: The agent lost 3 consecutive packets! Is syncmode disabled?
{Mon 01:10:14 Step:92} Server_Comm.py: Received a new packet while thinking!
{Mon 01:10:14 Step:177} Server_Comm.py: The agent lost 84 consecutive packets! Is syncmode disabled?
{Mon 01:10:14 Step:177} Server_Comm.py: Received a new packet while on world.update()!
{Mon 01:10:14 Step:210} Server_Comm.py: The agent lost 32 consecutive packets! Is syncmode disabled?
{Mon 01:10:14 Step:233} Server_Comm.py: The agent lost 22 consecutive packets! Is syncmode disabled?
{Mon 01:10:14 Step:243} Server_Comm.py: The agent lost 9 consecutive packets! Is syncmode disabled?
{Mon 01:10:14 Step:249} Server_Comm.py: The agent lost 5 consecutive packets! Is syncmode disabled?
{Mon 01:10:14 Step:253} Server_Comm.py: The agent lost 3 consecutive packets! Is syncmode disabled?
{Mon 01:10:14 Step:256} Server_Comm.py: The agent lost 2 consecutive packets! Is syncmode disabled?
{Mon 01:10:14 Step:263} Server_Comm.py: The agent lost 6 consecutive packets! Is syncmode disabled?
{Mon 01:10:14 Step:268} Server_Comm.py: The agent lost 4 consecutive packets! Is syncmode disabled?
{Mon 01:10:14 Step:271} Server_Comm.py: The agent lost 2 consecutive packets! Is syncmode disabled?
{Mon 01:10:14 Step:274} Server_Comm.py: The agent lost 2 consecutive packets! Is syncmode disabled?
{Mon 01:10:14 Step:276} Server_Comm.py: The agent lost 1 packet! Is syncmode enabled?
{Mon 01:10:14 Step:280} Server_Comm.py: The agent lost 2 consecutive packets! Is syncmode disabled?
{Mon 01:10:14 Step:282} Server_Comm.py: The agent lost 1 packet! Is syncmode enabled?
{Mon 01:10:14 Step:284} Server_Comm.py: The agent lost 1 packet! Is syncmode enabled?
{Mon 01:10:14 Step:288} Server_Comm.py: The agent lost 2 consecutive packets! Is syncmode disabled?
{Mon 01:10:14 Step:292} Server_Comm.py: The agent lost 2 consecutive packets! Is syncmode disabled?
{Mon 01:10:14 Step:294} Server_Comm.py: The agent lost 1 packet! Is syncmode enabled?
{Mon 01:10:14 Step:298} Server_Comm.py: The agent lost 2 consecutive packets! Is syncmode disabled?
{Mon 01:10:14 Step:300} Server_Comm.py: The agent lost 1 packet! Is syncmode enabled?
{Mon 01:10:14 Step:302} Server_Comm.py: The agent lost 1 packet! Is syncmode enabled?
{Mon 01:10:14 Step:304} Server_Comm.py: The agent lost 1 packet! Is syncmode enabled?
{Mon 01:10:14 Step:309} Server_Comm.py: The agent lost 3 consecutive packets! Is syncmode disabled?
{Mon 01:10:14 Step:312} Server_Comm.py: The agent lost 2 consecutive packets! Is syncmode disabled?
{Mon 01:10:14 Step:314} Server_Comm.py: The agent lost 1 packet! Is syncmode enabled?
{Mon 01:10:14 Step:319} Server_Comm.py: The agent lost 3 consecutive packets! Is syncmode disabled?
{Mon 01:10:14 Step:329} Server_Comm.py: The agent lost 1 packet! Is syncmode enabled?
{Mon 01:10:14 Step:375} Server_Comm.py: The agent lost 1 packet! Is syncmode enabled?
{Mon 01:10:14 Step:387} Server_Comm.py: The agent lost 1 packet! Is syncmode enabled?
{Mon 01:10:14 Step:390} Server_Comm.py: The agent lost 2 consecutive packets! Is syncmode disabled?
{Mon 01:10:14 Step:395} Server_Comm.py: The agent lost 4 consecutive packets! Is syncmode disabled?
{Mon 01:10:14 Step:398} Server_Comm.py: The agent lost 2 consecutive packets! Is syncmode disabled?
{Mon 01:10:14 Step:400} Server_Comm.py: The agent lost 1 packet! Is syncmode enabled?
{Mon 01:10:14 Step:402} Server_Comm.py: The agent lost 1 packet! Is syncmode enabled?
{Mon 01:10:14 Step:404} Server_Comm.py: The agent lost 1 packet! Is syncmode enabled?
{Mon 01:10:14 Step:409} Server_Comm.py: The agent lost 3 consecutive packets! Is syncmode disabled?
{Mon 01:10:14 Step:413} Server_Comm.py: The agent lost 3 consecutive packets! Is syncmode disabled?
{Mon 01:10:14 Step:417} Server_Comm.py: The agent lost 3 consecutive packets! Is syncmode disabled?
{Mon 01:10:14 Step:420} Server_Comm.py: The agent lost 2 consecutive packets! Is syncmode disabled?
{Mon 01:10:14 Step:422} Server_Comm.py: The agent lost 1 packet! Is syncmode enabled?
{Mon 01:10:14 Step:424} Server_Comm.py: The agent lost 1 packet! Is syncmode enabled?
{Mon 01:10:14 Step:426} Server_Comm.py: The agent lost 1 packet! Is syncmode enabled?
{Mon 01:10:14 Step:430} Server_Comm.py: The agent lost 2 consecutive packets! Is syncmode disabled?
{Mon 01:10:14 Step:432} Server_Comm.py: The agent lost 1 packet! Is syncmode enabled?
{Mon 01:10:14 Step:437} Server_Comm.py: The agent lost 3 consecutive packets! Is syncmode disabled?
{Mon 01:10:14 Step:443} Server_Comm.py: The agent lost 5 consecutive packets! Is syncmode disabled?
{Mon 01:10:14 Step:449} Server_Comm.py: The agent lost 5 consecutive packets! Is syncmode disabled?
{Mon 01:10:14 Step:455} Server_Comm.py: The agent lost 5 consecutive packets! Is syncmode disabled?
{Mon 01:10:14 Step:460} Server_Comm.py: The agent lost 4 consecutive packets! Is syncmode disabled?
{Mon 01:10:14 Step:466} Server_Comm.py: The agent lost 5 consecutive packets! Is syncmode disabled?
{Mon 01:10:14 Step:471} Server_Comm.py: The agent lost 4 consecutive packets! Is syncmode disabled?
{Mon 01:10:14 Step:478} Server_Comm.py: The agent lost 6 consecutive packets! Is syncmode disabled?
{Mon 01:10:14 Step:482} Server_Comm.py: The agent lost 3 consecutive packets! Is syncmode disabled?
{Mon 01:10:14 Step:485} Server_Comm.py: The agent lost 2 consecutive packets! Is syncmode disabled?
{Mon 01:10:14 Step:487} Server_Comm.py: The agent lost 1 packet! Is syncmode enabled?
{Mon 01:10:14 Step:489} Server_Comm.py: The agent lost 1 packet! Is syncmode enabled?
{Mon 01:10:14 Step:501} Server_Comm.py: The agent lost 1 packet! Is syncmode enabled?
{Mon 01:10:14 Step:504} Server_Comm.py: The agent lost 1 packet! Is syncmode enabled?
{Mon 01:10:14 Step:507} Server_Comm.py: The agent lost 1 packet! Is syncmode enabled?
{Mon 01:10:14 Step:513} Server_Comm.py: The agent lost 1 packet! Is syncmode enabled?
{Mon 01:10:14 Step:515} Server_Comm.py: The agent lost 1 packet! Is syncmode enabled?
{Mon 01:10:14 Step:517} Server_Comm.py: The agent lost 1 packet! Is syncmode enabled?
{Mon 01:10:14 Step:519} Server_Comm.py: The agent lost 1 packet! Is syncmode enabled?
{Mon 01:10:14 Step:521} Server_Comm.py: The agent lost 1 packet! Is syncmode enabled?
{Mon 01:10:14 Step:523} Server_Comm.py: The agent lost 1 packet! Is syncmode enabled?
{Mon 01:10:14 Step:528} Server_Comm.py: The agent lost 2 consecutive packets! Is syncmode disabled?
{Mon 01:10:14 Step:531} Server_Comm.py: The agent lost 1 packet! Is syncmode enabled?
{Mon 01:10:14 Step:533} Server_Comm.py: The agent lost 1 packet! Is syncmode enabled?
{Mon 01:10:14 Step:536} Server_Comm.py: The agent lost 1 packet! Is syncmode enabled?
{Mon 01:10:14 Step:541} Server_Comm.py: The agent lost 1 packet! Is syncmode enabled?
{Mon 01:10:14 Step:555} Server_Comm.py: The agent lost 1 packet! Is syncmode enabled?
{Mon 01:10:14 Step:567} Server_Comm.py: The agent lost 1 packet! Is syncmode enabled?
{Mon 01:10:14 Step:569} Server_Comm.py: The agent lost 1 packet! Is syncmode enabled?
{Mon 01:10:14 Step:571} Server_Comm.py: The agent lost 1 packet! Is syncmode enabled?
{Mon 01:10:14 Step:578} Server_Comm.py: The agent lost 6 consecutive packets! Is syncmode disabled?
{Mon 01:10:14 Step:582} Server_Comm.py: The agent lost 3 consecutive packets! Is syncmode disabled?
{Mon 01:10:14 Step:586} Server_Comm.py: The agent lost 3 consecutive packets! Is syncmode disabled?
{Mon 01:10:14 Step:589} Server_Comm.py: The agent lost 2 consecutive packets! Is syncmode disabled?
{Mon 01:10:14 Step:592} Server_Comm.py: The agent lost 2 consecutive packets! Is syncmode disabled?
{Mon 01:10:14 Step:595} Server_Comm.py: The agent lost 2 consecutive packets! Is syncmode disabled?
{Mon 01:10:14 Step:598} Server_Comm.py: The agent lost 2 consecutive packets! Is syncmode disabled?
{Mon 01:10:14 Step:600} Server_Comm.py: The agent lost 1 packet! Is syncmode enabled?
{Mon 01:10:14 Step:604} Server_Comm.py: The agent lost 2 consecutive packets! Is syncmode disabled?
{Mon 01:10:14 Step:606} Server_Comm.py: The agent lost 1 packet! Is syncmode enabled?
{Mon 01:10:14 Step:606} Server_Comm.py: Received a new packet while thinking!
{Mon 01:10:14 Step:723} Server_Comm.py: The agent lost 116 consecutive packets! Is syncmode disabled?
{Mon 01:10:14 Step:736} Server_Comm.py: The agent lost 12 consecutive packets! Is syncmode disabled?
{Mon 01:10:14 Step:741} Server_Comm.py: The agent lost 4 consecutive packets! Is syncmode disabled?
{Mon 01:10:14 Step:746} Server_Comm.py: The agent lost 4 consecutive packets! Is syncmode disabled?
{Mon 01:10:14 Step:750} Server_Comm.py: The agent lost 3 consecutive packets! Is syncmode disabled?
{Mon 01:10:14 Step:753} Server_Comm.py: The agent lost 2 consecutive packets! Is syncmode disabled?
{Mon 01:10:14 Step:757} Server_Comm.py: The agent lost 3 consecutive packets! Is syncmode disabled?
{Mon 01:10:14 Step:761} Server_Comm.py: The agent lost 3 consecutive packets! Is syncmode disabled?
{Mon 01:10:14 Step:766} Server_Comm.py: The agent lost 4 consecutive packets! Is syncmode disabled?
{Mon 01:10:14 Step:769} Server_Comm.py: The agent lost 2 consecutive packets! Is syncmode disabled?
{Mon 01:10:14 Step:777} Server_Comm.py: The agent lost 7 consecutive packets! Is syncmode disabled?
{Mon 01:10:14 Step:783} Server_Comm.py: The agent lost 5 consecutive packets! Is syncmode disabled?
{Mon 01:10:14 Step:789} Server_Comm.py: The agent lost 5 consecutive packets! Is syncmode disabled?
{Mon 01:10:14 Step:793} Server_Comm.py: The agent lost 3 consecutive packets! Is syncmode disabled?
{Mon 01:10:14 Step:796} Server_Comm.py: The agent lost 2 consecutive packets! Is syncmode disabled?
{Mon 01:10:14 Step:798} Server_Comm.py: The agent lost 1 packet! Is syncmode enabled?
{Mon 01:10:14 Step:800} Server_Comm.py: The agent lost 1 packet! Is syncmode enabled?
{Mon 01:10:14 Step:804} Server_Comm.py: The agent lost 2 consecutive packets! Is syncmode disabled?
{Mon 01:10:14 Step:806} Server_Comm.py: The agent lost 1 packet! Is syncmode enabled?
{Mon 01:10:14 Step:810} Server_Comm.py: The agent lost 2 consecutive packets! Is syncmode disabled?
{Mon 01:10:14 Step:814} Server_Comm.py: The agent lost 2 consecutive packets! Is syncmode disabled?
{Mon 01:10:14 Step:816} Server_Comm.py: The agent lost 1 packet! Is syncmode enabled?
{Mon 01:10:14 Step:818} Server_Comm.py: The agent lost 1 packet! Is syncmode enabled?
{Mon 01:10:14 Step:820} Server_Comm.py: The agent lost 1 packet! Is syncmode enabled?
{Mon 01:10:14 Step:824} Server_Comm.py: The agent lost 2 consecutive packets! Is syncmode disabled?
{Mon 01:10:14 Step:827} Server_Comm.py: The agent lost 1 packet! Is syncmode enabled?
{Mon 01:10:14 Step:830} Server_Comm.py: The agent lost 2 consecutive packets! Is syncmode disabled?
{Mon 01:10:14 Step:834} Server_Comm.py: The agent lost 2 consecutive packets! Is syncmode disabled?
{Mon 01:10:14 Step:834} Server_Comm.py: Received a new packet while thinking!
{Mon 01:10:14 Step:942} Server_Comm.py: The agent lost 107 consecutive packets! Is syncmode disabled?
{Mon 01:10:14 Step:949} Server_Comm.py: The agent lost 6 consecutive packets! Is syncmode disabled?
{Mon 01:10:14 Step:952} Server_Comm.py: The agent lost 2 consecutive packets! Is syncmode disabled?
{Mon 01:10:14 Step:955} Server_Comm.py: The agent lost 1 packet! Is syncmode enabled?
{Mon 01:10:14 Step:961} Server_Comm.py: The agent lost 1 packet! Is syncmode enabled?
{Mon 01:10:14 Step:963} Server_Comm.py: The agent lost 1 packet! Is syncmode enabled?
{Mon 01:10:14 Step:973} Server_Comm.py: The agent lost 1 packet! Is syncmode enabled?
{Mon 01:10:14 Step:994} Server_Comm.py: The agent lost 1 packet! Is syncmode enabled?
{Mon 01:10:14 Step:999} Server_Comm.py: The agent lost 1 packet! Is syncmode enabled?
{Mon 01:10:14 Step:1002} Server_Comm.py: The agent lost 1 packet! Is syncmode enabled?
{Mon 01:10:14 Step:1023} Server_Comm.py: The agent lost 1 packet! Is syncmode enabled?
{Mon 01:10:15 Step:1029} Server_Comm.py: The agent lost 1 packet! Is syncmode enabled?
{Mon 01:10:15 Step:1032} Server_Comm.py: The agent lost 1 packet! Is syncmode enabled?
{Mon 01:10:15 Step:1034} Server_Comm.py: The agent lost 1 packet! Is syncmode enabled?
{Mon 01:10:15 Step:1039} Server_Comm.py: The agent lost 1 packet! Is syncmode enabled?
{Mon 01:10:15 Step:1046} Server_Comm.py: The agent lost 2 consecutive packets! Is syncmode disabled?
{Mon 01:10:15 Step:1049} Server_Comm.py: The agent lost 2 consecutive packets! Is syncmode disabled?
{Mon 01:10:15 Step:1052} Server_Comm.py: The agent lost 1 packet! Is syncmode enabled?
{Mon 01:10:15 Step:1055} Server_Comm.py: The agent lost 1 packet! Is syncmode enabled?
{Mon 01:10:15 Step:1056} Server_Comm.py: Received a new packet while thinking!
{Mon 01:10:15 Step:1103} Server_Comm.py: The agent lost 46 consecutive packets! Is syncmode disabled?
{Mon 01:10:15 Step:1108} Server_Comm.py: The agent lost 4 consecutive packets! Is syncmode disabled?
{Mon 01:10:15 Step:1110} Server_Comm.py: The agent lost 1 packet! Is syncmode enabled?
{Mon 01:10:15 Step:1113} Server_Comm.py: The agent lost 1 packet! Is syncmode enabled?
{Mon 01:10:15 Step:1119} Server_Comm.py: The agent lost 3 consecutive packets! Is syncmode disabled?
{Mon 01:10:15 Step:1122} Server_Comm.py: The agent lost 2 consecutive packets! Is syncmode disabled?
{Mon 01:10:15 Step:1123} Server_Comm.py: Received a new packet while thinking!
{Mon 01:10:15 Step:1274} Server_Comm.py: The agent lost 150 consecutive packets! Is syncmode disabled?
{Mon 01:10:15 Step:1284} Server_Comm.py: The agent lost 9 consecutive packets! Is syncmode disabled?
{Mon 01:10:15 Step:1289} Server_Comm.py: The agent lost 4 consecutive packets! Is syncmode disabled?
{Mon 01:10:15 Step:1292} Server_Comm.py: The agent lost 2 consecutive packets! Is syncmode disabled?
{Mon 01:10:15 Step:1295} Server_Comm.py: The agent lost 2 consecutive packets! Is syncmode disabled?
{Mon 01:10:15 Step:1297} Server_Comm.py: The agent lost 1 packet! Is syncmode enabled?
{Mon 01:10:15 Step:1299} Server_Comm.py: The agent lost 1 packet! Is syncmode enabled?
{Mon 01:10:15 Step:1302} Server_Comm.py: The agent lost 1 packet! Is syncmode enabled?
{Mon 01:10:15 Step:1308} Server_Comm.py: The agent lost 1 packet! Is syncmode enabled?
{Mon 01:10:15 Step:1314} Server_Comm.py: The agent lost 1 packet! Is syncmode enabled?
{Mon 01:10:15 Step:1319} Server_Comm.py: The agent lost 1 packet! Is syncmode enabled?
{Mon 01:10:15 Step:1325} Server_Comm.py: The agent lost 1 packet! Is syncmode enabled?
{Mon 01:10:15 Step:1329} Server_Comm.py: The agent lost 1 packet! Is syncmode enabled?
{Mon 01:10:15 Step:1335} Server_Comm.py: The agent lost 1 packet! Is syncmode enabled?
{Mon 01:10:15 Step:1337} Server_Comm.py: The agent lost 1 packet! Is syncmode enabled?
{Mon 01:10:15 Step:1339} Server_Comm.py: The agent lost 1 packet! Is syncmode enabled?
{Mon 01:10:15 Step:1342} Server_Comm.py: The agent lost 1 packet! Is syncmode enabled?
{Mon 01:10:15 Step:1347} Server_Comm.py: The agent lost 1 packet! Is syncmode enabled?
{Mon 01:10:15 Step:1351} Server_Comm.py: The agent lost 1 packet! Is syncmode enabled?
{Mon 01:10:15 Step:1355} Server_Comm.py: The agent lost 1 packet! Is syncmode enabled?
{Mon 01:10:15 Step:1363} Server_Comm.py: The agent lost 1 packet! Is syncmode enabled?
{Mon 01:10:15 Step:1367} Server_Comm.py: The agent lost 1 packet! Is syncmode enabled?
{Mon 01:10:15 Step:1375} Server_Comm.py: The agent lost 1 packet! Is syncmode enabled?
{Mon 01:10:15 Step:1380} Server_Comm.py: The agent lost 1 packet! Is syncmode enabled?
{Mon 01:10:15 Step:1382} Server_Comm.py: The agent lost 1 packet! Is syncmode enabled?
{Mon 01:10:15 Step:1385} Server_Comm.py: The agent lost 1 packet! Is syncmode enabled?
{Mon 01:10:15 Step:1389} Server_Comm.py: The agent lost 1 packet! Is syncmode enabled?
{Mon 01:10:15 Step:1393} Server_Comm.py: The agent lost 1 packet! Is syncmode enabled?
{Mon 01:10:15 Step:1397} Server_Comm.py: The agent lost 1 packet! Is syncmode enabled?
{Mon 01:10:15 Step:1403} Server_Comm.py: The agent lost 1 packet! Is syncmode enabled?
{Mon 01:10:15 Step:1406} Server_Comm.py: The agent lost 2 consecutive packets! Is syncmode disabled?
{Mon 01:10:15 Step:1413} Server_Comm.py: The agent lost 6 consecutive packets! Is syncmode disabled?
{Mon 01:10:15 Step:1418} Server_Comm.py: The agent lost 4 consecutive packets! Is syncmode disabled?
{Mon 01:10:15 Step:1422} Server_Comm.py: The agent lost 3 consecutive packets! Is syncmode disabled?
{Mon 01:10:15 Step:1425} Server_Comm.py: The agent lost 2 consecutive packets! Is syncmode disabled?
{Mon 01:10:15 Step:1429} Server_Comm.py: The agent lost 3 consecutive packets! Is syncmode disabled?
{Mon 01:10:15 Step:1434} Server_Comm.py: The agent lost 4 consecutive packets! Is syncmode disabled?
{Mon 01:10:15 Step:1437} Server_Comm.py: The agent lost 2 consecutive packets! Is syncmode disabled?
{Mon 01:10:15 Step:1439} Server_Comm.py: The agent lost 1 packet! Is syncmode enabled?
{Mon 01:10:15 Step:1443} Server_Comm.py: The agent lost 3 consecutive packets! Is syncmode disabled?
{Mon 01:10:15 Step:1445} Server_Comm.py: The agent lost 1 packet! Is syncmode enabled?
{Mon 01:10:15 Step:1447} Server_Comm.py: The agent lost 1 packet! Is syncmode enabled?
{Mon 01:10:15 Step:1449} Server_Comm.py: The agent lost 1 packet! Is syncmode enabled?
{Mon 01:10:15 Step:1453} Server_Comm.py: The agent lost 1 packet! Is syncmode enabled?
{Mon 01:10:15 Step:1463} Server_Comm.py: The agent lost 1 packet! Is syncmode enabled?
{Mon 01:10:15 Step:1472} Server_Comm.py: The agent lost 1 packet! Is syncmode enabled?
{Mon 01:10:15 Step:1474} Server_Comm.py: The agent lost 1 packet! Is syncmode enabled?
{Mon 01:10:15 Step:1477} Server_Comm.py: The agent lost 2 consecutive packets! Is syncmode disabled?
{Mon 01:10:15 Step:1480} Server_Comm.py: The agent lost 2 consecutive packets! Is syncmode disabled?
{Mon 01:10:15 Step:1483} Server_Comm.py: The agent lost 2 consecutive packets! Is syncmode disabled?
{Mon 01:10:15 Step:1485} Server_Comm.py: The agent lost 1 packet! Is syncmode enabled?
{Mon 01:10:15 Step:1487} Server_Comm.py: The agent lost 1 packet! Is syncmode enabled?
{Mon 01:10:15 Step:1490} Server_Comm.py: The agent lost 2 consecutive packets! Is syncmode disabled?
{Mon 01:10:15 Step:1492} Server_Comm.py: The agent lost 1 packet! Is syncmode enabled?
{Mon 01:10:15 Step:1494} Server_Comm.py: The agent lost 1 packet! Is syncmode enabled?
{Mon 01:10:15 Step:1496} Server_Comm.py: The agent lost 1 packet! Is syncmode enabled?
{Mon 01:10:15 Step:1504} Server_Comm.py: The agent lost 1 packet! Is syncmode enabled?
{Mon 01:10:15 Step:1510} Server_Comm.py: The agent lost 1 packet! Is syncmode enabled?
{Mon 01:10:15 Step:1512} Server_Comm.py: The agent lost 1 packet! Is syncmode enabled?
{Mon 01:10:15 Step:1547} Server_Comm.py: The agent lost 1 packet! Is syncmode enabled?
{Mon 01:10:15 Step:1550} Server_Comm.py: The agent lost 2 consecutive packets! Is syncmode disabled?
{Mon 01:10:15 Step:1550} Server_Comm.py: Received a new packet while thinking!
{Mon 01:10:15 Step:1601} Server_Comm.py: The agent lost 50 consecutive packets! Is syncmode disabled?
{Mon 01:10:15 Step:1618} Server_Comm.py: The agent lost 16 consecutive packets! Is syncmode disabled?
{Mon 01:10:15 Step:1623} Server_Comm.py: The agent lost 4 consecutive packets! Is syncmode disabled?
{Mon 01:10:15 Step:1625} Server_Comm.py: The agent lost 1 packet! Is syncmode enabled?
{Mon 01:10:15 Step:1627} Server_Comm.py: The agent lost 1 packet! Is syncmode enabled?
{Mon 01:10:15 Step:1629} Server_Comm.py: The agent lost 1 packet! Is syncmode enabled?
{Mon 01:10:15 Step:1632} Server_Comm.py: The agent lost 2 consecutive packets! Is syncmode disabled?
{Mon 01:10:15 Step:1635} Server_Comm.py: The agent lost 2 consecutive packets! Is syncmode disabled?
{Mon 01:10:15 Step:1638} Server_Comm.py: The agent lost 2 consecutive packets! Is syncmode disabled?
{Mon 01:10:15 Step:1640} Server_Comm.py: The agent lost 1 packet! Is syncmode enabled?
{Mon 01:10:15 Step:1640} Server_Comm.py: Received a new packet while thinking!
{Mon 01:10:15 Step:1698} Server_Comm.py: The agent lost 57 consecutive packets! Is syncmode disabled?
{Mon 01:10:15 Step:1752} Server_Comm.py: The agent lost 53 consecutive packets! Is syncmode disabled?
{Mon 01:10:15 Step:1766} Server_Comm.py: The agent lost 13 consecutive packets! Is syncmode disabled?
{Mon 01:10:15 Step:1769} Server_Comm.py: The agent lost 2 consecutive packets! Is syncmode disabled?
{Mon 01:10:15 Step:1775} Server_Comm.py: The agent lost 5 consecutive packets! Is syncmode disabled?
{Mon 01:10:15 Step:1780} Server_Comm.py: The agent lost 4 consecutive packets! Is syncmode disabled?
{Mon 01:10:15 Step:1783} Server_Comm.py: The agent lost 2 consecutive packets! Is syncmode disabled?
{Mon 01:10:15 Step:1787} Server_Comm.py: The agent lost 3 consecutive packets! Is syncmode disabled?
{Mon 01:10:15 Step:1790} Server_Comm.py: The agent lost 2 consecutive packets! Is syncmode disabled?
{Mon 01:10:15 Step:1792} Server_Comm.py: The agent lost 1 packet! Is syncmode enabled?
{Mon 01:10:15 Step:1792} Server_Comm.py: Received a new packet while thinking!
{Mon 01:10:15 Step:1844} Server_Comm.py: The agent lost 51 consecutive packets! Is syncmode disabled?
{Mon 01:10:15 Step:1887} Server_Comm.py: The agent lost 42 consecutive packets! Is syncmode disabled?
{Mon 01:10:15 Step:1910} Server_Comm.py: The agent lost 22 consecutive packets! Is syncmode disabled?
{Mon 01:10:15 Step:1917} Server_Comm.py: The agent lost 6 consecutive packets! Is syncmode disabled?
{Mon 01:10:15 Step:1922} Server_Comm.py: The agent lost 4 consecutive packets! Is syncmode disabled?
{Mon 01:10:15 Step:1924} Server_Comm.py: The agent lost 1 packet! Is syncmode enabled?
{Mon 01:10:15 Step:1926} Server_Comm.py: The agent lost 1 packet! Is syncmode enabled?
{Mon 01:10:15 Step:1929} Server_Comm.py: The agent lost 1 packet! Is syncmode enabled?
{Mon 01:10:15 Step:1931} Server_Comm.py: The agent lost 1 packet! Is syncmode enabled?
{Mon 01:10:15 Step:1933} Server_Comm.py: The agent lost 1 packet! Is syncmode enabled?
{Mon 01:10:15 Step:1935} Server_Comm.py: The agent lost 1 packet! Is syncmode enabled?
{Mon 01:10:15 Step:1937} Server_Comm.py: The agent lost 1 packet! Is syncmode enabled?
{Mon 01:10:15 Step:1940} Server_Comm.py: The agent lost 2 consecutive packets! Is syncmode disabled?
{Mon 01:10:15 Step:1943} Server_Comm.py: The agent lost 1 packet! Is syncmode enabled?
{Mon 01:10:15 Step:1947} Server_Comm.py: The agent lost 1 packet! Is syncmode enabled?
{Mon 01:10:15 Step:1953} Server_Comm.py: The agent lost 1 packet! Is syncmode enabled?
{Mon 01:10:15 Step:1955} Server_Comm.py: The agent lost 1 packet! Is syncmode enabled?
{Mon 01:10:15 Step:1963} Server_Comm.py: The agent lost 1 packet! Is syncmode enabled?
{Mon 01:10:15 Step:1967} Server_Comm.py: The agent lost 1 packet! Is syncmode enabled?
{Mon 01:10:15 Step:1975} Server_Comm.py: The agent lost 1 packet! Is syncmode enabled?
{Mon 01:10:15 Step:1991} Server_Comm.py: The agent lost 1 packet! Is syncmode enabled?
{Mon 01:10:15 Step:1993} Server_Comm.py: The agent lost 1 packet! Is syncmode enabled?
{Mon 01:10:15 Step:1995} Server_Comm.py: The agent lost 1 packet! Is syncmode enabled?
{Mon 01:10:15 Step:1997} Server_Comm.py: The agent lost 1 packet! Is syncmode enabled?
{Mon 01:10:15 Step:1999} Server_Comm.py: The agent lost 1 packet! Is syncmode enabled?
{Mon 01:10:15 Step:2003} Server_Comm.py: The agent lost 1 packet! Is syncmode enabled?
{Mon 01:10:15 Step:2012} Server_Comm.py: The agent lost 1 packet! Is syncmode enabled?
{Mon 01:10:15 Step:2017} Server_Comm.py: The agent lost 1 packet! Is syncmode enabled?
{Mon 01:10:15 Step:2020} Server_Comm.py: The agent lost 2 consecutive packets! Is syncmode disabled?
{Mon 01:10:15 Step:2022} Server_Comm.py: The agent lost 1 packet! Is syncmode enabled?
{Mon 01:10:15 Step:2025} Server_Comm.py: The agent lost 1 packet! Is syncmode enabled?
{Mon 01:10:15 Step:2029} Server_Comm.py: The agent lost 1 packet! Is syncmode enabled?
{Mon 01:10:15 Step:2031} Server_Comm.py: The agent lost 1 packet! Is syncmode enabled?
{Mon 01:10:15 Step:2035} Server_Comm.py: The agent lost 1 packet! Is syncmode enabled?
{Mon 01:10:15 Step:2039} Server_Comm.py: The agent lost 3 consecutive packets! Is syncmode disabled?
{Mon 01:10:15 Step:2044} Server_Comm.py: The agent lost 4 consecutive packets! Is syncmode disabled?
{Mon 01:10:15 Step:2050} Server_Comm.py: The agent lost 5 consecutive packets! Is syncmode disabled?
{Mon 01:10:15 Step:2054} Server_Comm.py: The agent lost 3 consecutive packets! Is syncmode disabled?
{Mon 01:10:15 Step:2057} Server_Comm.py: The agent lost 2 consecutive packets! Is syncmode disabled?
{Mon 01:10:15 Step:2060} Server_Comm.py: The agent lost 2 consecutive packets! Is syncmode disabled?
{Mon 01:10:15 Step:2063} Server_Comm.py: The agent lost 1 packet! Is syncmode enabled?
{Mon 01:10:15 Step:2067} Server_Comm.py: The agent lost 3 consecutive packets! Is syncmode disabled?
{Mon 01:10:15 Step:2070} Server_Comm.py: The agent lost 2 consecutive packets! Is syncmode disabled?
{Mon 01:10:15 Step:2072} Server_Comm.py: The agent lost 1 packet! Is syncmode enabled?
{Mon 01:10:15 Step:2074} Server_Comm.py: The agent lost 1 packet! Is syncmode enabled?
{Mon 01:10:15 Step:2076} Server_Comm.py: The agent lost 1 packet! Is syncmode enabled?
{Mon 01:10:15 Step:2078} Server_Comm.py: The agent lost 1 packet! Is syncmode enabled?
{Mon 01:10:15 Step:2083} Server_Comm.py: The agent lost 3 consecutive packets! Is syncmode disabled?
{Mon 01:10:15 Step:2087} Server_Comm.py: The agent lost 3 consecutive packets! Is syncmode disabled?
{Mon 01:10:15 Step:2089} Server_Comm.py: The agent lost 1 packet! Is syncmode enabled?
{Mon 01:10:15 Step:2093} Server_Comm.py: The agent lost 1 packet! Is syncmode enabled?
{Mon 01:10:15 Step:2096} Server_Comm.py: The agent lost 1 packet! Is syncmode enabled?
{Mon 01:10:15 Step:2100} Server_Comm.py: The agent lost 1 packet! Is syncmode enabled?
{Mon 01:10:15 Step:2133} Server_Comm.py: The agent lost 1 packet! Is syncmode enabled?
{Mon 01:10:15 Step:2168} Server_Comm.py: The agent lost 2 consecutive packets! Is syncmode disabled?
{Mon 01:10:15 Step:2170} Server_Comm.py: The agent lost 1 packet! Is syncmode enabled?
{Mon 01:10:15 Step:2171} Server_Comm.py: Received a new packet while thinking!
{Mon 01:10:15 Step:2257} Server_Comm.py: The agent lost 85 consecutive packets! Is syncmode disabled?
{Mon 01:10:15 Step:2261} World_Parser.py: Received field line with NaNs [  nan   nan   nan 10.3  60.3  13.91]
{Mon 01:10:15 Step:2271} Server_Comm.py: The agent lost 13 consecutive packets! Is syncmode disabled?
{Mon 01:10:15 Step:2279} Server_Comm.py: The agent lost 7 consecutive packets! Is syncmode disabled?
{Mon 01:10:15 Step:2283} Server_Comm.py: The agent lost 3 consecutive packets! Is syncmode disabled?
{Mon 01:10:15 Step:2287} Server_Comm.py: The agent lost 3 consecutive packets! Is syncmode disabled?
{Mon 01:10:15 Step:2291} Server_Comm.py: The agent lost 3 consecutive packets! Is syncmode disabled?
{Mon 01:10:15 Step:2295} Server_Comm.py: The agent lost 3 consecutive packets! Is syncmode disabled?
{Mon 01:10:15 Step:2343} Server_Comm.py: The agent lost 1 packet! Is syncmode enabled?
{Mon 01:10:15 Step:2345} Server_Comm.py: The agent lost 1 packet! Is syncmode enabled?
{Mon 01:10:15 Step:2369} Server_Comm.py: The agent lost 1 packet! Is syncmode enabled?
{Mon 01:10:15 Step:2380} Server_Comm.py: The agent lost 2 consecutive packets! Is syncmode disabled?
{Mon 01:10:15 Step:2384} Server_Comm.py: The agent lost 2 consecutive packets! Is syncmode disabled?
{Mon 01:10:15 Step:2438} Server_Comm.py: The agent lost 53 consecutive packets! Is syncmode disabled?
{Mon 01:10:15 Step:2442} Server_Comm.py: The agent lost 3 consecutive packets! Is syncmode disabled?
{Mon 01:10:15 Step:2444} Server_Comm.py: The agent lost 1 packet! Is syncmode enabled?
{Mon 01:10:15 Step:2447} Server_Comm.py: The agent lost 1 packet! Is syncmode enabled?
{Mon 01:10:16 Step:2485} Server_Comm.py: The agent lost 1 packet! Is syncmode enabled?
{Mon 01:10:16 Step:2519} Server_Comm.py: The agent lost 1 packet! Is syncmode enabled?
{Mon 01:10:16 Step:2534} Server_Comm.py: The agent lost 2 consecutive packets! Is syncmode disabled?
{Mon 01:10:16 Step:2549} Server_Comm.py: The agent lost 13 consecutive packets! Is syncmode disabled?
{Mon 01:10:16 Step:2556} Server_Comm.py: The agent lost 6 consecutive packets! Is syncmode disabled?
{Mon 01:10:16 Step:2559} Server_Comm.py: The agent lost 2 consecutive packets! Is syncmode disabled?
{Mon 01:10:16 Step:2562} Server_Comm.py: The agent lost 2 consecutive packets! Is syncmode disabled?
{Mon 01:10:16 Step:2564} Server_Comm.py: The agent lost 1 packet! Is syncmode enabled?
{Mon 01:10:16 Step:2568} Server_Comm.py: The agent lost 2 consecutive packets! Is syncmode disabled?
{Mon 01:10:16 Step:2572} Server_Comm.py: The agent lost 2 consecutive packets! Is syncmode disabled?
{Mon 01:10:16 Step:2574} Server_Comm.py: The agent lost 1 packet! Is syncmode enabled?
{Mon 01:10:16 Step:2578} Server_Comm.py: The agent lost 2 consecutive packets! Is syncmode disabled?
{Mon 01:10:16 Step:2582} Server_Comm.py: The agent lost 2 consecutive packets! Is syncmode disabled?
{Mon 01:10:16 Step:2584} Server_Comm.py: The agent lost 1 packet! Is syncmode enabled?
{Mon 01:10:16 Step:2586} Server_Comm.py: The agent lost 1 packet! Is syncmode enabled?
{Mon 01:10:16 Step:2590} Server_Comm.py: The agent lost 2 consecutive packets! Is syncmode disabled?
{Mon 01:10:16 Step:2592} Server_Comm.py: The agent lost 1 packet! Is syncmode enabled?
{Mon 01:10:16 Step:2595} Server_Comm.py: The agent lost 1 packet! Is syncmode enabled?
{Mon 01:10:16 Step:2598} Server_Comm.py: The agent lost 2 consecutive packets! Is syncmode disabled?
{Mon 01:10:16 Step:2600} Server_Comm.py: The agent lost 1 packet! Is syncmode enabled?
{Mon 01:10:16 Step:2602} Server_Comm.py: The agent lost 1 packet! Is syncmode enabled?
{Mon 01:10:16 Step:2604} Server_Comm.py: The agent lost 1 packet! Is syncmode enabled?
{Mon 01:10:16 Step:2608} Server_Comm.py: The agent lost 2 consecutive packets! Is syncmode disabled?
{Mon 01:10:16 Step:2610} Server_Comm.py: The agent lost 1 packet! Is syncmode enabled?
{Mon 01:10:16 Step:2612} Server_Comm.py: The agent lost 1 packet! Is syncmode enabled?
{Mon 01:10:16 Step:2616} Server_Comm.py: The agent lost 2 consecutive packets! Is syncmode disabled?
{Mon 01:10:16 Step:2618} Server_Comm.py: The agent lost 1 packet! Is syncmode enabled?
{Mon 01:10:16 Step:2622} Server_Comm.py: The agent lost 2 consecutive packets! Is syncmode disabled?
{Mon 01:10:16 Step:2624} Server_Comm.py: The agent lost 1 packet! Is syncmode enabled?
{Mon 01:10:16 Step:2627} Server_Comm.py: The agent lost 1 packet! Is syncmode enabled?
{Mon 01:10:16 Step:2631} Server_Comm.py: The agent lost 3 consecutive packets! Is syncmode disabled?
{Mon 01:10:16 Step:2633} Server_Comm.py: The agent lost 1 packet! Is syncmode enabled?
{Mon 01:10:16 Step:2635} Server_Comm.py: The agent lost 1 packet! Is syncmode enabled?
{Mon 01:10:16 Step:2637} Server_Comm.py: The agent lost 1 packet! Is syncmode enabled?
{Mon 01:10:16 Step:2641} Server_Comm.py: The agent lost 3 consecutive packets! Is syncmode disabled?
{Mon 01:10:16 Step:2644} Server_Comm.py: The agent lost 2 consecutive packets! Is syncmode disabled?
{Mon 01:10:16 Step:2646} Server_Comm.py: The agent lost 1 packet! Is syncmode enabled?
{Mon 01:10:16 Step:2648} Server_Comm.py: The agent lost 1 packet! Is syncmode enabled?
{Mon 01:10:16 Step:2652} Server_Comm.py: The agent lost 2 consecutive packets! Is syncmode disabled?
{Mon 01:10:16 Step:2654} Server_Comm.py: The agent lost 1 packet! Is syncmode enabled?
{Mon 01:10:16 Step:2658} Server_Comm.py: The agent lost 2 consecutive packets! Is syncmode disabled?
{Mon 01:10:16 Step:2660} Server_Comm.py: The agent lost 1 packet! Is syncmode enabled?
{Mon 01:10:16 Step:2665} Server_Comm.py: The agent lost 3 consecutive packets! Is syncmode disabled?
{Mon 01:10:16 Step:2668} Server_Comm.py: The agent lost 2 consecutive packets! Is syncmode disabled?
{Mon 01:10:16 Step:2670} Server_Comm.py: The agent lost 1 packet! Is syncmode enabled?
{Mon 01:10:16 Step:2672} Server_Comm.py: The agent lost 1 packet! Is syncmode enabled?
{Mon 01:10:16 Step:2676} Server_Comm.py: The agent lost 2 consecutive packets! Is syncmode disabled?
{Mon 01:10:16 Step:2678} Server_Comm.py: The agent lost 1 packet! Is syncmode enabled?
{Mon 01:10:16 Step:2683} Server_Comm.py: The agent lost 3 consecutive packets! Is syncmode disabled?
{Mon 01:10:16 Step:2686} Server_Comm.py: The agent lost 2 consecutive packets! Is syncmode disabled?
{Mon 01:10:16 Step:2689} Server_Comm.py: The agent lost 2 consecutive packets! Is syncmode disabled?
{Mon 01:10:16 Step:2691} Server_Comm.py: The agent lost 1 packet! Is syncmode enabled?
{Mon 01:10:16 Step:2695} Server_Comm.py: The agent lost 1 packet! Is syncmode enabled?
{Mon 01:10:16 Step:2701} Server_Comm.py: The agent lost 1 packet! Is syncmode enabled?
{Mon 01:10:16 Step:2703} Server_Comm.py: The agent lost 1 packet! Is syncmode enabled?
{Mon 01:10:16 Step:2705} Server_Comm.py: The agent lost 1 packet! Is syncmode enabled?
{Mon 01:10:16 Step:2707} Server_Comm.py: The agent lost 1 packet! Is syncmode enabled?
{Mon 01:10:16 Step:2721} Server_Comm.py: The agent lost 1 packet! Is syncmode enabled?
{Mon 01:10:16 Step:2725} Server_Comm.py: The agent lost 3 consecutive packets! Is syncmode disabled?
{Mon 01:10:16 Step:2732} Server_Comm.py: The agent lost 6 consecutive packets! Is syncmode disabled?
{Mon 01:10:16 Step:2735} Server_Comm.py: The agent lost 2 consecutive packets! Is syncmode disabled?
{Mon 01:10:16 Step:2738} Server_Comm.py: The agent lost 2 consecutive packets! Is syncmode disabled?
{Mon 01:10:16 Step:2740} Server_Comm.py: The agent lost 1 packet! Is syncmode enabled?
{Mon 01:10:16 Step:2742} Server_Comm.py: The agent lost 1 packet! Is syncmode enabled?
{Mon 01:10:16 Step:2744} Server_Comm.py: The agent lost 1 packet! Is syncmode enabled?
{Mon 01:10:16 Step:2748} Server_Comm.py: The agent lost 2 consecutive packets! Is syncmode disabled?
{Mon 01:10:16 Step:2750} Server_Comm.py: The agent lost 1 packet! Is syncmode enabled?
{Mon 01:10:16 Step:2752} Server_Comm.py: The agent lost 1 packet! Is syncmode enabled?
{Mon 01:10:16 Step:2755} Server_Comm.py: The agent lost 2 consecutive packets! Is syncmode disabled?
{Mon 01:10:16 Step:2759} Server_Comm.py: The agent lost 3 consecutive packets! Is syncmode disabled?
{Mon 01:10:16 Step:2763} Server_Comm.py: The agent lost 3 consecutive packets! Is syncmode disabled?
{Mon 01:10:16 Step:2767} Server_Comm.py: The agent lost 3 consecutive packets! Is syncmode disabled?
{Mon 01:10:16 Step:2770} Server_Comm.py: The agent lost 2 consecutive packets! Is syncmode disabled?
{Mon 01:10:16 Step:2772} Server_Comm.py: The agent lost 1 packet! Is syncmode enabled?
{Mon 01:10:16 Step:2774} Server_Comm.py: The agent lost 1 packet! Is syncmode enabled?
{Mon 01:10:16 Step:2776} Server_Comm.py: The agent lost 1 packet! Is syncmode enabled?
{Mon 01:10:16 Step:2778} Server_Comm.py: The agent lost 1 packet! Is syncmode enabled?
{Mon 01:10:16 Step:2784} Server_Comm.py: The agent lost 1 packet! Is syncmode enabled?
{Mon 01:10:16 Step:2787} Server_Comm.py: The agent lost 1 packet! Is syncmode enabled?
{Mon 01:10:16 Step:2795} Server_Comm.py: The agent lost 1 packet! Is syncmode enabled?
{Mon 01:10:16 Step:2797} Server_Comm.py: The agent lost 1 packet! Is syncmode enabled?
{Mon 01:10:16 Step:2799} Server_Comm.py: The agent lost 1 packet! Is syncmode enabled?
{Mon 01:10:16 Step:2853} Server_Comm.py: The agent lost 1 packet! Is syncmode enabled?
{Mon 01:10:16 Step:2856} Server_Comm.py: The agent lost 2 consecutive packets! Is syncmode disabled?
{Mon 01:10:16 Step:2860} Server_Comm.py: The agent lost 2 consecutive packets! Is syncmode disabled?
{Mon 01:10:16 Step:2866} Server_Comm.py: The agent lost 5 consecutive packets! Is syncmode disabled?
{Mon 01:10:16 Step:2869} Server_Comm.py: The agent lost 2 consecutive packets! Is syncmode disabled?
{Mon 01:10:16 Step:2874} Server_Comm.py: The agent lost 4 consecutive packets! Is syncmode disabled?
{Mon 01:10:16 Step:2877} Server_Comm.py: The agent lost 2 consecutive packets! Is syncmode disabled?
{Mon 01:10:16 Step:2882} Server_Comm.py: The agent lost 4 consecutive packets! Is syncmode disabled?
{Mon 01:10:16 Step:2885} Server_Comm.py: The agent lost 2 consecutive packets! Is syncmode disabled?
{Mon 01:10:16 Step:2889} Server_Comm.py: The agent lost 3 consecutive packets! Is syncmode disabled?
{Mon 01:10:16 Step:2892} Server_Comm.py: The agent lost 2 consecutive packets! Is syncmode disabled?
{Mon 01:10:16 Step:2894} Server_Comm.py: The agent lost 1 packet! Is syncmode enabled?
{Mon 01:10:16 Step:2896} Server_Comm.py: The agent lost 1 packet! Is syncmode enabled?
{Mon 01:10:16 Step:2898} Server_Comm.py: The agent lost 1 packet! Is syncmode enabled?
{Mon 01:10:16 Step:2902} Server_Comm.py: The agent lost 2 consecutive packets! Is syncmode disabled?
{Mon 01:10:16 Step:2904} Server_Comm.py: The agent lost 1 packet! Is syncmode enabled?
{Mon 01:10:16 Step:2907} Server_Comm.py: The agent lost 1 packet! Is syncmode enabled?
{Mon 01:10:16 Step:2910} Server_Comm.py: The agent lost 2 consecutive packets! Is syncmode disabled?
{Mon 01:10:16 Step:2912} Server_Comm.py: The agent lost 1 packet! Is syncmode enabled?
{Mon 01:10:16 Step:2917} Server_Comm.py: The agent lost 3 consecutive packets! Is syncmode disabled?
{Mon 01:10:16 Step:2919} Server_Comm.py: The agent lost 1 packet! Is syncmode enabled?
{Mon 01:10:16 Step:2923} Server_Comm.py: The agent lost 1 packet! Is syncmode enabled?
{Mon 01:10:16 Step:2926} Server_Comm.py: The agent lost 2 consecutive packets! Is syncmode disabled?
{Mon 01:10:16 Step:2929} Server_Comm.py: The agent lost 1 packet! Is syncmode enabled?
{Mon 01:10:16 Step:2945} Server_Comm.py: The agent lost 1 packet! Is syncmode enabled?
{Mon 01:10:16 Step:2949} Server_Comm.py: The agent lost 1 packet! Is syncmode enabled?
{Mon 01:10:16 Step:2965} Server_Comm.py: The agent lost 1 packet! Is syncmode enabled?
{Mon 01:10:16 Step:2969} Server_Comm.py: The agent lost 1 packet! Is syncmode enabled?
{Mon 01:10:16 Step:2974} Server_Comm.py: The agent lost 1 packet! Is syncmode enabled?
{Mon 01:10:16 Step:2977} Server_Comm.py: The agent lost 1 packet! Is syncmode enabled?
{Mon 01:10:16 Step:2989} Server_Comm.py: The agent lost 1 packet! Is syncmode enabled?
{Mon 01:10:16 Step:2995} Server_Comm.py: The agent lost 1 packet! Is syncmode enabled?
{Mon 01:10:16 Step:2998} Server_Comm.py: The agent lost 1 packet! Is syncmode enabled?
{Mon 01:10:16 Step:3001} Server_Comm.py: The agent lost 2 consecutive packets! Is syncmode disabled?
{Mon 01:10:16 Step:3004} Server_Comm.py: The agent lost 2 consecutive packets! Is syncmode disabled?
{Mon 01:10:16 Step:3006} Server_Comm.py: The agent lost 1 packet! Is syncmode enabled?
{Mon 01:10:16 Step:3010} Server_Comm.py: The agent lost 2 consecutive packets! Is syncmode disabled?
{Mon 01:10:16 Step:3010} Server_Comm.py: Received a new packet while thinking!
{Mon 01:10:16 Step:3059} Server_Comm.py: The agent lost 48 consecutive packets! Is syncmode disabled?
{Mon 01:10:16 Step:3094} Server_Comm.py: The agent lost 34 consecutive packets! Is syncmode disabled?
{Mon 01:10:16 Step:3106} Server_Comm.py: The agent lost 11 consecutive packets! Is syncmode disabled?
{Mon 01:10:16 Step:3111} Server_Comm.py: The agent lost 4 consecutive packets! Is syncmode disabled?
{Mon 01:10:16 Step:3114} Server_Comm.py: The agent lost 2 consecutive packets! Is syncmode disabled?
{Mon 01:10:16 Step:3118} Server_Comm.py: The agent lost 2 consecutive packets! Is syncmode disabled?
{Mon 01:10:16 Step:3120} Server_Comm.py: The agent lost 1 packet! Is syncmode enabled?
{Mon 01:10:16 Step:3124} Server_Comm.py: The agent lost 2 consecutive packets! Is syncmode disabled?
{Mon 01:10:16 Step:3124} Server_Comm.py: Received a new packet while thinking!
{Mon 01:10:16 Step:3199} Server_Comm.py: The agent lost 74 consecutive packets! Is syncmode disabled?
{Mon 01:10:16 Step:3207} Server_Comm.py: The agent lost 7 consecutive packets! Is syncmode disabled?
{Mon 01:10:16 Step:3213} Server_Comm.py: The agent lost 5 consecutive packets! Is syncmode disabled?
{Mon 01:10:16 Step:3220} Server_Comm.py: The agent lost 6 consecutive packets! Is syncmode disabled?
{Mon 01:10:16 Step:3226} Server_Comm.py: The agent lost 5 consecutive packets! Is syncmode disabled?
{Mon 01:10:16 Step:3229} Server_Comm.py: The agent lost 2 consecutive packets! Is syncmode disabled?
{Mon 01:10:16 Step:3233} Server_Comm.py: The agent lost 3 consecutive packets! Is syncmode disabled?
{Mon 01:10:16 Step:3238} Server_Comm.py: The agent lost 4 consecutive packets! Is syncmode disabled?
{Mon 01:10:16 Step:3240} Server_Comm.py: The agent lost 1 packet! Is syncmode enabled?
{Mon 01:10:16 Step:3242} Server_Comm.py: The agent lost 1 packet! Is syncmode enabled?
{Mon 01:10:16 Step:3247} Server_Comm.py: The agent lost 3 consecutive packets! Is syncmode disabled?
{Mon 01:10:16 Step:3247} Server_Comm.py: Received a new packet while thinking!
{Mon 01:10:16 Step:3306} Server_Comm.py: The agent lost 58 consecutive packets! Is syncmode disabled?
{Mon 01:10:16 Step:3348} Server_Comm.py: The agent lost 41 consecutive packets! Is syncmode disabled?
{Mon 01:10:16 Step:3358} Server_Comm.py: The agent lost 9 consecutive packets! Is syncmode disabled?
{Mon 01:10:16 Step:3360} Server_Comm.py: The agent lost 1 packet! Is syncmode enabled?
{Mon 01:10:16 Step:3362} Server_Comm.py: The agent lost 1 packet! Is syncmode enabled?
{Mon 01:10:16 Step:3367} Server_Comm.py: The agent lost 3 consecutive packets! Is syncmode disabled?
{Mon 01:10:16 Step:3370} Server_Comm.py: The agent lost 2 consecutive packets! Is syncmode disabled?
{Mon 01:10:16 Step:3372} Server_Comm.py: The agent lost 1 packet! Is syncmode enabled?
{Mon 01:10:16 Step:3374} Server_Comm.py: The agent lost 1 packet! Is syncmode enabled?
{Mon 01:10:16 Step:3376} Server_Comm.py: The agent lost 1 packet! Is syncmode enabled?
{Mon 01:10:16 Step:3384} Server_Comm.py: The agent lost 6 consecutive packets! Is syncmode disabled?
{Mon 01:10:16 Step:3388} Server_Comm.py: The agent lost 3 consecutive packets! Is syncmode disabled?
{Mon 01:10:16 Step:3392} Server_Comm.py: The agent lost 2 consecutive packets! Is syncmode disabled?
{Mon 01:10:16 Step:3396} Server_Comm.py: The agent lost 2 consecutive packets! Is syncmode disabled?
{Mon 01:10:16 Step:3398} Server_Comm.py: The agent lost 1 packet! Is syncmode enabled?
{Mon 01:10:16 Step:3400} Server_Comm.py: The agent lost 1 packet! Is syncmode enabled?
{Mon 01:10:16 Step:3403} Server_Comm.py: The agent lost 1 packet! Is syncmode enabled?
{Mon 01:10:16 Step:3406} Server_Comm.py: The agent lost 2 consecutive packets! Is syncmode disabled?
{Mon 01:10:16 Step:3408} Server_Comm.py: The agent lost 1 packet! Is syncmode enabled?
{Mon 01:10:16 Step:3411} Server_Comm.py: The agent lost 1 packet! Is syncmode enabled?
{Mon 01:10:16 Step:3415} Server_Comm.py: The agent lost 3 consecutive packets! Is syncmode disabled?
{Mon 01:10:16 Step:3419} Server_Comm.py: The agent lost 3 consecutive packets! Is syncmode disabled?
{Mon 01:10:16 Step:3425} Server_Comm.py: The agent lost 5 consecutive packets! Is syncmode disabled?
{Mon 01:10:16 Step:3428} Server_Comm.py: The agent lost 2 consecutive packets! Is syncmode disabled?
{Mon 01:10:16 Step:3430} Server_Comm.py: The agent lost 1 packet! Is syncmode enabled?
{Mon 01:10:16 Step:3433} Server_Comm.py: The agent lost 1 packet! Is syncmode enabled?
{Mon 01:10:16 Step:3435} Server_Comm.py: The agent lost 1 packet! Is syncmode enabled?
{Mon 01:10:16 Step:3437} Server_Comm.py: The agent lost 1 packet! Is syncmode enabled?
{Mon 01:10:16 Step:3439} Server_Comm.py: The agent lost 1 packet! Is syncmode enabled?
{Mon 01:10:16 Step:3455} Server_Comm.py: The agent lost 1 packet! Is syncmode enabled?
{Mon 01:10:16 Step:3459} Server_Comm.py: The agent lost 1 packet! Is syncmode enabled?
{Mon 01:10:16 Step:3461} Server_Comm.py: The agent lost 1 packet! Is syncmode enabled?
{Mon 01:10:16 Step:3464} Server_Comm.py: The agent lost 1 packet! Is syncmode enabled?
{Mon 01:10:16 Step:3479} Server_Comm.py: The agent lost 1 packet! Is syncmode enabled?
{Mon 01:10:16 Step:3481} Server_Comm.py: The agent lost 1 packet! Is syncmode enabled?
{Mon 01:10:16 Step:3489} Server_Comm.py: The agent lost 1 packet! Is syncmode enabled?
{Mon 01:10:16 Step:3491} Server_Comm.py: The agent lost 1 packet! Is syncmode enabled?
{Mon 01:10:16 Step:3493} Server_Comm.py: The agent lost 1 packet! Is syncmode enabled?
{Mon 01:10:16 Step:3501} Server_Comm.py: The agent lost 1 packet! Is syncmode enabled?
{Mon 01:10:16 Step:3505} Server_Comm.py: The agent lost 1 packet! Is syncmode enabled?
{Mon 01:10:16 Step:3509} Server_Comm.py: The agent lost 1 packet! Is syncmode enabled?
{Mon 01:10:16 Step:3514} Server_Comm.py: The agent lost 1 packet! Is syncmode enabled?
{Mon 01:10:16 Step:3519} Server_Comm.py: The agent lost 1 packet! Is syncmode enabled?
{Mon 01:10:16 Step:3522} Server_Comm.py: The agent lost 2 consecutive packets! Is syncmode disabled?
{Mon 01:10:16 Step:3528} Server_Comm.py: The agent lost 5 consecutive packets! Is syncmode disabled?
{Mon 01:10:16 Step:3531} Server_Comm.py: The agent lost 2 consecutive packets! Is syncmode disabled?
{Mon 01:10:16 Step:3535} Server_Comm.py: The agent lost 3 consecutive packets! Is syncmode disabled?
{Mon 01:10:16 Step:3539} Server_Comm.py: The agent lost 3 consecutive packets! Is syncmode disabled?
{Mon 01:10:16 Step:3543} Server_Comm.py: The agent lost 3 consecutive packets! Is syncmode disabled?
{Mon 01:10:16 Step:3549} Server_Comm.py: The agent lost 5 consecutive packets! Is syncmode disabled?
{Mon 01:10:16 Step:3551} Server_Comm.py: The agent lost 1 packet! Is syncmode enabled?
{Mon 01:10:16 Step:3561} Server_Comm.py: The agent lost 1 packet! Is syncmode enabled?
{Mon 01:10:16 Step:3563} Server_Comm.py: The agent lost 1 packet! Is syncmode enabled?
{Mon 01:10:16 Step:3566} Server_Comm.py: The agent lost 2 consecutive packets! Is syncmode disabled?
{Mon 01:10:16 Step:3568} Server_Comm.py: The agent lost 1 packet! Is syncmode enabled?
{Mon 01:10:16 Step:3571} Server_Comm.py: The agent lost 1 packet! Is syncmode enabled?
{Mon 01:10:16 Step:3574} Server_Comm.py: The agent lost 2 consecutive packets! Is syncmode disabled?
{Mon 01:10:16 Step:3577} Server_Comm.py: The agent lost 1 packet! Is syncmode enabled?
{Mon 01:10:16 Step:3579} Server_Comm.py: The agent lost 1 packet! Is syncmode enabled?
{Mon 01:10:16 Step:3583} Server_Comm.py: The agent lost 1 packet! Is syncmode enabled?
{Mon 01:10:16 Step:3597} Server_Comm.py: The agent lost 1 packet! Is syncmode enabled?
{Mon 01:10:16 Step:3605} Server_Comm.py: The agent lost 1 packet! Is syncmode enabled?
{Mon 01:10:16 Step:3617} Server_Comm.py: The agent lost 1 packet! Is syncmode enabled?
{Mon 01:10:16 Step:3619} Server_Comm.py: The agent lost 1 packet! Is syncmode enabled?
{Mon 01:10:16 Step:3625} Server_Comm.py: The agent lost 1 packet! Is syncmode enabled?
{Mon 01:10:16 Step:3641} Server_Comm.py: The agent lost 1 packet! Is syncmode enabled?
{Mon 01:10:16 Step:3643} Server_Comm.py: The agent lost 1 packet! Is syncmode enabled?
{Mon 01:10:16 Step:3646} Server_Comm.py: The agent lost 2 consecutive packets! Is syncmode disabled?
{Mon 01:10:16 Step:3648} Server_Comm.py: The agent lost 1 packet! Is syncmode enabled?
{Mon 01:10:16 Step:3650} Server_Comm.py: The agent lost 1 packet! Is syncmode enabled?
{Mon 01:10:16 Step:3653} Server_Comm.py: The agent lost 2 consecutive packets! Is syncmode disabled?
{Mon 01:10:16 Step:3655} Server_Comm.py: The agent lost 1 packet! Is syncmode enabled?
{Mon 01:10:16 Step:3657} Server_Comm.py: The agent lost 1 packet! Is syncmode enabled?
{Mon 01:10:16 Step:3659} Server_Comm.py: The agent lost 1 packet! Is syncmode enabled?
{Mon 01:10:16 Step:3662} Server_Comm.py: The agent lost 2 consecutive packets! Is syncmode disabled?
{Mon 01:10:16 Step:3664} Server_Comm.py: The agent lost 1 packet! Is syncmode enabled?
{Mon 01:10:16 Step:3666} Server_Comm.py: The agent lost 1 packet! Is syncmode enabled?
{Mon 01:10:16 Step:3691} Server_Comm.py: The agent lost 24 consecutive packets! Is syncmode disabled?
{Mon 01:10:16 Step:3703} Server_Comm.py: The agent lost 11 consecutive packets! Is syncmode disabled?
{Mon 01:10:16 Step:3712} Server_Comm.py: The agent lost 8 consecutive packets! Is syncmode disabled?
{Mon 01:10:16 Step:3717} Server_Comm.py: The agent lost 4 consecutive packets! Is syncmode disabled?
{Mon 01:10:16 Step:3723} Server_Comm.py: The agent lost 5 consecutive packets! Is syncmode disabled?
{Mon 01:10:16 Step:3727} Server_Comm.py: The agent lost 3 consecutive packets! Is syncmode disabled?
{Mon 01:10:16 Step:3730} Server_Comm.py: The agent lost 2 consecutive packets! Is syncmode disabled?
{Mon 01:10:16 Step:3732} Server_Comm.py: The agent lost 1 packet! Is syncmode enabled?
{Mon 01:10:16 Step:3735} Server_Comm.py: The agent lost 1 packet! Is syncmode enabled?
{Mon 01:10:16 Step:3737} Server_Comm.py: The agent lost 1 packet! Is syncmode enabled?
{Mon 01:10:16 Step:3748} Server_Comm.py: The agent lost 1 packet! Is syncmode enabled?
{Mon 01:10:16 Step:3753} Server_Comm.py: The agent lost 1 packet! Is syncmode enabled?
{Mon 01:10:16 Step:3775} Server_Comm.py: The agent lost 1 packet! Is syncmode enabled?
{Mon 01:10:16 Step:3777} Server_Comm.py: The agent lost 1 packet! Is syncmode enabled?
{Mon 01:10:16 Step:3779} Server_Comm.py: The agent lost 1 packet! Is syncmode enabled?
{Mon 01:10:16 Step:3781} Server_Comm.py: The agent lost 1 packet! Is syncmode enabled?
{Mon 01:10:16 Step:3783} Server_Comm.py: The agent lost 1 packet! Is syncmode enabled?
{Mon 01:10:16 Step:3785} Server_Comm.py: The agent lost 1 packet! Is syncmode enabled?
{Mon 01:10:16 Step:3787} Server_Comm.py: The agent lost 1 packet! Is syncmode enabled?
{Mon 01:10:16 Step:3790} Server_Comm.py: The agent lost 2 consecutive packets! Is syncmode disabled?
{Mon 01:10:16 Step:3792} Server_Comm.py: The agent lost 1 packet! Is syncmode enabled?
{Mon 01:10:16 Step:3794} Server_Comm.py: The agent lost 1 packet! Is syncmode enabled?
{Mon 01:10:16 Step:3796} Server_Comm.py: The agent lost 1 packet! Is syncmode enabled?
{Mon 01:10:16 Step:3798} Server_Comm.py: The agent lost 1 packet! Is syncmode enabled?
{Mon 01:10:16 Step:3801} Server_Comm.py: The agent lost 1 packet! Is syncmode enabled?
{Mon 01:10:16 Step:3806} Server_Comm.py: The agent lost 1 packet! Is syncmode enabled?
{Mon 01:10:16 Step:3813} Server_Comm.py: The agent lost 1 packet! Is syncmode enabled?
{Mon 01:10:16 Step:3832} Server_Comm.py: The agent lost 1 packet! Is syncmode enabled?
{Mon 01:10:16 Step:3835} Server_Comm.py: The agent lost 1 packet! Is syncmode enabled?
{Mon 01:10:16 Step:3840} Server_Comm.py: The agent lost 4 consecutive packets! Is syncmode disabled?
{Mon 01:10:16 Step:3843} Server_Comm.py: The agent lost 2 consecutive packets! Is syncmode disabled?
{Mon 01:10:16 Step:3847} Server_Comm.py: The agent lost 3 consecutive packets! Is syncmode disabled?
{Mon 01:10:16 Step:3850} Server_Comm.py: The agent lost 2 consecutive packets! Is syncmode disabled?
{Mon 01:10:16 Step:3852} Server_Comm.py: The agent lost 1 packet! Is syncmode enabled?
{Mon 01:10:16 Step:3855} Server_Comm.py: The agent lost 1 packet! Is syncmode enabled?
{Mon 01:10:16 Step:3859} Server_Comm.py: The agent lost 3 consecutive packets! Is syncmode disabled?
{Mon 01:10:16 Step:3862} Server_Comm.py: The agent lost 2 consecutive packets! Is syncmode disabled?
{Mon 01:10:16 Step:3864} Server_Comm.py: The agent lost 1 packet! Is syncmode enabled?
{Mon 01:10:16 Step:3866} Server_Comm.py: The agent lost 1 packet! Is syncmode enabled?
{Mon 01:10:16 Step:3872} Server_Comm.py: The agent lost 4 consecutive packets! Is syncmode disabled?
{Mon 01:10:16 Step:3875} Server_Comm.py: The agent lost 2 consecutive packets! Is syncmode disabled?
{Mon 01:10:17 Step:3880} Server_Comm.py: The agent lost 4 consecutive packets! Is syncmode disabled?
{Mon 01:10:17 Step:3882} Server_Comm.py: The agent lost 1 packet! Is syncmode enabled?
{Mon 01:10:17 Step:3884} Server_Comm.py: The agent lost 1 packet! Is syncmode enabled?
{Mon 01:10:17 Step:3888} Server_Comm.py: The agent lost 1 packet! Is syncmode enabled?
{Mon 01:10:17 Step:3891} Server_Comm.py: The agent lost 2 consecutive packets! Is syncmode disabled?
{Mon 01:10:17 Step:3894} Server_Comm.py: The agent lost 2 consecutive packets! Is syncmode disabled?
{Mon 01:10:17 Step:3897} Server_Comm.py: The agent lost 2 consecutive packets! Is syncmode disabled?
{Mon 01:10:17 Step:3901} Server_Comm.py: The agent lost 1 packet! Is syncmode enabled?
{Mon 01:10:17 Step:3949} Server_Comm.py: The agent lost 1 packet! Is syncmode enabled?
{Mon 01:10:17 Step:3961} Server_Comm.py: The agent lost 1 packet! Is syncmode enabled?
{Mon 01:10:17 Step:3964} Server_Comm.py: The agent lost 2 consecutive packets! Is syncmode disabled?
{Mon 01:10:17 Step:3967} Server_Comm.py: The agent lost 1 packet! Is syncmode enabled?
{Mon 01:10:17 Step:3971} Server_Comm.py: The agent lost 1 packet! Is syncmode enabled?
{Mon 01:10:17 Step:3973} Server_Comm.py: The agent lost 1 packet! Is syncmode enabled?
{Mon 01:10:17 Step:3975} Server_Comm.py: The agent lost 1 packet! Is syncmode enabled?
